4.6186 	WARNING 	User requested fullscreen with size [1024  768], but screen is actually [1920, 1080]. Using actual size
4.9340 	EXP 	Created window1 = Window(allowGUI=True, allowStencil=False, autoLog=True, backendConf=UNKNOWN, backgroundFit=<method-wrapper '__getattribute__' of attributeSetter object at 0x0000020F565D6130>, backgroundImage=<method-wrapper '__getattribute__' of attributeSetter object at 0x0000020F565D6070>, bitsMode=UNKNOWN, blendMode='avg', bpc=(8, 8, 8), color=array([0, 0, 0]), colorSpace='rgb', depthBits=8, fullscr=<method-wrapper '__getattribute__' of attributeSetter object at 0x0000020F5679B640>, gamma=None, gammaErrorPolicy='raise', lms=UNKNOWN, monitor=<psychopy.monitors.calibTools.Monitor object at 0x0000020F5C189E80>, multiSample=False, name='window1', numSamples=2, pos=(0, 0), screen=0, size=array([1920, 1080]), stencilBits=0, stereo=False, units='height', useFBO=True, useRetina=False, viewOri=0.0, viewPos=None, viewScale=None, waitBlanking=True, winType='pyglet')
4.9341 	EXP 	window1: mouseVisible = True
4.9341 	EXP 	window1: backgroundImage = ''
4.9341 	EXP 	window1: backgroundFit = 'none'
4.9342 	EXP 	window1: mouseVisible = False
4.9342 	EXP 	window1: Attempting to measure frame rate of screen (0) ...
4.9342 	EXP 	window1: recordFrameIntervals = False
4.9754 	EXP 	window1: recordFrameIntervals = True
5.0213 	EXP 	Screen (0) actual frame rate measured at 239.50Hz
5.0214 	EXP 	window1: recordFrameIntervals = False
6.7477 	EXP 	window1: mouseVisible = True
6.7706 	EXP 	Created categorical = Slider(__class__=<class 'psychopy.visual.slider.Slider'>, autoDraw=False, autoLog=True, borderColor=None, color=None, colorSpace='rgb', depth=0, fillColor=None, flip=False, font='Open Sans', granularity=1.0, labelColor=None, labelHeight=0.05, labelWrapWidth=None, labels=None, lineColor=None, markerColor=None, name='categorical', opacity=None, ori=0.0, pos=array([ 0. , -0.4]), readOnly=False, self=UNKNOWN, size=array([1. , 0.1]), startValue=None, style='rating', styleTweaks=[], ticks=array([1, 2, 3, 4, 5]), units='height', win=Window(...))
6.7752 	EXP 	window1: mouseVisible = True
6.7943 	EXP 	Created continuous = Slider(__class__=<class 'psychopy.visual.slider.Slider'>, autoDraw=False, autoLog=True, borderColor=None, color=None, colorSpace='rgb', depth=-1, fillColor=None, flip=False, font='Open Sans', granularity=0.0, labelColor=None, labelHeight=0.05, labelWrapWidth=None, labels=None, lineColor=None, markerColor=None, name='continuous', opacity=None, ori=0.0, pos=array([ 0. , -0.4]), readOnly=False, self=UNKNOWN, size=array([1. , 0.1]), startValue=None, style='rating', styleTweaks=[], ticks=array([1, 2, 3, 4, 5]), units='height', win=Window(...))
6.8225 	EXP 	Created text = TextStim(__class__=<class 'psychopy.visual.text.TextStim'>, alignHoriz=method-wrapper(...), alignText='center', alignVert=method-wrapper(...), anchorHoriz='center', anchorVert='center', antialias=True, autoDraw=False, autoLog=True, bold=False, color=array([1., 1., 1.]), colorSpace='rgb', contrast=1.0, depth=-2.0, flipHoriz=False, flipVert=False, font='Open Sans', fontFiles=[], height=0.05, italic=False, languageStyle='LTR', name='text', opacity=1.0, ori=0.0, pos=array([0., 0.]), rgb=UNKNOWN, text='', units='height', win=Window(...), wrapWidth=1)
6.8279 	EXP 	Imported cond.xlsx as conditions, 12 conditions, 2 params
6.8284 	EXP 	Created sequence: random, trialTypes=12, nReps=12, seed=None
6.8286 	EXP 	New trial (rep=0, index=0): {'Condtion_Type': 2, 'Slider_Type': 1}
6.8827 	EXP 	categorical: autoLog = True
6.8827 	EXP 	categorical: markerPos = None
6.8827 	EXP 	categorical: styleTweaks = []
6.8827 	EXP 	categorical: styleTweaks = []
6.8827 	EXP 	categorical: styleTweaks = []
6.8827 	EXP 	categorical: styleTweaks = []
6.8827 	EXP 	categorical: contrast = 1.0
6.8827 	EXP 	categorical: autoLog = True
6.8827 	EXP 	continuous: autoLog = True
6.8827 	EXP 	continuous: markerPos = None
6.8827 	EXP 	continuous: styleTweaks = []
6.8827 	EXP 	continuous: styleTweaks = []
6.8827 	EXP 	continuous: styleTweaks = []
6.8827 	EXP 	continuous: styleTweaks = []
6.8827 	EXP 	continuous: contrast = 1.0
6.8827 	EXP 	continuous: autoLog = True
6.8827 	EXP 	categorical: markerPos = None
6.8827 	EXP 	categorical: markerPos = None
6.8827 	EXP 	continuous: markerPos = None
6.8827 	EXP 	continuous: markerPos = None
6.8827 	EXP 	text: height = 0.05
6.8827 	EXP 	text: height = 0.05
6.8827 	EXP 	text: height = 0.05
6.8827 	EXP 	text: text = "'Condition:' + $Condtion_Type + '| Slider Type: ' + $Slider_Type"
6.8827 	EXP 	categorical: autoDraw = True
6.8827 	EXP 	text: autoDraw = True
7.2985 	DATA 	Keypress: escape
7.6752 	EXP 	window1: mouseVisible = True
