1.1675 	WARNING 	We strongly recommend you activate the PTB sound engine in PsychoPy prefs as the preferred audio engine. Its timing is vastly superior. Your prefs are currently set to use ['sounddevice', 'PTB', 'pyo', 'pygame'] (in that order).
5.2935 	WARNING 	Couldn't measure a consistent frame rate!
  - Is your graphics card set to sync to vertical blank?
  - Are you running other processes on your computer?

5.2937 	EXP 	Created window1 = Window(allowGUI=True, allowStencil=False, autoLog=True, backendConf=UNKNOWN, bitsMode=UNKNOWN, blendMode='avg', bpc=(8, 8, 8), color=array([0, 0, 0]), colorSpace='rgb', depthBits=8, fullscr=<method-wrapper '__getattribute__' of attributeSetter object at 0x0000023A84FAA040>, gamma=None, gammaErrorPolicy='raise', lms=UNKNOWN, monitor=<psychopy.monitors.calibTools.Monitor object at 0x0000023A86EB5340>, multiSample=False, name='window1', numSamples=2, pos=(0, 0), screen=0, size=array([1920, 1080]), stencilBits=0, stereo=False, units='height', useFBO=True, useRetina=False, viewOri=0.0, viewPos=None, viewScale=None, waitBlanking=True, winType='pyglet')
5.2937 	EXP 	window1: mouseVisible = True
5.2937 	EXP 	window1: mouseVisible = True
5.2937 	EXP 	window1: Attempting to measure frame rate of screen (0) ...
5.2938 	EXP 	window1: recordFrameIntervals = False
5.4739 	EXP 	window1: recordFrameIntervals = True
5.5208 	WARNING 	t of last frame was 39.46ms (=1/25)
5.5693 	WARNING 	t of last frame was 40.81ms (=1/24)
5.6168 	WARNING 	t of last frame was 40.23ms (=1/24)
5.6648 	WARNING 	t of last frame was 40.31ms (=1/24)
5.7122 	WARNING 	Multiple dropped frames have occurred - I'll stop bothering you about them!
7.0283 	WARNING 	Couldn't measure a consistent frame rate!
  - Is your graphics card set to sync to vertical blank?
  - Are you running other processes on your computer?

7.0412 	WARNING 	launchHubServer: If using the iohub mouse or eyetracker devices, fullScr should be True.
8.2782 	EXP 	Created header = TextStim(__class__=<class 'psychopy.visual.text.TextStim'>, alignHoriz=method-wrapper(...), alignText='center', alignVert=method-wrapper(...), anchorHoriz='center', anchorVert='center', antialias=True, autoDraw=False, autoLog=True, bold=False, color=array([1, 1, 1]), colorSpace='rgb', contrast=1.0, depth=-1.0, flipHoriz=False, flipVert=False, font='Open Sans', fontFiles=[], height=0.07, italic=False, languageStyle='LTR', name='header', opacity=1.0, ori=0.0, pos=array([0. , 0.4]), rgb=UNKNOWN, text='Progress Bar Example', units='height', win=Window(...), wrapWidth=1)
8.3179 	EXP 	window1: mouseVisible = True
8.3327 	EXP 	window1: mouseVisible = True
8.3338 	EXP 	Created win_lose = TextStim(__class__=<class 'psychopy.visual.text.TextStim'>, alignHoriz=method-wrapper(...), alignText='center', alignVert=method-wrapper(...), anchorHoriz='center', anchorVert='center', antialias=True, autoDraw=False, autoLog=True, bold=False, color=array([1, 1, 1]), colorSpace='rgb', contrast=1.0, depth=-4.0, flipHoriz=False, flipVert=False, font='Open Sans', fontFiles=[], height=0.05, italic=False, languageStyle='LTR', name='win_lose', opacity=1.0, ori=0.0, pos=array([0. , 0.2]), rgb=UNKNOWN, text='', units='height', win=Window(...), wrapWidth=1)
8.3371 	EXP 	window1: mouseVisible = True
8.4085 	EXP 	Created green = Slider(__class__=<class 'psychopy.visual.slider.Slider'>, autoDraw=False, autoLog=True, borderColor=None, color=None, colorSpace='rgb', depth=-5, fillColor=None, flip=False, font='Open Sans', granularity=100.0, labelColor=None, labelHeight=0.03, labelWrapWidth=None, labels=tuple(...), lineColor=None, markerColor=None, name='green', opacity=None, ori=0.0, pos=array([0. , 0.1]), readOnly=True, self=UNKNOWN, size=array([1. , 0.1]), startValue=0, style='slider', styleTweaks=[], ticks=ndarray(...), units='height', win=Window(...))
8.4100 	EXP 	window1: mouseVisible = True
8.4586 	EXP 	Created red = Slider(__class__=<class 'psychopy.visual.slider.Slider'>, autoDraw=False, autoLog=True, borderColor=None, color=None, colorSpace='rgb', depth=-6, fillColor=None, flip=False, font='Open Sans', granularity=100.0, labelColor=None, labelHeight=0.03, labelWrapWidth=None, labels=tuple(...), lineColor=None, markerColor=None, name='red', opacity=None, ori=0.0, pos=array([ 0.  , -0.15]), readOnly=True, self=UNKNOWN, size=array([1. , 0.1]), startValue=0, style='slider', styleTweaks=[], ticks=ndarray(...), units='height', win=Window(...))
8.4595 	EXP 	Created polygon = Rect(__class__=<class 'psychopy.visual.rect.Rect'>, anchor=('center', 'center'), autoDraw=False, autoLog=True, closeShape=True, color=method-wrapper(...), colorSpace='rgb', contrast=None, depth=-7.0, fillColor=array([ 0.2941, -0.6706, -0.6706]), fillColorSpace='rgb', fillRGB=array([ 0.2941, -0.6706, -0.6706]), interpolate=True, lineColor=array([1, 1, 1]), lineColorSpace='rgb', lineRGB=array([1, 1, 1]), lineWidth=1.0, name='polygon', opacity=1.0, ori=0.0, pos=array([0., 0.]), size=array([1. , 0.1]), units='height', vertices=ndarray(...), win=Window(...))
8.4659 	EXP 	Created sequence: random, trialTypes=1, nReps=999, seed=None
8.4680 	EXP 	New trial (rep=0, index=0): None
8.5284 	EXP 	green: autoLog = True
8.5284 	EXP 	green: markerPos = 0
8.5284 	EXP 	green: styleTweaks = []
8.5284 	EXP 	green: styleTweaks = []
8.5284 	EXP 	green: styleTweaks = []
8.5284 	EXP 	green: styleTweaks = []
8.5284 	EXP 	green: contrast = 1.0
8.5284 	EXP 	green: autoLog = True
8.5284 	EXP 	red: autoLog = True
8.5284 	EXP 	red: markerPos = 0
8.5284 	EXP 	red: styleTweaks = []
8.5284 	EXP 	red: styleTweaks = []
8.5284 	EXP 	red: styleTweaks = []
8.5284 	EXP 	red: styleTweaks = []
8.5284 	EXP 	red: contrast = 1.0
8.5284 	EXP 	red: autoLog = True
8.5284 	EXP 	win_lose: height = 0.05
8.5284 	EXP 	win_lose: height = 0.05
8.5284 	EXP 	win_lose: height = 0.05
8.5284 	EXP 	win_lose: text = '0 Won | 0 Lost'
8.5284 	EXP 	green: markerPos = None
8.5284 	EXP 	green: markerPos = 0
8.5284 	EXP 	red: markerPos = None
8.5284 	EXP 	red: markerPos = 0
8.5284 	EXP 	header: autoDraw = True
8.5284 	EXP 	win_lose: autoDraw = True
8.5284 	EXP 	green: autoDraw = True
8.5284 	EXP 	red: autoDraw = True
8.5284 	EXP 	polygon: autoDraw = True
15.7773 	DATA 	Keypress: escape
16.1635 	EXP 	window1: mouseVisible = True
