1.1645 	WARNING 	We strongly recommend you activate the PTB sound engine in PsychoPy prefs as the preferred audio engine. Its timing is vastly superior. Your prefs are currently set to use ['sounddevice', 'PTB', 'pyo', 'pygame'] (in that order).
5.3089 	WARNING 	Couldn't measure a consistent frame rate!
  - Is your graphics card set to sync to vertical blank?
  - Are you running other processes on your computer?

5.3091 	EXP 	Created window1 = Window(allowGUI=True, allowStencil=False, autoLog=True, backendConf=UNKNOWN, bitsMode=UNKNOWN, blendMode='avg', bpc=(8, 8, 8), color=array([0, 0, 0]), colorSpace='rgb', depthBits=8, fullscr=<method-wrapper '__getattribute__' of attributeSetter object at 0x000002372E23A070>, gamma=None, gammaErrorPolicy='raise', lms=UNKNOWN, monitor=<psychopy.monitors.calibTools.Monitor object at 0x0000023730135310>, multiSample=False, name='window1', numSamples=2, pos=(0, 0), screen=0, size=array([1920, 1080]), stencilBits=0, stereo=False, units='height', useFBO=True, useRetina=False, viewOri=0.0, viewPos=None, viewScale=None, waitBlanking=True, winType='pyglet')
5.3091 	EXP 	window1: mouseVisible = True
5.3092 	EXP 	window1: mouseVisible = True
5.3092 	EXP 	window1: Attempting to measure frame rate of screen (0) ...
5.3092 	EXP 	window1: recordFrameIntervals = False
5.4550 	EXP 	window1: recordFrameIntervals = True
5.5436 	WARNING 	t of last frame was 40.39ms (=1/24)
5.5900 	WARNING 	t of last frame was 38.93ms (=1/25)
5.6376 	WARNING 	t of last frame was 40.33ms (=1/24)
5.6855 	WARNING 	t of last frame was 40.24ms (=1/24)
5.7336 	WARNING 	Multiple dropped frames have occurred - I'll stop bothering you about them!
5.9468 	EXP 	Screen (0) actual frame rate measured at 245.77Hz
5.9469 	EXP 	window1: recordFrameIntervals = True
5.9596 	WARNING 	launchHubServer: If using the iohub mouse or eyetracker devices, fullScr should be True.
7.1961 	EXP 	Created header = TextStim(__class__=<class 'psychopy.visual.text.TextStim'>, alignHoriz=method-wrapper(...), alignText='center', alignVert=method-wrapper(...), anchorHoriz='center', anchorVert='center', antialias=True, autoDraw=False, autoLog=True, bold=False, color=array([1, 1, 1]), colorSpace='rgb', contrast=1.0, depth=-1.0, flipHoriz=False, flipVert=False, font='Open Sans', fontFiles=[], height=0.07, italic=False, languageStyle='LTR', name='header', opacity=1.0, ori=0.0, pos=array([0. , 0.4]), rgb=UNKNOWN, text='Progress Bar Example', units='height', win=Window(...), wrapWidth=1)
7.2206 	EXP 	window1: mouseVisible = True
7.2343 	EXP 	window1: mouseVisible = True
7.2352 	EXP 	Created win_lose = TextStim(__class__=<class 'psychopy.visual.text.TextStim'>, alignHoriz=method-wrapper(...), alignText='center', alignVert=method-wrapper(...), anchorHoriz='center', anchorVert='center', antialias=True, autoDraw=False, autoLog=True, bold=False, color=array([1, 1, 1]), colorSpace='rgb', contrast=1.0, depth=-4.0, flipHoriz=False, flipVert=False, font='Open Sans', fontFiles=[], height=0.05, italic=False, languageStyle='LTR', name='win_lose', opacity=1.0, ori=0.0, pos=array([0. , 0.2]), rgb=UNKNOWN, text='', units='height', win=Window(...), wrapWidth=1)
7.2384 	EXP 	window1: mouseVisible = True
7.3056 	EXP 	Created green = Slider(__class__=<class 'psychopy.visual.slider.Slider'>, autoDraw=False, autoLog=True, borderColor=None, color=None, colorSpace='rgb', depth=-5, fillColor=None, flip=False, font='Open Sans', granularity=100.0, labelColor=None, labelHeight=0.03, labelWrapWidth=None, labels=tuple(...), lineColor=None, markerColor=None, name='green', opacity=None, ori=0.0, pos=array([0. , 0.1]), readOnly=True, self=UNKNOWN, size=array([1. , 0.1]), startValue=0, style='slider', styleTweaks=[], ticks=ndarray(...), units='height', win=Window(...))
7.3070 	EXP 	window1: mouseVisible = True
7.3592 	EXP 	Created red = Slider(__class__=<class 'psychopy.visual.slider.Slider'>, autoDraw=False, autoLog=True, borderColor=None, color=None, colorSpace='rgb', depth=-6, fillColor=None, flip=False, font='Open Sans', granularity=100.0, labelColor=None, labelHeight=0.03, labelWrapWidth=None, labels=tuple(...), lineColor=None, markerColor=None, name='red', opacity=None, ori=0.0, pos=array([ 0.  , -0.15]), readOnly=True, self=UNKNOWN, size=array([1. , 0.1]), startValue=0, style='slider', styleTweaks=[], ticks=ndarray(...), units='height', win=Window(...))
7.3601 	EXP 	Created polygon_red = Rect(__class__=<class 'psychopy.visual.rect.Rect'>, anchor=('left', 'center'), autoDraw=False, autoLog=True, closeShape=True, color=method-wrapper(...), colorSpace='rgb', contrast=None, depth=-7.0, fillColor=array([ 1., -1., -1.]), fillColorSpace='rgb', fillRGB=array([ 1., -1., -1.]), interpolate=True, lineColor=array([0, 0, 0]), lineColorSpace='rgb', lineRGB=array([0, 0, 0]), lineWidth=1.0, name='polygon_red', opacity=0.5, ori=0.0, pos=array([-0.5 , -0.15]), size=array([1.  , 0.05]), units='height', vertices=ndarray(...), win=Window(...))
7.3609 	EXP 	Created polygon_green = Rect(__class__=<class 'psychopy.visual.rect.Rect'>, anchor=('left', 'center'), autoDraw=False, autoLog=True, closeShape=True, color=method-wrapper(...), colorSpace='rgb', contrast=None, depth=-8.0, fillColor=array([ 1., -1., -1.]), fillColorSpace='rgb', fillRGB=array([ 1., -1., -1.]), interpolate=True, lineColor=array([0, 0, 0]), lineColorSpace='rgb', lineRGB=array([0, 0, 0]), lineWidth=1.0, name='polygon_green', opacity=0.5, ori=0.0, pos=array([-0.5 , -0.15]), size=array([1. , 0.1]), units='height', vertices=ndarray(...), win=Window(...))
7.3673 	EXP 	Created sequence: random, trialTypes=1, nReps=999, seed=None
7.3693 	EXP 	New trial (rep=0, index=0): None
7.4382 	EXP 	green: autoLog = True
7.4382 	EXP 	green: markerPos = 0
7.4382 	EXP 	green: styleTweaks = []
7.4382 	EXP 	green: styleTweaks = []
7.4382 	EXP 	green: styleTweaks = []
7.4382 	EXP 	green: styleTweaks = []
7.4382 	EXP 	green: contrast = 1.0
7.4382 	EXP 	green: autoLog = True
7.4382 	EXP 	red: autoLog = True
7.4382 	EXP 	red: markerPos = 0
7.4382 	EXP 	red: styleTweaks = []
7.4382 	EXP 	red: styleTweaks = []
7.4382 	EXP 	red: styleTweaks = []
7.4382 	EXP 	red: styleTweaks = []
7.4382 	EXP 	red: contrast = 1.0
7.4382 	EXP 	red: autoLog = True
7.4382 	EXP 	win_lose: height = 0.05
7.4382 	EXP 	win_lose: height = 0.05
7.4382 	EXP 	win_lose: height = 0.05
7.4382 	EXP 	win_lose: text = '0 Won | 0 Lost'
7.4382 	EXP 	green: markerPos = None
7.4382 	EXP 	green: markerPos = 0
7.4382 	EXP 	red: markerPos = None
7.4382 	EXP 	red: markerPos = 0
7.4382 	EXP 	header: autoDraw = True
7.4382 	EXP 	win_lose: autoDraw = True
7.4382 	EXP 	green: autoDraw = True
7.4382 	EXP 	red: autoDraw = True
7.4382 	EXP 	polygon_red: autoDraw = True
7.4382 	EXP 	polygon_green: autoDraw = True
8.3639 	DATA 	Mouse: Left button down, pos=(1227,110)
8.3827 	EXP 	New trial (rep=1, index=0): None
8.4125 	DATA 	Mouse:  Left button up, pos=(1227,110)
8.4172 	EXP 	header: autoDraw = False
8.4172 	EXP 	win_lose: autoDraw = False
8.4172 	EXP 	green: autoDraw = False
8.4172 	EXP 	red: autoDraw = False
8.4172 	EXP 	polygon_red: autoDraw = False
8.4172 	EXP 	polygon_green: autoDraw = False
8.4172 	EXP 	win_lose: height = 0.05
8.4172 	EXP 	win_lose: height = 0.05
8.4172 	EXP 	win_lose: height = 0.05
8.4172 	EXP 	win_lose: text = '100 Won | 0 Lost'
8.4172 	EXP 	green: markerPos = None
8.4172 	EXP 	green: markerPos = 100
8.4172 	EXP 	red: markerPos = None
8.4172 	EXP 	red: markerPos = 0
8.4172 	EXP 	header: autoDraw = True
8.4172 	EXP 	win_lose: autoDraw = True
8.4172 	EXP 	green: autoDraw = True
8.4172 	EXP 	red: autoDraw = True
8.4172 	EXP 	polygon_red: autoDraw = True
8.4172 	EXP 	polygon_green: autoDraw = True
8.5286 	DATA 	Mouse: Left button down, pos=(1227,110)
8.5398 	EXP 	New trial (rep=2, index=0): None
8.5726 	DATA 	Mouse:  Left button up, pos=(1222,110)
8.5922 	EXP 	header: autoDraw = False
8.5922 	EXP 	win_lose: autoDraw = False
8.5922 	EXP 	green: autoDraw = False
8.5922 	EXP 	red: autoDraw = False
8.5922 	EXP 	polygon_red: autoDraw = False
8.5922 	EXP 	polygon_green: autoDraw = False
8.5922 	EXP 	win_lose: height = 0.05
8.5922 	EXP 	win_lose: height = 0.05
8.5922 	EXP 	win_lose: height = 0.05
8.5922 	EXP 	win_lose: text = '200 Won | 0 Lost'
8.5922 	EXP 	green: markerPos = None
8.5922 	EXP 	green: markerPos = 200
8.5922 	EXP 	red: markerPos = None
8.5922 	EXP 	red: markerPos = 0
8.5922 	EXP 	header: autoDraw = True
8.5922 	EXP 	win_lose: autoDraw = True
8.5922 	EXP 	green: autoDraw = True
8.5922 	EXP 	red: autoDraw = True
8.5922 	EXP 	polygon_red: autoDraw = True
8.5922 	EXP 	polygon_green: autoDraw = True
8.7272 	DATA 	Mouse: Left button down, pos=(667,117)
8.7611 	EXP 	New trial (rep=3, index=0): None
8.8122 	EXP 	header: autoDraw = False
8.8122 	EXP 	win_lose: autoDraw = False
8.8122 	EXP 	green: autoDraw = False
8.8122 	EXP 	red: autoDraw = False
8.8122 	EXP 	polygon_red: autoDraw = False
8.8122 	EXP 	polygon_green: autoDraw = False
8.8122 	EXP 	win_lose: height = 0.05
8.8122 	EXP 	win_lose: height = 0.05
8.8122 	EXP 	win_lose: height = 0.05
8.8122 	EXP 	win_lose: text = '200 Won | 100 Lost'
8.8122 	EXP 	green: markerPos = None
8.8122 	EXP 	green: markerPos = 200
8.8122 	EXP 	red: markerPos = None
8.8122 	EXP 	red: markerPos = 100
8.8122 	EXP 	header: autoDraw = True
8.8122 	EXP 	win_lose: autoDraw = True
8.8122 	EXP 	green: autoDraw = True
8.8122 	EXP 	red: autoDraw = True
8.8122 	EXP 	polygon_red: autoDraw = True
8.8122 	EXP 	polygon_green: autoDraw = True
8.8124 	DATA 	Mouse:  Left button up, pos=(667,117)
8.9474 	DATA 	Mouse: Left button down, pos=(667,117)
8.9820 	EXP 	New trial (rep=4, index=0): None
9.0119 	DATA 	Mouse:  Left button up, pos=(667,117)
9.0343 	EXP 	header: autoDraw = False
9.0343 	EXP 	win_lose: autoDraw = False
9.0343 	EXP 	green: autoDraw = False
9.0343 	EXP 	red: autoDraw = False
9.0343 	EXP 	polygon_red: autoDraw = False
9.0343 	EXP 	polygon_green: autoDraw = False
9.0343 	EXP 	win_lose: height = 0.05
9.0343 	EXP 	win_lose: height = 0.05
9.0343 	EXP 	win_lose: height = 0.05
9.0343 	EXP 	win_lose: text = '200 Won | 200 Lost'
9.0343 	EXP 	green: markerPos = None
9.0343 	EXP 	green: markerPos = 200
9.0343 	EXP 	red: markerPos = None
9.0343 	EXP 	red: markerPos = 200
9.0343 	EXP 	header: autoDraw = True
9.0343 	EXP 	win_lose: autoDraw = True
9.0343 	EXP 	green: autoDraw = True
9.0343 	EXP 	red: autoDraw = True
9.0343 	EXP 	polygon_red: autoDraw = True
9.0343 	EXP 	polygon_green: autoDraw = True
9.1142 	DATA 	Mouse: Left button down, pos=(667,117)
9.1254 	EXP 	New trial (rep=5, index=0): None
9.1770 	EXP 	header: autoDraw = False
9.1770 	EXP 	win_lose: autoDraw = False
9.1770 	EXP 	green: autoDraw = False
9.1770 	EXP 	red: autoDraw = False
9.1770 	EXP 	polygon_red: autoDraw = False
9.1770 	EXP 	polygon_green: autoDraw = False
9.1770 	EXP 	win_lose: height = 0.05
9.1770 	EXP 	win_lose: height = 0.05
9.1770 	EXP 	win_lose: height = 0.05
9.1770 	EXP 	win_lose: text = '200 Won | 300 Lost'
9.1770 	EXP 	green: markerPos = None
9.1770 	EXP 	green: markerPos = 200
9.1770 	EXP 	red: markerPos = None
9.1770 	EXP 	red: markerPos = 300
9.1770 	EXP 	header: autoDraw = True
9.1770 	EXP 	win_lose: autoDraw = True
9.1770 	EXP 	green: autoDraw = True
9.1770 	EXP 	red: autoDraw = True
9.1770 	EXP 	polygon_red: autoDraw = True
9.1770 	EXP 	polygon_green: autoDraw = True
9.2012 	DATA 	Mouse:  Left button up, pos=(667,117)
9.2802 	DATA 	Mouse: Left button down, pos=(667,117)
9.2990 	EXP 	New trial (rep=6, index=0): None
9.3513 	EXP 	header: autoDraw = False
9.3513 	EXP 	win_lose: autoDraw = False
9.3513 	EXP 	green: autoDraw = False
9.3513 	EXP 	red: autoDraw = False
9.3513 	EXP 	polygon_red: autoDraw = False
9.3513 	EXP 	polygon_green: autoDraw = False
9.3513 	EXP 	win_lose: height = 0.05
9.3513 	EXP 	win_lose: height = 0.05
9.3513 	EXP 	win_lose: height = 0.05
9.3513 	EXP 	win_lose: text = '200 Won | 400 Lost'
9.3513 	EXP 	green: markerPos = None
9.3513 	EXP 	green: markerPos = 200
9.3513 	EXP 	red: markerPos = None
9.3513 	EXP 	red: markerPos = 400
9.3513 	EXP 	header: autoDraw = True
9.3513 	EXP 	win_lose: autoDraw = True
9.3513 	EXP 	green: autoDraw = True
9.3513 	EXP 	red: autoDraw = True
9.3513 	EXP 	polygon_red: autoDraw = True
9.3513 	EXP 	polygon_green: autoDraw = True
9.3758 	DATA 	Mouse:  Left button up, pos=(667,117)
9.4691 	DATA 	Mouse: Left button down, pos=(667,117)
9.4883 	EXP 	New trial (rep=7, index=0): None
9.5410 	EXP 	header: autoDraw = False
9.5410 	EXP 	win_lose: autoDraw = False
9.5410 	EXP 	green: autoDraw = False
9.5410 	EXP 	red: autoDraw = False
9.5410 	EXP 	polygon_red: autoDraw = False
9.5410 	EXP 	polygon_green: autoDraw = False
9.5410 	EXP 	win_lose: height = 0.05
9.5410 	EXP 	win_lose: height = 0.05
9.5410 	EXP 	win_lose: height = 0.05
9.5410 	EXP 	win_lose: text = '200 Won | 500 Lost'
9.5410 	EXP 	green: markerPos = None
9.5410 	EXP 	green: markerPos = 200
9.5410 	EXP 	red: markerPos = None
9.5410 	EXP 	red: markerPos = 500
9.5410 	EXP 	header: autoDraw = True
9.5410 	EXP 	win_lose: autoDraw = True
9.5410 	EXP 	green: autoDraw = True
9.5410 	EXP 	red: autoDraw = True
9.5410 	EXP 	polygon_red: autoDraw = True
9.5410 	EXP 	polygon_green: autoDraw = True
9.5659 	DATA 	Mouse:  Left button up, pos=(667,117)
9.8192 	DATA 	Mouse: Left button down, pos=(1212,88)
9.8372 	EXP 	New trial (rep=8, index=0): None
9.8899 	EXP 	header: autoDraw = False
9.8899 	EXP 	win_lose: autoDraw = False
9.8899 	EXP 	green: autoDraw = False
9.8899 	EXP 	red: autoDraw = False
9.8899 	EXP 	polygon_red: autoDraw = False
9.8899 	EXP 	polygon_green: autoDraw = False
9.8899 	EXP 	win_lose: height = 0.05
9.8899 	EXP 	win_lose: height = 0.05
9.8899 	EXP 	win_lose: height = 0.05
9.8899 	EXP 	win_lose: text = '300 Won | 500 Lost'
9.8899 	EXP 	green: markerPos = None
9.8899 	EXP 	green: markerPos = 300
9.8899 	EXP 	red: markerPos = None
9.8899 	EXP 	red: markerPos = 500
9.8899 	EXP 	header: autoDraw = True
9.8899 	EXP 	win_lose: autoDraw = True
9.8899 	EXP 	green: autoDraw = True
9.8899 	EXP 	red: autoDraw = True
9.8899 	EXP 	polygon_red: autoDraw = True
9.8899 	EXP 	polygon_green: autoDraw = True
9.8902 	DATA 	Mouse:  Left button up, pos=(1212,88)
9.9952 	DATA 	Mouse: Left button down, pos=(1212,88)
10.0120 	EXP 	New trial (rep=9, index=0): None
10.0480 	EXP 	header: autoDraw = False
10.0480 	EXP 	win_lose: autoDraw = False
10.0480 	EXP 	green: autoDraw = False
10.0480 	EXP 	red: autoDraw = False
10.0480 	EXP 	polygon_red: autoDraw = False
10.0480 	EXP 	polygon_green: autoDraw = False
10.0480 	EXP 	win_lose: height = 0.05
10.0480 	EXP 	win_lose: height = 0.05
10.0480 	EXP 	win_lose: height = 0.05
10.0480 	EXP 	win_lose: text = '400 Won | 500 Lost'
10.0480 	EXP 	green: markerPos = None
10.0480 	EXP 	green: markerPos = 400
10.0480 	EXP 	red: markerPos = None
10.0480 	EXP 	red: markerPos = 500
10.0480 	EXP 	header: autoDraw = True
10.0480 	EXP 	win_lose: autoDraw = True
10.0480 	EXP 	green: autoDraw = True
10.0480 	EXP 	red: autoDraw = True
10.0480 	EXP 	polygon_red: autoDraw = True
10.0480 	EXP 	polygon_green: autoDraw = True
10.1048 	DATA 	Mouse:  Left button up, pos=(1212,88)
10.2061 	DATA 	Mouse: Left button down, pos=(1212,88)
10.2174 	EXP 	New trial (rep=10, index=0): None
10.2695 	EXP 	header: autoDraw = False
10.2695 	EXP 	win_lose: autoDraw = False
10.2695 	EXP 	green: autoDraw = False
10.2695 	EXP 	red: autoDraw = False
10.2695 	EXP 	polygon_red: autoDraw = False
10.2695 	EXP 	polygon_green: autoDraw = False
10.2695 	EXP 	win_lose: height = 0.05
10.2695 	EXP 	win_lose: height = 0.05
10.2695 	EXP 	win_lose: height = 0.05
10.2695 	EXP 	win_lose: text = '500 Won | 500 Lost'
10.2695 	EXP 	green: markerPos = None
10.2695 	EXP 	green: markerPos = 500
10.2695 	EXP 	red: markerPos = None
10.2695 	EXP 	red: markerPos = 500
10.2695 	EXP 	header: autoDraw = True
10.2695 	EXP 	win_lose: autoDraw = True
10.2695 	EXP 	green: autoDraw = True
10.2695 	EXP 	red: autoDraw = True
10.2695 	EXP 	polygon_red: autoDraw = True
10.2695 	EXP 	polygon_green: autoDraw = True
10.2945 	DATA 	Mouse:  Left button up, pos=(1202,88)
10.4907 	DATA 	Mouse: Left button down, pos=(659,122)
10.5019 	EXP 	New trial (rep=11, index=0): None
10.5384 	EXP 	header: autoDraw = False
10.5384 	EXP 	win_lose: autoDraw = False
10.5384 	EXP 	green: autoDraw = False
10.5384 	EXP 	red: autoDraw = False
10.5384 	EXP 	polygon_red: autoDraw = False
10.5384 	EXP 	polygon_green: autoDraw = False
10.5384 	EXP 	win_lose: height = 0.05
10.5384 	EXP 	win_lose: height = 0.05
10.5384 	EXP 	win_lose: height = 0.05
10.5384 	EXP 	win_lose: text = '500 Won | 600 Lost'
10.5384 	EXP 	green: markerPos = None
10.5384 	EXP 	green: markerPos = 500
10.5384 	EXP 	red: markerPos = None
10.5384 	EXP 	red: markerPos = 600
10.5384 	EXP 	header: autoDraw = True
10.5384 	EXP 	win_lose: autoDraw = True
10.5384 	EXP 	green: autoDraw = True
10.5384 	EXP 	red: autoDraw = True
10.5384 	EXP 	polygon_red: autoDraw = True
10.5384 	EXP 	polygon_green: autoDraw = True
10.6011 	DATA 	Mouse:  Left button up, pos=(659,122)
10.7036 	DATA 	Mouse: Left button down, pos=(659,122)
10.7386 	EXP 	New trial (rep=12, index=0): None
10.7919 	EXP 	header: autoDraw = False
10.7919 	EXP 	win_lose: autoDraw = False
10.7919 	EXP 	green: autoDraw = False
10.7919 	EXP 	red: autoDraw = False
10.7919 	EXP 	polygon_red: autoDraw = False
10.7919 	EXP 	polygon_green: autoDraw = False
10.7919 	EXP 	win_lose: height = 0.05
10.7919 	EXP 	win_lose: height = 0.05
10.7919 	EXP 	win_lose: height = 0.05
10.7919 	EXP 	win_lose: text = '500 Won | 700 Lost'
10.7919 	EXP 	green: markerPos = None
10.7919 	EXP 	green: markerPos = 500
10.7919 	EXP 	red: markerPos = None
10.7919 	EXP 	red: markerPos = 700
10.7919 	EXP 	header: autoDraw = True
10.7919 	EXP 	win_lose: autoDraw = True
10.7919 	EXP 	green: autoDraw = True
10.7919 	EXP 	red: autoDraw = True
10.7919 	EXP 	polygon_red: autoDraw = True
10.7919 	EXP 	polygon_green: autoDraw = True
10.7921 	DATA 	Mouse:  Left button up, pos=(659,122)
10.8952 	DATA 	Mouse: Left button down, pos=(659,122)
10.9141 	EXP 	New trial (rep=13, index=0): None
10.9655 	EXP 	header: autoDraw = False
10.9655 	EXP 	win_lose: autoDraw = False
10.9655 	EXP 	green: autoDraw = False
10.9655 	EXP 	red: autoDraw = False
10.9655 	EXP 	polygon_red: autoDraw = False
10.9655 	EXP 	polygon_green: autoDraw = False
10.9655 	EXP 	win_lose: height = 0.05
10.9655 	EXP 	win_lose: height = 0.05
10.9655 	EXP 	win_lose: height = 0.05
10.9655 	EXP 	win_lose: text = '500 Won | 800 Lost'
10.9655 	EXP 	green: markerPos = None
10.9655 	EXP 	green: markerPos = 500
10.9655 	EXP 	red: markerPos = None
10.9655 	EXP 	red: markerPos = 800
10.9655 	EXP 	header: autoDraw = True
10.9655 	EXP 	win_lose: autoDraw = True
10.9655 	EXP 	green: autoDraw = True
10.9655 	EXP 	red: autoDraw = True
10.9655 	EXP 	polygon_red: autoDraw = True
10.9655 	EXP 	polygon_green: autoDraw = True
10.9660 	DATA 	Mouse:  Left button up, pos=(659,122)
11.0684 	DATA 	Mouse: Left button down, pos=(659,122)
11.0874 	EXP 	New trial (rep=14, index=0): None
11.1392 	EXP 	header: autoDraw = False
11.1392 	EXP 	win_lose: autoDraw = False
11.1392 	EXP 	green: autoDraw = False
11.1392 	EXP 	red: autoDraw = False
11.1392 	EXP 	polygon_red: autoDraw = False
11.1392 	EXP 	polygon_green: autoDraw = False
11.1392 	EXP 	win_lose: height = 0.05
11.1392 	EXP 	win_lose: height = 0.05
11.1392 	EXP 	win_lose: height = 0.05
11.1392 	EXP 	win_lose: text = '500 Won | 900 Lost'
11.1392 	EXP 	green: markerPos = None
11.1392 	EXP 	green: markerPos = 500
11.1392 	EXP 	red: markerPos = None
11.1392 	EXP 	red: markerPos = 900
11.1392 	EXP 	header: autoDraw = True
11.1392 	EXP 	win_lose: autoDraw = True
11.1392 	EXP 	green: autoDraw = True
11.1392 	EXP 	red: autoDraw = True
11.1392 	EXP 	polygon_red: autoDraw = True
11.1392 	EXP 	polygon_green: autoDraw = True
11.1639 	DATA 	Mouse:  Left button up, pos=(659,122)
11.2505 	DATA 	Mouse: Left button down, pos=(659,122)
11.2617 	EXP 	New trial (rep=15, index=0): None
11.3123 	EXP 	header: autoDraw = False
11.3123 	EXP 	win_lose: autoDraw = False
11.3123 	EXP 	green: autoDraw = False
11.3123 	EXP 	red: autoDraw = False
11.3123 	EXP 	polygon_red: autoDraw = False
11.3123 	EXP 	polygon_green: autoDraw = False
11.3123 	EXP 	win_lose: height = 0.05
11.3123 	EXP 	win_lose: height = 0.05
11.3123 	EXP 	win_lose: height = 0.05
11.3123 	EXP 	win_lose: text = '500 Won | 1000 Lost'
11.3123 	EXP 	green: markerPos = None
11.3123 	EXP 	green: markerPos = 500
11.3123 	EXP 	red: markerPos = None
11.3123 	EXP 	red: markerPos = 1000
11.3123 	EXP 	header: autoDraw = True
11.3123 	EXP 	win_lose: autoDraw = True
11.3123 	EXP 	green: autoDraw = True
11.3123 	EXP 	red: autoDraw = True
11.3123 	EXP 	polygon_red: autoDraw = True
11.3123 	EXP 	polygon_green: autoDraw = True
11.3369 	DATA 	Mouse:  Left button up, pos=(659,122)
11.5277 	DATA 	Mouse: Left button down, pos=(1269,112)
11.5625 	EXP 	New trial (rep=16, index=0): None
11.6142 	EXP 	header: autoDraw = False
11.6142 	EXP 	win_lose: autoDraw = False
11.6142 	EXP 	green: autoDraw = False
11.6142 	EXP 	red: autoDraw = False
11.6142 	EXP 	polygon_red: autoDraw = False
11.6142 	EXP 	polygon_green: autoDraw = False
11.6142 	EXP 	win_lose: height = 0.05
11.6142 	EXP 	win_lose: height = 0.05
11.6142 	EXP 	win_lose: height = 0.05
11.6142 	EXP 	win_lose: text = '600 Won | 1000 Lost'
11.6142 	EXP 	green: markerPos = None
11.6142 	EXP 	green: markerPos = 600
11.6142 	EXP 	red: markerPos = None
11.6142 	EXP 	red: markerPos = 1000
11.6142 	EXP 	header: autoDraw = True
11.6142 	EXP 	win_lose: autoDraw = True
11.6142 	EXP 	green: autoDraw = True
11.6142 	EXP 	red: autoDraw = True
11.6142 	EXP 	polygon_red: autoDraw = True
11.6142 	EXP 	polygon_green: autoDraw = True
11.6396 	DATA 	Mouse:  Left button up, pos=(1269,112)
11.7016 	DATA 	Mouse: Left button down, pos=(1268,110)
11.7365 	EXP 	New trial (rep=17, index=0): None
11.7884 	EXP 	header: autoDraw = False
11.7884 	EXP 	win_lose: autoDraw = False
11.7884 	EXP 	green: autoDraw = False
11.7884 	EXP 	red: autoDraw = False
11.7884 	EXP 	polygon_red: autoDraw = False
11.7884 	EXP 	polygon_green: autoDraw = False
11.7884 	EXP 	win_lose: height = 0.05
11.7884 	EXP 	win_lose: height = 0.05
11.7884 	EXP 	win_lose: height = 0.05
11.7884 	EXP 	win_lose: text = '700 Won | 1000 Lost'
11.7884 	EXP 	green: markerPos = None
11.7884 	EXP 	green: markerPos = 700
11.7884 	EXP 	red: markerPos = None
11.7884 	EXP 	red: markerPos = 1000
11.7884 	EXP 	header: autoDraw = True
11.7884 	EXP 	win_lose: autoDraw = True
11.7884 	EXP 	green: autoDraw = True
11.7884 	EXP 	red: autoDraw = True
11.7884 	EXP 	polygon_red: autoDraw = True
11.7884 	EXP 	polygon_green: autoDraw = True
11.7887 	DATA 	Mouse:  Left button up, pos=(1262,109)
12.0002 	DATA 	Mouse: Left button down, pos=(655,99)
12.0347 	EXP 	New trial (rep=18, index=0): None
12.0874 	EXP 	header: autoDraw = False
12.0874 	EXP 	win_lose: autoDraw = False
12.0874 	EXP 	green: autoDraw = False
12.0874 	EXP 	red: autoDraw = False
12.0874 	EXP 	polygon_red: autoDraw = False
12.0874 	EXP 	polygon_green: autoDraw = False
12.0874 	EXP 	win_lose: height = 0.05
12.0874 	EXP 	win_lose: height = 0.05
12.0874 	EXP 	win_lose: height = 0.05
12.0874 	EXP 	win_lose: text = '700 Won | 1100 Lost'
12.0874 	EXP 	green: markerPos = None
12.0874 	EXP 	green: markerPos = 700
12.0874 	EXP 	red: markerPos = None
12.0874 	EXP 	red: markerPos = 1100
12.0874 	EXP 	header: autoDraw = True
12.0874 	EXP 	win_lose: autoDraw = True
12.0874 	EXP 	green: autoDraw = True
12.0874 	EXP 	red: autoDraw = True
12.0874 	EXP 	polygon_red: autoDraw = True
12.0874 	EXP 	polygon_green: autoDraw = True
12.0876 	DATA 	Mouse:  Left button up, pos=(655,99)
12.1908 	DATA 	Mouse: Left button down, pos=(655,99)
12.2083 	EXP 	New trial (rep=19, index=0): None
12.2459 	EXP 	header: autoDraw = False
12.2459 	EXP 	win_lose: autoDraw = False
12.2459 	EXP 	green: autoDraw = False
12.2459 	EXP 	red: autoDraw = False
12.2459 	EXP 	polygon_red: autoDraw = False
12.2459 	EXP 	polygon_green: autoDraw = False
12.2459 	EXP 	win_lose: height = 0.05
12.2459 	EXP 	win_lose: height = 0.05
12.2459 	EXP 	win_lose: height = 0.05
12.2459 	EXP 	win_lose: text = '700 Won | 1200 Lost'
12.2459 	EXP 	green: markerPos = None
12.2459 	EXP 	green: markerPos = 700
12.2459 	EXP 	red: markerPos = None
12.2459 	EXP 	red: markerPos = 1200
12.2459 	EXP 	header: autoDraw = True
12.2459 	EXP 	win_lose: autoDraw = True
12.2459 	EXP 	green: autoDraw = True
12.2459 	EXP 	red: autoDraw = True
12.2459 	EXP 	polygon_red: autoDraw = True
12.2459 	EXP 	polygon_green: autoDraw = True
12.2781 	DATA 	Mouse:  Left button up, pos=(655,99)
12.4925 	DATA 	Mouse: Left button down, pos=(1292,116)
12.5115 	EXP 	New trial (rep=20, index=0): None
12.5618 	EXP 	header: autoDraw = False
12.5618 	EXP 	win_lose: autoDraw = False
12.5618 	EXP 	green: autoDraw = False
12.5618 	EXP 	red: autoDraw = False
12.5618 	EXP 	polygon_red: autoDraw = False
12.5618 	EXP 	polygon_green: autoDraw = False
12.5618 	EXP 	win_lose: height = 0.05
12.5618 	EXP 	win_lose: height = 0.05
12.5618 	EXP 	win_lose: height = 0.05
12.5618 	EXP 	win_lose: text = '800 Won | 1200 Lost'
12.5618 	EXP 	green: markerPos = None
12.5618 	EXP 	green: markerPos = 800
12.5618 	EXP 	red: markerPos = None
12.5618 	EXP 	red: markerPos = 1200
12.5618 	EXP 	header: autoDraw = True
12.5618 	EXP 	win_lose: autoDraw = True
12.5618 	EXP 	green: autoDraw = True
12.5618 	EXP 	red: autoDraw = True
12.5618 	EXP 	polygon_red: autoDraw = True
12.5618 	EXP 	polygon_green: autoDraw = True
12.5867 	DATA 	Mouse:  Left button up, pos=(1292,115)
12.6890 	DATA 	Mouse: Left button down, pos=(1292,115)
12.7001 	EXP 	New trial (rep=21, index=0): None
12.7517 	EXP 	header: autoDraw = False
12.7517 	EXP 	win_lose: autoDraw = False
12.7517 	EXP 	green: autoDraw = False
12.7517 	EXP 	red: autoDraw = False
12.7517 	EXP 	polygon_red: autoDraw = False
12.7517 	EXP 	polygon_green: autoDraw = False
12.7517 	EXP 	win_lose: height = 0.05
12.7517 	EXP 	win_lose: height = 0.05
12.7517 	EXP 	win_lose: height = 0.05
12.7517 	EXP 	win_lose: text = '900 Won | 1200 Lost'
12.7517 	EXP 	green: markerPos = None
12.7517 	EXP 	green: markerPos = 900
12.7517 	EXP 	red: markerPos = None
12.7517 	EXP 	red: markerPos = 1200
12.7517 	EXP 	header: autoDraw = True
12.7517 	EXP 	win_lose: autoDraw = True
12.7517 	EXP 	green: autoDraw = True
12.7517 	EXP 	red: autoDraw = True
12.7517 	EXP 	polygon_red: autoDraw = True
12.7517 	EXP 	polygon_green: autoDraw = True
12.7758 	DATA 	Mouse:  Left button up, pos=(1292,115)
12.8629 	DATA 	Mouse: Left button down, pos=(1292,115)
12.8740 	EXP 	New trial (rep=22, index=0): None
12.9247 	EXP 	header: autoDraw = False
12.9247 	EXP 	win_lose: autoDraw = False
12.9247 	EXP 	green: autoDraw = False
12.9247 	EXP 	red: autoDraw = False
12.9247 	EXP 	polygon_red: autoDraw = False
12.9247 	EXP 	polygon_green: autoDraw = False
12.9247 	EXP 	win_lose: height = 0.05
12.9247 	EXP 	win_lose: height = 0.05
12.9247 	EXP 	win_lose: height = 0.05
12.9247 	EXP 	win_lose: text = '1000 Won | 1200 Lost'
12.9247 	EXP 	green: markerPos = None
12.9247 	EXP 	green: markerPos = 1000
12.9247 	EXP 	red: markerPos = None
12.9247 	EXP 	red: markerPos = 1200
12.9247 	EXP 	header: autoDraw = True
12.9247 	EXP 	win_lose: autoDraw = True
12.9247 	EXP 	green: autoDraw = True
12.9247 	EXP 	red: autoDraw = True
12.9247 	EXP 	polygon_red: autoDraw = True
12.9247 	EXP 	polygon_green: autoDraw = True
12.9489 	DATA 	Mouse:  Left button up, pos=(1292,115)
13.0351 	DATA 	Mouse: Left button down, pos=(1292,115)
13.0468 	EXP 	New trial (rep=23, index=0): None
13.0990 	EXP 	header: autoDraw = False
13.0990 	EXP 	win_lose: autoDraw = False
13.0990 	EXP 	green: autoDraw = False
13.0990 	EXP 	red: autoDraw = False
13.0990 	EXP 	polygon_red: autoDraw = False
13.0990 	EXP 	polygon_green: autoDraw = False
13.0990 	EXP 	win_lose: height = 0.05
13.0990 	EXP 	win_lose: height = 0.05
13.0990 	EXP 	win_lose: height = 0.05
13.0990 	EXP 	win_lose: text = '1100 Won | 1200 Lost'
13.0990 	EXP 	green: markerPos = None
13.0990 	EXP 	green: markerPos = 1100
13.0990 	EXP 	red: markerPos = None
13.0990 	EXP 	red: markerPos = 1200
13.0990 	EXP 	header: autoDraw = True
13.0990 	EXP 	win_lose: autoDraw = True
13.0990 	EXP 	green: autoDraw = True
13.0990 	EXP 	red: autoDraw = True
13.0990 	EXP 	polygon_red: autoDraw = True
13.0990 	EXP 	polygon_green: autoDraw = True
13.1312 	DATA 	Mouse:  Left button up, pos=(1292,115)
13.2103 	DATA 	Mouse: Left button down, pos=(1292,115)
13.2214 	EXP 	New trial (rep=24, index=0): None
13.2730 	EXP 	header: autoDraw = False
13.2730 	EXP 	win_lose: autoDraw = False
13.2730 	EXP 	green: autoDraw = False
13.2730 	EXP 	red: autoDraw = False
13.2730 	EXP 	polygon_red: autoDraw = False
13.2730 	EXP 	polygon_green: autoDraw = False
13.2730 	EXP 	win_lose: height = 0.05
13.2730 	EXP 	win_lose: height = 0.05
13.2730 	EXP 	win_lose: height = 0.05
13.2730 	EXP 	win_lose: text = '1200 Won | 1200 Lost'
13.2730 	EXP 	green: markerPos = None
13.2730 	EXP 	green: markerPos = 1200
13.2730 	EXP 	red: markerPos = None
13.2730 	EXP 	red: markerPos = 1200
13.2730 	EXP 	header: autoDraw = True
13.2730 	EXP 	win_lose: autoDraw = True
13.2730 	EXP 	green: autoDraw = True
13.2730 	EXP 	red: autoDraw = True
13.2730 	EXP 	polygon_red: autoDraw = True
13.2730 	EXP 	polygon_green: autoDraw = True
13.2973 	DATA 	Mouse:  Left button up, pos=(1292,115)
13.3775 	DATA 	Mouse: Left button down, pos=(1292,115)
13.3951 	EXP 	New trial (rep=25, index=0): None
13.4321 	EXP 	header: autoDraw = False
13.4321 	EXP 	win_lose: autoDraw = False
13.4321 	EXP 	green: autoDraw = False
13.4321 	EXP 	red: autoDraw = False
13.4321 	EXP 	polygon_red: autoDraw = False
13.4321 	EXP 	polygon_green: autoDraw = False
13.4321 	EXP 	win_lose: height = 0.05
13.4321 	EXP 	win_lose: height = 0.05
13.4321 	EXP 	win_lose: height = 0.05
13.4321 	EXP 	win_lose: text = '1300 Won | 1200 Lost'
13.4321 	EXP 	green: markerPos = None
13.4321 	EXP 	green: markerPos = 1300
13.4321 	EXP 	red: markerPos = None
13.4321 	EXP 	red: markerPos = 1200
13.4321 	EXP 	header: autoDraw = True
13.4321 	EXP 	win_lose: autoDraw = True
13.4321 	EXP 	green: autoDraw = True
13.4321 	EXP 	red: autoDraw = True
13.4321 	EXP 	polygon_red: autoDraw = True
13.4321 	EXP 	polygon_green: autoDraw = True
13.4876 	DATA 	Mouse:  Left button up, pos=(1292,115)
13.6776 	DATA 	Mouse: Left button down, pos=(817,108)
13.7882 	DATA 	Mouse:  Left button up, pos=(815,108)
14.0429 	DATA 	Mouse: Left button down, pos=(670,108)
14.0604 	EXP 	New trial (rep=26, index=0): None
14.0975 	EXP 	header: autoDraw = False
14.0975 	EXP 	win_lose: autoDraw = False
14.0975 	EXP 	green: autoDraw = False
14.0975 	EXP 	red: autoDraw = False
14.0975 	EXP 	polygon_red: autoDraw = False
14.0975 	EXP 	polygon_green: autoDraw = False
14.0975 	EXP 	win_lose: height = 0.05
14.0975 	EXP 	win_lose: height = 0.05
14.0975 	EXP 	win_lose: height = 0.05
14.0975 	EXP 	win_lose: text = '1300 Won | 1300 Lost'
14.0975 	EXP 	green: markerPos = None
14.0975 	EXP 	green: markerPos = 1300
14.0975 	EXP 	red: markerPos = None
14.0975 	EXP 	red: markerPos = 1300
14.0975 	EXP 	header: autoDraw = True
14.0975 	EXP 	win_lose: autoDraw = True
14.0975 	EXP 	green: autoDraw = True
14.0975 	EXP 	red: autoDraw = True
14.0975 	EXP 	polygon_red: autoDraw = True
14.0975 	EXP 	polygon_green: autoDraw = True
14.1528 	DATA 	Mouse:  Left button up, pos=(670,108)
14.2325 	DATA 	Mouse: Left button down, pos=(670,108)
14.2658 	EXP 	New trial (rep=27, index=0): None
14.3188 	EXP 	header: autoDraw = False
14.3188 	EXP 	win_lose: autoDraw = False
14.3188 	EXP 	green: autoDraw = False
14.3188 	EXP 	red: autoDraw = False
14.3188 	EXP 	polygon_red: autoDraw = False
14.3188 	EXP 	polygon_green: autoDraw = False
14.3188 	EXP 	win_lose: height = 0.05
14.3188 	EXP 	win_lose: height = 0.05
14.3188 	EXP 	win_lose: height = 0.05
14.3188 	EXP 	win_lose: text = '1300 Won | 1400 Lost'
14.3188 	EXP 	green: markerPos = None
14.3188 	EXP 	green: markerPos = 1300
14.3188 	EXP 	red: markerPos = None
14.3188 	EXP 	red: markerPos = 1400
14.3188 	EXP 	header: autoDraw = True
14.3188 	EXP 	win_lose: autoDraw = True
14.3188 	EXP 	green: autoDraw = True
14.3188 	EXP 	red: autoDraw = True
14.3188 	EXP 	polygon_red: autoDraw = True
14.3188 	EXP 	polygon_green: autoDraw = True
14.3431 	DATA 	Mouse:  Left button up, pos=(670,108)
14.4207 	DATA 	Mouse: Left button down, pos=(670,108)
14.4398 	EXP 	New trial (rep=28, index=0): None
14.4928 	EXP 	header: autoDraw = False
14.4928 	EXP 	win_lose: autoDraw = False
14.4928 	EXP 	green: autoDraw = False
14.4928 	EXP 	red: autoDraw = False
14.4928 	EXP 	polygon_red: autoDraw = False
14.4928 	EXP 	polygon_green: autoDraw = False
14.4928 	EXP 	win_lose: height = 0.05
14.4928 	EXP 	win_lose: height = 0.05
14.4928 	EXP 	win_lose: height = 0.05
14.4928 	EXP 	win_lose: text = '1300 Won | 1500 Lost'
14.4928 	EXP 	green: markerPos = None
14.4928 	EXP 	green: markerPos = 1300
14.4928 	EXP 	red: markerPos = None
14.4928 	EXP 	red: markerPos = 1500
14.4928 	EXP 	header: autoDraw = True
14.4928 	EXP 	win_lose: autoDraw = True
14.4928 	EXP 	green: autoDraw = True
14.4928 	EXP 	red: autoDraw = True
14.4928 	EXP 	polygon_red: autoDraw = True
14.4928 	EXP 	polygon_green: autoDraw = True
14.5169 	DATA 	Mouse:  Left button up, pos=(670,108)
14.7613 	DATA 	Mouse: Left button down, pos=(1235,119)
14.8189 	EXP 	New trial (rep=29, index=0): None
14.8721 	EXP 	header: autoDraw = False
14.8721 	EXP 	win_lose: autoDraw = False
14.8721 	EXP 	green: autoDraw = False
14.8721 	EXP 	red: autoDraw = False
14.8721 	EXP 	polygon_red: autoDraw = False
14.8721 	EXP 	polygon_green: autoDraw = False
14.8721 	EXP 	win_lose: height = 0.05
14.8721 	EXP 	win_lose: height = 0.05
14.8721 	EXP 	win_lose: height = 0.05
14.8721 	EXP 	win_lose: text = '1400 Won | 1500 Lost'
14.8721 	EXP 	green: markerPos = None
14.8721 	EXP 	green: markerPos = 1400
14.8721 	EXP 	red: markerPos = None
14.8721 	EXP 	red: markerPos = 1500
14.8721 	EXP 	header: autoDraw = True
14.8721 	EXP 	win_lose: autoDraw = True
14.8721 	EXP 	green: autoDraw = True
14.8721 	EXP 	red: autoDraw = True
14.8721 	EXP 	polygon_red: autoDraw = True
14.8721 	EXP 	polygon_green: autoDraw = True
14.8725 	DATA 	Mouse:  Left button up, pos=(1235,119)
14.9740 	DATA 	Mouse: Left button down, pos=(1235,119)
14.9917 	EXP 	New trial (rep=30, index=0): None
15.0265 	EXP 	header: autoDraw = False
15.0265 	EXP 	win_lose: autoDraw = False
15.0265 	EXP 	green: autoDraw = False
15.0265 	EXP 	red: autoDraw = False
15.0265 	EXP 	polygon_red: autoDraw = False
15.0265 	EXP 	polygon_green: autoDraw = False
15.0265 	EXP 	win_lose: height = 0.05
15.0265 	EXP 	win_lose: height = 0.05
15.0265 	EXP 	win_lose: height = 0.05
15.0265 	EXP 	win_lose: text = '1500 Won | 1500 Lost'
15.0265 	EXP 	green: markerPos = None
15.0265 	EXP 	green: markerPos = 1500
15.0265 	EXP 	red: markerPos = None
15.0265 	EXP 	red: markerPos = 1500
15.0265 	EXP 	header: autoDraw = True
15.0265 	EXP 	win_lose: autoDraw = True
15.0265 	EXP 	green: autoDraw = True
15.0265 	EXP 	red: autoDraw = True
15.0265 	EXP 	polygon_red: autoDraw = True
15.0265 	EXP 	polygon_green: autoDraw = True
15.0508 	DATA 	Mouse:  Left button up, pos=(1235,119)
15.1391 	DATA 	Mouse: Left button down, pos=(1235,119)
15.1503 	EXP 	New trial (rep=31, index=0): None
15.2027 	EXP 	header: autoDraw = False
15.2027 	EXP 	win_lose: autoDraw = False
15.2027 	EXP 	green: autoDraw = False
15.2027 	EXP 	red: autoDraw = False
15.2027 	EXP 	polygon_red: autoDraw = False
15.2027 	EXP 	polygon_green: autoDraw = False
15.2027 	EXP 	win_lose: height = 0.05
15.2027 	EXP 	win_lose: height = 0.05
15.2027 	EXP 	win_lose: height = 0.05
15.2027 	EXP 	win_lose: text = '1600 Won | 1500 Lost'
15.2027 	EXP 	green: markerPos = None
15.2027 	EXP 	green: markerPos = 1600
15.2027 	EXP 	red: markerPos = None
15.2027 	EXP 	red: markerPos = 1500
15.2027 	EXP 	header: autoDraw = True
15.2027 	EXP 	win_lose: autoDraw = True
15.2027 	EXP 	green: autoDraw = True
15.2027 	EXP 	red: autoDraw = True
15.2027 	EXP 	polygon_red: autoDraw = True
15.2027 	EXP 	polygon_green: autoDraw = True
15.2575 	DATA 	Mouse:  Left button up, pos=(1235,119)
15.4949 	DATA 	Mouse: Left button down, pos=(625,138)
15.5137 	EXP 	New trial (rep=32, index=0): None
15.5653 	EXP 	header: autoDraw = False
15.5653 	EXP 	win_lose: autoDraw = False
15.5653 	EXP 	green: autoDraw = False
15.5653 	EXP 	red: autoDraw = False
15.5653 	EXP 	polygon_red: autoDraw = False
15.5653 	EXP 	polygon_green: autoDraw = False
15.5653 	EXP 	win_lose: height = 0.05
15.5653 	EXP 	win_lose: height = 0.05
15.5653 	EXP 	win_lose: height = 0.05
15.5653 	EXP 	win_lose: text = '1600 Won | 1600 Lost'
15.5653 	EXP 	green: markerPos = None
15.5653 	EXP 	green: markerPos = 1600
15.5653 	EXP 	red: markerPos = None
15.5653 	EXP 	red: markerPos = 1600
15.5653 	EXP 	header: autoDraw = True
15.5653 	EXP 	win_lose: autoDraw = True
15.5653 	EXP 	green: autoDraw = True
15.5653 	EXP 	red: autoDraw = True
15.5653 	EXP 	polygon_red: autoDraw = True
15.5653 	EXP 	polygon_green: autoDraw = True
15.5896 	DATA 	Mouse:  Left button up, pos=(625,138)
16.0487 	DATA 	Keypress: escape
16.5894 	EXP 	window1: mouseVisible = True
