1.1722 	WARNING 	We strongly recommend you activate the PTB sound engine in PsychoPy prefs as the preferred audio engine. Its timing is vastly superior. Your prefs are currently set to use ['sounddevice', 'PTB', 'pyo', 'pygame'] (in that order).
3.6187 	EXP 	Created window1 = Window(allowGUI=True, allowStencil=False, autoLog=True, backendConf=UNKNOWN, bitsMode=UNKNOWN, blendMode='avg', bpc=(8, 8, 8), color=array([0, 0, 0]), colorSpace='rgb', depthBits=8, fullscr=<method-wrapper '__getattribute__' of attributeSetter object at 0x0000020D3EB7C100>, gamma=None, gammaErrorPolicy='raise', lms=UNKNOWN, monitor=<psychopy.monitors.calibTools.Monitor object at 0x0000020D40A713A0>, multiSample=False, name='window1', numSamples=2, pos=(0, 0), screen=0, size=array([1920, 1080]), stencilBits=0, stereo=False, units='height', useFBO=True, useRetina=False, viewOri=0.0, viewPos=None, viewScale=None, waitBlanking=True, winType='pyglet')
3.6188 	EXP 	window1: mouseVisible = True
3.6188 	EXP 	window1: mouseVisible = False
3.6188 	EXP 	window1: Attempting to measure frame rate of screen (0) ...
3.6188 	EXP 	window1: recordFrameIntervals = False
3.6607 	EXP 	window1: recordFrameIntervals = True
3.7069 	EXP 	Screen (0) actual frame rate measured at 240.27Hz
3.7069 	EXP 	window1: recordFrameIntervals = False
5.0564 	EXP 	Created header = TextStim(__class__=<class 'psychopy.visual.text.TextStim'>, alignHoriz=method-wrapper(...), alignText='center', alignVert=method-wrapper(...), anchorHoriz='center', anchorVert='center', antialias=True, autoDraw=False, autoLog=True, bold=False, color=array([1, 1, 1]), colorSpace='rgb', contrast=1.0, depth=0.0, flipHoriz=False, flipVert=False, font='Open Sans', fontFiles=[], height=0.07, italic=False, languageStyle='LTR', name='header', opacity=1.0, ori=0.0, pos=array([0. , 0.4]), rgb=UNKNOWN, text='Progress Bar Example', units='height', win=Window(...), wrapWidth=1)
5.0863 	EXP 	window1: mouseVisible = True
5.1003 	EXP 	window1: mouseVisible = True
5.1012 	EXP 	Created win_lose = TextStim(__class__=<class 'psychopy.visual.text.TextStim'>, alignHoriz=method-wrapper(...), alignText='center', alignVert=method-wrapper(...), anchorHoriz='center', anchorVert='center', antialias=True, autoDraw=False, autoLog=True, bold=False, color=array([1, 1, 1]), colorSpace='rgb', contrast=1.0, depth=-4.0, flipHoriz=False, flipVert=False, font='Open Sans', fontFiles=[], height=0.05, italic=False, languageStyle='LTR', name='win_lose', opacity=1.0, ori=0.0, pos=array([0. , 0.2]), rgb=UNKNOWN, text='', units='height', win=Window(...), wrapWidth=1)
5.1045 	EXP 	window1: mouseVisible = True
5.1740 	EXP 	Created green = Slider(__class__=<class 'psychopy.visual.slider.Slider'>, autoDraw=False, autoLog=True, borderColor=None, color=None, colorSpace='rgb', depth=-5, fillColor=None, flip=False, font='Open Sans', granularity=100.0, labelColor=None, labelHeight=0.03, labelWrapWidth=None, labels=tuple(...), lineColor=None, markerColor=None, name='green', opacity=None, ori=0.0, pos=array([0., 0.]), readOnly=True, self=UNKNOWN, size=array([1. , 0.1]), startValue=0, style='slider', styleTweaks=[], ticks=ndarray(...), units='height', win=Window(...))
5.1754 	EXP 	window1: mouseVisible = True
5.2278 	EXP 	Created red = Slider(__class__=<class 'psychopy.visual.slider.Slider'>, autoDraw=False, autoLog=True, borderColor=None, color=None, colorSpace='rgb', depth=-6, fillColor=None, flip=False, font='Open Sans', granularity=100.0, labelColor=None, labelHeight=0.03, labelWrapWidth=None, labels=tuple(...), lineColor=None, markerColor=None, name='red', opacity=None, ori=0.0, pos=array([0., 0.]), readOnly=True, self=UNKNOWN, size=array([1., 0.]), startValue=0, style='slider', styleTweaks=[], ticks=ndarray(...), units='height', win=Window(...))
5.2344 	EXP 	Created sequence: random, trialTypes=1, nReps=999, seed=None
5.2366 	EXP 	New trial (rep=0, index=0): None
5.2819 	EXP 	green: autoLog = True
5.2819 	EXP 	green: markerPos = 0
5.2819 	EXP 	green: styleTweaks = []
5.2819 	EXP 	green: styleTweaks = []
5.2819 	EXP 	green: styleTweaks = []
5.2819 	EXP 	green: styleTweaks = []
5.2819 	EXP 	green: contrast = 1.0
5.2819 	EXP 	green: autoLog = True
5.2819 	EXP 	red: autoLog = True
5.2819 	EXP 	red: markerPos = 0
5.2819 	EXP 	red: styleTweaks = []
5.2819 	EXP 	red: styleTweaks = []
5.2819 	EXP 	red: styleTweaks = []
5.2819 	EXP 	red: styleTweaks = []
5.2819 	EXP 	red: contrast = 1.0
5.2819 	EXP 	red: autoLog = True
5.2819 	EXP 	win_lose: height = 0.05
5.2819 	EXP 	win_lose: height = 0.05
5.2819 	EXP 	win_lose: height = 0.05
5.2819 	EXP 	win_lose: text = '0 Won | 0 Lost'
5.2819 	EXP 	green: markerPos = None
5.2819 	EXP 	green: markerPos = 0
5.2819 	EXP 	red: markerPos = None
5.2819 	EXP 	red: markerPos = 0
5.2819 	EXP 	header: autoDraw = True
5.2819 	EXP 	win_lose: autoDraw = True
5.2819 	EXP 	green: autoDraw = True
5.2819 	EXP 	red: autoDraw = True
6.7220 	DATA 	Mouse: Left button down, pos=(1193,114)
6.7354 	EXP 	New trial (rep=1, index=0): None
6.7661 	EXP 	header: autoDraw = False
6.7661 	EXP 	win_lose: autoDraw = False
6.7661 	EXP 	green: autoDraw = False
6.7661 	EXP 	red: autoDraw = False
6.7661 	EXP 	win_lose: height = 0.05
6.7661 	EXP 	win_lose: height = 0.05
6.7661 	EXP 	win_lose: height = 0.05
6.7661 	EXP 	win_lose: text = '100 Won | 0 Lost'
6.7661 	EXP 	green: markerPos = None
6.7661 	EXP 	green: markerPos = 0
6.7661 	EXP 	red: markerPos = None
6.7661 	EXP 	red: markerPos = 0
6.7661 	EXP 	header: autoDraw = True
6.7661 	EXP 	win_lose: autoDraw = True
6.7661 	EXP 	green: autoDraw = True
6.7661 	EXP 	red: autoDraw = True
6.8183 	DATA 	Mouse:  Left button up, pos=(1193,114)
7.1353 	DATA 	Mouse: Left button down, pos=(665,138)
7.1475 	EXP 	New trial (rep=2, index=0): None
7.1773 	EXP 	header: autoDraw = False
7.1773 	EXP 	win_lose: autoDraw = False
7.1773 	EXP 	green: autoDraw = False
7.1773 	EXP 	red: autoDraw = False
7.1773 	EXP 	win_lose: height = 0.05
7.1773 	EXP 	win_lose: height = 0.05
7.1773 	EXP 	win_lose: height = 0.05
7.1773 	EXP 	win_lose: text = '100 Won | 100 Lost'
7.1773 	EXP 	green: markerPos = None
7.1773 	EXP 	green: markerPos = 0
7.1773 	EXP 	red: markerPos = None
7.1773 	EXP 	red: markerPos = 0
7.1773 	EXP 	header: autoDraw = True
7.1773 	EXP 	win_lose: autoDraw = True
7.1773 	EXP 	green: autoDraw = True
7.1773 	EXP 	red: autoDraw = True
7.2294 	DATA 	Mouse:  Left button up, pos=(665,138)
8.0210 	DATA 	Mouse: Left button down, pos=(936,271)
8.1213 	DATA 	Mouse:  Left button up, pos=(936,271)
10.4123 	DATA 	Keypress: escape
10.9259 	EXP 	window1: mouseVisible = True
