1.1348 	WARNING 	We strongly recommend you activate the PTB sound engine in PsychoPy prefs as the preferred audio engine. Its timing is vastly superior. Your prefs are currently set to use ['sounddevice', 'PTB', 'pyo', 'pygame'] (in that order).
671.1693 	WARNING 	Couldn't measure a consistent frame rate!
  - Is your graphics card set to sync to vertical blank?
  - Are you running other processes on your computer?

671.1696 	EXP 	Created window1 = Window(allowGUI=True, allowStencil=False, autoLog=True, backendConf=UNKNOWN, bitsMode=UNKNOWN, blendMode='avg', bpc=(8, 8, 8), color=array([0, 0, 0]), colorSpace='rgb', depthBits=8, fullscr=<method-wrapper '__getattribute__' of attributeSetter object at 0x0000024CE67EA040>, gamma=None, gammaErrorPolicy='raise', lms=UNKNOWN, monitor=<psychopy.monitors.calibTools.Monitor object at 0x0000024CE86E5370>, multiSample=False, name='window1', numSamples=2, pos=(0, 0), screen=0, size=array([1920, 1080]), stencilBits=0, stereo=False, units='height', useFBO=True, useRetina=False, viewOri=0.0, viewPos=None, viewScale=None, waitBlanking=True, winType='pyglet')
671.1696 	EXP 	window1: mouseVisible = True
671.1697 	EXP 	window1: mouseVisible = True
671.1697 	EXP 	window1: Attempting to measure frame rate of screen (0) ...
671.1697 	EXP 	window1: recordFrameIntervals = False
671.3157 	EXP 	window1: recordFrameIntervals = True
671.3590 	WARNING 	t of last frame was 39.66ms (=1/25)
671.4062 	WARNING 	t of last frame was 39.60ms (=1/25)
671.4538 	WARNING 	t of last frame was 39.81ms (=1/25)
671.5011 	WARNING 	t of last frame was 39.58ms (=1/25)
671.5486 	WARNING 	Multiple dropped frames have occurred - I'll stop bothering you about them!
672.8635 	WARNING 	Couldn't measure a consistent frame rate!
  - Is your graphics card set to sync to vertical blank?
  - Are you running other processes on your computer?

672.8758 	WARNING 	launchHubServer: If using the iohub mouse or eyetracker devices, fullScr should be True.
674.1146 	EXP 	Created header = TextStim(__class__=<class 'psychopy.visual.text.TextStim'>, alignHoriz=method-wrapper(...), alignText='center', alignVert=method-wrapper(...), anchorHoriz='center', anchorVert='center', antialias=True, autoDraw=False, autoLog=True, bold=False, color=array([1, 1, 1]), colorSpace='rgb', contrast=1.0, depth=-1.0, flipHoriz=False, flipVert=False, font='Open Sans', fontFiles=[], height=0.07, italic=False, languageStyle='LTR', name='header', opacity=1.0, ori=0.0, pos=array([0. , 0.4]), rgb=UNKNOWN, text='Progress Bar Example', units='height', win=Window(...), wrapWidth=1)
674.1393 	EXP 	window1: mouseVisible = True
674.1533 	EXP 	window1: mouseVisible = True
674.1545 	EXP 	Created win_lose = TextStim(__class__=<class 'psychopy.visual.text.TextStim'>, alignHoriz=method-wrapper(...), alignText='center', alignVert=method-wrapper(...), anchorHoriz='center', anchorVert='center', antialias=True, autoDraw=False, autoLog=True, bold=False, color=array([1, 1, 1]), colorSpace='rgb', contrast=1.0, depth=-4.0, flipHoriz=False, flipVert=False, font='Open Sans', fontFiles=[], height=0.05, italic=False, languageStyle='LTR', name='win_lose', opacity=1.0, ori=0.0, pos=array([0. , 0.2]), rgb=UNKNOWN, text='', units='height', win=Window(...), wrapWidth=1)
674.1577 	EXP 	window1: mouseVisible = True
674.2252 	EXP 	Created green = Slider(__class__=<class 'psychopy.visual.slider.Slider'>, autoDraw=False, autoLog=True, borderColor=None, color=None, colorSpace='rgb', depth=-5, fillColor=None, flip=False, font='Open Sans', granularity=100.0, labelColor=None, labelHeight=0.03, labelWrapWidth=None, labels=tuple(...), lineColor=None, markerColor=None, name='green', opacity=None, ori=0.0, pos=array([0. , 0.1]), readOnly=True, self=UNKNOWN, size=array([1. , 0.1]), startValue=0, style='slider', styleTweaks=[], ticks=ndarray(...), units='height', win=Window(...))
674.2266 	EXP 	window1: mouseVisible = True
674.2749 	EXP 	Created red = Slider(__class__=<class 'psychopy.visual.slider.Slider'>, autoDraw=False, autoLog=True, borderColor=None, color=None, colorSpace='rgb', depth=-6, fillColor=None, flip=False, font='Open Sans', granularity=100.0, labelColor=None, labelHeight=0.03, labelWrapWidth=None, labels=tuple(...), lineColor=None, markerColor=None, name='red', opacity=None, ori=0.0, pos=array([ 0.  , -0.15]), readOnly=True, self=UNKNOWN, size=array([1. , 0.1]), startValue=0, style='slider', styleTweaks=[], ticks=ndarray(...), units='height', win=Window(...))
674.2758 	EXP 	Created polygon = Rect(__class__=<class 'psychopy.visual.rect.Rect'>, anchor=('center', 'center'), autoDraw=False, autoLog=True, closeShape=True, color=method-wrapper(...), colorSpace='rgb', contrast=None, depth=-7.0, fillColor=array([ 0.2941, -0.6706, -0.6706]), fillColorSpace='rgb', fillRGB=array([ 0.2941, -0.6706, -0.6706]), interpolate=True, lineColor=array([0, 0, 0]), lineColorSpace='rgb', lineRGB=array([0, 0, 0]), lineWidth=1.0, name='polygon', opacity=0.5, ori=0.0, pos=array([ 0.  , -0.15]), size=array([1., 1.]), units='height', vertices=ndarray(...), win=Window(...))
674.2819 	EXP 	Created sequence: random, trialTypes=1, nReps=999, seed=None
674.2840 	EXP 	New trial (rep=0, index=0): None
674.2934 	DATA 	Mouse: Left button down, pos=(945,512)
674.2935 	DATA 	Mouse:  Left button up, pos=(945,512)
674.2939 	DATA 	Keypress: escape
674.4952 	EXP 	window1: mouseVisible = True
