1.1475 	WARNING 	We strongly recommend you activate the PTB sound engine in PsychoPy prefs as the preferred audio engine. Its timing is vastly superior. Your prefs are currently set to use ['sounddevice', 'PTB', 'pyo', 'pygame'] (in that order).
3.2933 	WARNING 	User requested fullscreen with size [1024  768], but screen is actually [1920, 1080]. Using actual size
3.6032 	EXP 	Created window1 = Window(allowGUI=True, allowStencil=False, autoLog=True, backendConf=UNKNOWN, bitsMode=UNKNOWN, blendMode='avg', bpc=(8, 8, 8), color=array([0, 0, 0]), colorSpace='rgb', depthBits=8, fullscr=<method-wrapper '__getattribute__' of attributeSetter object at 0x0000020EE070B100>, gamma=None, gammaErrorPolicy='raise', lms=UNKNOWN, monitor=<psychopy.monitors.calibTools.Monitor object at 0x0000020EE26003A0>, multiSample=False, name='window1', numSamples=2, pos=(0, 0), screen=0, size=array([1920, 1080]), stencilBits=0, stereo=False, units='height', useFBO=True, useRetina=False, viewOri=0.0, viewPos=None, viewScale=None, waitBlanking=True, winType='pyglet')
3.6033 	EXP 	window1: mouseVisible = True
3.6034 	EXP 	window1: mouseVisible = False
3.6034 	EXP 	window1: Attempting to measure frame rate of screen (0) ...
3.6034 	EXP 	window1: recordFrameIntervals = False
3.6448 	EXP 	window1: recordFrameIntervals = True
3.6920 	EXP 	Screen (0) actual frame rate measured at 235.58Hz
3.6920 	EXP 	window1: recordFrameIntervals = False
5.0413 	EXP 	Created text = TextStim(__class__=<class 'psychopy.visual.text.TextStim'>, alignHoriz=method-wrapper(...), alignText='center', alignVert=method-wrapper(...), anchorHoriz='center', anchorVert='center', antialias=True, autoDraw=False, autoLog=True, bold=False, color=array([1, 1, 1]), colorSpace='rgb', contrast=1.0, depth=0.0, flipHoriz=False, flipVert=False, font='Open Sans', fontFiles=[], height=0.07, italic=False, languageStyle='LTR', name='text', opacity=1.0, ori=0.0, pos=array([0. , 0.3]), rgb=UNKNOWN, text='Progress Bar Example', units='height', win=Window(...), wrapWidth=1)
5.0669 	EXP 	window1: mouseVisible = True
5.0813 	EXP 	window1: mouseVisible = True
5.0828 	EXP 	Created win_lose = TextStim(__class__=<class 'psychopy.visual.text.TextStim'>, alignHoriz=method-wrapper(...), alignText='center', alignVert=method-wrapper(...), anchorHoriz='center', anchorVert='center', antialias=True, autoDraw=False, autoLog=True, bold=False, color=array([1, 1, 1]), colorSpace='rgb', contrast=1.0, depth=-4.0, flipHoriz=False, flipVert=False, font='Open Sans', fontFiles=[], height=0.05, italic=False, languageStyle='LTR', name='win_lose', opacity=1.0, ori=0.0, pos=array([0. , 0.1]), rgb=UNKNOWN, text='', units='height', win=Window(...), wrapWidth=1)
5.0881 	EXP 	window1: mouseVisible = True
5.1690 	EXP 	Created slider = Slider(__class__=<class 'psychopy.visual.slider.Slider'>, autoDraw=False, autoLog=True, borderColor=None, color=None, colorSpace='rgb', depth=-5, fillColor=None, flip=False, font='Open Sans', granularity=100.0, labelColor=None, labelHeight=0.05, labelWrapWidth=None, labels=tuple(...), lineColor=None, markerColor=None, name='slider', opacity=None, ori=0.0, pos=array([ 0. , -0.1]), readOnly=True, self=UNKNOWN, size=array([1. , 0.1]), startValue=0, style='slider', styleTweaks=[], ticks=ndarray(...), units='height', win=Window(...))
5.1769 	EXP 	Created sequence: random, trialTypes=1, nReps=999, seed=None
5.1793 	EXP 	New trial (rep=0, index=0): None
5.2143 	EXP 	slider: autoLog = True
5.2143 	EXP 	slider: markerPos = 0
5.2143 	EXP 	slider: styleTweaks = []
5.2143 	EXP 	slider: styleTweaks = []
5.2143 	EXP 	slider: styleTweaks = []
5.2143 	EXP 	slider: styleTweaks = []
5.2143 	EXP 	slider: contrast = 1.0
5.2143 	EXP 	slider: autoLog = True
5.2143 	EXP 	win_lose: height = 0.05
5.2143 	EXP 	win_lose: height = 0.05
5.2143 	EXP 	win_lose: height = 0.05
5.2143 	EXP 	win_lose: text = '0 Won | 0 Lost'
5.2143 	EXP 	slider: markerPos = None
5.2143 	EXP 	slider: markerPos = 0
5.2143 	EXP 	text: autoDraw = True
5.2143 	EXP 	win_lose: autoDraw = True
5.2143 	EXP 	slider: autoDraw = True
9.7946 	DATA 	Mouse: Left button down, pos=(510,423)
10.0915 	DATA 	Mouse:  Left button up, pos=(722,404)
10.4473 	DATA 	Mouse: Left button down, pos=(414,442)
10.6689 	DATA 	Mouse:  Left button up, pos=(650,434)
13.6700 	DATA 	Keypress: escape
13.8926 	EXP 	window1: mouseVisible = True
