1.2066 	WARNING 	We strongly recommend you activate the PTB sound engine in PsychoPy prefs as the preferred audio engine. Its timing is vastly superior. Your prefs are currently set to use ['sounddevice', 'PTB', 'pyo', 'pygame'] (in that order).
4.3076 	EXP 	Created window1 = Window(allowGUI=True, allowStencil=False, autoLog=True, backendConf=UNKNOWN, bitsMode=UNKNOWN, blendMode='avg', bpc=(8, 8, 8), color=array([0, 0, 0]), colorSpace='rgb', depthBits=8, fullscr=<method-wrapper '__getattribute__' of attributeSetter object at 0x0000026E7409A040>, gamma=None, gammaErrorPolicy='raise', lms=UNKNOWN, monitor=<psychopy.monitors.calibTools.Monitor object at 0x0000026E75F95340>, multiSample=False, name='window1', numSamples=2, pos=(0, 0), screen=0, size=array([1920, 1080]), stencilBits=0, stereo=False, units='height', useFBO=True, useRetina=False, viewOri=0.0, viewPos=None, viewScale=None, waitBlanking=True, winType='pyglet')
4.3077 	EXP 	window1: mouseVisible = True
4.3078 	EXP 	window1: mouseVisible = False
4.3078 	EXP 	window1: Attempting to measure frame rate of screen (0) ...
4.3078 	EXP 	window1: recordFrameIntervals = False
4.3505 	EXP 	window1: recordFrameIntervals = True
4.3973 	WARNING 	t of last frame was 5.07ms (=1/197)
4.3974 	EXP 	Screen (0) actual frame rate measured at 234.13Hz
4.3974 	EXP 	window1: recordFrameIntervals = False
5.7522 	EXP 	Created header = TextStim(__class__=<class 'psychopy.visual.text.TextStim'>, alignHoriz=method-wrapper(...), alignText='center', alignVert=method-wrapper(...), anchorHoriz='center', anchorVert='center', antialias=True, autoDraw=False, autoLog=True, bold=False, color=array([1, 1, 1]), colorSpace='rgb', contrast=1.0, depth=-1.0, flipHoriz=False, flipVert=False, font='Open Sans', fontFiles=[], height=0.07, italic=False, languageStyle='LTR', name='header', opacity=1.0, ori=0.0, pos=array([0. , 0.4]), rgb=UNKNOWN, text='Progress Bar Example', units='height', win=Window(...), wrapWidth=1)
5.7785 	EXP 	window1: mouseVisible = True
5.7931 	EXP 	window1: mouseVisible = True
5.7940 	EXP 	Created win_lose = TextStim(__class__=<class 'psychopy.visual.text.TextStim'>, alignHoriz=method-wrapper(...), alignText='center', alignVert=method-wrapper(...), anchorHoriz='center', anchorVert='center', antialias=True, autoDraw=False, autoLog=True, bold=False, color=array([1, 1, 1]), colorSpace='rgb', contrast=1.0, depth=-4.0, flipHoriz=False, flipVert=False, font='Open Sans', fontFiles=[], height=0.05, italic=False, languageStyle='LTR', name='win_lose', opacity=1.0, ori=0.0, pos=array([0. , 0.2]), rgb=UNKNOWN, text='', units='height', win=Window(...), wrapWidth=1)
5.7974 	EXP 	window1: mouseVisible = True
5.8707 	EXP 	Created green = Slider(__class__=<class 'psychopy.visual.slider.Slider'>, autoDraw=False, autoLog=True, borderColor=None, color=None, colorSpace='rgb', depth=-5, fillColor=None, flip=False, font='Open Sans', granularity=100.0, labelColor=None, labelHeight=0.03, labelWrapWidth=None, labels=tuple(...), lineColor=None, markerColor=None, name='green', opacity=None, ori=0.0, pos=array([0. , 0.1]), readOnly=True, self=UNKNOWN, size=array([1. , 0.1]), startValue=0, style='slider', styleTweaks=[], ticks=ndarray(...), units='height', win=Window(...))
5.8722 	EXP 	window1: mouseVisible = True
5.9249 	EXP 	Created red = Slider(__class__=<class 'psychopy.visual.slider.Slider'>, autoDraw=False, autoLog=True, borderColor=None, color=None, colorSpace='rgb', depth=-6, fillColor=None, flip=False, font='Open Sans', granularity=100.0, labelColor=None, labelHeight=0.03, labelWrapWidth=None, labels=tuple(...), lineColor=None, markerColor=None, name='red', opacity=None, ori=0.0, pos=array([ 0.  , -0.15]), readOnly=True, self=UNKNOWN, size=array([1. , 0.1]), startValue=0, style='slider', styleTweaks=[], ticks=ndarray(...), units='height', win=Window(...))
5.9260 	EXP 	Created polygon_green = Rect(__class__=<class 'psychopy.visual.rect.Rect'>, anchor=('left', 'center'), autoDraw=False, autoLog=True, closeShape=True, color=method-wrapper(...), colorSpace='rgb', contrast=None, depth=-7.0, fillColor=array([-1.    ,  0.0039, -1.    ]), fillColorSpace='rgb', fillRGB=array([-1.    ,  0.0039, -1.    ]), interpolate=True, lineColor=array([0, 0, 0]), lineColorSpace='rgb', lineRGB=array([0, 0, 0]), lineWidth=1.0, name='polygon_green', opacity=0.5, ori=0.0, pos=array([-0.5,  0.1]), size=array([1. , 0.1]), units='height', vertices=ndarray(...), win=Window(...))
5.9269 	EXP 	Created polygon_red = Rect(__class__=<class 'psychopy.visual.rect.Rect'>, anchor=('left', 'center'), autoDraw=False, autoLog=True, closeShape=True, color=method-wrapper(...), colorSpace='rgb', contrast=None, depth=-8.0, fillColor=array([ 1., -1., -1.]), fillColorSpace='rgb', fillRGB=array([ 1., -1., -1.]), interpolate=True, lineColor=array([0, 0, 0]), lineColorSpace='rgb', lineRGB=array([0, 0, 0]), lineWidth=1.0, name='polygon_red', opacity=0.5, ori=0.0, pos=array([-0.5 , -0.15]), size=array([1.  , 0.05]), units='height', vertices=ndarray(...), win=Window(...))
5.9336 	EXP 	Created sequence: random, trialTypes=1, nReps=999, seed=None
5.9358 	EXP 	New trial (rep=0, index=0): None
5.9866 	EXP 	green: autoLog = True
5.9866 	EXP 	green: markerPos = 0
5.9866 	EXP 	green: styleTweaks = []
5.9866 	EXP 	green: styleTweaks = []
5.9866 	EXP 	green: styleTweaks = []
5.9866 	EXP 	green: styleTweaks = []
5.9866 	EXP 	green: contrast = 1.0
5.9866 	EXP 	green: autoLog = True
5.9866 	EXP 	red: autoLog = True
5.9866 	EXP 	red: markerPos = 0
5.9866 	EXP 	red: styleTweaks = []
5.9866 	EXP 	red: styleTweaks = []
5.9866 	EXP 	red: styleTweaks = []
5.9866 	EXP 	red: styleTweaks = []
5.9866 	EXP 	red: contrast = 1.0
5.9866 	EXP 	red: autoLog = True
5.9866 	EXP 	win_lose: height = 0.05
5.9866 	EXP 	win_lose: height = 0.05
5.9866 	EXP 	win_lose: height = 0.05
5.9866 	EXP 	win_lose: text = '0 Won | 0 Lost'
5.9866 	EXP 	green: markerPos = None
5.9866 	EXP 	green: markerPos = 0
5.9866 	EXP 	red: markerPos = None
5.9866 	EXP 	red: markerPos = 0
5.9866 	EXP 	header: autoDraw = True
5.9866 	EXP 	win_lose: autoDraw = True
5.9866 	EXP 	green: autoDraw = True
5.9866 	EXP 	red: autoDraw = True
5.9866 	EXP 	polygon_green: autoDraw = True
5.9866 	EXP 	polygon_red: autoDraw = True
6.4447 	DATA 	Mouse: Left button down, pos=(722,53)
6.4589 	EXP 	New trial (rep=1, index=0): None
6.4918 	EXP 	header: autoDraw = False
6.4918 	EXP 	win_lose: autoDraw = False
6.4918 	EXP 	green: autoDraw = False
6.4918 	EXP 	red: autoDraw = False
6.4918 	EXP 	polygon_green: autoDraw = False
6.4918 	EXP 	polygon_red: autoDraw = False
6.4918 	EXP 	win_lose: height = 0.05
6.4918 	EXP 	win_lose: height = 0.05
6.4918 	EXP 	win_lose: height = 0.05
6.4918 	EXP 	win_lose: text = '0 Won | 100 Lost'
6.4918 	EXP 	green: markerPos = None
6.4918 	EXP 	green: markerPos = 0
6.4918 	EXP 	red: markerPos = None
6.4918 	EXP 	red: markerPos = 0
6.4918 	EXP 	header: autoDraw = True
6.4918 	EXP 	win_lose: autoDraw = True
6.4918 	EXP 	green: autoDraw = True
6.4918 	EXP 	red: autoDraw = True
6.4918 	EXP 	polygon_green: autoDraw = True
6.4918 	EXP 	polygon_red: autoDraw = True
6.5171 	DATA 	Mouse:  Left button up, pos=(722,53)
6.6047 	DATA 	Mouse: Left button down, pos=(722,53)
6.6196 	EXP 	New trial (rep=2, index=0): None
6.6516 	EXP 	header: autoDraw = False
6.6516 	EXP 	win_lose: autoDraw = False
6.6516 	EXP 	green: autoDraw = False
6.6516 	EXP 	red: autoDraw = False
6.6516 	EXP 	polygon_green: autoDraw = False
6.6516 	EXP 	polygon_red: autoDraw = False
6.6516 	EXP 	win_lose: height = 0.05
6.6516 	EXP 	win_lose: height = 0.05
6.6516 	EXP 	win_lose: height = 0.05
6.6516 	EXP 	win_lose: text = '0 Won | 200 Lost'
6.6516 	EXP 	green: markerPos = None
6.6516 	EXP 	green: markerPos = 0
6.6516 	EXP 	red: markerPos = None
6.6516 	EXP 	red: markerPos = 0
6.6516 	EXP 	header: autoDraw = True
6.6516 	EXP 	win_lose: autoDraw = True
6.6516 	EXP 	green: autoDraw = True
6.6516 	EXP 	red: autoDraw = True
6.6516 	EXP 	polygon_green: autoDraw = True
6.6516 	EXP 	polygon_red: autoDraw = True
6.6773 	DATA 	Mouse:  Left button up, pos=(723,53)
6.7929 	DATA 	Mouse: Left button down, pos=(723,53)
6.8071 	EXP 	New trial (rep=3, index=0): None
6.8384 	EXP 	header: autoDraw = False
6.8384 	EXP 	win_lose: autoDraw = False
6.8384 	EXP 	green: autoDraw = False
6.8384 	EXP 	red: autoDraw = False
6.8384 	EXP 	polygon_green: autoDraw = False
6.8384 	EXP 	polygon_red: autoDraw = False
6.8384 	EXP 	win_lose: height = 0.05
6.8384 	EXP 	win_lose: height = 0.05
6.8384 	EXP 	win_lose: height = 0.05
6.8384 	EXP 	win_lose: text = '0 Won | 300 Lost'
6.8384 	EXP 	green: markerPos = None
6.8384 	EXP 	green: markerPos = 0
6.8384 	EXP 	red: markerPos = None
6.8384 	EXP 	red: markerPos = 0
6.8384 	EXP 	header: autoDraw = True
6.8384 	EXP 	win_lose: autoDraw = True
6.8384 	EXP 	green: autoDraw = True
6.8384 	EXP 	red: autoDraw = True
6.8384 	EXP 	polygon_green: autoDraw = True
6.8384 	EXP 	polygon_red: autoDraw = True
6.8634 	DATA 	Mouse:  Left button up, pos=(723,53)
6.9216 	DATA 	Mouse: Left button down, pos=(723,53)
6.9342 	EXP 	New trial (rep=4, index=0): None
6.9686 	EXP 	header: autoDraw = False
6.9686 	EXP 	win_lose: autoDraw = False
6.9686 	EXP 	green: autoDraw = False
6.9686 	EXP 	red: autoDraw = False
6.9686 	EXP 	polygon_green: autoDraw = False
6.9686 	EXP 	polygon_red: autoDraw = False
6.9686 	EXP 	win_lose: height = 0.05
6.9686 	EXP 	win_lose: height = 0.05
6.9686 	EXP 	win_lose: height = 0.05
6.9686 	EXP 	win_lose: text = '0 Won | 400 Lost'
6.9686 	EXP 	green: markerPos = None
6.9686 	EXP 	green: markerPos = 0
6.9686 	EXP 	red: markerPos = None
6.9686 	EXP 	red: markerPos = 0
6.9686 	EXP 	header: autoDraw = True
6.9686 	EXP 	win_lose: autoDraw = True
6.9686 	EXP 	green: autoDraw = True
6.9686 	EXP 	red: autoDraw = True
6.9686 	EXP 	polygon_green: autoDraw = True
6.9686 	EXP 	polygon_red: autoDraw = True
7.0237 	DATA 	Mouse:  Left button up, pos=(725,53)
7.0804 	DATA 	Mouse: Left button down, pos=(725,53)
7.0938 	EXP 	New trial (rep=5, index=0): None
7.1252 	EXP 	header: autoDraw = False
7.1252 	EXP 	win_lose: autoDraw = False
7.1252 	EXP 	green: autoDraw = False
7.1252 	EXP 	red: autoDraw = False
7.1252 	EXP 	polygon_green: autoDraw = False
7.1252 	EXP 	polygon_red: autoDraw = False
7.1252 	EXP 	win_lose: height = 0.05
7.1252 	EXP 	win_lose: height = 0.05
7.1252 	EXP 	win_lose: height = 0.05
7.1252 	EXP 	win_lose: text = '0 Won | 500 Lost'
7.1252 	EXP 	green: markerPos = None
7.1252 	EXP 	green: markerPos = 0
7.1252 	EXP 	red: markerPos = None
7.1252 	EXP 	red: markerPos = 0
7.1252 	EXP 	header: autoDraw = True
7.1252 	EXP 	win_lose: autoDraw = True
7.1252 	EXP 	green: autoDraw = True
7.1252 	EXP 	red: autoDraw = True
7.1252 	EXP 	polygon_green: autoDraw = True
7.1252 	EXP 	polygon_red: autoDraw = True
7.1800 	DATA 	Mouse:  Left button up, pos=(725,54)
7.2340 	DATA 	Mouse: Left button down, pos=(725,54)
7.2462 	EXP 	New trial (rep=6, index=0): None
7.2793 	EXP 	header: autoDraw = False
7.2793 	EXP 	win_lose: autoDraw = False
7.2793 	EXP 	green: autoDraw = False
7.2793 	EXP 	red: autoDraw = False
7.2793 	EXP 	polygon_green: autoDraw = False
7.2793 	EXP 	polygon_red: autoDraw = False
7.2793 	EXP 	win_lose: height = 0.05
7.2793 	EXP 	win_lose: height = 0.05
7.2793 	EXP 	win_lose: height = 0.05
7.2793 	EXP 	win_lose: text = '0 Won | 600 Lost'
7.2793 	EXP 	green: markerPos = None
7.2793 	EXP 	green: markerPos = 0
7.2793 	EXP 	red: markerPos = None
7.2793 	EXP 	red: markerPos = 0
7.2793 	EXP 	header: autoDraw = True
7.2793 	EXP 	win_lose: autoDraw = True
7.2793 	EXP 	green: autoDraw = True
7.2793 	EXP 	red: autoDraw = True
7.2793 	EXP 	polygon_green: autoDraw = True
7.2793 	EXP 	polygon_red: autoDraw = True
7.3306 	DATA 	Mouse:  Left button up, pos=(726,54)
7.3879 	DATA 	Mouse: Left button down, pos=(726,54)
7.4014 	EXP 	New trial (rep=7, index=0): None
7.4372 	EXP 	header: autoDraw = False
7.4372 	EXP 	win_lose: autoDraw = False
7.4372 	EXP 	green: autoDraw = False
7.4372 	EXP 	red: autoDraw = False
7.4372 	EXP 	polygon_green: autoDraw = False
7.4372 	EXP 	polygon_red: autoDraw = False
7.4372 	EXP 	win_lose: height = 0.05
7.4372 	EXP 	win_lose: height = 0.05
7.4372 	EXP 	win_lose: height = 0.05
7.4372 	EXP 	win_lose: text = '0 Won | 700 Lost'
7.4372 	EXP 	green: markerPos = None
7.4372 	EXP 	green: markerPos = 0
7.4372 	EXP 	red: markerPos = None
7.4372 	EXP 	red: markerPos = 0
7.4372 	EXP 	header: autoDraw = True
7.4372 	EXP 	win_lose: autoDraw = True
7.4372 	EXP 	green: autoDraw = True
7.4372 	EXP 	red: autoDraw = True
7.4372 	EXP 	polygon_green: autoDraw = True
7.4372 	EXP 	polygon_red: autoDraw = True
7.4909 	DATA 	Mouse:  Left button up, pos=(726,54)
7.5474 	DATA 	Mouse: Left button down, pos=(726,54)
7.5608 	EXP 	New trial (rep=8, index=0): None
7.5923 	EXP 	header: autoDraw = False
7.5923 	EXP 	win_lose: autoDraw = False
7.5923 	EXP 	green: autoDraw = False
7.5923 	EXP 	red: autoDraw = False
7.5923 	EXP 	polygon_green: autoDraw = False
7.5923 	EXP 	polygon_red: autoDraw = False
7.5923 	EXP 	win_lose: height = 0.05
7.5923 	EXP 	win_lose: height = 0.05
7.5923 	EXP 	win_lose: height = 0.05
7.5923 	EXP 	win_lose: text = '0 Won | 800 Lost'
7.5923 	EXP 	green: markerPos = None
7.5923 	EXP 	green: markerPos = 0
7.5923 	EXP 	red: markerPos = None
7.5923 	EXP 	red: markerPos = 0
7.5923 	EXP 	header: autoDraw = True
7.5923 	EXP 	win_lose: autoDraw = True
7.5923 	EXP 	green: autoDraw = True
7.5923 	EXP 	red: autoDraw = True
7.5923 	EXP 	polygon_green: autoDraw = True
7.5923 	EXP 	polygon_red: autoDraw = True
7.6477 	DATA 	Mouse:  Left button up, pos=(726,54)
7.7015 	DATA 	Mouse: Left button down, pos=(726,54)
7.7136 	EXP 	New trial (rep=9, index=0): None
7.7455 	EXP 	header: autoDraw = False
7.7455 	EXP 	win_lose: autoDraw = False
7.7455 	EXP 	green: autoDraw = False
7.7455 	EXP 	red: autoDraw = False
7.7455 	EXP 	polygon_green: autoDraw = False
7.7455 	EXP 	polygon_red: autoDraw = False
7.7455 	EXP 	win_lose: height = 0.05
7.7455 	EXP 	win_lose: height = 0.05
7.7455 	EXP 	win_lose: height = 0.05
7.7455 	EXP 	win_lose: text = '0 Won | 900 Lost'
7.7455 	EXP 	green: markerPos = None
7.7455 	EXP 	green: markerPos = 0
7.7455 	EXP 	red: markerPos = None
7.7455 	EXP 	red: markerPos = 0
7.7455 	EXP 	header: autoDraw = True
7.7455 	EXP 	win_lose: autoDraw = True
7.7455 	EXP 	green: autoDraw = True
7.7455 	EXP 	red: autoDraw = True
7.7455 	EXP 	polygon_green: autoDraw = True
7.7455 	EXP 	polygon_red: autoDraw = True
7.7974 	DATA 	Mouse:  Left button up, pos=(726,54)
7.9034 	DATA 	Mouse: Left button down, pos=(726,54)
7.9163 	EXP 	New trial (rep=10, index=0): None
7.9493 	EXP 	header: autoDraw = False
7.9493 	EXP 	win_lose: autoDraw = False
7.9493 	EXP 	green: autoDraw = False
7.9493 	EXP 	red: autoDraw = False
7.9493 	EXP 	polygon_green: autoDraw = False
7.9493 	EXP 	polygon_red: autoDraw = False
7.9493 	EXP 	win_lose: height = 0.05
7.9493 	EXP 	win_lose: height = 0.05
7.9493 	EXP 	win_lose: height = 0.05
7.9493 	EXP 	win_lose: text = '0 Won | 1000 Lost'
7.9493 	EXP 	green: markerPos = None
7.9493 	EXP 	green: markerPos = 0
7.9493 	EXP 	red: markerPos = None
7.9493 	EXP 	red: markerPos = 0
7.9493 	EXP 	header: autoDraw = True
7.9493 	EXP 	win_lose: autoDraw = True
7.9493 	EXP 	green: autoDraw = True
7.9493 	EXP 	red: autoDraw = True
7.9493 	EXP 	polygon_green: autoDraw = True
7.9493 	EXP 	polygon_red: autoDraw = True
7.9781 	DATA 	Mouse:  Left button up, pos=(726,54)
8.0581 	DATA 	Mouse: Left button down, pos=(726,54)
8.0695 	EXP 	New trial (rep=11, index=0): None
8.1000 	EXP 	header: autoDraw = False
8.1000 	EXP 	win_lose: autoDraw = False
8.1000 	EXP 	green: autoDraw = False
8.1000 	EXP 	red: autoDraw = False
8.1000 	EXP 	polygon_green: autoDraw = False
8.1000 	EXP 	polygon_red: autoDraw = False
8.1000 	EXP 	win_lose: height = 0.05
8.1000 	EXP 	win_lose: height = 0.05
8.1000 	EXP 	win_lose: height = 0.05
8.1000 	EXP 	win_lose: text = '0 Won | 1100 Lost'
8.1000 	EXP 	green: markerPos = None
8.1000 	EXP 	green: markerPos = 0
8.1000 	EXP 	red: markerPos = None
8.1000 	EXP 	red: markerPos = 0
8.1000 	EXP 	header: autoDraw = True
8.1000 	EXP 	win_lose: autoDraw = True
8.1000 	EXP 	green: autoDraw = True
8.1000 	EXP 	red: autoDraw = True
8.1000 	EXP 	polygon_green: autoDraw = True
8.1000 	EXP 	polygon_red: autoDraw = True
8.1536 	DATA 	Mouse:  Left button up, pos=(726,54)
8.2078 	DATA 	Mouse: Left button down, pos=(726,54)
8.2194 	EXP 	New trial (rep=12, index=0): None
8.2510 	EXP 	header: autoDraw = False
8.2510 	EXP 	win_lose: autoDraw = False
8.2510 	EXP 	green: autoDraw = False
8.2510 	EXP 	red: autoDraw = False
8.2510 	EXP 	polygon_green: autoDraw = False
8.2510 	EXP 	polygon_red: autoDraw = False
8.2510 	EXP 	win_lose: height = 0.05
8.2510 	EXP 	win_lose: height = 0.05
8.2510 	EXP 	win_lose: height = 0.05
8.2510 	EXP 	win_lose: text = '0 Won | 1200 Lost'
8.2510 	EXP 	green: markerPos = None
8.2510 	EXP 	green: markerPos = 0
8.2510 	EXP 	red: markerPos = None
8.2510 	EXP 	red: markerPos = 0
8.2510 	EXP 	header: autoDraw = True
8.2510 	EXP 	win_lose: autoDraw = True
8.2510 	EXP 	green: autoDraw = True
8.2510 	EXP 	red: autoDraw = True
8.2510 	EXP 	polygon_green: autoDraw = True
8.2510 	EXP 	polygon_red: autoDraw = True
8.3034 	DATA 	Mouse:  Left button up, pos=(726,54)
8.3851 	DATA 	Mouse: Left button down, pos=(726,54)
8.3979 	EXP 	New trial (rep=13, index=0): None
8.4283 	EXP 	header: autoDraw = False
8.4283 	EXP 	win_lose: autoDraw = False
8.4283 	EXP 	green: autoDraw = False
8.4283 	EXP 	red: autoDraw = False
8.4283 	EXP 	polygon_green: autoDraw = False
8.4283 	EXP 	polygon_red: autoDraw = False
8.4283 	EXP 	win_lose: height = 0.05
8.4283 	EXP 	win_lose: height = 0.05
8.4283 	EXP 	win_lose: height = 0.05
8.4283 	EXP 	win_lose: text = '0 Won | 1300 Lost'
8.4283 	EXP 	green: markerPos = None
8.4283 	EXP 	green: markerPos = 0
8.4283 	EXP 	red: markerPos = None
8.4283 	EXP 	red: markerPos = 0
8.4283 	EXP 	header: autoDraw = True
8.4283 	EXP 	win_lose: autoDraw = True
8.4283 	EXP 	green: autoDraw = True
8.4283 	EXP 	red: autoDraw = True
8.4283 	EXP 	polygon_green: autoDraw = True
8.4283 	EXP 	polygon_red: autoDraw = True
8.4819 	DATA 	Mouse:  Left button up, pos=(726,54)
8.6738 	DATA 	Mouse: Left button down, pos=(1209,43)
8.6865 	EXP 	New trial (rep=14, index=0): None
8.7173 	EXP 	header: autoDraw = False
8.7173 	EXP 	win_lose: autoDraw = False
8.7173 	EXP 	green: autoDraw = False
8.7173 	EXP 	red: autoDraw = False
8.7173 	EXP 	polygon_green: autoDraw = False
8.7173 	EXP 	polygon_red: autoDraw = False
8.7173 	EXP 	win_lose: height = 0.05
8.7173 	EXP 	win_lose: height = 0.05
8.7173 	EXP 	win_lose: height = 0.05
8.7173 	EXP 	win_lose: text = '100 Won | 1300 Lost'
8.7173 	EXP 	green: markerPos = None
8.7173 	EXP 	green: markerPos = 0
8.7173 	EXP 	red: markerPos = None
8.7173 	EXP 	red: markerPos = 0
8.7173 	EXP 	header: autoDraw = True
8.7173 	EXP 	win_lose: autoDraw = True
8.7173 	EXP 	green: autoDraw = True
8.7173 	EXP 	red: autoDraw = True
8.7173 	EXP 	polygon_green: autoDraw = True
8.7173 	EXP 	polygon_red: autoDraw = True
8.7704 	DATA 	Mouse:  Left button up, pos=(1209,43)
8.9326 	DATA 	Mouse: Left button down, pos=(1239,82)
8.9456 	EXP 	New trial (rep=15, index=0): None
8.9762 	EXP 	header: autoDraw = False
8.9762 	EXP 	win_lose: autoDraw = False
8.9762 	EXP 	green: autoDraw = False
8.9762 	EXP 	red: autoDraw = False
8.9762 	EXP 	polygon_green: autoDraw = False
8.9762 	EXP 	polygon_red: autoDraw = False
8.9762 	EXP 	win_lose: height = 0.05
8.9762 	EXP 	win_lose: height = 0.05
8.9762 	EXP 	win_lose: height = 0.05
8.9762 	EXP 	win_lose: text = '200 Won | 1300 Lost'
8.9762 	EXP 	green: markerPos = None
8.9762 	EXP 	green: markerPos = 0
8.9762 	EXP 	red: markerPos = None
8.9762 	EXP 	red: markerPos = 0
8.9762 	EXP 	header: autoDraw = True
8.9762 	EXP 	win_lose: autoDraw = True
8.9762 	EXP 	green: autoDraw = True
8.9762 	EXP 	red: autoDraw = True
8.9762 	EXP 	polygon_green: autoDraw = True
8.9762 	EXP 	polygon_red: autoDraw = True
9.0048 	DATA 	Mouse:  Left button up, pos=(1239,82)
9.1127 	DATA 	Mouse: Left button down, pos=(1239,82)
9.1252 	EXP 	New trial (rep=16, index=0): None
9.1556 	EXP 	header: autoDraw = False
9.1556 	EXP 	win_lose: autoDraw = False
9.1556 	EXP 	green: autoDraw = False
9.1556 	EXP 	red: autoDraw = False
9.1556 	EXP 	polygon_green: autoDraw = False
9.1556 	EXP 	polygon_red: autoDraw = False
9.1556 	EXP 	win_lose: height = 0.05
9.1556 	EXP 	win_lose: height = 0.05
9.1556 	EXP 	win_lose: height = 0.05
9.1556 	EXP 	win_lose: text = '300 Won | 1300 Lost'
9.1556 	EXP 	green: markerPos = None
9.1556 	EXP 	green: markerPos = 0
9.1556 	EXP 	red: markerPos = None
9.1556 	EXP 	red: markerPos = 0
9.1556 	EXP 	header: autoDraw = True
9.1556 	EXP 	win_lose: autoDraw = True
9.1556 	EXP 	green: autoDraw = True
9.1556 	EXP 	red: autoDraw = True
9.1556 	EXP 	polygon_green: autoDraw = True
9.1556 	EXP 	polygon_red: autoDraw = True
9.2090 	DATA 	Mouse:  Left button up, pos=(1239,82)
9.2673 	DATA 	Mouse: Left button down, pos=(1239,82)
9.2786 	EXP 	New trial (rep=17, index=0): None
9.3087 	EXP 	header: autoDraw = False
9.3087 	EXP 	win_lose: autoDraw = False
9.3087 	EXP 	green: autoDraw = False
9.3087 	EXP 	red: autoDraw = False
9.3087 	EXP 	polygon_green: autoDraw = False
9.3087 	EXP 	polygon_red: autoDraw = False
9.3087 	EXP 	win_lose: height = 0.05
9.3087 	EXP 	win_lose: height = 0.05
9.3087 	EXP 	win_lose: height = 0.05
9.3087 	EXP 	win_lose: text = '400 Won | 1300 Lost'
9.3087 	EXP 	green: markerPos = None
9.3087 	EXP 	green: markerPos = 0
9.3087 	EXP 	red: markerPos = None
9.3087 	EXP 	red: markerPos = 0
9.3087 	EXP 	header: autoDraw = True
9.3087 	EXP 	win_lose: autoDraw = True
9.3087 	EXP 	green: autoDraw = True
9.3087 	EXP 	red: autoDraw = True
9.3087 	EXP 	polygon_green: autoDraw = True
9.3087 	EXP 	polygon_red: autoDraw = True
9.3626 	DATA 	Mouse:  Left button up, pos=(1239,82)
9.4706 	DATA 	Mouse: Left button down, pos=(1239,82)
9.4823 	EXP 	New trial (rep=18, index=0): None
9.5144 	EXP 	header: autoDraw = False
9.5144 	EXP 	win_lose: autoDraw = False
9.5144 	EXP 	green: autoDraw = False
9.5144 	EXP 	red: autoDraw = False
9.5144 	EXP 	polygon_green: autoDraw = False
9.5144 	EXP 	polygon_red: autoDraw = False
9.5144 	EXP 	win_lose: height = 0.05
9.5144 	EXP 	win_lose: height = 0.05
9.5144 	EXP 	win_lose: height = 0.05
9.5144 	EXP 	win_lose: text = '500 Won | 1300 Lost'
9.5144 	EXP 	green: markerPos = None
9.5144 	EXP 	green: markerPos = 0
9.5144 	EXP 	red: markerPos = None
9.5144 	EXP 	red: markerPos = 0
9.5144 	EXP 	header: autoDraw = True
9.5144 	EXP 	win_lose: autoDraw = True
9.5144 	EXP 	green: autoDraw = True
9.5144 	EXP 	red: autoDraw = True
9.5144 	EXP 	polygon_green: autoDraw = True
9.5144 	EXP 	polygon_red: autoDraw = True
9.5433 	DATA 	Mouse:  Left button up, pos=(1239,82)
9.6226 	DATA 	Mouse: Left button down, pos=(1239,82)
9.6355 	EXP 	New trial (rep=19, index=0): None
9.6656 	EXP 	header: autoDraw = False
9.6656 	EXP 	win_lose: autoDraw = False
9.6656 	EXP 	green: autoDraw = False
9.6656 	EXP 	red: autoDraw = False
9.6656 	EXP 	polygon_green: autoDraw = False
9.6656 	EXP 	polygon_red: autoDraw = False
9.6656 	EXP 	win_lose: height = 0.05
9.6656 	EXP 	win_lose: height = 0.05
9.6656 	EXP 	win_lose: height = 0.05
9.6656 	EXP 	win_lose: text = '600 Won | 1300 Lost'
9.6656 	EXP 	green: markerPos = None
9.6656 	EXP 	green: markerPos = 0
9.6656 	EXP 	red: markerPos = None
9.6656 	EXP 	red: markerPos = 0
9.6656 	EXP 	header: autoDraw = True
9.6656 	EXP 	win_lose: autoDraw = True
9.6656 	EXP 	green: autoDraw = True
9.6656 	EXP 	red: autoDraw = True
9.6656 	EXP 	polygon_green: autoDraw = True
9.6656 	EXP 	polygon_red: autoDraw = True
9.7198 	DATA 	Mouse:  Left button up, pos=(1239,82)
9.8288 	DATA 	Mouse: Left button down, pos=(1239,82)
9.8416 	EXP 	New trial (rep=20, index=0): None
9.8717 	EXP 	header: autoDraw = False
9.8717 	EXP 	win_lose: autoDraw = False
9.8717 	EXP 	green: autoDraw = False
9.8717 	EXP 	red: autoDraw = False
9.8717 	EXP 	polygon_green: autoDraw = False
9.8717 	EXP 	polygon_red: autoDraw = False
9.8717 	EXP 	win_lose: height = 0.05
9.8717 	EXP 	win_lose: height = 0.05
9.8717 	EXP 	win_lose: height = 0.05
9.8717 	EXP 	win_lose: text = '700 Won | 1300 Lost'
9.8717 	EXP 	green: markerPos = None
9.8717 	EXP 	green: markerPos = 0
9.8717 	EXP 	red: markerPos = None
9.8717 	EXP 	red: markerPos = 0
9.8717 	EXP 	header: autoDraw = True
9.8717 	EXP 	win_lose: autoDraw = True
9.8717 	EXP 	green: autoDraw = True
9.8717 	EXP 	red: autoDraw = True
9.8717 	EXP 	polygon_green: autoDraw = True
9.8717 	EXP 	polygon_red: autoDraw = True
9.8962 	DATA 	Mouse:  Left button up, pos=(1239,82)
9.9811 	DATA 	Mouse: Left button down, pos=(1239,82)
9.9954 	EXP 	New trial (rep=21, index=0): None
10.0282 	EXP 	header: autoDraw = False
10.0282 	EXP 	win_lose: autoDraw = False
10.0282 	EXP 	green: autoDraw = False
10.0282 	EXP 	red: autoDraw = False
10.0282 	EXP 	polygon_green: autoDraw = False
10.0282 	EXP 	polygon_red: autoDraw = False
10.0282 	EXP 	win_lose: height = 0.05
10.0282 	EXP 	win_lose: height = 0.05
10.0282 	EXP 	win_lose: height = 0.05
10.0282 	EXP 	win_lose: text = '800 Won | 1300 Lost'
10.0282 	EXP 	green: markerPos = None
10.0282 	EXP 	green: markerPos = 0
10.0282 	EXP 	red: markerPos = None
10.0282 	EXP 	red: markerPos = 0
10.0282 	EXP 	header: autoDraw = True
10.0282 	EXP 	win_lose: autoDraw = True
10.0282 	EXP 	green: autoDraw = True
10.0282 	EXP 	red: autoDraw = True
10.0282 	EXP 	polygon_green: autoDraw = True
10.0282 	EXP 	polygon_red: autoDraw = True
10.1103 	DATA 	Mouse:  Left button up, pos=(1239,82)
10.1669 	DATA 	Mouse: Left button down, pos=(1239,82)
10.1812 	EXP 	New trial (rep=22, index=0): None
10.2113 	EXP 	header: autoDraw = False
10.2113 	EXP 	win_lose: autoDraw = False
10.2113 	EXP 	green: autoDraw = False
10.2113 	EXP 	red: autoDraw = False
10.2113 	EXP 	polygon_green: autoDraw = False
10.2113 	EXP 	polygon_red: autoDraw = False
10.2113 	EXP 	win_lose: height = 0.05
10.2113 	EXP 	win_lose: height = 0.05
10.2113 	EXP 	win_lose: height = 0.05
10.2113 	EXP 	win_lose: text = '900 Won | 1300 Lost'
10.2113 	EXP 	green: markerPos = None
10.2113 	EXP 	green: markerPos = 0
10.2113 	EXP 	red: markerPos = None
10.2113 	EXP 	red: markerPos = 0
10.2113 	EXP 	header: autoDraw = True
10.2113 	EXP 	win_lose: autoDraw = True
10.2113 	EXP 	green: autoDraw = True
10.2113 	EXP 	red: autoDraw = True
10.2113 	EXP 	polygon_green: autoDraw = True
10.2113 	EXP 	polygon_red: autoDraw = True
10.2655 	DATA 	Mouse:  Left button up, pos=(1239,82)
10.3448 	DATA 	Mouse: Left button down, pos=(1239,82)
10.3585 	EXP 	New trial (rep=23, index=0): None
10.3922 	EXP 	header: autoDraw = False
10.3922 	EXP 	win_lose: autoDraw = False
10.3922 	EXP 	green: autoDraw = False
10.3922 	EXP 	red: autoDraw = False
10.3922 	EXP 	polygon_green: autoDraw = False
10.3922 	EXP 	polygon_red: autoDraw = False
10.3922 	EXP 	win_lose: height = 0.05
10.3922 	EXP 	win_lose: height = 0.05
10.3922 	EXP 	win_lose: height = 0.05
10.3922 	EXP 	win_lose: text = '1000 Won | 1300 Lost'
10.3922 	EXP 	green: markerPos = None
10.3922 	EXP 	green: markerPos = 0
10.3922 	EXP 	red: markerPos = None
10.3922 	EXP 	red: markerPos = 0
10.3922 	EXP 	header: autoDraw = True
10.3922 	EXP 	win_lose: autoDraw = True
10.3922 	EXP 	green: autoDraw = True
10.3922 	EXP 	red: autoDraw = True
10.3922 	EXP 	polygon_green: autoDraw = True
10.3922 	EXP 	polygon_red: autoDraw = True
10.4459 	DATA 	Mouse:  Left button up, pos=(1239,82)
10.5036 	DATA 	Mouse: Left button down, pos=(1239,82)
10.5150 	EXP 	New trial (rep=24, index=0): None
10.5454 	EXP 	header: autoDraw = False
10.5454 	EXP 	win_lose: autoDraw = False
10.5454 	EXP 	green: autoDraw = False
10.5454 	EXP 	red: autoDraw = False
10.5454 	EXP 	polygon_green: autoDraw = False
10.5454 	EXP 	polygon_red: autoDraw = False
10.5454 	EXP 	win_lose: height = 0.05
10.5454 	EXP 	win_lose: height = 0.05
10.5454 	EXP 	win_lose: height = 0.05
10.5454 	EXP 	win_lose: text = '1100 Won | 1300 Lost'
10.5454 	EXP 	green: markerPos = None
10.5454 	EXP 	green: markerPos = 0
10.5454 	EXP 	red: markerPos = None
10.5454 	EXP 	red: markerPos = 0
10.5454 	EXP 	header: autoDraw = True
10.5454 	EXP 	win_lose: autoDraw = True
10.5454 	EXP 	green: autoDraw = True
10.5454 	EXP 	red: autoDraw = True
10.5454 	EXP 	polygon_green: autoDraw = True
10.5454 	EXP 	polygon_red: autoDraw = True
10.6283 	DATA 	Mouse:  Left button up, pos=(1239,82)
10.7073 	DATA 	Mouse: Left button down, pos=(1239,82)
10.7225 	EXP 	New trial (rep=25, index=0): None
10.7555 	EXP 	header: autoDraw = False
10.7555 	EXP 	win_lose: autoDraw = False
10.7555 	EXP 	green: autoDraw = False
10.7555 	EXP 	red: autoDraw = False
10.7555 	EXP 	polygon_green: autoDraw = False
10.7555 	EXP 	polygon_red: autoDraw = False
10.7555 	EXP 	win_lose: height = 0.05
10.7555 	EXP 	win_lose: height = 0.05
10.7555 	EXP 	win_lose: height = 0.05
10.7555 	EXP 	win_lose: text = '1200 Won | 1300 Lost'
10.7555 	EXP 	green: markerPos = None
10.7555 	EXP 	green: markerPos = 0
10.7555 	EXP 	red: markerPos = None
10.7555 	EXP 	red: markerPos = 0
10.7555 	EXP 	header: autoDraw = True
10.7555 	EXP 	win_lose: autoDraw = True
10.7555 	EXP 	green: autoDraw = True
10.7555 	EXP 	red: autoDraw = True
10.7555 	EXP 	polygon_green: autoDraw = True
10.7555 	EXP 	polygon_red: autoDraw = True
10.8081 	DATA 	Mouse:  Left button up, pos=(1239,82)
10.8890 	DATA 	Mouse: Left button down, pos=(1239,82)
10.9020 	EXP 	New trial (rep=26, index=0): None
10.9321 	EXP 	header: autoDraw = False
10.9321 	EXP 	win_lose: autoDraw = False
10.9321 	EXP 	green: autoDraw = False
10.9321 	EXP 	red: autoDraw = False
10.9321 	EXP 	polygon_green: autoDraw = False
10.9321 	EXP 	polygon_red: autoDraw = False
10.9321 	EXP 	win_lose: height = 0.05
10.9321 	EXP 	win_lose: height = 0.05
10.9321 	EXP 	win_lose: height = 0.05
10.9321 	EXP 	win_lose: text = '1300 Won | 1300 Lost'
10.9321 	EXP 	green: markerPos = None
10.9321 	EXP 	green: markerPos = 0
10.9321 	EXP 	red: markerPos = None
10.9321 	EXP 	red: markerPos = 0
10.9321 	EXP 	header: autoDraw = True
10.9321 	EXP 	win_lose: autoDraw = True
10.9321 	EXP 	green: autoDraw = True
10.9321 	EXP 	red: autoDraw = True
10.9321 	EXP 	polygon_green: autoDraw = True
10.9321 	EXP 	polygon_red: autoDraw = True
10.9860 	DATA 	Mouse:  Left button up, pos=(1239,82)
11.0953 	DATA 	Mouse: Left button down, pos=(1239,82)
11.1084 	EXP 	New trial (rep=27, index=0): None
11.1388 	EXP 	header: autoDraw = False
11.1388 	EXP 	win_lose: autoDraw = False
11.1388 	EXP 	green: autoDraw = False
11.1388 	EXP 	red: autoDraw = False
11.1388 	EXP 	polygon_green: autoDraw = False
11.1388 	EXP 	polygon_red: autoDraw = False
11.1388 	EXP 	win_lose: height = 0.05
11.1388 	EXP 	win_lose: height = 0.05
11.1388 	EXP 	win_lose: height = 0.05
11.1388 	EXP 	win_lose: text = '1400 Won | 1300 Lost'
11.1388 	EXP 	green: markerPos = None
11.1388 	EXP 	green: markerPos = 0
11.1388 	EXP 	red: markerPos = None
11.1388 	EXP 	red: markerPos = 0
11.1388 	EXP 	header: autoDraw = True
11.1388 	EXP 	win_lose: autoDraw = True
11.1388 	EXP 	green: autoDraw = True
11.1388 	EXP 	red: autoDraw = True
11.1388 	EXP 	polygon_green: autoDraw = True
11.1388 	EXP 	polygon_red: autoDraw = True
11.1636 	DATA 	Mouse:  Left button up, pos=(1239,82)
11.2476 	DATA 	Mouse: Left button down, pos=(1239,82)
11.2620 	EXP 	New trial (rep=28, index=0): None
11.2921 	EXP 	header: autoDraw = False
11.2921 	EXP 	win_lose: autoDraw = False
11.2921 	EXP 	green: autoDraw = False
11.2921 	EXP 	red: autoDraw = False
11.2921 	EXP 	polygon_green: autoDraw = False
11.2921 	EXP 	polygon_red: autoDraw = False
11.2921 	EXP 	win_lose: height = 0.05
11.2921 	EXP 	win_lose: height = 0.05
11.2921 	EXP 	win_lose: height = 0.05
11.2921 	EXP 	win_lose: text = '1500 Won | 1300 Lost'
11.2921 	EXP 	green: markerPos = None
11.2921 	EXP 	green: markerPos = 0
11.2921 	EXP 	red: markerPos = None
11.2921 	EXP 	red: markerPos = 0
11.2921 	EXP 	header: autoDraw = True
11.2921 	EXP 	win_lose: autoDraw = True
11.2921 	EXP 	green: autoDraw = True
11.2921 	EXP 	red: autoDraw = True
11.2921 	EXP 	polygon_green: autoDraw = True
11.2921 	EXP 	polygon_red: autoDraw = True
11.3464 	DATA 	Mouse:  Left button up, pos=(1239,82)
11.4532 	DATA 	Mouse: Left button down, pos=(1239,82)
11.4673 	EXP 	New trial (rep=29, index=0): None
11.5008 	EXP 	header: autoDraw = False
11.5008 	EXP 	win_lose: autoDraw = False
11.5008 	EXP 	green: autoDraw = False
11.5008 	EXP 	red: autoDraw = False
11.5008 	EXP 	polygon_green: autoDraw = False
11.5008 	EXP 	polygon_red: autoDraw = False
11.5008 	EXP 	win_lose: height = 0.05
11.5008 	EXP 	win_lose: height = 0.05
11.5008 	EXP 	win_lose: height = 0.05
11.5008 	EXP 	win_lose: text = '1600 Won | 1300 Lost'
11.5008 	EXP 	green: markerPos = None
11.5008 	EXP 	green: markerPos = 0
11.5008 	EXP 	red: markerPos = None
11.5008 	EXP 	red: markerPos = 0
11.5008 	EXP 	header: autoDraw = True
11.5008 	EXP 	win_lose: autoDraw = True
11.5008 	EXP 	green: autoDraw = True
11.5008 	EXP 	red: autoDraw = True
11.5008 	EXP 	polygon_green: autoDraw = True
11.5008 	EXP 	polygon_red: autoDraw = True
11.5541 	DATA 	Mouse:  Left button up, pos=(1239,82)
11.6108 	DATA 	Mouse: Left button down, pos=(1239,82)
11.6220 	EXP 	New trial (rep=30, index=0): None
11.6525 	EXP 	header: autoDraw = False
11.6525 	EXP 	win_lose: autoDraw = False
11.6525 	EXP 	green: autoDraw = False
11.6525 	EXP 	red: autoDraw = False
11.6525 	EXP 	polygon_green: autoDraw = False
11.6525 	EXP 	polygon_red: autoDraw = False
11.6525 	EXP 	win_lose: height = 0.05
11.6525 	EXP 	win_lose: height = 0.05
11.6525 	EXP 	win_lose: height = 0.05
11.6525 	EXP 	win_lose: text = '1700 Won | 1300 Lost'
11.6525 	EXP 	green: markerPos = None
11.6525 	EXP 	green: markerPos = 0
11.6525 	EXP 	red: markerPos = None
11.6525 	EXP 	red: markerPos = 0
11.6525 	EXP 	header: autoDraw = True
11.6525 	EXP 	win_lose: autoDraw = True
11.6525 	EXP 	green: autoDraw = True
11.6525 	EXP 	red: autoDraw = True
11.6525 	EXP 	polygon_green: autoDraw = True
11.6525 	EXP 	polygon_red: autoDraw = True
11.7347 	DATA 	Mouse:  Left button up, pos=(1239,82)
11.8145 	DATA 	Mouse: Left button down, pos=(1239,82)
11.8296 	EXP 	New trial (rep=31, index=0): None
11.8629 	EXP 	header: autoDraw = False
11.8629 	EXP 	win_lose: autoDraw = False
11.8629 	EXP 	green: autoDraw = False
11.8629 	EXP 	red: autoDraw = False
11.8629 	EXP 	polygon_green: autoDraw = False
11.8629 	EXP 	polygon_red: autoDraw = False
11.8629 	EXP 	win_lose: height = 0.05
11.8629 	EXP 	win_lose: height = 0.05
11.8629 	EXP 	win_lose: height = 0.05
11.8629 	EXP 	win_lose: text = '1800 Won | 1300 Lost'
11.8629 	EXP 	green: markerPos = None
11.8629 	EXP 	green: markerPos = 0
11.8629 	EXP 	red: markerPos = None
11.8629 	EXP 	red: markerPos = 0
11.8629 	EXP 	header: autoDraw = True
11.8629 	EXP 	win_lose: autoDraw = True
11.8629 	EXP 	green: autoDraw = True
11.8629 	EXP 	red: autoDraw = True
11.8629 	EXP 	polygon_green: autoDraw = True
11.8629 	EXP 	polygon_red: autoDraw = True
11.9156 	DATA 	Mouse:  Left button up, pos=(1239,82)
11.9974 	DATA 	Mouse: Left button down, pos=(1239,82)
12.0105 	EXP 	New trial (rep=32, index=0): None
12.0412 	EXP 	header: autoDraw = False
12.0412 	EXP 	win_lose: autoDraw = False
12.0412 	EXP 	green: autoDraw = False
12.0412 	EXP 	red: autoDraw = False
12.0412 	EXP 	polygon_green: autoDraw = False
12.0412 	EXP 	polygon_red: autoDraw = False
12.0412 	EXP 	win_lose: height = 0.05
12.0412 	EXP 	win_lose: height = 0.05
12.0412 	EXP 	win_lose: height = 0.05
12.0412 	EXP 	win_lose: text = '1900 Won | 1300 Lost'
12.0412 	EXP 	green: markerPos = None
12.0412 	EXP 	green: markerPos = 0
12.0412 	EXP 	red: markerPos = None
12.0412 	EXP 	red: markerPos = 0
12.0412 	EXP 	header: autoDraw = True
12.0412 	EXP 	win_lose: autoDraw = True
12.0412 	EXP 	green: autoDraw = True
12.0412 	EXP 	red: autoDraw = True
12.0412 	EXP 	polygon_green: autoDraw = True
12.0412 	EXP 	polygon_red: autoDraw = True
12.0951 	DATA 	Mouse:  Left button up, pos=(1239,82)
12.1792 	DATA 	Mouse: Left button down, pos=(1239,82)
12.1918 	EXP 	New trial (rep=33, index=0): None
12.2223 	EXP 	header: autoDraw = False
12.2223 	EXP 	win_lose: autoDraw = False
12.2223 	EXP 	green: autoDraw = False
12.2223 	EXP 	red: autoDraw = False
12.2223 	EXP 	polygon_green: autoDraw = False
12.2223 	EXP 	polygon_red: autoDraw = False
12.2223 	EXP 	win_lose: height = 0.05
12.2223 	EXP 	win_lose: height = 0.05
12.2223 	EXP 	win_lose: height = 0.05
12.2223 	EXP 	win_lose: text = '2000 Won | 1300 Lost'
12.2223 	EXP 	green: markerPos = None
12.2223 	EXP 	green: markerPos = 0
12.2223 	EXP 	red: markerPos = None
12.2223 	EXP 	red: markerPos = 0
12.2223 	EXP 	header: autoDraw = True
12.2223 	EXP 	win_lose: autoDraw = True
12.2223 	EXP 	green: autoDraw = True
12.2223 	EXP 	red: autoDraw = True
12.2223 	EXP 	polygon_green: autoDraw = True
12.2223 	EXP 	polygon_red: autoDraw = True
12.2762 	DATA 	Mouse:  Left button up, pos=(1239,82)
12.3559 	DATA 	Mouse: Left button down, pos=(1239,82)
12.3692 	EXP 	New trial (rep=34, index=0): None
12.4025 	EXP 	header: autoDraw = False
12.4025 	EXP 	win_lose: autoDraw = False
12.4025 	EXP 	green: autoDraw = False
12.4025 	EXP 	red: autoDraw = False
12.4025 	EXP 	polygon_green: autoDraw = False
12.4025 	EXP 	polygon_red: autoDraw = False
12.4025 	EXP 	win_lose: height = 0.05
12.4025 	EXP 	win_lose: height = 0.05
12.4025 	EXP 	win_lose: height = 0.05
12.4025 	EXP 	win_lose: text = '2100 Won | 1300 Lost'
12.4025 	EXP 	green: markerPos = None
12.4025 	EXP 	green: markerPos = 0
12.4025 	EXP 	red: markerPos = None
12.4025 	EXP 	red: markerPos = 0
12.4025 	EXP 	header: autoDraw = True
12.4025 	EXP 	win_lose: autoDraw = True
12.4025 	EXP 	green: autoDraw = True
12.4025 	EXP 	red: autoDraw = True
12.4025 	EXP 	polygon_green: autoDraw = True
12.4025 	EXP 	polygon_red: autoDraw = True
12.4561 	DATA 	Mouse:  Left button up, pos=(1239,82)
12.5374 	DATA 	Mouse: Left button down, pos=(1239,82)
12.5505 	EXP 	New trial (rep=35, index=0): None
12.5812 	EXP 	header: autoDraw = False
12.5812 	EXP 	win_lose: autoDraw = False
12.5812 	EXP 	green: autoDraw = False
12.5812 	EXP 	red: autoDraw = False
12.5812 	EXP 	polygon_green: autoDraw = False
12.5812 	EXP 	polygon_red: autoDraw = False
12.5812 	EXP 	win_lose: height = 0.05
12.5812 	EXP 	win_lose: height = 0.05
12.5812 	EXP 	win_lose: height = 0.05
12.5812 	EXP 	win_lose: text = '2200 Won | 1300 Lost'
12.5812 	EXP 	green: markerPos = None
12.5812 	EXP 	green: markerPos = 0
12.5812 	EXP 	red: markerPos = None
12.5812 	EXP 	red: markerPos = 0
12.5812 	EXP 	header: autoDraw = True
12.5812 	EXP 	win_lose: autoDraw = True
12.5812 	EXP 	green: autoDraw = True
12.5812 	EXP 	red: autoDraw = True
12.5812 	EXP 	polygon_green: autoDraw = True
12.5812 	EXP 	polygon_red: autoDraw = True
12.6348 	DATA 	Mouse:  Left button up, pos=(1239,82)
12.7430 	DATA 	Mouse: Left button down, pos=(1239,82)
12.7562 	EXP 	New trial (rep=36, index=0): None
12.7865 	EXP 	header: autoDraw = False
12.7865 	EXP 	win_lose: autoDraw = False
12.7865 	EXP 	green: autoDraw = False
12.7865 	EXP 	red: autoDraw = False
12.7865 	EXP 	polygon_green: autoDraw = False
12.7865 	EXP 	polygon_red: autoDraw = False
12.7865 	EXP 	win_lose: height = 0.05
12.7865 	EXP 	win_lose: height = 0.05
12.7865 	EXP 	win_lose: height = 0.05
12.7865 	EXP 	win_lose: text = '2300 Won | 1300 Lost'
12.7865 	EXP 	green: markerPos = None
12.7865 	EXP 	green: markerPos = 0
12.7865 	EXP 	red: markerPos = None
12.7865 	EXP 	red: markerPos = 0
12.7865 	EXP 	header: autoDraw = True
12.7865 	EXP 	win_lose: autoDraw = True
12.7865 	EXP 	green: autoDraw = True
12.7865 	EXP 	red: autoDraw = True
12.7865 	EXP 	polygon_green: autoDraw = True
12.7865 	EXP 	polygon_red: autoDraw = True
12.8401 	DATA 	Mouse:  Left button up, pos=(1239,82)
12.9235 	DATA 	Mouse: Left button down, pos=(1239,82)
12.9360 	EXP 	New trial (rep=37, index=0): None
12.9684 	EXP 	header: autoDraw = False
12.9684 	EXP 	win_lose: autoDraw = False
12.9684 	EXP 	green: autoDraw = False
12.9684 	EXP 	red: autoDraw = False
12.9684 	EXP 	polygon_green: autoDraw = False
12.9684 	EXP 	polygon_red: autoDraw = False
12.9684 	EXP 	win_lose: height = 0.05
12.9684 	EXP 	win_lose: height = 0.05
12.9684 	EXP 	win_lose: height = 0.05
12.9684 	EXP 	win_lose: text = '2400 Won | 1300 Lost'
12.9684 	EXP 	green: markerPos = None
12.9684 	EXP 	green: markerPos = 0
12.9684 	EXP 	red: markerPos = None
12.9684 	EXP 	red: markerPos = 0
12.9684 	EXP 	header: autoDraw = True
12.9684 	EXP 	win_lose: autoDraw = True
12.9684 	EXP 	green: autoDraw = True
12.9684 	EXP 	red: autoDraw = True
12.9684 	EXP 	polygon_green: autoDraw = True
12.9684 	EXP 	polygon_red: autoDraw = True
13.0249 	DATA 	Mouse:  Left button up, pos=(1239,82)
13.1311 	DATA 	Mouse: Left button down, pos=(1239,82)
13.1441 	EXP 	New trial (rep=38, index=0): None
13.1751 	EXP 	header: autoDraw = False
13.1751 	EXP 	win_lose: autoDraw = False
13.1751 	EXP 	green: autoDraw = False
13.1751 	EXP 	red: autoDraw = False
13.1751 	EXP 	polygon_green: autoDraw = False
13.1751 	EXP 	polygon_red: autoDraw = False
13.1751 	EXP 	win_lose: height = 0.05
13.1751 	EXP 	win_lose: height = 0.05
13.1751 	EXP 	win_lose: height = 0.05
13.1751 	EXP 	win_lose: text = '2500 Won | 1300 Lost'
13.1751 	EXP 	green: markerPos = None
13.1751 	EXP 	green: markerPos = 0
13.1751 	EXP 	red: markerPos = None
13.1751 	EXP 	red: markerPos = 0
13.1751 	EXP 	header: autoDraw = True
13.1751 	EXP 	win_lose: autoDraw = True
13.1751 	EXP 	green: autoDraw = True
13.1751 	EXP 	red: autoDraw = True
13.1751 	EXP 	polygon_green: autoDraw = True
13.1751 	EXP 	polygon_red: autoDraw = True
13.2296 	DATA 	Mouse:  Left button up, pos=(1239,82)
13.2872 	DATA 	Mouse: Left button down, pos=(1239,82)
13.2998 	EXP 	New trial (rep=39, index=0): None
13.3314 	EXP 	header: autoDraw = False
13.3314 	EXP 	win_lose: autoDraw = False
13.3314 	EXP 	green: autoDraw = False
13.3314 	EXP 	red: autoDraw = False
13.3314 	EXP 	polygon_green: autoDraw = False
13.3314 	EXP 	polygon_red: autoDraw = False
13.3314 	EXP 	win_lose: height = 0.05
13.3314 	EXP 	win_lose: height = 0.05
13.3314 	EXP 	win_lose: height = 0.05
13.3314 	EXP 	win_lose: text = '2600 Won | 1300 Lost'
13.3314 	EXP 	green: markerPos = None
13.3314 	EXP 	green: markerPos = 0
13.3314 	EXP 	red: markerPos = None
13.3314 	EXP 	red: markerPos = 0
13.3314 	EXP 	header: autoDraw = True
13.3314 	EXP 	win_lose: autoDraw = True
13.3314 	EXP 	green: autoDraw = True
13.3314 	EXP 	red: autoDraw = True
13.3314 	EXP 	polygon_green: autoDraw = True
13.3314 	EXP 	polygon_red: autoDraw = True
13.3847 	DATA 	Mouse:  Left button up, pos=(1239,82)
13.7298 	DATA 	Keypress: lwindows
23.6102 	DATA 	Mouse: Left button down, pos=(422,780)
23.6935 	DATA 	Mouse:  Left button up, pos=(422,780)
24.8145 	DATA 	Keypress: escape
25.1239 	EXP 	window1: mouseVisible = True
