1.1479 	WARNING 	We strongly recommend you activate the PTB sound engine in PsychoPy prefs as the preferred audio engine. Its timing is vastly superior. Your prefs are currently set to use ['sounddevice', 'PTB', 'pyo', 'pygame'] (in that order).
3.4156 	WARNING 	User requested fullscreen with size [1024  768], but screen is actually [1920, 1080]. Using actual size
3.7076 	EXP 	Created window1 = Window(allowGUI=True, allowStencil=False, autoLog=True, backendConf=UNKNOWN, bitsMode=UNKNOWN, blendMode='avg', bpc=(8, 8, 8), color=array([0, 0, 0]), colorSpace='rgb', depthBits=8, fullscr=<method-wrapper '__getattribute__' of attributeSetter object at 0x0000013AFB99A100>, gamma=None, gammaErrorPolicy='raise', lms=UNKNOWN, monitor=<psychopy.monitors.calibTools.Monitor object at 0x0000013AFD890370>, multiSample=False, name='window1', numSamples=2, pos=(0, 0), screen=0, size=array([1920, 1080]), stencilBits=0, stereo=False, units='height', useFBO=True, useRetina=False, viewOri=0.0, viewPos=None, viewScale=None, waitBlanking=True, winType='pyglet')
3.7077 	EXP 	window1: mouseVisible = True
3.7077 	EXP 	window1: mouseVisible = False
3.7078 	EXP 	window1: Attempting to measure frame rate of screen (0) ...
3.7078 	EXP 	window1: recordFrameIntervals = False
3.7490 	EXP 	window1: recordFrameIntervals = True
3.7951 	EXP 	Screen (0) actual frame rate measured at 239.60Hz
3.7951 	EXP 	window1: recordFrameIntervals = False
5.1466 	EXP 	Created text = TextStim(__class__=<class 'psychopy.visual.text.TextStim'>, alignHoriz=method-wrapper(...), alignText='center', alignVert=method-wrapper(...), anchorHoriz='center', anchorVert='center', antialias=True, autoDraw=False, autoLog=True, bold=False, color=array([1, 1, 1]), colorSpace='rgb', contrast=1.0, depth=0.0, flipHoriz=False, flipVert=False, font='Open Sans', fontFiles=[], height=0.07, italic=False, languageStyle='LTR', name='text', opacity=1.0, ori=0.0, pos=array([0. , 0.3]), rgb=UNKNOWN, text='Progress Bar Example', units='height', win=Window(...), wrapWidth=1)
5.1772 	EXP 	window1: mouseVisible = True
5.1911 	EXP 	window1: mouseVisible = True
5.1921 	EXP 	Created win_lose = TextStim(__class__=<class 'psychopy.visual.text.TextStim'>, alignHoriz=method-wrapper(...), alignText='center', alignVert=method-wrapper(...), anchorHoriz='center', anchorVert='center', antialias=True, autoDraw=False, autoLog=True, bold=False, color=array([1, 1, 1]), colorSpace='rgb', contrast=1.0, depth=-4.0, flipHoriz=False, flipVert=False, font='Open Sans', fontFiles=[], height=0.05, italic=False, languageStyle='LTR', name='win_lose', opacity=1.0, ori=0.0, pos=array([0. , 0.1]), rgb=UNKNOWN, text='', units='height', win=Window(...), wrapWidth=1)
5.1988 	EXP 	Created sequence: random, trialTypes=1, nReps=999, seed=None
5.2009 	EXP 	New trial (rep=0, index=0): None
5.2192 	EXP 	win_lose: height = 0.05
5.2192 	EXP 	win_lose: height = 0.05
5.2192 	EXP 	win_lose: height = 0.05
5.2192 	EXP 	win_lose: text = '0 Won | 0Lost'
5.2192 	EXP 	text: autoDraw = True
5.2192 	EXP 	win_lose: autoDraw = True
5.9299 	DATA 	Mouse: Left button down, pos=(676,282)
6.0305 	DATA 	Mouse:  Left button up, pos=(676,282)
6.6021 	DATA 	Mouse: Left button down, pos=(1329,350)
6.6855 	DATA 	Mouse:  Left button up, pos=(1329,350)
6.7938 	DATA 	Mouse: Left button down, pos=(1329,350)
6.8873 	DATA 	Mouse:  Left button up, pos=(1329,350)
7.1202 	DATA 	Mouse: Left button down, pos=(629,338)
7.2137 	DATA 	Mouse:  Left button up, pos=(629,338)
7.4272 	DATA 	Mouse: Left button down, pos=(1360,309)
7.5272 	DATA 	Mouse:  Left button up, pos=(1360,309)
7.7029 	DATA 	Keypress: escape
7.9977 	EXP 	window1: mouseVisible = True
