1.1355 	WARNING 	We strongly recommend you activate the PTB sound engine in PsychoPy prefs as the preferred audio engine. Its timing is vastly superior. Your prefs are currently set to use ['sounddevice', 'PTB', 'pyo', 'pygame'] (in that order).
3.6874 	WARNING 	User requested fullscreen with size [1024  768], but screen is actually [1920, 1080]. Using actual size
3.9917 	EXP 	Created window1 = Window(allowGUI=True, allowStencil=False, autoLog=True, backendConf=UNKNOWN, bitsMode=UNKNOWN, blendMode='avg', bpc=(8, 8, 8), color=array([0, 0, 0]), colorSpace='rgb', depthBits=8, fullscr=<method-wrapper '__getattribute__' of attributeSetter object at 0x0000010B5DB2B0D0>, gamma=None, gammaErrorPolicy='raise', lms=UNKNOWN, monitor=<psychopy.monitors.calibTools.Monitor object at 0x0000010B5FA20400>, multiSample=False, name='window1', numSamples=2, pos=(0, 0), screen=0, size=array([1920, 1080]), stencilBits=0, stereo=False, units='height', useFBO=True, useRetina=False, viewOri=0.0, viewPos=None, viewScale=None, waitBlanking=True, winType='pyglet')
3.9918 	EXP 	window1: mouseVisible = True
3.9918 	EXP 	window1: mouseVisible = False
3.9919 	EXP 	window1: Attempting to measure frame rate of screen (0) ...
3.9919 	EXP 	window1: recordFrameIntervals = False
4.0332 	EXP 	window1: recordFrameIntervals = True
4.0794 	EXP 	Screen (0) actual frame rate measured at 239.13Hz
4.0794 	EXP 	window1: recordFrameIntervals = False
5.4287 	EXP 	Created text = TextStim(__class__=<class 'psychopy.visual.text.TextStim'>, alignHoriz=method-wrapper(...), alignText='center', alignVert=method-wrapper(...), anchorHoriz='center', anchorVert='center', antialias=True, autoDraw=False, autoLog=True, bold=False, color=array([1, 1, 1]), colorSpace='rgb', contrast=1.0, depth=0.0, flipHoriz=False, flipVert=False, font='Open Sans', fontFiles=[], height=0.07, italic=False, languageStyle='LTR', name='text', opacity=1.0, ori=0.0, pos=array([0. , 0.3]), rgb=UNKNOWN, text='Progress Bar Example', units='height', win=Window(...), wrapWidth=1)
5.4583 	EXP 	window1: mouseVisible = True
5.4725 	EXP 	window1: mouseVisible = True
5.4734 	EXP 	Created win_lose = TextStim(__class__=<class 'psychopy.visual.text.TextStim'>, alignHoriz=method-wrapper(...), alignText='center', alignVert=method-wrapper(...), anchorHoriz='center', anchorVert='center', antialias=True, autoDraw=False, autoLog=True, bold=False, color=array([1, 1, 1]), colorSpace='rgb', contrast=1.0, depth=-4.0, flipHoriz=False, flipVert=False, font='Open Sans', fontFiles=[], height=0.05, italic=False, languageStyle='LTR', name='win_lose', opacity=1.0, ori=0.0, pos=array([0. , 0.1]), rgb=UNKNOWN, text='', units='height', win=Window(...), wrapWidth=1)
5.4767 	EXP 	window1: mouseVisible = True
5.5457 	EXP 	Created green = Slider(__class__=<class 'psychopy.visual.slider.Slider'>, autoDraw=False, autoLog=True, borderColor=None, color=None, colorSpace='rgb', depth=-5, fillColor=None, flip=False, font='Open Sans', granularity=100.0, labelColor=None, labelHeight=0.03, labelWrapWidth=None, labels=tuple(...), lineColor=None, markerColor=None, name='green', opacity=None, ori=0.0, pos=array([ 0. , -0.1]), readOnly=True, self=UNKNOWN, size=array([1., 0.]), startValue=0, style='slider', styleTweaks=[], ticks=ndarray(...), units='height', win=Window(...))
5.5529 	EXP 	Created sequence: random, trialTypes=1, nReps=999, seed=None
5.5550 	EXP 	New trial (rep=0, index=0): None
5.5884 	EXP 	green: autoLog = True
5.5884 	EXP 	green: markerPos = 0
5.5884 	EXP 	green: styleTweaks = []
5.5884 	EXP 	green: styleTweaks = []
5.5884 	EXP 	green: styleTweaks = []
5.5884 	EXP 	green: styleTweaks = []
5.5884 	EXP 	green: contrast = 1.0
5.5884 	EXP 	green: autoLog = True
5.5884 	EXP 	win_lose: height = 0.05
5.5884 	EXP 	win_lose: height = 0.05
5.5884 	EXP 	win_lose: height = 0.05
5.5884 	EXP 	win_lose: text = '0 Won | 0 Lost'
5.5884 	EXP 	green: markerPos = None
5.5884 	EXP 	green: markerPos = 0
5.5884 	EXP 	text: autoDraw = True
5.5884 	EXP 	win_lose: autoDraw = True
5.5884 	EXP 	green: autoDraw = True
6.8047 	DATA 	Mouse: Left button down, pos=(487,484)
7.0865 	DATA 	Mouse:  Left button up, pos=(752,467)
7.3025 	DATA 	Mouse: Left button down, pos=(777,431)
7.4373 	DATA 	Mouse:  Left button up, pos=(846,429)
7.6802 	DATA 	Mouse: Left button down, pos=(1269,450)
7.7689 	DATA 	Mouse:  Left button up, pos=(1334,438)
7.9864 	DATA 	Mouse: Left button down, pos=(1503,442)
8.1151 	DATA 	Mouse:  Left button up, pos=(1503,442)
11.5606 	DATA 	Mouse: Left button down, pos=(485,435)
11.8412 	DATA 	Mouse:  Left button up, pos=(675,462)
12.0702 	DATA 	Mouse: Left button down, pos=(680,462)
12.1851 	DATA 	Mouse:  Left button up, pos=(695,450)
12.5530 	DATA 	Mouse: Left button down, pos=(634,218)
12.5651 	EXP 	New trial (rep=1, index=0): None
12.5840 	EXP 	text: autoDraw = False
12.5840 	EXP 	win_lose: autoDraw = False
12.5840 	EXP 	green: autoDraw = False
12.5840 	EXP 	win_lose: height = 0.05
12.5840 	EXP 	win_lose: height = 0.05
12.5840 	EXP 	win_lose: height = 0.05
12.5840 	EXP 	win_lose: text = '0 Won | 100 Lost'
12.5840 	EXP 	green: markerPos = None
12.5840 	EXP 	green: markerPos = 0
12.5840 	EXP 	text: autoDraw = True
12.5840 	EXP 	win_lose: autoDraw = True
12.5840 	EXP 	green: autoDraw = True
12.6465 	DATA 	Mouse:  Left button up, pos=(634,218)
12.9410 	DATA 	Mouse: Left button down, pos=(1289,229)
12.9517 	EXP 	New trial (rep=2, index=0): None
12.9725 	EXP 	text: autoDraw = False
12.9725 	EXP 	win_lose: autoDraw = False
12.9725 	EXP 	green: autoDraw = False
12.9725 	EXP 	win_lose: height = 0.05
12.9725 	EXP 	win_lose: height = 0.05
12.9725 	EXP 	win_lose: height = 0.05
12.9725 	EXP 	win_lose: text = '100 Won | 100 Lost'
12.9725 	EXP 	green: markerPos = None
12.9725 	EXP 	green: markerPos = 0
12.9725 	EXP 	text: autoDraw = True
12.9725 	EXP 	win_lose: autoDraw = True
12.9725 	EXP 	green: autoDraw = True
13.0187 	DATA 	Mouse:  Left button up, pos=(1289,229)
13.1327 	DATA 	Mouse: Left button down, pos=(1289,229)
13.1432 	EXP 	New trial (rep=3, index=0): None
13.1648 	EXP 	text: autoDraw = False
13.1648 	EXP 	win_lose: autoDraw = False
13.1648 	EXP 	green: autoDraw = False
13.1648 	EXP 	win_lose: height = 0.05
13.1648 	EXP 	win_lose: height = 0.05
13.1648 	EXP 	win_lose: height = 0.05
13.1648 	EXP 	win_lose: text = '200 Won | 100 Lost'
13.1648 	EXP 	green: markerPos = None
13.1648 	EXP 	green: markerPos = 0
13.1648 	EXP 	text: autoDraw = True
13.1648 	EXP 	win_lose: autoDraw = True
13.1648 	EXP 	green: autoDraw = True
13.2243 	DATA 	Mouse:  Left button up, pos=(1289,229)
13.2822 	DATA 	Mouse: Left button down, pos=(1289,229)
13.2920 	EXP 	New trial (rep=4, index=0): None
13.3119 	EXP 	text: autoDraw = False
13.3119 	EXP 	win_lose: autoDraw = False
13.3119 	EXP 	green: autoDraw = False
13.3119 	EXP 	win_lose: height = 0.05
13.3119 	EXP 	win_lose: height = 0.05
13.3119 	EXP 	win_lose: height = 0.05
13.3119 	EXP 	win_lose: text = '300 Won | 100 Lost'
13.3119 	EXP 	green: markerPos = None
13.3119 	EXP 	green: markerPos = 0
13.3119 	EXP 	text: autoDraw = True
13.3119 	EXP 	win_lose: autoDraw = True
13.3119 	EXP 	green: autoDraw = True
13.3913 	DATA 	Mouse:  Left button up, pos=(1286,229)
13.6593 	DATA 	Mouse: Left button down, pos=(620,177)
13.6699 	EXP 	New trial (rep=5, index=0): None
13.6910 	EXP 	text: autoDraw = False
13.6910 	EXP 	win_lose: autoDraw = False
13.6910 	EXP 	green: autoDraw = False
13.6910 	EXP 	win_lose: height = 0.05
13.6910 	EXP 	win_lose: height = 0.05
13.6910 	EXP 	win_lose: height = 0.05
13.6910 	EXP 	win_lose: text = '300 Won | 200 Lost'
13.6910 	EXP 	green: markerPos = None
13.6910 	EXP 	green: markerPos = 0
13.6910 	EXP 	text: autoDraw = True
13.6910 	EXP 	win_lose: autoDraw = True
13.6910 	EXP 	green: autoDraw = True
13.7507 	DATA 	Mouse:  Left button up, pos=(620,177)
13.9859 	DATA 	Keypress: escape
14.2897 	EXP 	window1: mouseVisible = True
