1.1404 	WARNING 	We strongly recommend you activate the PTB sound engine in PsychoPy prefs as the preferred audio engine. Its timing is vastly superior. Your prefs are currently set to use ['sounddevice', 'PTB', 'pyo', 'pygame'] (in that order).
3.7906 	EXP 	Created window1 = Window(allowGUI=True, allowStencil=False, autoLog=True, backendConf=UNKNOWN, bitsMode=UNKNOWN, blendMode='avg', bpc=(8, 8, 8), color=array([0, 0, 0]), colorSpace='rgb', depthBits=8, fullscr=<method-wrapper '__getattribute__' of attributeSetter object at 0x000002846476C130>, gamma=None, gammaErrorPolicy='raise', lms=UNKNOWN, monitor=<psychopy.monitors.calibTools.Monitor object at 0x0000028466661400>, multiSample=False, name='window1', numSamples=2, pos=(0, 0), screen=0, size=array([1920, 1080]), stencilBits=0, stereo=False, units='height', useFBO=True, useRetina=False, viewOri=0.0, viewPos=None, viewScale=None, waitBlanking=True, winType='pyglet')
3.7907 	EXP 	window1: mouseVisible = True
3.7907 	EXP 	window1: mouseVisible = False
3.7907 	EXP 	window1: Attempting to measure frame rate of screen (0) ...
3.7908 	EXP 	window1: recordFrameIntervals = False
3.8319 	EXP 	window1: recordFrameIntervals = True
3.8785 	EXP 	Screen (0) actual frame rate measured at 238.66Hz
3.8785 	EXP 	window1: recordFrameIntervals = False
5.2303 	EXP 	Created header = TextStim(__class__=<class 'psychopy.visual.text.TextStim'>, alignHoriz=method-wrapper(...), alignText='center', alignVert=method-wrapper(...), anchorHoriz='center', anchorVert='center', antialias=True, autoDraw=False, autoLog=True, bold=False, color=array([1, 1, 1]), colorSpace='rgb', contrast=1.0, depth=0.0, flipHoriz=False, flipVert=False, font='Open Sans', fontFiles=[], height=0.07, italic=False, languageStyle='LTR', name='header', opacity=1.0, ori=0.0, pos=array([0. , 0.4]), rgb=UNKNOWN, text='Progress Bar Example', units='height', win=Window(...), wrapWidth=1)
5.2603 	EXP 	window1: mouseVisible = True
5.2744 	EXP 	window1: mouseVisible = True
5.2753 	EXP 	Created win_lose = TextStim(__class__=<class 'psychopy.visual.text.TextStim'>, alignHoriz=method-wrapper(...), alignText='center', alignVert=method-wrapper(...), anchorHoriz='center', anchorVert='center', antialias=True, autoDraw=False, autoLog=True, bold=False, color=array([1, 1, 1]), colorSpace='rgb', contrast=1.0, depth=-4.0, flipHoriz=False, flipVert=False, font='Open Sans', fontFiles=[], height=0.05, italic=False, languageStyle='LTR', name='win_lose', opacity=1.0, ori=0.0, pos=array([0. , 0.2]), rgb=UNKNOWN, text='', units='height', win=Window(...), wrapWidth=1)
5.2785 	EXP 	window1: mouseVisible = True
5.3472 	EXP 	Created green = Slider(__class__=<class 'psychopy.visual.slider.Slider'>, autoDraw=False, autoLog=True, borderColor=None, color=None, colorSpace='rgb', depth=-5, fillColor=None, flip=False, font='Open Sans', granularity=100.0, labelColor=None, labelHeight=0.03, labelWrapWidth=None, labels=tuple(...), lineColor=None, markerColor=None, name='green', opacity=None, ori=0.0, pos=array([0. , 0.1]), readOnly=False, self=UNKNOWN, size=array([1. , 0.1]), startValue=0, style='slider', styleTweaks=[], ticks=ndarray(...), units='height', win=Window(...))
5.3487 	EXP 	window1: mouseVisible = True
5.3983 	EXP 	Created red = Slider(__class__=<class 'psychopy.visual.slider.Slider'>, autoDraw=False, autoLog=True, borderColor=None, color=None, colorSpace='rgb', depth=-6, fillColor=None, flip=False, font='Open Sans', granularity=100.0, labelColor=None, labelHeight=0.03, labelWrapWidth=None, labels=tuple(...), lineColor=None, markerColor=None, name='red', opacity=None, ori=0.0, pos=array([ 0.  , -0.15]), readOnly=False, self=UNKNOWN, size=array([1. , 0.1]), startValue=0, style='slider', styleTweaks=[], ticks=ndarray(...), units='height', win=Window(...))
5.4104 	EXP 	Created sequence: random, trialTypes=1, nReps=999, seed=None
5.4126 	EXP 	New trial (rep=0, index=0): None
5.4607 	EXP 	green: autoLog = True
5.4607 	EXP 	green: markerPos = 0
5.4607 	EXP 	green: styleTweaks = []
5.4607 	EXP 	green: styleTweaks = []
5.4607 	EXP 	green: styleTweaks = []
5.4607 	EXP 	green: styleTweaks = []
5.4607 	EXP 	green: contrast = 1.0
5.4607 	EXP 	green: autoLog = True
5.4607 	EXP 	red: autoLog = True
5.4607 	EXP 	red: markerPos = 0
5.4607 	EXP 	red: styleTweaks = []
5.4607 	EXP 	red: styleTweaks = []
5.4607 	EXP 	red: styleTweaks = []
5.4607 	EXP 	red: styleTweaks = []
5.4607 	EXP 	red: contrast = 1.0
5.4607 	EXP 	red: autoLog = True
5.4607 	EXP 	win_lose: height = 0.05
5.4607 	EXP 	win_lose: height = 0.05
5.4607 	EXP 	win_lose: height = 0.05
5.4607 	EXP 	win_lose: text = '0 Won | 0 Lost'
5.4607 	EXP 	green: markerPos = None
5.4607 	EXP 	green: markerPos = 0
5.4607 	EXP 	red: markerPos = None
5.4607 	EXP 	red: markerPos = 0
5.4607 	EXP 	header: autoDraw = True
5.4607 	EXP 	win_lose: autoDraw = True
5.4607 	EXP 	green: autoDraw = True
5.4607 	EXP 	red: autoDraw = True
6.0956 	DATA 	Mouse: Left button down, pos=(640,356)
6.1249 	EXP 	red: markerPos = 1629.6296296296298
6.1516 	EXP 	red: markerPos = 1629.6296296296298
6.1783 	EXP 	red: markerPos = 1629.6296296296298
6.2055 	EXP 	red: markerPos = 1770.3703703703702
6.2323 	EXP 	red: markerPos = 2103.7037037037035
6.2587 	EXP 	red: markerPos = 2555.555555555555
6.2855 	EXP 	red: markerPos = 2992.592592592593
6.3120 	EXP 	red: markerPos = 3133.3333333333335
6.3382 	EXP 	red: markerPos = 3133.3333333333335
6.3645 	EXP 	red: markerPos = 3133.3333333333335
6.3909 	EXP 	red: markerPos = 3133.3333333333335
6.4174 	EXP 	red: markerPos = 3133.3333333333335
6.4435 	EXP 	red: markerPos = 3133.3333333333335
6.4697 	EXP 	red: markerPos = 3133.3333333333335
6.4964 	EXP 	red: markerPos = 3133.3333333333335
6.5222 	EXP 	red: markerPos = 3133.3333333333335
6.5368 	DATA 	Mouse:  Left button up, pos=(843,347)
6.5487 	EXP 	red: markerPos = 3100.0
6.9510 	DATA 	Mouse: Left button down, pos=(874,659)
6.9782 	EXP 	green: markerPos = 3362.962962962963
7.0046 	EXP 	green: markerPos = 3392.592592592592
7.0307 	EXP 	green: markerPos = 3570.3703703703704
7.0573 	EXP 	green: markerPos = 3859.259259259259
7.0839 	EXP 	green: markerPos = 4125.925925925926
7.1099 	EXP 	green: markerPos = 4244.444444444444
7.1356 	EXP 	green: markerPos = 4259.259259259259
7.1618 	EXP 	green: markerPos = 4259.259259259259
7.1870 	DATA 	Mouse:  Left button up, pos=(995,663)
7.1876 	EXP 	green: markerPos = 4259.259259259259
7.2129 	EXP 	green: markerPos = 4300.0
7.6088 	DATA 	Mouse: Left button down, pos=(1018,632)
7.6467 	EXP 	green: markerPos = 3696.296296296296
7.6742 	EXP 	green: markerPos = 2629.6296296296296
7.7010 	EXP 	green: markerPos = 1948.1481481481483
7.7274 	EXP 	green: markerPos = 1674.0740740740741
7.7538 	EXP 	green: markerPos = 1659.2592592592594
7.7687 	DATA 	Mouse:  Left button up, pos=(644,622)
7.7798 	EXP 	green: markerPos = 1659.2592592592594
7.8051 	EXP 	green: markerPos = 1700.0
8.2898 	DATA 	Mouse: Left button down, pos=(1256,116)
8.3242 	EXP 	New trial (rep=1, index=0): None
8.3551 	EXP 	header: autoDraw = False
8.3551 	EXP 	win_lose: autoDraw = False
8.3551 	EXP 	green: autoDraw = False
8.3551 	EXP 	red: autoDraw = False
8.3551 	EXP 	win_lose: height = 0.05
8.3551 	EXP 	win_lose: height = 0.05
8.3551 	EXP 	win_lose: height = 0.05
8.3551 	EXP 	win_lose: text = '100 Won | 0 Lost'
8.3551 	EXP 	green: markerPos = None
8.3551 	EXP 	green: markerPos = 0
8.3551 	EXP 	red: markerPos = None
8.3551 	EXP 	red: markerPos = 0
8.3551 	EXP 	header: autoDraw = True
8.3551 	EXP 	win_lose: autoDraw = True
8.3551 	EXP 	green: autoDraw = True
8.3551 	EXP 	red: autoDraw = True
8.3693 	DATA 	Mouse:  Left button up, pos=(1256,116)
9.0005 	DATA 	Keypress: escape
9.5861 	EXP 	window1: mouseVisible = True
