1.1608 	WARNING 	We strongly recommend you activate the PTB sound engine in PsychoPy prefs as the preferred audio engine. Its timing is vastly superior. Your prefs are currently set to use ['sounddevice', 'PTB', 'pyo', 'pygame'] (in that order).
3.2454 	WARNING 	User requested fullscreen with size [1024  768], but screen is actually [1920, 1080]. Using actual size
3.5510 	EXP 	Created window1 = Window(allowGUI=True, allowStencil=False, autoLog=True, backendConf=UNKNOWN, bitsMode=UNKNOWN, blendMode='avg', bpc=(8, 8, 8), color=array([0, 0, 0]), colorSpace='rgb', depthBits=8, fullscr=<method-wrapper '__getattribute__' of attributeSetter object at 0x000002206C61A100>, gamma=None, gammaErrorPolicy='raise', lms=UNKNOWN, monitor=<psychopy.monitors.calibTools.Monitor object at 0x000002206E510400>, multiSample=False, name='window1', numSamples=2, pos=(0, 0), screen=0, size=array([1920, 1080]), stencilBits=0, stereo=False, units='height', useFBO=True, useRetina=False, viewOri=0.0, viewPos=None, viewScale=None, waitBlanking=True, winType='pyglet')
3.5510 	EXP 	window1: mouseVisible = True
3.5511 	EXP 	window1: mouseVisible = False
3.5511 	EXP 	window1: Attempting to measure frame rate of screen (0) ...
3.5511 	EXP 	window1: recordFrameIntervals = False
3.5925 	EXP 	window1: recordFrameIntervals = True
3.6353 	WARNING 	t of last frame was 5.33ms (=1/187)
3.6400 	EXP 	Screen (0) actual frame rate measured at 231.76Hz
3.6400 	EXP 	window1: recordFrameIntervals = False
4.9981 	EXP 	Created text = TextStim(__class__=<class 'psychopy.visual.text.TextStim'>, alignHoriz=method-wrapper(...), alignText='center', alignVert=method-wrapper(...), anchorHoriz='center', anchorVert='center', antialias=True, autoDraw=False, autoLog=True, bold=False, color=array([1, 1, 1]), colorSpace='rgb', contrast=1.0, depth=0.0, flipHoriz=False, flipVert=False, font='Open Sans', fontFiles=[], height=0.07, italic=False, languageStyle='LTR', name='text', opacity=1.0, ori=0.0, pos=array([0. , 0.3]), rgb=UNKNOWN, text='Progress Bar Example', units='height', win=Window(...), wrapWidth=1)
5.0390 	EXP 	window1: mouseVisible = True
5.0531 	EXP 	window1: mouseVisible = True
5.0604 	EXP 	Created win_lose = TextStim(__class__=<class 'psychopy.visual.text.TextStim'>, alignHoriz=method-wrapper(...), alignText='center', alignVert=method-wrapper(...), anchorHoriz='center', anchorVert='center', antialias=True, autoDraw=False, autoLog=True, bold=False, color=array([1, 1, 1]), colorSpace='rgb', contrast=1.0, depth=-4.0, flipHoriz=False, flipVert=False, font='Open Sans', fontFiles=[], height=0.05, italic=False, languageStyle='LTR', name='win_lose', opacity=1.0, ori=0.0, pos=array([0. , 0.1]), rgb=UNKNOWN, text='0 Won | 0', units='height', win=Window(...), wrapWidth=1)
5.0697 	EXP 	text: autoDraw = True
5.0697 	EXP 	win_lose: autoDraw = True
7.5145 	DATA 	Mouse: Left button down, pos=(980,344)
7.5174 	EXP 	text: autoDraw = False
7.5174 	EXP 	win_lose: autoDraw = False
7.5732 	EXP 	window1: mouseVisible = True
