1.1663 	WARNING 	We strongly recommend you activate the PTB sound engine in PsychoPy prefs as the preferred audio engine. Its timing is vastly superior. Your prefs are currently set to use ['sounddevice', 'PTB', 'pyo', 'pygame'] (in that order).
3.5786 	EXP 	Created window1 = Window(allowGUI=True, allowStencil=False, autoLog=True, backendConf=UNKNOWN, bitsMode=UNKNOWN, blendMode='avg', bpc=(8, 8, 8), color=array([0, 0, 0]), colorSpace='rgb', depthBits=8, fullscr=<method-wrapper '__getattribute__' of attributeSetter object at 0x0000023C514CC100>, gamma=None, gammaErrorPolicy='raise', lms=UNKNOWN, monitor=<psychopy.monitors.calibTools.Monitor object at 0x0000023C533C1400>, multiSample=False, name='window1', numSamples=2, pos=(0, 0), screen=0, size=array([1920, 1080]), stencilBits=0, stereo=False, units='height', useFBO=True, useRetina=False, viewOri=0.0, viewPos=None, viewScale=None, waitBlanking=True, winType='pyglet')
3.5787 	EXP 	window1: mouseVisible = True
3.5788 	EXP 	window1: mouseVisible = False
3.5788 	EXP 	window1: Attempting to measure frame rate of screen (0) ...
3.5788 	EXP 	window1: recordFrameIntervals = False
3.6205 	EXP 	window1: recordFrameIntervals = True
3.6665 	WARNING 	t of last frame was 5.19ms (=1/192)
3.6667 	EXP 	Screen (0) actual frame rate measured at 234.13Hz
3.6667 	EXP 	window1: recordFrameIntervals = False
5.0160 	EXP 	Created header = TextStim(__class__=<class 'psychopy.visual.text.TextStim'>, alignHoriz=method-wrapper(...), alignText='center', alignVert=method-wrapper(...), anchorHoriz='center', anchorVert='center', antialias=True, autoDraw=False, autoLog=True, bold=False, color=array([1, 1, 1]), colorSpace='rgb', contrast=1.0, depth=-1.0, flipHoriz=False, flipVert=False, font='Open Sans', fontFiles=[], height=0.07, italic=False, languageStyle='LTR', name='header', opacity=1.0, ori=0.0, pos=array([0. , 0.4]), rgb=UNKNOWN, text='Progress Bar Example', units='height', win=Window(...), wrapWidth=1)
5.0411 	EXP 	window1: mouseVisible = True
5.0551 	EXP 	window1: mouseVisible = True
5.0561 	EXP 	Created win_lose = TextStim(__class__=<class 'psychopy.visual.text.TextStim'>, alignHoriz=method-wrapper(...), alignText='center', alignVert=method-wrapper(...), anchorHoriz='center', anchorVert='center', antialias=True, autoDraw=False, autoLog=True, bold=False, color=array([1, 1, 1]), colorSpace='rgb', contrast=1.0, depth=-4.0, flipHoriz=False, flipVert=False, font='Open Sans', fontFiles=[], height=0.05, italic=False, languageStyle='LTR', name='win_lose', opacity=1.0, ori=0.0, pos=array([0. , 0.2]), rgb=UNKNOWN, text='', units='height', win=Window(...), wrapWidth=1)
5.0595 	EXP 	window1: mouseVisible = True
5.1288 	EXP 	Created green = Slider(__class__=<class 'psychopy.visual.slider.Slider'>, autoDraw=False, autoLog=True, borderColor=None, color=None, colorSpace='rgb', depth=-5, fillColor=None, flip=False, font='Open Sans', granularity=100.0, labelColor=None, labelHeight=0.03, labelWrapWidth=None, labels=tuple(...), lineColor=None, markerColor=None, name='green', opacity=None, ori=0.0, pos=array([0. , 0.1]), readOnly=True, self=UNKNOWN, size=array([1. , 0.1]), startValue=0, style='slider', styleTweaks=[], ticks=ndarray(...), units='height', win=Window(...))
5.1303 	EXP 	window1: mouseVisible = True
5.1868 	EXP 	Created red = Slider(__class__=<class 'psychopy.visual.slider.Slider'>, autoDraw=False, autoLog=True, borderColor=None, color=None, colorSpace='rgb', depth=-6, fillColor=None, flip=False, font='Open Sans', granularity=100.0, labelColor=None, labelHeight=0.03, labelWrapWidth=None, labels=tuple(...), lineColor=None, markerColor=None, name='red', opacity=None, ori=0.0, pos=array([ 0.  , -0.15]), readOnly=True, self=UNKNOWN, size=array([1. , 0.1]), startValue=0, style='slider', styleTweaks=[], ticks=ndarray(...), units='height', win=Window(...))
5.1932 	EXP 	Created sequence: random, trialTypes=1, nReps=999, seed=None
5.1954 	EXP 	New trial (rep=0, index=0): None
5.2430 	EXP 	green: autoLog = True
5.2430 	EXP 	green: markerPos = 0
5.2430 	EXP 	green: styleTweaks = []
5.2430 	EXP 	green: styleTweaks = []
5.2430 	EXP 	green: styleTweaks = []
5.2430 	EXP 	green: styleTweaks = []
5.2430 	EXP 	green: contrast = 1.0
5.2430 	EXP 	green: autoLog = True
5.2430 	EXP 	red: autoLog = True
5.2430 	EXP 	red: markerPos = 0
5.2430 	EXP 	red: styleTweaks = []
5.2430 	EXP 	red: styleTweaks = []
5.2430 	EXP 	red: styleTweaks = []
5.2430 	EXP 	red: styleTweaks = []
5.2430 	EXP 	red: contrast = 1.0
5.2430 	EXP 	red: autoLog = True
5.2430 	EXP 	win_lose: height = 0.05
5.2430 	EXP 	win_lose: height = 0.05
5.2430 	EXP 	win_lose: height = 0.05
5.2430 	EXP 	win_lose: text = '0 Won | 0 Lost'
5.2430 	EXP 	green: markerPos = None
5.2430 	EXP 	green: markerPos = 0
5.2430 	EXP 	red: markerPos = None
5.2430 	EXP 	red: markerPos = 0
5.2430 	EXP 	header: autoDraw = True
5.2430 	EXP 	win_lose: autoDraw = True
5.2430 	EXP 	green: autoDraw = True
5.2430 	EXP 	red: autoDraw = True
5.8766 	DATA 	Mouse: Left button down, pos=(1269,87)
5.8911 	EXP 	New trial (rep=1, index=0): None
5.9261 	EXP 	header: autoDraw = False
5.9261 	EXP 	win_lose: autoDraw = False
5.9261 	EXP 	green: autoDraw = False
5.9261 	EXP 	red: autoDraw = False
5.9261 	EXP 	win_lose: height = 0.05
5.9261 	EXP 	win_lose: height = 0.05
5.9261 	EXP 	win_lose: height = 0.05
5.9261 	EXP 	win_lose: text = '100 Won | 0 Lost'
5.9261 	EXP 	green: markerPos = None
5.9261 	EXP 	green: markerPos = 100
5.9261 	EXP 	red: markerPos = None
5.9261 	EXP 	red: markerPos = 0
5.9261 	EXP 	header: autoDraw = True
5.9261 	EXP 	win_lose: autoDraw = True
5.9261 	EXP 	green: autoDraw = True
5.9261 	EXP 	red: autoDraw = True
5.9790 	DATA 	Mouse:  Left button up, pos=(1269,87)
6.2930 	DATA 	Mouse: Left button down, pos=(645,75)
6.3052 	EXP 	New trial (rep=2, index=0): None
6.3358 	EXP 	header: autoDraw = False
6.3358 	EXP 	win_lose: autoDraw = False
6.3358 	EXP 	green: autoDraw = False
6.3358 	EXP 	red: autoDraw = False
6.3358 	EXP 	win_lose: height = 0.05
6.3358 	EXP 	win_lose: height = 0.05
6.3358 	EXP 	win_lose: height = 0.05
6.3358 	EXP 	win_lose: text = '100 Won | 100 Lost'
6.3358 	EXP 	green: markerPos = None
6.3358 	EXP 	green: markerPos = 100
6.3358 	EXP 	red: markerPos = None
6.3358 	EXP 	red: markerPos = 100
6.3358 	EXP 	header: autoDraw = True
6.3358 	EXP 	win_lose: autoDraw = True
6.3358 	EXP 	green: autoDraw = True
6.3358 	EXP 	red: autoDraw = True
6.3873 	DATA 	Mouse:  Left button up, pos=(645,75)
6.7224 	DATA 	Mouse: Left button down, pos=(1172,81)
6.7352 	EXP 	New trial (rep=3, index=0): None
6.7657 	EXP 	header: autoDraw = False
6.7657 	EXP 	win_lose: autoDraw = False
6.7657 	EXP 	green: autoDraw = False
6.7657 	EXP 	red: autoDraw = False
6.7657 	EXP 	win_lose: height = 0.05
6.7657 	EXP 	win_lose: height = 0.05
6.7657 	EXP 	win_lose: height = 0.05
6.7657 	EXP 	win_lose: text = '200 Won | 100 Lost'
6.7657 	EXP 	green: markerPos = None
6.7657 	EXP 	green: markerPos = 200
6.7657 	EXP 	red: markerPos = None
6.7657 	EXP 	red: markerPos = 100
6.7657 	EXP 	header: autoDraw = True
6.7657 	EXP 	win_lose: autoDraw = True
6.7657 	EXP 	green: autoDraw = True
6.7657 	EXP 	red: autoDraw = True
6.8177 	DATA 	Mouse:  Left button up, pos=(1172,81)
6.9226 	DATA 	Mouse: Left button down, pos=(1172,81)
6.9357 	EXP 	New trial (rep=4, index=0): None
6.9661 	EXP 	header: autoDraw = False
6.9661 	EXP 	win_lose: autoDraw = False
6.9661 	EXP 	green: autoDraw = False
6.9661 	EXP 	red: autoDraw = False
6.9661 	EXP 	win_lose: height = 0.05
6.9661 	EXP 	win_lose: height = 0.05
6.9661 	EXP 	win_lose: height = 0.05
6.9661 	EXP 	win_lose: text = '300 Won | 100 Lost'
6.9661 	EXP 	green: markerPos = None
6.9661 	EXP 	green: markerPos = 300
6.9661 	EXP 	red: markerPos = None
6.9661 	EXP 	red: markerPos = 100
6.9661 	EXP 	header: autoDraw = True
6.9661 	EXP 	win_lose: autoDraw = True
6.9661 	EXP 	green: autoDraw = True
6.9661 	EXP 	red: autoDraw = True
7.0184 	DATA 	Mouse:  Left button up, pos=(1172,81)
7.0762 	DATA 	Mouse: Left button down, pos=(1172,81)
7.0875 	EXP 	New trial (rep=5, index=0): None
7.1179 	EXP 	header: autoDraw = False
7.1179 	EXP 	win_lose: autoDraw = False
7.1179 	EXP 	green: autoDraw = False
7.1179 	EXP 	red: autoDraw = False
7.1179 	EXP 	win_lose: height = 0.05
7.1179 	EXP 	win_lose: height = 0.05
7.1179 	EXP 	win_lose: height = 0.05
7.1179 	EXP 	win_lose: text = '400 Won | 100 Lost'
7.1179 	EXP 	green: markerPos = None
7.1179 	EXP 	green: markerPos = 400
7.1179 	EXP 	red: markerPos = None
7.1179 	EXP 	red: markerPos = 100
7.1179 	EXP 	header: autoDraw = True
7.1179 	EXP 	win_lose: autoDraw = True
7.1179 	EXP 	green: autoDraw = True
7.1179 	EXP 	red: autoDraw = True
7.1717 	DATA 	Mouse:  Left button up, pos=(1172,81)
7.2476 	DATA 	Mouse: Left button down, pos=(1172,81)
7.2623 	EXP 	New trial (rep=6, index=0): None
7.2924 	EXP 	header: autoDraw = False
7.2924 	EXP 	win_lose: autoDraw = False
7.2924 	EXP 	green: autoDraw = False
7.2924 	EXP 	red: autoDraw = False
7.2924 	EXP 	win_lose: height = 0.05
7.2924 	EXP 	win_lose: height = 0.05
7.2924 	EXP 	win_lose: height = 0.05
7.2924 	EXP 	win_lose: text = '500 Won | 100 Lost'
7.2924 	EXP 	green: markerPos = None
7.2924 	EXP 	green: markerPos = 500
7.2924 	EXP 	red: markerPos = None
7.2924 	EXP 	red: markerPos = 100
7.2924 	EXP 	header: autoDraw = True
7.2924 	EXP 	win_lose: autoDraw = True
7.2924 	EXP 	green: autoDraw = True
7.2924 	EXP 	red: autoDraw = True
7.3163 	DATA 	Mouse:  Left button up, pos=(1172,81)
7.5571 	DATA 	Mouse: Left button down, pos=(628,76)
7.5707 	EXP 	New trial (rep=7, index=0): None
7.6037 	EXP 	header: autoDraw = False
7.6037 	EXP 	win_lose: autoDraw = False
7.6037 	EXP 	green: autoDraw = False
7.6037 	EXP 	red: autoDraw = False
7.6037 	EXP 	win_lose: height = 0.05
7.6037 	EXP 	win_lose: height = 0.05
7.6037 	EXP 	win_lose: height = 0.05
7.6037 	EXP 	win_lose: text = '500 Won | 200 Lost'
7.6037 	EXP 	green: markerPos = None
7.6037 	EXP 	green: markerPos = 500
7.6037 	EXP 	red: markerPos = None
7.6037 	EXP 	red: markerPos = 200
7.6037 	EXP 	header: autoDraw = True
7.6037 	EXP 	win_lose: autoDraw = True
7.6037 	EXP 	green: autoDraw = True
7.6037 	EXP 	red: autoDraw = True
7.6279 	DATA 	Mouse:  Left button up, pos=(629,76)
7.7598 	DATA 	Mouse: Left button down, pos=(629,76)
7.7729 	EXP 	New trial (rep=8, index=0): None
7.8031 	EXP 	header: autoDraw = False
7.8031 	EXP 	win_lose: autoDraw = False
7.8031 	EXP 	green: autoDraw = False
7.8031 	EXP 	red: autoDraw = False
7.8031 	EXP 	win_lose: height = 0.05
7.8031 	EXP 	win_lose: height = 0.05
7.8031 	EXP 	win_lose: height = 0.05
7.8031 	EXP 	win_lose: text = '500 Won | 300 Lost'
7.8031 	EXP 	green: markerPos = None
7.8031 	EXP 	green: markerPos = 500
7.8031 	EXP 	red: markerPos = None
7.8031 	EXP 	red: markerPos = 300
7.8031 	EXP 	header: autoDraw = True
7.8031 	EXP 	win_lose: autoDraw = True
7.8031 	EXP 	green: autoDraw = True
7.8031 	EXP 	red: autoDraw = True
7.8553 	DATA 	Mouse:  Left button up, pos=(629,76)
7.9627 	DATA 	Mouse: Left button down, pos=(629,76)
7.9753 	EXP 	New trial (rep=9, index=0): None
8.0048 	EXP 	header: autoDraw = False
8.0048 	EXP 	win_lose: autoDraw = False
8.0048 	EXP 	green: autoDraw = False
8.0048 	EXP 	red: autoDraw = False
8.0048 	EXP 	win_lose: height = 0.05
8.0048 	EXP 	win_lose: height = 0.05
8.0048 	EXP 	win_lose: height = 0.05
8.0048 	EXP 	win_lose: text = '500 Won | 400 Lost'
8.0048 	EXP 	green: markerPos = None
8.0048 	EXP 	green: markerPos = 500
8.0048 	EXP 	red: markerPos = None
8.0048 	EXP 	red: markerPos = 400
8.0048 	EXP 	header: autoDraw = True
8.0048 	EXP 	win_lose: autoDraw = True
8.0048 	EXP 	green: autoDraw = True
8.0048 	EXP 	red: autoDraw = True
8.0288 	DATA 	Mouse:  Left button up, pos=(629,76)
8.1126 	DATA 	Mouse: Left button down, pos=(631,76)
8.1262 	EXP 	New trial (rep=10, index=0): None
8.1555 	EXP 	header: autoDraw = False
8.1555 	EXP 	win_lose: autoDraw = False
8.1555 	EXP 	green: autoDraw = False
8.1555 	EXP 	red: autoDraw = False
8.1555 	EXP 	win_lose: height = 0.05
8.1555 	EXP 	win_lose: height = 0.05
8.1555 	EXP 	win_lose: height = 0.05
8.1555 	EXP 	win_lose: text = '500 Won | 500 Lost'
8.1555 	EXP 	green: markerPos = None
8.1555 	EXP 	green: markerPos = 500
8.1555 	EXP 	red: markerPos = None
8.1555 	EXP 	red: markerPos = 500
8.1555 	EXP 	header: autoDraw = True
8.1555 	EXP 	win_lose: autoDraw = True
8.1555 	EXP 	green: autoDraw = True
8.1555 	EXP 	red: autoDraw = True
8.1851 	DATA 	Mouse:  Left button up, pos=(638,76)
8.4483 	DATA 	Mouse: Left button down, pos=(1381,63)
8.4605 	EXP 	New trial (rep=11, index=0): None
8.4949 	EXP 	header: autoDraw = False
8.4949 	EXP 	win_lose: autoDraw = False
8.4949 	EXP 	green: autoDraw = False
8.4949 	EXP 	red: autoDraw = False
8.4949 	EXP 	win_lose: height = 0.05
8.4949 	EXP 	win_lose: height = 0.05
8.4949 	EXP 	win_lose: height = 0.05
8.4949 	EXP 	win_lose: text = '600 Won | 500 Lost'
8.4949 	EXP 	green: markerPos = None
8.4949 	EXP 	green: markerPos = 600
8.4949 	EXP 	red: markerPos = None
8.4949 	EXP 	red: markerPos = 500
8.4949 	EXP 	header: autoDraw = True
8.4949 	EXP 	win_lose: autoDraw = True
8.4949 	EXP 	green: autoDraw = True
8.4949 	EXP 	red: autoDraw = True
8.5190 	DATA 	Mouse:  Left button up, pos=(1381,63)
8.7841 	DATA 	Mouse: Left button down, pos=(711,88)
8.7969 	EXP 	New trial (rep=12, index=0): None
8.8266 	EXP 	header: autoDraw = False
8.8266 	EXP 	win_lose: autoDraw = False
8.8266 	EXP 	green: autoDraw = False
8.8266 	EXP 	red: autoDraw = False
8.8266 	EXP 	win_lose: height = 0.05
8.8266 	EXP 	win_lose: height = 0.05
8.8266 	EXP 	win_lose: height = 0.05
8.8266 	EXP 	win_lose: text = '600 Won | 600 Lost'
8.8266 	EXP 	green: markerPos = None
8.8266 	EXP 	green: markerPos = 600
8.8266 	EXP 	red: markerPos = None
8.8266 	EXP 	red: markerPos = 600
8.8266 	EXP 	header: autoDraw = True
8.8266 	EXP 	win_lose: autoDraw = True
8.8266 	EXP 	green: autoDraw = True
8.8266 	EXP 	red: autoDraw = True
8.8786 	DATA 	Mouse:  Left button up, pos=(708,86)
9.0946 	DATA 	Mouse: Left button down, pos=(1307,94)
9.1074 	EXP 	New trial (rep=13, index=0): None
9.1403 	EXP 	header: autoDraw = False
9.1403 	EXP 	win_lose: autoDraw = False
9.1403 	EXP 	green: autoDraw = False
9.1403 	EXP 	red: autoDraw = False
9.1403 	EXP 	win_lose: height = 0.05
9.1403 	EXP 	win_lose: height = 0.05
9.1403 	EXP 	win_lose: height = 0.05
9.1403 	EXP 	win_lose: text = '700 Won | 600 Lost'
9.1403 	EXP 	green: markerPos = None
9.1403 	EXP 	green: markerPos = 700
9.1403 	EXP 	red: markerPos = None
9.1403 	EXP 	red: markerPos = 600
9.1403 	EXP 	header: autoDraw = True
9.1403 	EXP 	win_lose: autoDraw = True
9.1403 	EXP 	green: autoDraw = True
9.1403 	EXP 	red: autoDraw = True
9.1943 	DATA 	Mouse:  Left button up, pos=(1307,94)
9.4549 	DATA 	Mouse: Left button down, pos=(1216,115)
9.4675 	EXP 	New trial (rep=14, index=0): None
9.4985 	EXP 	header: autoDraw = False
9.4985 	EXP 	win_lose: autoDraw = False
9.4985 	EXP 	green: autoDraw = False
9.4985 	EXP 	red: autoDraw = False
9.4985 	EXP 	win_lose: height = 0.05
9.4985 	EXP 	win_lose: height = 0.05
9.4985 	EXP 	win_lose: height = 0.05
9.4985 	EXP 	win_lose: text = '800 Won | 600 Lost'
9.4985 	EXP 	green: markerPos = None
9.4985 	EXP 	green: markerPos = 800
9.4985 	EXP 	red: markerPos = None
9.4985 	EXP 	red: markerPos = 600
9.4985 	EXP 	header: autoDraw = True
9.4985 	EXP 	win_lose: autoDraw = True
9.4985 	EXP 	green: autoDraw = True
9.4985 	EXP 	red: autoDraw = True
9.5504 	DATA 	Mouse:  Left button up, pos=(1216,115)
9.7341 	DATA 	Mouse: Left button down, pos=(1216,115)
9.7467 	EXP 	New trial (rep=15, index=0): None
9.7800 	EXP 	header: autoDraw = False
9.7800 	EXP 	win_lose: autoDraw = False
9.7800 	EXP 	green: autoDraw = False
9.7800 	EXP 	red: autoDraw = False
9.7800 	EXP 	win_lose: height = 0.05
9.7800 	EXP 	win_lose: height = 0.05
9.7800 	EXP 	win_lose: height = 0.05
9.7800 	EXP 	win_lose: text = '900 Won | 600 Lost'
9.7800 	EXP 	green: markerPos = None
9.7800 	EXP 	green: markerPos = 900
9.7800 	EXP 	red: markerPos = None
9.7800 	EXP 	red: markerPos = 600
9.7800 	EXP 	header: autoDraw = True
9.7800 	EXP 	win_lose: autoDraw = True
9.7800 	EXP 	green: autoDraw = True
9.7800 	EXP 	red: autoDraw = True
9.8594 	DATA 	Mouse:  Left button up, pos=(1216,115)
9.9616 	DATA 	Mouse: Left button down, pos=(1216,115)
9.9742 	EXP 	New trial (rep=16, index=0): None
10.0037 	EXP 	header: autoDraw = False
10.0037 	EXP 	win_lose: autoDraw = False
10.0037 	EXP 	green: autoDraw = False
10.0037 	EXP 	red: autoDraw = False
10.0037 	EXP 	win_lose: height = 0.05
10.0037 	EXP 	win_lose: height = 0.05
10.0037 	EXP 	win_lose: height = 0.05
10.0037 	EXP 	win_lose: text = '1000 Won | 600 Lost'
10.0037 	EXP 	green: markerPos = None
10.0037 	EXP 	green: markerPos = 1000
10.0037 	EXP 	red: markerPos = None
10.0037 	EXP 	red: markerPos = 600
10.0037 	EXP 	header: autoDraw = True
10.0037 	EXP 	win_lose: autoDraw = True
10.0037 	EXP 	green: autoDraw = True
10.0037 	EXP 	red: autoDraw = True
10.0566 	DATA 	Mouse:  Left button up, pos=(1216,115)
10.1626 	DATA 	Mouse: Left button down, pos=(1216,115)
10.1754 	EXP 	New trial (rep=17, index=0): None
10.2048 	EXP 	header: autoDraw = False
10.2048 	EXP 	win_lose: autoDraw = False
10.2048 	EXP 	green: autoDraw = False
10.2048 	EXP 	red: autoDraw = False
10.2048 	EXP 	win_lose: height = 0.05
10.2048 	EXP 	win_lose: height = 0.05
10.2048 	EXP 	win_lose: height = 0.05
10.2048 	EXP 	win_lose: text = '1100 Won | 600 Lost'
10.2048 	EXP 	green: markerPos = None
10.2048 	EXP 	green: markerPos = 1100
10.2048 	EXP 	red: markerPos = None
10.2048 	EXP 	red: markerPos = 600
10.2048 	EXP 	header: autoDraw = True
10.2048 	EXP 	win_lose: autoDraw = True
10.2048 	EXP 	green: autoDraw = True
10.2048 	EXP 	red: autoDraw = True
10.2572 	DATA 	Mouse:  Left button up, pos=(1216,115)
10.4716 	DATA 	Mouse: Left button down, pos=(661,116)
10.4836 	EXP 	New trial (rep=18, index=0): None
10.5145 	EXP 	header: autoDraw = False
10.5145 	EXP 	win_lose: autoDraw = False
10.5145 	EXP 	green: autoDraw = False
10.5145 	EXP 	red: autoDraw = False
10.5145 	EXP 	win_lose: height = 0.05
10.5145 	EXP 	win_lose: height = 0.05
10.5145 	EXP 	win_lose: height = 0.05
10.5145 	EXP 	win_lose: text = '1100 Won | 700 Lost'
10.5145 	EXP 	green: markerPos = None
10.5145 	EXP 	green: markerPos = 1100
10.5145 	EXP 	red: markerPos = None
10.5145 	EXP 	red: markerPos = 700
10.5145 	EXP 	header: autoDraw = True
10.5145 	EXP 	win_lose: autoDraw = True
10.5145 	EXP 	green: autoDraw = True
10.5145 	EXP 	red: autoDraw = True
10.5658 	DATA 	Mouse:  Left button up, pos=(661,116)
10.6957 	DATA 	Mouse: Left button down, pos=(661,116)
10.7089 	EXP 	New trial (rep=19, index=0): None
10.7384 	EXP 	header: autoDraw = False
10.7384 	EXP 	win_lose: autoDraw = False
10.7384 	EXP 	green: autoDraw = False
10.7384 	EXP 	red: autoDraw = False
10.7384 	EXP 	win_lose: height = 0.05
10.7384 	EXP 	win_lose: height = 0.05
10.7384 	EXP 	win_lose: height = 0.05
10.7384 	EXP 	win_lose: text = '1100 Won | 800 Lost'
10.7384 	EXP 	green: markerPos = None
10.7384 	EXP 	green: markerPos = 1100
10.7384 	EXP 	red: markerPos = None
10.7384 	EXP 	red: markerPos = 800
10.7384 	EXP 	header: autoDraw = True
10.7384 	EXP 	win_lose: autoDraw = True
10.7384 	EXP 	green: autoDraw = True
10.7384 	EXP 	red: autoDraw = True
10.7905 	DATA 	Mouse:  Left button up, pos=(661,116)
10.8727 	DATA 	Mouse: Left button down, pos=(662,116)
10.8846 	EXP 	New trial (rep=20, index=0): None
10.9142 	EXP 	header: autoDraw = False
10.9142 	EXP 	win_lose: autoDraw = False
10.9142 	EXP 	green: autoDraw = False
10.9142 	EXP 	red: autoDraw = False
10.9142 	EXP 	win_lose: height = 0.05
10.9142 	EXP 	win_lose: height = 0.05
10.9142 	EXP 	win_lose: height = 0.05
10.9142 	EXP 	win_lose: text = '1100 Won | 900 Lost'
10.9142 	EXP 	green: markerPos = None
10.9142 	EXP 	green: markerPos = 1100
10.9142 	EXP 	red: markerPos = None
10.9142 	EXP 	red: markerPos = 900
10.9142 	EXP 	header: autoDraw = True
10.9142 	EXP 	win_lose: autoDraw = True
10.9142 	EXP 	green: autoDraw = True
10.9142 	EXP 	red: autoDraw = True
10.9669 	DATA 	Mouse:  Left button up, pos=(662,116)
11.0238 	DATA 	Mouse: Left button down, pos=(662,116)
11.0351 	EXP 	New trial (rep=21, index=0): None
11.0660 	EXP 	header: autoDraw = False
11.0660 	EXP 	win_lose: autoDraw = False
11.0660 	EXP 	green: autoDraw = False
11.0660 	EXP 	red: autoDraw = False
11.0660 	EXP 	win_lose: height = 0.05
11.0660 	EXP 	win_lose: height = 0.05
11.0660 	EXP 	win_lose: height = 0.05
11.0660 	EXP 	win_lose: text = '1100 Won | 1000 Lost'
11.0660 	EXP 	green: markerPos = None
11.0660 	EXP 	green: markerPos = 1100
11.0660 	EXP 	red: markerPos = None
11.0660 	EXP 	red: markerPos = 1000
11.0660 	EXP 	header: autoDraw = True
11.0660 	EXP 	win_lose: autoDraw = True
11.0660 	EXP 	green: autoDraw = True
11.0660 	EXP 	red: autoDraw = True
11.0903 	DATA 	Mouse:  Left button up, pos=(664,116)
11.3584 	DATA 	Mouse: Left button down, pos=(1408,126)
11.3714 	EXP 	New trial (rep=22, index=0): None
11.4037 	EXP 	header: autoDraw = False
11.4037 	EXP 	win_lose: autoDraw = False
11.4037 	EXP 	green: autoDraw = False
11.4037 	EXP 	red: autoDraw = False
11.4037 	EXP 	win_lose: height = 0.05
11.4037 	EXP 	win_lose: height = 0.05
11.4037 	EXP 	win_lose: height = 0.05
11.4037 	EXP 	win_lose: text = '1200 Won | 1000 Lost'
11.4037 	EXP 	green: markerPos = None
11.4037 	EXP 	green: markerPos = 1200
11.4037 	EXP 	red: markerPos = None
11.4037 	EXP 	red: markerPos = 1000
11.4037 	EXP 	header: autoDraw = True
11.4037 	EXP 	win_lose: autoDraw = True
11.4037 	EXP 	green: autoDraw = True
11.4037 	EXP 	red: autoDraw = True
11.4556 	DATA 	Mouse:  Left button up, pos=(1408,127)
11.5611 	DATA 	Mouse: Left button down, pos=(1404,125)
11.5743 	EXP 	New trial (rep=23, index=0): None
11.6037 	EXP 	header: autoDraw = False
11.6037 	EXP 	win_lose: autoDraw = False
11.6037 	EXP 	green: autoDraw = False
11.6037 	EXP 	red: autoDraw = False
11.6037 	EXP 	win_lose: height = 0.05
11.6037 	EXP 	win_lose: height = 0.05
11.6037 	EXP 	win_lose: height = 0.05
11.6037 	EXP 	win_lose: text = '1300 Won | 1000 Lost'
11.6037 	EXP 	green: markerPos = None
11.6037 	EXP 	green: markerPos = 1300
11.6037 	EXP 	red: markerPos = None
11.6037 	EXP 	red: markerPos = 1000
11.6037 	EXP 	header: autoDraw = True
11.6037 	EXP 	win_lose: autoDraw = True
11.6037 	EXP 	green: autoDraw = True
11.6037 	EXP 	red: autoDraw = True
11.6280 	DATA 	Mouse:  Left button up, pos=(1401,123)
11.7369 	DATA 	Mouse: Left button down, pos=(1401,123)
11.7492 	EXP 	New trial (rep=24, index=0): None
11.7786 	EXP 	header: autoDraw = False
11.7786 	EXP 	win_lose: autoDraw = False
11.7786 	EXP 	green: autoDraw = False
11.7786 	EXP 	red: autoDraw = False
11.7786 	EXP 	win_lose: height = 0.05
11.7786 	EXP 	win_lose: height = 0.05
11.7786 	EXP 	win_lose: height = 0.05
11.7786 	EXP 	win_lose: text = '1400 Won | 1000 Lost'
11.7786 	EXP 	green: markerPos = None
11.7786 	EXP 	green: markerPos = 1400
11.7786 	EXP 	red: markerPos = None
11.7786 	EXP 	red: markerPos = 1000
11.7786 	EXP 	header: autoDraw = True
11.7786 	EXP 	win_lose: autoDraw = True
11.7786 	EXP 	green: autoDraw = True
11.7786 	EXP 	red: autoDraw = True
11.8071 	DATA 	Mouse:  Left button up, pos=(1399,123)
11.9067 	DATA 	Mouse: Left button down, pos=(1399,123)
11.9213 	EXP 	New trial (rep=25, index=0): None
11.9507 	EXP 	header: autoDraw = False
11.9507 	EXP 	win_lose: autoDraw = False
11.9507 	EXP 	green: autoDraw = False
11.9507 	EXP 	red: autoDraw = False
11.9507 	EXP 	win_lose: height = 0.05
11.9507 	EXP 	win_lose: height = 0.05
11.9507 	EXP 	win_lose: height = 0.05
11.9507 	EXP 	win_lose: text = '1500 Won | 1000 Lost'
11.9507 	EXP 	green: markerPos = None
11.9507 	EXP 	green: markerPos = 1500
11.9507 	EXP 	red: markerPos = None
11.9507 	EXP 	red: markerPos = 1000
11.9507 	EXP 	header: autoDraw = True
11.9507 	EXP 	win_lose: autoDraw = True
11.9507 	EXP 	green: autoDraw = True
11.9507 	EXP 	red: autoDraw = True
11.9750 	DATA 	Mouse:  Left button up, pos=(1398,123)
12.1891 	DATA 	Mouse: Left button down, pos=(669,107)
12.2018 	EXP 	New trial (rep=26, index=0): None
12.2311 	EXP 	header: autoDraw = False
12.2311 	EXP 	win_lose: autoDraw = False
12.2311 	EXP 	green: autoDraw = False
12.2311 	EXP 	red: autoDraw = False
12.2311 	EXP 	win_lose: height = 0.05
12.2311 	EXP 	win_lose: height = 0.05
12.2311 	EXP 	win_lose: height = 0.05
12.2311 	EXP 	win_lose: text = '1500 Won | 1100 Lost'
12.2311 	EXP 	green: markerPos = None
12.2311 	EXP 	green: markerPos = 1500
12.2311 	EXP 	red: markerPos = None
12.2311 	EXP 	red: markerPos = 1100
12.2311 	EXP 	header: autoDraw = True
12.2311 	EXP 	win_lose: autoDraw = True
12.2311 	EXP 	green: autoDraw = True
12.2311 	EXP 	red: autoDraw = True
12.2830 	DATA 	Mouse:  Left button up, pos=(669,105)
12.4127 	DATA 	Mouse: Left button down, pos=(669,105)
12.4259 	EXP 	New trial (rep=27, index=0): None
12.4552 	EXP 	header: autoDraw = False
12.4552 	EXP 	win_lose: autoDraw = False
12.4552 	EXP 	green: autoDraw = False
12.4552 	EXP 	red: autoDraw = False
12.4552 	EXP 	win_lose: height = 0.05
12.4552 	EXP 	win_lose: height = 0.05
12.4552 	EXP 	win_lose: height = 0.05
12.4552 	EXP 	win_lose: text = '1500 Won | 1200 Lost'
12.4552 	EXP 	green: markerPos = None
12.4552 	EXP 	green: markerPos = 1500
12.4552 	EXP 	red: markerPos = None
12.4552 	EXP 	red: markerPos = 1200
12.4552 	EXP 	header: autoDraw = True
12.4552 	EXP 	win_lose: autoDraw = True
12.4552 	EXP 	green: autoDraw = True
12.4552 	EXP 	red: autoDraw = True
12.4793 	DATA 	Mouse:  Left button up, pos=(669,105)
12.7185 	DATA 	Mouse: Left button down, pos=(1217,104)
12.7306 	EXP 	New trial (rep=28, index=0): None
12.7603 	EXP 	header: autoDraw = False
12.7603 	EXP 	win_lose: autoDraw = False
12.7603 	EXP 	green: autoDraw = False
12.7603 	EXP 	red: autoDraw = False
12.7603 	EXP 	win_lose: height = 0.05
12.7603 	EXP 	win_lose: height = 0.05
12.7603 	EXP 	win_lose: height = 0.05
12.7603 	EXP 	win_lose: text = '1600 Won | 1200 Lost'
12.7603 	EXP 	green: markerPos = None
12.7603 	EXP 	green: markerPos = 1600
12.7603 	EXP 	red: markerPos = None
12.7603 	EXP 	red: markerPos = 1200
12.7603 	EXP 	header: autoDraw = True
12.7603 	EXP 	win_lose: autoDraw = True
12.7603 	EXP 	green: autoDraw = True
12.7603 	EXP 	red: autoDraw = True
12.8121 	DATA 	Mouse:  Left button up, pos=(1217,104)
12.9705 	DATA 	Mouse: Left button down, pos=(744,92)
12.9833 	EXP 	New trial (rep=29, index=0): None
13.0132 	EXP 	header: autoDraw = False
13.0132 	EXP 	win_lose: autoDraw = False
13.0132 	EXP 	green: autoDraw = False
13.0132 	EXP 	red: autoDraw = False
13.0132 	EXP 	win_lose: height = 0.05
13.0132 	EXP 	win_lose: height = 0.05
13.0132 	EXP 	win_lose: height = 0.05
13.0132 	EXP 	win_lose: text = '1600 Won | 1300 Lost'
13.0132 	EXP 	green: markerPos = None
13.0132 	EXP 	green: markerPos = 1600
13.0132 	EXP 	red: markerPos = None
13.0132 	EXP 	red: markerPos = 1300
13.0132 	EXP 	header: autoDraw = True
13.0132 	EXP 	win_lose: autoDraw = True
13.0132 	EXP 	green: autoDraw = True
13.0132 	EXP 	red: autoDraw = True
13.0378 	DATA 	Mouse:  Left button up, pos=(744,92)
13.1995 	DATA 	Mouse: Left button down, pos=(1250,107)
13.2129 	EXP 	New trial (rep=30, index=0): None
13.2423 	EXP 	header: autoDraw = False
13.2423 	EXP 	win_lose: autoDraw = False
13.2423 	EXP 	green: autoDraw = False
13.2423 	EXP 	red: autoDraw = False
13.2423 	EXP 	win_lose: height = 0.05
13.2423 	EXP 	win_lose: height = 0.05
13.2423 	EXP 	win_lose: height = 0.05
13.2423 	EXP 	win_lose: text = '1700 Won | 1300 Lost'
13.2423 	EXP 	green: markerPos = None
13.2423 	EXP 	green: markerPos = 1700
13.2423 	EXP 	red: markerPos = None
13.2423 	EXP 	red: markerPos = 1300
13.2423 	EXP 	header: autoDraw = True
13.2423 	EXP 	win_lose: autoDraw = True
13.2423 	EXP 	green: autoDraw = True
13.2423 	EXP 	red: autoDraw = True
13.2950 	DATA 	Mouse:  Left button up, pos=(1256,105)
13.4558 	DATA 	Mouse: Left button down, pos=(709,119)
13.4695 	EXP 	New trial (rep=31, index=0): None
13.4994 	EXP 	header: autoDraw = False
13.4994 	EXP 	win_lose: autoDraw = False
13.4994 	EXP 	green: autoDraw = False
13.4994 	EXP 	red: autoDraw = False
13.4994 	EXP 	win_lose: height = 0.05
13.4994 	EXP 	win_lose: height = 0.05
13.4994 	EXP 	win_lose: height = 0.05
13.4994 	EXP 	win_lose: text = '1700 Won | 1400 Lost'
13.4994 	EXP 	green: markerPos = None
13.4994 	EXP 	green: markerPos = 1700
13.4994 	EXP 	red: markerPos = None
13.4994 	EXP 	red: markerPos = 1400
13.4994 	EXP 	header: autoDraw = True
13.4994 	EXP 	win_lose: autoDraw = True
13.4994 	EXP 	green: autoDraw = True
13.4994 	EXP 	red: autoDraw = True
13.5519 	DATA 	Mouse:  Left button up, pos=(706,119)
13.7368 	DATA 	Mouse: Left button down, pos=(1216,130)
13.7488 	EXP 	New trial (rep=32, index=0): None
13.7784 	EXP 	header: autoDraw = False
13.7784 	EXP 	win_lose: autoDraw = False
13.7784 	EXP 	green: autoDraw = False
13.7784 	EXP 	red: autoDraw = False
13.7784 	EXP 	win_lose: height = 0.05
13.7784 	EXP 	win_lose: height = 0.05
13.7784 	EXP 	win_lose: height = 0.05
13.7784 	EXP 	win_lose: text = '1800 Won | 1400 Lost'
13.7784 	EXP 	green: markerPos = None
13.7784 	EXP 	green: markerPos = 1800
13.7784 	EXP 	red: markerPos = None
13.7784 	EXP 	red: markerPos = 1400
13.7784 	EXP 	header: autoDraw = True
13.7784 	EXP 	win_lose: autoDraw = True
13.7784 	EXP 	green: autoDraw = True
13.7784 	EXP 	red: autoDraw = True
13.8565 	DATA 	Mouse:  Left button up, pos=(1216,130)
13.9591 	DATA 	Mouse: Left button down, pos=(1216,130)
13.9729 	EXP 	New trial (rep=33, index=0): None
14.0022 	EXP 	header: autoDraw = False
14.0022 	EXP 	win_lose: autoDraw = False
14.0022 	EXP 	green: autoDraw = False
14.0022 	EXP 	red: autoDraw = False
14.0022 	EXP 	win_lose: height = 0.05
14.0022 	EXP 	win_lose: height = 0.05
14.0022 	EXP 	win_lose: height = 0.05
14.0022 	EXP 	win_lose: text = '1900 Won | 1400 Lost'
14.0022 	EXP 	green: markerPos = None
14.0022 	EXP 	green: markerPos = 1900
14.0022 	EXP 	red: markerPos = None
14.0022 	EXP 	red: markerPos = 1400
14.0022 	EXP 	header: autoDraw = True
14.0022 	EXP 	win_lose: autoDraw = True
14.0022 	EXP 	green: autoDraw = True
14.0022 	EXP 	red: autoDraw = True
14.0263 	DATA 	Mouse:  Left button up, pos=(1216,130)
14.1090 	DATA 	Mouse: Left button down, pos=(1216,130)
14.1223 	EXP 	New trial (rep=34, index=0): None
14.1521 	EXP 	header: autoDraw = False
14.1521 	EXP 	win_lose: autoDraw = False
14.1521 	EXP 	green: autoDraw = False
14.1521 	EXP 	red: autoDraw = False
14.1521 	EXP 	win_lose: height = 0.05
14.1521 	EXP 	win_lose: height = 0.05
14.1521 	EXP 	win_lose: height = 0.05
14.1521 	EXP 	win_lose: text = '2000 Won | 1400 Lost'
14.1521 	EXP 	green: markerPos = None
14.1521 	EXP 	green: markerPos = 2000
14.1521 	EXP 	red: markerPos = None
14.1521 	EXP 	red: markerPos = 1400
14.1521 	EXP 	header: autoDraw = True
14.1521 	EXP 	win_lose: autoDraw = True
14.1521 	EXP 	green: autoDraw = True
14.1521 	EXP 	red: autoDraw = True
14.1811 	DATA 	Mouse:  Left button up, pos=(1215,130)
14.2615 	DATA 	Mouse: Left button down, pos=(1213,129)
14.2771 	EXP 	New trial (rep=35, index=0): None
14.3071 	EXP 	header: autoDraw = False
14.3071 	EXP 	win_lose: autoDraw = False
14.3071 	EXP 	green: autoDraw = False
14.3071 	EXP 	red: autoDraw = False
14.3071 	EXP 	win_lose: height = 0.05
14.3071 	EXP 	win_lose: height = 0.05
14.3071 	EXP 	win_lose: height = 0.05
14.3071 	EXP 	win_lose: text = '2100 Won | 1400 Lost'
14.3071 	EXP 	green: markerPos = None
14.3071 	EXP 	green: markerPos = 2100
14.3071 	EXP 	red: markerPos = None
14.3071 	EXP 	red: markerPos = 1400
14.3071 	EXP 	header: autoDraw = True
14.3071 	EXP 	win_lose: autoDraw = True
14.3071 	EXP 	green: autoDraw = True
14.3071 	EXP 	red: autoDraw = True
14.3318 	DATA 	Mouse:  Left button up, pos=(1201,128)
14.5210 	DATA 	Mouse: Left button down, pos=(603,109)
14.5332 	EXP 	New trial (rep=36, index=0): None
14.5660 	EXP 	header: autoDraw = False
14.5660 	EXP 	win_lose: autoDraw = False
14.5660 	EXP 	green: autoDraw = False
14.5660 	EXP 	red: autoDraw = False
14.5660 	EXP 	win_lose: height = 0.05
14.5660 	EXP 	win_lose: height = 0.05
14.5660 	EXP 	win_lose: height = 0.05
14.5660 	EXP 	win_lose: text = '2100 Won | 1500 Lost'
14.5660 	EXP 	green: markerPos = None
14.5660 	EXP 	green: markerPos = 2100
14.5660 	EXP 	red: markerPos = None
14.5660 	EXP 	red: markerPos = 1500
14.5660 	EXP 	header: autoDraw = True
14.5660 	EXP 	win_lose: autoDraw = True
14.5660 	EXP 	green: autoDraw = True
14.5660 	EXP 	red: autoDraw = True
14.5936 	DATA 	Mouse:  Left button up, pos=(603,111)
14.6954 	DATA 	Mouse: Left button down, pos=(603,111)
14.7089 	EXP 	New trial (rep=37, index=0): None
14.7381 	EXP 	header: autoDraw = False
14.7381 	EXP 	win_lose: autoDraw = False
14.7381 	EXP 	green: autoDraw = False
14.7381 	EXP 	red: autoDraw = False
14.7381 	EXP 	win_lose: height = 0.05
14.7381 	EXP 	win_lose: height = 0.05
14.7381 	EXP 	win_lose: height = 0.05
14.7381 	EXP 	win_lose: text = '2100 Won | 1600 Lost'
14.7381 	EXP 	green: markerPos = None
14.7381 	EXP 	green: markerPos = 2100
14.7381 	EXP 	red: markerPos = None
14.7381 	EXP 	red: markerPos = 1600
14.7381 	EXP 	header: autoDraw = True
14.7381 	EXP 	win_lose: autoDraw = True
14.7381 	EXP 	green: autoDraw = True
14.7381 	EXP 	red: autoDraw = True
14.7903 	DATA 	Mouse:  Left button up, pos=(604,111)
14.8711 	DATA 	Mouse: Left button down, pos=(604,111)
14.8836 	EXP 	New trial (rep=38, index=0): None
14.9156 	EXP 	header: autoDraw = False
14.9156 	EXP 	win_lose: autoDraw = False
14.9156 	EXP 	green: autoDraw = False
14.9156 	EXP 	red: autoDraw = False
14.9156 	EXP 	win_lose: height = 0.05
14.9156 	EXP 	win_lose: height = 0.05
14.9156 	EXP 	win_lose: height = 0.05
14.9156 	EXP 	win_lose: text = '2100 Won | 1700 Lost'
14.9156 	EXP 	green: markerPos = None
14.9156 	EXP 	green: markerPos = 2100
14.9156 	EXP 	red: markerPos = None
14.9156 	EXP 	red: markerPos = 1700
14.9156 	EXP 	header: autoDraw = True
14.9156 	EXP 	win_lose: autoDraw = True
14.9156 	EXP 	green: autoDraw = True
14.9156 	EXP 	red: autoDraw = True
14.9402 	DATA 	Mouse:  Left button up, pos=(616,112)
15.1578 	DATA 	Mouse: Left button down, pos=(1126,336)
15.2084 	DATA 	Mouse:  Left button up, pos=(1139,357)
15.3348 	DATA 	Mouse: Left button down, pos=(1208,381)
15.4124 	DATA 	Mouse:  Left button up, pos=(1328,373)
15.4872 	DATA 	Mouse: Left button down, pos=(1417,377)
15.5873 	DATA 	Mouse:  Left button up, pos=(1417,377)
16.1775 	DATA 	Mouse: Left button down, pos=(714,161)
16.1898 	EXP 	New trial (rep=39, index=0): None
16.2197 	EXP 	header: autoDraw = False
16.2197 	EXP 	win_lose: autoDraw = False
16.2197 	EXP 	green: autoDraw = False
16.2197 	EXP 	red: autoDraw = False
16.2197 	EXP 	win_lose: height = 0.05
16.2197 	EXP 	win_lose: height = 0.05
16.2197 	EXP 	win_lose: height = 0.05
16.2197 	EXP 	win_lose: text = '2100 Won | 1800 Lost'
16.2197 	EXP 	green: markerPos = None
16.2197 	EXP 	green: markerPos = 2100
16.2197 	EXP 	red: markerPos = None
16.2197 	EXP 	red: markerPos = 1800
16.2197 	EXP 	header: autoDraw = True
16.2197 	EXP 	win_lose: autoDraw = True
16.2197 	EXP 	green: autoDraw = True
16.2197 	EXP 	red: autoDraw = True
16.2444 	DATA 	Mouse:  Left button up, pos=(705,155)
16.4318 	DATA 	Mouse: Left button down, pos=(705,155)
16.4442 	EXP 	New trial (rep=40, index=0): None
16.4773 	EXP 	header: autoDraw = False
16.4773 	EXP 	win_lose: autoDraw = False
16.4773 	EXP 	green: autoDraw = False
16.4773 	EXP 	red: autoDraw = False
16.4773 	EXP 	win_lose: height = 0.05
16.4773 	EXP 	win_lose: height = 0.05
16.4773 	EXP 	win_lose: height = 0.05
16.4773 	EXP 	win_lose: text = '2100 Won | 1900 Lost'
16.4773 	EXP 	green: markerPos = None
16.4773 	EXP 	green: markerPos = 2100
16.4773 	EXP 	red: markerPos = None
16.4773 	EXP 	red: markerPos = 1900
16.4773 	EXP 	header: autoDraw = True
16.4773 	EXP 	win_lose: autoDraw = True
16.4773 	EXP 	green: autoDraw = True
16.4773 	EXP 	red: autoDraw = True
16.5290 	DATA 	Mouse:  Left button up, pos=(705,155)
16.6342 	DATA 	Mouse: Left button down, pos=(705,155)
16.6487 	EXP 	New trial (rep=41, index=0): None
16.6778 	EXP 	header: autoDraw = False
16.6778 	EXP 	win_lose: autoDraw = False
16.6778 	EXP 	green: autoDraw = False
16.6778 	EXP 	red: autoDraw = False
16.6778 	EXP 	win_lose: height = 0.05
16.6778 	EXP 	win_lose: height = 0.05
16.6778 	EXP 	win_lose: height = 0.05
16.6778 	EXP 	win_lose: text = '2100 Won | 2000 Lost'
16.6778 	EXP 	green: markerPos = None
16.6778 	EXP 	green: markerPos = 2100
16.6778 	EXP 	red: markerPos = None
16.6778 	EXP 	red: markerPos = 2000
16.6778 	EXP 	header: autoDraw = True
16.6778 	EXP 	win_lose: autoDraw = True
16.6778 	EXP 	green: autoDraw = True
16.6778 	EXP 	red: autoDraw = True
16.7028 	DATA 	Mouse:  Left button up, pos=(705,155)
16.8119 	DATA 	Mouse: Left button down, pos=(705,155)
16.8239 	EXP 	New trial (rep=42, index=0): None
16.8537 	EXP 	header: autoDraw = False
16.8537 	EXP 	win_lose: autoDraw = False
16.8537 	EXP 	green: autoDraw = False
16.8537 	EXP 	red: autoDraw = False
16.8537 	EXP 	win_lose: height = 0.05
16.8537 	EXP 	win_lose: height = 0.05
16.8537 	EXP 	win_lose: height = 0.05
16.8537 	EXP 	win_lose: text = '2100 Won | 2100 Lost'
16.8537 	EXP 	green: markerPos = None
16.8537 	EXP 	green: markerPos = 2100
16.8537 	EXP 	red: markerPos = None
16.8537 	EXP 	red: markerPos = 2100
16.8537 	EXP 	header: autoDraw = True
16.8537 	EXP 	win_lose: autoDraw = True
16.8537 	EXP 	green: autoDraw = True
16.8537 	EXP 	red: autoDraw = True
16.9093 	DATA 	Mouse:  Left button up, pos=(705,155)
17.0377 	DATA 	Mouse: Left button down, pos=(705,155)
17.0510 	EXP 	New trial (rep=43, index=0): None
17.0802 	EXP 	header: autoDraw = False
17.0802 	EXP 	win_lose: autoDraw = False
17.0802 	EXP 	green: autoDraw = False
17.0802 	EXP 	red: autoDraw = False
17.0802 	EXP 	win_lose: height = 0.05
17.0802 	EXP 	win_lose: height = 0.05
17.0802 	EXP 	win_lose: height = 0.05
17.0802 	EXP 	win_lose: text = '2100 Won | 2200 Lost'
17.0802 	EXP 	green: markerPos = None
17.0802 	EXP 	green: markerPos = 2100
17.0802 	EXP 	red: markerPos = None
17.0802 	EXP 	red: markerPos = 2200
17.0802 	EXP 	header: autoDraw = True
17.0802 	EXP 	win_lose: autoDraw = True
17.0802 	EXP 	green: autoDraw = True
17.0802 	EXP 	red: autoDraw = True
17.1325 	DATA 	Mouse:  Left button up, pos=(705,155)
17.2132 	DATA 	Mouse: Left button down, pos=(705,155)
17.2257 	EXP 	New trial (rep=44, index=0): None
17.2552 	EXP 	header: autoDraw = False
17.2552 	EXP 	win_lose: autoDraw = False
17.2552 	EXP 	green: autoDraw = False
17.2552 	EXP 	red: autoDraw = False
17.2552 	EXP 	win_lose: height = 0.05
17.2552 	EXP 	win_lose: height = 0.05
17.2552 	EXP 	win_lose: height = 0.05
17.2552 	EXP 	win_lose: text = '2100 Won | 2300 Lost'
17.2552 	EXP 	green: markerPos = None
17.2552 	EXP 	green: markerPos = 2100
17.2552 	EXP 	red: markerPos = None
17.2552 	EXP 	red: markerPos = 2300
17.2552 	EXP 	header: autoDraw = True
17.2552 	EXP 	win_lose: autoDraw = True
17.2552 	EXP 	green: autoDraw = True
17.2552 	EXP 	red: autoDraw = True
17.3079 	DATA 	Mouse:  Left button up, pos=(705,155)
17.3904 	DATA 	Mouse: Left button down, pos=(705,155)
17.4027 	EXP 	New trial (rep=45, index=0): None
17.4326 	EXP 	header: autoDraw = False
17.4326 	EXP 	win_lose: autoDraw = False
17.4326 	EXP 	green: autoDraw = False
17.4326 	EXP 	red: autoDraw = False
17.4326 	EXP 	win_lose: height = 0.05
17.4326 	EXP 	win_lose: height = 0.05
17.4326 	EXP 	win_lose: height = 0.05
17.4326 	EXP 	win_lose: text = '2100 Won | 2400 Lost'
17.4326 	EXP 	green: markerPos = None
17.4326 	EXP 	green: markerPos = 2100
17.4326 	EXP 	red: markerPos = None
17.4326 	EXP 	red: markerPos = 2400
17.4326 	EXP 	header: autoDraw = True
17.4326 	EXP 	win_lose: autoDraw = True
17.4326 	EXP 	green: autoDraw = True
17.4326 	EXP 	red: autoDraw = True
17.4616 	DATA 	Mouse:  Left button up, pos=(707,155)
17.6458 	DATA 	Mouse: Left button down, pos=(1363,143)
17.6586 	EXP 	New trial (rep=46, index=0): None
17.6882 	EXP 	header: autoDraw = False
17.6882 	EXP 	win_lose: autoDraw = False
17.6882 	EXP 	green: autoDraw = False
17.6882 	EXP 	red: autoDraw = False
17.6882 	EXP 	win_lose: height = 0.05
17.6882 	EXP 	win_lose: height = 0.05
17.6882 	EXP 	win_lose: height = 0.05
17.6882 	EXP 	win_lose: text = '2200 Won | 2400 Lost'
17.6882 	EXP 	green: markerPos = None
17.6882 	EXP 	green: markerPos = 2200
17.6882 	EXP 	red: markerPos = None
17.6882 	EXP 	red: markerPos = 2400
17.6882 	EXP 	header: autoDraw = True
17.6882 	EXP 	win_lose: autoDraw = True
17.6882 	EXP 	green: autoDraw = True
17.6882 	EXP 	red: autoDraw = True
17.7163 	DATA 	Mouse:  Left button up, pos=(1363,143)
17.8439 	DATA 	Mouse: Left button down, pos=(1363,143)
17.8567 	EXP 	New trial (rep=47, index=0): None
17.8878 	EXP 	header: autoDraw = False
17.8878 	EXP 	win_lose: autoDraw = False
17.8878 	EXP 	green: autoDraw = False
17.8878 	EXP 	red: autoDraw = False
17.8878 	EXP 	win_lose: height = 0.05
17.8878 	EXP 	win_lose: height = 0.05
17.8878 	EXP 	win_lose: height = 0.05
17.8878 	EXP 	win_lose: text = '2300 Won | 2400 Lost'
17.8878 	EXP 	green: markerPos = None
17.8878 	EXP 	green: markerPos = 2300
17.8878 	EXP 	red: markerPos = None
17.8878 	EXP 	red: markerPos = 2400
17.8878 	EXP 	header: autoDraw = True
17.8878 	EXP 	win_lose: autoDraw = True
17.8878 	EXP 	green: autoDraw = True
17.8878 	EXP 	red: autoDraw = True
17.9121 	DATA 	Mouse:  Left button up, pos=(1363,143)
18.1497 	DATA 	Mouse: Left button down, pos=(1681,420)
18.2520 	DATA 	Mouse:  Left button up, pos=(1681,420)
19.9536 	DATA 	Mouse: Left button down, pos=(1249,114)
19.9657 	EXP 	New trial (rep=48, index=0): None
19.9957 	EXP 	header: autoDraw = False
19.9957 	EXP 	win_lose: autoDraw = False
19.9957 	EXP 	green: autoDraw = False
19.9957 	EXP 	red: autoDraw = False
19.9957 	EXP 	win_lose: height = 0.05
19.9957 	EXP 	win_lose: height = 0.05
19.9957 	EXP 	win_lose: height = 0.05
19.9957 	EXP 	win_lose: text = '2400 Won | 2400 Lost'
19.9957 	EXP 	green: markerPos = None
19.9957 	EXP 	green: markerPos = 2400
19.9957 	EXP 	red: markerPos = None
19.9957 	EXP 	red: markerPos = 2400
19.9957 	EXP 	header: autoDraw = True
19.9957 	EXP 	win_lose: autoDraw = True
19.9957 	EXP 	green: autoDraw = True
19.9957 	EXP 	red: autoDraw = True
20.0202 	DATA 	Mouse:  Left button up, pos=(1249,114)
20.1833 	DATA 	Mouse: Left button down, pos=(774,131)
20.1975 	EXP 	New trial (rep=49, index=0): None
20.2301 	EXP 	header: autoDraw = False
20.2301 	EXP 	win_lose: autoDraw = False
20.2301 	EXP 	green: autoDraw = False
20.2301 	EXP 	red: autoDraw = False
20.2301 	EXP 	win_lose: height = 0.05
20.2301 	EXP 	win_lose: height = 0.05
20.2301 	EXP 	win_lose: height = 0.05
20.2301 	EXP 	win_lose: text = '2400 Won | 2500 Lost'
20.2301 	EXP 	green: markerPos = None
20.2301 	EXP 	green: markerPos = 2400
20.2301 	EXP 	red: markerPos = None
20.2301 	EXP 	red: markerPos = 2500
20.2301 	EXP 	header: autoDraw = True
20.2301 	EXP 	win_lose: autoDraw = True
20.2301 	EXP 	green: autoDraw = True
20.2301 	EXP 	red: autoDraw = True
20.2835 	DATA 	Mouse:  Left button up, pos=(774,131)
20.5436 	DATA 	Mouse: Left button down, pos=(1750,353)
20.6433 	DATA 	Mouse:  Left button up, pos=(1750,353)
21.1319 	DATA 	Keypress: escape
21.4254 	EXP 	window1: mouseVisible = True
