1.1596 	WARNING 	We strongly recommend you activate the PTB sound engine in PsychoPy prefs as the preferred audio engine. Its timing is vastly superior. Your prefs are currently set to use ['sounddevice', 'PTB', 'pyo', 'pygame'] (in that order).
3.7687 	WARNING 	User requested fullscreen with size [1024  768], but screen is actually [1920, 1080]. Using actual size
4.0729 	EXP 	Created window1 = Window(allowGUI=True, allowStencil=False, autoLog=True, backendConf=UNKNOWN, bitsMode=UNKNOWN, blendMode='avg', bpc=(8, 8, 8), color=array([0, 0, 0]), colorSpace='rgb', depthBits=8, fullscr=<method-wrapper '__getattribute__' of attributeSetter object at 0x000002400B1CB0D0>, gamma=None, gammaErrorPolicy='raise', lms=UNKNOWN, monitor=<psychopy.monitors.calibTools.Monitor object at 0x000002400D0C03A0>, multiSample=False, name='window1', numSamples=2, pos=(0, 0), screen=0, size=array([1920, 1080]), stencilBits=0, stereo=False, units='height', useFBO=True, useRetina=False, viewOri=0.0, viewPos=None, viewScale=None, waitBlanking=True, winType='pyglet')
4.0731 	EXP 	window1: mouseVisible = True
4.0731 	EXP 	window1: mouseVisible = False
4.0731 	EXP 	window1: Attempting to measure frame rate of screen (0) ...
4.0731 	EXP 	window1: recordFrameIntervals = False
4.1166 	EXP 	window1: recordFrameIntervals = True
4.1626 	EXP 	Screen (0) actual frame rate measured at 240.26Hz
4.1627 	EXP 	window1: recordFrameIntervals = False
5.5157 	EXP 	Created text = TextStim(__class__=<class 'psychopy.visual.text.TextStim'>, alignHoriz=method-wrapper(...), alignText='center', alignVert=method-wrapper(...), anchorHoriz='center', anchorVert='center', antialias=True, autoDraw=False, autoLog=True, bold=False, color=array([1, 1, 1]), colorSpace='rgb', contrast=1.0, depth=0.0, flipHoriz=False, flipVert=False, font='Open Sans', fontFiles=[], height=0.07, italic=False, languageStyle='LTR', name='text', opacity=1.0, ori=0.0, pos=array([0. , 0.3]), rgb=UNKNOWN, text='Progress Bar Example', units='height', win=Window(...), wrapWidth=1)
5.5414 	EXP 	window1: mouseVisible = True
5.5557 	EXP 	window1: mouseVisible = True
5.5567 	EXP 	Created win_lose = TextStim(__class__=<class 'psychopy.visual.text.TextStim'>, alignHoriz=method-wrapper(...), alignText='center', alignVert=method-wrapper(...), anchorHoriz='center', anchorVert='center', antialias=True, autoDraw=False, autoLog=True, bold=False, color=array([1, 1, 1]), colorSpace='rgb', contrast=1.0, depth=-4.0, flipHoriz=False, flipVert=False, font='Open Sans', fontFiles=[], height=0.05, italic=False, languageStyle='LTR', name='win_lose', opacity=1.0, ori=0.0, pos=array([0. , 0.1]), rgb=UNKNOWN, text='', units='height', win=Window(...), wrapWidth=1)
5.5600 	EXP 	window1: mouseVisible = True
5.6405 	EXP 	Created green = Slider(__class__=<class 'psychopy.visual.slider.Slider'>, autoDraw=False, autoLog=True, borderColor=None, color=None, colorSpace='rgb', depth=-5, fillColor=None, flip=False, font='Open Sans', granularity=100.0, labelColor=None, labelHeight=0.05, labelWrapWidth=None, labels=tuple(...), lineColor=None, markerColor=None, name='green', opacity=None, ori=0.0, pos=array([ 0. , -0.1]), readOnly=False, self=UNKNOWN, size=array([1., 0.]), startValue=0, style='slider', styleTweaks=[], ticks=ndarray(...), units='height', win=Window(...))
5.6481 	EXP 	Created sequence: random, trialTypes=1, nReps=999, seed=None
5.6502 	EXP 	New trial (rep=0, index=0): None
5.6853 	EXP 	green: autoLog = True
5.6853 	EXP 	green: markerPos = 0
5.6853 	EXP 	green: styleTweaks = []
5.6853 	EXP 	green: styleTweaks = []
5.6853 	EXP 	green: styleTweaks = []
5.6853 	EXP 	green: styleTweaks = []
5.6853 	EXP 	green: contrast = 1.0
5.6853 	EXP 	green: autoLog = True
5.6853 	EXP 	win_lose: height = 0.05
5.6853 	EXP 	win_lose: height = 0.05
5.6853 	EXP 	win_lose: height = 0.05
5.6853 	EXP 	win_lose: text = '0 Won | 0 Lost'
5.6853 	EXP 	green: markerPos = None
5.6853 	EXP 	green: markerPos = 0
5.6853 	EXP 	text: autoDraw = True
5.6853 	EXP 	win_lose: autoDraw = True
5.6853 	EXP 	green: autoDraw = True
6.2248 	DATA 	Mouse: Left button down, pos=(773,483)
6.4838 	DATA 	Mouse:  Left button up, pos=(998,473)
6.6888 	DATA 	Keypress: escape
7.3694 	EXP 	window1: mouseVisible = True
