1.1342 	WARNING 	We strongly recommend you activate the PTB sound engine in PsychoPy prefs as the preferred audio engine. Its timing is vastly superior. Your prefs are currently set to use ['sounddevice', 'PTB', 'pyo', 'pygame'] (in that order).
4.0539 	EXP 	Created window1 = Window(allowGUI=True, allowStencil=False, autoLog=True, backendConf=UNKNOWN, bitsMode=UNKNOWN, blendMode='avg', bpc=(8, 8, 8), color=array([0, 0, 0]), colorSpace='rgb', depthBits=8, fullscr=<method-wrapper '__getattribute__' of attributeSetter object at 0x000002551111C100>, gamma=None, gammaErrorPolicy='raise', lms=UNKNOWN, monitor=<psychopy.monitors.calibTools.Monitor object at 0x00000255130023A0>, multiSample=False, name='window1', numSamples=2, pos=(0, 0), screen=0, size=array([1920, 1080]), stencilBits=0, stereo=False, units='height', useFBO=True, useRetina=False, viewOri=0.0, viewPos=None, viewScale=None, waitBlanking=True, winType='pyglet')
4.0540 	EXP 	window1: mouseVisible = True
4.0540 	EXP 	window1: mouseVisible = True
4.0540 	EXP 	window1: Attempting to measure frame rate of screen (0) ...
4.0541 	EXP 	window1: recordFrameIntervals = False
4.0962 	EXP 	window1: recordFrameIntervals = True
4.1523 	WARNING 	t of last frame was 30.83ms (=1/32)
4.1940 	EXP 	Screen (0) actual frame rate measured at 240.04Hz
4.1941 	EXP 	window1: recordFrameIntervals = False
4.2074 	WARNING 	launchHubServer: If using the iohub mouse or eyetracker devices, fullScr should be True.
5.5521 	EXP 	Created header = TextStim(__class__=<class 'psychopy.visual.text.TextStim'>, alignHoriz=method-wrapper(...), alignText='center', alignVert=method-wrapper(...), anchorHoriz='center', anchorVert='center', antialias=True, autoDraw=False, autoLog=True, bold=False, color=array([1, 1, 1]), colorSpace='rgb', contrast=1.0, depth=-1.0, flipHoriz=False, flipVert=False, font='Open Sans', fontFiles=[], height=0.07, italic=False, languageStyle='LTR', name='header', opacity=1.0, ori=0.0, pos=array([0. , 0.4]), rgb=UNKNOWN, text='Progress Bar Example', units='height', win=Window(...), wrapWidth=1)
5.5770 	EXP 	window1: mouseVisible = True
5.5912 	EXP 	window1: mouseVisible = True
5.5922 	EXP 	Created win_lose = TextStim(__class__=<class 'psychopy.visual.text.TextStim'>, alignHoriz=method-wrapper(...), alignText='center', alignVert=method-wrapper(...), anchorHoriz='center', anchorVert='center', antialias=True, autoDraw=False, autoLog=True, bold=False, color=array([1, 1, 1]), colorSpace='rgb', contrast=1.0, depth=-4.0, flipHoriz=False, flipVert=False, font='Open Sans', fontFiles=[], height=0.05, italic=False, languageStyle='LTR', name='win_lose', opacity=1.0, ori=0.0, pos=array([0. , 0.2]), rgb=UNKNOWN, text='', units='height', win=Window(...), wrapWidth=1)
5.5955 	EXP 	window1: mouseVisible = True
5.6671 	EXP 	Created green = Slider(__class__=<class 'psychopy.visual.slider.Slider'>, autoDraw=False, autoLog=True, borderColor=None, color=None, colorSpace='rgb', depth=-5, fillColor=None, flip=False, font='Open Sans', granularity=100.0, labelColor=None, labelHeight=0.03, labelWrapWidth=None, labels=tuple(...), lineColor=None, markerColor=None, name='green', opacity=None, ori=0.0, pos=array([0. , 0.1]), readOnly=True, self=UNKNOWN, size=array([1. , 0.1]), startValue=0, style='slider', styleTweaks=[], ticks=ndarray(...), units='height', win=Window(...))
5.6686 	EXP 	window1: mouseVisible = True
5.7200 	EXP 	Created red = Slider(__class__=<class 'psychopy.visual.slider.Slider'>, autoDraw=False, autoLog=True, borderColor=None, color=None, colorSpace='rgb', depth=-6, fillColor=None, flip=False, font='Open Sans', granularity=100.0, labelColor=None, labelHeight=0.03, labelWrapWidth=None, labels=tuple(...), lineColor=None, markerColor=None, name='red', opacity=None, ori=0.0, pos=array([ 0.  , -0.15]), readOnly=True, self=UNKNOWN, size=array([1. , 0.1]), startValue=0, style='slider', styleTweaks=[], ticks=ndarray(...), units='height', win=Window(...))
5.7266 	EXP 	Created sequence: random, trialTypes=1, nReps=999, seed=None
5.7287 	EXP 	New trial (rep=0, index=0): None
5.7813 	EXP 	green: autoLog = True
5.7813 	EXP 	green: markerPos = 0
5.7813 	EXP 	green: styleTweaks = []
5.7813 	EXP 	green: styleTweaks = []
5.7813 	EXP 	green: styleTweaks = []
5.7813 	EXP 	green: styleTweaks = []
5.7813 	EXP 	green: contrast = 1.0
5.7813 	EXP 	green: autoLog = True
5.7813 	EXP 	red: autoLog = True
5.7813 	EXP 	red: markerPos = 0
5.7813 	EXP 	red: styleTweaks = []
5.7813 	EXP 	red: styleTweaks = []
5.7813 	EXP 	red: styleTweaks = []
5.7813 	EXP 	red: styleTweaks = []
5.7813 	EXP 	red: contrast = 1.0
5.7813 	EXP 	red: autoLog = True
5.7813 	EXP 	win_lose: height = 0.05
5.7813 	EXP 	win_lose: height = 0.05
5.7813 	EXP 	win_lose: height = 0.05
5.7813 	EXP 	win_lose: text = '0 Won | 0 Lost'
5.7813 	EXP 	green: markerPos = None
5.7813 	EXP 	green: markerPos = 0
5.7813 	EXP 	red: markerPos = None
5.7813 	EXP 	red: markerPos = 0
5.7813 	EXP 	header: autoDraw = True
5.7813 	EXP 	win_lose: autoDraw = True
5.7813 	EXP 	green: autoDraw = True
5.7813 	EXP 	red: autoDraw = True
9.0524 	DATA 	Mouse: Left button down, pos=(648,104)
9.0655 	EXP 	New trial (rep=1, index=0): None
9.1167 	EXP 	header: autoDraw = False
9.1167 	EXP 	win_lose: autoDraw = False
9.1167 	EXP 	green: autoDraw = False
9.1167 	EXP 	red: autoDraw = False
9.1167 	EXP 	win_lose: height = 0.05
9.1167 	EXP 	win_lose: height = 0.05
9.1167 	EXP 	win_lose: height = 0.05
9.1167 	EXP 	win_lose: text = '0 Won | 100 Lost'
9.1167 	EXP 	green: markerPos = None
9.1167 	EXP 	green: markerPos = 0
9.1167 	EXP 	red: markerPos = None
9.1167 	EXP 	red: markerPos = 100
9.1167 	EXP 	header: autoDraw = True
9.1167 	EXP 	win_lose: autoDraw = True
9.1167 	EXP 	green: autoDraw = True
9.1167 	EXP 	red: autoDraw = True
9.1169 	DATA 	Mouse:  Left button up, pos=(648,104)
9.5048 	DATA 	Mouse: Left button down, pos=(648,104)
9.5391 	EXP 	New trial (rep=2, index=0): None
9.5897 	EXP 	header: autoDraw = False
9.5897 	EXP 	win_lose: autoDraw = False
9.5897 	EXP 	green: autoDraw = False
9.5897 	EXP 	red: autoDraw = False
9.5897 	EXP 	win_lose: height = 0.05
9.5897 	EXP 	win_lose: height = 0.05
9.5897 	EXP 	win_lose: height = 0.05
9.5897 	EXP 	win_lose: text = '0 Won | 200 Lost'
9.5897 	EXP 	green: markerPos = None
9.5897 	EXP 	green: markerPos = 0
9.5897 	EXP 	red: markerPos = None
9.5897 	EXP 	red: markerPos = 200
9.5897 	EXP 	header: autoDraw = True
9.5897 	EXP 	win_lose: autoDraw = True
9.5897 	EXP 	green: autoDraw = True
9.5897 	EXP 	red: autoDraw = True
9.5900 	DATA 	Mouse:  Left button up, pos=(648,104)
9.6849 	DATA 	Mouse: Left button down, pos=(648,104)
9.6962 	EXP 	New trial (rep=3, index=0): None
9.7318 	EXP 	header: autoDraw = False
9.7318 	EXP 	win_lose: autoDraw = False
9.7318 	EXP 	green: autoDraw = False
9.7318 	EXP 	red: autoDraw = False
9.7318 	EXP 	win_lose: height = 0.05
9.7318 	EXP 	win_lose: height = 0.05
9.7318 	EXP 	win_lose: height = 0.05
9.7318 	EXP 	win_lose: text = '0 Won | 300 Lost'
9.7318 	EXP 	green: markerPos = None
9.7318 	EXP 	green: markerPos = 0
9.7318 	EXP 	red: markerPos = None
9.7318 	EXP 	red: markerPos = 300
9.7318 	EXP 	header: autoDraw = True
9.7318 	EXP 	win_lose: autoDraw = True
9.7318 	EXP 	green: autoDraw = True
9.7318 	EXP 	red: autoDraw = True
9.7573 	DATA 	Mouse:  Left button up, pos=(648,104)
9.8754 	DATA 	Mouse: Left button down, pos=(648,104)
9.8869 	EXP 	New trial (rep=4, index=0): None
9.9373 	EXP 	header: autoDraw = False
9.9373 	EXP 	win_lose: autoDraw = False
9.9373 	EXP 	green: autoDraw = False
9.9373 	EXP 	red: autoDraw = False
9.9373 	EXP 	win_lose: height = 0.05
9.9373 	EXP 	win_lose: height = 0.05
9.9373 	EXP 	win_lose: height = 0.05
9.9373 	EXP 	win_lose: text = '0 Won | 400 Lost'
9.9373 	EXP 	green: markerPos = None
9.9373 	EXP 	green: markerPos = 0
9.9373 	EXP 	red: markerPos = None
9.9373 	EXP 	red: markerPos = 400
9.9373 	EXP 	header: autoDraw = True
9.9373 	EXP 	win_lose: autoDraw = True
9.9373 	EXP 	green: autoDraw = True
9.9373 	EXP 	red: autoDraw = True
9.9631 	DATA 	Mouse:  Left button up, pos=(648,104)
10.0966 	DATA 	Mouse: Left button down, pos=(648,104)
10.1087 	EXP 	New trial (rep=5, index=0): None
10.1594 	EXP 	header: autoDraw = False
10.1594 	EXP 	win_lose: autoDraw = False
10.1594 	EXP 	green: autoDraw = False
10.1594 	EXP 	red: autoDraw = False
10.1594 	EXP 	win_lose: height = 0.05
10.1594 	EXP 	win_lose: height = 0.05
10.1594 	EXP 	win_lose: height = 0.05
10.1594 	EXP 	win_lose: text = '0 Won | 500 Lost'
10.1594 	EXP 	green: markerPos = None
10.1594 	EXP 	green: markerPos = 0
10.1594 	EXP 	red: markerPos = None
10.1594 	EXP 	red: markerPos = 500
10.1594 	EXP 	header: autoDraw = True
10.1594 	EXP 	win_lose: autoDraw = True
10.1594 	EXP 	green: autoDraw = True
10.1594 	EXP 	red: autoDraw = True
10.1596 	DATA 	Mouse:  Left button up, pos=(648,104)
11.2929 	DATA 	Mouse: Left button down, pos=(715,122)
11.3265 	EXP 	New trial (rep=6, index=0): None
11.3579 	DATA 	Mouse:  Left button up, pos=(715,122)
11.3785 	EXP 	header: autoDraw = False
11.3785 	EXP 	win_lose: autoDraw = False
11.3785 	EXP 	green: autoDraw = False
11.3785 	EXP 	red: autoDraw = False
11.3785 	EXP 	win_lose: height = 0.05
11.3785 	EXP 	win_lose: height = 0.05
11.3785 	EXP 	win_lose: height = 0.05
11.3785 	EXP 	win_lose: text = '0 Won | 600 Lost'
11.3785 	EXP 	green: markerPos = None
11.3785 	EXP 	green: markerPos = 0
11.3785 	EXP 	red: markerPos = None
11.3785 	EXP 	red: markerPos = 600
11.3785 	EXP 	header: autoDraw = True
11.3785 	EXP 	win_lose: autoDraw = True
11.3785 	EXP 	green: autoDraw = True
11.3785 	EXP 	red: autoDraw = True
11.4569 	DATA 	Mouse: Left button down, pos=(714,123)
11.4684 	EXP 	New trial (rep=7, index=0): None
11.5194 	EXP 	header: autoDraw = False
11.5194 	EXP 	win_lose: autoDraw = False
11.5194 	EXP 	green: autoDraw = False
11.5194 	EXP 	red: autoDraw = False
11.5194 	EXP 	win_lose: height = 0.05
11.5194 	EXP 	win_lose: height = 0.05
11.5194 	EXP 	win_lose: height = 0.05
11.5194 	EXP 	win_lose: text = '0 Won | 700 Lost'
11.5194 	EXP 	green: markerPos = None
11.5194 	EXP 	green: markerPos = 0
11.5194 	EXP 	red: markerPos = None
11.5194 	EXP 	red: markerPos = 700
11.5194 	EXP 	header: autoDraw = True
11.5194 	EXP 	win_lose: autoDraw = True
11.5194 	EXP 	green: autoDraw = True
11.5194 	EXP 	red: autoDraw = True
11.5450 	DATA 	Mouse:  Left button up, pos=(714,123)
11.6307 	DATA 	Mouse: Left button down, pos=(714,123)
11.6422 	EXP 	New trial (rep=8, index=0): None
11.6943 	EXP 	header: autoDraw = False
11.6943 	EXP 	win_lose: autoDraw = False
11.6943 	EXP 	green: autoDraw = False
11.6943 	EXP 	red: autoDraw = False
11.6943 	EXP 	win_lose: height = 0.05
11.6943 	EXP 	win_lose: height = 0.05
11.6943 	EXP 	win_lose: height = 0.05
11.6943 	EXP 	win_lose: text = '0 Won | 800 Lost'
11.6943 	EXP 	green: markerPos = None
11.6943 	EXP 	green: markerPos = 0
11.6943 	EXP 	red: markerPos = None
11.6943 	EXP 	red: markerPos = 800
11.6943 	EXP 	header: autoDraw = True
11.6943 	EXP 	win_lose: autoDraw = True
11.6943 	EXP 	green: autoDraw = True
11.6943 	EXP 	red: autoDraw = True
11.7199 	DATA 	Mouse:  Left button up, pos=(714,123)
12.4004 	DATA 	Mouse: Left button down, pos=(1295,146)
12.4338 	EXP 	New trial (rep=9, index=0): None
12.4851 	EXP 	header: autoDraw = False
12.4851 	EXP 	win_lose: autoDraw = False
12.4851 	EXP 	green: autoDraw = False
12.4851 	EXP 	red: autoDraw = False
12.4851 	EXP 	win_lose: height = 0.05
12.4851 	EXP 	win_lose: height = 0.05
12.4851 	EXP 	win_lose: height = 0.05
12.4851 	EXP 	win_lose: text = '100 Won | 800 Lost'
12.4851 	EXP 	green: markerPos = None
12.4851 	EXP 	green: markerPos = 100
12.4851 	EXP 	red: markerPos = None
12.4851 	EXP 	red: markerPos = 800
12.4851 	EXP 	header: autoDraw = True
12.4851 	EXP 	win_lose: autoDraw = True
12.4851 	EXP 	green: autoDraw = True
12.4851 	EXP 	red: autoDraw = True
12.5107 	DATA 	Mouse:  Left button up, pos=(1295,146)
12.6229 	DATA 	Mouse: Left button down, pos=(1295,146)
12.6405 	EXP 	New trial (rep=10, index=0): None
12.6715 	DATA 	Mouse:  Left button up, pos=(1295,146)
12.6923 	EXP 	header: autoDraw = False
12.6923 	EXP 	win_lose: autoDraw = False
12.6923 	EXP 	green: autoDraw = False
12.6923 	EXP 	red: autoDraw = False
12.6923 	EXP 	win_lose: height = 0.05
12.6923 	EXP 	win_lose: height = 0.05
12.6923 	EXP 	win_lose: height = 0.05
12.6923 	EXP 	win_lose: text = '200 Won | 800 Lost'
12.6923 	EXP 	green: markerPos = None
12.6923 	EXP 	green: markerPos = 200
12.6923 	EXP 	red: markerPos = None
12.6923 	EXP 	red: markerPos = 800
12.6923 	EXP 	header: autoDraw = True
12.6923 	EXP 	win_lose: autoDraw = True
12.6923 	EXP 	green: autoDraw = True
12.6923 	EXP 	red: autoDraw = True
12.7717 	DATA 	Mouse: Left button down, pos=(1295,146)
12.7833 	EXP 	New trial (rep=11, index=0): None
12.8357 	EXP 	header: autoDraw = False
12.8357 	EXP 	win_lose: autoDraw = False
12.8357 	EXP 	green: autoDraw = False
12.8357 	EXP 	red: autoDraw = False
12.8357 	EXP 	win_lose: height = 0.05
12.8357 	EXP 	win_lose: height = 0.05
12.8357 	EXP 	win_lose: height = 0.05
12.8357 	EXP 	win_lose: text = '300 Won | 800 Lost'
12.8357 	EXP 	green: markerPos = None
12.8357 	EXP 	green: markerPos = 300
12.8357 	EXP 	red: markerPos = None
12.8357 	EXP 	red: markerPos = 800
12.8357 	EXP 	header: autoDraw = True
12.8357 	EXP 	win_lose: autoDraw = True
12.8357 	EXP 	green: autoDraw = True
12.8357 	EXP 	red: autoDraw = True
12.8359 	DATA 	Mouse:  Left button up, pos=(1295,146)
13.7697 	DATA 	Mouse: Left button down, pos=(1331,71)
13.7811 	EXP 	New trial (rep=12, index=0): None
13.8318 	EXP 	header: autoDraw = False
13.8318 	EXP 	win_lose: autoDraw = False
13.8318 	EXP 	green: autoDraw = False
13.8318 	EXP 	red: autoDraw = False
13.8318 	EXP 	win_lose: height = 0.05
13.8318 	EXP 	win_lose: height = 0.05
13.8318 	EXP 	win_lose: height = 0.05
13.8318 	EXP 	win_lose: text = '400 Won | 800 Lost'
13.8318 	EXP 	green: markerPos = None
13.8318 	EXP 	green: markerPos = 400
13.8318 	EXP 	red: markerPos = None
13.8318 	EXP 	red: markerPos = 800
13.8318 	EXP 	header: autoDraw = True
13.8318 	EXP 	win_lose: autoDraw = True
13.8318 	EXP 	green: autoDraw = True
13.8318 	EXP 	red: autoDraw = True
13.8320 	DATA 	Mouse:  Left button up, pos=(1331,71)
14.6623 	DATA 	Mouse: Left button down, pos=(1274,74)
14.6806 	EXP 	New trial (rep=13, index=0): None
14.7176 	EXP 	header: autoDraw = False
14.7176 	EXP 	win_lose: autoDraw = False
14.7176 	EXP 	green: autoDraw = False
14.7176 	EXP 	red: autoDraw = False
14.7176 	EXP 	win_lose: height = 0.05
14.7176 	EXP 	win_lose: height = 0.05
14.7176 	EXP 	win_lose: height = 0.05
14.7176 	EXP 	win_lose: text = '500 Won | 800 Lost'
14.7176 	EXP 	green: markerPos = None
14.7176 	EXP 	green: markerPos = 500
14.7176 	EXP 	red: markerPos = None
14.7176 	EXP 	red: markerPos = 800
14.7176 	EXP 	header: autoDraw = True
14.7176 	EXP 	win_lose: autoDraw = True
14.7176 	EXP 	green: autoDraw = True
14.7176 	EXP 	red: autoDraw = True
14.7511 	DATA 	Mouse:  Left button up, pos=(1274,74)
14.8545 	DATA 	Mouse: Left button down, pos=(1274,74)
14.8709 	EXP 	New trial (rep=14, index=0): None
14.9076 	EXP 	header: autoDraw = False
14.9076 	EXP 	win_lose: autoDraw = False
14.9076 	EXP 	green: autoDraw = False
14.9076 	EXP 	red: autoDraw = False
14.9076 	EXP 	win_lose: height = 0.05
14.9076 	EXP 	win_lose: height = 0.05
14.9076 	EXP 	win_lose: height = 0.05
14.9076 	EXP 	win_lose: text = '600 Won | 800 Lost'
14.9076 	EXP 	green: markerPos = None
14.9076 	EXP 	green: markerPos = 600
14.9076 	EXP 	red: markerPos = None
14.9076 	EXP 	red: markerPos = 800
14.9076 	EXP 	header: autoDraw = True
14.9076 	EXP 	win_lose: autoDraw = True
14.9076 	EXP 	green: autoDraw = True
14.9076 	EXP 	red: autoDraw = True
14.9330 	DATA 	Mouse:  Left button up, pos=(1274,74)
15.0131 	DATA 	Mouse: Left button down, pos=(1274,74)
15.0309 	EXP 	New trial (rep=15, index=0): None
15.0666 	EXP 	header: autoDraw = False
15.0666 	EXP 	win_lose: autoDraw = False
15.0666 	EXP 	green: autoDraw = False
15.0666 	EXP 	red: autoDraw = False
15.0666 	EXP 	win_lose: height = 0.05
15.0666 	EXP 	win_lose: height = 0.05
15.0666 	EXP 	win_lose: height = 0.05
15.0666 	EXP 	win_lose: text = '700 Won | 800 Lost'
15.0666 	EXP 	green: markerPos = None
15.0666 	EXP 	green: markerPos = 700
15.0666 	EXP 	red: markerPos = None
15.0666 	EXP 	red: markerPos = 800
15.0666 	EXP 	header: autoDraw = True
15.0666 	EXP 	win_lose: autoDraw = True
15.0666 	EXP 	green: autoDraw = True
15.0666 	EXP 	red: autoDraw = True
15.0921 	DATA 	Mouse:  Left button up, pos=(1274,74)
15.1776 	DATA 	Mouse: Left button down, pos=(1274,74)
15.1889 	EXP 	New trial (rep=16, index=0): None
15.2245 	EXP 	header: autoDraw = False
15.2245 	EXP 	win_lose: autoDraw = False
15.2245 	EXP 	green: autoDraw = False
15.2245 	EXP 	red: autoDraw = False
15.2245 	EXP 	win_lose: height = 0.05
15.2245 	EXP 	win_lose: height = 0.05
15.2245 	EXP 	win_lose: height = 0.05
15.2245 	EXP 	win_lose: text = '800 Won | 800 Lost'
15.2245 	EXP 	green: markerPos = None
15.2245 	EXP 	green: markerPos = 800
15.2245 	EXP 	red: markerPos = None
15.2245 	EXP 	red: markerPos = 800
15.2245 	EXP 	header: autoDraw = True
15.2245 	EXP 	win_lose: autoDraw = True
15.2245 	EXP 	green: autoDraw = True
15.2245 	EXP 	red: autoDraw = True
15.3047 	DATA 	Mouse:  Left button up, pos=(1274,74)
15.3609 	DATA 	Mouse: Left button down, pos=(1274,74)
15.3952 	EXP 	New trial (rep=17, index=0): None
15.4466 	EXP 	header: autoDraw = False
15.4466 	EXP 	win_lose: autoDraw = False
15.4466 	EXP 	green: autoDraw = False
15.4466 	EXP 	red: autoDraw = False
15.4466 	EXP 	win_lose: height = 0.05
15.4466 	EXP 	win_lose: height = 0.05
15.4466 	EXP 	win_lose: height = 0.05
15.4466 	EXP 	win_lose: text = '900 Won | 800 Lost'
15.4466 	EXP 	green: markerPos = None
15.4466 	EXP 	green: markerPos = 900
15.4466 	EXP 	red: markerPos = None
15.4466 	EXP 	red: markerPos = 800
15.4466 	EXP 	header: autoDraw = True
15.4466 	EXP 	win_lose: autoDraw = True
15.4466 	EXP 	green: autoDraw = True
15.4466 	EXP 	red: autoDraw = True
15.4724 	DATA 	Mouse:  Left button up, pos=(1274,74)
15.5511 	DATA 	Mouse: Left button down, pos=(1274,74)
15.5678 	EXP 	New trial (rep=18, index=0): None
15.6048 	EXP 	header: autoDraw = False
15.6048 	EXP 	win_lose: autoDraw = False
15.6048 	EXP 	green: autoDraw = False
15.6048 	EXP 	red: autoDraw = False
15.6048 	EXP 	win_lose: height = 0.05
15.6048 	EXP 	win_lose: height = 0.05
15.6048 	EXP 	win_lose: height = 0.05
15.6048 	EXP 	win_lose: text = '1000 Won | 800 Lost'
15.6048 	EXP 	green: markerPos = None
15.6048 	EXP 	green: markerPos = 1000
15.6048 	EXP 	red: markerPos = None
15.6048 	EXP 	red: markerPos = 800
15.6048 	EXP 	header: autoDraw = True
15.6048 	EXP 	win_lose: autoDraw = True
15.6048 	EXP 	green: autoDraw = True
15.6048 	EXP 	red: autoDraw = True
15.6368 	DATA 	Mouse:  Left button up, pos=(1274,74)
15.7242 	DATA 	Mouse: Left button down, pos=(1274,74)
15.7584 	EXP 	New trial (rep=19, index=0): None
15.8094 	EXP 	header: autoDraw = False
15.8094 	EXP 	win_lose: autoDraw = False
15.8094 	EXP 	green: autoDraw = False
15.8094 	EXP 	red: autoDraw = False
15.8094 	EXP 	win_lose: height = 0.05
15.8094 	EXP 	win_lose: height = 0.05
15.8094 	EXP 	win_lose: height = 0.05
15.8094 	EXP 	win_lose: text = '1100 Won | 800 Lost'
15.8094 	EXP 	green: markerPos = None
15.8094 	EXP 	green: markerPos = 1100
15.8094 	EXP 	red: markerPos = None
15.8094 	EXP 	red: markerPos = 800
15.8094 	EXP 	header: autoDraw = True
15.8094 	EXP 	win_lose: autoDraw = True
15.8094 	EXP 	green: autoDraw = True
15.8094 	EXP 	red: autoDraw = True
15.8096 	DATA 	Mouse:  Left button up, pos=(1274,74)
15.8883 	DATA 	Mouse: Left button down, pos=(1274,74)
15.8998 	EXP 	New trial (rep=20, index=0): None
15.9521 	EXP 	header: autoDraw = False
15.9521 	EXP 	win_lose: autoDraw = False
15.9521 	EXP 	green: autoDraw = False
15.9521 	EXP 	red: autoDraw = False
15.9521 	EXP 	win_lose: height = 0.05
15.9521 	EXP 	win_lose: height = 0.05
15.9521 	EXP 	win_lose: height = 0.05
15.9521 	EXP 	win_lose: text = '1200 Won | 800 Lost'
15.9521 	EXP 	green: markerPos = None
15.9521 	EXP 	green: markerPos = 1200
15.9521 	EXP 	red: markerPos = None
15.9521 	EXP 	red: markerPos = 800
15.9521 	EXP 	header: autoDraw = True
15.9521 	EXP 	win_lose: autoDraw = True
15.9521 	EXP 	green: autoDraw = True
15.9521 	EXP 	red: autoDraw = True
15.9777 	DATA 	Mouse:  Left button up, pos=(1274,74)
16.0302 	DATA 	Mouse: Left button down, pos=(1274,74)
16.0418 	EXP 	New trial (rep=21, index=0): None
16.0930 	EXP 	header: autoDraw = False
16.0930 	EXP 	win_lose: autoDraw = False
16.0930 	EXP 	green: autoDraw = False
16.0930 	EXP 	red: autoDraw = False
16.0930 	EXP 	win_lose: height = 0.05
16.0930 	EXP 	win_lose: height = 0.05
16.0930 	EXP 	win_lose: height = 0.05
16.0930 	EXP 	win_lose: text = '1300 Won | 800 Lost'
16.0930 	EXP 	green: markerPos = None
16.0930 	EXP 	green: markerPos = 1300
16.0930 	EXP 	red: markerPos = None
16.0930 	EXP 	red: markerPos = 800
16.0930 	EXP 	header: autoDraw = True
16.0930 	EXP 	win_lose: autoDraw = True
16.0930 	EXP 	green: autoDraw = True
16.0930 	EXP 	red: autoDraw = True
16.1184 	DATA 	Mouse:  Left button up, pos=(1274,74)
16.3886 	DATA 	Mouse: Left button down, pos=(634,92)
16.4064 	EXP 	New trial (rep=22, index=0): None
16.4577 	EXP 	header: autoDraw = False
16.4577 	EXP 	win_lose: autoDraw = False
16.4577 	EXP 	green: autoDraw = False
16.4577 	EXP 	red: autoDraw = False
16.4577 	EXP 	win_lose: height = 0.05
16.4577 	EXP 	win_lose: height = 0.05
16.4577 	EXP 	win_lose: height = 0.05
16.4577 	EXP 	win_lose: text = '1300 Won | 900 Lost'
16.4577 	EXP 	green: markerPos = None
16.4577 	EXP 	green: markerPos = 1300
16.4577 	EXP 	red: markerPos = None
16.4577 	EXP 	red: markerPos = 900
16.4577 	EXP 	header: autoDraw = True
16.4577 	EXP 	win_lose: autoDraw = True
16.4577 	EXP 	green: autoDraw = True
16.4577 	EXP 	red: autoDraw = True
16.4832 	DATA 	Mouse:  Left button up, pos=(634,92)
16.5688 	DATA 	Mouse: Left button down, pos=(634,92)
16.5802 	EXP 	New trial (rep=23, index=0): None
16.6320 	EXP 	header: autoDraw = False
16.6320 	EXP 	win_lose: autoDraw = False
16.6320 	EXP 	green: autoDraw = False
16.6320 	EXP 	red: autoDraw = False
16.6320 	EXP 	win_lose: height = 0.05
16.6320 	EXP 	win_lose: height = 0.05
16.6320 	EXP 	win_lose: height = 0.05
16.6320 	EXP 	win_lose: text = '1300 Won | 1000 Lost'
16.6320 	EXP 	green: markerPos = None
16.6320 	EXP 	green: markerPos = 1300
16.6320 	EXP 	red: markerPos = None
16.6320 	EXP 	red: markerPos = 1000
16.6320 	EXP 	header: autoDraw = True
16.6320 	EXP 	win_lose: autoDraw = True
16.6320 	EXP 	green: autoDraw = True
16.6320 	EXP 	red: autoDraw = True
16.6575 	DATA 	Mouse:  Left button up, pos=(634,92)
16.7366 	DATA 	Mouse: Left button down, pos=(634,92)
16.7538 	EXP 	New trial (rep=24, index=0): None
16.7901 	EXP 	header: autoDraw = False
16.7901 	EXP 	win_lose: autoDraw = False
16.7901 	EXP 	green: autoDraw = False
16.7901 	EXP 	red: autoDraw = False
16.7901 	EXP 	win_lose: height = 0.05
16.7901 	EXP 	win_lose: height = 0.05
16.7901 	EXP 	win_lose: height = 0.05
16.7901 	EXP 	win_lose: text = '1300 Won | 1100 Lost'
16.7901 	EXP 	green: markerPos = None
16.7901 	EXP 	green: markerPos = 1300
16.7901 	EXP 	red: markerPos = None
16.7901 	EXP 	red: markerPos = 1100
16.7901 	EXP 	header: autoDraw = True
16.7901 	EXP 	win_lose: autoDraw = True
16.7901 	EXP 	green: autoDraw = True
16.7901 	EXP 	red: autoDraw = True
16.8158 	DATA 	Mouse:  Left button up, pos=(634,92)
16.9013 	DATA 	Mouse: Left button down, pos=(634,92)
16.9128 	EXP 	New trial (rep=25, index=0): None
16.9643 	EXP 	header: autoDraw = False
16.9643 	EXP 	win_lose: autoDraw = False
16.9643 	EXP 	green: autoDraw = False
16.9643 	EXP 	red: autoDraw = False
16.9643 	EXP 	win_lose: height = 0.05
16.9643 	EXP 	win_lose: height = 0.05
16.9643 	EXP 	win_lose: height = 0.05
16.9643 	EXP 	win_lose: text = '1300 Won | 1200 Lost'
16.9643 	EXP 	green: markerPos = None
16.9643 	EXP 	green: markerPos = 1300
16.9643 	EXP 	red: markerPos = None
16.9643 	EXP 	red: markerPos = 1200
16.9643 	EXP 	header: autoDraw = True
16.9643 	EXP 	win_lose: autoDraw = True
16.9643 	EXP 	green: autoDraw = True
16.9643 	EXP 	red: autoDraw = True
16.9900 	DATA 	Mouse:  Left button up, pos=(643,92)
17.1794 	DATA 	Mouse: Left button down, pos=(1201,102)
17.1966 	EXP 	New trial (rep=26, index=0): None
17.2334 	EXP 	header: autoDraw = False
17.2334 	EXP 	win_lose: autoDraw = False
17.2334 	EXP 	green: autoDraw = False
17.2334 	EXP 	red: autoDraw = False
17.2334 	EXP 	win_lose: height = 0.05
17.2334 	EXP 	win_lose: height = 0.05
17.2334 	EXP 	win_lose: height = 0.05
17.2334 	EXP 	win_lose: text = '1400 Won | 1200 Lost'
17.2334 	EXP 	green: markerPos = None
17.2334 	EXP 	green: markerPos = 1400
17.2334 	EXP 	red: markerPos = None
17.2334 	EXP 	red: markerPos = 1200
17.2334 	EXP 	header: autoDraw = True
17.2334 	EXP 	win_lose: autoDraw = True
17.2334 	EXP 	green: autoDraw = True
17.2334 	EXP 	red: autoDraw = True
17.2586 	DATA 	Mouse:  Left button up, pos=(1201,102)
17.3447 	DATA 	Mouse: Left button down, pos=(1201,102)
17.3563 	EXP 	New trial (rep=27, index=0): None
17.3872 	DATA 	Mouse:  Left button up, pos=(1188,101)
17.4072 	EXP 	header: autoDraw = False
17.4072 	EXP 	win_lose: autoDraw = False
17.4072 	EXP 	green: autoDraw = False
17.4072 	EXP 	red: autoDraw = False
17.4072 	EXP 	win_lose: height = 0.05
17.4072 	EXP 	win_lose: height = 0.05
17.4072 	EXP 	win_lose: height = 0.05
17.4072 	EXP 	win_lose: text = '1500 Won | 1200 Lost'
17.4072 	EXP 	green: markerPos = None
17.4072 	EXP 	green: markerPos = 1500
17.4072 	EXP 	red: markerPos = None
17.4072 	EXP 	red: markerPos = 1200
17.4072 	EXP 	header: autoDraw = True
17.4072 	EXP 	win_lose: autoDraw = True
17.4072 	EXP 	green: autoDraw = True
17.4072 	EXP 	red: autoDraw = True
17.5668 	DATA 	Mouse: Left button down, pos=(741,119)
17.5784 	EXP 	New trial (rep=28, index=0): None
17.6280 	EXP 	header: autoDraw = False
17.6280 	EXP 	win_lose: autoDraw = False
17.6280 	EXP 	green: autoDraw = False
17.6280 	EXP 	red: autoDraw = False
17.6280 	EXP 	win_lose: height = 0.05
17.6280 	EXP 	win_lose: height = 0.05
17.6280 	EXP 	win_lose: height = 0.05
17.6280 	EXP 	win_lose: text = '1500 Won | 1300 Lost'
17.6280 	EXP 	green: markerPos = None
17.6280 	EXP 	green: markerPos = 1500
17.6280 	EXP 	red: markerPos = None
17.6280 	EXP 	red: markerPos = 1300
17.6280 	EXP 	header: autoDraw = True
17.6280 	EXP 	win_lose: autoDraw = True
17.6280 	EXP 	green: autoDraw = True
17.6280 	EXP 	red: autoDraw = True
17.6537 	DATA 	Mouse:  Left button up, pos=(758,119)
17.7964 	DATA 	Mouse: Left button down, pos=(1327,114)
17.8132 	EXP 	New trial (rep=29, index=0): None
17.8502 	EXP 	header: autoDraw = False
17.8502 	EXP 	win_lose: autoDraw = False
17.8502 	EXP 	green: autoDraw = False
17.8502 	EXP 	red: autoDraw = False
17.8502 	EXP 	win_lose: height = 0.05
17.8502 	EXP 	win_lose: height = 0.05
17.8502 	EXP 	win_lose: height = 0.05
17.8502 	EXP 	win_lose: text = '1600 Won | 1300 Lost'
17.8502 	EXP 	green: markerPos = None
17.8502 	EXP 	green: markerPos = 1600
17.8502 	EXP 	red: markerPos = None
17.8502 	EXP 	red: markerPos = 1300
17.8502 	EXP 	header: autoDraw = True
17.8502 	EXP 	win_lose: autoDraw = True
17.8502 	EXP 	green: autoDraw = True
17.8502 	EXP 	red: autoDraw = True
17.8762 	DATA 	Mouse:  Left button up, pos=(1267,113)
18.0344 	DATA 	Mouse: Left button down, pos=(621,115)
18.0519 	EXP 	New trial (rep=30, index=0): None
18.1034 	EXP 	header: autoDraw = False
18.1034 	EXP 	win_lose: autoDraw = False
18.1034 	EXP 	green: autoDraw = False
18.1034 	EXP 	red: autoDraw = False
18.1034 	EXP 	win_lose: height = 0.05
18.1034 	EXP 	win_lose: height = 0.05
18.1034 	EXP 	win_lose: height = 0.05
18.1034 	EXP 	win_lose: text = '1600 Won | 1400 Lost'
18.1034 	EXP 	green: markerPos = None
18.1034 	EXP 	green: markerPos = 1600
18.1034 	EXP 	red: markerPos = None
18.1034 	EXP 	red: markerPos = 1400
18.1034 	EXP 	header: autoDraw = True
18.1034 	EXP 	win_lose: autoDraw = True
18.1034 	EXP 	green: autoDraw = True
18.1034 	EXP 	red: autoDraw = True
18.1288 	DATA 	Mouse:  Left button up, pos=(635,115)
18.2792 	DATA 	Mouse: Left button down, pos=(1235,102)
18.2907 	EXP 	New trial (rep=31, index=0): None
18.3416 	EXP 	header: autoDraw = False
18.3416 	EXP 	win_lose: autoDraw = False
18.3416 	EXP 	green: autoDraw = False
18.3416 	EXP 	red: autoDraw = False
18.3416 	EXP 	win_lose: height = 0.05
18.3416 	EXP 	win_lose: height = 0.05
18.3416 	EXP 	win_lose: height = 0.05
18.3416 	EXP 	win_lose: text = '1700 Won | 1400 Lost'
18.3416 	EXP 	green: markerPos = None
18.3416 	EXP 	green: markerPos = 1700
18.3416 	EXP 	red: markerPos = None
18.3416 	EXP 	red: markerPos = 1400
18.3416 	EXP 	header: autoDraw = True
18.3416 	EXP 	win_lose: autoDraw = True
18.3416 	EXP 	green: autoDraw = True
18.3416 	EXP 	red: autoDraw = True
18.3673 	DATA 	Mouse:  Left button up, pos=(1174,101)
18.5099 	DATA 	Mouse: Left button down, pos=(655,106)
18.5443 	EXP 	New trial (rep=32, index=0): None
18.5758 	DATA 	Mouse:  Left button up, pos=(712,106)
18.5942 	EXP 	header: autoDraw = False
18.5942 	EXP 	win_lose: autoDraw = False
18.5942 	EXP 	green: autoDraw = False
18.5942 	EXP 	red: autoDraw = False
18.5942 	EXP 	win_lose: height = 0.05
18.5942 	EXP 	win_lose: height = 0.05
18.5942 	EXP 	win_lose: height = 0.05
18.5942 	EXP 	win_lose: text = '1700 Won | 1500 Lost'
18.5942 	EXP 	green: markerPos = None
18.5942 	EXP 	green: markerPos = 1700
18.5942 	EXP 	red: markerPos = None
18.5942 	EXP 	red: markerPos = 1500
18.5942 	EXP 	header: autoDraw = True
18.5942 	EXP 	win_lose: autoDraw = True
18.5942 	EXP 	green: autoDraw = True
18.5942 	EXP 	red: autoDraw = True
18.8746 	DATA 	Mouse: Left button down, pos=(1297,130)
18.8923 	EXP 	New trial (rep=33, index=0): None
18.9432 	EXP 	header: autoDraw = False
18.9432 	EXP 	win_lose: autoDraw = False
18.9432 	EXP 	green: autoDraw = False
18.9432 	EXP 	red: autoDraw = False
18.9432 	EXP 	win_lose: height = 0.05
18.9432 	EXP 	win_lose: height = 0.05
18.9432 	EXP 	win_lose: height = 0.05
18.9432 	EXP 	win_lose: text = '1800 Won | 1500 Lost'
18.9432 	EXP 	green: markerPos = None
18.9432 	EXP 	green: markerPos = 1800
18.9432 	EXP 	red: markerPos = None
18.9432 	EXP 	red: markerPos = 1500
18.9432 	EXP 	header: autoDraw = True
18.9432 	EXP 	win_lose: autoDraw = True
18.9432 	EXP 	green: autoDraw = True
18.9432 	EXP 	red: autoDraw = True
18.9687 	DATA 	Mouse:  Left button up, pos=(1297,130)
19.0633 	DATA 	Mouse: Left button down, pos=(1297,130)
19.0982 	EXP 	New trial (rep=34, index=0): None
19.1508 	EXP 	header: autoDraw = False
19.1508 	EXP 	win_lose: autoDraw = False
19.1508 	EXP 	green: autoDraw = False
19.1508 	EXP 	red: autoDraw = False
19.1508 	EXP 	win_lose: height = 0.05
19.1508 	EXP 	win_lose: height = 0.05
19.1508 	EXP 	win_lose: height = 0.05
19.1508 	EXP 	win_lose: text = '1900 Won | 1500 Lost'
19.1508 	EXP 	green: markerPos = None
19.1508 	EXP 	green: markerPos = 1900
19.1508 	EXP 	red: markerPos = None
19.1508 	EXP 	red: markerPos = 1500
19.1508 	EXP 	header: autoDraw = True
19.1508 	EXP 	win_lose: autoDraw = True
19.1508 	EXP 	green: autoDraw = True
19.1508 	EXP 	red: autoDraw = True
19.1510 	DATA 	Mouse:  Left button up, pos=(1297,130)
19.2068 	DATA 	Mouse: Left button down, pos=(1297,130)
19.2402 	EXP 	New trial (rep=35, index=0): None
19.2919 	EXP 	header: autoDraw = False
19.2919 	EXP 	win_lose: autoDraw = False
19.2919 	EXP 	green: autoDraw = False
19.2919 	EXP 	red: autoDraw = False
19.2919 	EXP 	win_lose: height = 0.05
19.2919 	EXP 	win_lose: height = 0.05
19.2919 	EXP 	win_lose: height = 0.05
19.2919 	EXP 	win_lose: text = '2000 Won | 1500 Lost'
19.2919 	EXP 	green: markerPos = None
19.2919 	EXP 	green: markerPos = 2000
19.2919 	EXP 	red: markerPos = None
19.2919 	EXP 	red: markerPos = 1500
19.2919 	EXP 	header: autoDraw = True
19.2919 	EXP 	win_lose: autoDraw = True
19.2919 	EXP 	green: autoDraw = True
19.2919 	EXP 	red: autoDraw = True
19.3175 	DATA 	Mouse:  Left button up, pos=(1297,130)
19.3716 	DATA 	Mouse: Left button down, pos=(1297,130)
19.3831 	EXP 	New trial (rep=36, index=0): None
19.4350 	EXP 	header: autoDraw = False
19.4350 	EXP 	win_lose: autoDraw = False
19.4350 	EXP 	green: autoDraw = False
19.4350 	EXP 	red: autoDraw = False
19.4350 	EXP 	win_lose: height = 0.05
19.4350 	EXP 	win_lose: height = 0.05
19.4350 	EXP 	win_lose: height = 0.05
19.4350 	EXP 	win_lose: text = '2100 Won | 1500 Lost'
19.4350 	EXP 	green: markerPos = None
19.4350 	EXP 	green: markerPos = 2100
19.4350 	EXP 	red: markerPos = None
19.4350 	EXP 	red: markerPos = 1500
19.4350 	EXP 	header: autoDraw = True
19.4350 	EXP 	win_lose: autoDraw = True
19.4350 	EXP 	green: autoDraw = True
19.4350 	EXP 	red: autoDraw = True
19.4906 	DATA 	Mouse:  Left button up, pos=(1297,130)
19.5685 	DATA 	Mouse: Left button down, pos=(1297,130)
19.6038 	EXP 	New trial (rep=37, index=0): None
19.6543 	EXP 	header: autoDraw = False
19.6543 	EXP 	win_lose: autoDraw = False
19.6543 	EXP 	green: autoDraw = False
19.6543 	EXP 	red: autoDraw = False
19.6543 	EXP 	win_lose: height = 0.05
19.6543 	EXP 	win_lose: height = 0.05
19.6543 	EXP 	win_lose: height = 0.05
19.6543 	EXP 	win_lose: text = '2200 Won | 1500 Lost'
19.6543 	EXP 	green: markerPos = None
19.6543 	EXP 	green: markerPos = 2200
19.6543 	EXP 	red: markerPos = None
19.6543 	EXP 	red: markerPos = 1500
19.6543 	EXP 	header: autoDraw = True
19.6543 	EXP 	win_lose: autoDraw = True
19.6543 	EXP 	green: autoDraw = True
19.6543 	EXP 	red: autoDraw = True
19.6799 	DATA 	Mouse:  Left button up, pos=(1297,130)
19.7435 	DATA 	Mouse: Left button down, pos=(1297,130)
19.7618 	EXP 	New trial (rep=38, index=0): None
19.8140 	EXP 	header: autoDraw = False
19.8140 	EXP 	win_lose: autoDraw = False
19.8140 	EXP 	green: autoDraw = False
19.8140 	EXP 	red: autoDraw = False
19.8140 	EXP 	win_lose: height = 0.05
19.8140 	EXP 	win_lose: height = 0.05
19.8140 	EXP 	win_lose: height = 0.05
19.8140 	EXP 	win_lose: text = '2300 Won | 1500 Lost'
19.8140 	EXP 	green: markerPos = None
19.8140 	EXP 	green: markerPos = 2300
19.8140 	EXP 	red: markerPos = None
19.8140 	EXP 	red: markerPos = 1500
19.8140 	EXP 	header: autoDraw = True
19.8140 	EXP 	win_lose: autoDraw = True
19.8140 	EXP 	green: autoDraw = True
19.8140 	EXP 	red: autoDraw = True
19.8453 	DATA 	Mouse:  Left button up, pos=(1297,130)
19.9172 	DATA 	Mouse: Left button down, pos=(1297,130)
19.9362 	EXP 	New trial (rep=39, index=0): None
19.9873 	EXP 	header: autoDraw = False
19.9873 	EXP 	win_lose: autoDraw = False
19.9873 	EXP 	green: autoDraw = False
19.9873 	EXP 	red: autoDraw = False
19.9873 	EXP 	win_lose: height = 0.05
19.9873 	EXP 	win_lose: height = 0.05
19.9873 	EXP 	win_lose: height = 0.05
19.9873 	EXP 	win_lose: text = '2400 Won | 1500 Lost'
19.9873 	EXP 	green: markerPos = None
19.9873 	EXP 	green: markerPos = 2400
19.9873 	EXP 	red: markerPos = None
19.9873 	EXP 	red: markerPos = 1500
19.9873 	EXP 	header: autoDraw = True
19.9873 	EXP 	win_lose: autoDraw = True
19.9873 	EXP 	green: autoDraw = True
19.9873 	EXP 	red: autoDraw = True
20.0197 	DATA 	Mouse:  Left button up, pos=(1297,130)
20.0764 	DATA 	Mouse: Left button down, pos=(1297,130)
20.1103 	EXP 	New trial (rep=40, index=0): None
20.1628 	EXP 	header: autoDraw = False
20.1628 	EXP 	win_lose: autoDraw = False
20.1628 	EXP 	green: autoDraw = False
20.1628 	EXP 	red: autoDraw = False
20.1628 	EXP 	win_lose: height = 0.05
20.1628 	EXP 	win_lose: height = 0.05
20.1628 	EXP 	win_lose: height = 0.05
20.1628 	EXP 	win_lose: text = '2500 Won | 1500 Lost'
20.1628 	EXP 	green: markerPos = None
20.1628 	EXP 	green: markerPos = 2500
20.1628 	EXP 	red: markerPos = None
20.1628 	EXP 	red: markerPos = 1500
20.1628 	EXP 	header: autoDraw = True
20.1628 	EXP 	win_lose: autoDraw = True
20.1628 	EXP 	green: autoDraw = True
20.1628 	EXP 	red: autoDraw = True
20.1883 	DATA 	Mouse:  Left button up, pos=(1297,130)
20.2674 	DATA 	Mouse: Left button down, pos=(1297,130)
20.2854 	EXP 	New trial (rep=41, index=0): None
20.3211 	EXP 	header: autoDraw = False
20.3211 	EXP 	win_lose: autoDraw = False
20.3211 	EXP 	green: autoDraw = False
20.3211 	EXP 	red: autoDraw = False
20.3211 	EXP 	win_lose: height = 0.05
20.3211 	EXP 	win_lose: height = 0.05
20.3211 	EXP 	win_lose: height = 0.05
20.3211 	EXP 	win_lose: text = '2600 Won | 1500 Lost'
20.3211 	EXP 	green: markerPos = None
20.3211 	EXP 	green: markerPos = 2600
20.3211 	EXP 	red: markerPos = None
20.3211 	EXP 	red: markerPos = 1500
20.3211 	EXP 	header: autoDraw = True
20.3211 	EXP 	win_lose: autoDraw = True
20.3211 	EXP 	green: autoDraw = True
20.3211 	EXP 	red: autoDraw = True
20.3786 	DATA 	Mouse:  Left button up, pos=(1297,130)
20.4331 	DATA 	Mouse: Left button down, pos=(1297,130)
20.4444 	EXP 	New trial (rep=42, index=0): None
20.4958 	EXP 	header: autoDraw = False
20.4958 	EXP 	win_lose: autoDraw = False
20.4958 	EXP 	green: autoDraw = False
20.4958 	EXP 	red: autoDraw = False
20.4958 	EXP 	win_lose: height = 0.05
20.4958 	EXP 	win_lose: height = 0.05
20.4958 	EXP 	win_lose: height = 0.05
20.4958 	EXP 	win_lose: text = '2700 Won | 1500 Lost'
20.4958 	EXP 	green: markerPos = None
20.4958 	EXP 	green: markerPos = 2700
20.4958 	EXP 	red: markerPos = None
20.4958 	EXP 	red: markerPos = 1500
20.4958 	EXP 	header: autoDraw = True
20.4958 	EXP 	win_lose: autoDraw = True
20.4958 	EXP 	green: autoDraw = True
20.4958 	EXP 	red: autoDraw = True
20.5517 	DATA 	Mouse:  Left button up, pos=(1297,130)
20.6299 	DATA 	Mouse: Left button down, pos=(1297,130)
20.6646 	EXP 	New trial (rep=43, index=0): None
20.7157 	EXP 	header: autoDraw = False
20.7157 	EXP 	win_lose: autoDraw = False
20.7157 	EXP 	green: autoDraw = False
20.7157 	EXP 	red: autoDraw = False
20.7157 	EXP 	win_lose: height = 0.05
20.7157 	EXP 	win_lose: height = 0.05
20.7157 	EXP 	win_lose: height = 0.05
20.7157 	EXP 	win_lose: text = '2800 Won | 1500 Lost'
20.7157 	EXP 	green: markerPos = None
20.7157 	EXP 	green: markerPos = 2800
20.7157 	EXP 	red: markerPos = None
20.7157 	EXP 	red: markerPos = 1500
20.7157 	EXP 	header: autoDraw = True
20.7157 	EXP 	win_lose: autoDraw = True
20.7157 	EXP 	green: autoDraw = True
20.7157 	EXP 	red: autoDraw = True
20.7159 	DATA 	Mouse:  Left button up, pos=(1297,130)
20.7953 	DATA 	Mouse: Left button down, pos=(1297,130)
20.8068 	EXP 	New trial (rep=44, index=0): None
20.8573 	EXP 	header: autoDraw = False
20.8573 	EXP 	win_lose: autoDraw = False
20.8573 	EXP 	green: autoDraw = False
20.8573 	EXP 	red: autoDraw = False
20.8573 	EXP 	win_lose: height = 0.05
20.8573 	EXP 	win_lose: height = 0.05
20.8573 	EXP 	win_lose: height = 0.05
20.8573 	EXP 	win_lose: text = '2900 Won | 1500 Lost'
20.8573 	EXP 	green: markerPos = None
20.8573 	EXP 	green: markerPos = 2900
20.8573 	EXP 	red: markerPos = None
20.8573 	EXP 	red: markerPos = 1500
20.8573 	EXP 	header: autoDraw = True
20.8573 	EXP 	win_lose: autoDraw = True
20.8573 	EXP 	green: autoDraw = True
20.8573 	EXP 	red: autoDraw = True
20.8884 	DATA 	Mouse:  Left button up, pos=(1297,130)
20.9602 	DATA 	Mouse: Left button down, pos=(1297,130)
20.9785 	EXP 	New trial (rep=45, index=0): None
21.0303 	EXP 	header: autoDraw = False
21.0303 	EXP 	win_lose: autoDraw = False
21.0303 	EXP 	green: autoDraw = False
21.0303 	EXP 	red: autoDraw = False
21.0303 	EXP 	win_lose: height = 0.05
21.0303 	EXP 	win_lose: height = 0.05
21.0303 	EXP 	win_lose: height = 0.05
21.0303 	EXP 	win_lose: text = '3000 Won | 1500 Lost'
21.0303 	EXP 	green: markerPos = None
21.0303 	EXP 	green: markerPos = 3000
21.0303 	EXP 	red: markerPos = None
21.0303 	EXP 	red: markerPos = 1500
21.0303 	EXP 	header: autoDraw = True
21.0303 	EXP 	win_lose: autoDraw = True
21.0303 	EXP 	green: autoDraw = True
21.0303 	EXP 	red: autoDraw = True
21.0861 	DATA 	Mouse:  Left button up, pos=(1297,130)
21.1647 	DATA 	Mouse: Left button down, pos=(1297,130)
21.1839 	EXP 	New trial (rep=46, index=0): None
21.2351 	EXP 	header: autoDraw = False
21.2351 	EXP 	win_lose: autoDraw = False
21.2351 	EXP 	green: autoDraw = False
21.2351 	EXP 	red: autoDraw = False
21.2351 	EXP 	win_lose: height = 0.05
21.2351 	EXP 	win_lose: height = 0.05
21.2351 	EXP 	win_lose: height = 0.05
21.2351 	EXP 	win_lose: text = '3100 Won | 1500 Lost'
21.2351 	EXP 	green: markerPos = None
21.2351 	EXP 	green: markerPos = 3100
21.2351 	EXP 	red: markerPos = None
21.2351 	EXP 	red: markerPos = 1500
21.2351 	EXP 	header: autoDraw = True
21.2351 	EXP 	win_lose: autoDraw = True
21.2351 	EXP 	green: autoDraw = True
21.2351 	EXP 	red: autoDraw = True
21.2602 	DATA 	Mouse:  Left button up, pos=(1297,130)
21.3396 	DATA 	Mouse: Left button down, pos=(1297,130)
21.3567 	EXP 	New trial (rep=47, index=0): None
21.3929 	EXP 	header: autoDraw = False
21.3929 	EXP 	win_lose: autoDraw = False
21.3929 	EXP 	green: autoDraw = False
21.3929 	EXP 	red: autoDraw = False
21.3929 	EXP 	win_lose: height = 0.05
21.3929 	EXP 	win_lose: height = 0.05
21.3929 	EXP 	win_lose: height = 0.05
21.3929 	EXP 	win_lose: text = '3200 Won | 1500 Lost'
21.3929 	EXP 	green: markerPos = None
21.3929 	EXP 	green: markerPos = 3200
21.3929 	EXP 	red: markerPos = None
21.3929 	EXP 	red: markerPos = 1500
21.3929 	EXP 	header: autoDraw = True
21.3929 	EXP 	win_lose: autoDraw = True
21.3929 	EXP 	green: autoDraw = True
21.3929 	EXP 	red: autoDraw = True
21.4498 	DATA 	Mouse:  Left button up, pos=(1297,130)
21.5277 	DATA 	Mouse: Left button down, pos=(1297,130)
21.5622 	EXP 	New trial (rep=48, index=0): None
21.6134 	EXP 	header: autoDraw = False
21.6134 	EXP 	win_lose: autoDraw = False
21.6134 	EXP 	green: autoDraw = False
21.6134 	EXP 	red: autoDraw = False
21.6134 	EXP 	win_lose: height = 0.05
21.6134 	EXP 	win_lose: height = 0.05
21.6134 	EXP 	win_lose: height = 0.05
21.6134 	EXP 	win_lose: text = '3300 Won | 1500 Lost'
21.6134 	EXP 	green: markerPos = None
21.6134 	EXP 	green: markerPos = 3300
21.6134 	EXP 	red: markerPos = None
21.6134 	EXP 	red: markerPos = 1500
21.6134 	EXP 	header: autoDraw = True
21.6134 	EXP 	win_lose: autoDraw = True
21.6134 	EXP 	green: autoDraw = True
21.6134 	EXP 	red: autoDraw = True
21.6136 	DATA 	Mouse:  Left button up, pos=(1297,130)
21.6765 	DATA 	Mouse: Left button down, pos=(1297,130)
21.6880 	EXP 	New trial (rep=49, index=0): None
21.7393 	EXP 	header: autoDraw = False
21.7393 	EXP 	win_lose: autoDraw = False
21.7393 	EXP 	green: autoDraw = False
21.7393 	EXP 	red: autoDraw = False
21.7393 	EXP 	win_lose: height = 0.05
21.7393 	EXP 	win_lose: height = 0.05
21.7393 	EXP 	win_lose: height = 0.05
21.7393 	EXP 	win_lose: text = '3400 Won | 1500 Lost'
21.7393 	EXP 	green: markerPos = None
21.7393 	EXP 	green: markerPos = 3400
21.7393 	EXP 	red: markerPos = None
21.7393 	EXP 	red: markerPos = 1500
21.7393 	EXP 	header: autoDraw = True
21.7393 	EXP 	win_lose: autoDraw = True
21.7393 	EXP 	green: autoDraw = True
21.7393 	EXP 	red: autoDraw = True
21.7956 	DATA 	Mouse:  Left button up, pos=(1297,130)
21.8581 	DATA 	Mouse: Left button down, pos=(1297,130)
21.8926 	EXP 	New trial (rep=50, index=0): None
21.9445 	EXP 	header: autoDraw = False
21.9445 	EXP 	win_lose: autoDraw = False
21.9445 	EXP 	green: autoDraw = False
21.9445 	EXP 	red: autoDraw = False
21.9445 	EXP 	win_lose: height = 0.05
21.9445 	EXP 	win_lose: height = 0.05
21.9445 	EXP 	win_lose: height = 0.05
21.9445 	EXP 	win_lose: text = '3500 Won | 1500 Lost'
21.9445 	EXP 	green: markerPos = None
21.9445 	EXP 	green: markerPos = 3500
21.9445 	EXP 	red: markerPos = None
21.9445 	EXP 	red: markerPos = 1500
21.9445 	EXP 	header: autoDraw = True
21.9445 	EXP 	win_lose: autoDraw = True
21.9445 	EXP 	green: autoDraw = True
21.9445 	EXP 	red: autoDraw = True
21.9448 	DATA 	Mouse:  Left button up, pos=(1297,130)
23.6180 	DATA 	Keypress: escape
23.8991 	EXP 	window1: mouseVisible = True
