1.1484 	WARNING 	We strongly recommend you activate the PTB sound engine in PsychoPy prefs as the preferred audio engine. Its timing is vastly superior. Your prefs are currently set to use ['sounddevice', 'PTB', 'pyo', 'pygame'] (in that order).
3.6280 	EXP 	Created window1 = Window(allowGUI=True, allowStencil=False, autoLog=True, backendConf=UNKNOWN, bitsMode=UNKNOWN, blendMode='avg', bpc=(8, 8, 8), color=array([0, 0, 0]), colorSpace='rgb', depthBits=8, fullscr=<method-wrapper '__getattribute__' of attributeSetter object at 0x000001649E2EB100>, gamma=None, gammaErrorPolicy='raise', lms=UNKNOWN, monitor=<psychopy.monitors.calibTools.Monitor object at 0x00000164A01E03A0>, multiSample=False, name='window1', numSamples=2, pos=(0, 0), screen=0, size=array([1920, 1080]), stencilBits=0, stereo=False, units='height', useFBO=True, useRetina=False, viewOri=0.0, viewPos=None, viewScale=None, waitBlanking=True, winType='pyglet')
3.6284 	EXP 	window1: mouseVisible = True
3.6287 	EXP 	window1: mouseVisible = False
3.6287 	EXP 	window1: Attempting to measure frame rate of screen (0) ...
3.6287 	EXP 	window1: recordFrameIntervals = False
3.6694 	EXP 	window1: recordFrameIntervals = True
3.7153 	EXP 	Screen (0) actual frame rate measured at 241.52Hz
3.7153 	EXP 	window1: recordFrameIntervals = False
5.0649 	EXP 	Created header = TextStim(__class__=<class 'psychopy.visual.text.TextStim'>, alignHoriz=method-wrapper(...), alignText='center', alignVert=method-wrapper(...), anchorHoriz='center', anchorVert='center', antialias=True, autoDraw=False, autoLog=True, bold=False, color=array([1, 1, 1]), colorSpace='rgb', contrast=1.0, depth=0.0, flipHoriz=False, flipVert=False, font='Open Sans', fontFiles=[], height=0.07, italic=False, languageStyle='LTR', name='header', opacity=1.0, ori=0.0, pos=array([0. , 0.4]), rgb=UNKNOWN, text='Progress Bar Example', units='height', win=Window(...), wrapWidth=1)
5.0906 	EXP 	window1: mouseVisible = True
5.1049 	EXP 	window1: mouseVisible = True
5.1059 	EXP 	Created win_lose = TextStim(__class__=<class 'psychopy.visual.text.TextStim'>, alignHoriz=method-wrapper(...), alignText='center', alignVert=method-wrapper(...), anchorHoriz='center', anchorVert='center', antialias=True, autoDraw=False, autoLog=True, bold=False, color=array([1, 1, 1]), colorSpace='rgb', contrast=1.0, depth=-4.0, flipHoriz=False, flipVert=False, font='Open Sans', fontFiles=[], height=0.05, italic=False, languageStyle='LTR', name='win_lose', opacity=1.0, ori=0.0, pos=array([0. , 0.2]), rgb=UNKNOWN, text='', units='height', win=Window(...), wrapWidth=1)
5.1092 	EXP 	window1: mouseVisible = True
5.1785 	EXP 	Created green = Slider(__class__=<class 'psychopy.visual.slider.Slider'>, autoDraw=False, autoLog=True, borderColor=None, color=None, colorSpace='rgb', depth=-5, fillColor=None, flip=False, font='Open Sans', granularity=100.0, labelColor=None, labelHeight=0.03, labelWrapWidth=None, labels=tuple(...), lineColor=None, markerColor=None, name='green', opacity=None, ori=0.0, pos=array([ 0. , -0.1]), readOnly=True, self=UNKNOWN, size=array([1. , 0.1]), startValue=0, style='slider', styleTweaks=[], ticks=ndarray(...), units='height', win=Window(...))
5.1861 	EXP 	Created sequence: random, trialTypes=1, nReps=999, seed=None
5.1882 	EXP 	New trial (rep=0, index=0): None
5.2221 	EXP 	green: autoLog = True
5.2221 	EXP 	green: markerPos = 0
5.2221 	EXP 	green: styleTweaks = []
5.2221 	EXP 	green: styleTweaks = []
5.2221 	EXP 	green: styleTweaks = []
5.2221 	EXP 	green: styleTweaks = []
5.2221 	EXP 	green: contrast = 1.0
5.2221 	EXP 	green: autoLog = True
5.2221 	EXP 	win_lose: height = 0.05
5.2221 	EXP 	win_lose: height = 0.05
5.2221 	EXP 	win_lose: height = 0.05
5.2221 	EXP 	win_lose: text = '0 Won | 0 Lost'
5.2221 	EXP 	green: markerPos = None
5.2221 	EXP 	green: markerPos = 0
5.2221 	EXP 	header: autoDraw = True
5.2221 	EXP 	win_lose: autoDraw = True
5.2221 	EXP 	green: autoDraw = True
7.4639 	DATA 	Mouse: Left button down, pos=(437,425)
7.6141 	DATA 	Mouse:  Left button up, pos=(680,419)
8.3905 	DATA 	Keypress: escape
8.9229 	EXP 	window1: mouseVisible = True
