1.1563 	WARNING 	We strongly recommend you activate the PTB sound engine in PsychoPy prefs as the preferred audio engine. Its timing is vastly superior. Your prefs are currently set to use ['sounddevice', 'PTB', 'pyo', 'pygame'] (in that order).
3.4202 	EXP 	Created window1 = Window(allowGUI=True, allowStencil=False, autoLog=True, backendConf=UNKNOWN, bitsMode=UNKNOWN, blendMode='avg', bpc=(8, 8, 8), color=array([0, 0, 0]), colorSpace='rgb', depthBits=8, fullscr=<method-wrapper '__getattribute__' of attributeSetter object at 0x0000026064A4B100>, gamma=None, gammaErrorPolicy='raise', lms=UNKNOWN, monitor=<psychopy.monitors.calibTools.Monitor object at 0x00000260669403A0>, multiSample=False, name='window1', numSamples=2, pos=(0, 0), screen=0, size=array([1920, 1080]), stencilBits=0, stereo=False, units='height', useFBO=True, useRetina=False, viewOri=0.0, viewPos=None, viewScale=None, waitBlanking=True, winType='pyglet')
3.4203 	EXP 	window1: mouseVisible = True
3.4203 	EXP 	window1: mouseVisible = False
3.4203 	EXP 	window1: Attempting to measure frame rate of screen (0) ...
3.4204 	EXP 	window1: recordFrameIntervals = False
3.4617 	EXP 	window1: recordFrameIntervals = True
3.4751 	WARNING 	t of last frame was 5.00ms (=1/200)
3.5082 	EXP 	Screen (0) actual frame rate measured at 236.49Hz
3.5083 	EXP 	window1: recordFrameIntervals = False
4.8601 	EXP 	Created text = TextStim(__class__=<class 'psychopy.visual.text.TextStim'>, alignHoriz=method-wrapper(...), alignText='center', alignVert=method-wrapper(...), anchorHoriz='center', anchorVert='center', antialias=True, autoDraw=False, autoLog=True, bold=False, color=array([1, 1, 1]), colorSpace='rgb', contrast=1.0, depth=0.0, flipHoriz=False, flipVert=False, font='Open Sans', fontFiles=[], height=0.07, italic=False, languageStyle='LTR', name='text', opacity=1.0, ori=0.0, pos=array([0. , 0.3]), rgb=UNKNOWN, text='Progress Bar Example', units='height', win=Window(...), wrapWidth=1)
4.8900 	EXP 	window1: mouseVisible = True
4.9045 	EXP 	window1: mouseVisible = True
4.9054 	EXP 	Created win_lose = TextStim(__class__=<class 'psychopy.visual.text.TextStim'>, alignHoriz=method-wrapper(...), alignText='center', alignVert=method-wrapper(...), anchorHoriz='center', anchorVert='center', antialias=True, autoDraw=False, autoLog=True, bold=False, color=array([1, 1, 1]), colorSpace='rgb', contrast=1.0, depth=-4.0, flipHoriz=False, flipVert=False, font='Open Sans', fontFiles=[], height=0.05, italic=False, languageStyle='LTR', name='win_lose', opacity=1.0, ori=0.0, pos=array([0. , 0.1]), rgb=UNKNOWN, text='', units='height', win=Window(...), wrapWidth=1)
4.9087 	EXP 	window1: mouseVisible = True
4.9788 	EXP 	Created green = Slider(__class__=<class 'psychopy.visual.slider.Slider'>, autoDraw=False, autoLog=True, borderColor=None, color=None, colorSpace='rgb', depth=-5, fillColor=None, flip=False, font='Open Sans', granularity=100.0, labelColor=None, labelHeight=0.03, labelWrapWidth=None, labels=tuple(...), lineColor=None, markerColor=None, name='green', opacity=None, ori=0.0, pos=array([ 0. , -0.1]), readOnly=True, self=UNKNOWN, size=array([1., 1.]), startValue=0, style='slider', styleTweaks=[], ticks=ndarray(...), units='height', win=Window(...))
4.9865 	EXP 	Created sequence: random, trialTypes=1, nReps=999, seed=None
4.9888 	EXP 	New trial (rep=0, index=0): None
5.0188 	EXP 	green: autoLog = True
5.0188 	EXP 	green: markerPos = 0
5.0188 	EXP 	green: styleTweaks = []
5.0188 	EXP 	green: styleTweaks = []
5.0188 	EXP 	green: styleTweaks = []
5.0188 	EXP 	green: styleTweaks = []
5.0188 	EXP 	green: contrast = 1.0
5.0188 	EXP 	green: autoLog = True
5.0188 	EXP 	win_lose: height = 0.05
5.0188 	EXP 	win_lose: height = 0.05
5.0188 	EXP 	win_lose: height = 0.05
5.0188 	EXP 	win_lose: text = '0 Won | 0 Lost'
5.0188 	EXP 	green: markerPos = None
5.0188 	EXP 	green: markerPos = 0
5.0188 	EXP 	text: autoDraw = True
5.0188 	EXP 	win_lose: autoDraw = True
5.0188 	EXP 	green: autoDraw = True
6.3371 	DATA 	Mouse: Left button down, pos=(614,836)
6.6144 	DATA 	Mouse:  Left button up, pos=(888,806)
6.9086 	DATA 	Mouse: Left button down, pos=(689,599)
7.0103 	DATA 	Mouse:  Left button up, pos=(689,599)
7.2019 	DATA 	Mouse: Left button down, pos=(726,411)
7.2945 	DATA 	Mouse:  Left button up, pos=(726,411)
7.5436 	DATA 	Mouse: Left button down, pos=(754,221)
7.5558 	EXP 	New trial (rep=1, index=0): None
7.5753 	EXP 	text: autoDraw = False
7.5753 	EXP 	win_lose: autoDraw = False
7.5753 	EXP 	green: autoDraw = False
7.5753 	EXP 	win_lose: height = 0.05
7.5753 	EXP 	win_lose: height = 0.05
7.5753 	EXP 	win_lose: height = 0.05
7.5753 	EXP 	win_lose: text = '0 Won | 100 Lost'
7.5753 	EXP 	green: markerPos = None
7.5753 	EXP 	green: markerPos = 0
7.5753 	EXP 	text: autoDraw = True
7.5753 	EXP 	win_lose: autoDraw = True
7.5753 	EXP 	green: autoDraw = True
7.6221 	DATA 	Mouse:  Left button up, pos=(754,216)
7.8020 	DATA 	Mouse: Left button down, pos=(745,147)
7.8125 	EXP 	New trial (rep=2, index=0): None
7.8335 	EXP 	text: autoDraw = False
7.8335 	EXP 	win_lose: autoDraw = False
7.8335 	EXP 	green: autoDraw = False
7.8335 	EXP 	win_lose: height = 0.05
7.8335 	EXP 	win_lose: height = 0.05
7.8335 	EXP 	win_lose: height = 0.05
7.8335 	EXP 	win_lose: text = '0 Won | 200 Lost'
7.8335 	EXP 	green: markerPos = None
7.8335 	EXP 	green: markerPos = 0
7.8335 	EXP 	text: autoDraw = True
7.8335 	EXP 	win_lose: autoDraw = True
7.8335 	EXP 	green: autoDraw = True
7.8786 	DATA 	Mouse:  Left button up, pos=(745,147)
8.1281 	DATA 	Mouse: Left button down, pos=(777,26)
8.2300 	DATA 	Mouse:  Left button up, pos=(777,26)
9.5411 	DATA 	Keypress: escape
10.2105 	EXP 	window1: mouseVisible = True
