1.1608 	WARNING 	We strongly recommend you activate the PTB sound engine in PsychoPy prefs as the preferred audio engine. Its timing is vastly superior. Your prefs are currently set to use ['sounddevice', 'PTB', 'pyo', 'pygame'] (in that order).
5.0547 	WARNING 	Couldn't measure a consistent frame rate!
  - Is your graphics card set to sync to vertical blank?
  - Are you running other processes on your computer?

5.0549 	EXP 	Created window1 = Window(allowGUI=True, allowStencil=False, autoLog=True, backendConf=UNKNOWN, bitsMode=UNKNOWN, blendMode='avg', bpc=(8, 8, 8), color=array([0, 0, 0]), colorSpace='rgb', depthBits=8, fullscr=<method-wrapper '__getattribute__' of attributeSetter object at 0x000001D8D098A070>, gamma=None, gammaErrorPolicy='raise', lms=UNKNOWN, monitor=<psychopy.monitors.calibTools.Monitor object at 0x000001D8D2886310>, multiSample=False, name='window1', numSamples=2, pos=(0, 0), screen=0, size=array([1920, 1080]), stencilBits=0, stereo=False, units='height', useFBO=True, useRetina=False, viewOri=0.0, viewPos=None, viewScale=None, waitBlanking=True, winType='pyglet')
5.0550 	EXP 	window1: mouseVisible = True
5.0550 	EXP 	window1: mouseVisible = True
5.0550 	EXP 	window1: Attempting to measure frame rate of screen (0) ...
5.0550 	EXP 	window1: recordFrameIntervals = False
5.2372 	EXP 	window1: recordFrameIntervals = True
5.2839 	WARNING 	t of last frame was 39.47ms (=1/25)
5.3319 	WARNING 	t of last frame was 40.41ms (=1/24)
5.3788 	WARNING 	t of last frame was 39.25ms (=1/25)
5.4248 	WARNING 	t of last frame was 38.45ms (=1/26)
5.4729 	WARNING 	Multiple dropped frames have occurred - I'll stop bothering you about them!
6.7909 	WARNING 	Couldn't measure a consistent frame rate!
  - Is your graphics card set to sync to vertical blank?
  - Are you running other processes on your computer?

6.8039 	WARNING 	launchHubServer: If using the iohub mouse or eyetracker devices, fullScr should be True.
8.0386 	EXP 	Created header = TextStim(__class__=<class 'psychopy.visual.text.TextStim'>, alignHoriz=method-wrapper(...), alignText='center', alignVert=method-wrapper(...), anchorHoriz='center', anchorVert='center', antialias=True, autoDraw=False, autoLog=True, bold=False, color=array([1, 1, 1]), colorSpace='rgb', contrast=1.0, depth=-1.0, flipHoriz=False, flipVert=False, font='Open Sans', fontFiles=[], height=0.07, italic=False, languageStyle='LTR', name='header', opacity=1.0, ori=0.0, pos=array([0. , 0.4]), rgb=UNKNOWN, text='Progress Bar Example', units='height', win=Window(...), wrapWidth=1)
8.0638 	EXP 	window1: mouseVisible = True
8.0776 	EXP 	window1: mouseVisible = True
8.0785 	EXP 	Created win_lose = TextStim(__class__=<class 'psychopy.visual.text.TextStim'>, alignHoriz=method-wrapper(...), alignText='center', alignVert=method-wrapper(...), anchorHoriz='center', anchorVert='center', antialias=True, autoDraw=False, autoLog=True, bold=False, color=array([1, 1, 1]), colorSpace='rgb', contrast=1.0, depth=-4.0, flipHoriz=False, flipVert=False, font='Open Sans', fontFiles=[], height=0.05, italic=False, languageStyle='LTR', name='win_lose', opacity=1.0, ori=0.0, pos=array([0. , 0.2]), rgb=UNKNOWN, text='', units='height', win=Window(...), wrapWidth=1)
8.0818 	EXP 	window1: mouseVisible = True
8.1490 	EXP 	Created green = Slider(__class__=<class 'psychopy.visual.slider.Slider'>, autoDraw=False, autoLog=True, borderColor=None, color=None, colorSpace='rgb', depth=-5, fillColor=None, flip=False, font='Open Sans', granularity=100.0, labelColor=None, labelHeight=0.03, labelWrapWidth=None, labels=tuple(...), lineColor=None, markerColor=None, name='green', opacity=None, ori=0.0, pos=array([0. , 0.1]), readOnly=True, self=UNKNOWN, size=array([1. , 0.1]), startValue=0, style='slider', styleTweaks=[], ticks=ndarray(...), units='height', win=Window(...))
8.1503 	EXP 	window1: mouseVisible = True
8.1981 	EXP 	Created red = Slider(__class__=<class 'psychopy.visual.slider.Slider'>, autoDraw=False, autoLog=True, borderColor=None, color=None, colorSpace='rgb', depth=-6, fillColor=None, flip=False, font='Open Sans', granularity=100.0, labelColor=None, labelHeight=0.03, labelWrapWidth=None, labels=tuple(...), lineColor=None, markerColor=None, name='red', opacity=None, ori=0.0, pos=array([ 0.  , -0.15]), readOnly=True, self=UNKNOWN, size=array([1. , 0.1]), startValue=0, style='slider', styleTweaks=[], ticks=ndarray(...), units='height', win=Window(...))
8.1990 	EXP 	Created polygon_green = Rect(__class__=<class 'psychopy.visual.rect.Rect'>, anchor=('left', 'center'), autoDraw=False, autoLog=True, closeShape=True, color=method-wrapper(...), colorSpace='rgb', contrast=None, depth=-7.0, fillColor=array([-1.    ,  0.0039, -1.    ]), fillColorSpace='rgb', fillRGB=array([-1.    ,  0.0039, -1.    ]), interpolate=True, lineColor=array([0, 0, 0]), lineColorSpace='rgb', lineRGB=array([0, 0, 0]), lineWidth=1.0, name='polygon_green', opacity=0.5, ori=0.0, pos=array([-0.5,  0.1]), size=array([1. , 0.1]), units='height', vertices=ndarray(...), win=Window(...))
8.1999 	EXP 	Created polygon_red = Rect(__class__=<class 'psychopy.visual.rect.Rect'>, anchor=('left', 'center'), autoDraw=False, autoLog=True, closeShape=True, color=method-wrapper(...), colorSpace='rgb', contrast=None, depth=-8.0, fillColor=array([ 1., -1., -1.]), fillColorSpace='rgb', fillRGB=array([ 1., -1., -1.]), interpolate=True, lineColor=array([0, 0, 0]), lineColorSpace='rgb', lineRGB=array([0, 0, 0]), lineWidth=1.0, name='polygon_red', opacity=0.5, ori=0.0, pos=array([-0.5 , -0.15]), size=array([1.  , 0.05]), units='height', vertices=ndarray(...), win=Window(...))
8.2062 	EXP 	Created sequence: random, trialTypes=1, nReps=999, seed=None
8.2083 	EXP 	New trial (rep=0, index=0): None
8.2170 	DATA 	Mouse: Left button down, pos=(894,447)
8.2171 	DATA 	Mouse:  Left button up, pos=(894,447)
8.2172 	DATA 	Mouse: Left button down, pos=(915,340)
8.2311 	EXP 	New trial (rep=1, index=0): None
8.2903 	EXP 	green: autoLog = True
8.2903 	EXP 	green: markerPos = 0
8.2903 	EXP 	green: styleTweaks = []
8.2903 	EXP 	green: styleTweaks = []
8.2903 	EXP 	green: styleTweaks = []
8.2903 	EXP 	green: styleTweaks = []
8.2903 	EXP 	green: contrast = 1.0
8.2903 	EXP 	green: autoLog = True
8.2903 	EXP 	red: autoLog = True
8.2903 	EXP 	red: markerPos = 0
8.2903 	EXP 	red: styleTweaks = []
8.2903 	EXP 	red: styleTweaks = []
8.2903 	EXP 	red: styleTweaks = []
8.2903 	EXP 	red: styleTweaks = []
8.2903 	EXP 	red: contrast = 1.0
8.2903 	EXP 	red: autoLog = True
8.2903 	EXP 	win_lose: height = 0.05
8.2903 	EXP 	win_lose: height = 0.05
8.2903 	EXP 	win_lose: height = 0.05
8.2903 	EXP 	win_lose: text = '0 Won | 0 Lost'
8.2903 	EXP 	green: markerPos = None
8.2903 	EXP 	green: markerPos = 0
8.2903 	EXP 	red: markerPos = None
8.2903 	EXP 	red: markerPos = 0
8.2903 	EXP 	header: autoDraw = True
8.2903 	EXP 	win_lose: autoDraw = True
8.2903 	EXP 	green: autoDraw = True
8.2903 	EXP 	red: autoDraw = True
8.2903 	EXP 	polygon_green: autoDraw = True
8.2903 	EXP 	polygon_red: autoDraw = True
8.2903 	EXP 	header: autoDraw = False
8.2903 	EXP 	win_lose: autoDraw = False
8.2903 	EXP 	green: autoDraw = False
8.2903 	EXP 	red: autoDraw = False
8.2903 	EXP 	polygon_green: autoDraw = False
8.2903 	EXP 	polygon_red: autoDraw = False
8.2903 	EXP 	win_lose: height = 0.05
8.2903 	EXP 	win_lose: height = 0.05
8.2903 	EXP 	win_lose: height = 0.05
8.2903 	EXP 	win_lose: text = '100 Won | 100 Lost'
8.2903 	EXP 	green: markerPos = None
8.2903 	EXP 	green: markerPos = 0
8.2903 	EXP 	red: markerPos = None
8.2903 	EXP 	red: markerPos = 0
8.2903 	EXP 	header: autoDraw = True
8.2903 	EXP 	win_lose: autoDraw = True
8.2903 	EXP 	green: autoDraw = True
8.2903 	EXP 	red: autoDraw = True
8.2903 	EXP 	polygon_green: autoDraw = True
8.2903 	EXP 	polygon_red: autoDraw = True
8.3159 	DATA 	Mouse:  Left button up, pos=(915,340)
9.2819 	DATA 	Mouse: Left button down, pos=(1327,95)
9.3156 	EXP 	New trial (rep=2, index=0): None
9.3465 	DATA 	Mouse:  Left button up, pos=(1327,95)
9.3678 	EXP 	header: autoDraw = False
9.3678 	EXP 	win_lose: autoDraw = False
9.3678 	EXP 	green: autoDraw = False
9.3678 	EXP 	red: autoDraw = False
9.3678 	EXP 	polygon_green: autoDraw = False
9.3678 	EXP 	polygon_red: autoDraw = False
9.3678 	EXP 	win_lose: height = 0.05
9.3678 	EXP 	win_lose: height = 0.05
9.3678 	EXP 	win_lose: height = 0.05
9.3678 	EXP 	win_lose: text = '200 Won | 100 Lost'
9.3678 	EXP 	green: markerPos = None
9.3678 	EXP 	green: markerPos = 0
9.3678 	EXP 	red: markerPos = None
9.3678 	EXP 	red: markerPos = 0
9.3678 	EXP 	header: autoDraw = True
9.3678 	EXP 	win_lose: autoDraw = True
9.3678 	EXP 	green: autoDraw = True
9.3678 	EXP 	red: autoDraw = True
9.3678 	EXP 	polygon_green: autoDraw = True
9.3678 	EXP 	polygon_red: autoDraw = True
9.4548 	DATA 	Mouse: Left button down, pos=(1327,95)
9.4900 	EXP 	New trial (rep=3, index=0): None
9.5412 	EXP 	header: autoDraw = False
9.5412 	EXP 	win_lose: autoDraw = False
9.5412 	EXP 	green: autoDraw = False
9.5412 	EXP 	red: autoDraw = False
9.5412 	EXP 	polygon_green: autoDraw = False
9.5412 	EXP 	polygon_red: autoDraw = False
9.5412 	EXP 	win_lose: height = 0.05
9.5412 	EXP 	win_lose: height = 0.05
9.5412 	EXP 	win_lose: height = 0.05
9.5412 	EXP 	win_lose: text = '300 Won | 100 Lost'
9.5412 	EXP 	green: markerPos = None
9.5412 	EXP 	green: markerPos = 0
9.5412 	EXP 	red: markerPos = None
9.5412 	EXP 	red: markerPos = 0
9.5412 	EXP 	header: autoDraw = True
9.5412 	EXP 	win_lose: autoDraw = True
9.5412 	EXP 	green: autoDraw = True
9.5412 	EXP 	red: autoDraw = True
9.5412 	EXP 	polygon_green: autoDraw = True
9.5412 	EXP 	polygon_red: autoDraw = True
9.5417 	DATA 	Mouse:  Left button up, pos=(1327,95)
9.6206 	DATA 	Mouse: Left button down, pos=(1327,95)
9.6318 	EXP 	New trial (rep=4, index=0): None
9.6835 	EXP 	header: autoDraw = False
9.6835 	EXP 	win_lose: autoDraw = False
9.6835 	EXP 	green: autoDraw = False
9.6835 	EXP 	red: autoDraw = False
9.6835 	EXP 	polygon_green: autoDraw = False
9.6835 	EXP 	polygon_red: autoDraw = False
9.6835 	EXP 	win_lose: height = 0.05
9.6835 	EXP 	win_lose: height = 0.05
9.6835 	EXP 	win_lose: height = 0.05
9.6835 	EXP 	win_lose: text = '400 Won | 100 Lost'
9.6835 	EXP 	green: markerPos = None
9.6835 	EXP 	green: markerPos = 0
9.6835 	EXP 	red: markerPos = None
9.6835 	EXP 	red: markerPos = 0
9.6835 	EXP 	header: autoDraw = True
9.6835 	EXP 	win_lose: autoDraw = True
9.6835 	EXP 	green: autoDraw = True
9.6835 	EXP 	red: autoDraw = True
9.6835 	EXP 	polygon_green: autoDraw = True
9.6835 	EXP 	polygon_red: autoDraw = True
9.7080 	DATA 	Mouse:  Left button up, pos=(1327,95)
9.7879 	DATA 	Mouse: Left button down, pos=(1327,95)
9.8063 	EXP 	New trial (rep=5, index=0): None
9.8429 	EXP 	header: autoDraw = False
9.8429 	EXP 	win_lose: autoDraw = False
9.8429 	EXP 	green: autoDraw = False
9.8429 	EXP 	red: autoDraw = False
9.8429 	EXP 	polygon_green: autoDraw = False
9.8429 	EXP 	polygon_red: autoDraw = False
9.8429 	EXP 	win_lose: height = 0.05
9.8429 	EXP 	win_lose: height = 0.05
9.8429 	EXP 	win_lose: height = 0.05
9.8429 	EXP 	win_lose: text = '500 Won | 100 Lost'
9.8429 	EXP 	green: markerPos = None
9.8429 	EXP 	green: markerPos = 0
9.8429 	EXP 	red: markerPos = None
9.8429 	EXP 	red: markerPos = 0
9.8429 	EXP 	header: autoDraw = True
9.8429 	EXP 	win_lose: autoDraw = True
9.8429 	EXP 	green: autoDraw = True
9.8429 	EXP 	red: autoDraw = True
9.8429 	EXP 	polygon_green: autoDraw = True
9.8429 	EXP 	polygon_red: autoDraw = True
9.8673 	DATA 	Mouse:  Left button up, pos=(1327,95)
9.9461 	DATA 	Mouse: Left button down, pos=(1327,95)
9.9641 	EXP 	New trial (rep=6, index=0): None
10.0003 	EXP 	header: autoDraw = False
10.0003 	EXP 	win_lose: autoDraw = False
10.0003 	EXP 	green: autoDraw = False
10.0003 	EXP 	red: autoDraw = False
10.0003 	EXP 	polygon_green: autoDraw = False
10.0003 	EXP 	polygon_red: autoDraw = False
10.0003 	EXP 	win_lose: height = 0.05
10.0003 	EXP 	win_lose: height = 0.05
10.0003 	EXP 	win_lose: height = 0.05
10.0003 	EXP 	win_lose: text = '600 Won | 100 Lost'
10.0003 	EXP 	green: markerPos = None
10.0003 	EXP 	green: markerPos = 0
10.0003 	EXP 	red: markerPos = None
10.0003 	EXP 	red: markerPos = 0
10.0003 	EXP 	header: autoDraw = True
10.0003 	EXP 	win_lose: autoDraw = True
10.0003 	EXP 	green: autoDraw = True
10.0003 	EXP 	red: autoDraw = True
10.0003 	EXP 	polygon_green: autoDraw = True
10.0003 	EXP 	polygon_red: autoDraw = True
10.0248 	DATA 	Mouse:  Left button up, pos=(1325,95)
10.2705 	DATA 	Mouse: Left button down, pos=(685,59)
10.2820 	EXP 	New trial (rep=7, index=0): None
10.3336 	EXP 	header: autoDraw = False
10.3336 	EXP 	win_lose: autoDraw = False
10.3336 	EXP 	green: autoDraw = False
10.3336 	EXP 	red: autoDraw = False
10.3336 	EXP 	polygon_green: autoDraw = False
10.3336 	EXP 	polygon_red: autoDraw = False
10.3336 	EXP 	win_lose: height = 0.05
10.3336 	EXP 	win_lose: height = 0.05
10.3336 	EXP 	win_lose: height = 0.05
10.3336 	EXP 	win_lose: text = '600 Won | 200 Lost'
10.3336 	EXP 	green: markerPos = None
10.3336 	EXP 	green: markerPos = 0
10.3336 	EXP 	red: markerPos = None
10.3336 	EXP 	red: markerPos = 0
10.3336 	EXP 	header: autoDraw = True
10.3336 	EXP 	win_lose: autoDraw = True
10.3336 	EXP 	green: autoDraw = True
10.3336 	EXP 	red: autoDraw = True
10.3336 	EXP 	polygon_green: autoDraw = True
10.3336 	EXP 	polygon_red: autoDraw = True
10.3648 	DATA 	Mouse:  Left button up, pos=(685,59)
10.4755 	DATA 	Mouse: Left button down, pos=(685,59)
10.4868 	EXP 	New trial (rep=8, index=0): None
10.5385 	EXP 	header: autoDraw = False
10.5385 	EXP 	win_lose: autoDraw = False
10.5385 	EXP 	green: autoDraw = False
10.5385 	EXP 	red: autoDraw = False
10.5385 	EXP 	polygon_green: autoDraw = False
10.5385 	EXP 	polygon_red: autoDraw = False
10.5385 	EXP 	win_lose: height = 0.05
10.5385 	EXP 	win_lose: height = 0.05
10.5385 	EXP 	win_lose: height = 0.05
10.5385 	EXP 	win_lose: text = '600 Won | 300 Lost'
10.5385 	EXP 	green: markerPos = None
10.5385 	EXP 	green: markerPos = 0
10.5385 	EXP 	red: markerPos = None
10.5385 	EXP 	red: markerPos = 0
10.5385 	EXP 	header: autoDraw = True
10.5385 	EXP 	win_lose: autoDraw = True
10.5385 	EXP 	green: autoDraw = True
10.5385 	EXP 	red: autoDraw = True
10.5385 	EXP 	polygon_green: autoDraw = True
10.5385 	EXP 	polygon_red: autoDraw = True
10.5629 	DATA 	Mouse:  Left button up, pos=(685,59)
10.6742 	DATA 	Mouse: Left button down, pos=(685,59)
10.6927 	EXP 	New trial (rep=9, index=0): None
10.7296 	EXP 	header: autoDraw = False
10.7296 	EXP 	win_lose: autoDraw = False
10.7296 	EXP 	green: autoDraw = False
10.7296 	EXP 	red: autoDraw = False
10.7296 	EXP 	polygon_green: autoDraw = False
10.7296 	EXP 	polygon_red: autoDraw = False
10.7296 	EXP 	win_lose: height = 0.05
10.7296 	EXP 	win_lose: height = 0.05
10.7296 	EXP 	win_lose: height = 0.05
10.7296 	EXP 	win_lose: text = '600 Won | 400 Lost'
10.7296 	EXP 	green: markerPos = None
10.7296 	EXP 	green: markerPos = 0
10.7296 	EXP 	red: markerPos = None
10.7296 	EXP 	red: markerPos = 0
10.7296 	EXP 	header: autoDraw = True
10.7296 	EXP 	win_lose: autoDraw = True
10.7296 	EXP 	green: autoDraw = True
10.7296 	EXP 	red: autoDraw = True
10.7296 	EXP 	polygon_green: autoDraw = True
10.7296 	EXP 	polygon_red: autoDraw = True
10.7542 	DATA 	Mouse:  Left button up, pos=(685,59)
10.8489 	DATA 	Mouse: Left button down, pos=(685,59)
10.8828 	EXP 	New trial (rep=10, index=0): None
10.9355 	EXP 	header: autoDraw = False
10.9355 	EXP 	win_lose: autoDraw = False
10.9355 	EXP 	green: autoDraw = False
10.9355 	EXP 	red: autoDraw = False
10.9355 	EXP 	polygon_green: autoDraw = False
10.9355 	EXP 	polygon_red: autoDraw = False
10.9355 	EXP 	win_lose: height = 0.05
10.9355 	EXP 	win_lose: height = 0.05
10.9355 	EXP 	win_lose: height = 0.05
10.9355 	EXP 	win_lose: text = '600 Won | 500 Lost'
10.9355 	EXP 	green: markerPos = None
10.9355 	EXP 	green: markerPos = 0
10.9355 	EXP 	red: markerPos = None
10.9355 	EXP 	red: markerPos = 0
10.9355 	EXP 	header: autoDraw = True
10.9355 	EXP 	win_lose: autoDraw = True
10.9355 	EXP 	green: autoDraw = True
10.9355 	EXP 	red: autoDraw = True
10.9355 	EXP 	polygon_green: autoDraw = True
10.9355 	EXP 	polygon_red: autoDraw = True
10.9359 	DATA 	Mouse:  Left button up, pos=(685,59)
11.0234 	DATA 	Mouse: Left button down, pos=(685,59)
11.0572 	EXP 	New trial (rep=11, index=0): None
11.1081 	EXP 	header: autoDraw = False
11.1081 	EXP 	win_lose: autoDraw = False
11.1081 	EXP 	green: autoDraw = False
11.1081 	EXP 	red: autoDraw = False
11.1081 	EXP 	polygon_green: autoDraw = False
11.1081 	EXP 	polygon_red: autoDraw = False
11.1081 	EXP 	win_lose: height = 0.05
11.1081 	EXP 	win_lose: height = 0.05
11.1081 	EXP 	win_lose: height = 0.05
11.1081 	EXP 	win_lose: text = '600 Won | 600 Lost'
11.1081 	EXP 	green: markerPos = None
11.1081 	EXP 	green: markerPos = 0
11.1081 	EXP 	red: markerPos = None
11.1081 	EXP 	red: markerPos = 0
11.1081 	EXP 	header: autoDraw = True
11.1081 	EXP 	win_lose: autoDraw = True
11.1081 	EXP 	green: autoDraw = True
11.1081 	EXP 	red: autoDraw = True
11.1081 	EXP 	polygon_green: autoDraw = True
11.1081 	EXP 	polygon_red: autoDraw = True
11.1327 	DATA 	Mouse:  Left button up, pos=(685,59)
11.2122 	DATA 	Mouse: Left button down, pos=(685,59)
11.2303 	EXP 	New trial (rep=12, index=0): None
11.2668 	EXP 	header: autoDraw = False
11.2668 	EXP 	win_lose: autoDraw = False
11.2668 	EXP 	green: autoDraw = False
11.2668 	EXP 	red: autoDraw = False
11.2668 	EXP 	polygon_green: autoDraw = False
11.2668 	EXP 	polygon_red: autoDraw = False
11.2668 	EXP 	win_lose: height = 0.05
11.2668 	EXP 	win_lose: height = 0.05
11.2668 	EXP 	win_lose: height = 0.05
11.2668 	EXP 	win_lose: text = '600 Won | 700 Lost'
11.2668 	EXP 	green: markerPos = None
11.2668 	EXP 	green: markerPos = 0
11.2668 	EXP 	red: markerPos = None
11.2668 	EXP 	red: markerPos = 0
11.2668 	EXP 	header: autoDraw = True
11.2668 	EXP 	win_lose: autoDraw = True
11.2668 	EXP 	green: autoDraw = True
11.2668 	EXP 	red: autoDraw = True
11.2668 	EXP 	polygon_green: autoDraw = True
11.2668 	EXP 	polygon_red: autoDraw = True
11.3228 	DATA 	Mouse:  Left button up, pos=(685,59)
11.4028 	DATA 	Mouse: Left button down, pos=(685,59)
11.4203 	EXP 	New trial (rep=13, index=0): None
11.4578 	EXP 	header: autoDraw = False
11.4578 	EXP 	win_lose: autoDraw = False
11.4578 	EXP 	green: autoDraw = False
11.4578 	EXP 	red: autoDraw = False
11.4578 	EXP 	polygon_green: autoDraw = False
11.4578 	EXP 	polygon_red: autoDraw = False
11.4578 	EXP 	win_lose: height = 0.05
11.4578 	EXP 	win_lose: height = 0.05
11.4578 	EXP 	win_lose: height = 0.05
11.4578 	EXP 	win_lose: text = '600 Won | 800 Lost'
11.4578 	EXP 	green: markerPos = None
11.4578 	EXP 	green: markerPos = 0
11.4578 	EXP 	red: markerPos = None
11.4578 	EXP 	red: markerPos = 0
11.4578 	EXP 	header: autoDraw = True
11.4578 	EXP 	win_lose: autoDraw = True
11.4578 	EXP 	green: autoDraw = True
11.4578 	EXP 	red: autoDraw = True
11.4578 	EXP 	polygon_green: autoDraw = True
11.4578 	EXP 	polygon_red: autoDraw = True
11.5130 	DATA 	Mouse:  Left button up, pos=(685,59)
11.5919 	DATA 	Mouse: Left button down, pos=(685,59)
11.6098 	EXP 	New trial (rep=14, index=0): None
11.6473 	EXP 	header: autoDraw = False
11.6473 	EXP 	win_lose: autoDraw = False
11.6473 	EXP 	green: autoDraw = False
11.6473 	EXP 	red: autoDraw = False
11.6473 	EXP 	polygon_green: autoDraw = False
11.6473 	EXP 	polygon_red: autoDraw = False
11.6473 	EXP 	win_lose: height = 0.05
11.6473 	EXP 	win_lose: height = 0.05
11.6473 	EXP 	win_lose: height = 0.05
11.6473 	EXP 	win_lose: text = '600 Won | 900 Lost'
11.6473 	EXP 	green: markerPos = None
11.6473 	EXP 	green: markerPos = 0
11.6473 	EXP 	red: markerPos = None
11.6473 	EXP 	red: markerPos = 0
11.6473 	EXP 	header: autoDraw = True
11.6473 	EXP 	win_lose: autoDraw = True
11.6473 	EXP 	green: autoDraw = True
11.6473 	EXP 	red: autoDraw = True
11.6473 	EXP 	polygon_green: autoDraw = True
11.6473 	EXP 	polygon_red: autoDraw = True
11.6719 	DATA 	Mouse:  Left button up, pos=(685,59)
11.7584 	DATA 	Mouse: Left button down, pos=(685,59)
11.7696 	EXP 	New trial (rep=15, index=0): None
11.8214 	EXP 	header: autoDraw = False
11.8214 	EXP 	win_lose: autoDraw = False
11.8214 	EXP 	green: autoDraw = False
11.8214 	EXP 	red: autoDraw = False
11.8214 	EXP 	polygon_green: autoDraw = False
11.8214 	EXP 	polygon_red: autoDraw = False
11.8214 	EXP 	win_lose: height = 0.05
11.8214 	EXP 	win_lose: height = 0.05
11.8214 	EXP 	win_lose: height = 0.05
11.8214 	EXP 	win_lose: text = '600 Won | 1000 Lost'
11.8214 	EXP 	green: markerPos = None
11.8214 	EXP 	green: markerPos = 0
11.8214 	EXP 	red: markerPos = None
11.8214 	EXP 	red: markerPos = 0
11.8214 	EXP 	header: autoDraw = True
11.8214 	EXP 	win_lose: autoDraw = True
11.8214 	EXP 	green: autoDraw = True
11.8214 	EXP 	red: autoDraw = True
11.8214 	EXP 	polygon_green: autoDraw = True
11.8214 	EXP 	polygon_red: autoDraw = True
11.8458 	DATA 	Mouse:  Left button up, pos=(685,59)
11.9319 	DATA 	Mouse: Left button down, pos=(685,59)
11.9432 	EXP 	New trial (rep=16, index=0): None
11.9789 	EXP 	header: autoDraw = False
11.9789 	EXP 	win_lose: autoDraw = False
11.9789 	EXP 	green: autoDraw = False
11.9789 	EXP 	red: autoDraw = False
11.9789 	EXP 	polygon_green: autoDraw = False
11.9789 	EXP 	polygon_red: autoDraw = False
11.9789 	EXP 	win_lose: height = 0.05
11.9789 	EXP 	win_lose: height = 0.05
11.9789 	EXP 	win_lose: height = 0.05
11.9789 	EXP 	win_lose: text = '600 Won | 1100 Lost'
11.9789 	EXP 	green: markerPos = None
11.9789 	EXP 	green: markerPos = 0
11.9789 	EXP 	red: markerPos = None
11.9789 	EXP 	red: markerPos = 0
11.9789 	EXP 	header: autoDraw = True
11.9789 	EXP 	win_lose: autoDraw = True
11.9789 	EXP 	green: autoDraw = True
11.9789 	EXP 	red: autoDraw = True
11.9789 	EXP 	polygon_green: autoDraw = True
11.9789 	EXP 	polygon_red: autoDraw = True
12.0354 	DATA 	Mouse:  Left button up, pos=(696,62)
12.2260 	DATA 	Mouse: Left button down, pos=(1206,74)
12.2607 	EXP 	New trial (rep=17, index=0): None
12.3125 	EXP 	header: autoDraw = False
12.3125 	EXP 	win_lose: autoDraw = False
12.3125 	EXP 	green: autoDraw = False
12.3125 	EXP 	red: autoDraw = False
12.3125 	EXP 	polygon_green: autoDraw = False
12.3125 	EXP 	polygon_red: autoDraw = False
12.3125 	EXP 	win_lose: height = 0.05
12.3125 	EXP 	win_lose: height = 0.05
12.3125 	EXP 	win_lose: height = 0.05
12.3125 	EXP 	win_lose: text = '700 Won | 1100 Lost'
12.3125 	EXP 	green: markerPos = None
12.3125 	EXP 	green: markerPos = 0
12.3125 	EXP 	red: markerPos = None
12.3125 	EXP 	red: markerPos = 0
12.3125 	EXP 	header: autoDraw = True
12.3125 	EXP 	win_lose: autoDraw = True
12.3125 	EXP 	green: autoDraw = True
12.3125 	EXP 	red: autoDraw = True
12.3125 	EXP 	polygon_green: autoDraw = True
12.3125 	EXP 	polygon_red: autoDraw = True
12.3370 	DATA 	Mouse:  Left button up, pos=(1206,74)
12.4245 	DATA 	Mouse: Left button down, pos=(1206,74)
12.4358 	EXP 	New trial (rep=18, index=0): None
12.4883 	EXP 	header: autoDraw = False
12.4883 	EXP 	win_lose: autoDraw = False
12.4883 	EXP 	green: autoDraw = False
12.4883 	EXP 	red: autoDraw = False
12.4883 	EXP 	polygon_green: autoDraw = False
12.4883 	EXP 	polygon_red: autoDraw = False
12.4883 	EXP 	win_lose: height = 0.05
12.4883 	EXP 	win_lose: height = 0.05
12.4883 	EXP 	win_lose: height = 0.05
12.4883 	EXP 	win_lose: text = '800 Won | 1100 Lost'
12.4883 	EXP 	green: markerPos = None
12.4883 	EXP 	green: markerPos = 0
12.4883 	EXP 	red: markerPos = None
12.4883 	EXP 	red: markerPos = 0
12.4883 	EXP 	header: autoDraw = True
12.4883 	EXP 	win_lose: autoDraw = True
12.4883 	EXP 	green: autoDraw = True
12.4883 	EXP 	red: autoDraw = True
12.4883 	EXP 	polygon_green: autoDraw = True
12.4883 	EXP 	polygon_red: autoDraw = True
12.5190 	DATA 	Mouse:  Left button up, pos=(1206,74)
12.6078 	DATA 	Mouse: Left button down, pos=(1206,74)
12.6421 	EXP 	New trial (rep=19, index=0): None
12.6948 	EXP 	header: autoDraw = False
12.6948 	EXP 	win_lose: autoDraw = False
12.6948 	EXP 	green: autoDraw = False
12.6948 	EXP 	red: autoDraw = False
12.6948 	EXP 	polygon_green: autoDraw = False
12.6948 	EXP 	polygon_red: autoDraw = False
12.6948 	EXP 	win_lose: height = 0.05
12.6948 	EXP 	win_lose: height = 0.05
12.6948 	EXP 	win_lose: height = 0.05
12.6948 	EXP 	win_lose: text = '900 Won | 1100 Lost'
12.6948 	EXP 	green: markerPos = None
12.6948 	EXP 	green: markerPos = 0
12.6948 	EXP 	red: markerPos = None
12.6948 	EXP 	red: markerPos = 0
12.6948 	EXP 	header: autoDraw = True
12.6948 	EXP 	win_lose: autoDraw = True
12.6948 	EXP 	green: autoDraw = True
12.6948 	EXP 	red: autoDraw = True
12.6948 	EXP 	polygon_green: autoDraw = True
12.6948 	EXP 	polygon_red: autoDraw = True
12.6951 	DATA 	Mouse:  Left button up, pos=(1206,74)
12.7750 	DATA 	Mouse: Left button down, pos=(1206,74)
12.7863 	EXP 	New trial (rep=20, index=0): None
12.8376 	EXP 	header: autoDraw = False
12.8376 	EXP 	win_lose: autoDraw = False
12.8376 	EXP 	green: autoDraw = False
12.8376 	EXP 	red: autoDraw = False
12.8376 	EXP 	polygon_green: autoDraw = False
12.8376 	EXP 	polygon_red: autoDraw = False
12.8376 	EXP 	win_lose: height = 0.05
12.8376 	EXP 	win_lose: height = 0.05
12.8376 	EXP 	win_lose: height = 0.05
12.8376 	EXP 	win_lose: text = '1000 Won | 1100 Lost'
12.8376 	EXP 	green: markerPos = None
12.8376 	EXP 	green: markerPos = 0
12.8376 	EXP 	red: markerPos = None
12.8376 	EXP 	red: markerPos = 0
12.8376 	EXP 	header: autoDraw = True
12.8376 	EXP 	win_lose: autoDraw = True
12.8376 	EXP 	green: autoDraw = True
12.8376 	EXP 	red: autoDraw = True
12.8376 	EXP 	polygon_green: autoDraw = True
12.8376 	EXP 	polygon_red: autoDraw = True
12.8679 	DATA 	Mouse:  Left button up, pos=(1206,74)
12.9395 	DATA 	Mouse: Left button down, pos=(1206,74)
12.9582 	EXP 	New trial (rep=21, index=0): None
12.9947 	EXP 	header: autoDraw = False
12.9947 	EXP 	win_lose: autoDraw = False
12.9947 	EXP 	green: autoDraw = False
12.9947 	EXP 	red: autoDraw = False
12.9947 	EXP 	polygon_green: autoDraw = False
12.9947 	EXP 	polygon_red: autoDraw = False
12.9947 	EXP 	win_lose: height = 0.05
12.9947 	EXP 	win_lose: height = 0.05
12.9947 	EXP 	win_lose: height = 0.05
12.9947 	EXP 	win_lose: text = '1100 Won | 1100 Lost'
12.9947 	EXP 	green: markerPos = None
12.9947 	EXP 	green: markerPos = 0
12.9947 	EXP 	red: markerPos = None
12.9947 	EXP 	red: markerPos = 0
12.9947 	EXP 	header: autoDraw = True
12.9947 	EXP 	win_lose: autoDraw = True
12.9947 	EXP 	green: autoDraw = True
12.9947 	EXP 	red: autoDraw = True
12.9947 	EXP 	polygon_green: autoDraw = True
12.9947 	EXP 	polygon_red: autoDraw = True
13.0506 	DATA 	Mouse:  Left button up, pos=(1183,77)
13.2559 	DATA 	Mouse: Left button down, pos=(679,87)
13.2746 	EXP 	New trial (rep=22, index=0): None
13.3111 	EXP 	header: autoDraw = False
13.3111 	EXP 	win_lose: autoDraw = False
13.3111 	EXP 	green: autoDraw = False
13.3111 	EXP 	red: autoDraw = False
13.3111 	EXP 	polygon_green: autoDraw = False
13.3111 	EXP 	polygon_red: autoDraw = False
13.3111 	EXP 	win_lose: height = 0.05
13.3111 	EXP 	win_lose: height = 0.05
13.3111 	EXP 	win_lose: height = 0.05
13.3111 	EXP 	win_lose: text = '1100 Won | 1200 Lost'
13.3111 	EXP 	green: markerPos = None
13.3111 	EXP 	green: markerPos = 0
13.3111 	EXP 	red: markerPos = None
13.3111 	EXP 	red: markerPos = 0
13.3111 	EXP 	header: autoDraw = True
13.3111 	EXP 	win_lose: autoDraw = True
13.3111 	EXP 	green: autoDraw = True
13.3111 	EXP 	red: autoDraw = True
13.3111 	EXP 	polygon_green: autoDraw = True
13.3111 	EXP 	polygon_red: autoDraw = True
13.3668 	DATA 	Mouse:  Left button up, pos=(679,87)
13.4698 	DATA 	Mouse: Left button down, pos=(679,87)
13.4810 	EXP 	New trial (rep=23, index=0): None
13.5328 	EXP 	header: autoDraw = False
13.5328 	EXP 	win_lose: autoDraw = False
13.5328 	EXP 	green: autoDraw = False
13.5328 	EXP 	red: autoDraw = False
13.5328 	EXP 	polygon_green: autoDraw = False
13.5328 	EXP 	polygon_red: autoDraw = False
13.5328 	EXP 	win_lose: height = 0.05
13.5328 	EXP 	win_lose: height = 0.05
13.5328 	EXP 	win_lose: height = 0.05
13.5328 	EXP 	win_lose: text = '1100 Won | 1300 Lost'
13.5328 	EXP 	green: markerPos = None
13.5328 	EXP 	green: markerPos = 0
13.5328 	EXP 	red: markerPos = None
13.5328 	EXP 	red: markerPos = 0
13.5328 	EXP 	header: autoDraw = True
13.5328 	EXP 	win_lose: autoDraw = True
13.5328 	EXP 	green: autoDraw = True
13.5328 	EXP 	red: autoDraw = True
13.5328 	EXP 	polygon_green: autoDraw = True
13.5328 	EXP 	polygon_red: autoDraw = True
13.5650 	DATA 	Mouse:  Left button up, pos=(679,87)
13.6674 	DATA 	Mouse: Left button down, pos=(679,87)
13.6850 	EXP 	New trial (rep=24, index=0): None
13.7213 	EXP 	header: autoDraw = False
13.7213 	EXP 	win_lose: autoDraw = False
13.7213 	EXP 	green: autoDraw = False
13.7213 	EXP 	red: autoDraw = False
13.7213 	EXP 	polygon_green: autoDraw = False
13.7213 	EXP 	polygon_red: autoDraw = False
13.7213 	EXP 	win_lose: height = 0.05
13.7213 	EXP 	win_lose: height = 0.05
13.7213 	EXP 	win_lose: height = 0.05
13.7213 	EXP 	win_lose: text = '1100 Won | 1400 Lost'
13.7213 	EXP 	green: markerPos = None
13.7213 	EXP 	green: markerPos = 0
13.7213 	EXP 	red: markerPos = None
13.7213 	EXP 	red: markerPos = 0
13.7213 	EXP 	header: autoDraw = True
13.7213 	EXP 	win_lose: autoDraw = True
13.7213 	EXP 	green: autoDraw = True
13.7213 	EXP 	red: autoDraw = True
13.7213 	EXP 	polygon_green: autoDraw = True
13.7213 	EXP 	polygon_red: autoDraw = True
13.7765 	DATA 	Mouse:  Left button up, pos=(679,87)
13.8559 	DATA 	Mouse: Left button down, pos=(679,87)
13.8912 	EXP 	New trial (rep=25, index=0): None
13.9439 	EXP 	header: autoDraw = False
13.9439 	EXP 	win_lose: autoDraw = False
13.9439 	EXP 	green: autoDraw = False
13.9439 	EXP 	red: autoDraw = False
13.9439 	EXP 	polygon_green: autoDraw = False
13.9439 	EXP 	polygon_red: autoDraw = False
13.9439 	EXP 	win_lose: height = 0.05
13.9439 	EXP 	win_lose: height = 0.05
13.9439 	EXP 	win_lose: height = 0.05
13.9439 	EXP 	win_lose: text = '1100 Won | 1500 Lost'
13.9439 	EXP 	green: markerPos = None
13.9439 	EXP 	green: markerPos = 0
13.9439 	EXP 	red: markerPos = None
13.9439 	EXP 	red: markerPos = 0
13.9439 	EXP 	header: autoDraw = True
13.9439 	EXP 	win_lose: autoDraw = True
13.9439 	EXP 	green: autoDraw = True
13.9439 	EXP 	red: autoDraw = True
13.9439 	EXP 	polygon_green: autoDraw = True
13.9439 	EXP 	polygon_red: autoDraw = True
13.9686 	DATA 	Mouse:  Left button up, pos=(679,87)
14.0559 	DATA 	Mouse: Left button down, pos=(679,87)
14.0671 	EXP 	New trial (rep=26, index=0): None
14.1179 	EXP 	header: autoDraw = False
14.1179 	EXP 	win_lose: autoDraw = False
14.1179 	EXP 	green: autoDraw = False
14.1179 	EXP 	red: autoDraw = False
14.1179 	EXP 	polygon_green: autoDraw = False
14.1179 	EXP 	polygon_red: autoDraw = False
14.1179 	EXP 	win_lose: height = 0.05
14.1179 	EXP 	win_lose: height = 0.05
14.1179 	EXP 	win_lose: height = 0.05
14.1179 	EXP 	win_lose: text = '1100 Won | 1600 Lost'
14.1179 	EXP 	green: markerPos = None
14.1179 	EXP 	green: markerPos = 0
14.1179 	EXP 	red: markerPos = None
14.1179 	EXP 	red: markerPos = 0
14.1179 	EXP 	header: autoDraw = True
14.1179 	EXP 	win_lose: autoDraw = True
14.1179 	EXP 	green: autoDraw = True
14.1179 	EXP 	red: autoDraw = True
14.1179 	EXP 	polygon_green: autoDraw = True
14.1179 	EXP 	polygon_red: autoDraw = True
14.1499 	DATA 	Mouse:  Left button up, pos=(679,87)
14.2531 	DATA 	Mouse: Left button down, pos=(679,87)
14.2881 	EXP 	New trial (rep=27, index=0): None
14.3399 	EXP 	header: autoDraw = False
14.3399 	EXP 	win_lose: autoDraw = False
14.3399 	EXP 	green: autoDraw = False
14.3399 	EXP 	red: autoDraw = False
14.3399 	EXP 	polygon_green: autoDraw = False
14.3399 	EXP 	polygon_red: autoDraw = False
14.3399 	EXP 	win_lose: height = 0.05
14.3399 	EXP 	win_lose: height = 0.05
14.3399 	EXP 	win_lose: height = 0.05
14.3399 	EXP 	win_lose: text = '1100 Won | 1700 Lost'
14.3399 	EXP 	green: markerPos = None
14.3399 	EXP 	green: markerPos = 0
14.3399 	EXP 	red: markerPos = None
14.3399 	EXP 	red: markerPos = 0
14.3399 	EXP 	header: autoDraw = True
14.3399 	EXP 	win_lose: autoDraw = True
14.3399 	EXP 	green: autoDraw = True
14.3399 	EXP 	red: autoDraw = True
14.3399 	EXP 	polygon_green: autoDraw = True
14.3399 	EXP 	polygon_red: autoDraw = True
14.3401 	DATA 	Mouse:  Left button up, pos=(679,87)
14.6017 	DATA 	Mouse: Left button down, pos=(1212,70)
14.6206 	EXP 	New trial (rep=28, index=0): None
14.6575 	EXP 	header: autoDraw = False
14.6575 	EXP 	win_lose: autoDraw = False
14.6575 	EXP 	green: autoDraw = False
14.6575 	EXP 	red: autoDraw = False
14.6575 	EXP 	polygon_green: autoDraw = False
14.6575 	EXP 	polygon_red: autoDraw = False
14.6575 	EXP 	win_lose: height = 0.05
14.6575 	EXP 	win_lose: height = 0.05
14.6575 	EXP 	win_lose: height = 0.05
14.6575 	EXP 	win_lose: text = '1200 Won | 1700 Lost'
14.6575 	EXP 	green: markerPos = None
14.6575 	EXP 	green: markerPos = 0
14.6575 	EXP 	red: markerPos = None
14.6575 	EXP 	red: markerPos = 0
14.6575 	EXP 	header: autoDraw = True
14.6575 	EXP 	win_lose: autoDraw = True
14.6575 	EXP 	green: autoDraw = True
14.6575 	EXP 	red: autoDraw = True
14.6575 	EXP 	polygon_green: autoDraw = True
14.6575 	EXP 	polygon_red: autoDraw = True
14.7117 	DATA 	Mouse:  Left button up, pos=(1212,70)
14.8241 	DATA 	Mouse: Left button down, pos=(1212,70)
14.8415 	EXP 	New trial (rep=29, index=0): None
14.8788 	EXP 	header: autoDraw = False
14.8788 	EXP 	win_lose: autoDraw = False
14.8788 	EXP 	green: autoDraw = False
14.8788 	EXP 	red: autoDraw = False
14.8788 	EXP 	polygon_green: autoDraw = False
14.8788 	EXP 	polygon_red: autoDraw = False
14.8788 	EXP 	win_lose: height = 0.05
14.8788 	EXP 	win_lose: height = 0.05
14.8788 	EXP 	win_lose: height = 0.05
14.8788 	EXP 	win_lose: text = '1300 Won | 1700 Lost'
14.8788 	EXP 	green: markerPos = None
14.8788 	EXP 	green: markerPos = 0
14.8788 	EXP 	red: markerPos = None
14.8788 	EXP 	red: markerPos = 0
14.8788 	EXP 	header: autoDraw = True
14.8788 	EXP 	win_lose: autoDraw = True
14.8788 	EXP 	green: autoDraw = True
14.8788 	EXP 	red: autoDraw = True
14.8788 	EXP 	polygon_green: autoDraw = True
14.8788 	EXP 	polygon_red: autoDraw = True
14.9035 	DATA 	Mouse:  Left button up, pos=(1212,70)
14.9823 	DATA 	Mouse: Left button down, pos=(1212,70)
15.0012 	EXP 	New trial (rep=30, index=0): None
15.0540 	EXP 	header: autoDraw = False
15.0540 	EXP 	win_lose: autoDraw = False
15.0540 	EXP 	green: autoDraw = False
15.0540 	EXP 	red: autoDraw = False
15.0540 	EXP 	polygon_green: autoDraw = False
15.0540 	EXP 	polygon_red: autoDraw = False
15.0540 	EXP 	win_lose: height = 0.05
15.0540 	EXP 	win_lose: height = 0.05
15.0540 	EXP 	win_lose: height = 0.05
15.0540 	EXP 	win_lose: text = '1400 Won | 1700 Lost'
15.0540 	EXP 	green: markerPos = None
15.0540 	EXP 	green: markerPos = 0
15.0540 	EXP 	red: markerPos = None
15.0540 	EXP 	red: markerPos = 0
15.0540 	EXP 	header: autoDraw = True
15.0540 	EXP 	win_lose: autoDraw = True
15.0540 	EXP 	green: autoDraw = True
15.0540 	EXP 	red: autoDraw = True
15.0540 	EXP 	polygon_green: autoDraw = True
15.0540 	EXP 	polygon_red: autoDraw = True
15.0786 	DATA 	Mouse:  Left button up, pos=(1212,70)
15.1642 	DATA 	Mouse: Left button down, pos=(1212,70)
15.1753 	EXP 	New trial (rep=31, index=0): None
15.2280 	EXP 	header: autoDraw = False
15.2280 	EXP 	win_lose: autoDraw = False
15.2280 	EXP 	green: autoDraw = False
15.2280 	EXP 	red: autoDraw = False
15.2280 	EXP 	polygon_green: autoDraw = False
15.2280 	EXP 	polygon_red: autoDraw = False
15.2280 	EXP 	win_lose: height = 0.05
15.2280 	EXP 	win_lose: height = 0.05
15.2280 	EXP 	win_lose: height = 0.05
15.2280 	EXP 	win_lose: text = '1500 Won | 1700 Lost'
15.2280 	EXP 	green: markerPos = None
15.2280 	EXP 	green: markerPos = 0
15.2280 	EXP 	red: markerPos = None
15.2280 	EXP 	red: markerPos = 0
15.2280 	EXP 	header: autoDraw = True
15.2280 	EXP 	win_lose: autoDraw = True
15.2280 	EXP 	green: autoDraw = True
15.2280 	EXP 	red: autoDraw = True
15.2280 	EXP 	polygon_green: autoDraw = True
15.2280 	EXP 	polygon_red: autoDraw = True
15.2831 	DATA 	Mouse:  Left button up, pos=(1212,70)
15.3632 	DATA 	Mouse: Left button down, pos=(1212,70)
15.3976 	EXP 	New trial (rep=32, index=0): None
15.4492 	EXP 	header: autoDraw = False
15.4492 	EXP 	win_lose: autoDraw = False
15.4492 	EXP 	green: autoDraw = False
15.4492 	EXP 	red: autoDraw = False
15.4492 	EXP 	polygon_green: autoDraw = False
15.4492 	EXP 	polygon_red: autoDraw = False
15.4492 	EXP 	win_lose: height = 0.05
15.4492 	EXP 	win_lose: height = 0.05
15.4492 	EXP 	win_lose: height = 0.05
15.4492 	EXP 	win_lose: text = '1600 Won | 1700 Lost'
15.4492 	EXP 	green: markerPos = None
15.4492 	EXP 	green: markerPos = 0
15.4492 	EXP 	red: markerPos = None
15.4492 	EXP 	red: markerPos = 0
15.4492 	EXP 	header: autoDraw = True
15.4492 	EXP 	win_lose: autoDraw = True
15.4492 	EXP 	green: autoDraw = True
15.4492 	EXP 	red: autoDraw = True
15.4492 	EXP 	polygon_green: autoDraw = True
15.4492 	EXP 	polygon_red: autoDraw = True
15.4744 	DATA 	Mouse:  Left button up, pos=(1212,70)
15.6874 	DATA 	Mouse: Left button down, pos=(698,105)
15.6988 	EXP 	New trial (rep=33, index=0): None
15.7501 	EXP 	header: autoDraw = False
15.7501 	EXP 	win_lose: autoDraw = False
15.7501 	EXP 	green: autoDraw = False
15.7501 	EXP 	red: autoDraw = False
15.7501 	EXP 	polygon_green: autoDraw = False
15.7501 	EXP 	polygon_red: autoDraw = False
15.7501 	EXP 	win_lose: height = 0.05
15.7501 	EXP 	win_lose: height = 0.05
15.7501 	EXP 	win_lose: height = 0.05
15.7501 	EXP 	win_lose: text = '1600 Won | 1800 Lost'
15.7501 	EXP 	green: markerPos = None
15.7501 	EXP 	green: markerPos = 0
15.7501 	EXP 	red: markerPos = None
15.7501 	EXP 	red: markerPos = 0
15.7501 	EXP 	header: autoDraw = True
15.7501 	EXP 	win_lose: autoDraw = True
15.7501 	EXP 	green: autoDraw = True
15.7501 	EXP 	red: autoDraw = True
15.7501 	EXP 	polygon_green: autoDraw = True
15.7501 	EXP 	polygon_red: autoDraw = True
15.8063 	DATA 	Mouse:  Left button up, pos=(698,105)
15.8849 	DATA 	Mouse: Left button down, pos=(698,105)
15.9201 	EXP 	New trial (rep=34, index=0): None
15.9732 	EXP 	header: autoDraw = False
15.9732 	EXP 	win_lose: autoDraw = False
15.9732 	EXP 	green: autoDraw = False
15.9732 	EXP 	red: autoDraw = False
15.9732 	EXP 	polygon_green: autoDraw = False
15.9732 	EXP 	polygon_red: autoDraw = False
15.9732 	EXP 	win_lose: height = 0.05
15.9732 	EXP 	win_lose: height = 0.05
15.9732 	EXP 	win_lose: height = 0.05
15.9732 	EXP 	win_lose: text = '1600 Won | 1900 Lost'
15.9732 	EXP 	green: markerPos = None
15.9732 	EXP 	green: markerPos = 0
15.9732 	EXP 	red: markerPos = None
15.9732 	EXP 	red: markerPos = 0
15.9732 	EXP 	header: autoDraw = True
15.9732 	EXP 	win_lose: autoDraw = True
15.9732 	EXP 	green: autoDraw = True
15.9732 	EXP 	red: autoDraw = True
15.9732 	EXP 	polygon_green: autoDraw = True
15.9732 	EXP 	polygon_red: autoDraw = True
15.9736 	DATA 	Mouse:  Left button up, pos=(698,107)
16.0551 	DATA 	Mouse: Left button down, pos=(698,107)
16.0665 	EXP 	New trial (rep=35, index=0): None
16.1163 	EXP 	header: autoDraw = False
16.1163 	EXP 	win_lose: autoDraw = False
16.1163 	EXP 	green: autoDraw = False
16.1163 	EXP 	red: autoDraw = False
16.1163 	EXP 	polygon_green: autoDraw = False
16.1163 	EXP 	polygon_red: autoDraw = False
16.1163 	EXP 	win_lose: height = 0.05
16.1163 	EXP 	win_lose: height = 0.05
16.1163 	EXP 	win_lose: height = 0.05
16.1163 	EXP 	win_lose: text = '1600 Won | 2000 Lost'
16.1163 	EXP 	green: markerPos = None
16.1163 	EXP 	green: markerPos = 0
16.1163 	EXP 	red: markerPos = None
16.1163 	EXP 	red: markerPos = 0
16.1163 	EXP 	header: autoDraw = True
16.1163 	EXP 	win_lose: autoDraw = True
16.1163 	EXP 	green: autoDraw = True
16.1163 	EXP 	red: autoDraw = True
16.1163 	EXP 	polygon_green: autoDraw = True
16.1163 	EXP 	polygon_red: autoDraw = True
16.1412 	DATA 	Mouse:  Left button up, pos=(698,107)
16.2283 	DATA 	Mouse: Left button down, pos=(698,107)
16.2395 	EXP 	New trial (rep=36, index=0): None
16.2913 	EXP 	header: autoDraw = False
16.2913 	EXP 	win_lose: autoDraw = False
16.2913 	EXP 	green: autoDraw = False
16.2913 	EXP 	red: autoDraw = False
16.2913 	EXP 	polygon_green: autoDraw = False
16.2913 	EXP 	polygon_red: autoDraw = False
16.2913 	EXP 	win_lose: height = 0.05
16.2913 	EXP 	win_lose: height = 0.05
16.2913 	EXP 	win_lose: height = 0.05
16.2913 	EXP 	win_lose: text = '1600 Won | 2100 Lost'
16.2913 	EXP 	green: markerPos = None
16.2913 	EXP 	green: markerPos = 0
16.2913 	EXP 	red: markerPos = None
16.2913 	EXP 	red: markerPos = 0
16.2913 	EXP 	header: autoDraw = True
16.2913 	EXP 	win_lose: autoDraw = True
16.2913 	EXP 	green: autoDraw = True
16.2913 	EXP 	red: autoDraw = True
16.2913 	EXP 	polygon_green: autoDraw = True
16.2913 	EXP 	polygon_red: autoDraw = True
16.3158 	DATA 	Mouse:  Left button up, pos=(698,107)
16.5049 	DATA 	Mouse: Left button down, pos=(1206,77)
16.5385 	EXP 	New trial (rep=37, index=0): None
16.5911 	EXP 	header: autoDraw = False
16.5911 	EXP 	win_lose: autoDraw = False
16.5911 	EXP 	green: autoDraw = False
16.5911 	EXP 	red: autoDraw = False
16.5911 	EXP 	polygon_green: autoDraw = False
16.5911 	EXP 	polygon_red: autoDraw = False
16.5911 	EXP 	win_lose: height = 0.05
16.5911 	EXP 	win_lose: height = 0.05
16.5911 	EXP 	win_lose: height = 0.05
16.5911 	EXP 	win_lose: text = '1700 Won | 2100 Lost'
16.5911 	EXP 	green: markerPos = None
16.5911 	EXP 	green: markerPos = 0
16.5911 	EXP 	red: markerPos = None
16.5911 	EXP 	red: markerPos = 0
16.5911 	EXP 	header: autoDraw = True
16.5911 	EXP 	win_lose: autoDraw = True
16.5911 	EXP 	green: autoDraw = True
16.5911 	EXP 	red: autoDraw = True
16.5911 	EXP 	polygon_green: autoDraw = True
16.5911 	EXP 	polygon_red: autoDraw = True
16.6158 	DATA 	Mouse:  Left button up, pos=(1209,77)
16.7761 	DATA 	Mouse: Left button down, pos=(686,87)
16.7916 	EXP 	New trial (rep=38, index=0): None
16.8275 	EXP 	header: autoDraw = False
16.8275 	EXP 	win_lose: autoDraw = False
16.8275 	EXP 	green: autoDraw = False
16.8275 	EXP 	red: autoDraw = False
16.8275 	EXP 	polygon_green: autoDraw = False
16.8275 	EXP 	polygon_red: autoDraw = False
16.8275 	EXP 	win_lose: height = 0.05
16.8275 	EXP 	win_lose: height = 0.05
16.8275 	EXP 	win_lose: height = 0.05
16.8275 	EXP 	win_lose: text = '1700 Won | 2200 Lost'
16.8275 	EXP 	green: markerPos = None
16.8275 	EXP 	green: markerPos = 0
16.8275 	EXP 	red: markerPos = None
16.8275 	EXP 	red: markerPos = 0
16.8275 	EXP 	header: autoDraw = True
16.8275 	EXP 	win_lose: autoDraw = True
16.8275 	EXP 	green: autoDraw = True
16.8275 	EXP 	red: autoDraw = True
16.8275 	EXP 	polygon_green: autoDraw = True
16.8275 	EXP 	polygon_red: autoDraw = True
16.9068 	DATA 	Mouse:  Left button up, pos=(685,87)
17.4391 	DATA 	Keypress: escape
17.9301 	EXP 	window1: mouseVisible = True
