1.1660 	WARNING 	We strongly recommend you activate the PTB sound engine in PsychoPy prefs as the preferred audio engine. Its timing is vastly superior. Your prefs are currently set to use ['sounddevice', 'PTB', 'pyo', 'pygame'] (in that order).
3.3079 	WARNING 	User requested fullscreen with size [1024  768], but screen is actually [1920, 1080]. Using actual size
3.6170 	EXP 	Created window1 = Window(allowGUI=True, allowStencil=False, autoLog=True, backendConf=UNKNOWN, bitsMode=UNKNOWN, blendMode='avg', bpc=(8, 8, 8), color=array([0, 0, 0]), colorSpace='rgb', depthBits=8, fullscr=<method-wrapper '__getattribute__' of attributeSetter object at 0x000001D66BE8A100>, gamma=None, gammaErrorPolicy='raise', lms=UNKNOWN, monitor=<psychopy.monitors.calibTools.Monitor object at 0x000001D66DD80400>, multiSample=False, name='window1', numSamples=2, pos=(0, 0), screen=0, size=array([1920, 1080]), stencilBits=0, stereo=False, units='height', useFBO=True, useRetina=False, viewOri=0.0, viewPos=None, viewScale=None, waitBlanking=True, winType='pyglet')
3.6171 	EXP 	window1: mouseVisible = True
3.6171 	EXP 	window1: mouseVisible = False
3.6171 	EXP 	window1: Attempting to measure frame rate of screen (0) ...
3.6171 	EXP 	window1: recordFrameIntervals = False
3.6584 	EXP 	window1: recordFrameIntervals = True
3.7046 	EXP 	Screen (0) actual frame rate measured at 239.99Hz
3.7046 	EXP 	window1: recordFrameIntervals = False
5.0532 	EXP 	Created text = TextStim(__class__=<class 'psychopy.visual.text.TextStim'>, alignHoriz=method-wrapper(...), alignText='center', alignVert=method-wrapper(...), anchorHoriz='center', anchorVert='center', antialias=True, autoDraw=False, autoLog=True, bold=False, color=array([1, 1, 1]), colorSpace='rgb', contrast=1.0, depth=0.0, flipHoriz=False, flipVert=False, font='Open Sans', fontFiles=[], height=0.07, italic=False, languageStyle='LTR', name='text', opacity=1.0, ori=0.0, pos=array([0. , 0.3]), rgb=UNKNOWN, text='Progress Bar Example', units='height', win=Window(...), wrapWidth=1)
5.0786 	EXP 	window1: mouseVisible = True
5.0928 	EXP 	window1: mouseVisible = True
5.1001 	EXP 	Created win_lose = TextStim(__class__=<class 'psychopy.visual.text.TextStim'>, alignHoriz=method-wrapper(...), alignText='center', alignVert=method-wrapper(...), anchorHoriz='center', anchorVert='center', antialias=True, autoDraw=False, autoLog=True, bold=False, color=array([1, 1, 1]), colorSpace='rgb', contrast=1.0, depth=-4.0, flipHoriz=False, flipVert=False, font='Open Sans', fontFiles=[], height=0.05, italic=False, languageStyle='LTR', name='win_lose', opacity=1.0, ori=0.0, pos=array([0. , 0.1]), rgb=UNKNOWN, text='0 Won | 0', units='height', win=Window(...), wrapWidth=1)
5.1070 	EXP 	Created sequence: random, trialTypes=1, nReps=999, seed=None
5.1092 	EXP 	New trial (rep=0, index=0): None
5.1161 	EXP 	text: autoDraw = True
5.1161 	EXP 	win_lose: autoDraw = True
6.8383 	DATA 	Mouse: Left button down, pos=(1254,314)
6.9393 	DATA 	Mouse:  Left button up, pos=(1254,314)
7.3310 	DATA 	Mouse: Left button down, pos=(580,348)
7.4567 	DATA 	Mouse:  Left button up, pos=(580,348)
7.7457 	DATA 	Mouse: Left button down, pos=(673,343)
7.8417 	DATA 	Mouse:  Left button up, pos=(673,343)
8.1052 	DATA 	Mouse: Left button down, pos=(1303,314)
8.1974 	DATA 	Mouse:  Left button up, pos=(1303,314)
8.3678 	DATA 	Keypress: escape
8.9066 	EXP 	window1: mouseVisible = True
