1.4890 	WARNING 	We strongly recommend you activate the PTB sound engine in PsychoPy prefs as the preferred audio engine. Its timing is vastly superior. Your prefs are currently set to use ['sounddevice', 'PTB', 'pyo', 'pygame'] (in that order).
3.9641 	WARNING 	User requested fullscreen with size [1024  768], but screen is actually [1920, 1080]. Using actual size
4.3108 	EXP 	Created window1 = Window(allowGUI=True, allowStencil=False, autoLog=True, backendConf=UNKNOWN, bitsMode=UNKNOWN, blendMode='avg', bpc=(8, 8, 8), color=array([0, 0, 0]), colorSpace='rgb', depthBits=8, fullscr=<method-wrapper '__getattribute__' of attributeSetter object at 0x0000023B584520D0>, gamma=None, gammaErrorPolicy='raise', lms=UNKNOWN, monitor=<psychopy.monitors.calibTools.Monitor object at 0x0000023B587945E0>, multiSample=False, name='window1', numSamples=2, pos=(0, 0), screen=0, size=array([1920, 1080]), stencilBits=0, stereo=False, units='height', useFBO=True, useRetina=False, viewOri=0.0, viewPos=None, viewScale=None, waitBlanking=True, winType='pyglet')
4.3109 	EXP 	window1: mouseVisible = True
4.3110 	EXP 	window1: mouseVisible = False
4.3110 	EXP 	window1: Attempting to measure frame rate of screen (0) ...
4.3110 	EXP 	window1: recordFrameIntervals = False
4.3526 	EXP 	window1: recordFrameIntervals = True
4.3989 	EXP 	Screen (0) actual frame rate measured at 236.73Hz
4.3989 	EXP 	window1: recordFrameIntervals = False
6.0659 	EXP 	Created text = TextStim(__class__=<class 'psychopy.visual.text.TextStim'>, alignHoriz=method-wrapper(...), alignText='center', alignVert=method-wrapper(...), anchorHoriz='center', anchorVert='center', antialias=True, autoDraw=False, autoLog=True, bold=False, color=array([1, 1, 1]), colorSpace='rgb', contrast=1.0, depth=-2.0, flipHoriz=False, flipVert=False, font='Open Sans', fontFiles=[], height=0.05, italic=False, languageStyle='LTR', name='text', opacity=1.0, ori=0.0, pos=array([ 0. , -0.2]), rgb=UNKNOWN, text='asd', units='height', win=Window(...), wrapWidth=1)
6.0824 	EXP 	window1: mouseVisible = True
6.0902 	EXP 	textbox: autoLog = True
6.0902 	EXP 	text: height = 0.05
6.0902 	EXP 	text: height = 0.05
6.0902 	EXP 	text: height = 0.05
6.0902 	EXP 	text: text = 0
6.0902 	EXP 	textbox: autoDraw = True
6.0902 	EXP 	text: autoDraw = True
6.0986 	EXP 	text: height = 0.05
6.0986 	EXP 	text: height = 0.05
6.0986 	EXP 	text: height = 0.05
6.0986 	EXP 	text: text = 0
6.1041 	EXP 	text: height = 0.05
6.1041 	EXP 	text: height = 0.05
6.1041 	EXP 	text: height = 0.05
6.1041 	EXP 	text: text = 0
6.1122 	EXP 	text: height = 0.05
6.1122 	EXP 	text: height = 0.05
6.1122 	EXP 	text: height = 0.05
6.1122 	EXP 	text: text = 0
6.1169 	EXP 	text: height = 0.05
6.1169 	EXP 	text: height = 0.05
6.1169 	EXP 	text: height = 0.05
6.1169 	EXP 	text: text = 0
6.1259 	EXP 	text: height = 0.05
6.1259 	EXP 	text: height = 0.05
6.1259 	EXP 	text: height = 0.05
6.1259 	EXP 	text: text = 0
6.1315 	EXP 	text: height = 0.05
6.1315 	EXP 	text: height = 0.05
6.1315 	EXP 	text: height = 0.05
6.1315 	EXP 	text: text = 0
6.1395 	EXP 	text: height = 0.05
6.1395 	EXP 	text: height = 0.05
6.1395 	EXP 	text: height = 0.05
6.1395 	EXP 	text: text = 0
6.1443 	EXP 	text: height = 0.05
6.1443 	EXP 	text: height = 0.05
6.1443 	EXP 	text: height = 0.05
6.1443 	EXP 	text: text = 0
6.1520 	EXP 	text: height = 0.05
6.1520 	EXP 	text: height = 0.05
6.1520 	EXP 	text: height = 0.05
6.1520 	EXP 	text: text = 0
6.1568 	EXP 	text: height = 0.05
6.1568 	EXP 	text: height = 0.05
6.1568 	EXP 	text: height = 0.05
6.1568 	EXP 	text: text = 0
6.1650 	EXP 	text: height = 0.05
6.1650 	EXP 	text: height = 0.05
6.1650 	EXP 	text: height = 0.05
6.1650 	EXP 	text: text = 0
6.1702 	EXP 	text: height = 0.05
6.1702 	EXP 	text: height = 0.05
6.1702 	EXP 	text: height = 0.05
6.1702 	EXP 	text: text = 0
6.1785 	EXP 	text: height = 0.05
6.1785 	EXP 	text: height = 0.05
6.1785 	EXP 	text: height = 0.05
6.1785 	EXP 	text: text = 0
6.1833 	EXP 	text: height = 0.05
6.1833 	EXP 	text: height = 0.05
6.1833 	EXP 	text: height = 0.05
6.1833 	EXP 	text: text = 0
6.1908 	EXP 	text: height = 0.05
6.1908 	EXP 	text: height = 0.05
6.1908 	EXP 	text: height = 0.05
6.1908 	EXP 	text: text = 0
6.1956 	EXP 	text: height = 0.05
6.1956 	EXP 	text: height = 0.05
6.1956 	EXP 	text: height = 0.05
6.1956 	EXP 	text: text = 0
6.2031 	EXP 	text: height = 0.05
6.2031 	EXP 	text: height = 0.05
6.2031 	EXP 	text: height = 0.05
6.2031 	EXP 	text: text = 0
6.2079 	EXP 	text: height = 0.05
6.2079 	EXP 	text: height = 0.05
6.2079 	EXP 	text: height = 0.05
6.2079 	EXP 	text: text = 0
6.2136 	EXP 	text: height = 0.05
6.2136 	EXP 	text: height = 0.05
6.2136 	EXP 	text: height = 0.05
6.2136 	EXP 	text: text = 0
6.2190 	EXP 	text: height = 0.05
6.2190 	EXP 	text: height = 0.05
6.2190 	EXP 	text: height = 0.05
6.2190 	EXP 	text: text = 0
6.2248 	EXP 	text: height = 0.05
6.2248 	EXP 	text: height = 0.05
6.2248 	EXP 	text: height = 0.05
6.2248 	EXP 	text: text = 0
6.2293 	EXP 	text: height = 0.05
6.2293 	EXP 	text: height = 0.05
6.2293 	EXP 	text: height = 0.05
6.2293 	EXP 	text: text = 0
6.2344 	EXP 	text: height = 0.05
6.2344 	EXP 	text: height = 0.05
6.2344 	EXP 	text: height = 0.05
6.2344 	EXP 	text: text = 0
6.2391 	EXP 	text: height = 0.05
6.2391 	EXP 	text: height = 0.05
6.2391 	EXP 	text: height = 0.05
6.2391 	EXP 	text: text = 0
6.2439 	EXP 	text: height = 0.05
6.2439 	EXP 	text: height = 0.05
6.2439 	EXP 	text: height = 0.05
6.2439 	EXP 	text: text = 0
6.2486 	EXP 	text: height = 0.05
6.2486 	EXP 	text: height = 0.05
6.2486 	EXP 	text: height = 0.05
6.2486 	EXP 	text: text = 0
6.2529 	EXP 	text: height = 0.05
6.2529 	EXP 	text: height = 0.05
6.2529 	EXP 	text: height = 0.05
6.2529 	EXP 	text: text = 0
6.2577 	EXP 	text: height = 0.05
6.2577 	EXP 	text: height = 0.05
6.2577 	EXP 	text: height = 0.05
6.2577 	EXP 	text: text = 0
6.2636 	EXP 	text: height = 0.05
6.2636 	EXP 	text: height = 0.05
6.2636 	EXP 	text: height = 0.05
6.2636 	EXP 	text: text = 0
6.2684 	EXP 	text: height = 0.05
6.2684 	EXP 	text: height = 0.05
6.2684 	EXP 	text: height = 0.05
6.2684 	EXP 	text: text = 0
6.2737 	EXP 	text: height = 0.05
6.2737 	EXP 	text: height = 0.05
6.2737 	EXP 	text: height = 0.05
6.2737 	EXP 	text: text = 0
6.2788 	EXP 	text: height = 0.05
6.2788 	EXP 	text: height = 0.05
6.2788 	EXP 	text: height = 0.05
6.2788 	EXP 	text: text = 0
6.2840 	EXP 	text: height = 0.05
6.2840 	EXP 	text: height = 0.05
6.2840 	EXP 	text: height = 0.05
6.2840 	EXP 	text: text = 0
6.2885 	EXP 	text: height = 0.05
6.2885 	EXP 	text: height = 0.05
6.2885 	EXP 	text: height = 0.05
6.2885 	EXP 	text: text = 0
6.2932 	EXP 	text: height = 0.05
6.2932 	EXP 	text: height = 0.05
6.2932 	EXP 	text: height = 0.05
6.2932 	EXP 	text: text = 0
6.2978 	EXP 	text: height = 0.05
6.2978 	EXP 	text: height = 0.05
6.2978 	EXP 	text: height = 0.05
6.2978 	EXP 	text: text = 0
6.3024 	EXP 	text: height = 0.05
6.3024 	EXP 	text: height = 0.05
6.3024 	EXP 	text: height = 0.05
6.3024 	EXP 	text: text = 0
6.3071 	EXP 	text: height = 0.05
6.3071 	EXP 	text: height = 0.05
6.3071 	EXP 	text: height = 0.05
6.3071 	EXP 	text: text = 0
6.3126 	EXP 	text: height = 0.05
6.3126 	EXP 	text: height = 0.05
6.3126 	EXP 	text: height = 0.05
6.3126 	EXP 	text: text = 0
6.3174 	EXP 	text: height = 0.05
6.3174 	EXP 	text: height = 0.05
6.3174 	EXP 	text: height = 0.05
6.3174 	EXP 	text: text = 0
6.3220 	EXP 	text: height = 0.05
6.3220 	EXP 	text: height = 0.05
6.3220 	EXP 	text: height = 0.05
6.3220 	EXP 	text: text = 0
6.3270 	EXP 	text: height = 0.05
6.3270 	EXP 	text: height = 0.05
6.3270 	EXP 	text: height = 0.05
6.3270 	EXP 	text: text = 0
6.3319 	EXP 	text: height = 0.05
6.3319 	EXP 	text: height = 0.05
6.3319 	EXP 	text: height = 0.05
6.3319 	EXP 	text: text = 0
6.3369 	EXP 	text: height = 0.05
6.3369 	EXP 	text: height = 0.05
6.3369 	EXP 	text: height = 0.05
6.3369 	EXP 	text: text = 0
6.3420 	EXP 	text: height = 0.05
6.3420 	EXP 	text: height = 0.05
6.3420 	EXP 	text: height = 0.05
6.3420 	EXP 	text: text = 0
6.3467 	EXP 	text: height = 0.05
6.3467 	EXP 	text: height = 0.05
6.3467 	EXP 	text: height = 0.05
6.3467 	EXP 	text: text = 0
6.3515 	EXP 	text: height = 0.05
6.3515 	EXP 	text: height = 0.05
6.3515 	EXP 	text: height = 0.05
6.3515 	EXP 	text: text = 0
6.3577 	EXP 	text: height = 0.05
6.3577 	EXP 	text: height = 0.05
6.3577 	EXP 	text: height = 0.05
6.3577 	EXP 	text: text = 0
6.3626 	EXP 	text: height = 0.05
6.3626 	EXP 	text: height = 0.05
6.3626 	EXP 	text: height = 0.05
6.3626 	EXP 	text: text = 0
6.3674 	EXP 	text: height = 0.05
6.3674 	EXP 	text: height = 0.05
6.3674 	EXP 	text: height = 0.05
6.3674 	EXP 	text: text = 0
6.3726 	EXP 	text: height = 0.05
6.3726 	EXP 	text: height = 0.05
6.3726 	EXP 	text: height = 0.05
6.3726 	EXP 	text: text = 0
6.3779 	EXP 	text: height = 0.05
6.3779 	EXP 	text: height = 0.05
6.3779 	EXP 	text: height = 0.05
6.3779 	EXP 	text: text = 0
6.3984 	EXP 	text: height = 0.05
6.3984 	EXP 	text: height = 0.05
6.3984 	EXP 	text: height = 0.05
6.3984 	EXP 	text: text = 0
6.4051 	EXP 	text: height = 0.05
6.4051 	EXP 	text: height = 0.05
6.4051 	EXP 	text: height = 0.05
6.4051 	EXP 	text: text = 0
6.4105 	EXP 	text: height = 0.05
6.4105 	EXP 	text: height = 0.05
6.4105 	EXP 	text: height = 0.05
6.4105 	EXP 	text: text = 0
6.4187 	EXP 	text: height = 0.05
6.4187 	EXP 	text: height = 0.05
6.4187 	EXP 	text: height = 0.05
6.4187 	EXP 	text: text = 0
6.4239 	EXP 	text: height = 0.05
6.4239 	EXP 	text: height = 0.05
6.4239 	EXP 	text: height = 0.05
6.4239 	EXP 	text: text = 0
6.4315 	EXP 	text: height = 0.05
6.4315 	EXP 	text: height = 0.05
6.4315 	EXP 	text: height = 0.05
6.4315 	EXP 	text: text = 0
6.4365 	EXP 	text: height = 0.05
6.4365 	EXP 	text: height = 0.05
6.4365 	EXP 	text: height = 0.05
6.4365 	EXP 	text: text = 0
6.4440 	EXP 	text: height = 0.05
6.4440 	EXP 	text: height = 0.05
6.4440 	EXP 	text: height = 0.05
6.4440 	EXP 	text: text = 0
6.4501 	EXP 	text: height = 0.05
6.4501 	EXP 	text: height = 0.05
6.4501 	EXP 	text: height = 0.05
6.4501 	EXP 	text: text = 0
6.4583 	EXP 	text: height = 0.05
6.4583 	EXP 	text: height = 0.05
6.4583 	EXP 	text: height = 0.05
6.4583 	EXP 	text: text = 0
6.4631 	EXP 	text: height = 0.05
6.4631 	EXP 	text: height = 0.05
6.4631 	EXP 	text: height = 0.05
6.4631 	EXP 	text: text = 0
6.4697 	EXP 	text: height = 0.05
6.4697 	EXP 	text: height = 0.05
6.4697 	EXP 	text: height = 0.05
6.4697 	EXP 	text: text = 0
6.4741 	EXP 	text: height = 0.05
6.4741 	EXP 	text: height = 0.05
6.4741 	EXP 	text: height = 0.05
6.4741 	EXP 	text: text = 0
6.4799 	EXP 	text: height = 0.05
6.4799 	EXP 	text: height = 0.05
6.4799 	EXP 	text: height = 0.05
6.4799 	EXP 	text: text = 0
6.4846 	EXP 	text: height = 0.05
6.4846 	EXP 	text: height = 0.05
6.4846 	EXP 	text: height = 0.05
6.4846 	EXP 	text: text = 0
6.4897 	EXP 	text: height = 0.05
6.4897 	EXP 	text: height = 0.05
6.4897 	EXP 	text: height = 0.05
6.4897 	EXP 	text: text = 0
6.4955 	EXP 	text: height = 0.05
6.4955 	EXP 	text: height = 0.05
6.4955 	EXP 	text: height = 0.05
6.4955 	EXP 	text: text = 0
6.5004 	EXP 	text: height = 0.05
6.5004 	EXP 	text: height = 0.05
6.5004 	EXP 	text: height = 0.05
6.5004 	EXP 	text: text = 0
6.5050 	EXP 	text: height = 0.05
6.5050 	EXP 	text: height = 0.05
6.5050 	EXP 	text: height = 0.05
6.5050 	EXP 	text: text = 0
6.5093 	EXP 	text: height = 0.05
6.5093 	EXP 	text: height = 0.05
6.5093 	EXP 	text: height = 0.05
6.5093 	EXP 	text: text = 0
6.5136 	DATA 	Mouse: Left button down, pos=(954,899)
6.5145 	EXP 	text: height = 0.05
6.5145 	EXP 	text: height = 0.05
6.5145 	EXP 	text: height = 0.05
6.5145 	EXP 	text: text = 0
6.5191 	EXP 	text: height = 0.05
6.5191 	EXP 	text: height = 0.05
6.5191 	EXP 	text: height = 0.05
6.5191 	EXP 	text: text = 0
6.5238 	EXP 	text: height = 0.05
6.5238 	EXP 	text: height = 0.05
6.5238 	EXP 	text: height = 0.05
6.5238 	EXP 	text: text = 0
6.5287 	EXP 	text: height = 0.05
6.5287 	EXP 	text: height = 0.05
6.5287 	EXP 	text: height = 0.05
6.5287 	EXP 	text: text = 0
6.5332 	EXP 	text: height = 0.05
6.5332 	EXP 	text: height = 0.05
6.5332 	EXP 	text: height = 0.05
6.5332 	EXP 	text: text = 0
6.5378 	EXP 	text: height = 0.05
6.5378 	EXP 	text: height = 0.05
6.5378 	EXP 	text: height = 0.05
6.5378 	EXP 	text: text = 0
6.5424 	EXP 	text: height = 0.05
6.5424 	EXP 	text: height = 0.05
6.5424 	EXP 	text: height = 0.05
6.5424 	EXP 	text: text = 0
6.5469 	EXP 	text: height = 0.05
6.5469 	EXP 	text: height = 0.05
6.5469 	EXP 	text: height = 0.05
6.5469 	EXP 	text: text = 0
6.5513 	EXP 	text: height = 0.05
6.5513 	EXP 	text: height = 0.05
6.5513 	EXP 	text: height = 0.05
6.5513 	EXP 	text: text = 0
6.5558 	EXP 	text: height = 0.05
6.5558 	EXP 	text: height = 0.05
6.5558 	EXP 	text: height = 0.05
6.5558 	EXP 	text: text = 0
6.5605 	EXP 	text: height = 0.05
6.5605 	EXP 	text: height = 0.05
6.5605 	EXP 	text: height = 0.05
6.5605 	EXP 	text: text = 0
6.5652 	EXP 	text: height = 0.05
6.5652 	EXP 	text: height = 0.05
6.5652 	EXP 	text: height = 0.05
6.5652 	EXP 	text: text = 0
6.5698 	EXP 	text: height = 0.05
6.5698 	EXP 	text: height = 0.05
6.5698 	EXP 	text: height = 0.05
6.5698 	EXP 	text: text = 0
6.5755 	EXP 	text: height = 0.05
6.5755 	EXP 	text: height = 0.05
6.5755 	EXP 	text: height = 0.05
6.5755 	EXP 	text: text = 0
6.5814 	EXP 	text: height = 0.05
6.5814 	EXP 	text: height = 0.05
6.5814 	EXP 	text: height = 0.05
6.5814 	EXP 	text: text = 0
6.5866 	EXP 	text: height = 0.05
6.5866 	EXP 	text: height = 0.05
6.5866 	EXP 	text: height = 0.05
6.5866 	EXP 	text: text = 0
6.5918 	EXP 	text: height = 0.05
6.5918 	EXP 	text: height = 0.05
6.5918 	EXP 	text: height = 0.05
6.5918 	EXP 	text: text = 0
6.5958 	DATA 	Mouse:  Left button up, pos=(954,899)
6.5965 	EXP 	text: height = 0.05
6.5965 	EXP 	text: height = 0.05
6.5965 	EXP 	text: height = 0.05
6.5965 	EXP 	text: text = 0
6.6010 	EXP 	text: height = 0.05
6.6010 	EXP 	text: height = 0.05
6.6010 	EXP 	text: height = 0.05
6.6010 	EXP 	text: text = 0
6.6067 	EXP 	text: height = 0.05
6.6067 	EXP 	text: height = 0.05
6.6067 	EXP 	text: height = 0.05
6.6067 	EXP 	text: text = 0
6.6112 	EXP 	text: height = 0.05
6.6112 	EXP 	text: height = 0.05
6.6112 	EXP 	text: height = 0.05
6.6112 	EXP 	text: text = 0
6.6154 	EXP 	text: height = 0.05
6.6154 	EXP 	text: height = 0.05
6.6154 	EXP 	text: height = 0.05
6.6154 	EXP 	text: text = 0
6.6195 	EXP 	text: height = 0.05
6.6195 	EXP 	text: height = 0.05
6.6195 	EXP 	text: height = 0.05
6.6195 	EXP 	text: text = 0
6.6243 	EXP 	text: height = 0.05
6.6243 	EXP 	text: height = 0.05
6.6243 	EXP 	text: height = 0.05
6.6243 	EXP 	text: text = 0
6.6285 	EXP 	text: height = 0.05
6.6285 	EXP 	text: height = 0.05
6.6285 	EXP 	text: height = 0.05
6.6285 	EXP 	text: text = 0
6.6329 	EXP 	text: height = 0.05
6.6329 	EXP 	text: height = 0.05
6.6329 	EXP 	text: height = 0.05
6.6329 	EXP 	text: text = 0
6.6379 	EXP 	text: height = 0.05
6.6379 	EXP 	text: height = 0.05
6.6379 	EXP 	text: height = 0.05
6.6379 	EXP 	text: text = 0
6.6420 	EXP 	text: height = 0.05
6.6420 	EXP 	text: height = 0.05
6.6420 	EXP 	text: height = 0.05
6.6420 	EXP 	text: text = 0
6.6462 	EXP 	text: height = 0.05
6.6462 	EXP 	text: height = 0.05
6.6462 	EXP 	text: height = 0.05
6.6462 	EXP 	text: text = 0
6.6507 	EXP 	text: height = 0.05
6.6507 	EXP 	text: height = 0.05
6.6507 	EXP 	text: height = 0.05
6.6507 	EXP 	text: text = 0
6.6549 	EXP 	text: height = 0.05
6.6549 	EXP 	text: height = 0.05
6.6549 	EXP 	text: height = 0.05
6.6549 	EXP 	text: text = 0
6.6593 	EXP 	text: height = 0.05
6.6593 	EXP 	text: height = 0.05
6.6593 	EXP 	text: height = 0.05
6.6593 	EXP 	text: text = 0
6.6635 	EXP 	text: height = 0.05
6.6635 	EXP 	text: height = 0.05
6.6635 	EXP 	text: height = 0.05
6.6635 	EXP 	text: text = 0
6.6687 	EXP 	text: height = 0.05
6.6687 	EXP 	text: height = 0.05
6.6687 	EXP 	text: height = 0.05
6.6687 	EXP 	text: text = 0
6.6733 	EXP 	text: height = 0.05
6.6733 	EXP 	text: height = 0.05
6.6733 	EXP 	text: height = 0.05
6.6733 	EXP 	text: text = 0
6.6775 	EXP 	text: height = 0.05
6.6775 	EXP 	text: height = 0.05
6.6775 	EXP 	text: height = 0.05
6.6775 	EXP 	text: text = 0
6.6817 	EXP 	text: height = 0.05
6.6817 	EXP 	text: height = 0.05
6.6817 	EXP 	text: height = 0.05
6.6817 	EXP 	text: text = 0
6.6865 	EXP 	text: height = 0.05
6.6865 	EXP 	text: height = 0.05
6.6865 	EXP 	text: height = 0.05
6.6865 	EXP 	text: text = 0
6.6879 	DATA 	Keypress: s
6.6955 	EXP 	text: height = 0.05
6.6955 	EXP 	text: height = 0.05
6.6955 	EXP 	text: height = 0.05
6.6955 	EXP 	text: text = 0
6.7015 	EXP 	text: height = 0.05
6.7015 	EXP 	text: height = 0.05
6.7015 	EXP 	text: height = 0.05
6.7015 	EXP 	text: text = 1
6.7056 	EXP 	text: height = 0.05
6.7056 	EXP 	text: height = 0.05
6.7056 	EXP 	text: height = 0.05
6.7056 	EXP 	text: text = 1
6.7114 	EXP 	text: height = 0.05
6.7114 	EXP 	text: height = 0.05
6.7114 	EXP 	text: height = 0.05
6.7114 	EXP 	text: text = 1
6.7155 	EXP 	text: height = 0.05
6.7155 	EXP 	text: height = 0.05
6.7155 	EXP 	text: height = 0.05
6.7155 	EXP 	text: text = 1
6.7205 	EXP 	text: height = 0.05
6.7205 	EXP 	text: height = 0.05
6.7205 	EXP 	text: height = 0.05
6.7205 	EXP 	text: text = 1
6.7247 	EXP 	text: height = 0.05
6.7247 	EXP 	text: height = 0.05
6.7247 	EXP 	text: height = 0.05
6.7247 	EXP 	text: text = 1
6.7309 	EXP 	text: height = 0.05
6.7309 	EXP 	text: height = 0.05
6.7309 	EXP 	text: height = 0.05
6.7309 	EXP 	text: text = 1
6.7361 	EXP 	text: height = 0.05
6.7361 	EXP 	text: height = 0.05
6.7361 	EXP 	text: height = 0.05
6.7361 	EXP 	text: text = 1
6.7403 	EXP 	text: height = 0.05
6.7403 	EXP 	text: height = 0.05
6.7403 	EXP 	text: height = 0.05
6.7403 	EXP 	text: text = 1
6.7445 	EXP 	text: height = 0.05
6.7445 	EXP 	text: height = 0.05
6.7445 	EXP 	text: height = 0.05
6.7445 	EXP 	text: text = 1
6.7490 	EXP 	text: height = 0.05
6.7490 	EXP 	text: height = 0.05
6.7490 	EXP 	text: height = 0.05
6.7490 	EXP 	text: text = 1
6.7533 	EXP 	text: height = 0.05
6.7533 	EXP 	text: height = 0.05
6.7533 	EXP 	text: height = 0.05
6.7533 	EXP 	text: text = 1
6.7575 	EXP 	text: height = 0.05
6.7575 	EXP 	text: height = 0.05
6.7575 	EXP 	text: height = 0.05
6.7575 	EXP 	text: text = 1
6.7629 	EXP 	text: height = 0.05
6.7629 	EXP 	text: height = 0.05
6.7629 	EXP 	text: height = 0.05
6.7629 	EXP 	text: text = 1
6.7669 	EXP 	text: height = 0.05
6.7669 	EXP 	text: height = 0.05
6.7669 	EXP 	text: height = 0.05
6.7669 	EXP 	text: text = 1
6.7710 	EXP 	text: height = 0.05
6.7710 	EXP 	text: height = 0.05
6.7710 	EXP 	text: height = 0.05
6.7710 	EXP 	text: text = 1
6.7752 	EXP 	text: height = 0.05
6.7752 	EXP 	text: height = 0.05
6.7752 	EXP 	text: height = 0.05
6.7752 	EXP 	text: text = 1
6.7793 	EXP 	text: height = 0.05
6.7793 	EXP 	text: height = 0.05
6.7793 	EXP 	text: height = 0.05
6.7793 	EXP 	text: text = 1
6.7835 	EXP 	text: height = 0.05
6.7835 	EXP 	text: height = 0.05
6.7835 	EXP 	text: height = 0.05
6.7835 	EXP 	text: text = 1
6.7877 	EXP 	text: height = 0.05
6.7877 	EXP 	text: height = 0.05
6.7877 	EXP 	text: height = 0.05
6.7877 	EXP 	text: text = 1
6.7886 	DATA 	Keypress: a
6.7950 	EXP 	text: height = 0.05
6.7950 	EXP 	text: height = 0.05
6.7950 	EXP 	text: height = 0.05
6.7950 	EXP 	text: text = 1
6.7999 	EXP 	text: height = 0.05
6.7999 	EXP 	text: height = 0.05
6.7999 	EXP 	text: height = 0.05
6.7999 	EXP 	text: text = 1
6.8039 	EXP 	text: height = 0.05
6.8039 	EXP 	text: height = 0.05
6.8039 	EXP 	text: height = 0.05
6.8039 	EXP 	text: text = 1
6.8084 	EXP 	text: height = 0.05
6.8084 	EXP 	text: height = 0.05
6.8084 	EXP 	text: height = 0.05
6.8084 	EXP 	text: text = 1
6.8126 	EXP 	text: height = 0.05
6.8126 	EXP 	text: height = 0.05
6.8126 	EXP 	text: height = 0.05
6.8126 	EXP 	text: text = 1
6.8136 	DATA 	Keypress: d
6.8213 	EXP 	text: height = 0.05
6.8213 	EXP 	text: height = 0.05
6.8213 	EXP 	text: height = 0.05
6.8213 	EXP 	text: text = 1
6.8255 	EXP 	text: height = 0.05
6.8255 	EXP 	text: height = 0.05
6.8255 	EXP 	text: height = 0.05
6.8255 	EXP 	text: text = 1
6.8296 	EXP 	text: height = 0.05
6.8296 	EXP 	text: height = 0.05
6.8296 	EXP 	text: height = 0.05
6.8296 	EXP 	text: text = 1
6.8344 	EXP 	text: height = 0.05
6.8344 	EXP 	text: height = 0.05
6.8344 	EXP 	text: height = 0.05
6.8344 	EXP 	text: text = 1
6.8385 	EXP 	text: height = 0.05
6.8385 	EXP 	text: height = 0.05
6.8385 	EXP 	text: height = 0.05
6.8385 	EXP 	text: text = 1
6.8430 	EXP 	text: height = 0.05
6.8430 	EXP 	text: height = 0.05
6.8430 	EXP 	text: height = 0.05
6.8430 	EXP 	text: text = 1
6.8472 	EXP 	text: height = 0.05
6.8472 	EXP 	text: height = 0.05
6.8472 	EXP 	text: height = 0.05
6.8472 	EXP 	text: text = 1
6.8516 	EXP 	text: height = 0.05
6.8516 	EXP 	text: height = 0.05
6.8516 	EXP 	text: height = 0.05
6.8516 	EXP 	text: text = 1
6.8560 	EXP 	text: height = 0.05
6.8560 	EXP 	text: height = 0.05
6.8560 	EXP 	text: height = 0.05
6.8560 	EXP 	text: text = 1
6.8601 	EXP 	text: height = 0.05
6.8601 	EXP 	text: height = 0.05
6.8601 	EXP 	text: height = 0.05
6.8601 	EXP 	text: text = 1
6.8643 	EXP 	text: height = 0.05
6.8643 	EXP 	text: height = 0.05
6.8643 	EXP 	text: height = 0.05
6.8643 	EXP 	text: text = 1
6.8685 	EXP 	text: height = 0.05
6.8685 	EXP 	text: height = 0.05
6.8685 	EXP 	text: height = 0.05
6.8685 	EXP 	text: text = 1
6.8727 	EXP 	text: height = 0.05
6.8727 	EXP 	text: height = 0.05
6.8727 	EXP 	text: height = 0.05
6.8727 	EXP 	text: text = 1
6.8768 	EXP 	text: height = 0.05
6.8768 	EXP 	text: height = 0.05
6.8768 	EXP 	text: height = 0.05
6.8768 	EXP 	text: text = 1
6.8810 	EXP 	text: height = 0.05
6.8810 	EXP 	text: height = 0.05
6.8810 	EXP 	text: height = 0.05
6.8810 	EXP 	text: text = 1
6.8851 	EXP 	text: height = 0.05
6.8851 	EXP 	text: height = 0.05
6.8851 	EXP 	text: height = 0.05
6.8851 	EXP 	text: text = 1
6.8893 	EXP 	text: height = 0.05
6.8893 	EXP 	text: height = 0.05
6.8893 	EXP 	text: height = 0.05
6.8893 	EXP 	text: text = 1
6.8935 	EXP 	text: height = 0.05
6.8935 	EXP 	text: height = 0.05
6.8935 	EXP 	text: height = 0.05
6.8935 	EXP 	text: text = 1
6.8976 	EXP 	text: height = 0.05
6.8976 	EXP 	text: height = 0.05
6.8976 	EXP 	text: height = 0.05
6.8976 	EXP 	text: text = 1
6.9018 	EXP 	text: height = 0.05
6.9018 	EXP 	text: height = 0.05
6.9018 	EXP 	text: height = 0.05
6.9018 	EXP 	text: text = 1
6.9060 	EXP 	text: height = 0.05
6.9060 	EXP 	text: height = 0.05
6.9060 	EXP 	text: height = 0.05
6.9060 	EXP 	text: text = 1
6.9102 	EXP 	text: height = 0.05
6.9102 	EXP 	text: height = 0.05
6.9102 	EXP 	text: height = 0.05
6.9102 	EXP 	text: text = 1
6.9143 	EXP 	text: height = 0.05
6.9143 	EXP 	text: height = 0.05
6.9143 	EXP 	text: height = 0.05
6.9143 	EXP 	text: text = 1
6.9185 	EXP 	text: height = 0.05
6.9185 	EXP 	text: height = 0.05
6.9185 	EXP 	text: height = 0.05
6.9185 	EXP 	text: text = 1
6.9227 	EXP 	text: height = 0.05
6.9227 	EXP 	text: height = 0.05
6.9227 	EXP 	text: height = 0.05
6.9227 	EXP 	text: text = 1
6.9268 	EXP 	text: height = 0.05
6.9268 	EXP 	text: height = 0.05
6.9268 	EXP 	text: height = 0.05
6.9268 	EXP 	text: text = 1
6.9310 	EXP 	text: height = 0.05
6.9310 	EXP 	text: height = 0.05
6.9310 	EXP 	text: height = 0.05
6.9310 	EXP 	text: text = 1
6.9352 	EXP 	text: height = 0.05
6.9352 	EXP 	text: height = 0.05
6.9352 	EXP 	text: height = 0.05
6.9352 	EXP 	text: text = 1
6.9394 	EXP 	text: height = 0.05
6.9394 	EXP 	text: height = 0.05
6.9394 	EXP 	text: height = 0.05
6.9394 	EXP 	text: text = 1
6.9436 	EXP 	text: height = 0.05
6.9436 	EXP 	text: height = 0.05
6.9436 	EXP 	text: height = 0.05
6.9436 	EXP 	text: text = 1
6.9477 	EXP 	text: height = 0.05
6.9477 	EXP 	text: height = 0.05
6.9477 	EXP 	text: height = 0.05
6.9477 	EXP 	text: text = 1
6.9522 	EXP 	text: height = 0.05
6.9522 	EXP 	text: height = 0.05
6.9522 	EXP 	text: height = 0.05
6.9522 	EXP 	text: text = 1
6.9563 	EXP 	text: height = 0.05
6.9563 	EXP 	text: height = 0.05
6.9563 	EXP 	text: height = 0.05
6.9563 	EXP 	text: text = 1
6.9605 	EXP 	text: height = 0.05
6.9605 	EXP 	text: height = 0.05
6.9605 	EXP 	text: height = 0.05
6.9605 	EXP 	text: text = 1
6.9647 	EXP 	text: height = 0.05
6.9647 	EXP 	text: height = 0.05
6.9647 	EXP 	text: height = 0.05
6.9647 	EXP 	text: text = 1
6.9688 	EXP 	text: height = 0.05
6.9688 	EXP 	text: height = 0.05
6.9688 	EXP 	text: height = 0.05
6.9688 	EXP 	text: text = 1
6.9730 	EXP 	text: height = 0.05
6.9730 	EXP 	text: height = 0.05
6.9730 	EXP 	text: height = 0.05
6.9730 	EXP 	text: text = 1
6.9772 	EXP 	text: height = 0.05
6.9772 	EXP 	text: height = 0.05
6.9772 	EXP 	text: height = 0.05
6.9772 	EXP 	text: text = 1
6.9813 	EXP 	text: height = 0.05
6.9813 	EXP 	text: height = 0.05
6.9813 	EXP 	text: height = 0.05
6.9813 	EXP 	text: text = 1
6.9855 	EXP 	text: height = 0.05
6.9855 	EXP 	text: height = 0.05
6.9855 	EXP 	text: height = 0.05
6.9855 	EXP 	text: text = 1
6.9897 	EXP 	text: height = 0.05
6.9897 	EXP 	text: height = 0.05
6.9897 	EXP 	text: height = 0.05
6.9897 	EXP 	text: text = 1
6.9941 	EXP 	text: height = 0.05
6.9941 	EXP 	text: height = 0.05
6.9941 	EXP 	text: height = 0.05
6.9941 	EXP 	text: text = 1
6.9982 	EXP 	text: height = 0.05
6.9982 	EXP 	text: height = 0.05
6.9982 	EXP 	text: height = 0.05
6.9982 	EXP 	text: text = 1
7.0023 	EXP 	text: height = 0.05
7.0023 	EXP 	text: height = 0.05
7.0023 	EXP 	text: height = 0.05
7.0023 	EXP 	text: text = 1
7.0065 	EXP 	text: height = 0.05
7.0065 	EXP 	text: height = 0.05
7.0065 	EXP 	text: height = 0.05
7.0065 	EXP 	text: text = 1
7.0107 	EXP 	text: height = 0.05
7.0107 	EXP 	text: height = 0.05
7.0107 	EXP 	text: height = 0.05
7.0107 	EXP 	text: text = 1
7.0149 	EXP 	text: height = 0.05
7.0149 	EXP 	text: height = 0.05
7.0149 	EXP 	text: height = 0.05
7.0149 	EXP 	text: text = 1
7.0190 	EXP 	text: height = 0.05
7.0190 	EXP 	text: height = 0.05
7.0190 	EXP 	text: height = 0.05
7.0190 	EXP 	text: text = 1
7.0232 	EXP 	text: height = 0.05
7.0232 	EXP 	text: height = 0.05
7.0232 	EXP 	text: height = 0.05
7.0232 	EXP 	text: text = 1
7.0274 	EXP 	text: height = 0.05
7.0274 	EXP 	text: height = 0.05
7.0274 	EXP 	text: height = 0.05
7.0274 	EXP 	text: text = 1
7.0315 	EXP 	text: height = 0.05
7.0315 	EXP 	text: height = 0.05
7.0315 	EXP 	text: height = 0.05
7.0315 	EXP 	text: text = 1
7.0357 	EXP 	text: height = 0.05
7.0357 	EXP 	text: height = 0.05
7.0357 	EXP 	text: height = 0.05
7.0357 	EXP 	text: text = 1
7.0412 	EXP 	text: height = 0.05
7.0412 	EXP 	text: height = 0.05
7.0412 	EXP 	text: height = 0.05
7.0412 	EXP 	text: text = 1
7.0458 	EXP 	text: height = 0.05
7.0458 	EXP 	text: height = 0.05
7.0458 	EXP 	text: height = 0.05
7.0458 	EXP 	text: text = 1
7.0500 	EXP 	text: height = 0.05
7.0500 	EXP 	text: height = 0.05
7.0500 	EXP 	text: height = 0.05
7.0500 	EXP 	text: text = 1
7.0541 	EXP 	text: height = 0.05
7.0541 	EXP 	text: height = 0.05
7.0541 	EXP 	text: height = 0.05
7.0541 	EXP 	text: text = 1
7.0583 	EXP 	text: height = 0.05
7.0583 	EXP 	text: height = 0.05
7.0583 	EXP 	text: height = 0.05
7.0583 	EXP 	text: text = 1
7.0625 	EXP 	text: height = 0.05
7.0625 	EXP 	text: height = 0.05
7.0625 	EXP 	text: height = 0.05
7.0625 	EXP 	text: text = 1
7.0666 	EXP 	text: height = 0.05
7.0666 	EXP 	text: height = 0.05
7.0666 	EXP 	text: height = 0.05
7.0666 	EXP 	text: text = 1
7.0708 	EXP 	text: height = 0.05
7.0708 	EXP 	text: height = 0.05
7.0708 	EXP 	text: height = 0.05
7.0708 	EXP 	text: text = 1
7.0750 	EXP 	text: height = 0.05
7.0750 	EXP 	text: height = 0.05
7.0750 	EXP 	text: height = 0.05
7.0750 	EXP 	text: text = 1
7.0792 	EXP 	text: height = 0.05
7.0792 	EXP 	text: height = 0.05
7.0792 	EXP 	text: height = 0.05
7.0792 	EXP 	text: text = 1
7.0834 	EXP 	text: height = 0.05
7.0834 	EXP 	text: height = 0.05
7.0834 	EXP 	text: height = 0.05
7.0834 	EXP 	text: text = 1
7.0880 	EXP 	text: height = 0.05
7.0880 	EXP 	text: height = 0.05
7.0880 	EXP 	text: height = 0.05
7.0880 	EXP 	text: text = 1
7.0919 	EXP 	text: height = 0.05
7.0919 	EXP 	text: height = 0.05
7.0919 	EXP 	text: height = 0.05
7.0919 	EXP 	text: text = 1
7.0961 	EXP 	text: height = 0.05
7.0961 	EXP 	text: height = 0.05
7.0961 	EXP 	text: height = 0.05
7.0961 	EXP 	text: text = 1
7.0991 	DATA 	Keypress: space
7.1030 	EXP 	text: height = 0.05
7.1030 	EXP 	text: height = 0.05
7.1030 	EXP 	text: height = 0.05
7.1030 	EXP 	text: text = 1
7.1072 	EXP 	text: height = 0.05
7.1072 	EXP 	text: height = 0.05
7.1072 	EXP 	text: height = 0.05
7.1072 	EXP 	text: text = 1
7.1114 	EXP 	text: height = 0.05
7.1114 	EXP 	text: height = 0.05
7.1114 	EXP 	text: height = 0.05
7.1114 	EXP 	text: text = 1
7.1160 	EXP 	text: height = 0.05
7.1160 	EXP 	text: height = 0.05
7.1160 	EXP 	text: height = 0.05
7.1160 	EXP 	text: text = 1
7.1201 	EXP 	text: height = 0.05
7.1201 	EXP 	text: height = 0.05
7.1201 	EXP 	text: height = 0.05
7.1201 	EXP 	text: text = 1
7.1245 	EXP 	text: height = 0.05
7.1245 	EXP 	text: height = 0.05
7.1245 	EXP 	text: height = 0.05
7.1245 	EXP 	text: text = 1
7.1287 	EXP 	text: height = 0.05
7.1287 	EXP 	text: height = 0.05
7.1287 	EXP 	text: height = 0.05
7.1287 	EXP 	text: text = 1
7.1339 	EXP 	text: height = 0.05
7.1339 	EXP 	text: height = 0.05
7.1339 	EXP 	text: height = 0.05
7.1339 	EXP 	text: text = 1
7.1377 	EXP 	text: height = 0.05
7.1377 	EXP 	text: height = 0.05
7.1377 	EXP 	text: height = 0.05
7.1377 	EXP 	text: text = 1
7.1419 	EXP 	text: height = 0.05
7.1419 	EXP 	text: height = 0.05
7.1419 	EXP 	text: height = 0.05
7.1419 	EXP 	text: text = 1
7.1460 	EXP 	text: height = 0.05
7.1460 	EXP 	text: height = 0.05
7.1460 	EXP 	text: height = 0.05
7.1460 	EXP 	text: text = 1
7.1502 	EXP 	text: height = 0.05
7.1502 	EXP 	text: height = 0.05
7.1502 	EXP 	text: height = 0.05
7.1502 	EXP 	text: text = 1
7.1544 	EXP 	text: height = 0.05
7.1544 	EXP 	text: height = 0.05
7.1544 	EXP 	text: height = 0.05
7.1544 	EXP 	text: text = 1
7.1586 	EXP 	text: height = 0.05
7.1586 	EXP 	text: height = 0.05
7.1586 	EXP 	text: height = 0.05
7.1586 	EXP 	text: text = 1
7.1627 	EXP 	text: height = 0.05
7.1627 	EXP 	text: height = 0.05
7.1627 	EXP 	text: height = 0.05
7.1627 	EXP 	text: text = 1
7.1669 	EXP 	text: height = 0.05
7.1669 	EXP 	text: height = 0.05
7.1669 	EXP 	text: height = 0.05
7.1669 	EXP 	text: text = 1
7.1711 	EXP 	text: height = 0.05
7.1711 	EXP 	text: height = 0.05
7.1711 	EXP 	text: height = 0.05
7.1711 	EXP 	text: text = 1
7.1752 	EXP 	text: height = 0.05
7.1752 	EXP 	text: height = 0.05
7.1752 	EXP 	text: height = 0.05
7.1752 	EXP 	text: text = 1
7.1804 	EXP 	text: height = 0.05
7.1804 	EXP 	text: height = 0.05
7.1804 	EXP 	text: height = 0.05
7.1804 	EXP 	text: text = 1
7.1845 	EXP 	text: height = 0.05
7.1845 	EXP 	text: height = 0.05
7.1845 	EXP 	text: height = 0.05
7.1845 	EXP 	text: text = 1
7.1855 	DATA 	Keypress: a
7.1888 	EXP 	text: height = 0.05
7.1888 	EXP 	text: height = 0.05
7.1888 	EXP 	text: height = 0.05
7.1888 	EXP 	text: text = 1
7.1932 	EXP 	text: height = 0.05
7.1932 	EXP 	text: height = 0.05
7.1932 	EXP 	text: height = 0.05
7.1932 	EXP 	text: text = 2
7.1973 	EXP 	text: height = 0.05
7.1973 	EXP 	text: height = 0.05
7.1973 	EXP 	text: height = 0.05
7.1973 	EXP 	text: text = 2
7.2015 	EXP 	text: height = 0.05
7.2015 	EXP 	text: height = 0.05
7.2015 	EXP 	text: height = 0.05
7.2015 	EXP 	text: text = 2
7.2057 	EXP 	text: height = 0.05
7.2057 	EXP 	text: height = 0.05
7.2057 	EXP 	text: height = 0.05
7.2057 	EXP 	text: text = 2
7.2099 	EXP 	text: height = 0.05
7.2099 	EXP 	text: height = 0.05
7.2099 	EXP 	text: height = 0.05
7.2099 	EXP 	text: text = 2
7.2140 	EXP 	text: height = 0.05
7.2140 	EXP 	text: height = 0.05
7.2140 	EXP 	text: height = 0.05
7.2140 	EXP 	text: text = 2
7.2182 	EXP 	text: height = 0.05
7.2182 	EXP 	text: height = 0.05
7.2182 	EXP 	text: height = 0.05
7.2182 	EXP 	text: text = 2
7.2224 	EXP 	text: height = 0.05
7.2224 	EXP 	text: height = 0.05
7.2224 	EXP 	text: height = 0.05
7.2224 	EXP 	text: text = 2
7.2275 	EXP 	text: height = 0.05
7.2275 	EXP 	text: height = 0.05
7.2275 	EXP 	text: height = 0.05
7.2275 	EXP 	text: text = 2
7.2322 	EXP 	text: height = 0.05
7.2322 	EXP 	text: height = 0.05
7.2322 	EXP 	text: height = 0.05
7.2322 	EXP 	text: text = 2
7.2364 	EXP 	text: height = 0.05
7.2364 	EXP 	text: height = 0.05
7.2364 	EXP 	text: height = 0.05
7.2364 	EXP 	text: text = 2
7.2406 	EXP 	text: height = 0.05
7.2406 	EXP 	text: height = 0.05
7.2406 	EXP 	text: height = 0.05
7.2406 	EXP 	text: text = 2
7.2455 	EXP 	text: height = 0.05
7.2455 	EXP 	text: height = 0.05
7.2455 	EXP 	text: height = 0.05
7.2455 	EXP 	text: text = 2
7.2496 	EXP 	text: height = 0.05
7.2496 	EXP 	text: height = 0.05
7.2496 	EXP 	text: height = 0.05
7.2496 	EXP 	text: text = 2
7.2538 	EXP 	text: height = 0.05
7.2538 	EXP 	text: height = 0.05
7.2538 	EXP 	text: height = 0.05
7.2538 	EXP 	text: text = 2
7.2580 	EXP 	text: height = 0.05
7.2580 	EXP 	text: height = 0.05
7.2580 	EXP 	text: height = 0.05
7.2580 	EXP 	text: text = 2
7.2621 	EXP 	text: height = 0.05
7.2621 	EXP 	text: height = 0.05
7.2621 	EXP 	text: height = 0.05
7.2621 	EXP 	text: text = 2
7.2630 	DATA 	Keypress: s
7.2664 	EXP 	text: height = 0.05
7.2664 	EXP 	text: height = 0.05
7.2664 	EXP 	text: height = 0.05
7.2664 	EXP 	text: text = 2
7.2706 	EXP 	text: height = 0.05
7.2706 	EXP 	text: height = 0.05
7.2706 	EXP 	text: height = 0.05
7.2706 	EXP 	text: text = 2
7.2753 	EXP 	text: height = 0.05
7.2753 	EXP 	text: height = 0.05
7.2753 	EXP 	text: height = 0.05
7.2753 	EXP 	text: text = 2
7.2796 	EXP 	text: height = 0.05
7.2796 	EXP 	text: height = 0.05
7.2796 	EXP 	text: height = 0.05
7.2796 	EXP 	text: text = 2
7.2835 	EXP 	text: height = 0.05
7.2835 	EXP 	text: height = 0.05
7.2835 	EXP 	text: height = 0.05
7.2835 	EXP 	text: text = 2
7.2877 	EXP 	text: height = 0.05
7.2877 	EXP 	text: height = 0.05
7.2877 	EXP 	text: height = 0.05
7.2877 	EXP 	text: text = 2
7.2919 	EXP 	text: height = 0.05
7.2919 	EXP 	text: height = 0.05
7.2919 	EXP 	text: height = 0.05
7.2919 	EXP 	text: text = 2
7.2960 	EXP 	text: height = 0.05
7.2960 	EXP 	text: height = 0.05
7.2960 	EXP 	text: height = 0.05
7.2960 	EXP 	text: text = 2
7.3002 	EXP 	text: height = 0.05
7.3002 	EXP 	text: height = 0.05
7.3002 	EXP 	text: height = 0.05
7.3002 	EXP 	text: text = 2
7.3044 	EXP 	text: height = 0.05
7.3044 	EXP 	text: height = 0.05
7.3044 	EXP 	text: height = 0.05
7.3044 	EXP 	text: text = 2
7.3086 	EXP 	text: height = 0.05
7.3086 	EXP 	text: height = 0.05
7.3086 	EXP 	text: height = 0.05
7.3086 	EXP 	text: text = 2
7.3128 	EXP 	text: height = 0.05
7.3128 	EXP 	text: height = 0.05
7.3128 	EXP 	text: height = 0.05
7.3128 	EXP 	text: text = 2
7.3169 	EXP 	text: height = 0.05
7.3169 	EXP 	text: height = 0.05
7.3169 	EXP 	text: height = 0.05
7.3169 	EXP 	text: text = 2
7.3201 	DATA 	Keypress: d
7.3224 	EXP 	text: height = 0.05
7.3224 	EXP 	text: height = 0.05
7.3224 	EXP 	text: height = 0.05
7.3224 	EXP 	text: text = 2
7.3268 	EXP 	text: height = 0.05
7.3268 	EXP 	text: height = 0.05
7.3268 	EXP 	text: height = 0.05
7.3268 	EXP 	text: text = 2
7.3310 	EXP 	text: height = 0.05
7.3310 	EXP 	text: height = 0.05
7.3310 	EXP 	text: height = 0.05
7.3310 	EXP 	text: text = 2
7.3351 	EXP 	text: height = 0.05
7.3351 	EXP 	text: height = 0.05
7.3351 	EXP 	text: height = 0.05
7.3351 	EXP 	text: text = 2
7.3395 	EXP 	text: height = 0.05
7.3395 	EXP 	text: height = 0.05
7.3395 	EXP 	text: height = 0.05
7.3395 	EXP 	text: text = 2
7.3437 	EXP 	text: height = 0.05
7.3437 	EXP 	text: height = 0.05
7.3437 	EXP 	text: height = 0.05
7.3437 	EXP 	text: text = 2
7.3478 	EXP 	text: height = 0.05
7.3478 	EXP 	text: height = 0.05
7.3478 	EXP 	text: height = 0.05
7.3478 	EXP 	text: text = 2
7.3520 	EXP 	text: height = 0.05
7.3520 	EXP 	text: height = 0.05
7.3520 	EXP 	text: height = 0.05
7.3520 	EXP 	text: text = 2
7.3562 	EXP 	text: height = 0.05
7.3562 	EXP 	text: height = 0.05
7.3562 	EXP 	text: height = 0.05
7.3562 	EXP 	text: text = 2
7.3603 	EXP 	text: height = 0.05
7.3603 	EXP 	text: height = 0.05
7.3603 	EXP 	text: height = 0.05
7.3603 	EXP 	text: text = 2
7.3652 	EXP 	text: height = 0.05
7.3652 	EXP 	text: height = 0.05
7.3652 	EXP 	text: height = 0.05
7.3652 	EXP 	text: text = 2
7.3699 	EXP 	text: height = 0.05
7.3699 	EXP 	text: height = 0.05
7.3699 	EXP 	text: height = 0.05
7.3699 	EXP 	text: text = 2
7.3743 	EXP 	text: height = 0.05
7.3743 	EXP 	text: height = 0.05
7.3743 	EXP 	text: height = 0.05
7.3743 	EXP 	text: text = 2
7.3782 	EXP 	text: height = 0.05
7.3782 	EXP 	text: height = 0.05
7.3782 	EXP 	text: height = 0.05
7.3782 	EXP 	text: text = 2
7.3824 	EXP 	text: height = 0.05
7.3824 	EXP 	text: height = 0.05
7.3824 	EXP 	text: height = 0.05
7.3824 	EXP 	text: text = 2
7.3865 	EXP 	text: height = 0.05
7.3865 	EXP 	text: height = 0.05
7.3865 	EXP 	text: height = 0.05
7.3865 	EXP 	text: text = 2
7.3907 	EXP 	text: height = 0.05
7.3907 	EXP 	text: height = 0.05
7.3907 	EXP 	text: height = 0.05
7.3907 	EXP 	text: text = 2
7.3949 	EXP 	text: height = 0.05
7.3949 	EXP 	text: height = 0.05
7.3949 	EXP 	text: height = 0.05
7.3949 	EXP 	text: text = 2
7.3991 	EXP 	text: height = 0.05
7.3991 	EXP 	text: height = 0.05
7.3991 	EXP 	text: height = 0.05
7.3991 	EXP 	text: text = 2
7.4032 	EXP 	text: height = 0.05
7.4032 	EXP 	text: height = 0.05
7.4032 	EXP 	text: height = 0.05
7.4032 	EXP 	text: text = 2
7.4074 	EXP 	text: height = 0.05
7.4074 	EXP 	text: height = 0.05
7.4074 	EXP 	text: height = 0.05
7.4074 	EXP 	text: text = 2
7.4116 	EXP 	text: height = 0.05
7.4116 	EXP 	text: height = 0.05
7.4116 	EXP 	text: height = 0.05
7.4116 	EXP 	text: text = 2
7.4168 	EXP 	text: height = 0.05
7.4168 	EXP 	text: height = 0.05
7.4168 	EXP 	text: height = 0.05
7.4168 	EXP 	text: text = 2
7.4213 	EXP 	text: height = 0.05
7.4213 	EXP 	text: height = 0.05
7.4213 	EXP 	text: height = 0.05
7.4213 	EXP 	text: text = 2
7.4254 	EXP 	text: height = 0.05
7.4254 	EXP 	text: height = 0.05
7.4254 	EXP 	text: height = 0.05
7.4254 	EXP 	text: text = 2
7.4296 	EXP 	text: height = 0.05
7.4296 	EXP 	text: height = 0.05
7.4296 	EXP 	text: height = 0.05
7.4296 	EXP 	text: text = 2
7.4338 	EXP 	text: height = 0.05
7.4338 	EXP 	text: height = 0.05
7.4338 	EXP 	text: height = 0.05
7.4338 	EXP 	text: text = 2
7.4379 	EXP 	text: height = 0.05
7.4379 	EXP 	text: height = 0.05
7.4379 	EXP 	text: height = 0.05
7.4379 	EXP 	text: text = 2
7.4421 	EXP 	text: height = 0.05
7.4421 	EXP 	text: height = 0.05
7.4421 	EXP 	text: height = 0.05
7.4421 	EXP 	text: text = 2
7.4463 	EXP 	text: height = 0.05
7.4463 	EXP 	text: height = 0.05
7.4463 	EXP 	text: height = 0.05
7.4463 	EXP 	text: text = 2
7.4504 	EXP 	text: height = 0.05
7.4504 	EXP 	text: height = 0.05
7.4504 	EXP 	text: height = 0.05
7.4504 	EXP 	text: text = 2
7.4546 	EXP 	text: height = 0.05
7.4546 	EXP 	text: height = 0.05
7.4546 	EXP 	text: height = 0.05
7.4546 	EXP 	text: text = 2
7.4589 	EXP 	text: height = 0.05
7.4589 	EXP 	text: height = 0.05
7.4589 	EXP 	text: height = 0.05
7.4589 	EXP 	text: text = 2
7.4636 	EXP 	text: height = 0.05
7.4636 	EXP 	text: height = 0.05
7.4636 	EXP 	text: height = 0.05
7.4636 	EXP 	text: text = 2
7.4680 	EXP 	text: height = 0.05
7.4680 	EXP 	text: height = 0.05
7.4680 	EXP 	text: height = 0.05
7.4680 	EXP 	text: text = 2
7.4720 	EXP 	text: height = 0.05
7.4720 	EXP 	text: height = 0.05
7.4720 	EXP 	text: height = 0.05
7.4720 	EXP 	text: text = 2
7.4762 	EXP 	text: height = 0.05
7.4762 	EXP 	text: height = 0.05
7.4762 	EXP 	text: height = 0.05
7.4762 	EXP 	text: text = 2
7.4804 	EXP 	text: height = 0.05
7.4804 	EXP 	text: height = 0.05
7.4804 	EXP 	text: height = 0.05
7.4804 	EXP 	text: text = 2
7.4846 	EXP 	text: height = 0.05
7.4846 	EXP 	text: height = 0.05
7.4846 	EXP 	text: height = 0.05
7.4846 	EXP 	text: text = 2
7.4887 	EXP 	text: height = 0.05
7.4887 	EXP 	text: height = 0.05
7.4887 	EXP 	text: height = 0.05
7.4887 	EXP 	text: text = 2
7.4929 	EXP 	text: height = 0.05
7.4929 	EXP 	text: height = 0.05
7.4929 	EXP 	text: height = 0.05
7.4929 	EXP 	text: text = 2
7.4971 	EXP 	text: height = 0.05
7.4971 	EXP 	text: height = 0.05
7.4971 	EXP 	text: height = 0.05
7.4971 	EXP 	text: text = 2
7.5012 	EXP 	text: height = 0.05
7.5012 	EXP 	text: height = 0.05
7.5012 	EXP 	text: height = 0.05
7.5012 	EXP 	text: text = 2
7.5054 	EXP 	text: height = 0.05
7.5054 	EXP 	text: height = 0.05
7.5054 	EXP 	text: height = 0.05
7.5054 	EXP 	text: text = 2
7.5110 	EXP 	text: height = 0.05
7.5110 	EXP 	text: height = 0.05
7.5110 	EXP 	text: height = 0.05
7.5110 	EXP 	text: text = 2
7.5150 	EXP 	text: height = 0.05
7.5150 	EXP 	text: height = 0.05
7.5150 	EXP 	text: height = 0.05
7.5150 	EXP 	text: text = 2
7.5188 	EXP 	text: height = 0.05
7.5188 	EXP 	text: height = 0.05
7.5188 	EXP 	text: height = 0.05
7.5188 	EXP 	text: text = 2
7.5230 	EXP 	text: height = 0.05
7.5230 	EXP 	text: height = 0.05
7.5230 	EXP 	text: height = 0.05
7.5230 	EXP 	text: text = 2
7.5272 	EXP 	text: height = 0.05
7.5272 	EXP 	text: height = 0.05
7.5272 	EXP 	text: height = 0.05
7.5272 	EXP 	text: text = 2
7.5314 	EXP 	text: height = 0.05
7.5314 	EXP 	text: height = 0.05
7.5314 	EXP 	text: height = 0.05
7.5314 	EXP 	text: text = 2
7.5355 	EXP 	text: height = 0.05
7.5355 	EXP 	text: height = 0.05
7.5355 	EXP 	text: height = 0.05
7.5355 	EXP 	text: text = 2
7.5397 	EXP 	text: height = 0.05
7.5397 	EXP 	text: height = 0.05
7.5397 	EXP 	text: height = 0.05
7.5397 	EXP 	text: text = 2
7.5439 	EXP 	text: height = 0.05
7.5439 	EXP 	text: height = 0.05
7.5439 	EXP 	text: height = 0.05
7.5439 	EXP 	text: text = 2
7.5480 	EXP 	text: height = 0.05
7.5480 	EXP 	text: height = 0.05
7.5480 	EXP 	text: height = 0.05
7.5480 	EXP 	text: text = 2
7.5511 	DATA 	Keypress: space
7.5522 	EXP 	text: height = 0.05
7.5522 	EXP 	text: height = 0.05
7.5522 	EXP 	text: height = 0.05
7.5522 	EXP 	text: text = 2
7.5569 	EXP 	text: height = 0.05
7.5569 	EXP 	text: height = 0.05
7.5569 	EXP 	text: height = 0.05
7.5569 	EXP 	text: text = 2
7.5608 	EXP 	text: height = 0.05
7.5608 	EXP 	text: height = 0.05
7.5608 	EXP 	text: height = 0.05
7.5608 	EXP 	text: text = 2
7.5650 	EXP 	text: height = 0.05
7.5650 	EXP 	text: height = 0.05
7.5650 	EXP 	text: height = 0.05
7.5650 	EXP 	text: text = 2
7.5691 	EXP 	text: height = 0.05
7.5691 	EXP 	text: height = 0.05
7.5691 	EXP 	text: height = 0.05
7.5691 	EXP 	text: text = 2
7.5733 	EXP 	text: height = 0.05
7.5733 	EXP 	text: height = 0.05
7.5733 	EXP 	text: height = 0.05
7.5733 	EXP 	text: text = 2
7.5775 	EXP 	text: height = 0.05
7.5775 	EXP 	text: height = 0.05
7.5775 	EXP 	text: height = 0.05
7.5775 	EXP 	text: text = 2
7.5817 	EXP 	text: height = 0.05
7.5817 	EXP 	text: height = 0.05
7.5817 	EXP 	text: height = 0.05
7.5817 	EXP 	text: text = 2
7.5858 	EXP 	text: height = 0.05
7.5858 	EXP 	text: height = 0.05
7.5858 	EXP 	text: height = 0.05
7.5858 	EXP 	text: text = 2
7.5900 	EXP 	text: height = 0.05
7.5900 	EXP 	text: height = 0.05
7.5900 	EXP 	text: height = 0.05
7.5900 	EXP 	text: text = 2
7.5932 	DATA 	Keypress: a
7.5945 	EXP 	text: height = 0.05
7.5945 	EXP 	text: height = 0.05
7.5945 	EXP 	text: height = 0.05
7.5945 	EXP 	text: text = 2
7.5995 	EXP 	text: height = 0.05
7.5995 	EXP 	text: height = 0.05
7.5995 	EXP 	text: height = 0.05
7.5995 	EXP 	text: text = 3
7.6037 	EXP 	text: height = 0.05
7.6037 	EXP 	text: height = 0.05
7.6037 	EXP 	text: height = 0.05
7.6037 	EXP 	text: text = 3
7.6079 	EXP 	text: height = 0.05
7.6079 	EXP 	text: height = 0.05
7.6079 	EXP 	text: height = 0.05
7.6079 	EXP 	text: text = 3
7.6120 	EXP 	text: height = 0.05
7.6120 	EXP 	text: height = 0.05
7.6120 	EXP 	text: height = 0.05
7.6120 	EXP 	text: text = 3
7.6162 	EXP 	text: height = 0.05
7.6162 	EXP 	text: height = 0.05
7.6162 	EXP 	text: height = 0.05
7.6162 	EXP 	text: text = 3
7.6211 	EXP 	text: height = 0.05
7.6211 	EXP 	text: height = 0.05
7.6211 	EXP 	text: height = 0.05
7.6211 	EXP 	text: text = 3
7.6251 	EXP 	text: height = 0.05
7.6251 	EXP 	text: height = 0.05
7.6251 	EXP 	text: height = 0.05
7.6251 	EXP 	text: text = 3
7.6293 	EXP 	text: height = 0.05
7.6293 	EXP 	text: height = 0.05
7.6293 	EXP 	text: height = 0.05
7.6293 	EXP 	text: text = 3
7.6335 	EXP 	text: height = 0.05
7.6335 	EXP 	text: height = 0.05
7.6335 	EXP 	text: height = 0.05
7.6335 	EXP 	text: text = 3
7.6376 	EXP 	text: height = 0.05
7.6376 	EXP 	text: height = 0.05
7.6376 	EXP 	text: height = 0.05
7.6376 	EXP 	text: text = 3
7.6418 	EXP 	text: height = 0.05
7.6418 	EXP 	text: height = 0.05
7.6418 	EXP 	text: height = 0.05
7.6418 	EXP 	text: text = 3
7.6460 	EXP 	text: height = 0.05
7.6460 	EXP 	text: height = 0.05
7.6460 	EXP 	text: height = 0.05
7.6460 	EXP 	text: text = 3
7.6516 	EXP 	text: height = 0.05
7.6516 	EXP 	text: height = 0.05
7.6516 	EXP 	text: height = 0.05
7.6516 	EXP 	text: text = 3
7.6560 	EXP 	text: height = 0.05
7.6560 	EXP 	text: height = 0.05
7.6560 	EXP 	text: height = 0.05
7.6560 	EXP 	text: text = 3
7.6602 	EXP 	text: height = 0.05
7.6602 	EXP 	text: height = 0.05
7.6602 	EXP 	text: height = 0.05
7.6602 	EXP 	text: text = 3
7.6643 	EXP 	text: height = 0.05
7.6643 	EXP 	text: height = 0.05
7.6643 	EXP 	text: height = 0.05
7.6643 	EXP 	text: text = 3
7.6685 	EXP 	text: height = 0.05
7.6685 	EXP 	text: height = 0.05
7.6685 	EXP 	text: height = 0.05
7.6685 	EXP 	text: text = 3
7.6727 	EXP 	text: height = 0.05
7.6727 	EXP 	text: height = 0.05
7.6727 	EXP 	text: height = 0.05
7.6727 	EXP 	text: text = 3
7.6769 	EXP 	text: height = 0.05
7.6769 	EXP 	text: height = 0.05
7.6769 	EXP 	text: height = 0.05
7.6769 	EXP 	text: text = 3
7.6825 	EXP 	text: height = 0.05
7.6825 	EXP 	text: height = 0.05
7.6825 	EXP 	text: height = 0.05
7.6825 	EXP 	text: text = 3
7.6866 	EXP 	text: height = 0.05
7.6866 	EXP 	text: height = 0.05
7.6866 	EXP 	text: height = 0.05
7.6866 	EXP 	text: text = 3
7.6876 	DATA 	Keypress: s
7.6908 	EXP 	text: height = 0.05
7.6908 	EXP 	text: height = 0.05
7.6908 	EXP 	text: height = 0.05
7.6908 	EXP 	text: text = 3
7.6950 	EXP 	text: height = 0.05
7.6950 	EXP 	text: height = 0.05
7.6950 	EXP 	text: height = 0.05
7.6950 	EXP 	text: text = 3
7.6991 	EXP 	text: height = 0.05
7.6991 	EXP 	text: height = 0.05
7.6991 	EXP 	text: height = 0.05
7.6991 	EXP 	text: text = 3
7.7033 	EXP 	text: height = 0.05
7.7033 	EXP 	text: height = 0.05
7.7033 	EXP 	text: height = 0.05
7.7033 	EXP 	text: text = 3
7.7075 	EXP 	text: height = 0.05
7.7075 	EXP 	text: height = 0.05
7.7075 	EXP 	text: height = 0.05
7.7075 	EXP 	text: text = 3
7.7123 	EXP 	text: height = 0.05
7.7123 	EXP 	text: height = 0.05
7.7123 	EXP 	text: height = 0.05
7.7123 	EXP 	text: text = 3
7.7159 	EXP 	text: height = 0.05
7.7159 	EXP 	text: height = 0.05
7.7159 	EXP 	text: height = 0.05
7.7159 	EXP 	text: text = 3
7.7200 	EXP 	text: height = 0.05
7.7200 	EXP 	text: height = 0.05
7.7200 	EXP 	text: height = 0.05
7.7200 	EXP 	text: text = 3
7.7232 	DATA 	Keypress: d
7.7242 	EXP 	text: height = 0.05
7.7242 	EXP 	text: height = 0.05
7.7242 	EXP 	text: height = 0.05
7.7242 	EXP 	text: text = 3
7.7286 	EXP 	text: height = 0.05
7.7286 	EXP 	text: height = 0.05
7.7286 	EXP 	text: height = 0.05
7.7286 	EXP 	text: text = 3
7.7327 	EXP 	text: height = 0.05
7.7327 	EXP 	text: height = 0.05
7.7327 	EXP 	text: height = 0.05
7.7327 	EXP 	text: text = 3
7.7369 	EXP 	text: height = 0.05
7.7369 	EXP 	text: height = 0.05
7.7369 	EXP 	text: height = 0.05
7.7369 	EXP 	text: text = 3
7.7411 	EXP 	text: height = 0.05
7.7411 	EXP 	text: height = 0.05
7.7411 	EXP 	text: height = 0.05
7.7411 	EXP 	text: text = 3
7.7455 	EXP 	text: height = 0.05
7.7455 	EXP 	text: height = 0.05
7.7455 	EXP 	text: height = 0.05
7.7455 	EXP 	text: text = 3
7.7494 	EXP 	text: height = 0.05
7.7494 	EXP 	text: height = 0.05
7.7494 	EXP 	text: height = 0.05
7.7494 	EXP 	text: text = 3
7.7536 	EXP 	text: height = 0.05
7.7536 	EXP 	text: height = 0.05
7.7536 	EXP 	text: height = 0.05
7.7536 	EXP 	text: text = 3
7.7578 	EXP 	text: height = 0.05
7.7578 	EXP 	text: height = 0.05
7.7578 	EXP 	text: height = 0.05
7.7578 	EXP 	text: text = 3
7.7619 	EXP 	text: height = 0.05
7.7619 	EXP 	text: height = 0.05
7.7619 	EXP 	text: height = 0.05
7.7619 	EXP 	text: text = 3
7.7661 	EXP 	text: height = 0.05
7.7661 	EXP 	text: height = 0.05
7.7661 	EXP 	text: height = 0.05
7.7661 	EXP 	text: text = 3
7.7702 	EXP 	text: height = 0.05
7.7702 	EXP 	text: height = 0.05
7.7702 	EXP 	text: height = 0.05
7.7702 	EXP 	text: text = 3
7.7744 	EXP 	text: height = 0.05
7.7744 	EXP 	text: height = 0.05
7.7744 	EXP 	text: height = 0.05
7.7744 	EXP 	text: text = 3
7.7786 	EXP 	text: height = 0.05
7.7786 	EXP 	text: height = 0.05
7.7786 	EXP 	text: height = 0.05
7.7786 	EXP 	text: text = 3
7.7828 	EXP 	text: height = 0.05
7.7828 	EXP 	text: height = 0.05
7.7828 	EXP 	text: height = 0.05
7.7828 	EXP 	text: text = 3
7.7870 	EXP 	text: height = 0.05
7.7870 	EXP 	text: height = 0.05
7.7870 	EXP 	text: height = 0.05
7.7870 	EXP 	text: text = 3
7.7911 	EXP 	text: height = 0.05
7.7911 	EXP 	text: height = 0.05
7.7911 	EXP 	text: height = 0.05
7.7911 	EXP 	text: text = 3
7.7953 	EXP 	text: height = 0.05
7.7953 	EXP 	text: height = 0.05
7.7953 	EXP 	text: height = 0.05
7.7953 	EXP 	text: text = 3
7.7994 	EXP 	text: height = 0.05
7.7994 	EXP 	text: height = 0.05
7.7994 	EXP 	text: height = 0.05
7.7994 	EXP 	text: text = 3
7.8036 	EXP 	text: height = 0.05
7.8036 	EXP 	text: height = 0.05
7.8036 	EXP 	text: height = 0.05
7.8036 	EXP 	text: text = 3
7.8083 	EXP 	text: height = 0.05
7.8083 	EXP 	text: height = 0.05
7.8083 	EXP 	text: height = 0.05
7.8083 	EXP 	text: text = 3
7.8122 	EXP 	text: height = 0.05
7.8122 	EXP 	text: height = 0.05
7.8122 	EXP 	text: height = 0.05
7.8122 	EXP 	text: text = 3
7.8164 	EXP 	text: height = 0.05
7.8164 	EXP 	text: height = 0.05
7.8164 	EXP 	text: height = 0.05
7.8164 	EXP 	text: text = 3
7.8206 	EXP 	text: height = 0.05
7.8206 	EXP 	text: height = 0.05
7.8206 	EXP 	text: height = 0.05
7.8206 	EXP 	text: text = 3
7.8247 	EXP 	text: height = 0.05
7.8247 	EXP 	text: height = 0.05
7.8247 	EXP 	text: height = 0.05
7.8247 	EXP 	text: text = 3
7.8289 	EXP 	text: height = 0.05
7.8289 	EXP 	text: height = 0.05
7.8289 	EXP 	text: height = 0.05
7.8289 	EXP 	text: text = 3
7.8331 	EXP 	text: height = 0.05
7.8331 	EXP 	text: height = 0.05
7.8331 	EXP 	text: height = 0.05
7.8331 	EXP 	text: text = 3
7.8373 	EXP 	text: height = 0.05
7.8373 	EXP 	text: height = 0.05
7.8373 	EXP 	text: height = 0.05
7.8373 	EXP 	text: text = 3
7.8419 	EXP 	text: height = 0.05
7.8419 	EXP 	text: height = 0.05
7.8419 	EXP 	text: height = 0.05
7.8419 	EXP 	text: text = 3
7.8463 	EXP 	text: height = 0.05
7.8463 	EXP 	text: height = 0.05
7.8463 	EXP 	text: height = 0.05
7.8463 	EXP 	text: text = 3
7.8505 	EXP 	text: height = 0.05
7.8505 	EXP 	text: height = 0.05
7.8505 	EXP 	text: height = 0.05
7.8505 	EXP 	text: text = 3
7.8560 	EXP 	text: height = 0.05
7.8560 	EXP 	text: height = 0.05
7.8560 	EXP 	text: height = 0.05
7.8560 	EXP 	text: text = 3
7.8602 	EXP 	text: height = 0.05
7.8602 	EXP 	text: height = 0.05
7.8602 	EXP 	text: height = 0.05
7.8602 	EXP 	text: text = 3
7.8643 	EXP 	text: height = 0.05
7.8643 	EXP 	text: height = 0.05
7.8643 	EXP 	text: height = 0.05
7.8643 	EXP 	text: text = 3
7.8685 	EXP 	text: height = 0.05
7.8685 	EXP 	text: height = 0.05
7.8685 	EXP 	text: height = 0.05
7.8685 	EXP 	text: text = 3
7.8727 	EXP 	text: height = 0.05
7.8727 	EXP 	text: height = 0.05
7.8727 	EXP 	text: height = 0.05
7.8727 	EXP 	text: text = 3
7.8769 	EXP 	text: height = 0.05
7.8769 	EXP 	text: height = 0.05
7.8769 	EXP 	text: height = 0.05
7.8769 	EXP 	text: text = 3
7.8810 	EXP 	text: height = 0.05
7.8810 	EXP 	text: height = 0.05
7.8810 	EXP 	text: height = 0.05
7.8810 	EXP 	text: text = 3
7.8852 	EXP 	text: height = 0.05
7.8852 	EXP 	text: height = 0.05
7.8852 	EXP 	text: height = 0.05
7.8852 	EXP 	text: text = 3
7.8893 	EXP 	text: height = 0.05
7.8893 	EXP 	text: height = 0.05
7.8893 	EXP 	text: height = 0.05
7.8893 	EXP 	text: text = 3
7.8935 	EXP 	text: height = 0.05
7.8935 	EXP 	text: height = 0.05
7.8935 	EXP 	text: height = 0.05
7.8935 	EXP 	text: text = 3
7.8977 	EXP 	text: height = 0.05
7.8977 	EXP 	text: height = 0.05
7.8977 	EXP 	text: height = 0.05
7.8977 	EXP 	text: text = 3
7.9030 	EXP 	text: height = 0.05
7.9030 	EXP 	text: height = 0.05
7.9030 	EXP 	text: height = 0.05
7.9030 	EXP 	text: text = 3
7.9071 	EXP 	text: height = 0.05
7.9071 	EXP 	text: height = 0.05
7.9071 	EXP 	text: height = 0.05
7.9071 	EXP 	text: text = 3
7.9112 	EXP 	text: height = 0.05
7.9112 	EXP 	text: height = 0.05
7.9112 	EXP 	text: height = 0.05
7.9112 	EXP 	text: text = 3
7.9153 	EXP 	text: height = 0.05
7.9153 	EXP 	text: height = 0.05
7.9153 	EXP 	text: height = 0.05
7.9153 	EXP 	text: text = 3
7.9195 	EXP 	text: height = 0.05
7.9195 	EXP 	text: height = 0.05
7.9195 	EXP 	text: height = 0.05
7.9195 	EXP 	text: text = 3
7.9237 	EXP 	text: height = 0.05
7.9237 	EXP 	text: height = 0.05
7.9237 	EXP 	text: height = 0.05
7.9237 	EXP 	text: text = 3
7.9278 	EXP 	text: height = 0.05
7.9278 	EXP 	text: height = 0.05
7.9278 	EXP 	text: height = 0.05
7.9278 	EXP 	text: text = 3
7.9320 	EXP 	text: height = 0.05
7.9320 	EXP 	text: height = 0.05
7.9320 	EXP 	text: height = 0.05
7.9320 	EXP 	text: text = 3
7.9362 	EXP 	text: height = 0.05
7.9362 	EXP 	text: height = 0.05
7.9362 	EXP 	text: height = 0.05
7.9362 	EXP 	text: text = 3
7.9404 	EXP 	text: height = 0.05
7.9404 	EXP 	text: height = 0.05
7.9404 	EXP 	text: height = 0.05
7.9404 	EXP 	text: text = 3
7.9445 	EXP 	text: height = 0.05
7.9445 	EXP 	text: height = 0.05
7.9445 	EXP 	text: height = 0.05
7.9445 	EXP 	text: text = 3
7.9494 	EXP 	text: height = 0.05
7.9494 	EXP 	text: height = 0.05
7.9494 	EXP 	text: height = 0.05
7.9494 	EXP 	text: text = 3
7.9531 	EXP 	text: height = 0.05
7.9531 	EXP 	text: height = 0.05
7.9531 	EXP 	text: height = 0.05
7.9531 	EXP 	text: text = 3
7.9572 	EXP 	text: height = 0.05
7.9572 	EXP 	text: height = 0.05
7.9572 	EXP 	text: height = 0.05
7.9572 	EXP 	text: text = 3
7.9614 	EXP 	text: height = 0.05
7.9614 	EXP 	text: height = 0.05
7.9614 	EXP 	text: height = 0.05
7.9614 	EXP 	text: text = 3
7.9656 	EXP 	text: height = 0.05
7.9656 	EXP 	text: height = 0.05
7.9656 	EXP 	text: height = 0.05
7.9656 	EXP 	text: text = 3
7.9697 	EXP 	text: height = 0.05
7.9697 	EXP 	text: height = 0.05
7.9697 	EXP 	text: height = 0.05
7.9697 	EXP 	text: text = 3
7.9739 	EXP 	text: height = 0.05
7.9739 	EXP 	text: height = 0.05
7.9739 	EXP 	text: height = 0.05
7.9739 	EXP 	text: text = 3
7.9781 	EXP 	text: height = 0.05
7.9781 	EXP 	text: height = 0.05
7.9781 	EXP 	text: height = 0.05
7.9781 	EXP 	text: text = 3
7.9822 	EXP 	text: height = 0.05
7.9822 	EXP 	text: height = 0.05
7.9822 	EXP 	text: height = 0.05
7.9822 	EXP 	text: text = 3
7.9864 	EXP 	text: height = 0.05
7.9864 	EXP 	text: height = 0.05
7.9864 	EXP 	text: height = 0.05
7.9864 	EXP 	text: text = 3
7.9906 	EXP 	text: height = 0.05
7.9906 	EXP 	text: height = 0.05
7.9906 	EXP 	text: height = 0.05
7.9906 	EXP 	text: text = 3
7.9947 	EXP 	text: height = 0.05
7.9947 	EXP 	text: height = 0.05
7.9947 	EXP 	text: height = 0.05
7.9947 	EXP 	text: text = 3
7.9989 	EXP 	text: height = 0.05
7.9989 	EXP 	text: height = 0.05
7.9989 	EXP 	text: height = 0.05
7.9989 	EXP 	text: text = 3
8.0031 	EXP 	text: height = 0.05
8.0031 	EXP 	text: height = 0.05
8.0031 	EXP 	text: height = 0.05
8.0031 	EXP 	text: text = 3
8.0073 	EXP 	text: height = 0.05
8.0073 	EXP 	text: height = 0.05
8.0073 	EXP 	text: height = 0.05
8.0073 	EXP 	text: text = 3
8.0115 	EXP 	text: height = 0.05
8.0115 	EXP 	text: height = 0.05
8.0115 	EXP 	text: height = 0.05
8.0115 	EXP 	text: text = 3
8.0156 	EXP 	text: height = 0.05
8.0156 	EXP 	text: height = 0.05
8.0156 	EXP 	text: height = 0.05
8.0156 	EXP 	text: text = 3
8.0198 	EXP 	text: height = 0.05
8.0198 	EXP 	text: height = 0.05
8.0198 	EXP 	text: height = 0.05
8.0198 	EXP 	text: text = 3
8.0240 	EXP 	text: height = 0.05
8.0240 	EXP 	text: height = 0.05
8.0240 	EXP 	text: height = 0.05
8.0240 	EXP 	text: text = 3
8.0281 	EXP 	text: height = 0.05
8.0281 	EXP 	text: height = 0.05
8.0281 	EXP 	text: height = 0.05
8.0281 	EXP 	text: text = 3
8.0323 	EXP 	text: height = 0.05
8.0323 	EXP 	text: height = 0.05
8.0323 	EXP 	text: height = 0.05
8.0323 	EXP 	text: text = 3
8.0365 	EXP 	text: height = 0.05
8.0365 	EXP 	text: height = 0.05
8.0365 	EXP 	text: height = 0.05
8.0365 	EXP 	text: text = 3
8.0406 	EXP 	text: height = 0.05
8.0406 	EXP 	text: height = 0.05
8.0406 	EXP 	text: height = 0.05
8.0406 	EXP 	text: text = 3
8.0455 	EXP 	text: height = 0.05
8.0455 	EXP 	text: height = 0.05
8.0455 	EXP 	text: height = 0.05
8.0455 	EXP 	text: text = 3
8.0496 	EXP 	text: height = 0.05
8.0496 	EXP 	text: height = 0.05
8.0496 	EXP 	text: height = 0.05
8.0496 	EXP 	text: text = 3
8.0538 	EXP 	text: height = 0.05
8.0538 	EXP 	text: height = 0.05
8.0538 	EXP 	text: height = 0.05
8.0538 	EXP 	text: text = 3
8.0580 	EXP 	text: height = 0.05
8.0580 	EXP 	text: height = 0.05
8.0580 	EXP 	text: height = 0.05
8.0580 	EXP 	text: text = 3
8.0621 	EXP 	text: height = 0.05
8.0621 	EXP 	text: height = 0.05
8.0621 	EXP 	text: height = 0.05
8.0621 	EXP 	text: text = 3
8.0663 	EXP 	text: height = 0.05
8.0663 	EXP 	text: height = 0.05
8.0663 	EXP 	text: height = 0.05
8.0663 	EXP 	text: text = 3
8.0704 	EXP 	text: height = 0.05
8.0704 	EXP 	text: height = 0.05
8.0704 	EXP 	text: height = 0.05
8.0704 	EXP 	text: text = 3
8.0746 	EXP 	text: height = 0.05
8.0746 	EXP 	text: height = 0.05
8.0746 	EXP 	text: height = 0.05
8.0746 	EXP 	text: text = 3
8.0788 	EXP 	text: height = 0.05
8.0788 	EXP 	text: height = 0.05
8.0788 	EXP 	text: height = 0.05
8.0788 	EXP 	text: text = 3
8.0830 	EXP 	text: height = 0.05
8.0830 	EXP 	text: height = 0.05
8.0830 	EXP 	text: height = 0.05
8.0830 	EXP 	text: text = 3
8.0871 	EXP 	text: height = 0.05
8.0871 	EXP 	text: height = 0.05
8.0871 	EXP 	text: height = 0.05
8.0871 	EXP 	text: text = 3
8.0925 	EXP 	text: height = 0.05
8.0925 	EXP 	text: height = 0.05
8.0925 	EXP 	text: height = 0.05
8.0925 	EXP 	text: text = 3
8.0965 	EXP 	text: height = 0.05
8.0965 	EXP 	text: height = 0.05
8.0965 	EXP 	text: height = 0.05
8.0965 	EXP 	text: text = 3
8.1007 	EXP 	text: height = 0.05
8.1007 	EXP 	text: height = 0.05
8.1007 	EXP 	text: height = 0.05
8.1007 	EXP 	text: text = 3
8.1049 	EXP 	text: height = 0.05
8.1049 	EXP 	text: height = 0.05
8.1049 	EXP 	text: height = 0.05
8.1049 	EXP 	text: text = 3
8.1090 	EXP 	text: height = 0.05
8.1090 	EXP 	text: height = 0.05
8.1090 	EXP 	text: height = 0.05
8.1090 	EXP 	text: text = 3
8.1132 	EXP 	text: height = 0.05
8.1132 	EXP 	text: height = 0.05
8.1132 	EXP 	text: height = 0.05
8.1132 	EXP 	text: text = 3
8.1174 	EXP 	text: height = 0.05
8.1174 	EXP 	text: height = 0.05
8.1174 	EXP 	text: height = 0.05
8.1174 	EXP 	text: text = 3
8.1216 	EXP 	text: height = 0.05
8.1216 	EXP 	text: height = 0.05
8.1216 	EXP 	text: height = 0.05
8.1216 	EXP 	text: text = 3
8.1257 	EXP 	text: height = 0.05
8.1257 	EXP 	text: height = 0.05
8.1257 	EXP 	text: height = 0.05
8.1257 	EXP 	text: text = 3
8.1299 	EXP 	text: height = 0.05
8.1299 	EXP 	text: height = 0.05
8.1299 	EXP 	text: height = 0.05
8.1299 	EXP 	text: text = 3
8.1341 	EXP 	text: height = 0.05
8.1341 	EXP 	text: height = 0.05
8.1341 	EXP 	text: height = 0.05
8.1341 	EXP 	text: text = 3
8.1388 	EXP 	text: height = 0.05
8.1388 	EXP 	text: height = 0.05
8.1388 	EXP 	text: height = 0.05
8.1388 	EXP 	text: text = 3
8.1429 	EXP 	text: height = 0.05
8.1429 	EXP 	text: height = 0.05
8.1429 	EXP 	text: height = 0.05
8.1429 	EXP 	text: text = 3
8.1470 	EXP 	text: height = 0.05
8.1470 	EXP 	text: height = 0.05
8.1470 	EXP 	text: height = 0.05
8.1470 	EXP 	text: text = 3
8.1512 	EXP 	text: height = 0.05
8.1512 	EXP 	text: height = 0.05
8.1512 	EXP 	text: height = 0.05
8.1512 	EXP 	text: text = 3
8.1554 	EXP 	text: height = 0.05
8.1554 	EXP 	text: height = 0.05
8.1554 	EXP 	text: height = 0.05
8.1554 	EXP 	text: text = 3
8.1596 	EXP 	text: height = 0.05
8.1596 	EXP 	text: height = 0.05
8.1596 	EXP 	text: height = 0.05
8.1596 	EXP 	text: text = 3
8.1637 	EXP 	text: height = 0.05
8.1637 	EXP 	text: height = 0.05
8.1637 	EXP 	text: height = 0.05
8.1637 	EXP 	text: text = 3
8.1679 	EXP 	text: height = 0.05
8.1679 	EXP 	text: height = 0.05
8.1679 	EXP 	text: height = 0.05
8.1679 	EXP 	text: text = 3
8.1721 	EXP 	text: height = 0.05
8.1721 	EXP 	text: height = 0.05
8.1721 	EXP 	text: height = 0.05
8.1721 	EXP 	text: text = 3
8.1762 	EXP 	text: height = 0.05
8.1762 	EXP 	text: height = 0.05
8.1762 	EXP 	text: height = 0.05
8.1762 	EXP 	text: text = 3
8.1804 	EXP 	text: height = 0.05
8.1804 	EXP 	text: height = 0.05
8.1804 	EXP 	text: height = 0.05
8.1804 	EXP 	text: text = 3
8.1846 	EXP 	text: height = 0.05
8.1846 	EXP 	text: height = 0.05
8.1846 	EXP 	text: height = 0.05
8.1846 	EXP 	text: text = 3
8.1887 	EXP 	text: height = 0.05
8.1887 	EXP 	text: height = 0.05
8.1887 	EXP 	text: height = 0.05
8.1887 	EXP 	text: text = 3
8.1929 	EXP 	text: height = 0.05
8.1929 	EXP 	text: height = 0.05
8.1929 	EXP 	text: height = 0.05
8.1929 	EXP 	text: text = 3
8.1971 	EXP 	text: height = 0.05
8.1971 	EXP 	text: height = 0.05
8.1971 	EXP 	text: height = 0.05
8.1971 	EXP 	text: text = 3
8.2013 	EXP 	text: height = 0.05
8.2013 	EXP 	text: height = 0.05
8.2013 	EXP 	text: height = 0.05
8.2013 	EXP 	text: text = 3
8.2054 	EXP 	text: height = 0.05
8.2054 	EXP 	text: height = 0.05
8.2054 	EXP 	text: height = 0.05
8.2054 	EXP 	text: text = 3
8.2096 	EXP 	text: height = 0.05
8.2096 	EXP 	text: height = 0.05
8.2096 	EXP 	text: height = 0.05
8.2096 	EXP 	text: text = 3
8.2138 	EXP 	text: height = 0.05
8.2138 	EXP 	text: height = 0.05
8.2138 	EXP 	text: height = 0.05
8.2138 	EXP 	text: text = 3
8.2180 	EXP 	text: height = 0.05
8.2180 	EXP 	text: height = 0.05
8.2180 	EXP 	text: height = 0.05
8.2180 	EXP 	text: text = 3
8.2221 	EXP 	text: height = 0.05
8.2221 	EXP 	text: height = 0.05
8.2221 	EXP 	text: height = 0.05
8.2221 	EXP 	text: text = 3
8.2263 	EXP 	text: height = 0.05
8.2263 	EXP 	text: height = 0.05
8.2263 	EXP 	text: height = 0.05
8.2263 	EXP 	text: text = 3
8.2314 	EXP 	text: height = 0.05
8.2314 	EXP 	text: height = 0.05
8.2314 	EXP 	text: height = 0.05
8.2314 	EXP 	text: text = 3
8.2355 	EXP 	text: height = 0.05
8.2355 	EXP 	text: height = 0.05
8.2355 	EXP 	text: height = 0.05
8.2355 	EXP 	text: text = 3
8.2393 	EXP 	text: height = 0.05
8.2393 	EXP 	text: height = 0.05
8.2393 	EXP 	text: height = 0.05
8.2393 	EXP 	text: text = 3
8.2435 	EXP 	text: height = 0.05
8.2435 	EXP 	text: height = 0.05
8.2435 	EXP 	text: height = 0.05
8.2435 	EXP 	text: text = 3
8.2477 	EXP 	text: height = 0.05
8.2477 	EXP 	text: height = 0.05
8.2477 	EXP 	text: height = 0.05
8.2477 	EXP 	text: text = 3
8.2518 	EXP 	text: height = 0.05
8.2518 	EXP 	text: height = 0.05
8.2518 	EXP 	text: height = 0.05
8.2518 	EXP 	text: text = 3
8.2560 	EXP 	text: height = 0.05
8.2560 	EXP 	text: height = 0.05
8.2560 	EXP 	text: height = 0.05
8.2560 	EXP 	text: text = 3
8.2602 	EXP 	text: height = 0.05
8.2602 	EXP 	text: height = 0.05
8.2602 	EXP 	text: height = 0.05
8.2602 	EXP 	text: text = 3
8.2644 	EXP 	text: height = 0.05
8.2644 	EXP 	text: height = 0.05
8.2644 	EXP 	text: height = 0.05
8.2644 	EXP 	text: text = 3
8.2685 	EXP 	text: height = 0.05
8.2685 	EXP 	text: height = 0.05
8.2685 	EXP 	text: height = 0.05
8.2685 	EXP 	text: text = 3
8.2727 	EXP 	text: height = 0.05
8.2727 	EXP 	text: height = 0.05
8.2727 	EXP 	text: height = 0.05
8.2727 	EXP 	text: text = 3
8.2783 	EXP 	text: height = 0.05
8.2783 	EXP 	text: height = 0.05
8.2783 	EXP 	text: height = 0.05
8.2783 	EXP 	text: text = 3
8.2829 	EXP 	text: height = 0.05
8.2829 	EXP 	text: height = 0.05
8.2829 	EXP 	text: height = 0.05
8.2829 	EXP 	text: text = 3
8.2871 	EXP 	text: height = 0.05
8.2871 	EXP 	text: height = 0.05
8.2871 	EXP 	text: height = 0.05
8.2871 	EXP 	text: text = 3
8.2912 	EXP 	text: height = 0.05
8.2912 	EXP 	text: height = 0.05
8.2912 	EXP 	text: height = 0.05
8.2912 	EXP 	text: text = 3
8.2954 	EXP 	text: height = 0.05
8.2954 	EXP 	text: height = 0.05
8.2954 	EXP 	text: height = 0.05
8.2954 	EXP 	text: text = 3
8.2996 	EXP 	text: height = 0.05
8.2996 	EXP 	text: height = 0.05
8.2996 	EXP 	text: height = 0.05
8.2996 	EXP 	text: text = 3
8.3037 	EXP 	text: height = 0.05
8.3037 	EXP 	text: height = 0.05
8.3037 	EXP 	text: height = 0.05
8.3037 	EXP 	text: text = 3
8.3079 	EXP 	text: height = 0.05
8.3079 	EXP 	text: height = 0.05
8.3079 	EXP 	text: height = 0.05
8.3079 	EXP 	text: text = 3
8.3121 	EXP 	text: height = 0.05
8.3121 	EXP 	text: height = 0.05
8.3121 	EXP 	text: height = 0.05
8.3121 	EXP 	text: text = 3
8.3163 	EXP 	text: height = 0.05
8.3163 	EXP 	text: height = 0.05
8.3163 	EXP 	text: height = 0.05
8.3163 	EXP 	text: text = 3
8.3204 	EXP 	text: height = 0.05
8.3204 	EXP 	text: height = 0.05
8.3204 	EXP 	text: height = 0.05
8.3204 	EXP 	text: text = 3
8.3246 	EXP 	text: height = 0.05
8.3246 	EXP 	text: height = 0.05
8.3246 	EXP 	text: height = 0.05
8.3246 	EXP 	text: text = 3
8.3288 	EXP 	text: height = 0.05
8.3288 	EXP 	text: height = 0.05
8.3288 	EXP 	text: height = 0.05
8.3288 	EXP 	text: text = 3
8.3329 	EXP 	text: height = 0.05
8.3329 	EXP 	text: height = 0.05
8.3329 	EXP 	text: height = 0.05
8.3329 	EXP 	text: text = 3
8.3371 	EXP 	text: height = 0.05
8.3371 	EXP 	text: height = 0.05
8.3371 	EXP 	text: height = 0.05
8.3371 	EXP 	text: text = 3
8.3413 	EXP 	text: height = 0.05
8.3413 	EXP 	text: height = 0.05
8.3413 	EXP 	text: height = 0.05
8.3413 	EXP 	text: text = 3
8.3455 	EXP 	text: height = 0.05
8.3455 	EXP 	text: height = 0.05
8.3455 	EXP 	text: height = 0.05
8.3455 	EXP 	text: text = 3
8.3496 	EXP 	text: height = 0.05
8.3496 	EXP 	text: height = 0.05
8.3496 	EXP 	text: height = 0.05
8.3496 	EXP 	text: text = 3
8.3538 	EXP 	text: height = 0.05
8.3538 	EXP 	text: height = 0.05
8.3538 	EXP 	text: height = 0.05
8.3538 	EXP 	text: text = 3
8.3580 	EXP 	text: height = 0.05
8.3580 	EXP 	text: height = 0.05
8.3580 	EXP 	text: height = 0.05
8.3580 	EXP 	text: text = 3
8.3621 	EXP 	text: height = 0.05
8.3621 	EXP 	text: height = 0.05
8.3621 	EXP 	text: height = 0.05
8.3621 	EXP 	text: text = 3
8.3663 	EXP 	text: height = 0.05
8.3663 	EXP 	text: height = 0.05
8.3663 	EXP 	text: height = 0.05
8.3663 	EXP 	text: text = 3
8.3705 	EXP 	text: height = 0.05
8.3705 	EXP 	text: height = 0.05
8.3705 	EXP 	text: height = 0.05
8.3705 	EXP 	text: text = 3
8.3747 	EXP 	text: height = 0.05
8.3747 	EXP 	text: height = 0.05
8.3747 	EXP 	text: height = 0.05
8.3747 	EXP 	text: text = 3
8.3788 	EXP 	text: height = 0.05
8.3788 	EXP 	text: height = 0.05
8.3788 	EXP 	text: height = 0.05
8.3788 	EXP 	text: text = 3
8.3830 	EXP 	text: height = 0.05
8.3830 	EXP 	text: height = 0.05
8.3830 	EXP 	text: height = 0.05
8.3830 	EXP 	text: text = 3
8.3872 	EXP 	text: height = 0.05
8.3872 	EXP 	text: height = 0.05
8.3872 	EXP 	text: height = 0.05
8.3872 	EXP 	text: text = 3
8.3913 	EXP 	text: height = 0.05
8.3913 	EXP 	text: height = 0.05
8.3913 	EXP 	text: height = 0.05
8.3913 	EXP 	text: text = 3
8.3955 	EXP 	text: height = 0.05
8.3955 	EXP 	text: height = 0.05
8.3955 	EXP 	text: height = 0.05
8.3955 	EXP 	text: text = 3
8.3997 	EXP 	text: height = 0.05
8.3997 	EXP 	text: height = 0.05
8.3997 	EXP 	text: height = 0.05
8.3997 	EXP 	text: text = 3
8.4038 	EXP 	text: height = 0.05
8.4038 	EXP 	text: height = 0.05
8.4038 	EXP 	text: height = 0.05
8.4038 	EXP 	text: text = 3
8.4080 	EXP 	text: height = 0.05
8.4080 	EXP 	text: height = 0.05
8.4080 	EXP 	text: height = 0.05
8.4080 	EXP 	text: text = 3
8.4122 	EXP 	text: height = 0.05
8.4122 	EXP 	text: height = 0.05
8.4122 	EXP 	text: height = 0.05
8.4122 	EXP 	text: text = 3
8.4170 	EXP 	text: height = 0.05
8.4170 	EXP 	text: height = 0.05
8.4170 	EXP 	text: height = 0.05
8.4170 	EXP 	text: text = 3
8.4211 	EXP 	text: height = 0.05
8.4211 	EXP 	text: height = 0.05
8.4211 	EXP 	text: height = 0.05
8.4211 	EXP 	text: text = 3
8.4252 	EXP 	text: height = 0.05
8.4252 	EXP 	text: height = 0.05
8.4252 	EXP 	text: height = 0.05
8.4252 	EXP 	text: text = 3
8.4295 	EXP 	text: height = 0.05
8.4295 	EXP 	text: height = 0.05
8.4295 	EXP 	text: height = 0.05
8.4295 	EXP 	text: text = 3
8.4337 	EXP 	text: height = 0.05
8.4337 	EXP 	text: height = 0.05
8.4337 	EXP 	text: height = 0.05
8.4337 	EXP 	text: text = 3
8.4378 	EXP 	text: height = 0.05
8.4378 	EXP 	text: height = 0.05
8.4378 	EXP 	text: height = 0.05
8.4378 	EXP 	text: text = 3
8.4420 	EXP 	text: height = 0.05
8.4420 	EXP 	text: height = 0.05
8.4420 	EXP 	text: height = 0.05
8.4420 	EXP 	text: text = 3
8.4461 	EXP 	text: height = 0.05
8.4461 	EXP 	text: height = 0.05
8.4461 	EXP 	text: height = 0.05
8.4461 	EXP 	text: text = 3
8.4503 	EXP 	text: height = 0.05
8.4503 	EXP 	text: height = 0.05
8.4503 	EXP 	text: height = 0.05
8.4503 	EXP 	text: text = 3
8.4545 	EXP 	text: height = 0.05
8.4545 	EXP 	text: height = 0.05
8.4545 	EXP 	text: height = 0.05
8.4545 	EXP 	text: text = 3
8.4587 	EXP 	text: height = 0.05
8.4587 	EXP 	text: height = 0.05
8.4587 	EXP 	text: height = 0.05
8.4587 	EXP 	text: text = 3
8.4618 	DATA 	Keypress: escape
8.4639 	EXP 	text: height = 0.05
8.4639 	EXP 	text: height = 0.05
8.4639 	EXP 	text: height = 0.05
8.4639 	EXP 	text: text = 3
8.4676 	EXP 	text: height = 0.05
8.4676 	EXP 	text: height = 0.05
8.4676 	EXP 	text: height = 0.05
8.4676 	EXP 	text: text = 3
8.4717 	EXP 	text: height = 0.05
8.4717 	EXP 	text: height = 0.05
8.4717 	EXP 	text: height = 0.05
8.4717 	EXP 	text: text = 3
8.4759 	EXP 	text: height = 0.05
8.4759 	EXP 	text: height = 0.05
8.4759 	EXP 	text: height = 0.05
8.4759 	EXP 	text: text = 3
8.4801 	EXP 	text: height = 0.05
8.4801 	EXP 	text: height = 0.05
8.4801 	EXP 	text: height = 0.05
8.4801 	EXP 	text: text = 3
8.4842 	EXP 	text: height = 0.05
8.4842 	EXP 	text: height = 0.05
8.4842 	EXP 	text: height = 0.05
8.4842 	EXP 	text: text = 3
8.4884 	EXP 	text: height = 0.05
8.4884 	EXP 	text: height = 0.05
8.4884 	EXP 	text: height = 0.05
8.4884 	EXP 	text: text = 3
8.4926 	EXP 	text: height = 0.05
8.4926 	EXP 	text: height = 0.05
8.4926 	EXP 	text: height = 0.05
8.4926 	EXP 	text: text = 3
8.4968 	EXP 	text: height = 0.05
8.4968 	EXP 	text: height = 0.05
8.4968 	EXP 	text: height = 0.05
8.4968 	EXP 	text: text = 3
8.5009 	EXP 	text: height = 0.05
8.5009 	EXP 	text: height = 0.05
8.5009 	EXP 	text: height = 0.05
8.5009 	EXP 	text: text = 3
8.5051 	EXP 	text: height = 0.05
8.5051 	EXP 	text: height = 0.05
8.5051 	EXP 	text: height = 0.05
8.5051 	EXP 	text: text = 3
8.5098 	EXP 	text: height = 0.05
8.5098 	EXP 	text: height = 0.05
8.5098 	EXP 	text: height = 0.05
8.5098 	EXP 	text: text = 3
8.5139 	EXP 	text: height = 0.05
8.5139 	EXP 	text: height = 0.05
8.5139 	EXP 	text: height = 0.05
8.5139 	EXP 	text: text = 3
8.5181 	EXP 	text: height = 0.05
8.5181 	EXP 	text: height = 0.05
8.5181 	EXP 	text: height = 0.05
8.5181 	EXP 	text: text = 3
8.5222 	EXP 	text: height = 0.05
8.5222 	EXP 	text: height = 0.05
8.5222 	EXP 	text: height = 0.05
8.5222 	EXP 	text: text = 3
8.5264 	EXP 	text: height = 0.05
8.5264 	EXP 	text: height = 0.05
8.5264 	EXP 	text: height = 0.05
8.5264 	EXP 	text: text = 3
8.5306 	EXP 	text: height = 0.05
8.5306 	EXP 	text: height = 0.05
8.5306 	EXP 	text: height = 0.05
8.5306 	EXP 	text: text = 3
8.5347 	EXP 	text: height = 0.05
8.5347 	EXP 	text: height = 0.05
8.5347 	EXP 	text: height = 0.05
8.5347 	EXP 	text: text = 3
8.5399 	EXP 	text: height = 0.05
8.5399 	EXP 	text: height = 0.05
8.5399 	EXP 	text: height = 0.05
8.5399 	EXP 	text: text = 3
8.5443 	EXP 	text: height = 0.05
8.5443 	EXP 	text: height = 0.05
8.5443 	EXP 	text: height = 0.05
8.5443 	EXP 	text: text = 3
8.5487 	EXP 	text: height = 0.05
8.5487 	EXP 	text: height = 0.05
8.5487 	EXP 	text: height = 0.05
8.5487 	EXP 	text: text = 3
8.5529 	EXP 	text: height = 0.05
8.5529 	EXP 	text: height = 0.05
8.5529 	EXP 	text: height = 0.05
8.5529 	EXP 	text: text = 3
8.5573 	EXP 	text: height = 0.05
8.5573 	EXP 	text: height = 0.05
8.5573 	EXP 	text: height = 0.05
8.5573 	EXP 	text: text = 3
8.5615 	EXP 	text: height = 0.05
8.5615 	EXP 	text: height = 0.05
8.5615 	EXP 	text: height = 0.05
8.5615 	EXP 	text: text = 3
8.5656 	EXP 	text: height = 0.05
8.5656 	EXP 	text: height = 0.05
8.5656 	EXP 	text: height = 0.05
8.5656 	EXP 	text: text = 3
8.5698 	EXP 	text: height = 0.05
8.5698 	EXP 	text: height = 0.05
8.5698 	EXP 	text: height = 0.05
8.5698 	EXP 	text: text = 3
8.5740 	EXP 	text: height = 0.05
8.5740 	EXP 	text: height = 0.05
8.5740 	EXP 	text: height = 0.05
8.5740 	EXP 	text: text = 3
8.5782 	EXP 	text: height = 0.05
8.5782 	EXP 	text: height = 0.05
8.5782 	EXP 	text: height = 0.05
8.5782 	EXP 	text: text = 3
8.5824 	EXP 	text: height = 0.05
8.5824 	EXP 	text: height = 0.05
8.5824 	EXP 	text: height = 0.05
8.5824 	EXP 	text: text = 3
9.0163 	EXP 	window1: mouseVisible = True
