1.5548 	WARNING 	We strongly recommend you activate the PTB sound engine in PsychoPy prefs as the preferred audio engine. Its timing is vastly superior. Your prefs are currently set to use ['sounddevice', 'PTB', 'pyo', 'pygame'] (in that order).
4.1763 	WARNING 	User requested fullscreen with size [1024  768], but screen is actually [1920, 1080]. Using actual size
4.5170 	EXP 	Created window1 = Window(allowGUI=True, allowStencil=False, autoLog=True, backendConf=UNKNOWN, bitsMode=UNKNOWN, blendMode='avg', bpc=(8, 8, 8), color=array([0, 0, 0]), colorSpace='rgb', depthBits=8, fullscr=<method-wrapper '__getattribute__' of attributeSetter object at 0x0000027F9D232130>, gamma=None, gammaErrorPolicy='raise', lms=UNKNOWN, monitor=<psychopy.monitors.calibTools.Monitor object at 0x0000027F9D5846A0>, multiSample=False, name='window1', numSamples=2, pos=(0, 0), screen=0, size=array([1920, 1080]), stencilBits=0, stereo=False, units='height', useFBO=True, useRetina=False, viewOri=0.0, viewPos=None, viewScale=None, waitBlanking=True, winType='pyglet')
4.5171 	EXP 	window1: mouseVisible = True
4.5171 	EXP 	window1: mouseVisible = False
4.5172 	EXP 	window1: Attempting to measure frame rate of screen (0) ...
4.5172 	EXP 	window1: recordFrameIntervals = False
4.5597 	EXP 	window1: recordFrameIntervals = True
4.6056 	EXP 	Screen (0) actual frame rate measured at 238.37Hz
4.6057 	EXP 	window1: recordFrameIntervals = False
6.2738 	EXP 	Created text = TextStim(__class__=<class 'psychopy.visual.text.TextStim'>, alignHoriz=method-wrapper(...), alignText='center', alignVert=method-wrapper(...), anchorHoriz='center', anchorVert='center', antialias=True, autoDraw=False, autoLog=True, bold=False, color=array([1, 1, 1]), colorSpace='rgb', contrast=1.0, depth=-2.0, flipHoriz=False, flipVert=False, font='Open Sans', fontFiles=[], height=0.05, italic=False, languageStyle='LTR', name='text', opacity=1.0, ori=0.0, pos=array([ 0. , -0.2]), rgb=UNKNOWN, text='asd', units='height', win=Window(...), wrapWidth=1)
6.2911 	EXP 	window1: mouseVisible = True
6.2912 	EXP 	window1: mouseVisible = True
6.2992 	EXP 	textbox: autoLog = True
6.2992 	EXP 	text: height = 0.05
6.2992 	EXP 	text: height = 0.05
6.2992 	EXP 	text: height = 0.05
6.2992 	EXP 	text: text = 0
6.2992 	EXP 	textbox: autoDraw = True
6.2992 	EXP 	text: autoDraw = True
6.3065 	EXP 	text: height = 0.05
6.3065 	EXP 	text: height = 0.05
6.3065 	EXP 	text: height = 0.05
6.3065 	EXP 	text: text = 0
6.3111 	EXP 	text: height = 0.05
6.3111 	EXP 	text: height = 0.05
6.3111 	EXP 	text: height = 0.05
6.3111 	EXP 	text: text = 0
6.3186 	EXP 	text: height = 0.05
6.3186 	EXP 	text: height = 0.05
6.3186 	EXP 	text: height = 0.05
6.3186 	EXP 	text: text = 0
6.3232 	EXP 	text: height = 0.05
6.3232 	EXP 	text: height = 0.05
6.3232 	EXP 	text: height = 0.05
6.3232 	EXP 	text: text = 0
6.3306 	EXP 	text: height = 0.05
6.3306 	EXP 	text: height = 0.05
6.3306 	EXP 	text: height = 0.05
6.3306 	EXP 	text: text = 0
6.3348 	EXP 	text: height = 0.05
6.3348 	EXP 	text: height = 0.05
6.3348 	EXP 	text: height = 0.05
6.3348 	EXP 	text: text = 0
6.3421 	EXP 	text: height = 0.05
6.3421 	EXP 	text: height = 0.05
6.3421 	EXP 	text: height = 0.05
6.3421 	EXP 	text: text = 0
6.3469 	EXP 	text: height = 0.05
6.3469 	EXP 	text: height = 0.05
6.3469 	EXP 	text: height = 0.05
6.3469 	EXP 	text: text = 0
6.3544 	EXP 	text: height = 0.05
6.3544 	EXP 	text: height = 0.05
6.3544 	EXP 	text: height = 0.05
6.3544 	EXP 	text: text = 0
6.3595 	EXP 	text: height = 0.05
6.3595 	EXP 	text: height = 0.05
6.3595 	EXP 	text: height = 0.05
6.3595 	EXP 	text: text = 0
6.3671 	EXP 	text: height = 0.05
6.3671 	EXP 	text: height = 0.05
6.3671 	EXP 	text: height = 0.05
6.3671 	EXP 	text: text = 0
6.3714 	EXP 	text: height = 0.05
6.3714 	EXP 	text: height = 0.05
6.3714 	EXP 	text: height = 0.05
6.3714 	EXP 	text: text = 0
6.3779 	EXP 	text: height = 0.05
6.3779 	EXP 	text: height = 0.05
6.3779 	EXP 	text: height = 0.05
6.3779 	EXP 	text: text = 0
6.3822 	EXP 	text: height = 0.05
6.3822 	EXP 	text: height = 0.05
6.3822 	EXP 	text: height = 0.05
6.3822 	EXP 	text: text = 0
6.3884 	EXP 	text: height = 0.05
6.3884 	EXP 	text: height = 0.05
6.3884 	EXP 	text: height = 0.05
6.3884 	EXP 	text: text = 0
6.3932 	EXP 	text: height = 0.05
6.3932 	EXP 	text: height = 0.05
6.3932 	EXP 	text: height = 0.05
6.3932 	EXP 	text: text = 0
6.3978 	EXP 	text: height = 0.05
6.3978 	EXP 	text: height = 0.05
6.3978 	EXP 	text: height = 0.05
6.3978 	EXP 	text: text = 0
6.4020 	EXP 	text: height = 0.05
6.4020 	EXP 	text: height = 0.05
6.4020 	EXP 	text: height = 0.05
6.4020 	EXP 	text: text = 0
6.4063 	EXP 	text: height = 0.05
6.4063 	EXP 	text: height = 0.05
6.4063 	EXP 	text: height = 0.05
6.4063 	EXP 	text: text = 0
6.4111 	EXP 	text: height = 0.05
6.4111 	EXP 	text: height = 0.05
6.4111 	EXP 	text: height = 0.05
6.4111 	EXP 	text: text = 0
6.4154 	EXP 	text: height = 0.05
6.4154 	EXP 	text: height = 0.05
6.4154 	EXP 	text: height = 0.05
6.4154 	EXP 	text: text = 0
6.4203 	EXP 	text: height = 0.05
6.4203 	EXP 	text: height = 0.05
6.4203 	EXP 	text: height = 0.05
6.4203 	EXP 	text: text = 0
6.4249 	EXP 	text: height = 0.05
6.4249 	EXP 	text: height = 0.05
6.4249 	EXP 	text: height = 0.05
6.4249 	EXP 	text: text = 0
6.4295 	EXP 	text: height = 0.05
6.4295 	EXP 	text: height = 0.05
6.4295 	EXP 	text: height = 0.05
6.4295 	EXP 	text: text = 0
6.4338 	EXP 	text: height = 0.05
6.4338 	EXP 	text: height = 0.05
6.4338 	EXP 	text: height = 0.05
6.4338 	EXP 	text: text = 0
6.4380 	EXP 	text: height = 0.05
6.4380 	EXP 	text: height = 0.05
6.4380 	EXP 	text: height = 0.05
6.4380 	EXP 	text: text = 0
6.4422 	EXP 	text: height = 0.05
6.4422 	EXP 	text: height = 0.05
6.4422 	EXP 	text: height = 0.05
6.4422 	EXP 	text: text = 0
6.4468 	EXP 	text: height = 0.05
6.4468 	EXP 	text: height = 0.05
6.4468 	EXP 	text: height = 0.05
6.4468 	EXP 	text: text = 0
6.4518 	EXP 	text: height = 0.05
6.4518 	EXP 	text: height = 0.05
6.4518 	EXP 	text: height = 0.05
6.4518 	EXP 	text: text = 0
6.4563 	EXP 	text: height = 0.05
6.4563 	EXP 	text: height = 0.05
6.4563 	EXP 	text: height = 0.05
6.4563 	EXP 	text: text = 0
6.4607 	EXP 	text: height = 0.05
6.4607 	EXP 	text: height = 0.05
6.4607 	EXP 	text: height = 0.05
6.4607 	EXP 	text: text = 0
6.4652 	EXP 	text: height = 0.05
6.4652 	EXP 	text: height = 0.05
6.4652 	EXP 	text: height = 0.05
6.4652 	EXP 	text: text = 0
6.4697 	EXP 	text: height = 0.05
6.4697 	EXP 	text: height = 0.05
6.4697 	EXP 	text: height = 0.05
6.4697 	EXP 	text: text = 0
6.4739 	EXP 	text: height = 0.05
6.4739 	EXP 	text: height = 0.05
6.4739 	EXP 	text: height = 0.05
6.4739 	EXP 	text: text = 0
6.4781 	EXP 	text: height = 0.05
6.4781 	EXP 	text: height = 0.05
6.4781 	EXP 	text: height = 0.05
6.4781 	EXP 	text: text = 0
6.4825 	EXP 	text: height = 0.05
6.4825 	EXP 	text: height = 0.05
6.4825 	EXP 	text: height = 0.05
6.4825 	EXP 	text: text = 0
6.4872 	EXP 	text: height = 0.05
6.4872 	EXP 	text: height = 0.05
6.4872 	EXP 	text: height = 0.05
6.4872 	EXP 	text: text = 0
6.4915 	EXP 	text: height = 0.05
6.4915 	EXP 	text: height = 0.05
6.4915 	EXP 	text: height = 0.05
6.4915 	EXP 	text: text = 0
6.4968 	EXP 	text: height = 0.05
6.4968 	EXP 	text: height = 0.05
6.4968 	EXP 	text: height = 0.05
6.4968 	EXP 	text: text = 0
6.5017 	EXP 	text: height = 0.05
6.5017 	EXP 	text: height = 0.05
6.5017 	EXP 	text: height = 0.05
6.5017 	EXP 	text: text = 0
6.5063 	EXP 	text: height = 0.05
6.5063 	EXP 	text: height = 0.05
6.5063 	EXP 	text: height = 0.05
6.5063 	EXP 	text: text = 0
6.5108 	EXP 	text: height = 0.05
6.5108 	EXP 	text: height = 0.05
6.5108 	EXP 	text: height = 0.05
6.5108 	EXP 	text: text = 0
6.5157 	EXP 	text: height = 0.05
6.5157 	EXP 	text: height = 0.05
6.5157 	EXP 	text: height = 0.05
6.5157 	EXP 	text: text = 0
6.5205 	EXP 	text: height = 0.05
6.5205 	EXP 	text: height = 0.05
6.5205 	EXP 	text: height = 0.05
6.5205 	EXP 	text: text = 0
6.5250 	EXP 	text: height = 0.05
6.5250 	EXP 	text: height = 0.05
6.5250 	EXP 	text: height = 0.05
6.5250 	EXP 	text: text = 0
6.5295 	EXP 	text: height = 0.05
6.5295 	EXP 	text: height = 0.05
6.5295 	EXP 	text: height = 0.05
6.5295 	EXP 	text: text = 0
6.5342 	EXP 	text: height = 0.05
6.5342 	EXP 	text: height = 0.05
6.5342 	EXP 	text: height = 0.05
6.5342 	EXP 	text: text = 0
6.5388 	EXP 	text: height = 0.05
6.5388 	EXP 	text: height = 0.05
6.5388 	EXP 	text: height = 0.05
6.5388 	EXP 	text: text = 0
6.5457 	EXP 	text: height = 0.05
6.5457 	EXP 	text: height = 0.05
6.5457 	EXP 	text: height = 0.05
6.5457 	EXP 	text: text = 0
6.5512 	EXP 	text: height = 0.05
6.5512 	EXP 	text: height = 0.05
6.5512 	EXP 	text: height = 0.05
6.5512 	EXP 	text: text = 0
6.5556 	EXP 	text: height = 0.05
6.5556 	EXP 	text: height = 0.05
6.5556 	EXP 	text: height = 0.05
6.5556 	EXP 	text: text = 0
6.5604 	EXP 	text: height = 0.05
6.5604 	EXP 	text: height = 0.05
6.5604 	EXP 	text: height = 0.05
6.5604 	EXP 	text: text = 0
6.5653 	EXP 	text: height = 0.05
6.5653 	EXP 	text: height = 0.05
6.5653 	EXP 	text: height = 0.05
6.5653 	EXP 	text: text = 0
6.5697 	EXP 	text: height = 0.05
6.5697 	EXP 	text: height = 0.05
6.5697 	EXP 	text: height = 0.05
6.5697 	EXP 	text: text = 0
6.5742 	EXP 	text: height = 0.05
6.5742 	EXP 	text: height = 0.05
6.5742 	EXP 	text: height = 0.05
6.5742 	EXP 	text: text = 0
6.5799 	EXP 	text: height = 0.05
6.5799 	EXP 	text: height = 0.05
6.5799 	EXP 	text: height = 0.05
6.5799 	EXP 	text: text = 0
6.5848 	EXP 	text: height = 0.05
6.5848 	EXP 	text: height = 0.05
6.5848 	EXP 	text: height = 0.05
6.5848 	EXP 	text: text = 0
6.5893 	EXP 	text: height = 0.05
6.5893 	EXP 	text: height = 0.05
6.5893 	EXP 	text: height = 0.05
6.5893 	EXP 	text: text = 0
6.5944 	EXP 	text: height = 0.05
6.5944 	EXP 	text: height = 0.05
6.5944 	EXP 	text: height = 0.05
6.5944 	EXP 	text: text = 0
6.5991 	EXP 	text: height = 0.05
6.5991 	EXP 	text: height = 0.05
6.5991 	EXP 	text: height = 0.05
6.5991 	EXP 	text: text = 0
6.6033 	EXP 	text: height = 0.05
6.6033 	EXP 	text: height = 0.05
6.6033 	EXP 	text: height = 0.05
6.6033 	EXP 	text: text = 0
6.6086 	EXP 	text: height = 0.05
6.6086 	EXP 	text: height = 0.05
6.6086 	EXP 	text: height = 0.05
6.6086 	EXP 	text: text = 0
6.6131 	EXP 	text: height = 0.05
6.6131 	EXP 	text: height = 0.05
6.6131 	EXP 	text: height = 0.05
6.6131 	EXP 	text: text = 0
6.6174 	EXP 	text: height = 0.05
6.6174 	EXP 	text: height = 0.05
6.6174 	EXP 	text: height = 0.05
6.6174 	EXP 	text: text = 0
6.6215 	EXP 	text: height = 0.05
6.6215 	EXP 	text: height = 0.05
6.6215 	EXP 	text: height = 0.05
6.6215 	EXP 	text: text = 0
6.6258 	EXP 	text: height = 0.05
6.6258 	EXP 	text: height = 0.05
6.6258 	EXP 	text: height = 0.05
6.6258 	EXP 	text: text = 0
6.6300 	EXP 	text: height = 0.05
6.6300 	EXP 	text: height = 0.05
6.6300 	EXP 	text: height = 0.05
6.6300 	EXP 	text: text = 0
6.6341 	EXP 	text: height = 0.05
6.6341 	EXP 	text: height = 0.05
6.6341 	EXP 	text: height = 0.05
6.6341 	EXP 	text: text = 0
6.6405 	EXP 	text: height = 0.05
6.6405 	EXP 	text: height = 0.05
6.6405 	EXP 	text: height = 0.05
6.6405 	EXP 	text: text = 0
6.6458 	EXP 	text: height = 0.05
6.6458 	EXP 	text: height = 0.05
6.6458 	EXP 	text: height = 0.05
6.6458 	EXP 	text: text = 0
6.6499 	EXP 	text: height = 0.05
6.6499 	EXP 	text: height = 0.05
6.6499 	EXP 	text: height = 0.05
6.6499 	EXP 	text: text = 0
6.6541 	EXP 	text: height = 0.05
6.6541 	EXP 	text: height = 0.05
6.6541 	EXP 	text: height = 0.05
6.6541 	EXP 	text: text = 0
6.6584 	EXP 	text: height = 0.05
6.6584 	EXP 	text: height = 0.05
6.6584 	EXP 	text: height = 0.05
6.6584 	EXP 	text: text = 0
6.6625 	EXP 	text: height = 0.05
6.6625 	EXP 	text: height = 0.05
6.6625 	EXP 	text: height = 0.05
6.6625 	EXP 	text: text = 0
6.6669 	EXP 	text: height = 0.05
6.6669 	EXP 	text: height = 0.05
6.6669 	EXP 	text: height = 0.05
6.6669 	EXP 	text: text = 0
6.6721 	EXP 	text: height = 0.05
6.6721 	EXP 	text: height = 0.05
6.6721 	EXP 	text: height = 0.05
6.6721 	EXP 	text: text = 0
6.6762 	EXP 	text: height = 0.05
6.6762 	EXP 	text: height = 0.05
6.6762 	EXP 	text: height = 0.05
6.6762 	EXP 	text: text = 0
6.6804 	EXP 	text: height = 0.05
6.6804 	EXP 	text: height = 0.05
6.6804 	EXP 	text: height = 0.05
6.6804 	EXP 	text: text = 0
6.6853 	EXP 	text: height = 0.05
6.6853 	EXP 	text: height = 0.05
6.6853 	EXP 	text: height = 0.05
6.6853 	EXP 	text: text = 0
6.6894 	EXP 	text: height = 0.05
6.6894 	EXP 	text: height = 0.05
6.6894 	EXP 	text: height = 0.05
6.6894 	EXP 	text: text = 0
6.6936 	EXP 	text: height = 0.05
6.6936 	EXP 	text: height = 0.05
6.6936 	EXP 	text: height = 0.05
6.6936 	EXP 	text: text = 0
6.6980 	EXP 	text: height = 0.05
6.6980 	EXP 	text: height = 0.05
6.6980 	EXP 	text: height = 0.05
6.6980 	EXP 	text: text = 0
6.7025 	EXP 	text: height = 0.05
6.7025 	EXP 	text: height = 0.05
6.7025 	EXP 	text: height = 0.05
6.7025 	EXP 	text: text = 0
6.7066 	EXP 	text: height = 0.05
6.7066 	EXP 	text: height = 0.05
6.7066 	EXP 	text: height = 0.05
6.7066 	EXP 	text: text = 0
6.7109 	EXP 	text: height = 0.05
6.7109 	EXP 	text: height = 0.05
6.7109 	EXP 	text: height = 0.05
6.7109 	EXP 	text: text = 0
6.7150 	EXP 	text: height = 0.05
6.7150 	EXP 	text: height = 0.05
6.7150 	EXP 	text: height = 0.05
6.7150 	EXP 	text: text = 0
6.7192 	EXP 	text: height = 0.05
6.7192 	EXP 	text: height = 0.05
6.7192 	EXP 	text: height = 0.05
6.7192 	EXP 	text: text = 0
6.7233 	EXP 	text: height = 0.05
6.7233 	EXP 	text: height = 0.05
6.7233 	EXP 	text: height = 0.05
6.7233 	EXP 	text: text = 0
6.7275 	EXP 	text: height = 0.05
6.7275 	EXP 	text: height = 0.05
6.7275 	EXP 	text: height = 0.05
6.7275 	EXP 	text: text = 0
6.7317 	EXP 	text: height = 0.05
6.7317 	EXP 	text: height = 0.05
6.7317 	EXP 	text: height = 0.05
6.7317 	EXP 	text: text = 0
6.7358 	EXP 	text: height = 0.05
6.7358 	EXP 	text: height = 0.05
6.7358 	EXP 	text: height = 0.05
6.7358 	EXP 	text: text = 0
6.7401 	EXP 	text: height = 0.05
6.7401 	EXP 	text: height = 0.05
6.7401 	EXP 	text: height = 0.05
6.7401 	EXP 	text: text = 0
6.7442 	EXP 	text: height = 0.05
6.7442 	EXP 	text: height = 0.05
6.7442 	EXP 	text: height = 0.05
6.7442 	EXP 	text: text = 0
6.7486 	EXP 	text: height = 0.05
6.7486 	EXP 	text: height = 0.05
6.7486 	EXP 	text: height = 0.05
6.7486 	EXP 	text: text = 0
6.7529 	EXP 	text: height = 0.05
6.7529 	EXP 	text: height = 0.05
6.7529 	EXP 	text: height = 0.05
6.7529 	EXP 	text: text = 0
6.7574 	EXP 	text: height = 0.05
6.7574 	EXP 	text: height = 0.05
6.7574 	EXP 	text: height = 0.05
6.7574 	EXP 	text: text = 0
6.7615 	EXP 	text: height = 0.05
6.7615 	EXP 	text: height = 0.05
6.7615 	EXP 	text: height = 0.05
6.7615 	EXP 	text: text = 0
6.7659 	EXP 	text: height = 0.05
6.7659 	EXP 	text: height = 0.05
6.7659 	EXP 	text: height = 0.05
6.7659 	EXP 	text: text = 0
6.7711 	EXP 	text: height = 0.05
6.7711 	EXP 	text: height = 0.05
6.7711 	EXP 	text: height = 0.05
6.7711 	EXP 	text: text = 0
6.7753 	EXP 	text: height = 0.05
6.7753 	EXP 	text: height = 0.05
6.7753 	EXP 	text: height = 0.05
6.7753 	EXP 	text: text = 0
6.7797 	EXP 	text: height = 0.05
6.7797 	EXP 	text: height = 0.05
6.7797 	EXP 	text: height = 0.05
6.7797 	EXP 	text: text = 0
6.7840 	EXP 	text: height = 0.05
6.7840 	EXP 	text: height = 0.05
6.7840 	EXP 	text: height = 0.05
6.7840 	EXP 	text: text = 0
6.7882 	EXP 	text: height = 0.05
6.7882 	EXP 	text: height = 0.05
6.7882 	EXP 	text: height = 0.05
6.7882 	EXP 	text: text = 0
6.7923 	EXP 	text: height = 0.05
6.7923 	EXP 	text: height = 0.05
6.7923 	EXP 	text: height = 0.05
6.7923 	EXP 	text: text = 0
6.7965 	EXP 	text: height = 0.05
6.7965 	EXP 	text: height = 0.05
6.7965 	EXP 	text: height = 0.05
6.7965 	EXP 	text: text = 0
6.8007 	EXP 	text: height = 0.05
6.8007 	EXP 	text: height = 0.05
6.8007 	EXP 	text: height = 0.05
6.8007 	EXP 	text: text = 0
6.8048 	EXP 	text: height = 0.05
6.8048 	EXP 	text: height = 0.05
6.8048 	EXP 	text: height = 0.05
6.8048 	EXP 	text: text = 0
6.8090 	EXP 	text: height = 0.05
6.8090 	EXP 	text: height = 0.05
6.8090 	EXP 	text: height = 0.05
6.8090 	EXP 	text: text = 0
6.8132 	EXP 	text: height = 0.05
6.8132 	EXP 	text: height = 0.05
6.8132 	EXP 	text: height = 0.05
6.8132 	EXP 	text: text = 0
6.8174 	EXP 	text: height = 0.05
6.8174 	EXP 	text: height = 0.05
6.8174 	EXP 	text: height = 0.05
6.8174 	EXP 	text: text = 0
6.8215 	EXP 	text: height = 0.05
6.8215 	EXP 	text: height = 0.05
6.8215 	EXP 	text: height = 0.05
6.8215 	EXP 	text: text = 0
6.8257 	EXP 	text: height = 0.05
6.8257 	EXP 	text: height = 0.05
6.8257 	EXP 	text: height = 0.05
6.8257 	EXP 	text: text = 0
6.8299 	EXP 	text: height = 0.05
6.8299 	EXP 	text: height = 0.05
6.8299 	EXP 	text: height = 0.05
6.8299 	EXP 	text: text = 0
6.8341 	EXP 	text: height = 0.05
6.8341 	EXP 	text: height = 0.05
6.8341 	EXP 	text: height = 0.05
6.8341 	EXP 	text: text = 0
6.8383 	EXP 	text: height = 0.05
6.8383 	EXP 	text: height = 0.05
6.8383 	EXP 	text: height = 0.05
6.8383 	EXP 	text: text = 0
6.8424 	EXP 	text: height = 0.05
6.8424 	EXP 	text: height = 0.05
6.8424 	EXP 	text: height = 0.05
6.8424 	EXP 	text: text = 0
6.8466 	EXP 	text: height = 0.05
6.8466 	EXP 	text: height = 0.05
6.8466 	EXP 	text: height = 0.05
6.8466 	EXP 	text: text = 0
6.8507 	EXP 	text: height = 0.05
6.8507 	EXP 	text: height = 0.05
6.8507 	EXP 	text: height = 0.05
6.8507 	EXP 	text: text = 0
6.8549 	EXP 	text: height = 0.05
6.8549 	EXP 	text: height = 0.05
6.8549 	EXP 	text: height = 0.05
6.8549 	EXP 	text: text = 0
6.8595 	EXP 	text: height = 0.05
6.8595 	EXP 	text: height = 0.05
6.8595 	EXP 	text: height = 0.05
6.8595 	EXP 	text: text = 0
6.8635 	EXP 	text: height = 0.05
6.8635 	EXP 	text: height = 0.05
6.8635 	EXP 	text: height = 0.05
6.8635 	EXP 	text: text = 0
6.8677 	EXP 	text: height = 0.05
6.8677 	EXP 	text: height = 0.05
6.8677 	EXP 	text: height = 0.05
6.8677 	EXP 	text: text = 0
6.8719 	EXP 	text: height = 0.05
6.8719 	EXP 	text: height = 0.05
6.8719 	EXP 	text: height = 0.05
6.8719 	EXP 	text: text = 0
6.8761 	EXP 	text: height = 0.05
6.8761 	EXP 	text: height = 0.05
6.8761 	EXP 	text: height = 0.05
6.8761 	EXP 	text: text = 0
6.8803 	EXP 	text: height = 0.05
6.8803 	EXP 	text: height = 0.05
6.8803 	EXP 	text: height = 0.05
6.8803 	EXP 	text: text = 0
6.8844 	EXP 	text: height = 0.05
6.8844 	EXP 	text: height = 0.05
6.8844 	EXP 	text: height = 0.05
6.8844 	EXP 	text: text = 0
6.8886 	EXP 	text: height = 0.05
6.8886 	EXP 	text: height = 0.05
6.8886 	EXP 	text: height = 0.05
6.8886 	EXP 	text: text = 0
6.8927 	EXP 	text: height = 0.05
6.8927 	EXP 	text: height = 0.05
6.8927 	EXP 	text: height = 0.05
6.8927 	EXP 	text: text = 0
6.8969 	EXP 	text: height = 0.05
6.8969 	EXP 	text: height = 0.05
6.8969 	EXP 	text: height = 0.05
6.8969 	EXP 	text: text = 0
6.9011 	EXP 	text: height = 0.05
6.9011 	EXP 	text: height = 0.05
6.9011 	EXP 	text: height = 0.05
6.9011 	EXP 	text: text = 0
6.9063 	EXP 	text: height = 0.05
6.9063 	EXP 	text: height = 0.05
6.9063 	EXP 	text: height = 0.05
6.9063 	EXP 	text: text = 0
6.9110 	EXP 	text: height = 0.05
6.9110 	EXP 	text: height = 0.05
6.9110 	EXP 	text: height = 0.05
6.9110 	EXP 	text: text = 0
6.9151 	EXP 	text: height = 0.05
6.9151 	EXP 	text: height = 0.05
6.9151 	EXP 	text: height = 0.05
6.9151 	EXP 	text: text = 0
6.9192 	EXP 	text: height = 0.05
6.9192 	EXP 	text: height = 0.05
6.9192 	EXP 	text: height = 0.05
6.9192 	EXP 	text: text = 0
6.9233 	EXP 	text: height = 0.05
6.9233 	EXP 	text: height = 0.05
6.9233 	EXP 	text: height = 0.05
6.9233 	EXP 	text: text = 0
6.9275 	EXP 	text: height = 0.05
6.9275 	EXP 	text: height = 0.05
6.9275 	EXP 	text: height = 0.05
6.9275 	EXP 	text: text = 0
6.9317 	EXP 	text: height = 0.05
6.9317 	EXP 	text: height = 0.05
6.9317 	EXP 	text: height = 0.05
6.9317 	EXP 	text: text = 0
6.9359 	EXP 	text: height = 0.05
6.9359 	EXP 	text: height = 0.05
6.9359 	EXP 	text: height = 0.05
6.9359 	EXP 	text: text = 0
6.9402 	EXP 	text: height = 0.05
6.9402 	EXP 	text: height = 0.05
6.9402 	EXP 	text: height = 0.05
6.9402 	EXP 	text: text = 0
6.9443 	EXP 	text: height = 0.05
6.9443 	EXP 	text: height = 0.05
6.9443 	EXP 	text: height = 0.05
6.9443 	EXP 	text: text = 0
6.9485 	EXP 	text: height = 0.05
6.9485 	EXP 	text: height = 0.05
6.9485 	EXP 	text: height = 0.05
6.9485 	EXP 	text: text = 0
6.9541 	EXP 	text: height = 0.05
6.9541 	EXP 	text: height = 0.05
6.9541 	EXP 	text: height = 0.05
6.9541 	EXP 	text: text = 0
6.9584 	EXP 	text: height = 0.05
6.9584 	EXP 	text: height = 0.05
6.9584 	EXP 	text: height = 0.05
6.9584 	EXP 	text: text = 0
6.9627 	EXP 	text: height = 0.05
6.9627 	EXP 	text: height = 0.05
6.9627 	EXP 	text: height = 0.05
6.9627 	EXP 	text: text = 0
6.9671 	EXP 	text: height = 0.05
6.9671 	EXP 	text: height = 0.05
6.9671 	EXP 	text: height = 0.05
6.9671 	EXP 	text: text = 0
6.9713 	EXP 	text: height = 0.05
6.9713 	EXP 	text: height = 0.05
6.9713 	EXP 	text: height = 0.05
6.9713 	EXP 	text: text = 0
6.9755 	EXP 	text: height = 0.05
6.9755 	EXP 	text: height = 0.05
6.9755 	EXP 	text: height = 0.05
6.9755 	EXP 	text: text = 0
6.9796 	EXP 	text: height = 0.05
6.9796 	EXP 	text: height = 0.05
6.9796 	EXP 	text: height = 0.05
6.9796 	EXP 	text: text = 0
6.9838 	EXP 	text: height = 0.05
6.9838 	EXP 	text: height = 0.05
6.9838 	EXP 	text: height = 0.05
6.9838 	EXP 	text: text = 0
6.9880 	EXP 	text: height = 0.05
6.9880 	EXP 	text: height = 0.05
6.9880 	EXP 	text: height = 0.05
6.9880 	EXP 	text: text = 0
6.9922 	EXP 	text: height = 0.05
6.9922 	EXP 	text: height = 0.05
6.9922 	EXP 	text: height = 0.05
6.9922 	EXP 	text: text = 0
6.9964 	EXP 	text: height = 0.05
6.9964 	EXP 	text: height = 0.05
6.9964 	EXP 	text: height = 0.05
6.9964 	EXP 	text: text = 0
7.0005 	EXP 	text: height = 0.05
7.0005 	EXP 	text: height = 0.05
7.0005 	EXP 	text: height = 0.05
7.0005 	EXP 	text: text = 0
7.0052 	EXP 	text: height = 0.05
7.0052 	EXP 	text: height = 0.05
7.0052 	EXP 	text: height = 0.05
7.0052 	EXP 	text: text = 0
7.0094 	EXP 	text: height = 0.05
7.0094 	EXP 	text: height = 0.05
7.0094 	EXP 	text: height = 0.05
7.0094 	EXP 	text: text = 0
7.0137 	EXP 	text: height = 0.05
7.0137 	EXP 	text: height = 0.05
7.0137 	EXP 	text: height = 0.05
7.0137 	EXP 	text: text = 0
7.0179 	EXP 	text: height = 0.05
7.0179 	EXP 	text: height = 0.05
7.0179 	EXP 	text: height = 0.05
7.0179 	EXP 	text: text = 0
7.0221 	EXP 	text: height = 0.05
7.0221 	EXP 	text: height = 0.05
7.0221 	EXP 	text: height = 0.05
7.0221 	EXP 	text: text = 0
7.0269 	EXP 	text: height = 0.05
7.0269 	EXP 	text: height = 0.05
7.0269 	EXP 	text: height = 0.05
7.0269 	EXP 	text: text = 0
7.0315 	EXP 	text: height = 0.05
7.0315 	EXP 	text: height = 0.05
7.0315 	EXP 	text: height = 0.05
7.0315 	EXP 	text: text = 0
7.0357 	EXP 	text: height = 0.05
7.0357 	EXP 	text: height = 0.05
7.0357 	EXP 	text: height = 0.05
7.0357 	EXP 	text: text = 0
7.0400 	EXP 	text: height = 0.05
7.0400 	EXP 	text: height = 0.05
7.0400 	EXP 	text: height = 0.05
7.0400 	EXP 	text: text = 0
7.0443 	EXP 	text: height = 0.05
7.0443 	EXP 	text: height = 0.05
7.0443 	EXP 	text: height = 0.05
7.0443 	EXP 	text: text = 0
7.0496 	EXP 	text: height = 0.05
7.0496 	EXP 	text: height = 0.05
7.0496 	EXP 	text: height = 0.05
7.0496 	EXP 	text: text = 0
7.0541 	EXP 	text: height = 0.05
7.0541 	EXP 	text: height = 0.05
7.0541 	EXP 	text: height = 0.05
7.0541 	EXP 	text: text = 0
7.0585 	EXP 	text: height = 0.05
7.0585 	EXP 	text: height = 0.05
7.0585 	EXP 	text: height = 0.05
7.0585 	EXP 	text: text = 0
7.0632 	EXP 	text: height = 0.05
7.0632 	EXP 	text: height = 0.05
7.0632 	EXP 	text: height = 0.05
7.0632 	EXP 	text: text = 0
7.0674 	EXP 	text: height = 0.05
7.0674 	EXP 	text: height = 0.05
7.0674 	EXP 	text: height = 0.05
7.0674 	EXP 	text: text = 0
7.0721 	EXP 	text: height = 0.05
7.0721 	EXP 	text: height = 0.05
7.0721 	EXP 	text: height = 0.05
7.0721 	EXP 	text: text = 0
7.0772 	EXP 	text: height = 0.05
7.0772 	EXP 	text: height = 0.05
7.0772 	EXP 	text: height = 0.05
7.0772 	EXP 	text: text = 0
7.0817 	EXP 	text: height = 0.05
7.0817 	EXP 	text: height = 0.05
7.0817 	EXP 	text: height = 0.05
7.0817 	EXP 	text: text = 0
7.0860 	EXP 	text: height = 0.05
7.0860 	EXP 	text: height = 0.05
7.0860 	EXP 	text: height = 0.05
7.0860 	EXP 	text: text = 0
7.0906 	EXP 	text: height = 0.05
7.0906 	EXP 	text: height = 0.05
7.0906 	EXP 	text: height = 0.05
7.0906 	EXP 	text: text = 0
7.0949 	EXP 	text: height = 0.05
7.0949 	EXP 	text: height = 0.05
7.0949 	EXP 	text: height = 0.05
7.0949 	EXP 	text: text = 0
7.0997 	EXP 	text: height = 0.05
7.0997 	EXP 	text: height = 0.05
7.0997 	EXP 	text: height = 0.05
7.0997 	EXP 	text: text = 0
7.1038 	EXP 	text: height = 0.05
7.1038 	EXP 	text: height = 0.05
7.1038 	EXP 	text: height = 0.05
7.1038 	EXP 	text: text = 0
7.1081 	EXP 	text: height = 0.05
7.1081 	EXP 	text: height = 0.05
7.1081 	EXP 	text: height = 0.05
7.1081 	EXP 	text: text = 0
7.1123 	EXP 	text: height = 0.05
7.1123 	EXP 	text: height = 0.05
7.1123 	EXP 	text: height = 0.05
7.1123 	EXP 	text: text = 0
7.1171 	EXP 	text: height = 0.05
7.1171 	EXP 	text: height = 0.05
7.1171 	EXP 	text: height = 0.05
7.1171 	EXP 	text: text = 0
7.1216 	EXP 	text: height = 0.05
7.1216 	EXP 	text: height = 0.05
7.1216 	EXP 	text: height = 0.05
7.1216 	EXP 	text: text = 0
7.1260 	EXP 	text: height = 0.05
7.1260 	EXP 	text: height = 0.05
7.1260 	EXP 	text: height = 0.05
7.1260 	EXP 	text: text = 0
7.1302 	EXP 	text: height = 0.05
7.1302 	EXP 	text: height = 0.05
7.1302 	EXP 	text: height = 0.05
7.1302 	EXP 	text: text = 0
7.1344 	EXP 	text: height = 0.05
7.1344 	EXP 	text: height = 0.05
7.1344 	EXP 	text: height = 0.05
7.1344 	EXP 	text: text = 0
7.1392 	EXP 	text: height = 0.05
7.1392 	EXP 	text: height = 0.05
7.1392 	EXP 	text: height = 0.05
7.1392 	EXP 	text: text = 0
7.1438 	EXP 	text: height = 0.05
7.1438 	EXP 	text: height = 0.05
7.1438 	EXP 	text: height = 0.05
7.1438 	EXP 	text: text = 0
7.1455 	DATA 	Mouse: Left button down, pos=(1001,572)
7.1491 	EXP 	text: height = 0.05
7.1491 	EXP 	text: height = 0.05
7.1491 	EXP 	text: height = 0.05
7.1491 	EXP 	text: text = 0
7.1537 	EXP 	text: height = 0.05
7.1537 	EXP 	text: height = 0.05
7.1537 	EXP 	text: height = 0.05
7.1537 	EXP 	text: text = 0
7.1580 	EXP 	text: height = 0.05
7.1580 	EXP 	text: height = 0.05
7.1580 	EXP 	text: height = 0.05
7.1580 	EXP 	text: text = 0
7.1632 	EXP 	text: height = 0.05
7.1632 	EXP 	text: height = 0.05
7.1632 	EXP 	text: height = 0.05
7.1632 	EXP 	text: text = 0
7.1675 	EXP 	text: height = 0.05
7.1675 	EXP 	text: height = 0.05
7.1675 	EXP 	text: height = 0.05
7.1675 	EXP 	text: text = 0
7.1722 	EXP 	text: height = 0.05
7.1722 	EXP 	text: height = 0.05
7.1722 	EXP 	text: height = 0.05
7.1722 	EXP 	text: text = 0
7.1768 	EXP 	text: height = 0.05
7.1768 	EXP 	text: height = 0.05
7.1768 	EXP 	text: height = 0.05
7.1768 	EXP 	text: text = 0
7.1812 	EXP 	text: height = 0.05
7.1812 	EXP 	text: height = 0.05
7.1812 	EXP 	text: height = 0.05
7.1812 	EXP 	text: text = 0
7.1860 	EXP 	text: height = 0.05
7.1860 	EXP 	text: height = 0.05
7.1860 	EXP 	text: height = 0.05
7.1860 	EXP 	text: text = 0
7.1909 	EXP 	text: height = 0.05
7.1909 	EXP 	text: height = 0.05
7.1909 	EXP 	text: height = 0.05
7.1909 	EXP 	text: text = 0
7.1953 	EXP 	text: height = 0.05
7.1953 	EXP 	text: height = 0.05
7.1953 	EXP 	text: height = 0.05
7.1953 	EXP 	text: text = 0
7.1999 	EXP 	text: height = 0.05
7.1999 	EXP 	text: height = 0.05
7.1999 	EXP 	text: height = 0.05
7.1999 	EXP 	text: text = 0
7.2044 	EXP 	text: height = 0.05
7.2044 	EXP 	text: height = 0.05
7.2044 	EXP 	text: height = 0.05
7.2044 	EXP 	text: text = 0
7.2090 	EXP 	text: height = 0.05
7.2090 	EXP 	text: height = 0.05
7.2090 	EXP 	text: height = 0.05
7.2090 	EXP 	text: text = 0
7.2134 	EXP 	text: height = 0.05
7.2134 	EXP 	text: height = 0.05
7.2134 	EXP 	text: height = 0.05
7.2134 	EXP 	text: text = 0
7.2179 	EXP 	text: height = 0.05
7.2179 	EXP 	text: height = 0.05
7.2179 	EXP 	text: height = 0.05
7.2179 	EXP 	text: text = 0
7.2223 	EXP 	text: height = 0.05
7.2223 	EXP 	text: height = 0.05
7.2223 	EXP 	text: height = 0.05
7.2223 	EXP 	text: text = 0
7.2267 	EXP 	text: height = 0.05
7.2267 	EXP 	text: height = 0.05
7.2267 	EXP 	text: height = 0.05
7.2267 	EXP 	text: text = 0
7.2329 	EXP 	text: height = 0.05
7.2329 	EXP 	text: height = 0.05
7.2329 	EXP 	text: height = 0.05
7.2329 	EXP 	text: text = 0
7.2375 	EXP 	text: height = 0.05
7.2375 	EXP 	text: height = 0.05
7.2375 	EXP 	text: height = 0.05
7.2375 	EXP 	text: text = 0
7.2420 	EXP 	text: height = 0.05
7.2420 	EXP 	text: height = 0.05
7.2420 	EXP 	text: height = 0.05
7.2420 	EXP 	text: text = 0
7.2467 	EXP 	text: height = 0.05
7.2467 	EXP 	text: height = 0.05
7.2467 	EXP 	text: height = 0.05
7.2467 	EXP 	text: text = 0
7.2513 	EXP 	text: height = 0.05
7.2513 	EXP 	text: height = 0.05
7.2513 	EXP 	text: height = 0.05
7.2513 	EXP 	text: text = 0
7.2556 	EXP 	text: height = 0.05
7.2556 	EXP 	text: height = 0.05
7.2556 	EXP 	text: height = 0.05
7.2556 	EXP 	text: text = 0
7.2566 	DATA 	Mouse:  Left button up, pos=(1001,572)
7.2600 	EXP 	text: height = 0.05
7.2600 	EXP 	text: height = 0.05
7.2600 	EXP 	text: height = 0.05
7.2600 	EXP 	text: text = 0
7.2642 	EXP 	text: height = 0.05
7.2642 	EXP 	text: height = 0.05
7.2642 	EXP 	text: height = 0.05
7.2642 	EXP 	text: text = 0
7.2683 	EXP 	text: height = 0.05
7.2683 	EXP 	text: height = 0.05
7.2683 	EXP 	text: height = 0.05
7.2683 	EXP 	text: text = 0
7.2726 	EXP 	text: height = 0.05
7.2726 	EXP 	text: height = 0.05
7.2726 	EXP 	text: height = 0.05
7.2726 	EXP 	text: text = 0
7.2767 	EXP 	text: height = 0.05
7.2767 	EXP 	text: height = 0.05
7.2767 	EXP 	text: height = 0.05
7.2767 	EXP 	text: text = 0
7.2811 	EXP 	text: height = 0.05
7.2811 	EXP 	text: height = 0.05
7.2811 	EXP 	text: height = 0.05
7.2811 	EXP 	text: text = 0
7.2858 	EXP 	text: height = 0.05
7.2858 	EXP 	text: height = 0.05
7.2858 	EXP 	text: height = 0.05
7.2858 	EXP 	text: text = 0
7.2902 	EXP 	text: height = 0.05
7.2902 	EXP 	text: height = 0.05
7.2902 	EXP 	text: height = 0.05
7.2902 	EXP 	text: text = 0
7.2948 	EXP 	text: height = 0.05
7.2948 	EXP 	text: height = 0.05
7.2948 	EXP 	text: height = 0.05
7.2948 	EXP 	text: text = 0
7.2994 	EXP 	text: height = 0.05
7.2994 	EXP 	text: height = 0.05
7.2994 	EXP 	text: height = 0.05
7.2994 	EXP 	text: text = 0
7.3038 	EXP 	text: height = 0.05
7.3038 	EXP 	text: height = 0.05
7.3038 	EXP 	text: height = 0.05
7.3038 	EXP 	text: text = 0
7.3080 	EXP 	text: height = 0.05
7.3080 	EXP 	text: height = 0.05
7.3080 	EXP 	text: height = 0.05
7.3080 	EXP 	text: text = 0
7.3126 	EXP 	text: height = 0.05
7.3126 	EXP 	text: height = 0.05
7.3126 	EXP 	text: height = 0.05
7.3126 	EXP 	text: text = 0
7.3171 	EXP 	text: height = 0.05
7.3171 	EXP 	text: height = 0.05
7.3171 	EXP 	text: height = 0.05
7.3171 	EXP 	text: text = 0
7.3213 	EXP 	text: height = 0.05
7.3213 	EXP 	text: height = 0.05
7.3213 	EXP 	text: height = 0.05
7.3213 	EXP 	text: text = 0
7.3279 	EXP 	text: height = 0.05
7.3279 	EXP 	text: height = 0.05
7.3279 	EXP 	text: height = 0.05
7.3279 	EXP 	text: text = 0
7.3516 	EXP 	text: height = 0.05
7.3516 	EXP 	text: height = 0.05
7.3516 	EXP 	text: height = 0.05
7.3516 	EXP 	text: text = 0
7.3564 	EXP 	text: height = 0.05
7.3564 	EXP 	text: height = 0.05
7.3564 	EXP 	text: height = 0.05
7.3564 	EXP 	text: text = 0
7.3641 	EXP 	text: height = 0.05
7.3641 	EXP 	text: height = 0.05
7.3641 	EXP 	text: height = 0.05
7.3641 	EXP 	text: text = 0
7.3685 	EXP 	text: height = 0.05
7.3685 	EXP 	text: height = 0.05
7.3685 	EXP 	text: height = 0.05
7.3685 	EXP 	text: text = 0
7.3768 	EXP 	text: height = 0.05
7.3768 	EXP 	text: height = 0.05
7.3768 	EXP 	text: height = 0.05
7.3768 	EXP 	text: text = 0
7.3821 	EXP 	text: height = 0.05
7.3821 	EXP 	text: height = 0.05
7.3821 	EXP 	text: height = 0.05
7.3821 	EXP 	text: text = 0
7.3897 	EXP 	text: height = 0.05
7.3897 	EXP 	text: height = 0.05
7.3897 	EXP 	text: height = 0.05
7.3897 	EXP 	text: text = 0
7.3940 	EXP 	text: height = 0.05
7.3940 	EXP 	text: height = 0.05
7.3940 	EXP 	text: height = 0.05
7.3940 	EXP 	text: text = 0
7.4013 	EXP 	text: height = 0.05
7.4013 	EXP 	text: height = 0.05
7.4013 	EXP 	text: height = 0.05
7.4013 	EXP 	text: text = 0
7.4069 	EXP 	text: height = 0.05
7.4069 	EXP 	text: height = 0.05
7.4069 	EXP 	text: height = 0.05
7.4069 	EXP 	text: text = 0
7.4131 	EXP 	text: height = 0.05
7.4131 	EXP 	text: height = 0.05
7.4131 	EXP 	text: height = 0.05
7.4131 	EXP 	text: text = 0
7.4176 	EXP 	text: height = 0.05
7.4176 	EXP 	text: height = 0.05
7.4176 	EXP 	text: height = 0.05
7.4176 	EXP 	text: text = 0
7.4227 	EXP 	text: height = 0.05
7.4227 	EXP 	text: height = 0.05
7.4227 	EXP 	text: height = 0.05
7.4227 	EXP 	text: text = 0
7.4271 	EXP 	text: height = 0.05
7.4271 	EXP 	text: height = 0.05
7.4271 	EXP 	text: height = 0.05
7.4271 	EXP 	text: text = 0
7.4319 	EXP 	text: height = 0.05
7.4319 	EXP 	text: height = 0.05
7.4319 	EXP 	text: height = 0.05
7.4319 	EXP 	text: text = 0
7.4377 	EXP 	text: height = 0.05
7.4377 	EXP 	text: height = 0.05
7.4377 	EXP 	text: height = 0.05
7.4377 	EXP 	text: text = 0
7.4424 	EXP 	text: height = 0.05
7.4424 	EXP 	text: height = 0.05
7.4424 	EXP 	text: height = 0.05
7.4424 	EXP 	text: text = 0
7.4468 	EXP 	text: height = 0.05
7.4468 	EXP 	text: height = 0.05
7.4468 	EXP 	text: height = 0.05
7.4468 	EXP 	text: text = 0
7.4511 	EXP 	text: height = 0.05
7.4511 	EXP 	text: height = 0.05
7.4511 	EXP 	text: height = 0.05
7.4511 	EXP 	text: text = 0
7.4554 	EXP 	text: height = 0.05
7.4554 	EXP 	text: height = 0.05
7.4554 	EXP 	text: height = 0.05
7.4554 	EXP 	text: text = 0
7.4596 	EXP 	text: height = 0.05
7.4596 	EXP 	text: height = 0.05
7.4596 	EXP 	text: height = 0.05
7.4596 	EXP 	text: text = 0
7.4637 	EXP 	text: height = 0.05
7.4637 	EXP 	text: height = 0.05
7.4637 	EXP 	text: height = 0.05
7.4637 	EXP 	text: text = 0
7.4689 	EXP 	text: height = 0.05
7.4689 	EXP 	text: height = 0.05
7.4689 	EXP 	text: height = 0.05
7.4689 	EXP 	text: text = 0
7.4736 	EXP 	text: height = 0.05
7.4736 	EXP 	text: height = 0.05
7.4736 	EXP 	text: height = 0.05
7.4736 	EXP 	text: text = 0
7.4779 	EXP 	text: height = 0.05
7.4779 	EXP 	text: height = 0.05
7.4779 	EXP 	text: height = 0.05
7.4779 	EXP 	text: text = 0
7.4822 	EXP 	text: height = 0.05
7.4822 	EXP 	text: height = 0.05
7.4822 	EXP 	text: height = 0.05
7.4822 	EXP 	text: text = 0
7.4836 	DATA 	Mouse: Left button down, pos=(987,428)
7.4872 	EXP 	text: height = 0.05
7.4872 	EXP 	text: height = 0.05
7.4872 	EXP 	text: height = 0.05
7.4872 	EXP 	text: text = 0
7.4919 	EXP 	text: height = 0.05
7.4919 	EXP 	text: height = 0.05
7.4919 	EXP 	text: height = 0.05
7.4919 	EXP 	text: text = 0
7.4963 	EXP 	text: height = 0.05
7.4963 	EXP 	text: height = 0.05
7.4963 	EXP 	text: height = 0.05
7.4963 	EXP 	text: text = 0
7.5012 	EXP 	text: height = 0.05
7.5012 	EXP 	text: height = 0.05
7.5012 	EXP 	text: height = 0.05
7.5012 	EXP 	text: text = 0
7.5056 	EXP 	text: height = 0.05
7.5056 	EXP 	text: height = 0.05
7.5056 	EXP 	text: height = 0.05
7.5056 	EXP 	text: text = 0
7.5103 	EXP 	text: height = 0.05
7.5103 	EXP 	text: height = 0.05
7.5103 	EXP 	text: height = 0.05
7.5103 	EXP 	text: text = 0
7.5147 	EXP 	text: height = 0.05
7.5147 	EXP 	text: height = 0.05
7.5147 	EXP 	text: height = 0.05
7.5147 	EXP 	text: text = 0
7.5191 	EXP 	text: height = 0.05
7.5191 	EXP 	text: height = 0.05
7.5191 	EXP 	text: height = 0.05
7.5191 	EXP 	text: text = 0
7.5234 	EXP 	text: height = 0.05
7.5234 	EXP 	text: height = 0.05
7.5234 	EXP 	text: height = 0.05
7.5234 	EXP 	text: text = 0
7.5277 	EXP 	text: height = 0.05
7.5277 	EXP 	text: height = 0.05
7.5277 	EXP 	text: height = 0.05
7.5277 	EXP 	text: text = 0
7.5326 	EXP 	text: height = 0.05
7.5326 	EXP 	text: height = 0.05
7.5326 	EXP 	text: height = 0.05
7.5326 	EXP 	text: text = 0
7.5371 	EXP 	text: height = 0.05
7.5371 	EXP 	text: height = 0.05
7.5371 	EXP 	text: height = 0.05
7.5371 	EXP 	text: text = 0
7.5414 	EXP 	text: height = 0.05
7.5414 	EXP 	text: height = 0.05
7.5414 	EXP 	text: height = 0.05
7.5414 	EXP 	text: text = 0
7.5459 	EXP 	text: height = 0.05
7.5459 	EXP 	text: height = 0.05
7.5459 	EXP 	text: height = 0.05
7.5459 	EXP 	text: text = 0
7.5507 	EXP 	text: height = 0.05
7.5507 	EXP 	text: height = 0.05
7.5507 	EXP 	text: height = 0.05
7.5507 	EXP 	text: text = 0
7.5550 	EXP 	text: height = 0.05
7.5550 	EXP 	text: height = 0.05
7.5550 	EXP 	text: height = 0.05
7.5550 	EXP 	text: text = 0
7.5594 	EXP 	text: height = 0.05
7.5594 	EXP 	text: height = 0.05
7.5594 	EXP 	text: height = 0.05
7.5594 	EXP 	text: text = 0
7.5644 	EXP 	text: height = 0.05
7.5644 	EXP 	text: height = 0.05
7.5644 	EXP 	text: height = 0.05
7.5644 	EXP 	text: text = 0
7.5691 	EXP 	text: height = 0.05
7.5691 	EXP 	text: height = 0.05
7.5691 	EXP 	text: height = 0.05
7.5691 	EXP 	text: text = 0
7.5736 	EXP 	text: height = 0.05
7.5736 	EXP 	text: height = 0.05
7.5736 	EXP 	text: height = 0.05
7.5736 	EXP 	text: text = 0
7.5781 	DATA 	Mouse:  Left button up, pos=(987,428)
7.5787 	EXP 	text: height = 0.05
7.5787 	EXP 	text: height = 0.05
7.5787 	EXP 	text: height = 0.05
7.5787 	EXP 	text: text = 0
7.5835 	EXP 	text: height = 0.05
7.5835 	EXP 	text: height = 0.05
7.5835 	EXP 	text: height = 0.05
7.5835 	EXP 	text: text = 0
7.5879 	EXP 	text: height = 0.05
7.5879 	EXP 	text: height = 0.05
7.5879 	EXP 	text: height = 0.05
7.5879 	EXP 	text: text = 0
7.5944 	EXP 	text: height = 0.05
7.5944 	EXP 	text: height = 0.05
7.5944 	EXP 	text: height = 0.05
7.5944 	EXP 	text: text = 0
7.5989 	EXP 	text: height = 0.05
7.5989 	EXP 	text: height = 0.05
7.5989 	EXP 	text: height = 0.05
7.5989 	EXP 	text: text = 0
7.6030 	EXP 	text: height = 0.05
7.6030 	EXP 	text: height = 0.05
7.6030 	EXP 	text: height = 0.05
7.6030 	EXP 	text: text = 0
7.6072 	EXP 	text: height = 0.05
7.6072 	EXP 	text: height = 0.05
7.6072 	EXP 	text: height = 0.05
7.6072 	EXP 	text: text = 0
7.6114 	EXP 	text: height = 0.05
7.6114 	EXP 	text: height = 0.05
7.6114 	EXP 	text: height = 0.05
7.6114 	EXP 	text: text = 0
7.6156 	EXP 	text: height = 0.05
7.6156 	EXP 	text: height = 0.05
7.6156 	EXP 	text: height = 0.05
7.6156 	EXP 	text: text = 0
7.6197 	EXP 	text: height = 0.05
7.6197 	EXP 	text: height = 0.05
7.6197 	EXP 	text: height = 0.05
7.6197 	EXP 	text: text = 0
7.6249 	EXP 	text: height = 0.05
7.6249 	EXP 	text: height = 0.05
7.6249 	EXP 	text: height = 0.05
7.6249 	EXP 	text: text = 0
7.6293 	EXP 	text: height = 0.05
7.6293 	EXP 	text: height = 0.05
7.6293 	EXP 	text: height = 0.05
7.6293 	EXP 	text: text = 0
7.6334 	EXP 	text: height = 0.05
7.6334 	EXP 	text: height = 0.05
7.6334 	EXP 	text: height = 0.05
7.6334 	EXP 	text: text = 0
7.6376 	EXP 	text: height = 0.05
7.6376 	EXP 	text: height = 0.05
7.6376 	EXP 	text: height = 0.05
7.6376 	EXP 	text: text = 0
7.6420 	EXP 	text: height = 0.05
7.6420 	EXP 	text: height = 0.05
7.6420 	EXP 	text: height = 0.05
7.6420 	EXP 	text: text = 0
7.6462 	EXP 	text: height = 0.05
7.6462 	EXP 	text: height = 0.05
7.6462 	EXP 	text: height = 0.05
7.6462 	EXP 	text: text = 0
7.6509 	EXP 	text: height = 0.05
7.6509 	EXP 	text: height = 0.05
7.6509 	EXP 	text: height = 0.05
7.6509 	EXP 	text: text = 0
7.6560 	EXP 	text: height = 0.05
7.6560 	EXP 	text: height = 0.05
7.6560 	EXP 	text: height = 0.05
7.6560 	EXP 	text: text = 0
7.6604 	EXP 	text: height = 0.05
7.6604 	EXP 	text: height = 0.05
7.6604 	EXP 	text: height = 0.05
7.6604 	EXP 	text: text = 0
7.6647 	EXP 	text: height = 0.05
7.6647 	EXP 	text: height = 0.05
7.6647 	EXP 	text: height = 0.05
7.6647 	EXP 	text: text = 0
7.6689 	EXP 	text: height = 0.05
7.6689 	EXP 	text: height = 0.05
7.6689 	EXP 	text: height = 0.05
7.6689 	EXP 	text: text = 0
7.6732 	EXP 	text: height = 0.05
7.6732 	EXP 	text: height = 0.05
7.6732 	EXP 	text: height = 0.05
7.6732 	EXP 	text: text = 0
7.6774 	EXP 	text: height = 0.05
7.6774 	EXP 	text: height = 0.05
7.6774 	EXP 	text: height = 0.05
7.6774 	EXP 	text: text = 0
7.6817 	EXP 	text: height = 0.05
7.6817 	EXP 	text: height = 0.05
7.6817 	EXP 	text: height = 0.05
7.6817 	EXP 	text: text = 0
7.6859 	EXP 	text: height = 0.05
7.6859 	EXP 	text: height = 0.05
7.6859 	EXP 	text: height = 0.05
7.6859 	EXP 	text: text = 0
7.6901 	EXP 	text: height = 0.05
7.6901 	EXP 	text: height = 0.05
7.6901 	EXP 	text: height = 0.05
7.6901 	EXP 	text: text = 0
7.6942 	EXP 	text: height = 0.05
7.6942 	EXP 	text: height = 0.05
7.6942 	EXP 	text: height = 0.05
7.6942 	EXP 	text: text = 0
7.6984 	EXP 	text: height = 0.05
7.6984 	EXP 	text: height = 0.05
7.6984 	EXP 	text: height = 0.05
7.6984 	EXP 	text: text = 0
7.7026 	EXP 	text: height = 0.05
7.7026 	EXP 	text: height = 0.05
7.7026 	EXP 	text: height = 0.05
7.7026 	EXP 	text: text = 0
7.7067 	EXP 	text: height = 0.05
7.7067 	EXP 	text: height = 0.05
7.7067 	EXP 	text: height = 0.05
7.7067 	EXP 	text: text = 0
7.7109 	EXP 	text: height = 0.05
7.7109 	EXP 	text: height = 0.05
7.7109 	EXP 	text: height = 0.05
7.7109 	EXP 	text: text = 0
7.7151 	EXP 	text: height = 0.05
7.7151 	EXP 	text: height = 0.05
7.7151 	EXP 	text: height = 0.05
7.7151 	EXP 	text: text = 0
7.7192 	EXP 	text: height = 0.05
7.7192 	EXP 	text: height = 0.05
7.7192 	EXP 	text: height = 0.05
7.7192 	EXP 	text: text = 0
7.7234 	EXP 	text: height = 0.05
7.7234 	EXP 	text: height = 0.05
7.7234 	EXP 	text: height = 0.05
7.7234 	EXP 	text: text = 0
7.7276 	EXP 	text: height = 0.05
7.7276 	EXP 	text: height = 0.05
7.7276 	EXP 	text: height = 0.05
7.7276 	EXP 	text: text = 0
7.7317 	EXP 	text: height = 0.05
7.7317 	EXP 	text: height = 0.05
7.7317 	EXP 	text: height = 0.05
7.7317 	EXP 	text: text = 0
7.7359 	EXP 	text: height = 0.05
7.7359 	EXP 	text: height = 0.05
7.7359 	EXP 	text: height = 0.05
7.7359 	EXP 	text: text = 0
7.7401 	EXP 	text: height = 0.05
7.7401 	EXP 	text: height = 0.05
7.7401 	EXP 	text: height = 0.05
7.7401 	EXP 	text: text = 0
7.7442 	EXP 	text: height = 0.05
7.7442 	EXP 	text: height = 0.05
7.7442 	EXP 	text: height = 0.05
7.7442 	EXP 	text: text = 0
7.7485 	EXP 	text: height = 0.05
7.7485 	EXP 	text: height = 0.05
7.7485 	EXP 	text: height = 0.05
7.7485 	EXP 	text: text = 0
7.7526 	EXP 	text: height = 0.05
7.7526 	EXP 	text: height = 0.05
7.7526 	EXP 	text: height = 0.05
7.7526 	EXP 	text: text = 0
7.7568 	EXP 	text: height = 0.05
7.7568 	EXP 	text: height = 0.05
7.7568 	EXP 	text: height = 0.05
7.7568 	EXP 	text: text = 0
7.7609 	EXP 	text: height = 0.05
7.7609 	EXP 	text: height = 0.05
7.7609 	EXP 	text: height = 0.05
7.7609 	EXP 	text: text = 0
7.7658 	EXP 	text: height = 0.05
7.7658 	EXP 	text: height = 0.05
7.7658 	EXP 	text: height = 0.05
7.7658 	EXP 	text: text = 0
7.7699 	EXP 	text: height = 0.05
7.7699 	EXP 	text: height = 0.05
7.7699 	EXP 	text: height = 0.05
7.7699 	EXP 	text: text = 0
7.7741 	EXP 	text: height = 0.05
7.7741 	EXP 	text: height = 0.05
7.7741 	EXP 	text: height = 0.05
7.7741 	EXP 	text: text = 0
7.7782 	EXP 	text: height = 0.05
7.7782 	EXP 	text: height = 0.05
7.7782 	EXP 	text: height = 0.05
7.7782 	EXP 	text: text = 0
7.7824 	EXP 	text: height = 0.05
7.7824 	EXP 	text: height = 0.05
7.7824 	EXP 	text: height = 0.05
7.7824 	EXP 	text: text = 0
7.7866 	EXP 	text: height = 0.05
7.7866 	EXP 	text: height = 0.05
7.7866 	EXP 	text: height = 0.05
7.7866 	EXP 	text: text = 0
7.7907 	EXP 	text: height = 0.05
7.7907 	EXP 	text: height = 0.05
7.7907 	EXP 	text: height = 0.05
7.7907 	EXP 	text: text = 0
7.7949 	EXP 	text: height = 0.05
7.7949 	EXP 	text: height = 0.05
7.7949 	EXP 	text: height = 0.05
7.7949 	EXP 	text: text = 0
7.7991 	EXP 	text: height = 0.05
7.7991 	EXP 	text: height = 0.05
7.7991 	EXP 	text: height = 0.05
7.7991 	EXP 	text: text = 0
7.8033 	EXP 	text: height = 0.05
7.8033 	EXP 	text: height = 0.05
7.8033 	EXP 	text: height = 0.05
7.8033 	EXP 	text: text = 0
7.8074 	EXP 	text: height = 0.05
7.8074 	EXP 	text: height = 0.05
7.8074 	EXP 	text: height = 0.05
7.8074 	EXP 	text: text = 0
7.8123 	EXP 	text: height = 0.05
7.8123 	EXP 	text: height = 0.05
7.8123 	EXP 	text: height = 0.05
7.8123 	EXP 	text: text = 0
7.8158 	EXP 	text: height = 0.05
7.8158 	EXP 	text: height = 0.05
7.8158 	EXP 	text: height = 0.05
7.8158 	EXP 	text: text = 0
7.8199 	EXP 	text: height = 0.05
7.8199 	EXP 	text: height = 0.05
7.8199 	EXP 	text: height = 0.05
7.8199 	EXP 	text: text = 0
7.8241 	EXP 	text: height = 0.05
7.8241 	EXP 	text: height = 0.05
7.8241 	EXP 	text: height = 0.05
7.8241 	EXP 	text: text = 0
7.8283 	EXP 	text: height = 0.05
7.8283 	EXP 	text: height = 0.05
7.8283 	EXP 	text: height = 0.05
7.8283 	EXP 	text: text = 0
7.8325 	EXP 	text: height = 0.05
7.8325 	EXP 	text: height = 0.05
7.8325 	EXP 	text: height = 0.05
7.8325 	EXP 	text: text = 0
7.8366 	EXP 	text: height = 0.05
7.8366 	EXP 	text: height = 0.05
7.8366 	EXP 	text: height = 0.05
7.8366 	EXP 	text: text = 0
7.8408 	EXP 	text: height = 0.05
7.8408 	EXP 	text: height = 0.05
7.8408 	EXP 	text: height = 0.05
7.8408 	EXP 	text: text = 0
7.8450 	EXP 	text: height = 0.05
7.8450 	EXP 	text: height = 0.05
7.8450 	EXP 	text: height = 0.05
7.8450 	EXP 	text: text = 0
7.8491 	EXP 	text: height = 0.05
7.8491 	EXP 	text: height = 0.05
7.8491 	EXP 	text: height = 0.05
7.8491 	EXP 	text: text = 0
7.8533 	EXP 	text: height = 0.05
7.8533 	EXP 	text: height = 0.05
7.8533 	EXP 	text: height = 0.05
7.8533 	EXP 	text: text = 0
7.8582 	EXP 	text: height = 0.05
7.8582 	EXP 	text: height = 0.05
7.8582 	EXP 	text: height = 0.05
7.8582 	EXP 	text: text = 0
7.8619 	EXP 	text: height = 0.05
7.8619 	EXP 	text: height = 0.05
7.8619 	EXP 	text: height = 0.05
7.8619 	EXP 	text: text = 0
7.8660 	EXP 	text: height = 0.05
7.8660 	EXP 	text: height = 0.05
7.8660 	EXP 	text: height = 0.05
7.8660 	EXP 	text: text = 0
7.8702 	EXP 	text: height = 0.05
7.8702 	EXP 	text: height = 0.05
7.8702 	EXP 	text: height = 0.05
7.8702 	EXP 	text: text = 0
7.8744 	EXP 	text: height = 0.05
7.8744 	EXP 	text: height = 0.05
7.8744 	EXP 	text: height = 0.05
7.8744 	EXP 	text: text = 0
7.8773 	DATA 	Mouse: Left button down, pos=(1252,471)
7.8785 	EXP 	text: height = 0.05
7.8785 	EXP 	text: height = 0.05
7.8785 	EXP 	text: height = 0.05
7.8785 	EXP 	text: text = 0
7.8827 	EXP 	text: height = 0.05
7.8827 	EXP 	text: height = 0.05
7.8827 	EXP 	text: height = 0.05
7.8827 	EXP 	text: text = 0
7.8869 	EXP 	text: height = 0.05
7.8869 	EXP 	text: height = 0.05
7.8869 	EXP 	text: height = 0.05
7.8869 	EXP 	text: text = 0
7.8910 	EXP 	text: height = 0.05
7.8910 	EXP 	text: height = 0.05
7.8910 	EXP 	text: height = 0.05
7.8910 	EXP 	text: text = 0
7.8952 	EXP 	text: height = 0.05
7.8952 	EXP 	text: height = 0.05
7.8952 	EXP 	text: height = 0.05
7.8952 	EXP 	text: text = 0
7.8994 	EXP 	text: height = 0.05
7.8994 	EXP 	text: height = 0.05
7.8994 	EXP 	text: height = 0.05
7.8994 	EXP 	text: text = 0
7.9036 	EXP 	text: height = 0.05
7.9036 	EXP 	text: height = 0.05
7.9036 	EXP 	text: height = 0.05
7.9036 	EXP 	text: text = 0
7.9078 	EXP 	text: height = 0.05
7.9078 	EXP 	text: height = 0.05
7.9078 	EXP 	text: height = 0.05
7.9078 	EXP 	text: text = 0
7.9120 	EXP 	text: height = 0.05
7.9120 	EXP 	text: height = 0.05
7.9120 	EXP 	text: height = 0.05
7.9120 	EXP 	text: text = 0
7.9161 	EXP 	text: height = 0.05
7.9161 	EXP 	text: height = 0.05
7.9161 	EXP 	text: height = 0.05
7.9161 	EXP 	text: text = 0
7.9204 	EXP 	text: height = 0.05
7.9204 	EXP 	text: height = 0.05
7.9204 	EXP 	text: height = 0.05
7.9204 	EXP 	text: text = 0
7.9245 	EXP 	text: height = 0.05
7.9245 	EXP 	text: height = 0.05
7.9245 	EXP 	text: height = 0.05
7.9245 	EXP 	text: text = 0
7.9287 	EXP 	text: height = 0.05
7.9287 	EXP 	text: height = 0.05
7.9287 	EXP 	text: height = 0.05
7.9287 	EXP 	text: text = 0
7.9328 	EXP 	text: height = 0.05
7.9328 	EXP 	text: height = 0.05
7.9328 	EXP 	text: height = 0.05
7.9328 	EXP 	text: text = 0
7.9370 	EXP 	text: height = 0.05
7.9370 	EXP 	text: height = 0.05
7.9370 	EXP 	text: height = 0.05
7.9370 	EXP 	text: text = 0
7.9412 	EXP 	text: height = 0.05
7.9412 	EXP 	text: height = 0.05
7.9412 	EXP 	text: height = 0.05
7.9412 	EXP 	text: text = 0
7.9453 	EXP 	text: height = 0.05
7.9453 	EXP 	text: height = 0.05
7.9453 	EXP 	text: height = 0.05
7.9453 	EXP 	text: text = 0
7.9495 	EXP 	text: height = 0.05
7.9495 	EXP 	text: height = 0.05
7.9495 	EXP 	text: height = 0.05
7.9495 	EXP 	text: text = 0
7.9507 	DATA 	Mouse:  Left button up, pos=(1251,471)
7.9543 	EXP 	text: height = 0.05
7.9543 	EXP 	text: height = 0.05
7.9543 	EXP 	text: height = 0.05
7.9543 	EXP 	text: text = 0
7.9583 	EXP 	text: height = 0.05
7.9583 	EXP 	text: height = 0.05
7.9583 	EXP 	text: height = 0.05
7.9583 	EXP 	text: text = 0
7.9625 	EXP 	text: height = 0.05
7.9625 	EXP 	text: height = 0.05
7.9625 	EXP 	text: height = 0.05
7.9625 	EXP 	text: text = 0
7.9667 	EXP 	text: height = 0.05
7.9667 	EXP 	text: height = 0.05
7.9667 	EXP 	text: height = 0.05
7.9667 	EXP 	text: text = 0
7.9708 	EXP 	text: height = 0.05
7.9708 	EXP 	text: height = 0.05
7.9708 	EXP 	text: height = 0.05
7.9708 	EXP 	text: text = 0
7.9750 	EXP 	text: height = 0.05
7.9750 	EXP 	text: height = 0.05
7.9750 	EXP 	text: height = 0.05
7.9750 	EXP 	text: text = 0
7.9792 	EXP 	text: height = 0.05
7.9792 	EXP 	text: height = 0.05
7.9792 	EXP 	text: height = 0.05
7.9792 	EXP 	text: text = 0
7.9834 	EXP 	text: height = 0.05
7.9834 	EXP 	text: height = 0.05
7.9834 	EXP 	text: height = 0.05
7.9834 	EXP 	text: text = 0
7.9875 	EXP 	text: height = 0.05
7.9875 	EXP 	text: height = 0.05
7.9875 	EXP 	text: height = 0.05
7.9875 	EXP 	text: text = 0
7.9917 	EXP 	text: height = 0.05
7.9917 	EXP 	text: height = 0.05
7.9917 	EXP 	text: height = 0.05
7.9917 	EXP 	text: text = 0
7.9959 	EXP 	text: height = 0.05
7.9959 	EXP 	text: height = 0.05
7.9959 	EXP 	text: height = 0.05
7.9959 	EXP 	text: text = 0
8.0011 	EXP 	text: height = 0.05
8.0011 	EXP 	text: height = 0.05
8.0011 	EXP 	text: height = 0.05
8.0011 	EXP 	text: text = 0
8.0053 	EXP 	text: height = 0.05
8.0053 	EXP 	text: height = 0.05
8.0053 	EXP 	text: height = 0.05
8.0053 	EXP 	text: text = 0
8.0100 	EXP 	text: height = 0.05
8.0100 	EXP 	text: height = 0.05
8.0100 	EXP 	text: height = 0.05
8.0100 	EXP 	text: text = 0
8.0142 	EXP 	text: height = 0.05
8.0142 	EXP 	text: height = 0.05
8.0142 	EXP 	text: height = 0.05
8.0142 	EXP 	text: text = 0
8.0184 	EXP 	text: height = 0.05
8.0184 	EXP 	text: height = 0.05
8.0184 	EXP 	text: height = 0.05
8.0184 	EXP 	text: text = 0
8.0226 	EXP 	text: height = 0.05
8.0226 	EXP 	text: height = 0.05
8.0226 	EXP 	text: height = 0.05
8.0226 	EXP 	text: text = 0
8.0267 	EXP 	text: height = 0.05
8.0267 	EXP 	text: height = 0.05
8.0267 	EXP 	text: height = 0.05
8.0267 	EXP 	text: text = 0
8.0309 	EXP 	text: height = 0.05
8.0309 	EXP 	text: height = 0.05
8.0309 	EXP 	text: height = 0.05
8.0309 	EXP 	text: text = 0
8.0351 	EXP 	text: height = 0.05
8.0351 	EXP 	text: height = 0.05
8.0351 	EXP 	text: height = 0.05
8.0351 	EXP 	text: text = 0
8.0392 	EXP 	text: height = 0.05
8.0392 	EXP 	text: height = 0.05
8.0392 	EXP 	text: height = 0.05
8.0392 	EXP 	text: text = 0
8.0434 	EXP 	text: height = 0.05
8.0434 	EXP 	text: height = 0.05
8.0434 	EXP 	text: height = 0.05
8.0434 	EXP 	text: text = 0
8.0476 	EXP 	text: height = 0.05
8.0476 	EXP 	text: height = 0.05
8.0476 	EXP 	text: height = 0.05
8.0476 	EXP 	text: text = 0
8.0521 	EXP 	text: height = 0.05
8.0521 	EXP 	text: height = 0.05
8.0521 	EXP 	text: height = 0.05
8.0521 	EXP 	text: text = 0
8.0563 	EXP 	text: height = 0.05
8.0563 	EXP 	text: height = 0.05
8.0563 	EXP 	text: height = 0.05
8.0563 	EXP 	text: text = 0
8.0605 	EXP 	text: height = 0.05
8.0605 	EXP 	text: height = 0.05
8.0605 	EXP 	text: height = 0.05
8.0605 	EXP 	text: text = 0
8.0646 	EXP 	text: height = 0.05
8.0646 	EXP 	text: height = 0.05
8.0646 	EXP 	text: height = 0.05
8.0646 	EXP 	text: text = 0
8.0688 	EXP 	text: height = 0.05
8.0688 	EXP 	text: height = 0.05
8.0688 	EXP 	text: height = 0.05
8.0688 	EXP 	text: text = 0
8.0730 	EXP 	text: height = 0.05
8.0730 	EXP 	text: height = 0.05
8.0730 	EXP 	text: height = 0.05
8.0730 	EXP 	text: text = 0
8.0771 	EXP 	text: height = 0.05
8.0771 	EXP 	text: height = 0.05
8.0771 	EXP 	text: height = 0.05
8.0771 	EXP 	text: text = 0
8.0813 	EXP 	text: height = 0.05
8.0813 	EXP 	text: height = 0.05
8.0813 	EXP 	text: height = 0.05
8.0813 	EXP 	text: text = 0
8.0855 	EXP 	text: height = 0.05
8.0855 	EXP 	text: height = 0.05
8.0855 	EXP 	text: height = 0.05
8.0855 	EXP 	text: text = 0
8.0896 	EXP 	text: height = 0.05
8.0896 	EXP 	text: height = 0.05
8.0896 	EXP 	text: height = 0.05
8.0896 	EXP 	text: text = 0
8.0949 	EXP 	text: height = 0.05
8.0949 	EXP 	text: height = 0.05
8.0949 	EXP 	text: height = 0.05
8.0949 	EXP 	text: text = 0
8.0990 	EXP 	text: height = 0.05
8.0990 	EXP 	text: height = 0.05
8.0990 	EXP 	text: height = 0.05
8.0990 	EXP 	text: text = 0
8.1032 	EXP 	text: height = 0.05
8.1032 	EXP 	text: height = 0.05
8.1032 	EXP 	text: height = 0.05
8.1032 	EXP 	text: text = 0
8.1074 	EXP 	text: height = 0.05
8.1074 	EXP 	text: height = 0.05
8.1074 	EXP 	text: height = 0.05
8.1074 	EXP 	text: text = 0
8.1115 	EXP 	text: height = 0.05
8.1115 	EXP 	text: height = 0.05
8.1115 	EXP 	text: height = 0.05
8.1115 	EXP 	text: text = 0
8.1157 	EXP 	text: height = 0.05
8.1157 	EXP 	text: height = 0.05
8.1157 	EXP 	text: height = 0.05
8.1157 	EXP 	text: text = 0
8.1199 	EXP 	text: height = 0.05
8.1199 	EXP 	text: height = 0.05
8.1199 	EXP 	text: height = 0.05
8.1199 	EXP 	text: text = 0
8.1241 	EXP 	text: height = 0.05
8.1241 	EXP 	text: height = 0.05
8.1241 	EXP 	text: height = 0.05
8.1241 	EXP 	text: text = 0
8.1282 	EXP 	text: height = 0.05
8.1282 	EXP 	text: height = 0.05
8.1282 	EXP 	text: height = 0.05
8.1282 	EXP 	text: text = 0
8.1324 	EXP 	text: height = 0.05
8.1324 	EXP 	text: height = 0.05
8.1324 	EXP 	text: height = 0.05
8.1324 	EXP 	text: text = 0
8.1366 	EXP 	text: height = 0.05
8.1366 	EXP 	text: height = 0.05
8.1366 	EXP 	text: height = 0.05
8.1366 	EXP 	text: text = 0
8.1418 	EXP 	text: height = 0.05
8.1418 	EXP 	text: height = 0.05
8.1418 	EXP 	text: height = 0.05
8.1418 	EXP 	text: text = 0
8.1459 	EXP 	text: height = 0.05
8.1459 	EXP 	text: height = 0.05
8.1459 	EXP 	text: height = 0.05
8.1459 	EXP 	text: text = 0
8.1500 	EXP 	text: height = 0.05
8.1500 	EXP 	text: height = 0.05
8.1500 	EXP 	text: height = 0.05
8.1500 	EXP 	text: text = 0
8.1542 	EXP 	text: height = 0.05
8.1542 	EXP 	text: height = 0.05
8.1542 	EXP 	text: height = 0.05
8.1542 	EXP 	text: text = 0
8.1583 	EXP 	text: height = 0.05
8.1583 	EXP 	text: height = 0.05
8.1583 	EXP 	text: height = 0.05
8.1583 	EXP 	text: text = 0
8.1622 	DATA 	Mouse: Left button down, pos=(991,443)
8.1628 	EXP 	text: height = 0.05
8.1628 	EXP 	text: height = 0.05
8.1628 	EXP 	text: height = 0.05
8.1628 	EXP 	text: text = 0
8.1671 	EXP 	text: height = 0.05
8.1671 	EXP 	text: height = 0.05
8.1671 	EXP 	text: height = 0.05
8.1671 	EXP 	text: text = 0
8.1713 	EXP 	text: height = 0.05
8.1713 	EXP 	text: height = 0.05
8.1713 	EXP 	text: height = 0.05
8.1713 	EXP 	text: text = 0
8.1755 	EXP 	text: height = 0.05
8.1755 	EXP 	text: height = 0.05
8.1755 	EXP 	text: height = 0.05
8.1755 	EXP 	text: text = 0
8.1797 	EXP 	text: height = 0.05
8.1797 	EXP 	text: height = 0.05
8.1797 	EXP 	text: height = 0.05
8.1797 	EXP 	text: text = 0
8.1839 	EXP 	text: height = 0.05
8.1839 	EXP 	text: height = 0.05
8.1839 	EXP 	text: height = 0.05
8.1839 	EXP 	text: text = 0
8.1898 	EXP 	text: height = 0.05
8.1898 	EXP 	text: height = 0.05
8.1898 	EXP 	text: height = 0.05
8.1898 	EXP 	text: text = 0
8.1961 	EXP 	text: height = 0.05
8.1961 	EXP 	text: height = 0.05
8.1961 	EXP 	text: height = 0.05
8.1961 	EXP 	text: text = 0
8.2028 	EXP 	text: height = 0.05
8.2028 	EXP 	text: height = 0.05
8.2028 	EXP 	text: height = 0.05
8.2028 	EXP 	text: text = 0
8.2093 	EXP 	text: height = 0.05
8.2093 	EXP 	text: height = 0.05
8.2093 	EXP 	text: height = 0.05
8.2093 	EXP 	text: text = 0
8.2155 	EXP 	text: height = 0.05
8.2155 	EXP 	text: height = 0.05
8.2155 	EXP 	text: height = 0.05
8.2155 	EXP 	text: text = 0
8.2210 	EXP 	text: height = 0.05
8.2210 	EXP 	text: height = 0.05
8.2210 	EXP 	text: height = 0.05
8.2210 	EXP 	text: text = 0
8.2266 	EXP 	text: height = 0.05
8.2266 	EXP 	text: height = 0.05
8.2266 	EXP 	text: height = 0.05
8.2266 	EXP 	text: text = 0
8.2329 	EXP 	text: height = 0.05
8.2329 	EXP 	text: height = 0.05
8.2329 	EXP 	text: height = 0.05
8.2329 	EXP 	text: text = 0
8.2396 	EXP 	text: height = 0.05
8.2396 	EXP 	text: height = 0.05
8.2396 	EXP 	text: height = 0.05
8.2396 	EXP 	text: text = 0
8.2442 	DATA 	Mouse:  Left button up, pos=(991,443)
8.2450 	EXP 	text: height = 0.05
8.2450 	EXP 	text: height = 0.05
8.2450 	EXP 	text: height = 0.05
8.2450 	EXP 	text: text = 0
8.2495 	EXP 	text: height = 0.05
8.2495 	EXP 	text: height = 0.05
8.2495 	EXP 	text: height = 0.05
8.2495 	EXP 	text: text = 0
8.2547 	EXP 	text: height = 0.05
8.2547 	EXP 	text: height = 0.05
8.2547 	EXP 	text: height = 0.05
8.2547 	EXP 	text: text = 0
8.2594 	EXP 	text: height = 0.05
8.2594 	EXP 	text: height = 0.05
8.2594 	EXP 	text: height = 0.05
8.2594 	EXP 	text: text = 0
8.2646 	EXP 	text: height = 0.05
8.2646 	EXP 	text: height = 0.05
8.2646 	EXP 	text: height = 0.05
8.2646 	EXP 	text: text = 0
8.2691 	EXP 	text: height = 0.05
8.2691 	EXP 	text: height = 0.05
8.2691 	EXP 	text: height = 0.05
8.2691 	EXP 	text: text = 0
8.2741 	EXP 	text: height = 0.05
8.2741 	EXP 	text: height = 0.05
8.2741 	EXP 	text: height = 0.05
8.2741 	EXP 	text: text = 0
8.2798 	EXP 	text: height = 0.05
8.2798 	EXP 	text: height = 0.05
8.2798 	EXP 	text: height = 0.05
8.2798 	EXP 	text: text = 0
8.2841 	EXP 	text: height = 0.05
8.2841 	EXP 	text: height = 0.05
8.2841 	EXP 	text: height = 0.05
8.2841 	EXP 	text: text = 0
8.2883 	EXP 	text: height = 0.05
8.2883 	EXP 	text: height = 0.05
8.2883 	EXP 	text: height = 0.05
8.2883 	EXP 	text: text = 0
8.2925 	EXP 	text: height = 0.05
8.2925 	EXP 	text: height = 0.05
8.2925 	EXP 	text: height = 0.05
8.2925 	EXP 	text: text = 0
8.2967 	EXP 	text: height = 0.05
8.2967 	EXP 	text: height = 0.05
8.2967 	EXP 	text: height = 0.05
8.2967 	EXP 	text: text = 0
8.3008 	EXP 	text: height = 0.05
8.3008 	EXP 	text: height = 0.05
8.3008 	EXP 	text: height = 0.05
8.3008 	EXP 	text: text = 0
8.3050 	EXP 	text: height = 0.05
8.3050 	EXP 	text: height = 0.05
8.3050 	EXP 	text: height = 0.05
8.3050 	EXP 	text: text = 0
8.3092 	EXP 	text: height = 0.05
8.3092 	EXP 	text: height = 0.05
8.3092 	EXP 	text: height = 0.05
8.3092 	EXP 	text: text = 0
8.3133 	EXP 	text: height = 0.05
8.3133 	EXP 	text: height = 0.05
8.3133 	EXP 	text: height = 0.05
8.3133 	EXP 	text: text = 0
8.3175 	EXP 	text: height = 0.05
8.3175 	EXP 	text: height = 0.05
8.3175 	EXP 	text: height = 0.05
8.3175 	EXP 	text: text = 0
8.3217 	EXP 	text: height = 0.05
8.3217 	EXP 	text: height = 0.05
8.3217 	EXP 	text: height = 0.05
8.3217 	EXP 	text: text = 0
8.3258 	EXP 	text: height = 0.05
8.3258 	EXP 	text: height = 0.05
8.3258 	EXP 	text: height = 0.05
8.3258 	EXP 	text: text = 0
8.3302 	EXP 	text: height = 0.05
8.3302 	EXP 	text: height = 0.05
8.3302 	EXP 	text: height = 0.05
8.3302 	EXP 	text: text = 0
8.3336 	DATA 	Mouse: Left button down, pos=(991,443)
8.3344 	EXP 	text: height = 0.05
8.3344 	EXP 	text: height = 0.05
8.3344 	EXP 	text: height = 0.05
8.3344 	EXP 	text: text = 0
8.3386 	EXP 	text: height = 0.05
8.3386 	EXP 	text: height = 0.05
8.3386 	EXP 	text: height = 0.05
8.3386 	EXP 	text: text = 0
8.3427 	EXP 	text: height = 0.05
8.3427 	EXP 	text: height = 0.05
8.3427 	EXP 	text: height = 0.05
8.3427 	EXP 	text: text = 0
8.3469 	EXP 	text: height = 0.05
8.3469 	EXP 	text: height = 0.05
8.3469 	EXP 	text: height = 0.05
8.3469 	EXP 	text: text = 0
8.3511 	EXP 	text: height = 0.05
8.3511 	EXP 	text: height = 0.05
8.3511 	EXP 	text: height = 0.05
8.3511 	EXP 	text: text = 0
8.3552 	EXP 	text: height = 0.05
8.3552 	EXP 	text: height = 0.05
8.3552 	EXP 	text: height = 0.05
8.3552 	EXP 	text: text = 0
8.3594 	EXP 	text: height = 0.05
8.3594 	EXP 	text: height = 0.05
8.3594 	EXP 	text: height = 0.05
8.3594 	EXP 	text: text = 0
8.3638 	EXP 	text: height = 0.05
8.3638 	EXP 	text: height = 0.05
8.3638 	EXP 	text: height = 0.05
8.3638 	EXP 	text: text = 0
8.3679 	EXP 	text: height = 0.05
8.3679 	EXP 	text: height = 0.05
8.3679 	EXP 	text: height = 0.05
8.3679 	EXP 	text: text = 0
8.3721 	EXP 	text: height = 0.05
8.3721 	EXP 	text: height = 0.05
8.3721 	EXP 	text: height = 0.05
8.3721 	EXP 	text: text = 0
8.3763 	EXP 	text: height = 0.05
8.3763 	EXP 	text: height = 0.05
8.3763 	EXP 	text: height = 0.05
8.3763 	EXP 	text: text = 0
8.3804 	EXP 	text: height = 0.05
8.3804 	EXP 	text: height = 0.05
8.3804 	EXP 	text: height = 0.05
8.3804 	EXP 	text: text = 0
8.3846 	EXP 	text: height = 0.05
8.3846 	EXP 	text: height = 0.05
8.3846 	EXP 	text: height = 0.05
8.3846 	EXP 	text: text = 0
8.3888 	EXP 	text: height = 0.05
8.3888 	EXP 	text: height = 0.05
8.3888 	EXP 	text: height = 0.05
8.3888 	EXP 	text: text = 0
8.3929 	EXP 	text: height = 0.05
8.3929 	EXP 	text: height = 0.05
8.3929 	EXP 	text: height = 0.05
8.3929 	EXP 	text: text = 0
8.3971 	EXP 	text: height = 0.05
8.3971 	EXP 	text: height = 0.05
8.3971 	EXP 	text: height = 0.05
8.3971 	EXP 	text: text = 0
8.4013 	EXP 	text: height = 0.05
8.4013 	EXP 	text: height = 0.05
8.4013 	EXP 	text: height = 0.05
8.4013 	EXP 	text: text = 0
8.4059 	EXP 	text: height = 0.05
8.4059 	EXP 	text: height = 0.05
8.4059 	EXP 	text: height = 0.05
8.4059 	EXP 	text: text = 0
8.4100 	EXP 	text: height = 0.05
8.4100 	EXP 	text: height = 0.05
8.4100 	EXP 	text: height = 0.05
8.4100 	EXP 	text: text = 0
8.4133 	DATA 	Mouse:  Left button up, pos=(991,443)
8.4141 	EXP 	text: height = 0.05
8.4141 	EXP 	text: height = 0.05
8.4141 	EXP 	text: height = 0.05
8.4141 	EXP 	text: text = 0
8.4183 	EXP 	text: height = 0.05
8.4183 	EXP 	text: height = 0.05
8.4183 	EXP 	text: height = 0.05
8.4183 	EXP 	text: text = 0
8.4225 	EXP 	text: height = 0.05
8.4225 	EXP 	text: height = 0.05
8.4225 	EXP 	text: height = 0.05
8.4225 	EXP 	text: text = 0
8.4267 	EXP 	text: height = 0.05
8.4267 	EXP 	text: height = 0.05
8.4267 	EXP 	text: height = 0.05
8.4267 	EXP 	text: text = 0
8.4308 	EXP 	text: height = 0.05
8.4308 	EXP 	text: height = 0.05
8.4308 	EXP 	text: height = 0.05
8.4308 	EXP 	text: text = 0
8.4350 	EXP 	text: height = 0.05
8.4350 	EXP 	text: height = 0.05
8.4350 	EXP 	text: height = 0.05
8.4350 	EXP 	text: text = 0
8.4392 	EXP 	text: height = 0.05
8.4392 	EXP 	text: height = 0.05
8.4392 	EXP 	text: height = 0.05
8.4392 	EXP 	text: text = 0
8.4433 	EXP 	text: height = 0.05
8.4433 	EXP 	text: height = 0.05
8.4433 	EXP 	text: height = 0.05
8.4433 	EXP 	text: text = 0
8.4475 	EXP 	text: height = 0.05
8.4475 	EXP 	text: height = 0.05
8.4475 	EXP 	text: height = 0.05
8.4475 	EXP 	text: text = 0
8.4517 	EXP 	text: height = 0.05
8.4517 	EXP 	text: height = 0.05
8.4517 	EXP 	text: height = 0.05
8.4517 	EXP 	text: text = 0
8.4559 	EXP 	text: height = 0.05
8.4559 	EXP 	text: height = 0.05
8.4559 	EXP 	text: height = 0.05
8.4559 	EXP 	text: text = 0
8.4600 	EXP 	text: height = 0.05
8.4600 	EXP 	text: height = 0.05
8.4600 	EXP 	text: height = 0.05
8.4600 	EXP 	text: text = 0
8.4642 	EXP 	text: height = 0.05
8.4642 	EXP 	text: height = 0.05
8.4642 	EXP 	text: height = 0.05
8.4642 	EXP 	text: text = 0
8.4696 	EXP 	text: height = 0.05
8.4696 	EXP 	text: height = 0.05
8.4696 	EXP 	text: height = 0.05
8.4696 	EXP 	text: text = 0
8.4739 	EXP 	text: height = 0.05
8.4739 	EXP 	text: height = 0.05
8.4739 	EXP 	text: height = 0.05
8.4739 	EXP 	text: text = 0
8.4781 	EXP 	text: height = 0.05
8.4781 	EXP 	text: height = 0.05
8.4781 	EXP 	text: height = 0.05
8.4781 	EXP 	text: text = 0
8.4822 	EXP 	text: height = 0.05
8.4822 	EXP 	text: height = 0.05
8.4822 	EXP 	text: height = 0.05
8.4822 	EXP 	text: text = 0
8.4864 	EXP 	text: height = 0.05
8.4864 	EXP 	text: height = 0.05
8.4864 	EXP 	text: height = 0.05
8.4864 	EXP 	text: text = 0
8.4906 	EXP 	text: height = 0.05
8.4906 	EXP 	text: height = 0.05
8.4906 	EXP 	text: height = 0.05
8.4906 	EXP 	text: text = 0
8.4938 	DATA 	Mouse: Left button down, pos=(991,443)
8.4948 	EXP 	text: height = 0.05
8.4948 	EXP 	text: height = 0.05
8.4948 	EXP 	text: height = 0.05
8.4948 	EXP 	text: text = 0
8.5005 	EXP 	text: height = 0.05
8.5005 	EXP 	text: height = 0.05
8.5005 	EXP 	text: height = 0.05
8.5005 	EXP 	text: text = 0
8.5052 	EXP 	text: height = 0.05
8.5052 	EXP 	text: height = 0.05
8.5052 	EXP 	text: height = 0.05
8.5052 	EXP 	text: text = 0
8.5093 	EXP 	text: height = 0.05
8.5093 	EXP 	text: height = 0.05
8.5093 	EXP 	text: height = 0.05
8.5093 	EXP 	text: text = 0
8.5135 	EXP 	text: height = 0.05
8.5135 	EXP 	text: height = 0.05
8.5135 	EXP 	text: height = 0.05
8.5135 	EXP 	text: text = 0
8.5177 	EXP 	text: height = 0.05
8.5177 	EXP 	text: height = 0.05
8.5177 	EXP 	text: height = 0.05
8.5177 	EXP 	text: text = 0
8.5218 	EXP 	text: height = 0.05
8.5218 	EXP 	text: height = 0.05
8.5218 	EXP 	text: height = 0.05
8.5218 	EXP 	text: text = 0
8.5260 	EXP 	text: height = 0.05
8.5260 	EXP 	text: height = 0.05
8.5260 	EXP 	text: height = 0.05
8.5260 	EXP 	text: text = 0
8.5313 	EXP 	text: height = 0.05
8.5313 	EXP 	text: height = 0.05
8.5313 	EXP 	text: height = 0.05
8.5313 	EXP 	text: text = 0
8.5355 	EXP 	text: height = 0.05
8.5355 	EXP 	text: height = 0.05
8.5355 	EXP 	text: height = 0.05
8.5355 	EXP 	text: text = 0
8.5396 	EXP 	text: height = 0.05
8.5396 	EXP 	text: height = 0.05
8.5396 	EXP 	text: height = 0.05
8.5396 	EXP 	text: text = 0
8.5438 	EXP 	text: height = 0.05
8.5438 	EXP 	text: height = 0.05
8.5438 	EXP 	text: height = 0.05
8.5438 	EXP 	text: text = 0
8.5480 	EXP 	text: height = 0.05
8.5480 	EXP 	text: height = 0.05
8.5480 	EXP 	text: height = 0.05
8.5480 	EXP 	text: text = 0
8.5522 	EXP 	text: height = 0.05
8.5522 	EXP 	text: height = 0.05
8.5522 	EXP 	text: height = 0.05
8.5522 	EXP 	text: text = 0
8.5564 	EXP 	text: height = 0.05
8.5564 	EXP 	text: height = 0.05
8.5564 	EXP 	text: height = 0.05
8.5564 	EXP 	text: text = 0
8.5625 	EXP 	text: height = 0.05
8.5625 	EXP 	text: height = 0.05
8.5625 	EXP 	text: height = 0.05
8.5625 	EXP 	text: text = 0
8.5672 	EXP 	text: height = 0.05
8.5672 	EXP 	text: height = 0.05
8.5672 	EXP 	text: height = 0.05
8.5672 	EXP 	text: text = 0
8.5714 	EXP 	text: height = 0.05
8.5714 	EXP 	text: height = 0.05
8.5714 	EXP 	text: height = 0.05
8.5714 	EXP 	text: text = 0
8.5756 	EXP 	text: height = 0.05
8.5756 	EXP 	text: height = 0.05
8.5756 	EXP 	text: height = 0.05
8.5756 	EXP 	text: text = 0
8.5798 	EXP 	text: height = 0.05
8.5798 	EXP 	text: height = 0.05
8.5798 	EXP 	text: height = 0.05
8.5798 	EXP 	text: text = 0
8.5831 	DATA 	Mouse:  Left button up, pos=(991,443)
8.5840 	EXP 	text: height = 0.05
8.5840 	EXP 	text: height = 0.05
8.5840 	EXP 	text: height = 0.05
8.5840 	EXP 	text: text = 0
8.5882 	EXP 	text: height = 0.05
8.5882 	EXP 	text: height = 0.05
8.5882 	EXP 	text: height = 0.05
8.5882 	EXP 	text: text = 0
8.5929 	EXP 	text: height = 0.05
8.5929 	EXP 	text: height = 0.05
8.5929 	EXP 	text: height = 0.05
8.5929 	EXP 	text: text = 0
8.5965 	EXP 	text: height = 0.05
8.5965 	EXP 	text: height = 0.05
8.5965 	EXP 	text: height = 0.05
8.5965 	EXP 	text: text = 0
8.6007 	EXP 	text: height = 0.05
8.6007 	EXP 	text: height = 0.05
8.6007 	EXP 	text: height = 0.05
8.6007 	EXP 	text: text = 0
8.6049 	EXP 	text: height = 0.05
8.6049 	EXP 	text: height = 0.05
8.6049 	EXP 	text: height = 0.05
8.6049 	EXP 	text: text = 0
8.6090 	EXP 	text: height = 0.05
8.6090 	EXP 	text: height = 0.05
8.6090 	EXP 	text: height = 0.05
8.6090 	EXP 	text: text = 0
8.6132 	EXP 	text: height = 0.05
8.6132 	EXP 	text: height = 0.05
8.6132 	EXP 	text: height = 0.05
8.6132 	EXP 	text: text = 0
8.6174 	EXP 	text: height = 0.05
8.6174 	EXP 	text: height = 0.05
8.6174 	EXP 	text: height = 0.05
8.6174 	EXP 	text: text = 0
8.6215 	EXP 	text: height = 0.05
8.6215 	EXP 	text: height = 0.05
8.6215 	EXP 	text: height = 0.05
8.6215 	EXP 	text: text = 0
8.6258 	EXP 	text: height = 0.05
8.6258 	EXP 	text: height = 0.05
8.6258 	EXP 	text: height = 0.05
8.6258 	EXP 	text: text = 0
8.6299 	EXP 	text: height = 0.05
8.6299 	EXP 	text: height = 0.05
8.6299 	EXP 	text: height = 0.05
8.6299 	EXP 	text: text = 0
8.6340 	EXP 	text: height = 0.05
8.6340 	EXP 	text: height = 0.05
8.6340 	EXP 	text: height = 0.05
8.6340 	EXP 	text: text = 0
8.6382 	EXP 	text: height = 0.05
8.6382 	EXP 	text: height = 0.05
8.6382 	EXP 	text: height = 0.05
8.6382 	EXP 	text: text = 0
8.6424 	EXP 	text: height = 0.05
8.6424 	EXP 	text: height = 0.05
8.6424 	EXP 	text: height = 0.05
8.6424 	EXP 	text: text = 0
8.6465 	EXP 	text: height = 0.05
8.6465 	EXP 	text: height = 0.05
8.6465 	EXP 	text: height = 0.05
8.6465 	EXP 	text: text = 0
8.6507 	EXP 	text: height = 0.05
8.6507 	EXP 	text: height = 0.05
8.6507 	EXP 	text: height = 0.05
8.6507 	EXP 	text: text = 0
8.6556 	EXP 	text: height = 0.05
8.6556 	EXP 	text: height = 0.05
8.6556 	EXP 	text: height = 0.05
8.6556 	EXP 	text: text = 0
8.6593 	EXP 	text: height = 0.05
8.6593 	EXP 	text: height = 0.05
8.6593 	EXP 	text: height = 0.05
8.6593 	EXP 	text: text = 0
8.6635 	EXP 	text: height = 0.05
8.6635 	EXP 	text: height = 0.05
8.6635 	EXP 	text: height = 0.05
8.6635 	EXP 	text: text = 0
8.6677 	EXP 	text: height = 0.05
8.6677 	EXP 	text: height = 0.05
8.6677 	EXP 	text: height = 0.05
8.6677 	EXP 	text: text = 0
8.6728 	EXP 	text: height = 0.05
8.6728 	EXP 	text: height = 0.05
8.6728 	EXP 	text: height = 0.05
8.6728 	EXP 	text: text = 0
8.6762 	EXP 	text: height = 0.05
8.6762 	EXP 	text: height = 0.05
8.6762 	EXP 	text: height = 0.05
8.6762 	EXP 	text: text = 0
8.6804 	EXP 	text: height = 0.05
8.6804 	EXP 	text: height = 0.05
8.6804 	EXP 	text: height = 0.05
8.6804 	EXP 	text: text = 0
8.6846 	EXP 	text: height = 0.05
8.6846 	EXP 	text: height = 0.05
8.6846 	EXP 	text: height = 0.05
8.6846 	EXP 	text: text = 0
8.6887 	EXP 	text: height = 0.05
8.6887 	EXP 	text: height = 0.05
8.6887 	EXP 	text: height = 0.05
8.6887 	EXP 	text: text = 0
8.6929 	EXP 	text: height = 0.05
8.6929 	EXP 	text: height = 0.05
8.6929 	EXP 	text: height = 0.05
8.6929 	EXP 	text: text = 0
8.6970 	EXP 	text: height = 0.05
8.6970 	EXP 	text: height = 0.05
8.6970 	EXP 	text: height = 0.05
8.6970 	EXP 	text: text = 0
8.7012 	EXP 	text: height = 0.05
8.7012 	EXP 	text: height = 0.05
8.7012 	EXP 	text: height = 0.05
8.7012 	EXP 	text: text = 0
8.7054 	EXP 	text: height = 0.05
8.7054 	EXP 	text: height = 0.05
8.7054 	EXP 	text: height = 0.05
8.7054 	EXP 	text: text = 0
8.7096 	EXP 	text: height = 0.05
8.7096 	EXP 	text: height = 0.05
8.7096 	EXP 	text: height = 0.05
8.7096 	EXP 	text: text = 0
8.7137 	EXP 	text: height = 0.05
8.7137 	EXP 	text: height = 0.05
8.7137 	EXP 	text: height = 0.05
8.7137 	EXP 	text: text = 0
8.7187 	EXP 	text: height = 0.05
8.7187 	EXP 	text: height = 0.05
8.7187 	EXP 	text: height = 0.05
8.7187 	EXP 	text: text = 0
8.7223 	EXP 	text: height = 0.05
8.7223 	EXP 	text: height = 0.05
8.7223 	EXP 	text: height = 0.05
8.7223 	EXP 	text: text = 0
8.7264 	EXP 	text: height = 0.05
8.7264 	EXP 	text: height = 0.05
8.7264 	EXP 	text: height = 0.05
8.7264 	EXP 	text: text = 0
8.7278 	DATA 	Keypress: escape
8.7306 	EXP 	text: height = 0.05
8.7306 	EXP 	text: height = 0.05
8.7306 	EXP 	text: height = 0.05
8.7306 	EXP 	text: text = 0
8.7348 	EXP 	text: height = 0.05
8.7348 	EXP 	text: height = 0.05
8.7348 	EXP 	text: height = 0.05
8.7348 	EXP 	text: text = 0
8.7390 	EXP 	text: height = 0.05
8.7390 	EXP 	text: height = 0.05
8.7390 	EXP 	text: height = 0.05
8.7390 	EXP 	text: text = 0
8.7431 	EXP 	text: height = 0.05
8.7431 	EXP 	text: height = 0.05
8.7431 	EXP 	text: height = 0.05
8.7431 	EXP 	text: text = 0
8.7473 	EXP 	text: height = 0.05
8.7473 	EXP 	text: height = 0.05
8.7473 	EXP 	text: height = 0.05
8.7473 	EXP 	text: text = 0
8.7515 	EXP 	text: height = 0.05
8.7515 	EXP 	text: height = 0.05
8.7515 	EXP 	text: height = 0.05
8.7515 	EXP 	text: text = 0
8.7556 	EXP 	text: height = 0.05
8.7556 	EXP 	text: height = 0.05
8.7556 	EXP 	text: height = 0.05
8.7556 	EXP 	text: text = 0
8.7598 	EXP 	text: height = 0.05
8.7598 	EXP 	text: height = 0.05
8.7598 	EXP 	text: height = 0.05
8.7598 	EXP 	text: text = 0
8.7646 	EXP 	text: height = 0.05
8.7646 	EXP 	text: height = 0.05
8.7646 	EXP 	text: height = 0.05
8.7646 	EXP 	text: text = 0
8.7682 	EXP 	text: height = 0.05
8.7682 	EXP 	text: height = 0.05
8.7682 	EXP 	text: height = 0.05
8.7682 	EXP 	text: text = 0
8.7723 	EXP 	text: height = 0.05
8.7723 	EXP 	text: height = 0.05
8.7723 	EXP 	text: height = 0.05
8.7723 	EXP 	text: text = 0
8.7765 	EXP 	text: height = 0.05
8.7765 	EXP 	text: height = 0.05
8.7765 	EXP 	text: height = 0.05
8.7765 	EXP 	text: text = 0
8.7807 	EXP 	text: height = 0.05
8.7807 	EXP 	text: height = 0.05
8.7807 	EXP 	text: height = 0.05
8.7807 	EXP 	text: text = 0
8.7849 	EXP 	text: height = 0.05
8.7849 	EXP 	text: height = 0.05
8.7849 	EXP 	text: height = 0.05
8.7849 	EXP 	text: text = 0
8.7890 	EXP 	text: height = 0.05
8.7890 	EXP 	text: height = 0.05
8.7890 	EXP 	text: height = 0.05
8.7890 	EXP 	text: text = 0
8.7932 	EXP 	text: height = 0.05
8.7932 	EXP 	text: height = 0.05
8.7932 	EXP 	text: height = 0.05
8.7932 	EXP 	text: text = 0
8.7974 	EXP 	text: height = 0.05
8.7974 	EXP 	text: height = 0.05
8.7974 	EXP 	text: height = 0.05
8.7974 	EXP 	text: text = 0
8.8015 	EXP 	text: height = 0.05
8.8015 	EXP 	text: height = 0.05
8.8015 	EXP 	text: height = 0.05
8.8015 	EXP 	text: text = 0
8.8057 	EXP 	text: height = 0.05
8.8057 	EXP 	text: height = 0.05
8.8057 	EXP 	text: height = 0.05
8.8057 	EXP 	text: text = 0
8.8108 	EXP 	text: height = 0.05
8.8108 	EXP 	text: height = 0.05
8.8108 	EXP 	text: height = 0.05
8.8108 	EXP 	text: text = 0
8.8143 	EXP 	text: height = 0.05
8.8143 	EXP 	text: height = 0.05
8.8143 	EXP 	text: height = 0.05
8.8143 	EXP 	text: text = 0
8.8185 	EXP 	text: height = 0.05
8.8185 	EXP 	text: height = 0.05
8.8185 	EXP 	text: height = 0.05
8.8185 	EXP 	text: text = 0
8.8226 	EXP 	text: height = 0.05
8.8226 	EXP 	text: height = 0.05
8.8226 	EXP 	text: height = 0.05
8.8226 	EXP 	text: text = 0
8.8268 	EXP 	text: height = 0.05
8.8268 	EXP 	text: height = 0.05
8.8268 	EXP 	text: height = 0.05
8.8268 	EXP 	text: text = 0
9.1900 	EXP 	window1: mouseVisible = True
