1.4983 	WARNING 	We strongly recommend you activate the PTB sound engine in PsychoPy prefs as the preferred audio engine. Its timing is vastly superior. Your prefs are currently set to use ['sounddevice', 'PTB', 'pyo', 'pygame'] (in that order).
3.7032 	WARNING 	User requested fullscreen with size [1024  768], but screen is actually [1920, 1080]. Using actual size
4.0633 	EXP 	Created window1 = Window(allowGUI=True, allowStencil=False, autoLog=True, backendConf=UNKNOWN, bitsMode=UNKNOWN, blendMode='avg', bpc=(8, 8, 8), color=array([0, 0, 0]), colorSpace='rgb', depthBits=8, fullscr=<method-wrapper '__getattribute__' of attributeSetter object at 0x000002B3EAD61190>, gamma=None, gammaErrorPolicy='raise', lms=UNKNOWN, monitor=<psychopy.monitors.calibTools.Monitor object at 0x000002B3EB1E5790>, multiSample=False, name='window1', numSamples=2, pos=(0, 0), screen=0, size=array([1920, 1080]), stencilBits=0, stereo=False, units='height', useFBO=True, useRetina=False, viewOri=0.0, viewPos=None, viewScale=None, waitBlanking=True, winType='pyglet')
4.0633 	EXP 	window1: mouseVisible = True
4.0634 	EXP 	window1: mouseVisible = False
4.0634 	EXP 	window1: Attempting to measure frame rate of screen (0) ...
4.0634 	EXP 	window1: recordFrameIntervals = False
4.1047 	EXP 	window1: recordFrameIntervals = True
4.1221 	WARNING 	t of last frame was 5.05ms (=1/198)
4.1510 	EXP 	Screen (0) actual frame rate measured at 237.80Hz
4.1510 	EXP 	window1: recordFrameIntervals = False
5.8191 	EXP 	Created text = TextStim(__class__=<class 'psychopy.visual.text.TextStim'>, alignHoriz=method-wrapper(...), alignText='center', alignVert=method-wrapper(...), anchorHoriz='center', anchorVert='center', antialias=True, autoDraw=False, autoLog=True, bold=False, color=array([1, 1, 1]), colorSpace='rgb', contrast=1.0, depth=-2.0, flipHoriz=False, flipVert=False, font='Open Sans', fontFiles=[], height=0.05, italic=False, languageStyle='LTR', name='text', opacity=1.0, ori=0.0, pos=array([ 0. , -0.2]), rgb=UNKNOWN, text='asd', units='height', win=Window(...), wrapWidth=1)
5.8343 	EXP 	window1: mouseVisible = True
5.8343 	EXP 	window1: mouseVisible = True
5.8426 	EXP 	Created warning = TextStim(__class__=<class 'psychopy.visual.text.TextStim'>, alignHoriz=method-wrapper(...), alignText='center', alignVert=method-wrapper(...), anchorHoriz='center', anchorVert='center', antialias=True, autoDraw=False, autoLog=True, bold=False, color=array([ 1., -1., -1.]), colorSpace='rgb', contrast=1.0, depth=-5.0, flipHoriz=False, flipVert=False, font='Open Sans', fontFiles=[], height=0.05, italic=False, languageStyle='LTR', name='warning', opacity=1.0, ori=0.0, pos=array([ 0.  , -0.45]), rgb=UNKNOWN, text='Please type up to 5 words.', units='height', win=Window(...), wrapWidth=1)
5.8512 	EXP 	textbox: autoLog = True
5.8512 	EXP 	text: height = 0.05
5.8512 	EXP 	text: height = 0.05
5.8512 	EXP 	text: height = 0.05
5.8512 	EXP 	text: text = 0
5.8512 	EXP 	textbox: autoDraw = True
5.8512 	EXP 	text: autoDraw = True
5.8512 	EXP 	warning: autoDraw = True
5.8595 	EXP 	text: height = 0.05
5.8595 	EXP 	text: height = 0.05
5.8595 	EXP 	text: height = 0.05
5.8595 	EXP 	text: text = 0
5.8643 	EXP 	text: height = 0.05
5.8643 	EXP 	text: height = 0.05
5.8643 	EXP 	text: height = 0.05
5.8643 	EXP 	text: text = 0
5.8716 	EXP 	text: height = 0.05
5.8716 	EXP 	text: height = 0.05
5.8716 	EXP 	text: height = 0.05
5.8716 	EXP 	text: text = 0
5.8763 	EXP 	text: height = 0.05
5.8763 	EXP 	text: height = 0.05
5.8763 	EXP 	text: height = 0.05
5.8763 	EXP 	text: text = 0
5.8841 	EXP 	text: height = 0.05
5.8841 	EXP 	text: height = 0.05
5.8841 	EXP 	text: height = 0.05
5.8841 	EXP 	text: text = 0
5.8888 	EXP 	text: height = 0.05
5.8888 	EXP 	text: height = 0.05
5.8888 	EXP 	text: height = 0.05
5.8888 	EXP 	text: text = 0
5.8965 	EXP 	text: height = 0.05
5.8965 	EXP 	text: height = 0.05
5.8965 	EXP 	text: height = 0.05
5.8965 	EXP 	text: text = 0
5.9009 	EXP 	text: height = 0.05
5.9009 	EXP 	text: height = 0.05
5.9009 	EXP 	text: height = 0.05
5.9009 	EXP 	text: text = 0
5.9081 	EXP 	text: height = 0.05
5.9081 	EXP 	text: height = 0.05
5.9081 	EXP 	text: height = 0.05
5.9081 	EXP 	text: text = 0
5.9123 	EXP 	text: height = 0.05
5.9123 	EXP 	text: height = 0.05
5.9123 	EXP 	text: height = 0.05
5.9123 	EXP 	text: text = 0
5.9201 	EXP 	text: height = 0.05
5.9201 	EXP 	text: height = 0.05
5.9201 	EXP 	text: height = 0.05
5.9201 	EXP 	text: text = 0
5.9249 	EXP 	text: height = 0.05
5.9249 	EXP 	text: height = 0.05
5.9249 	EXP 	text: height = 0.05
5.9249 	EXP 	text: text = 0
5.9323 	EXP 	text: height = 0.05
5.9323 	EXP 	text: height = 0.05
5.9323 	EXP 	text: height = 0.05
5.9323 	EXP 	text: text = 0
5.9374 	EXP 	text: height = 0.05
5.9374 	EXP 	text: height = 0.05
5.9374 	EXP 	text: height = 0.05
5.9374 	EXP 	text: text = 0
5.9458 	EXP 	text: height = 0.05
5.9458 	EXP 	text: height = 0.05
5.9458 	EXP 	text: height = 0.05
5.9458 	EXP 	text: text = 0
5.9507 	EXP 	text: height = 0.05
5.9507 	EXP 	text: height = 0.05
5.9507 	EXP 	text: height = 0.05
5.9507 	EXP 	text: text = 0
5.9583 	EXP 	text: height = 0.05
5.9583 	EXP 	text: height = 0.05
5.9583 	EXP 	text: height = 0.05
5.9583 	EXP 	text: text = 0
5.9631 	EXP 	text: height = 0.05
5.9631 	EXP 	text: height = 0.05
5.9631 	EXP 	text: height = 0.05
5.9631 	EXP 	text: text = 0
5.9703 	EXP 	text: height = 0.05
5.9703 	EXP 	text: height = 0.05
5.9703 	EXP 	text: height = 0.05
5.9703 	EXP 	text: text = 0
5.9746 	EXP 	text: height = 0.05
5.9746 	EXP 	text: height = 0.05
5.9746 	EXP 	text: height = 0.05
5.9746 	EXP 	text: text = 0
5.9817 	EXP 	text: height = 0.05
5.9817 	EXP 	text: height = 0.05
5.9817 	EXP 	text: height = 0.05
5.9817 	EXP 	text: text = 0
5.9876 	EXP 	text: height = 0.05
5.9876 	EXP 	text: height = 0.05
5.9876 	EXP 	text: height = 0.05
5.9876 	EXP 	text: text = 0
5.9956 	EXP 	text: height = 0.05
5.9956 	EXP 	text: height = 0.05
5.9956 	EXP 	text: height = 0.05
5.9956 	EXP 	text: text = 0
6.0004 	EXP 	text: height = 0.05
6.0004 	EXP 	text: height = 0.05
6.0004 	EXP 	text: height = 0.05
6.0004 	EXP 	text: text = 0
6.0081 	EXP 	text: height = 0.05
6.0081 	EXP 	text: height = 0.05
6.0081 	EXP 	text: height = 0.05
6.0081 	EXP 	text: text = 0
6.0130 	EXP 	text: height = 0.05
6.0130 	EXP 	text: height = 0.05
6.0130 	EXP 	text: height = 0.05
6.0130 	EXP 	text: text = 0
6.0208 	EXP 	text: height = 0.05
6.0208 	EXP 	text: height = 0.05
6.0208 	EXP 	text: height = 0.05
6.0208 	EXP 	text: text = 0
6.0257 	EXP 	text: height = 0.05
6.0257 	EXP 	text: height = 0.05
6.0257 	EXP 	text: height = 0.05
6.0257 	EXP 	text: text = 0
6.0340 	EXP 	text: height = 0.05
6.0340 	EXP 	text: height = 0.05
6.0340 	EXP 	text: height = 0.05
6.0340 	EXP 	text: text = 0
6.0388 	EXP 	text: height = 0.05
6.0388 	EXP 	text: height = 0.05
6.0388 	EXP 	text: height = 0.05
6.0388 	EXP 	text: text = 0
6.0464 	EXP 	text: height = 0.05
6.0464 	EXP 	text: height = 0.05
6.0464 	EXP 	text: height = 0.05
6.0464 	EXP 	text: text = 0
6.0511 	EXP 	text: height = 0.05
6.0511 	EXP 	text: height = 0.05
6.0511 	EXP 	text: height = 0.05
6.0511 	EXP 	text: text = 0
6.0587 	EXP 	text: height = 0.05
6.0587 	EXP 	text: height = 0.05
6.0587 	EXP 	text: height = 0.05
6.0587 	EXP 	text: text = 0
6.0634 	EXP 	text: height = 0.05
6.0634 	EXP 	text: height = 0.05
6.0634 	EXP 	text: height = 0.05
6.0634 	EXP 	text: text = 0
6.0700 	EXP 	text: height = 0.05
6.0700 	EXP 	text: height = 0.05
6.0700 	EXP 	text: height = 0.05
6.0700 	EXP 	text: text = 0
6.0742 	EXP 	text: height = 0.05
6.0742 	EXP 	text: height = 0.05
6.0742 	EXP 	text: height = 0.05
6.0742 	EXP 	text: text = 0
6.0796 	EXP 	text: height = 0.05
6.0796 	EXP 	text: height = 0.05
6.0796 	EXP 	text: height = 0.05
6.0796 	EXP 	text: text = 0
6.0838 	EXP 	text: height = 0.05
6.0838 	EXP 	text: height = 0.05
6.0838 	EXP 	text: height = 0.05
6.0838 	EXP 	text: text = 0
6.0887 	EXP 	text: height = 0.05
6.0887 	EXP 	text: height = 0.05
6.0887 	EXP 	text: height = 0.05
6.0887 	EXP 	text: text = 0
6.0929 	EXP 	text: height = 0.05
6.0929 	EXP 	text: height = 0.05
6.0929 	EXP 	text: height = 0.05
6.0929 	EXP 	text: text = 0
6.0975 	EXP 	text: height = 0.05
6.0975 	EXP 	text: height = 0.05
6.0975 	EXP 	text: height = 0.05
6.0975 	EXP 	text: text = 0
6.1017 	EXP 	text: height = 0.05
6.1017 	EXP 	text: height = 0.05
6.1017 	EXP 	text: height = 0.05
6.1017 	EXP 	text: text = 0
6.1061 	EXP 	text: height = 0.05
6.1061 	EXP 	text: height = 0.05
6.1061 	EXP 	text: height = 0.05
6.1061 	EXP 	text: text = 0
6.1103 	EXP 	text: height = 0.05
6.1103 	EXP 	text: height = 0.05
6.1103 	EXP 	text: height = 0.05
6.1103 	EXP 	text: text = 0
6.1144 	EXP 	text: height = 0.05
6.1144 	EXP 	text: height = 0.05
6.1144 	EXP 	text: height = 0.05
6.1144 	EXP 	text: text = 0
6.1186 	EXP 	text: height = 0.05
6.1186 	EXP 	text: height = 0.05
6.1186 	EXP 	text: height = 0.05
6.1186 	EXP 	text: text = 0
6.1228 	EXP 	text: height = 0.05
6.1228 	EXP 	text: height = 0.05
6.1228 	EXP 	text: height = 0.05
6.1228 	EXP 	text: text = 0
6.1270 	EXP 	text: height = 0.05
6.1270 	EXP 	text: height = 0.05
6.1270 	EXP 	text: height = 0.05
6.1270 	EXP 	text: text = 0
6.1315 	EXP 	text: height = 0.05
6.1315 	EXP 	text: height = 0.05
6.1315 	EXP 	text: height = 0.05
6.1315 	EXP 	text: text = 0
6.1357 	EXP 	text: height = 0.05
6.1357 	EXP 	text: height = 0.05
6.1357 	EXP 	text: height = 0.05
6.1357 	EXP 	text: text = 0
6.1399 	EXP 	text: height = 0.05
6.1399 	EXP 	text: height = 0.05
6.1399 	EXP 	text: height = 0.05
6.1399 	EXP 	text: text = 0
6.1441 	EXP 	text: height = 0.05
6.1441 	EXP 	text: height = 0.05
6.1441 	EXP 	text: height = 0.05
6.1441 	EXP 	text: text = 0
6.1483 	EXP 	text: height = 0.05
6.1483 	EXP 	text: height = 0.05
6.1483 	EXP 	text: height = 0.05
6.1483 	EXP 	text: text = 0
6.1525 	EXP 	text: height = 0.05
6.1525 	EXP 	text: height = 0.05
6.1525 	EXP 	text: height = 0.05
6.1525 	EXP 	text: text = 0
6.1566 	EXP 	text: height = 0.05
6.1566 	EXP 	text: height = 0.05
6.1566 	EXP 	text: height = 0.05
6.1566 	EXP 	text: text = 0
6.1608 	EXP 	text: height = 0.05
6.1608 	EXP 	text: height = 0.05
6.1608 	EXP 	text: height = 0.05
6.1608 	EXP 	text: text = 0
6.1650 	EXP 	text: height = 0.05
6.1650 	EXP 	text: height = 0.05
6.1650 	EXP 	text: height = 0.05
6.1650 	EXP 	text: text = 0
6.1691 	EXP 	text: height = 0.05
6.1691 	EXP 	text: height = 0.05
6.1691 	EXP 	text: height = 0.05
6.1691 	EXP 	text: text = 0
6.1733 	EXP 	text: height = 0.05
6.1733 	EXP 	text: height = 0.05
6.1733 	EXP 	text: height = 0.05
6.1733 	EXP 	text: text = 0
6.1776 	EXP 	text: height = 0.05
6.1776 	EXP 	text: height = 0.05
6.1776 	EXP 	text: height = 0.05
6.1776 	EXP 	text: text = 0
6.1817 	EXP 	text: height = 0.05
6.1817 	EXP 	text: height = 0.05
6.1817 	EXP 	text: height = 0.05
6.1817 	EXP 	text: text = 0
6.1859 	EXP 	text: height = 0.05
6.1859 	EXP 	text: height = 0.05
6.1859 	EXP 	text: height = 0.05
6.1859 	EXP 	text: text = 0
6.1900 	EXP 	text: height = 0.05
6.1900 	EXP 	text: height = 0.05
6.1900 	EXP 	text: height = 0.05
6.1900 	EXP 	text: text = 0
6.1942 	EXP 	text: height = 0.05
6.1942 	EXP 	text: height = 0.05
6.1942 	EXP 	text: height = 0.05
6.1942 	EXP 	text: text = 0
6.1984 	EXP 	text: height = 0.05
6.1984 	EXP 	text: height = 0.05
6.1984 	EXP 	text: height = 0.05
6.1984 	EXP 	text: text = 0
6.2025 	EXP 	text: height = 0.05
6.2025 	EXP 	text: height = 0.05
6.2025 	EXP 	text: height = 0.05
6.2025 	EXP 	text: text = 0
6.2067 	EXP 	text: height = 0.05
6.2067 	EXP 	text: height = 0.05
6.2067 	EXP 	text: height = 0.05
6.2067 	EXP 	text: text = 0
6.2109 	EXP 	text: height = 0.05
6.2109 	EXP 	text: height = 0.05
6.2109 	EXP 	text: height = 0.05
6.2109 	EXP 	text: text = 0
6.2150 	EXP 	text: height = 0.05
6.2150 	EXP 	text: height = 0.05
6.2150 	EXP 	text: height = 0.05
6.2150 	EXP 	text: text = 0
6.2192 	EXP 	text: height = 0.05
6.2192 	EXP 	text: height = 0.05
6.2192 	EXP 	text: height = 0.05
6.2192 	EXP 	text: text = 0
6.2235 	EXP 	text: height = 0.05
6.2235 	EXP 	text: height = 0.05
6.2235 	EXP 	text: height = 0.05
6.2235 	EXP 	text: text = 0
6.2276 	EXP 	text: height = 0.05
6.2276 	EXP 	text: height = 0.05
6.2276 	EXP 	text: height = 0.05
6.2276 	EXP 	text: text = 0
6.2321 	EXP 	text: height = 0.05
6.2321 	EXP 	text: height = 0.05
6.2321 	EXP 	text: height = 0.05
6.2321 	EXP 	text: text = 0
6.2363 	EXP 	text: height = 0.05
6.2363 	EXP 	text: height = 0.05
6.2363 	EXP 	text: height = 0.05
6.2363 	EXP 	text: text = 0
6.2411 	EXP 	text: height = 0.05
6.2411 	EXP 	text: height = 0.05
6.2411 	EXP 	text: height = 0.05
6.2411 	EXP 	text: text = 0
6.2452 	EXP 	text: height = 0.05
6.2452 	EXP 	text: height = 0.05
6.2452 	EXP 	text: height = 0.05
6.2452 	EXP 	text: text = 0
6.2494 	EXP 	text: height = 0.05
6.2494 	EXP 	text: height = 0.05
6.2494 	EXP 	text: height = 0.05
6.2494 	EXP 	text: text = 0
6.2536 	EXP 	text: height = 0.05
6.2536 	EXP 	text: height = 0.05
6.2536 	EXP 	text: height = 0.05
6.2536 	EXP 	text: text = 0
6.2578 	EXP 	text: height = 0.05
6.2578 	EXP 	text: height = 0.05
6.2578 	EXP 	text: height = 0.05
6.2578 	EXP 	text: text = 0
6.2619 	EXP 	text: height = 0.05
6.2619 	EXP 	text: height = 0.05
6.2619 	EXP 	text: height = 0.05
6.2619 	EXP 	text: text = 0
6.2661 	EXP 	text: height = 0.05
6.2661 	EXP 	text: height = 0.05
6.2661 	EXP 	text: height = 0.05
6.2661 	EXP 	text: text = 0
6.2713 	EXP 	text: height = 0.05
6.2713 	EXP 	text: height = 0.05
6.2713 	EXP 	text: height = 0.05
6.2713 	EXP 	text: text = 0
6.2759 	EXP 	text: height = 0.05
6.2759 	EXP 	text: height = 0.05
6.2759 	EXP 	text: height = 0.05
6.2759 	EXP 	text: text = 0
6.2805 	EXP 	text: height = 0.05
6.2805 	EXP 	text: height = 0.05
6.2805 	EXP 	text: height = 0.05
6.2805 	EXP 	text: text = 0
6.2847 	EXP 	text: height = 0.05
6.2847 	EXP 	text: height = 0.05
6.2847 	EXP 	text: height = 0.05
6.2847 	EXP 	text: text = 0
6.2891 	EXP 	text: height = 0.05
6.2891 	EXP 	text: height = 0.05
6.2891 	EXP 	text: height = 0.05
6.2891 	EXP 	text: text = 0
6.2933 	EXP 	text: height = 0.05
6.2933 	EXP 	text: height = 0.05
6.2933 	EXP 	text: height = 0.05
6.2933 	EXP 	text: text = 0
6.2975 	EXP 	text: height = 0.05
6.2975 	EXP 	text: height = 0.05
6.2975 	EXP 	text: height = 0.05
6.2975 	EXP 	text: text = 0
6.3017 	EXP 	text: height = 0.05
6.3017 	EXP 	text: height = 0.05
6.3017 	EXP 	text: height = 0.05
6.3017 	EXP 	text: text = 0
6.3059 	EXP 	text: height = 0.05
6.3059 	EXP 	text: height = 0.05
6.3059 	EXP 	text: height = 0.05
6.3059 	EXP 	text: text = 0
6.3100 	EXP 	text: height = 0.05
6.3100 	EXP 	text: height = 0.05
6.3100 	EXP 	text: height = 0.05
6.3100 	EXP 	text: text = 0
6.3145 	EXP 	text: height = 0.05
6.3145 	EXP 	text: height = 0.05
6.3145 	EXP 	text: height = 0.05
6.3145 	EXP 	text: text = 0
6.3197 	EXP 	text: height = 0.05
6.3197 	EXP 	text: height = 0.05
6.3197 	EXP 	text: height = 0.05
6.3197 	EXP 	text: text = 0
6.3247 	EXP 	text: height = 0.05
6.3247 	EXP 	text: height = 0.05
6.3247 	EXP 	text: height = 0.05
6.3247 	EXP 	text: text = 0
6.3289 	EXP 	text: height = 0.05
6.3289 	EXP 	text: height = 0.05
6.3289 	EXP 	text: height = 0.05
6.3289 	EXP 	text: text = 0
6.3332 	EXP 	text: height = 0.05
6.3332 	EXP 	text: height = 0.05
6.3332 	EXP 	text: height = 0.05
6.3332 	EXP 	text: text = 0
6.3373 	EXP 	text: height = 0.05
6.3373 	EXP 	text: height = 0.05
6.3373 	EXP 	text: height = 0.05
6.3373 	EXP 	text: text = 0
6.3415 	EXP 	text: height = 0.05
6.3415 	EXP 	text: height = 0.05
6.3415 	EXP 	text: height = 0.05
6.3415 	EXP 	text: text = 0
6.3456 	EXP 	text: height = 0.05
6.3456 	EXP 	text: height = 0.05
6.3456 	EXP 	text: height = 0.05
6.3456 	EXP 	text: text = 0
6.3498 	EXP 	text: height = 0.05
6.3498 	EXP 	text: height = 0.05
6.3498 	EXP 	text: height = 0.05
6.3498 	EXP 	text: text = 0
6.3540 	EXP 	text: height = 0.05
6.3540 	EXP 	text: height = 0.05
6.3540 	EXP 	text: height = 0.05
6.3540 	EXP 	text: text = 0
6.3582 	EXP 	text: height = 0.05
6.3582 	EXP 	text: height = 0.05
6.3582 	EXP 	text: height = 0.05
6.3582 	EXP 	text: text = 0
6.3633 	EXP 	text: height = 0.05
6.3633 	EXP 	text: height = 0.05
6.3633 	EXP 	text: height = 0.05
6.3633 	EXP 	text: text = 0
6.3678 	EXP 	text: height = 0.05
6.3678 	EXP 	text: height = 0.05
6.3678 	EXP 	text: height = 0.05
6.3678 	EXP 	text: text = 0
6.3720 	EXP 	text: height = 0.05
6.3720 	EXP 	text: height = 0.05
6.3720 	EXP 	text: height = 0.05
6.3720 	EXP 	text: text = 0
6.3761 	EXP 	text: height = 0.05
6.3761 	EXP 	text: height = 0.05
6.3761 	EXP 	text: height = 0.05
6.3761 	EXP 	text: text = 0
6.3803 	EXP 	text: height = 0.05
6.3803 	EXP 	text: height = 0.05
6.3803 	EXP 	text: height = 0.05
6.3803 	EXP 	text: text = 0
6.3845 	EXP 	text: height = 0.05
6.3845 	EXP 	text: height = 0.05
6.3845 	EXP 	text: height = 0.05
6.3845 	EXP 	text: text = 0
6.3887 	EXP 	text: height = 0.05
6.3887 	EXP 	text: height = 0.05
6.3887 	EXP 	text: height = 0.05
6.3887 	EXP 	text: text = 0
6.3928 	EXP 	text: height = 0.05
6.3928 	EXP 	text: height = 0.05
6.3928 	EXP 	text: height = 0.05
6.3928 	EXP 	text: text = 0
6.3971 	EXP 	text: height = 0.05
6.3971 	EXP 	text: height = 0.05
6.3971 	EXP 	text: height = 0.05
6.3971 	EXP 	text: text = 0
6.4013 	EXP 	text: height = 0.05
6.4013 	EXP 	text: height = 0.05
6.4013 	EXP 	text: height = 0.05
6.4013 	EXP 	text: text = 0
6.4056 	EXP 	text: height = 0.05
6.4056 	EXP 	text: height = 0.05
6.4056 	EXP 	text: height = 0.05
6.4056 	EXP 	text: text = 0
6.4097 	EXP 	text: height = 0.05
6.4097 	EXP 	text: height = 0.05
6.4097 	EXP 	text: height = 0.05
6.4097 	EXP 	text: text = 0
6.4139 	EXP 	text: height = 0.05
6.4139 	EXP 	text: height = 0.05
6.4139 	EXP 	text: height = 0.05
6.4139 	EXP 	text: text = 0
6.4181 	EXP 	text: height = 0.05
6.4181 	EXP 	text: height = 0.05
6.4181 	EXP 	text: height = 0.05
6.4181 	EXP 	text: text = 0
6.4223 	EXP 	text: height = 0.05
6.4223 	EXP 	text: height = 0.05
6.4223 	EXP 	text: height = 0.05
6.4223 	EXP 	text: text = 0
6.4275 	EXP 	text: height = 0.05
6.4275 	EXP 	text: height = 0.05
6.4275 	EXP 	text: height = 0.05
6.4275 	EXP 	text: text = 0
6.4322 	EXP 	text: height = 0.05
6.4322 	EXP 	text: height = 0.05
6.4322 	EXP 	text: height = 0.05
6.4322 	EXP 	text: text = 0
6.4364 	EXP 	text: height = 0.05
6.4364 	EXP 	text: height = 0.05
6.4364 	EXP 	text: height = 0.05
6.4364 	EXP 	text: text = 0
6.4405 	EXP 	text: height = 0.05
6.4405 	EXP 	text: height = 0.05
6.4405 	EXP 	text: height = 0.05
6.4405 	EXP 	text: text = 0
6.4447 	EXP 	text: height = 0.05
6.4447 	EXP 	text: height = 0.05
6.4447 	EXP 	text: height = 0.05
6.4447 	EXP 	text: text = 0
6.4489 	EXP 	text: height = 0.05
6.4489 	EXP 	text: height = 0.05
6.4489 	EXP 	text: height = 0.05
6.4489 	EXP 	text: text = 0
6.4531 	EXP 	text: height = 0.05
6.4531 	EXP 	text: height = 0.05
6.4531 	EXP 	text: height = 0.05
6.4531 	EXP 	text: text = 0
6.4573 	EXP 	text: height = 0.05
6.4573 	EXP 	text: height = 0.05
6.4573 	EXP 	text: height = 0.05
6.4573 	EXP 	text: text = 0
6.4614 	EXP 	text: height = 0.05
6.4614 	EXP 	text: height = 0.05
6.4614 	EXP 	text: height = 0.05
6.4614 	EXP 	text: text = 0
6.4656 	EXP 	text: height = 0.05
6.4656 	EXP 	text: height = 0.05
6.4656 	EXP 	text: height = 0.05
6.4656 	EXP 	text: text = 0
6.4697 	EXP 	text: height = 0.05
6.4697 	EXP 	text: height = 0.05
6.4697 	EXP 	text: height = 0.05
6.4697 	EXP 	text: text = 0
6.4739 	EXP 	text: height = 0.05
6.4739 	EXP 	text: height = 0.05
6.4739 	EXP 	text: height = 0.05
6.4739 	EXP 	text: text = 0
6.4785 	EXP 	text: height = 0.05
6.4785 	EXP 	text: height = 0.05
6.4785 	EXP 	text: height = 0.05
6.4785 	EXP 	text: text = 0
6.4826 	EXP 	text: height = 0.05
6.4826 	EXP 	text: height = 0.05
6.4826 	EXP 	text: height = 0.05
6.4826 	EXP 	text: text = 0
6.4868 	EXP 	text: height = 0.05
6.4868 	EXP 	text: height = 0.05
6.4868 	EXP 	text: height = 0.05
6.4868 	EXP 	text: text = 0
6.4910 	EXP 	text: height = 0.05
6.4910 	EXP 	text: height = 0.05
6.4910 	EXP 	text: height = 0.05
6.4910 	EXP 	text: text = 0
6.4951 	EXP 	text: height = 0.05
6.4951 	EXP 	text: height = 0.05
6.4951 	EXP 	text: height = 0.05
6.4951 	EXP 	text: text = 0
6.4994 	EXP 	text: height = 0.05
6.4994 	EXP 	text: height = 0.05
6.4994 	EXP 	text: height = 0.05
6.4994 	EXP 	text: text = 0
6.5035 	EXP 	text: height = 0.05
6.5035 	EXP 	text: height = 0.05
6.5035 	EXP 	text: height = 0.05
6.5035 	EXP 	text: text = 0
6.5076 	EXP 	text: height = 0.05
6.5076 	EXP 	text: height = 0.05
6.5076 	EXP 	text: height = 0.05
6.5076 	EXP 	text: text = 0
6.5118 	EXP 	text: height = 0.05
6.5118 	EXP 	text: height = 0.05
6.5118 	EXP 	text: height = 0.05
6.5118 	EXP 	text: text = 0
6.5160 	EXP 	text: height = 0.05
6.5160 	EXP 	text: height = 0.05
6.5160 	EXP 	text: height = 0.05
6.5160 	EXP 	text: text = 0
6.5203 	EXP 	text: height = 0.05
6.5203 	EXP 	text: height = 0.05
6.5203 	EXP 	text: height = 0.05
6.5203 	EXP 	text: text = 0
6.5244 	EXP 	text: height = 0.05
6.5244 	EXP 	text: height = 0.05
6.5244 	EXP 	text: height = 0.05
6.5244 	EXP 	text: text = 0
6.5286 	EXP 	text: height = 0.05
6.5286 	EXP 	text: height = 0.05
6.5286 	EXP 	text: height = 0.05
6.5286 	EXP 	text: text = 0
6.5333 	EXP 	text: height = 0.05
6.5333 	EXP 	text: height = 0.05
6.5333 	EXP 	text: height = 0.05
6.5333 	EXP 	text: text = 0
6.5374 	EXP 	text: height = 0.05
6.5374 	EXP 	text: height = 0.05
6.5374 	EXP 	text: height = 0.05
6.5374 	EXP 	text: text = 0
6.5416 	EXP 	text: height = 0.05
6.5416 	EXP 	text: height = 0.05
6.5416 	EXP 	text: height = 0.05
6.5416 	EXP 	text: text = 0
6.5458 	EXP 	text: height = 0.05
6.5458 	EXP 	text: height = 0.05
6.5458 	EXP 	text: height = 0.05
6.5458 	EXP 	text: text = 0
6.5499 	EXP 	text: height = 0.05
6.5499 	EXP 	text: height = 0.05
6.5499 	EXP 	text: height = 0.05
6.5499 	EXP 	text: text = 0
6.5541 	EXP 	text: height = 0.05
6.5541 	EXP 	text: height = 0.05
6.5541 	EXP 	text: height = 0.05
6.5541 	EXP 	text: text = 0
6.5583 	EXP 	text: height = 0.05
6.5583 	EXP 	text: height = 0.05
6.5583 	EXP 	text: height = 0.05
6.5583 	EXP 	text: text = 0
6.5641 	EXP 	text: height = 0.05
6.5641 	EXP 	text: height = 0.05
6.5641 	EXP 	text: height = 0.05
6.5641 	EXP 	text: text = 0
6.5684 	EXP 	text: height = 0.05
6.5684 	EXP 	text: height = 0.05
6.5684 	EXP 	text: height = 0.05
6.5684 	EXP 	text: text = 0
6.5726 	EXP 	text: height = 0.05
6.5726 	EXP 	text: height = 0.05
6.5726 	EXP 	text: height = 0.05
6.5726 	EXP 	text: text = 0
6.5767 	EXP 	text: height = 0.05
6.5767 	EXP 	text: height = 0.05
6.5767 	EXP 	text: height = 0.05
6.5767 	EXP 	text: text = 0
6.5809 	EXP 	text: height = 0.05
6.5809 	EXP 	text: height = 0.05
6.5809 	EXP 	text: height = 0.05
6.5809 	EXP 	text: text = 0
6.5851 	EXP 	text: height = 0.05
6.5851 	EXP 	text: height = 0.05
6.5851 	EXP 	text: height = 0.05
6.5851 	EXP 	text: text = 0
6.5893 	EXP 	text: height = 0.05
6.5893 	EXP 	text: height = 0.05
6.5893 	EXP 	text: height = 0.05
6.5893 	EXP 	text: text = 0
6.5950 	EXP 	text: height = 0.05
6.5950 	EXP 	text: height = 0.05
6.5950 	EXP 	text: height = 0.05
6.5950 	EXP 	text: text = 0
6.5996 	EXP 	text: height = 0.05
6.5996 	EXP 	text: height = 0.05
6.5996 	EXP 	text: height = 0.05
6.5996 	EXP 	text: text = 0
6.6038 	EXP 	text: height = 0.05
6.6038 	EXP 	text: height = 0.05
6.6038 	EXP 	text: height = 0.05
6.6038 	EXP 	text: text = 0
6.6079 	EXP 	text: height = 0.05
6.6079 	EXP 	text: height = 0.05
6.6079 	EXP 	text: height = 0.05
6.6079 	EXP 	text: text = 0
6.6121 	EXP 	text: height = 0.05
6.6121 	EXP 	text: height = 0.05
6.6121 	EXP 	text: height = 0.05
6.6121 	EXP 	text: text = 0
6.6163 	EXP 	text: height = 0.05
6.6163 	EXP 	text: height = 0.05
6.6163 	EXP 	text: height = 0.05
6.6163 	EXP 	text: text = 0
6.6205 	EXP 	text: height = 0.05
6.6205 	EXP 	text: height = 0.05
6.6205 	EXP 	text: height = 0.05
6.6205 	EXP 	text: text = 0
6.6261 	EXP 	text: height = 0.05
6.6261 	EXP 	text: height = 0.05
6.6261 	EXP 	text: height = 0.05
6.6261 	EXP 	text: text = 0
6.6305 	EXP 	text: height = 0.05
6.6305 	EXP 	text: height = 0.05
6.6305 	EXP 	text: height = 0.05
6.6305 	EXP 	text: text = 0
6.6346 	EXP 	text: height = 0.05
6.6346 	EXP 	text: height = 0.05
6.6346 	EXP 	text: height = 0.05
6.6346 	EXP 	text: text = 0
6.6388 	EXP 	text: height = 0.05
6.6388 	EXP 	text: height = 0.05
6.6388 	EXP 	text: height = 0.05
6.6388 	EXP 	text: text = 0
6.6430 	EXP 	text: height = 0.05
6.6430 	EXP 	text: height = 0.05
6.6430 	EXP 	text: height = 0.05
6.6430 	EXP 	text: text = 0
6.6472 	EXP 	text: height = 0.05
6.6472 	EXP 	text: height = 0.05
6.6472 	EXP 	text: height = 0.05
6.6472 	EXP 	text: text = 0
6.6513 	EXP 	text: height = 0.05
6.6513 	EXP 	text: height = 0.05
6.6513 	EXP 	text: height = 0.05
6.6513 	EXP 	text: text = 0
6.6568 	EXP 	text: height = 0.05
6.6568 	EXP 	text: height = 0.05
6.6568 	EXP 	text: height = 0.05
6.6568 	EXP 	text: text = 0
6.6608 	EXP 	text: height = 0.05
6.6608 	EXP 	text: height = 0.05
6.6608 	EXP 	text: height = 0.05
6.6608 	EXP 	text: text = 0
6.6648 	EXP 	text: height = 0.05
6.6648 	EXP 	text: height = 0.05
6.6648 	EXP 	text: height = 0.05
6.6648 	EXP 	text: text = 0
6.6690 	EXP 	text: height = 0.05
6.6690 	EXP 	text: height = 0.05
6.6690 	EXP 	text: height = 0.05
6.6690 	EXP 	text: text = 0
6.6731 	EXP 	text: height = 0.05
6.6731 	EXP 	text: height = 0.05
6.6731 	EXP 	text: height = 0.05
6.6731 	EXP 	text: text = 0
6.6773 	EXP 	text: height = 0.05
6.6773 	EXP 	text: height = 0.05
6.6773 	EXP 	text: height = 0.05
6.6773 	EXP 	text: text = 0
6.6815 	EXP 	text: height = 0.05
6.6815 	EXP 	text: height = 0.05
6.6815 	EXP 	text: height = 0.05
6.6815 	EXP 	text: text = 0
6.6870 	EXP 	text: height = 0.05
6.6870 	EXP 	text: height = 0.05
6.6870 	EXP 	text: height = 0.05
6.6870 	EXP 	text: text = 0
6.6907 	EXP 	text: height = 0.05
6.6907 	EXP 	text: height = 0.05
6.6907 	EXP 	text: height = 0.05
6.6907 	EXP 	text: text = 0
6.6946 	EXP 	text: height = 0.05
6.6946 	EXP 	text: height = 0.05
6.6946 	EXP 	text: height = 0.05
6.6946 	EXP 	text: text = 0
6.6988 	EXP 	text: height = 0.05
6.6988 	EXP 	text: height = 0.05
6.6988 	EXP 	text: height = 0.05
6.6988 	EXP 	text: text = 0
6.7030 	EXP 	text: height = 0.05
6.7030 	EXP 	text: height = 0.05
6.7030 	EXP 	text: height = 0.05
6.7030 	EXP 	text: text = 0
6.7071 	EXP 	text: height = 0.05
6.7071 	EXP 	text: height = 0.05
6.7071 	EXP 	text: height = 0.05
6.7071 	EXP 	text: text = 0
6.7113 	EXP 	text: height = 0.05
6.7113 	EXP 	text: height = 0.05
6.7113 	EXP 	text: height = 0.05
6.7113 	EXP 	text: text = 0
6.7155 	EXP 	text: height = 0.05
6.7155 	EXP 	text: height = 0.05
6.7155 	EXP 	text: height = 0.05
6.7155 	EXP 	text: text = 0
6.7197 	EXP 	text: height = 0.05
6.7197 	EXP 	text: height = 0.05
6.7197 	EXP 	text: height = 0.05
6.7197 	EXP 	text: text = 0
6.7238 	EXP 	text: height = 0.05
6.7238 	EXP 	text: height = 0.05
6.7238 	EXP 	text: height = 0.05
6.7238 	EXP 	text: text = 0
6.7280 	EXP 	text: height = 0.05
6.7280 	EXP 	text: height = 0.05
6.7280 	EXP 	text: height = 0.05
6.7280 	EXP 	text: text = 0
6.7322 	EXP 	text: height = 0.05
6.7322 	EXP 	text: height = 0.05
6.7322 	EXP 	text: height = 0.05
6.7322 	EXP 	text: text = 0
6.7363 	EXP 	text: height = 0.05
6.7363 	EXP 	text: height = 0.05
6.7363 	EXP 	text: height = 0.05
6.7363 	EXP 	text: text = 0
6.7405 	EXP 	text: height = 0.05
6.7405 	EXP 	text: height = 0.05
6.7405 	EXP 	text: height = 0.05
6.7405 	EXP 	text: text = 0
6.7447 	EXP 	text: height = 0.05
6.7447 	EXP 	text: height = 0.05
6.7447 	EXP 	text: height = 0.05
6.7447 	EXP 	text: text = 0
6.7489 	EXP 	text: height = 0.05
6.7489 	EXP 	text: height = 0.05
6.7489 	EXP 	text: height = 0.05
6.7489 	EXP 	text: text = 0
6.7530 	EXP 	text: height = 0.05
6.7530 	EXP 	text: height = 0.05
6.7530 	EXP 	text: height = 0.05
6.7530 	EXP 	text: text = 0
6.7572 	EXP 	text: height = 0.05
6.7572 	EXP 	text: height = 0.05
6.7572 	EXP 	text: height = 0.05
6.7572 	EXP 	text: text = 0
6.7613 	EXP 	text: height = 0.05
6.7613 	EXP 	text: height = 0.05
6.7613 	EXP 	text: height = 0.05
6.7613 	EXP 	text: text = 0
6.7660 	EXP 	text: height = 0.05
6.7660 	EXP 	text: height = 0.05
6.7660 	EXP 	text: height = 0.05
6.7660 	EXP 	text: text = 0
6.7699 	EXP 	text: height = 0.05
6.7699 	EXP 	text: height = 0.05
6.7699 	EXP 	text: height = 0.05
6.7699 	EXP 	text: text = 0
6.7741 	EXP 	text: height = 0.05
6.7741 	EXP 	text: height = 0.05
6.7741 	EXP 	text: height = 0.05
6.7741 	EXP 	text: text = 0
6.7783 	EXP 	text: height = 0.05
6.7783 	EXP 	text: height = 0.05
6.7783 	EXP 	text: height = 0.05
6.7783 	EXP 	text: text = 0
6.7825 	EXP 	text: height = 0.05
6.7825 	EXP 	text: height = 0.05
6.7825 	EXP 	text: height = 0.05
6.7825 	EXP 	text: text = 0
6.7866 	EXP 	text: height = 0.05
6.7866 	EXP 	text: height = 0.05
6.7866 	EXP 	text: height = 0.05
6.7866 	EXP 	text: text = 0
6.7908 	EXP 	text: height = 0.05
6.7908 	EXP 	text: height = 0.05
6.7908 	EXP 	text: height = 0.05
6.7908 	EXP 	text: text = 0
6.7950 	EXP 	text: height = 0.05
6.7950 	EXP 	text: height = 0.05
6.7950 	EXP 	text: height = 0.05
6.7950 	EXP 	text: text = 0
6.7991 	EXP 	text: height = 0.05
6.7991 	EXP 	text: height = 0.05
6.7991 	EXP 	text: height = 0.05
6.7991 	EXP 	text: text = 0
6.8033 	EXP 	text: height = 0.05
6.8033 	EXP 	text: height = 0.05
6.8033 	EXP 	text: height = 0.05
6.8033 	EXP 	text: text = 0
6.8075 	EXP 	text: height = 0.05
6.8075 	EXP 	text: height = 0.05
6.8075 	EXP 	text: height = 0.05
6.8075 	EXP 	text: text = 0
6.8119 	EXP 	text: height = 0.05
6.8119 	EXP 	text: height = 0.05
6.8119 	EXP 	text: height = 0.05
6.8119 	EXP 	text: text = 0
6.8160 	EXP 	text: height = 0.05
6.8160 	EXP 	text: height = 0.05
6.8160 	EXP 	text: height = 0.05
6.8160 	EXP 	text: text = 0
6.8201 	EXP 	text: height = 0.05
6.8201 	EXP 	text: height = 0.05
6.8201 	EXP 	text: height = 0.05
6.8201 	EXP 	text: text = 0
6.8243 	EXP 	text: height = 0.05
6.8243 	EXP 	text: height = 0.05
6.8243 	EXP 	text: height = 0.05
6.8243 	EXP 	text: text = 0
6.8285 	EXP 	text: height = 0.05
6.8285 	EXP 	text: height = 0.05
6.8285 	EXP 	text: height = 0.05
6.8285 	EXP 	text: text = 0
6.8327 	EXP 	text: height = 0.05
6.8327 	EXP 	text: height = 0.05
6.8327 	EXP 	text: height = 0.05
6.8327 	EXP 	text: text = 0
6.8368 	EXP 	text: height = 0.05
6.8368 	EXP 	text: height = 0.05
6.8368 	EXP 	text: height = 0.05
6.8368 	EXP 	text: text = 0
6.8410 	EXP 	text: height = 0.05
6.8410 	EXP 	text: height = 0.05
6.8410 	EXP 	text: height = 0.05
6.8410 	EXP 	text: text = 0
6.8452 	EXP 	text: height = 0.05
6.8452 	EXP 	text: height = 0.05
6.8452 	EXP 	text: height = 0.05
6.8452 	EXP 	text: text = 0
6.8494 	EXP 	text: height = 0.05
6.8494 	EXP 	text: height = 0.05
6.8494 	EXP 	text: height = 0.05
6.8494 	EXP 	text: text = 0
6.8535 	EXP 	text: height = 0.05
6.8535 	EXP 	text: height = 0.05
6.8535 	EXP 	text: height = 0.05
6.8535 	EXP 	text: text = 0
6.8586 	EXP 	text: height = 0.05
6.8586 	EXP 	text: height = 0.05
6.8586 	EXP 	text: height = 0.05
6.8586 	EXP 	text: text = 0
6.8626 	EXP 	text: height = 0.05
6.8626 	EXP 	text: height = 0.05
6.8626 	EXP 	text: height = 0.05
6.8626 	EXP 	text: text = 0
6.8664 	EXP 	text: height = 0.05
6.8664 	EXP 	text: height = 0.05
6.8664 	EXP 	text: height = 0.05
6.8664 	EXP 	text: text = 0
6.8706 	EXP 	text: height = 0.05
6.8706 	EXP 	text: height = 0.05
6.8706 	EXP 	text: height = 0.05
6.8706 	EXP 	text: text = 0
6.8748 	EXP 	text: height = 0.05
6.8748 	EXP 	text: height = 0.05
6.8748 	EXP 	text: height = 0.05
6.8748 	EXP 	text: text = 0
6.8789 	EXP 	text: height = 0.05
6.8789 	EXP 	text: height = 0.05
6.8789 	EXP 	text: height = 0.05
6.8789 	EXP 	text: text = 0
6.8831 	EXP 	text: height = 0.05
6.8831 	EXP 	text: height = 0.05
6.8831 	EXP 	text: height = 0.05
6.8831 	EXP 	text: text = 0
6.8873 	EXP 	text: height = 0.05
6.8873 	EXP 	text: height = 0.05
6.8873 	EXP 	text: height = 0.05
6.8873 	EXP 	text: text = 0
6.8914 	EXP 	text: height = 0.05
6.8914 	EXP 	text: height = 0.05
6.8914 	EXP 	text: height = 0.05
6.8914 	EXP 	text: text = 0
6.8956 	EXP 	text: height = 0.05
6.8956 	EXP 	text: height = 0.05
6.8956 	EXP 	text: height = 0.05
6.8956 	EXP 	text: text = 0
6.8998 	EXP 	text: height = 0.05
6.8998 	EXP 	text: height = 0.05
6.8998 	EXP 	text: height = 0.05
6.8998 	EXP 	text: text = 0
6.9040 	EXP 	text: height = 0.05
6.9040 	EXP 	text: height = 0.05
6.9040 	EXP 	text: height = 0.05
6.9040 	EXP 	text: text = 0
6.9081 	EXP 	text: height = 0.05
6.9081 	EXP 	text: height = 0.05
6.9081 	EXP 	text: height = 0.05
6.9081 	EXP 	text: text = 0
6.9123 	EXP 	text: height = 0.05
6.9123 	EXP 	text: height = 0.05
6.9123 	EXP 	text: height = 0.05
6.9123 	EXP 	text: text = 0
6.9165 	EXP 	text: height = 0.05
6.9165 	EXP 	text: height = 0.05
6.9165 	EXP 	text: height = 0.05
6.9165 	EXP 	text: text = 0
6.9206 	EXP 	text: height = 0.05
6.9206 	EXP 	text: height = 0.05
6.9206 	EXP 	text: height = 0.05
6.9206 	EXP 	text: text = 0
6.9248 	EXP 	text: height = 0.05
6.9248 	EXP 	text: height = 0.05
6.9248 	EXP 	text: height = 0.05
6.9248 	EXP 	text: text = 0
6.9290 	EXP 	text: height = 0.05
6.9290 	EXP 	text: height = 0.05
6.9290 	EXP 	text: height = 0.05
6.9290 	EXP 	text: text = 0
6.9332 	EXP 	text: height = 0.05
6.9332 	EXP 	text: height = 0.05
6.9332 	EXP 	text: height = 0.05
6.9332 	EXP 	text: text = 0
6.9373 	EXP 	text: height = 0.05
6.9373 	EXP 	text: height = 0.05
6.9373 	EXP 	text: height = 0.05
6.9373 	EXP 	text: text = 0
6.9415 	EXP 	text: height = 0.05
6.9415 	EXP 	text: height = 0.05
6.9415 	EXP 	text: height = 0.05
6.9415 	EXP 	text: text = 0
6.9457 	EXP 	text: height = 0.05
6.9457 	EXP 	text: height = 0.05
6.9457 	EXP 	text: height = 0.05
6.9457 	EXP 	text: text = 0
6.9498 	EXP 	text: height = 0.05
6.9498 	EXP 	text: height = 0.05
6.9498 	EXP 	text: height = 0.05
6.9498 	EXP 	text: text = 0
6.9547 	EXP 	text: height = 0.05
6.9547 	EXP 	text: height = 0.05
6.9547 	EXP 	text: height = 0.05
6.9547 	EXP 	text: text = 0
6.9585 	EXP 	text: height = 0.05
6.9585 	EXP 	text: height = 0.05
6.9585 	EXP 	text: height = 0.05
6.9585 	EXP 	text: text = 0
6.9626 	EXP 	text: height = 0.05
6.9626 	EXP 	text: height = 0.05
6.9626 	EXP 	text: height = 0.05
6.9626 	EXP 	text: text = 0
6.9668 	EXP 	text: height = 0.05
6.9668 	EXP 	text: height = 0.05
6.9668 	EXP 	text: height = 0.05
6.9668 	EXP 	text: text = 0
6.9709 	EXP 	text: height = 0.05
6.9709 	EXP 	text: height = 0.05
6.9709 	EXP 	text: height = 0.05
6.9709 	EXP 	text: text = 0
6.9751 	EXP 	text: height = 0.05
6.9751 	EXP 	text: height = 0.05
6.9751 	EXP 	text: height = 0.05
6.9751 	EXP 	text: text = 0
6.9793 	EXP 	text: height = 0.05
6.9793 	EXP 	text: height = 0.05
6.9793 	EXP 	text: height = 0.05
6.9793 	EXP 	text: text = 0
6.9835 	EXP 	text: height = 0.05
6.9835 	EXP 	text: height = 0.05
6.9835 	EXP 	text: height = 0.05
6.9835 	EXP 	text: text = 0
6.9877 	EXP 	text: height = 0.05
6.9877 	EXP 	text: height = 0.05
6.9877 	EXP 	text: height = 0.05
6.9877 	EXP 	text: text = 0
6.9918 	EXP 	text: height = 0.05
6.9918 	EXP 	text: height = 0.05
6.9918 	EXP 	text: height = 0.05
6.9918 	EXP 	text: text = 0
6.9960 	EXP 	text: height = 0.05
6.9960 	EXP 	text: height = 0.05
6.9960 	EXP 	text: height = 0.05
6.9960 	EXP 	text: text = 0
7.0012 	EXP 	text: height = 0.05
7.0012 	EXP 	text: height = 0.05
7.0012 	EXP 	text: height = 0.05
7.0012 	EXP 	text: text = 0
7.0057 	EXP 	text: height = 0.05
7.0057 	EXP 	text: height = 0.05
7.0057 	EXP 	text: height = 0.05
7.0057 	EXP 	text: text = 0
7.0096 	EXP 	text: height = 0.05
7.0096 	EXP 	text: height = 0.05
7.0096 	EXP 	text: height = 0.05
7.0096 	EXP 	text: text = 0
7.0138 	EXP 	text: height = 0.05
7.0138 	EXP 	text: height = 0.05
7.0138 	EXP 	text: height = 0.05
7.0138 	EXP 	text: text = 0
7.0182 	EXP 	text: height = 0.05
7.0182 	EXP 	text: height = 0.05
7.0182 	EXP 	text: height = 0.05
7.0182 	EXP 	text: text = 0
7.0223 	EXP 	text: height = 0.05
7.0223 	EXP 	text: height = 0.05
7.0223 	EXP 	text: height = 0.05
7.0223 	EXP 	text: text = 0
7.0265 	EXP 	text: height = 0.05
7.0265 	EXP 	text: height = 0.05
7.0265 	EXP 	text: height = 0.05
7.0265 	EXP 	text: text = 0
7.0307 	EXP 	text: height = 0.05
7.0307 	EXP 	text: height = 0.05
7.0307 	EXP 	text: height = 0.05
7.0307 	EXP 	text: text = 0
7.0349 	EXP 	text: height = 0.05
7.0349 	EXP 	text: height = 0.05
7.0349 	EXP 	text: height = 0.05
7.0349 	EXP 	text: text = 0
7.0398 	EXP 	text: height = 0.05
7.0398 	EXP 	text: height = 0.05
7.0398 	EXP 	text: height = 0.05
7.0398 	EXP 	text: text = 0
7.0440 	EXP 	text: height = 0.05
7.0440 	EXP 	text: height = 0.05
7.0440 	EXP 	text: height = 0.05
7.0440 	EXP 	text: text = 0
7.0482 	EXP 	text: height = 0.05
7.0482 	EXP 	text: height = 0.05
7.0482 	EXP 	text: height = 0.05
7.0482 	EXP 	text: text = 0
7.0523 	EXP 	text: height = 0.05
7.0523 	EXP 	text: height = 0.05
7.0523 	EXP 	text: height = 0.05
7.0523 	EXP 	text: text = 0
7.0565 	EXP 	text: height = 0.05
7.0565 	EXP 	text: height = 0.05
7.0565 	EXP 	text: height = 0.05
7.0565 	EXP 	text: text = 0
7.0607 	EXP 	text: height = 0.05
7.0607 	EXP 	text: height = 0.05
7.0607 	EXP 	text: height = 0.05
7.0607 	EXP 	text: text = 0
7.0649 	EXP 	text: height = 0.05
7.0649 	EXP 	text: height = 0.05
7.0649 	EXP 	text: height = 0.05
7.0649 	EXP 	text: text = 0
7.0690 	EXP 	text: height = 0.05
7.0690 	EXP 	text: height = 0.05
7.0690 	EXP 	text: height = 0.05
7.0690 	EXP 	text: text = 0
7.0732 	EXP 	text: height = 0.05
7.0732 	EXP 	text: height = 0.05
7.0732 	EXP 	text: height = 0.05
7.0732 	EXP 	text: text = 0
7.0774 	EXP 	text: height = 0.05
7.0774 	EXP 	text: height = 0.05
7.0774 	EXP 	text: height = 0.05
7.0774 	EXP 	text: text = 0
7.0815 	EXP 	text: height = 0.05
7.0815 	EXP 	text: height = 0.05
7.0815 	EXP 	text: height = 0.05
7.0815 	EXP 	text: text = 0
7.0857 	EXP 	text: height = 0.05
7.0857 	EXP 	text: height = 0.05
7.0857 	EXP 	text: height = 0.05
7.0857 	EXP 	text: text = 0
7.0899 	EXP 	text: height = 0.05
7.0899 	EXP 	text: height = 0.05
7.0899 	EXP 	text: height = 0.05
7.0899 	EXP 	text: text = 0
7.0950 	EXP 	text: height = 0.05
7.0950 	EXP 	text: height = 0.05
7.0950 	EXP 	text: height = 0.05
7.0950 	EXP 	text: text = 0
7.0995 	EXP 	text: height = 0.05
7.0995 	EXP 	text: height = 0.05
7.0995 	EXP 	text: height = 0.05
7.0995 	EXP 	text: text = 0
7.1036 	EXP 	text: height = 0.05
7.1036 	EXP 	text: height = 0.05
7.1036 	EXP 	text: height = 0.05
7.1036 	EXP 	text: text = 0
7.1078 	EXP 	text: height = 0.05
7.1078 	EXP 	text: height = 0.05
7.1078 	EXP 	text: height = 0.05
7.1078 	EXP 	text: text = 0
7.1122 	EXP 	text: height = 0.05
7.1122 	EXP 	text: height = 0.05
7.1122 	EXP 	text: height = 0.05
7.1122 	EXP 	text: text = 0
7.1164 	EXP 	text: height = 0.05
7.1164 	EXP 	text: height = 0.05
7.1164 	EXP 	text: height = 0.05
7.1164 	EXP 	text: text = 0
7.1206 	EXP 	text: height = 0.05
7.1206 	EXP 	text: height = 0.05
7.1206 	EXP 	text: height = 0.05
7.1206 	EXP 	text: text = 0
7.1248 	EXP 	text: height = 0.05
7.1248 	EXP 	text: height = 0.05
7.1248 	EXP 	text: height = 0.05
7.1248 	EXP 	text: text = 0
7.1292 	EXP 	text: height = 0.05
7.1292 	EXP 	text: height = 0.05
7.1292 	EXP 	text: height = 0.05
7.1292 	EXP 	text: text = 0
7.1333 	EXP 	text: height = 0.05
7.1333 	EXP 	text: height = 0.05
7.1333 	EXP 	text: height = 0.05
7.1333 	EXP 	text: text = 0
7.1375 	EXP 	text: height = 0.05
7.1375 	EXP 	text: height = 0.05
7.1375 	EXP 	text: height = 0.05
7.1375 	EXP 	text: text = 0
7.1418 	EXP 	text: height = 0.05
7.1418 	EXP 	text: height = 0.05
7.1418 	EXP 	text: height = 0.05
7.1418 	EXP 	text: text = 0
7.1461 	EXP 	text: height = 0.05
7.1461 	EXP 	text: height = 0.05
7.1461 	EXP 	text: height = 0.05
7.1461 	EXP 	text: text = 0
7.1503 	EXP 	text: height = 0.05
7.1503 	EXP 	text: height = 0.05
7.1503 	EXP 	text: height = 0.05
7.1503 	EXP 	text: text = 0
7.1545 	EXP 	text: height = 0.05
7.1545 	EXP 	text: height = 0.05
7.1545 	EXP 	text: height = 0.05
7.1545 	EXP 	text: text = 0
7.1587 	EXP 	text: height = 0.05
7.1587 	EXP 	text: height = 0.05
7.1587 	EXP 	text: height = 0.05
7.1587 	EXP 	text: text = 0
7.1628 	EXP 	text: height = 0.05
7.1628 	EXP 	text: height = 0.05
7.1628 	EXP 	text: height = 0.05
7.1628 	EXP 	text: text = 0
7.1670 	EXP 	text: height = 0.05
7.1670 	EXP 	text: height = 0.05
7.1670 	EXP 	text: height = 0.05
7.1670 	EXP 	text: text = 0
7.1713 	EXP 	text: height = 0.05
7.1713 	EXP 	text: height = 0.05
7.1713 	EXP 	text: height = 0.05
7.1713 	EXP 	text: text = 0
7.1755 	EXP 	text: height = 0.05
7.1755 	EXP 	text: height = 0.05
7.1755 	EXP 	text: height = 0.05
7.1755 	EXP 	text: text = 0
7.1797 	EXP 	text: height = 0.05
7.1797 	EXP 	text: height = 0.05
7.1797 	EXP 	text: height = 0.05
7.1797 	EXP 	text: text = 0
7.1838 	EXP 	text: height = 0.05
7.1838 	EXP 	text: height = 0.05
7.1838 	EXP 	text: height = 0.05
7.1838 	EXP 	text: text = 0
7.1889 	EXP 	text: height = 0.05
7.1889 	EXP 	text: height = 0.05
7.1889 	EXP 	text: height = 0.05
7.1889 	EXP 	text: text = 0
7.1930 	EXP 	text: height = 0.05
7.1930 	EXP 	text: height = 0.05
7.1930 	EXP 	text: height = 0.05
7.1930 	EXP 	text: text = 0
7.1972 	EXP 	text: height = 0.05
7.1972 	EXP 	text: height = 0.05
7.1972 	EXP 	text: height = 0.05
7.1972 	EXP 	text: text = 0
7.2014 	EXP 	text: height = 0.05
7.2014 	EXP 	text: height = 0.05
7.2014 	EXP 	text: height = 0.05
7.2014 	EXP 	text: text = 0
7.2055 	EXP 	text: height = 0.05
7.2055 	EXP 	text: height = 0.05
7.2055 	EXP 	text: height = 0.05
7.2055 	EXP 	text: text = 0
7.2097 	EXP 	text: height = 0.05
7.2097 	EXP 	text: height = 0.05
7.2097 	EXP 	text: height = 0.05
7.2097 	EXP 	text: text = 0
7.2139 	EXP 	text: height = 0.05
7.2139 	EXP 	text: height = 0.05
7.2139 	EXP 	text: height = 0.05
7.2139 	EXP 	text: text = 0
7.2181 	EXP 	text: height = 0.05
7.2181 	EXP 	text: height = 0.05
7.2181 	EXP 	text: height = 0.05
7.2181 	EXP 	text: text = 0
7.2222 	EXP 	text: height = 0.05
7.2222 	EXP 	text: height = 0.05
7.2222 	EXP 	text: height = 0.05
7.2222 	EXP 	text: text = 0
7.2264 	EXP 	text: height = 0.05
7.2264 	EXP 	text: height = 0.05
7.2264 	EXP 	text: height = 0.05
7.2264 	EXP 	text: text = 0
7.2306 	EXP 	text: height = 0.05
7.2306 	EXP 	text: height = 0.05
7.2306 	EXP 	text: height = 0.05
7.2306 	EXP 	text: text = 0
7.2357 	EXP 	text: height = 0.05
7.2357 	EXP 	text: height = 0.05
7.2357 	EXP 	text: height = 0.05
7.2357 	EXP 	text: text = 0
7.2401 	EXP 	text: height = 0.05
7.2401 	EXP 	text: height = 0.05
7.2401 	EXP 	text: height = 0.05
7.2401 	EXP 	text: text = 0
7.2447 	EXP 	text: height = 0.05
7.2447 	EXP 	text: height = 0.05
7.2447 	EXP 	text: height = 0.05
7.2447 	EXP 	text: text = 0
7.2489 	EXP 	text: height = 0.05
7.2489 	EXP 	text: height = 0.05
7.2489 	EXP 	text: height = 0.05
7.2489 	EXP 	text: text = 0
7.2532 	EXP 	text: height = 0.05
7.2532 	EXP 	text: height = 0.05
7.2532 	EXP 	text: height = 0.05
7.2532 	EXP 	text: text = 0
7.2573 	EXP 	text: height = 0.05
7.2573 	EXP 	text: height = 0.05
7.2573 	EXP 	text: height = 0.05
7.2573 	EXP 	text: text = 0
7.2616 	EXP 	text: height = 0.05
7.2616 	EXP 	text: height = 0.05
7.2616 	EXP 	text: height = 0.05
7.2616 	EXP 	text: text = 0
7.2657 	EXP 	text: height = 0.05
7.2657 	EXP 	text: height = 0.05
7.2657 	EXP 	text: height = 0.05
7.2657 	EXP 	text: text = 0
7.2700 	EXP 	text: height = 0.05
7.2700 	EXP 	text: height = 0.05
7.2700 	EXP 	text: height = 0.05
7.2700 	EXP 	text: text = 0
7.2741 	EXP 	text: height = 0.05
7.2741 	EXP 	text: height = 0.05
7.2741 	EXP 	text: height = 0.05
7.2741 	EXP 	text: text = 0
7.2783 	EXP 	text: height = 0.05
7.2783 	EXP 	text: height = 0.05
7.2783 	EXP 	text: height = 0.05
7.2783 	EXP 	text: text = 0
7.2825 	EXP 	text: height = 0.05
7.2825 	EXP 	text: height = 0.05
7.2825 	EXP 	text: height = 0.05
7.2825 	EXP 	text: text = 0
7.2867 	EXP 	text: height = 0.05
7.2867 	EXP 	text: height = 0.05
7.2867 	EXP 	text: height = 0.05
7.2867 	EXP 	text: text = 0
7.2909 	EXP 	text: height = 0.05
7.2909 	EXP 	text: height = 0.05
7.2909 	EXP 	text: height = 0.05
7.2909 	EXP 	text: text = 0
7.2950 	EXP 	text: height = 0.05
7.2950 	EXP 	text: height = 0.05
7.2950 	EXP 	text: height = 0.05
7.2950 	EXP 	text: text = 0
7.2992 	EXP 	text: height = 0.05
7.2992 	EXP 	text: height = 0.05
7.2992 	EXP 	text: height = 0.05
7.2992 	EXP 	text: text = 0
7.3034 	EXP 	text: height = 0.05
7.3034 	EXP 	text: height = 0.05
7.3034 	EXP 	text: height = 0.05
7.3034 	EXP 	text: text = 0
7.3075 	EXP 	text: height = 0.05
7.3075 	EXP 	text: height = 0.05
7.3075 	EXP 	text: height = 0.05
7.3075 	EXP 	text: text = 0
7.3117 	EXP 	text: height = 0.05
7.3117 	EXP 	text: height = 0.05
7.3117 	EXP 	text: height = 0.05
7.3117 	EXP 	text: text = 0
7.3159 	EXP 	text: height = 0.05
7.3159 	EXP 	text: height = 0.05
7.3159 	EXP 	text: height = 0.05
7.3159 	EXP 	text: text = 0
7.3201 	EXP 	text: height = 0.05
7.3201 	EXP 	text: height = 0.05
7.3201 	EXP 	text: height = 0.05
7.3201 	EXP 	text: text = 0
7.3242 	EXP 	text: height = 0.05
7.3242 	EXP 	text: height = 0.05
7.3242 	EXP 	text: height = 0.05
7.3242 	EXP 	text: text = 0
7.3298 	EXP 	text: height = 0.05
7.3298 	EXP 	text: height = 0.05
7.3298 	EXP 	text: height = 0.05
7.3298 	EXP 	text: text = 0
7.3340 	EXP 	text: height = 0.05
7.3340 	EXP 	text: height = 0.05
7.3340 	EXP 	text: height = 0.05
7.3340 	EXP 	text: text = 0
7.3379 	DATA 	Keypress: escape
7.3388 	EXP 	text: height = 0.05
7.3388 	EXP 	text: height = 0.05
7.3388 	EXP 	text: height = 0.05
7.3388 	EXP 	text: text = 0
7.3429 	EXP 	text: height = 0.05
7.3429 	EXP 	text: height = 0.05
7.3429 	EXP 	text: height = 0.05
7.3429 	EXP 	text: text = 0
7.3471 	EXP 	text: height = 0.05
7.3471 	EXP 	text: height = 0.05
7.3471 	EXP 	text: height = 0.05
7.3471 	EXP 	text: text = 0
7.3512 	EXP 	text: height = 0.05
7.3512 	EXP 	text: height = 0.05
7.3512 	EXP 	text: height = 0.05
7.3512 	EXP 	text: text = 0
7.3554 	EXP 	text: height = 0.05
7.3554 	EXP 	text: height = 0.05
7.3554 	EXP 	text: height = 0.05
7.3554 	EXP 	text: text = 0
7.3596 	EXP 	text: height = 0.05
7.3596 	EXP 	text: height = 0.05
7.3596 	EXP 	text: height = 0.05
7.3596 	EXP 	text: text = 0
7.3638 	EXP 	text: height = 0.05
7.3638 	EXP 	text: height = 0.05
7.3638 	EXP 	text: height = 0.05
7.3638 	EXP 	text: text = 0
7.3679 	EXP 	text: height = 0.05
7.3679 	EXP 	text: height = 0.05
7.3679 	EXP 	text: height = 0.05
7.3679 	EXP 	text: text = 0
7.3721 	EXP 	text: height = 0.05
7.3721 	EXP 	text: height = 0.05
7.3721 	EXP 	text: height = 0.05
7.3721 	EXP 	text: text = 0
7.3764 	EXP 	text: height = 0.05
7.3764 	EXP 	text: height = 0.05
7.3764 	EXP 	text: height = 0.05
7.3764 	EXP 	text: text = 0
7.3806 	EXP 	text: height = 0.05
7.3806 	EXP 	text: height = 0.05
7.3806 	EXP 	text: height = 0.05
7.3806 	EXP 	text: text = 0
7.3848 	EXP 	text: height = 0.05
7.3848 	EXP 	text: height = 0.05
7.3848 	EXP 	text: height = 0.05
7.3848 	EXP 	text: text = 0
7.3889 	EXP 	text: height = 0.05
7.3889 	EXP 	text: height = 0.05
7.3889 	EXP 	text: height = 0.05
7.3889 	EXP 	text: text = 0
7.3931 	EXP 	text: height = 0.05
7.3931 	EXP 	text: height = 0.05
7.3931 	EXP 	text: height = 0.05
7.3931 	EXP 	text: text = 0
7.3972 	EXP 	text: height = 0.05
7.3972 	EXP 	text: height = 0.05
7.3972 	EXP 	text: height = 0.05
7.3972 	EXP 	text: text = 0
7.4014 	EXP 	text: height = 0.05
7.4014 	EXP 	text: height = 0.05
7.4014 	EXP 	text: height = 0.05
7.4014 	EXP 	text: text = 0
7.4066 	EXP 	text: height = 0.05
7.4066 	EXP 	text: height = 0.05
7.4066 	EXP 	text: height = 0.05
7.4066 	EXP 	text: text = 0
7.4111 	EXP 	text: height = 0.05
7.4111 	EXP 	text: height = 0.05
7.4111 	EXP 	text: height = 0.05
7.4111 	EXP 	text: text = 0
7.4154 	EXP 	text: height = 0.05
7.4154 	EXP 	text: height = 0.05
7.4154 	EXP 	text: height = 0.05
7.4154 	EXP 	text: text = 0
7.4195 	EXP 	text: height = 0.05
7.4195 	EXP 	text: height = 0.05
7.4195 	EXP 	text: height = 0.05
7.4195 	EXP 	text: text = 0
7.4237 	EXP 	text: height = 0.05
7.4237 	EXP 	text: height = 0.05
7.4237 	EXP 	text: height = 0.05
7.4237 	EXP 	text: text = 0
7.4279 	EXP 	text: height = 0.05
7.4279 	EXP 	text: height = 0.05
7.4279 	EXP 	text: height = 0.05
7.4279 	EXP 	text: text = 0
7.4321 	EXP 	text: height = 0.05
7.4321 	EXP 	text: height = 0.05
7.4321 	EXP 	text: height = 0.05
7.4321 	EXP 	text: text = 0
7.4362 	EXP 	text: height = 0.05
7.4362 	EXP 	text: height = 0.05
7.4362 	EXP 	text: height = 0.05
7.4362 	EXP 	text: text = 0
7.4405 	EXP 	text: height = 0.05
7.4405 	EXP 	text: height = 0.05
7.4405 	EXP 	text: height = 0.05
7.4405 	EXP 	text: text = 0
7.4447 	EXP 	text: height = 0.05
7.4447 	EXP 	text: height = 0.05
7.4447 	EXP 	text: height = 0.05
7.4447 	EXP 	text: text = 0
7.4488 	EXP 	text: height = 0.05
7.4488 	EXP 	text: height = 0.05
7.4488 	EXP 	text: height = 0.05
7.4488 	EXP 	text: text = 0
7.7299 	EXP 	window1: mouseVisible = True
