1.4935 	WARNING 	We strongly recommend you activate the PTB sound engine in PsychoPy prefs as the preferred audio engine. Its timing is vastly superior. Your prefs are currently set to use ['sounddevice', 'PTB', 'pyo', 'pygame'] (in that order).
4.2221 	WARNING 	User requested fullscreen with size [1024  768], but screen is actually [1920, 1080]. Using actual size
4.5631 	EXP 	Created window1 = Window(allowGUI=True, allowStencil=False, autoLog=True, backendConf=UNKNOWN, bitsMode=UNKNOWN, blendMode='avg', bpc=(8, 8, 8), color=array([0, 0, 0]), colorSpace='rgb', depthBits=8, fullscr=<method-wrapper '__getattribute__' of attributeSetter object at 0x00000283DCA61100>, gamma=None, gammaErrorPolicy='raise', lms=UNKNOWN, monitor=<psychopy.monitors.calibTools.Monitor object at 0x00000283DCDA4670>, multiSample=False, name='window1', numSamples=2, pos=(0, 0), screen=0, size=array([1920, 1080]), stencilBits=0, stereo=False, units='height', useFBO=True, useRetina=False, viewOri=0.0, viewPos=None, viewScale=None, waitBlanking=True, winType='pyglet')
4.5632 	EXP 	window1: mouseVisible = True
4.5633 	EXP 	window1: mouseVisible = False
4.5633 	EXP 	window1: Attempting to measure frame rate of screen (0) ...
4.5633 	EXP 	window1: recordFrameIntervals = False
4.6046 	EXP 	window1: recordFrameIntervals = True
4.6144 	WARNING 	t of last frame was 5.61ms (=1/178)
4.6524 	EXP 	Screen (0) actual frame rate measured at 229.65Hz
4.6525 	EXP 	window1: recordFrameIntervals = False
6.3195 	EXP 	Created text = TextStim(__class__=<class 'psychopy.visual.text.TextStim'>, alignHoriz=method-wrapper(...), alignText='center', alignVert=method-wrapper(...), anchorHoriz='center', anchorVert='center', antialias=True, autoDraw=False, autoLog=True, bold=False, color=array([1, 1, 1]), colorSpace='rgb', contrast=1.0, depth=-2.0, flipHoriz=False, flipVert=False, font='Open Sans', fontFiles=[], height=0.05, italic=False, languageStyle='LTR', name='text', opacity=1.0, ori=0.0, pos=array([ 0. , -0.2]), rgb=UNKNOWN, text='asd', units='height', win=Window(...), wrapWidth=1)
6.3371 	EXP 	window1: mouseVisible = True
6.3446 	EXP 	textbox: autoLog = True
6.3446 	EXP 	text: height = 0.05
6.3446 	EXP 	text: height = 0.05
6.3446 	EXP 	text: height = 0.05
6.3446 	EXP 	text: text = 0
6.3446 	EXP 	textbox: autoDraw = True
6.3446 	EXP 	text: autoDraw = True
6.3529 	EXP 	text: height = 0.05
6.3529 	EXP 	text: height = 0.05
6.3529 	EXP 	text: height = 0.05
6.3529 	EXP 	text: text = 0
6.3591 	EXP 	text: height = 0.05
6.3591 	EXP 	text: height = 0.05
6.3591 	EXP 	text: height = 0.05
6.3591 	EXP 	text: text = 0
6.3672 	EXP 	text: height = 0.05
6.3672 	EXP 	text: height = 0.05
6.3672 	EXP 	text: height = 0.05
6.3672 	EXP 	text: text = 0
6.3722 	EXP 	text: height = 0.05
6.3722 	EXP 	text: height = 0.05
6.3722 	EXP 	text: height = 0.05
6.3722 	EXP 	text: text = 0
6.3798 	EXP 	text: height = 0.05
6.3798 	EXP 	text: height = 0.05
6.3798 	EXP 	text: height = 0.05
6.3798 	EXP 	text: text = 0
6.3856 	EXP 	text: height = 0.05
6.3856 	EXP 	text: height = 0.05
6.3856 	EXP 	text: height = 0.05
6.3856 	EXP 	text: text = 0
6.3933 	EXP 	text: height = 0.05
6.3933 	EXP 	text: height = 0.05
6.3933 	EXP 	text: height = 0.05
6.3933 	EXP 	text: text = 0
6.3993 	EXP 	text: height = 0.05
6.3993 	EXP 	text: height = 0.05
6.3993 	EXP 	text: height = 0.05
6.3993 	EXP 	text: text = 0
6.4073 	EXP 	text: height = 0.05
6.4073 	EXP 	text: height = 0.05
6.4073 	EXP 	text: height = 0.05
6.4073 	EXP 	text: text = 0
6.4127 	EXP 	text: height = 0.05
6.4127 	EXP 	text: height = 0.05
6.4127 	EXP 	text: height = 0.05
6.4127 	EXP 	text: text = 0
6.4207 	EXP 	text: height = 0.05
6.4207 	EXP 	text: height = 0.05
6.4207 	EXP 	text: height = 0.05
6.4207 	EXP 	text: text = 0
6.4256 	EXP 	text: height = 0.05
6.4256 	EXP 	text: height = 0.05
6.4256 	EXP 	text: height = 0.05
6.4256 	EXP 	text: text = 0
6.4330 	EXP 	text: height = 0.05
6.4330 	EXP 	text: height = 0.05
6.4330 	EXP 	text: height = 0.05
6.4330 	EXP 	text: text = 0
6.4376 	EXP 	text: height = 0.05
6.4376 	EXP 	text: height = 0.05
6.4376 	EXP 	text: height = 0.05
6.4376 	EXP 	text: text = 0
6.4459 	EXP 	text: height = 0.05
6.4459 	EXP 	text: height = 0.05
6.4459 	EXP 	text: height = 0.05
6.4459 	EXP 	text: text = 0
6.4508 	EXP 	text: height = 0.05
6.4508 	EXP 	text: height = 0.05
6.4508 	EXP 	text: height = 0.05
6.4508 	EXP 	text: text = 0
6.4588 	EXP 	text: height = 0.05
6.4588 	EXP 	text: height = 0.05
6.4588 	EXP 	text: height = 0.05
6.4588 	EXP 	text: text = 0
6.4639 	EXP 	text: height = 0.05
6.4639 	EXP 	text: height = 0.05
6.4639 	EXP 	text: height = 0.05
6.4639 	EXP 	text: text = 0
6.4714 	EXP 	text: height = 0.05
6.4714 	EXP 	text: height = 0.05
6.4714 	EXP 	text: height = 0.05
6.4714 	EXP 	text: text = 0
6.4762 	EXP 	text: height = 0.05
6.4762 	EXP 	text: height = 0.05
6.4762 	EXP 	text: height = 0.05
6.4762 	EXP 	text: text = 0
6.4834 	EXP 	text: height = 0.05
6.4834 	EXP 	text: height = 0.05
6.4834 	EXP 	text: height = 0.05
6.4834 	EXP 	text: text = 0
6.4881 	EXP 	text: height = 0.05
6.4881 	EXP 	text: height = 0.05
6.4881 	EXP 	text: height = 0.05
6.4881 	EXP 	text: text = 0
6.4963 	EXP 	text: height = 0.05
6.4963 	EXP 	text: height = 0.05
6.4963 	EXP 	text: height = 0.05
6.4963 	EXP 	text: text = 0
6.5014 	EXP 	text: height = 0.05
6.5014 	EXP 	text: height = 0.05
6.5014 	EXP 	text: height = 0.05
6.5014 	EXP 	text: text = 0
6.5079 	EXP 	text: height = 0.05
6.5079 	EXP 	text: height = 0.05
6.5079 	EXP 	text: height = 0.05
6.5079 	EXP 	text: text = 0
6.5122 	EXP 	text: height = 0.05
6.5122 	EXP 	text: height = 0.05
6.5122 	EXP 	text: height = 0.05
6.5122 	EXP 	text: text = 0
6.5179 	EXP 	text: height = 0.05
6.5179 	EXP 	text: height = 0.05
6.5179 	EXP 	text: height = 0.05
6.5179 	EXP 	text: text = 0
6.5220 	EXP 	text: height = 0.05
6.5220 	EXP 	text: height = 0.05
6.5220 	EXP 	text: height = 0.05
6.5220 	EXP 	text: text = 0
6.5273 	EXP 	text: height = 0.05
6.5273 	EXP 	text: height = 0.05
6.5273 	EXP 	text: height = 0.05
6.5273 	EXP 	text: text = 0
6.5316 	EXP 	text: height = 0.05
6.5316 	EXP 	text: height = 0.05
6.5316 	EXP 	text: height = 0.05
6.5316 	EXP 	text: text = 0
6.5361 	EXP 	text: height = 0.05
6.5361 	EXP 	text: height = 0.05
6.5361 	EXP 	text: height = 0.05
6.5361 	EXP 	text: text = 0
6.5404 	EXP 	text: height = 0.05
6.5404 	EXP 	text: height = 0.05
6.5404 	EXP 	text: height = 0.05
6.5404 	EXP 	text: text = 0
6.5448 	EXP 	text: height = 0.05
6.5448 	EXP 	text: height = 0.05
6.5448 	EXP 	text: height = 0.05
6.5448 	EXP 	text: text = 0
6.5490 	EXP 	text: height = 0.05
6.5490 	EXP 	text: height = 0.05
6.5490 	EXP 	text: height = 0.05
6.5490 	EXP 	text: text = 0
6.5534 	EXP 	text: height = 0.05
6.5534 	EXP 	text: height = 0.05
6.5534 	EXP 	text: height = 0.05
6.5534 	EXP 	text: text = 0
6.5577 	EXP 	text: height = 0.05
6.5577 	EXP 	text: height = 0.05
6.5577 	EXP 	text: height = 0.05
6.5577 	EXP 	text: text = 0
6.5619 	EXP 	text: height = 0.05
6.5619 	EXP 	text: height = 0.05
6.5619 	EXP 	text: height = 0.05
6.5619 	EXP 	text: text = 0
6.5663 	EXP 	text: height = 0.05
6.5663 	EXP 	text: height = 0.05
6.5663 	EXP 	text: height = 0.05
6.5663 	EXP 	text: text = 0
6.5714 	EXP 	text: height = 0.05
6.5714 	EXP 	text: height = 0.05
6.5714 	EXP 	text: height = 0.05
6.5714 	EXP 	text: text = 0
6.5763 	EXP 	text: height = 0.05
6.5763 	EXP 	text: height = 0.05
6.5763 	EXP 	text: height = 0.05
6.5763 	EXP 	text: text = 0
6.5805 	EXP 	text: height = 0.05
6.5805 	EXP 	text: height = 0.05
6.5805 	EXP 	text: height = 0.05
6.5805 	EXP 	text: text = 0
6.5860 	EXP 	text: height = 0.05
6.5860 	EXP 	text: height = 0.05
6.5860 	EXP 	text: height = 0.05
6.5860 	EXP 	text: text = 0
6.5906 	EXP 	text: height = 0.05
6.5906 	EXP 	text: height = 0.05
6.5906 	EXP 	text: height = 0.05
6.5906 	EXP 	text: text = 0
6.5961 	EXP 	text: height = 0.05
6.5961 	EXP 	text: height = 0.05
6.5961 	EXP 	text: height = 0.05
6.5961 	EXP 	text: text = 0
6.6008 	EXP 	text: height = 0.05
6.6008 	EXP 	text: height = 0.05
6.6008 	EXP 	text: height = 0.05
6.6008 	EXP 	text: text = 0
6.6053 	EXP 	text: height = 0.05
6.6053 	EXP 	text: height = 0.05
6.6053 	EXP 	text: height = 0.05
6.6053 	EXP 	text: text = 0
6.6095 	EXP 	text: height = 0.05
6.6095 	EXP 	text: height = 0.05
6.6095 	EXP 	text: height = 0.05
6.6095 	EXP 	text: text = 0
6.6136 	EXP 	text: height = 0.05
6.6136 	EXP 	text: height = 0.05
6.6136 	EXP 	text: height = 0.05
6.6136 	EXP 	text: text = 0
6.6179 	EXP 	text: height = 0.05
6.6179 	EXP 	text: height = 0.05
6.6179 	EXP 	text: height = 0.05
6.6179 	EXP 	text: text = 0
6.6220 	EXP 	text: height = 0.05
6.6220 	EXP 	text: height = 0.05
6.6220 	EXP 	text: height = 0.05
6.6220 	EXP 	text: text = 0
6.6262 	EXP 	text: height = 0.05
6.6262 	EXP 	text: height = 0.05
6.6262 	EXP 	text: height = 0.05
6.6262 	EXP 	text: text = 0
6.6305 	EXP 	text: height = 0.05
6.6305 	EXP 	text: height = 0.05
6.6305 	EXP 	text: height = 0.05
6.6305 	EXP 	text: text = 0
6.6354 	EXP 	text: height = 0.05
6.6354 	EXP 	text: height = 0.05
6.6354 	EXP 	text: height = 0.05
6.6354 	EXP 	text: text = 0
6.6399 	EXP 	text: height = 0.05
6.6399 	EXP 	text: height = 0.05
6.6399 	EXP 	text: height = 0.05
6.6399 	EXP 	text: text = 0
6.6441 	EXP 	text: height = 0.05
6.6441 	EXP 	text: height = 0.05
6.6441 	EXP 	text: height = 0.05
6.6441 	EXP 	text: text = 0
6.6482 	EXP 	text: height = 0.05
6.6482 	EXP 	text: height = 0.05
6.6482 	EXP 	text: height = 0.05
6.6482 	EXP 	text: text = 0
6.6524 	EXP 	text: height = 0.05
6.6524 	EXP 	text: height = 0.05
6.6524 	EXP 	text: height = 0.05
6.6524 	EXP 	text: text = 0
6.6566 	EXP 	text: height = 0.05
6.6566 	EXP 	text: height = 0.05
6.6566 	EXP 	text: height = 0.05
6.6566 	EXP 	text: text = 0
6.6609 	EXP 	text: height = 0.05
6.6609 	EXP 	text: height = 0.05
6.6609 	EXP 	text: height = 0.05
6.6609 	EXP 	text: text = 0
6.6650 	EXP 	text: height = 0.05
6.6650 	EXP 	text: height = 0.05
6.6650 	EXP 	text: height = 0.05
6.6650 	EXP 	text: text = 0
6.6692 	EXP 	text: height = 0.05
6.6692 	EXP 	text: height = 0.05
6.6692 	EXP 	text: height = 0.05
6.6692 	EXP 	text: text = 0
6.6735 	EXP 	text: height = 0.05
6.6735 	EXP 	text: height = 0.05
6.6735 	EXP 	text: height = 0.05
6.6735 	EXP 	text: text = 0
6.6800 	EXP 	text: height = 0.05
6.6800 	EXP 	text: height = 0.05
6.6800 	EXP 	text: height = 0.05
6.6800 	EXP 	text: text = 0
6.6856 	EXP 	text: height = 0.05
6.6856 	EXP 	text: height = 0.05
6.6856 	EXP 	text: height = 0.05
6.6856 	EXP 	text: text = 0
6.6897 	EXP 	text: height = 0.05
6.6897 	EXP 	text: height = 0.05
6.6897 	EXP 	text: height = 0.05
6.6897 	EXP 	text: text = 0
6.6944 	EXP 	text: height = 0.05
6.6944 	EXP 	text: height = 0.05
6.6944 	EXP 	text: height = 0.05
6.6944 	EXP 	text: text = 0
6.6995 	EXP 	text: height = 0.05
6.6995 	EXP 	text: height = 0.05
6.6995 	EXP 	text: height = 0.05
6.6995 	EXP 	text: text = 0
6.7041 	EXP 	text: height = 0.05
6.7041 	EXP 	text: height = 0.05
6.7041 	EXP 	text: height = 0.05
6.7041 	EXP 	text: text = 0
6.7087 	EXP 	text: height = 0.05
6.7087 	EXP 	text: height = 0.05
6.7087 	EXP 	text: height = 0.05
6.7087 	EXP 	text: text = 0
6.7129 	EXP 	text: height = 0.05
6.7129 	EXP 	text: height = 0.05
6.7129 	EXP 	text: height = 0.05
6.7129 	EXP 	text: text = 0
6.7170 	EXP 	text: height = 0.05
6.7170 	EXP 	text: height = 0.05
6.7170 	EXP 	text: height = 0.05
6.7170 	EXP 	text: text = 0
6.7212 	EXP 	text: height = 0.05
6.7212 	EXP 	text: height = 0.05
6.7212 	EXP 	text: height = 0.05
6.7212 	EXP 	text: text = 0
6.7270 	EXP 	text: height = 0.05
6.7270 	EXP 	text: height = 0.05
6.7270 	EXP 	text: height = 0.05
6.7270 	EXP 	text: text = 0
6.7508 	EXP 	text: height = 0.05
6.7508 	EXP 	text: height = 0.05
6.7508 	EXP 	text: height = 0.05
6.7508 	EXP 	text: text = 0
6.7551 	EXP 	text: height = 0.05
6.7551 	EXP 	text: height = 0.05
6.7551 	EXP 	text: height = 0.05
6.7551 	EXP 	text: text = 0
6.7623 	EXP 	text: height = 0.05
6.7623 	EXP 	text: height = 0.05
6.7623 	EXP 	text: height = 0.05
6.7623 	EXP 	text: text = 0
6.7667 	EXP 	text: height = 0.05
6.7667 	EXP 	text: height = 0.05
6.7667 	EXP 	text: height = 0.05
6.7667 	EXP 	text: text = 0
6.7738 	EXP 	text: height = 0.05
6.7738 	EXP 	text: height = 0.05
6.7738 	EXP 	text: height = 0.05
6.7738 	EXP 	text: text = 0
6.7790 	EXP 	text: height = 0.05
6.7790 	EXP 	text: height = 0.05
6.7790 	EXP 	text: height = 0.05
6.7790 	EXP 	text: text = 0
6.7863 	EXP 	text: height = 0.05
6.7863 	EXP 	text: height = 0.05
6.7863 	EXP 	text: height = 0.05
6.7863 	EXP 	text: text = 0
6.7907 	EXP 	text: height = 0.05
6.7907 	EXP 	text: height = 0.05
6.7907 	EXP 	text: height = 0.05
6.7907 	EXP 	text: text = 0
6.7979 	EXP 	text: height = 0.05
6.7979 	EXP 	text: height = 0.05
6.7979 	EXP 	text: height = 0.05
6.7979 	EXP 	text: text = 0
6.8034 	EXP 	text: height = 0.05
6.8034 	EXP 	text: height = 0.05
6.8034 	EXP 	text: height = 0.05
6.8034 	EXP 	text: text = 0
6.8105 	EXP 	text: height = 0.05
6.8105 	EXP 	text: height = 0.05
6.8105 	EXP 	text: height = 0.05
6.8105 	EXP 	text: text = 0
6.8150 	EXP 	text: height = 0.05
6.8150 	EXP 	text: height = 0.05
6.8150 	EXP 	text: height = 0.05
6.8150 	EXP 	text: text = 0
6.8201 	EXP 	text: height = 0.05
6.8201 	EXP 	text: height = 0.05
6.8201 	EXP 	text: height = 0.05
6.8201 	EXP 	text: text = 0
6.8245 	EXP 	text: height = 0.05
6.8245 	EXP 	text: height = 0.05
6.8245 	EXP 	text: height = 0.05
6.8245 	EXP 	text: text = 0
6.8290 	EXP 	text: height = 0.05
6.8290 	EXP 	text: height = 0.05
6.8290 	EXP 	text: height = 0.05
6.8290 	EXP 	text: text = 0
6.8332 	EXP 	text: height = 0.05
6.8332 	EXP 	text: height = 0.05
6.8332 	EXP 	text: height = 0.05
6.8332 	EXP 	text: text = 0
6.8383 	EXP 	text: height = 0.05
6.8383 	EXP 	text: height = 0.05
6.8383 	EXP 	text: height = 0.05
6.8383 	EXP 	text: text = 0
6.8426 	EXP 	text: height = 0.05
6.8426 	EXP 	text: height = 0.05
6.8426 	EXP 	text: height = 0.05
6.8426 	EXP 	text: text = 0
6.8468 	EXP 	text: height = 0.05
6.8468 	EXP 	text: height = 0.05
6.8468 	EXP 	text: height = 0.05
6.8468 	EXP 	text: text = 0
6.8512 	EXP 	text: height = 0.05
6.8512 	EXP 	text: height = 0.05
6.8512 	EXP 	text: height = 0.05
6.8512 	EXP 	text: text = 0
6.8556 	EXP 	text: height = 0.05
6.8556 	EXP 	text: height = 0.05
6.8556 	EXP 	text: height = 0.05
6.8556 	EXP 	text: text = 0
6.8599 	EXP 	text: height = 0.05
6.8599 	EXP 	text: height = 0.05
6.8599 	EXP 	text: height = 0.05
6.8599 	EXP 	text: text = 0
6.8642 	EXP 	text: height = 0.05
6.8642 	EXP 	text: height = 0.05
6.8642 	EXP 	text: height = 0.05
6.8642 	EXP 	text: text = 0
6.8686 	EXP 	text: height = 0.05
6.8686 	EXP 	text: height = 0.05
6.8686 	EXP 	text: height = 0.05
6.8686 	EXP 	text: text = 0
6.8733 	EXP 	text: height = 0.05
6.8733 	EXP 	text: height = 0.05
6.8733 	EXP 	text: height = 0.05
6.8733 	EXP 	text: text = 0
6.8779 	EXP 	text: height = 0.05
6.8779 	EXP 	text: height = 0.05
6.8779 	EXP 	text: height = 0.05
6.8779 	EXP 	text: text = 0
6.8821 	EXP 	text: height = 0.05
6.8821 	EXP 	text: height = 0.05
6.8821 	EXP 	text: height = 0.05
6.8821 	EXP 	text: text = 0
6.8863 	EXP 	text: height = 0.05
6.8863 	EXP 	text: height = 0.05
6.8863 	EXP 	text: height = 0.05
6.8863 	EXP 	text: text = 0
6.8904 	EXP 	text: height = 0.05
6.8904 	EXP 	text: height = 0.05
6.8904 	EXP 	text: height = 0.05
6.8904 	EXP 	text: text = 0
6.8946 	EXP 	text: height = 0.05
6.8946 	EXP 	text: height = 0.05
6.8946 	EXP 	text: height = 0.05
6.8946 	EXP 	text: text = 0
6.8988 	EXP 	text: height = 0.05
6.8988 	EXP 	text: height = 0.05
6.8988 	EXP 	text: height = 0.05
6.8988 	EXP 	text: text = 0
6.9029 	EXP 	text: height = 0.05
6.9029 	EXP 	text: height = 0.05
6.9029 	EXP 	text: height = 0.05
6.9029 	EXP 	text: text = 0
6.9071 	EXP 	text: height = 0.05
6.9071 	EXP 	text: height = 0.05
6.9071 	EXP 	text: height = 0.05
6.9071 	EXP 	text: text = 0
6.9113 	EXP 	text: height = 0.05
6.9113 	EXP 	text: height = 0.05
6.9113 	EXP 	text: height = 0.05
6.9113 	EXP 	text: text = 0
6.9155 	EXP 	text: height = 0.05
6.9155 	EXP 	text: height = 0.05
6.9155 	EXP 	text: height = 0.05
6.9155 	EXP 	text: text = 0
6.9196 	EXP 	text: height = 0.05
6.9196 	EXP 	text: height = 0.05
6.9196 	EXP 	text: height = 0.05
6.9196 	EXP 	text: text = 0
6.9238 	EXP 	text: height = 0.05
6.9238 	EXP 	text: height = 0.05
6.9238 	EXP 	text: height = 0.05
6.9238 	EXP 	text: text = 0
6.9300 	EXP 	text: height = 0.05
6.9300 	EXP 	text: height = 0.05
6.9300 	EXP 	text: height = 0.05
6.9300 	EXP 	text: text = 0
6.9344 	EXP 	text: height = 0.05
6.9344 	EXP 	text: height = 0.05
6.9344 	EXP 	text: height = 0.05
6.9344 	EXP 	text: text = 0
6.9386 	EXP 	text: height = 0.05
6.9386 	EXP 	text: height = 0.05
6.9386 	EXP 	text: height = 0.05
6.9386 	EXP 	text: text = 0
6.9427 	EXP 	text: height = 0.05
6.9427 	EXP 	text: height = 0.05
6.9427 	EXP 	text: height = 0.05
6.9427 	EXP 	text: text = 0
6.9469 	EXP 	text: height = 0.05
6.9469 	EXP 	text: height = 0.05
6.9469 	EXP 	text: height = 0.05
6.9469 	EXP 	text: text = 0
6.9510 	EXP 	text: height = 0.05
6.9510 	EXP 	text: height = 0.05
6.9510 	EXP 	text: height = 0.05
6.9510 	EXP 	text: text = 0
6.9552 	EXP 	text: height = 0.05
6.9552 	EXP 	text: height = 0.05
6.9552 	EXP 	text: height = 0.05
6.9552 	EXP 	text: text = 0
6.9594 	EXP 	text: height = 0.05
6.9594 	EXP 	text: height = 0.05
6.9594 	EXP 	text: height = 0.05
6.9594 	EXP 	text: text = 0
6.9635 	EXP 	text: height = 0.05
6.9635 	EXP 	text: height = 0.05
6.9635 	EXP 	text: height = 0.05
6.9635 	EXP 	text: text = 0
6.9677 	EXP 	text: height = 0.05
6.9677 	EXP 	text: height = 0.05
6.9677 	EXP 	text: height = 0.05
6.9677 	EXP 	text: text = 0
6.9719 	EXP 	text: height = 0.05
6.9719 	EXP 	text: height = 0.05
6.9719 	EXP 	text: height = 0.05
6.9719 	EXP 	text: text = 0
6.9761 	EXP 	text: height = 0.05
6.9761 	EXP 	text: height = 0.05
6.9761 	EXP 	text: height = 0.05
6.9761 	EXP 	text: text = 0
6.9802 	EXP 	text: height = 0.05
6.9802 	EXP 	text: height = 0.05
6.9802 	EXP 	text: height = 0.05
6.9802 	EXP 	text: text = 0
6.9844 	EXP 	text: height = 0.05
6.9844 	EXP 	text: height = 0.05
6.9844 	EXP 	text: height = 0.05
6.9844 	EXP 	text: text = 0
6.9886 	EXP 	text: height = 0.05
6.9886 	EXP 	text: height = 0.05
6.9886 	EXP 	text: height = 0.05
6.9886 	EXP 	text: text = 0
6.9929 	EXP 	text: height = 0.05
6.9929 	EXP 	text: height = 0.05
6.9929 	EXP 	text: height = 0.05
6.9929 	EXP 	text: text = 0
6.9969 	EXP 	text: height = 0.05
6.9969 	EXP 	text: height = 0.05
6.9969 	EXP 	text: height = 0.05
6.9969 	EXP 	text: text = 0
7.0011 	EXP 	text: height = 0.05
7.0011 	EXP 	text: height = 0.05
7.0011 	EXP 	text: height = 0.05
7.0011 	EXP 	text: text = 0
7.0058 	EXP 	text: height = 0.05
7.0058 	EXP 	text: height = 0.05
7.0058 	EXP 	text: height = 0.05
7.0058 	EXP 	text: text = 0
7.0101 	EXP 	text: height = 0.05
7.0101 	EXP 	text: height = 0.05
7.0101 	EXP 	text: height = 0.05
7.0101 	EXP 	text: text = 0
7.0143 	EXP 	text: height = 0.05
7.0143 	EXP 	text: height = 0.05
7.0143 	EXP 	text: height = 0.05
7.0143 	EXP 	text: text = 0
7.0185 	EXP 	text: height = 0.05
7.0185 	EXP 	text: height = 0.05
7.0185 	EXP 	text: height = 0.05
7.0185 	EXP 	text: text = 0
7.0238 	EXP 	text: height = 0.05
7.0238 	EXP 	text: height = 0.05
7.0238 	EXP 	text: height = 0.05
7.0238 	EXP 	text: text = 0
7.0285 	EXP 	text: height = 0.05
7.0285 	EXP 	text: height = 0.05
7.0285 	EXP 	text: height = 0.05
7.0285 	EXP 	text: text = 0
7.0328 	EXP 	text: height = 0.05
7.0328 	EXP 	text: height = 0.05
7.0328 	EXP 	text: height = 0.05
7.0328 	EXP 	text: text = 0
7.0373 	EXP 	text: height = 0.05
7.0373 	EXP 	text: height = 0.05
7.0373 	EXP 	text: height = 0.05
7.0373 	EXP 	text: text = 0
7.0414 	EXP 	text: height = 0.05
7.0414 	EXP 	text: height = 0.05
7.0414 	EXP 	text: height = 0.05
7.0414 	EXP 	text: text = 0
7.0460 	EXP 	text: height = 0.05
7.0460 	EXP 	text: height = 0.05
7.0460 	EXP 	text: height = 0.05
7.0460 	EXP 	text: text = 0
7.0502 	EXP 	text: height = 0.05
7.0502 	EXP 	text: height = 0.05
7.0502 	EXP 	text: height = 0.05
7.0502 	EXP 	text: text = 0
7.0553 	EXP 	text: height = 0.05
7.0553 	EXP 	text: height = 0.05
7.0553 	EXP 	text: height = 0.05
7.0553 	EXP 	text: text = 0
7.0595 	EXP 	text: height = 0.05
7.0595 	EXP 	text: height = 0.05
7.0595 	EXP 	text: height = 0.05
7.0595 	EXP 	text: text = 0
7.0638 	EXP 	text: height = 0.05
7.0638 	EXP 	text: height = 0.05
7.0638 	EXP 	text: height = 0.05
7.0638 	EXP 	text: text = 0
7.0679 	EXP 	text: height = 0.05
7.0679 	EXP 	text: height = 0.05
7.0679 	EXP 	text: height = 0.05
7.0679 	EXP 	text: text = 0
7.0721 	EXP 	text: height = 0.05
7.0721 	EXP 	text: height = 0.05
7.0721 	EXP 	text: height = 0.05
7.0721 	EXP 	text: text = 0
7.0763 	EXP 	text: height = 0.05
7.0763 	EXP 	text: height = 0.05
7.0763 	EXP 	text: height = 0.05
7.0763 	EXP 	text: text = 0
7.0805 	EXP 	text: height = 0.05
7.0805 	EXP 	text: height = 0.05
7.0805 	EXP 	text: height = 0.05
7.0805 	EXP 	text: text = 0
7.0858 	EXP 	text: height = 0.05
7.0858 	EXP 	text: height = 0.05
7.0858 	EXP 	text: height = 0.05
7.0858 	EXP 	text: text = 0
7.0902 	EXP 	text: height = 0.05
7.0902 	EXP 	text: height = 0.05
7.0902 	EXP 	text: height = 0.05
7.0902 	EXP 	text: text = 0
7.0952 	EXP 	text: height = 0.05
7.0952 	EXP 	text: height = 0.05
7.0952 	EXP 	text: height = 0.05
7.0952 	EXP 	text: text = 0
7.0995 	EXP 	text: height = 0.05
7.0995 	EXP 	text: height = 0.05
7.0995 	EXP 	text: height = 0.05
7.0995 	EXP 	text: text = 0
7.1038 	EXP 	text: height = 0.05
7.1038 	EXP 	text: height = 0.05
7.1038 	EXP 	text: height = 0.05
7.1038 	EXP 	text: text = 0
7.1080 	EXP 	text: height = 0.05
7.1080 	EXP 	text: height = 0.05
7.1080 	EXP 	text: height = 0.05
7.1080 	EXP 	text: text = 0
7.1123 	EXP 	text: height = 0.05
7.1123 	EXP 	text: height = 0.05
7.1123 	EXP 	text: height = 0.05
7.1123 	EXP 	text: text = 0
7.1177 	EXP 	text: height = 0.05
7.1177 	EXP 	text: height = 0.05
7.1177 	EXP 	text: height = 0.05
7.1177 	EXP 	text: text = 0
7.1223 	EXP 	text: height = 0.05
7.1223 	EXP 	text: height = 0.05
7.1223 	EXP 	text: height = 0.05
7.1223 	EXP 	text: text = 0
7.1264 	EXP 	text: height = 0.05
7.1264 	EXP 	text: height = 0.05
7.1264 	EXP 	text: height = 0.05
7.1264 	EXP 	text: text = 0
7.1306 	EXP 	text: height = 0.05
7.1306 	EXP 	text: height = 0.05
7.1306 	EXP 	text: height = 0.05
7.1306 	EXP 	text: text = 0
7.1352 	EXP 	text: height = 0.05
7.1352 	EXP 	text: height = 0.05
7.1352 	EXP 	text: height = 0.05
7.1352 	EXP 	text: text = 0
7.1394 	EXP 	text: height = 0.05
7.1394 	EXP 	text: height = 0.05
7.1394 	EXP 	text: height = 0.05
7.1394 	EXP 	text: text = 0
7.1437 	EXP 	text: height = 0.05
7.1437 	EXP 	text: height = 0.05
7.1437 	EXP 	text: height = 0.05
7.1437 	EXP 	text: text = 0
7.1477 	DATA 	Keypress: d
7.1531 	EXP 	text: height = 0.05
7.1531 	EXP 	text: height = 0.05
7.1531 	EXP 	text: height = 0.05
7.1531 	EXP 	text: text = 0
7.1587 	EXP 	text: height = 0.05
7.1587 	EXP 	text: height = 0.05
7.1587 	EXP 	text: height = 0.05
7.1587 	EXP 	text: text = 1
7.1639 	EXP 	text: height = 0.05
7.1639 	EXP 	text: height = 0.05
7.1639 	EXP 	text: height = 0.05
7.1639 	EXP 	text: text = 1
7.1701 	EXP 	text: height = 0.05
7.1701 	EXP 	text: height = 0.05
7.1701 	EXP 	text: height = 0.05
7.1701 	EXP 	text: text = 1
7.1742 	EXP 	text: height = 0.05
7.1742 	EXP 	text: height = 0.05
7.1742 	EXP 	text: height = 0.05
7.1742 	EXP 	text: text = 1
7.1796 	EXP 	text: height = 0.05
7.1796 	EXP 	text: height = 0.05
7.1796 	EXP 	text: height = 0.05
7.1796 	EXP 	text: text = 1
7.1838 	EXP 	text: height = 0.05
7.1838 	EXP 	text: height = 0.05
7.1838 	EXP 	text: height = 0.05
7.1838 	EXP 	text: text = 1
7.1887 	EXP 	text: height = 0.05
7.1887 	EXP 	text: height = 0.05
7.1887 	EXP 	text: height = 0.05
7.1887 	EXP 	text: text = 1
7.1928 	EXP 	text: height = 0.05
7.1928 	EXP 	text: height = 0.05
7.1928 	EXP 	text: height = 0.05
7.1928 	EXP 	text: text = 1
7.1972 	EXP 	text: height = 0.05
7.1972 	EXP 	text: height = 0.05
7.1972 	EXP 	text: height = 0.05
7.1972 	EXP 	text: text = 1
7.2014 	EXP 	text: height = 0.05
7.2014 	EXP 	text: height = 0.05
7.2014 	EXP 	text: height = 0.05
7.2014 	EXP 	text: text = 1
7.2056 	EXP 	text: height = 0.05
7.2056 	EXP 	text: height = 0.05
7.2056 	EXP 	text: height = 0.05
7.2056 	EXP 	text: text = 1
7.2109 	EXP 	text: height = 0.05
7.2109 	EXP 	text: height = 0.05
7.2109 	EXP 	text: height = 0.05
7.2109 	EXP 	text: text = 1
7.2151 	EXP 	text: height = 0.05
7.2151 	EXP 	text: height = 0.05
7.2151 	EXP 	text: height = 0.05
7.2151 	EXP 	text: text = 1
7.2193 	EXP 	text: height = 0.05
7.2193 	EXP 	text: height = 0.05
7.2193 	EXP 	text: height = 0.05
7.2193 	EXP 	text: text = 1
7.2238 	EXP 	text: height = 0.05
7.2238 	EXP 	text: height = 0.05
7.2238 	EXP 	text: height = 0.05
7.2238 	EXP 	text: text = 1
7.2280 	EXP 	text: height = 0.05
7.2280 	EXP 	text: height = 0.05
7.2280 	EXP 	text: height = 0.05
7.2280 	EXP 	text: text = 1
7.2323 	EXP 	text: height = 0.05
7.2323 	EXP 	text: height = 0.05
7.2323 	EXP 	text: height = 0.05
7.2323 	EXP 	text: text = 1
7.2365 	EXP 	text: height = 0.05
7.2365 	EXP 	text: height = 0.05
7.2365 	EXP 	text: height = 0.05
7.2365 	EXP 	text: text = 1
7.2406 	EXP 	text: height = 0.05
7.2406 	EXP 	text: height = 0.05
7.2406 	EXP 	text: height = 0.05
7.2406 	EXP 	text: text = 1
7.2448 	EXP 	text: height = 0.05
7.2448 	EXP 	text: height = 0.05
7.2448 	EXP 	text: height = 0.05
7.2448 	EXP 	text: text = 1
7.2490 	EXP 	text: height = 0.05
7.2490 	EXP 	text: height = 0.05
7.2490 	EXP 	text: height = 0.05
7.2490 	EXP 	text: text = 1
7.2531 	EXP 	text: height = 0.05
7.2531 	EXP 	text: height = 0.05
7.2531 	EXP 	text: height = 0.05
7.2531 	EXP 	text: text = 1
7.2580 	EXP 	text: height = 0.05
7.2580 	EXP 	text: height = 0.05
7.2580 	EXP 	text: height = 0.05
7.2580 	EXP 	text: text = 1
7.2620 	EXP 	text: height = 0.05
7.2620 	EXP 	text: height = 0.05
7.2620 	EXP 	text: height = 0.05
7.2620 	EXP 	text: text = 1
7.2661 	DATA 	Keypress: a
7.2696 	EXP 	text: height = 0.05
7.2696 	EXP 	text: height = 0.05
7.2696 	EXP 	text: height = 0.05
7.2696 	EXP 	text: text = 1
7.2758 	EXP 	text: height = 0.05
7.2758 	EXP 	text: height = 0.05
7.2758 	EXP 	text: height = 0.05
7.2758 	EXP 	text: text = 1
7.2800 	EXP 	text: height = 0.05
7.2800 	EXP 	text: height = 0.05
7.2800 	EXP 	text: height = 0.05
7.2800 	EXP 	text: text = 1
7.2848 	EXP 	text: height = 0.05
7.2848 	EXP 	text: height = 0.05
7.2848 	EXP 	text: height = 0.05
7.2848 	EXP 	text: text = 1
7.2889 	EXP 	text: height = 0.05
7.2889 	EXP 	text: height = 0.05
7.2889 	EXP 	text: height = 0.05
7.2889 	EXP 	text: text = 1
7.2934 	EXP 	text: height = 0.05
7.2934 	EXP 	text: height = 0.05
7.2934 	EXP 	text: height = 0.05
7.2934 	EXP 	text: text = 1
7.2976 	EXP 	text: height = 0.05
7.2976 	EXP 	text: height = 0.05
7.2976 	EXP 	text: height = 0.05
7.2976 	EXP 	text: text = 1
7.3019 	EXP 	text: height = 0.05
7.3019 	EXP 	text: height = 0.05
7.3019 	EXP 	text: height = 0.05
7.3019 	EXP 	text: text = 1
7.3061 	EXP 	text: height = 0.05
7.3061 	EXP 	text: height = 0.05
7.3061 	EXP 	text: height = 0.05
7.3061 	EXP 	text: text = 1
7.3105 	EXP 	text: height = 0.05
7.3105 	EXP 	text: height = 0.05
7.3105 	EXP 	text: height = 0.05
7.3105 	EXP 	text: text = 1
7.3147 	EXP 	text: height = 0.05
7.3147 	EXP 	text: height = 0.05
7.3147 	EXP 	text: height = 0.05
7.3147 	EXP 	text: text = 1
7.3192 	EXP 	text: height = 0.05
7.3192 	EXP 	text: height = 0.05
7.3192 	EXP 	text: height = 0.05
7.3192 	EXP 	text: text = 1
7.3235 	EXP 	text: height = 0.05
7.3235 	EXP 	text: height = 0.05
7.3235 	EXP 	text: height = 0.05
7.3235 	EXP 	text: text = 1
7.3276 	EXP 	text: height = 0.05
7.3276 	EXP 	text: height = 0.05
7.3276 	EXP 	text: height = 0.05
7.3276 	EXP 	text: text = 1
7.3318 	EXP 	text: height = 0.05
7.3318 	EXP 	text: height = 0.05
7.3318 	EXP 	text: height = 0.05
7.3318 	EXP 	text: text = 1
7.3360 	EXP 	text: height = 0.05
7.3360 	EXP 	text: height = 0.05
7.3360 	EXP 	text: height = 0.05
7.3360 	EXP 	text: text = 1
7.3401 	EXP 	text: height = 0.05
7.3401 	EXP 	text: height = 0.05
7.3401 	EXP 	text: height = 0.05
7.3401 	EXP 	text: text = 1
7.3443 	EXP 	text: height = 0.05
7.3443 	EXP 	text: height = 0.05
7.3443 	EXP 	text: height = 0.05
7.3443 	EXP 	text: text = 1
7.3455 	DATA 	Keypress: s
7.3520 	EXP 	text: height = 0.05
7.3520 	EXP 	text: height = 0.05
7.3520 	EXP 	text: height = 0.05
7.3520 	EXP 	text: text = 1
7.3580 	EXP 	text: height = 0.05
7.3580 	EXP 	text: height = 0.05
7.3580 	EXP 	text: height = 0.05
7.3580 	EXP 	text: text = 1
7.3621 	EXP 	text: height = 0.05
7.3621 	EXP 	text: height = 0.05
7.3621 	EXP 	text: height = 0.05
7.3621 	EXP 	text: text = 1
7.3674 	EXP 	text: height = 0.05
7.3674 	EXP 	text: height = 0.05
7.3674 	EXP 	text: height = 0.05
7.3674 	EXP 	text: text = 1
7.3716 	EXP 	text: height = 0.05
7.3716 	EXP 	text: height = 0.05
7.3716 	EXP 	text: height = 0.05
7.3716 	EXP 	text: text = 1
7.3759 	EXP 	text: height = 0.05
7.3759 	EXP 	text: height = 0.05
7.3759 	EXP 	text: height = 0.05
7.3759 	EXP 	text: text = 1
7.3801 	EXP 	text: height = 0.05
7.3801 	EXP 	text: height = 0.05
7.3801 	EXP 	text: height = 0.05
7.3801 	EXP 	text: text = 1
7.3845 	EXP 	text: height = 0.05
7.3845 	EXP 	text: height = 0.05
7.3845 	EXP 	text: height = 0.05
7.3845 	EXP 	text: text = 1
7.3887 	EXP 	text: height = 0.05
7.3887 	EXP 	text: height = 0.05
7.3887 	EXP 	text: height = 0.05
7.3887 	EXP 	text: text = 1
7.3929 	EXP 	text: height = 0.05
7.3929 	EXP 	text: height = 0.05
7.3929 	EXP 	text: height = 0.05
7.3929 	EXP 	text: text = 1
7.3979 	EXP 	text: height = 0.05
7.3979 	EXP 	text: height = 0.05
7.3979 	EXP 	text: height = 0.05
7.3979 	EXP 	text: text = 1
7.4027 	EXP 	text: height = 0.05
7.4027 	EXP 	text: height = 0.05
7.4027 	EXP 	text: height = 0.05
7.4027 	EXP 	text: text = 1
7.4068 	EXP 	text: height = 0.05
7.4068 	EXP 	text: height = 0.05
7.4068 	EXP 	text: height = 0.05
7.4068 	EXP 	text: text = 1
7.4112 	EXP 	text: height = 0.05
7.4112 	EXP 	text: height = 0.05
7.4112 	EXP 	text: height = 0.05
7.4112 	EXP 	text: text = 1
7.4153 	EXP 	text: height = 0.05
7.4153 	EXP 	text: height = 0.05
7.4153 	EXP 	text: height = 0.05
7.4153 	EXP 	text: text = 1
7.4195 	EXP 	text: height = 0.05
7.4195 	EXP 	text: height = 0.05
7.4195 	EXP 	text: height = 0.05
7.4195 	EXP 	text: text = 1
7.4237 	EXP 	text: height = 0.05
7.4237 	EXP 	text: height = 0.05
7.4237 	EXP 	text: height = 0.05
7.4237 	EXP 	text: text = 1
7.4278 	EXP 	text: height = 0.05
7.4278 	EXP 	text: height = 0.05
7.4278 	EXP 	text: height = 0.05
7.4278 	EXP 	text: text = 1
7.4320 	EXP 	text: height = 0.05
7.4320 	EXP 	text: height = 0.05
7.4320 	EXP 	text: height = 0.05
7.4320 	EXP 	text: text = 1
7.4362 	EXP 	text: height = 0.05
7.4362 	EXP 	text: height = 0.05
7.4362 	EXP 	text: height = 0.05
7.4362 	EXP 	text: text = 1
7.4404 	EXP 	text: height = 0.05
7.4404 	EXP 	text: height = 0.05
7.4404 	EXP 	text: height = 0.05
7.4404 	EXP 	text: text = 1
7.4453 	EXP 	text: height = 0.05
7.4453 	EXP 	text: height = 0.05
7.4453 	EXP 	text: height = 0.05
7.4453 	EXP 	text: text = 1
7.4496 	EXP 	text: height = 0.05
7.4496 	EXP 	text: height = 0.05
7.4496 	EXP 	text: height = 0.05
7.4496 	EXP 	text: text = 1
7.4538 	EXP 	text: height = 0.05
7.4538 	EXP 	text: height = 0.05
7.4538 	EXP 	text: height = 0.05
7.4538 	EXP 	text: text = 1
7.4580 	EXP 	text: height = 0.05
7.4580 	EXP 	text: height = 0.05
7.4580 	EXP 	text: height = 0.05
7.4580 	EXP 	text: text = 1
7.4622 	EXP 	text: height = 0.05
7.4622 	EXP 	text: height = 0.05
7.4622 	EXP 	text: height = 0.05
7.4622 	EXP 	text: text = 1
7.4663 	EXP 	text: height = 0.05
7.4663 	EXP 	text: height = 0.05
7.4663 	EXP 	text: height = 0.05
7.4663 	EXP 	text: text = 1
7.4705 	EXP 	text: height = 0.05
7.4705 	EXP 	text: height = 0.05
7.4705 	EXP 	text: height = 0.05
7.4705 	EXP 	text: text = 1
7.4747 	EXP 	text: height = 0.05
7.4747 	EXP 	text: height = 0.05
7.4747 	EXP 	text: height = 0.05
7.4747 	EXP 	text: text = 1
7.4788 	EXP 	text: height = 0.05
7.4788 	EXP 	text: height = 0.05
7.4788 	EXP 	text: height = 0.05
7.4788 	EXP 	text: text = 1
7.4830 	EXP 	text: height = 0.05
7.4830 	EXP 	text: height = 0.05
7.4830 	EXP 	text: height = 0.05
7.4830 	EXP 	text: text = 1
7.4872 	EXP 	text: height = 0.05
7.4872 	EXP 	text: height = 0.05
7.4872 	EXP 	text: height = 0.05
7.4872 	EXP 	text: text = 1
7.4917 	EXP 	text: height = 0.05
7.4917 	EXP 	text: height = 0.05
7.4917 	EXP 	text: height = 0.05
7.4917 	EXP 	text: text = 1
7.4960 	EXP 	text: height = 0.05
7.4960 	EXP 	text: height = 0.05
7.4960 	EXP 	text: height = 0.05
7.4960 	EXP 	text: text = 1
7.4972 	DATA 	Keypress: d
7.5009 	EXP 	text: height = 0.05
7.5009 	EXP 	text: height = 0.05
7.5009 	EXP 	text: height = 0.05
7.5009 	EXP 	text: text = 1
7.5057 	EXP 	text: height = 0.05
7.5057 	EXP 	text: height = 0.05
7.5057 	EXP 	text: height = 0.05
7.5057 	EXP 	text: text = 1
7.5098 	EXP 	text: height = 0.05
7.5098 	EXP 	text: height = 0.05
7.5098 	EXP 	text: height = 0.05
7.5098 	EXP 	text: text = 1
7.5149 	EXP 	text: height = 0.05
7.5149 	EXP 	text: height = 0.05
7.5149 	EXP 	text: height = 0.05
7.5149 	EXP 	text: text = 1
7.5190 	EXP 	text: height = 0.05
7.5190 	EXP 	text: height = 0.05
7.5190 	EXP 	text: height = 0.05
7.5190 	EXP 	text: text = 1
7.5232 	EXP 	text: height = 0.05
7.5232 	EXP 	text: height = 0.05
7.5232 	EXP 	text: height = 0.05
7.5232 	EXP 	text: text = 1
7.5274 	EXP 	text: height = 0.05
7.5274 	EXP 	text: height = 0.05
7.5274 	EXP 	text: height = 0.05
7.5274 	EXP 	text: text = 1
7.5316 	EXP 	text: height = 0.05
7.5316 	EXP 	text: height = 0.05
7.5316 	EXP 	text: height = 0.05
7.5316 	EXP 	text: text = 1
7.5358 	EXP 	text: height = 0.05
7.5358 	EXP 	text: height = 0.05
7.5358 	EXP 	text: height = 0.05
7.5358 	EXP 	text: text = 1
7.5400 	EXP 	text: height = 0.05
7.5400 	EXP 	text: height = 0.05
7.5400 	EXP 	text: height = 0.05
7.5400 	EXP 	text: text = 1
7.5445 	EXP 	text: height = 0.05
7.5445 	EXP 	text: height = 0.05
7.5445 	EXP 	text: height = 0.05
7.5445 	EXP 	text: text = 1
7.5486 	EXP 	text: height = 0.05
7.5486 	EXP 	text: height = 0.05
7.5486 	EXP 	text: height = 0.05
7.5486 	EXP 	text: text = 1
7.5528 	EXP 	text: height = 0.05
7.5528 	EXP 	text: height = 0.05
7.5528 	EXP 	text: height = 0.05
7.5528 	EXP 	text: text = 1
7.5570 	EXP 	text: height = 0.05
7.5570 	EXP 	text: height = 0.05
7.5570 	EXP 	text: height = 0.05
7.5570 	EXP 	text: text = 1
7.5612 	EXP 	text: height = 0.05
7.5612 	EXP 	text: height = 0.05
7.5612 	EXP 	text: height = 0.05
7.5612 	EXP 	text: text = 1
7.5624 	DATA 	Keypress: space
7.5687 	EXP 	text: height = 0.05
7.5687 	EXP 	text: height = 0.05
7.5687 	EXP 	text: height = 0.05
7.5687 	EXP 	text: text = 1
7.5728 	EXP 	text: height = 0.05
7.5728 	EXP 	text: height = 0.05
7.5728 	EXP 	text: height = 0.05
7.5728 	EXP 	text: text = 1
7.5770 	EXP 	text: height = 0.05
7.5770 	EXP 	text: height = 0.05
7.5770 	EXP 	text: height = 0.05
7.5770 	EXP 	text: text = 1
7.5828 	EXP 	text: height = 0.05
7.5828 	EXP 	text: height = 0.05
7.5828 	EXP 	text: height = 0.05
7.5828 	EXP 	text: text = 1
7.5869 	EXP 	text: height = 0.05
7.5869 	EXP 	text: height = 0.05
7.5869 	EXP 	text: height = 0.05
7.5869 	EXP 	text: text = 1
7.5922 	EXP 	text: height = 0.05
7.5922 	EXP 	text: height = 0.05
7.5922 	EXP 	text: height = 0.05
7.5922 	EXP 	text: text = 1
7.5963 	EXP 	text: height = 0.05
7.5963 	EXP 	text: height = 0.05
7.5963 	EXP 	text: height = 0.05
7.5963 	EXP 	text: text = 1
7.6006 	EXP 	text: height = 0.05
7.6006 	EXP 	text: height = 0.05
7.6006 	EXP 	text: height = 0.05
7.6006 	EXP 	text: text = 1
7.6048 	EXP 	text: height = 0.05
7.6048 	EXP 	text: height = 0.05
7.6048 	EXP 	text: height = 0.05
7.6048 	EXP 	text: text = 1
7.6090 	EXP 	text: height = 0.05
7.6090 	EXP 	text: height = 0.05
7.6090 	EXP 	text: height = 0.05
7.6090 	EXP 	text: text = 1
7.6132 	EXP 	text: height = 0.05
7.6132 	EXP 	text: height = 0.05
7.6132 	EXP 	text: height = 0.05
7.6132 	EXP 	text: text = 1
7.6173 	EXP 	text: height = 0.05
7.6173 	EXP 	text: height = 0.05
7.6173 	EXP 	text: height = 0.05
7.6173 	EXP 	text: text = 1
7.6215 	EXP 	text: height = 0.05
7.6215 	EXP 	text: height = 0.05
7.6215 	EXP 	text: height = 0.05
7.6215 	EXP 	text: text = 1
7.6257 	EXP 	text: height = 0.05
7.6257 	EXP 	text: height = 0.05
7.6257 	EXP 	text: height = 0.05
7.6257 	EXP 	text: text = 1
7.6299 	EXP 	text: height = 0.05
7.6299 	EXP 	text: height = 0.05
7.6299 	EXP 	text: height = 0.05
7.6299 	EXP 	text: text = 1
7.6342 	EXP 	text: height = 0.05
7.6342 	EXP 	text: height = 0.05
7.6342 	EXP 	text: height = 0.05
7.6342 	EXP 	text: text = 1
7.6384 	EXP 	text: height = 0.05
7.6384 	EXP 	text: height = 0.05
7.6384 	EXP 	text: height = 0.05
7.6384 	EXP 	text: text = 1
7.6427 	EXP 	text: height = 0.05
7.6427 	EXP 	text: height = 0.05
7.6427 	EXP 	text: height = 0.05
7.6427 	EXP 	text: text = 1
7.6469 	EXP 	text: height = 0.05
7.6469 	EXP 	text: height = 0.05
7.6469 	EXP 	text: height = 0.05
7.6469 	EXP 	text: text = 1
7.6511 	EXP 	text: height = 0.05
7.6511 	EXP 	text: height = 0.05
7.6511 	EXP 	text: height = 0.05
7.6511 	EXP 	text: text = 1
7.6545 	DATA 	Keypress: a
7.6552 	EXP 	text: height = 0.05
7.6552 	EXP 	text: height = 0.05
7.6552 	EXP 	text: height = 0.05
7.6552 	EXP 	text: text = 1
7.6602 	EXP 	text: height = 0.05
7.6602 	EXP 	text: height = 0.05
7.6602 	EXP 	text: height = 0.05
7.6602 	EXP 	text: text = 2
7.6644 	EXP 	text: height = 0.05
7.6644 	EXP 	text: height = 0.05
7.6644 	EXP 	text: height = 0.05
7.6644 	EXP 	text: text = 2
7.6685 	EXP 	text: height = 0.05
7.6685 	EXP 	text: height = 0.05
7.6685 	EXP 	text: height = 0.05
7.6685 	EXP 	text: text = 2
7.6728 	EXP 	text: height = 0.05
7.6728 	EXP 	text: height = 0.05
7.6728 	EXP 	text: height = 0.05
7.6728 	EXP 	text: text = 2
7.6770 	EXP 	text: height = 0.05
7.6770 	EXP 	text: height = 0.05
7.6770 	EXP 	text: height = 0.05
7.6770 	EXP 	text: text = 2
7.6813 	EXP 	text: height = 0.05
7.6813 	EXP 	text: height = 0.05
7.6813 	EXP 	text: height = 0.05
7.6813 	EXP 	text: text = 2
7.6855 	EXP 	text: height = 0.05
7.6855 	EXP 	text: height = 0.05
7.6855 	EXP 	text: height = 0.05
7.6855 	EXP 	text: text = 2
7.6897 	EXP 	text: height = 0.05
7.6897 	EXP 	text: height = 0.05
7.6897 	EXP 	text: height = 0.05
7.6897 	EXP 	text: text = 2
7.6938 	EXP 	text: height = 0.05
7.6938 	EXP 	text: height = 0.05
7.6938 	EXP 	text: height = 0.05
7.6938 	EXP 	text: text = 2
7.6980 	EXP 	text: height = 0.05
7.6980 	EXP 	text: height = 0.05
7.6980 	EXP 	text: height = 0.05
7.6980 	EXP 	text: text = 2
7.7022 	EXP 	text: height = 0.05
7.7022 	EXP 	text: height = 0.05
7.7022 	EXP 	text: height = 0.05
7.7022 	EXP 	text: text = 2
7.7063 	EXP 	text: height = 0.05
7.7063 	EXP 	text: height = 0.05
7.7063 	EXP 	text: height = 0.05
7.7063 	EXP 	text: text = 2
7.7105 	EXP 	text: height = 0.05
7.7105 	EXP 	text: height = 0.05
7.7105 	EXP 	text: height = 0.05
7.7105 	EXP 	text: text = 2
7.7148 	EXP 	text: height = 0.05
7.7148 	EXP 	text: height = 0.05
7.7148 	EXP 	text: height = 0.05
7.7148 	EXP 	text: text = 2
7.7189 	EXP 	text: height = 0.05
7.7189 	EXP 	text: height = 0.05
7.7189 	EXP 	text: height = 0.05
7.7189 	EXP 	text: text = 2
7.7231 	EXP 	text: height = 0.05
7.7231 	EXP 	text: height = 0.05
7.7231 	EXP 	text: height = 0.05
7.7231 	EXP 	text: text = 2
7.7274 	EXP 	text: height = 0.05
7.7274 	EXP 	text: height = 0.05
7.7274 	EXP 	text: height = 0.05
7.7274 	EXP 	text: text = 2
7.7314 	EXP 	text: height = 0.05
7.7314 	EXP 	text: height = 0.05
7.7314 	EXP 	text: height = 0.05
7.7314 	EXP 	text: text = 2
7.7356 	EXP 	text: height = 0.05
7.7356 	EXP 	text: height = 0.05
7.7356 	EXP 	text: height = 0.05
7.7356 	EXP 	text: text = 2
7.7398 	EXP 	text: height = 0.05
7.7398 	EXP 	text: height = 0.05
7.7398 	EXP 	text: height = 0.05
7.7398 	EXP 	text: text = 2
7.7439 	EXP 	text: height = 0.05
7.7439 	EXP 	text: height = 0.05
7.7439 	EXP 	text: height = 0.05
7.7439 	EXP 	text: text = 2
7.7481 	EXP 	text: height = 0.05
7.7481 	EXP 	text: height = 0.05
7.7481 	EXP 	text: height = 0.05
7.7481 	EXP 	text: text = 2
7.7523 	EXP 	text: height = 0.05
7.7523 	EXP 	text: height = 0.05
7.7523 	EXP 	text: height = 0.05
7.7523 	EXP 	text: text = 2
7.7554 	DATA 	Keypress: s
7.7565 	EXP 	text: height = 0.05
7.7565 	EXP 	text: height = 0.05
7.7565 	EXP 	text: height = 0.05
7.7565 	EXP 	text: text = 2
7.7606 	EXP 	text: height = 0.05
7.7606 	EXP 	text: height = 0.05
7.7606 	EXP 	text: height = 0.05
7.7606 	EXP 	text: text = 2
7.7648 	EXP 	text: height = 0.05
7.7648 	EXP 	text: height = 0.05
7.7648 	EXP 	text: height = 0.05
7.7648 	EXP 	text: text = 2
7.7690 	EXP 	text: height = 0.05
7.7690 	EXP 	text: height = 0.05
7.7690 	EXP 	text: height = 0.05
7.7690 	EXP 	text: text = 2
7.7741 	EXP 	text: height = 0.05
7.7741 	EXP 	text: height = 0.05
7.7741 	EXP 	text: height = 0.05
7.7741 	EXP 	text: text = 2
7.7775 	EXP 	text: height = 0.05
7.7775 	EXP 	text: height = 0.05
7.7775 	EXP 	text: height = 0.05
7.7775 	EXP 	text: text = 2
7.7817 	EXP 	text: height = 0.05
7.7817 	EXP 	text: height = 0.05
7.7817 	EXP 	text: height = 0.05
7.7817 	EXP 	text: text = 2
7.7846 	DATA 	Keypress: d
7.7858 	EXP 	text: height = 0.05
7.7858 	EXP 	text: height = 0.05
7.7858 	EXP 	text: height = 0.05
7.7858 	EXP 	text: text = 2
7.7900 	EXP 	text: height = 0.05
7.7900 	EXP 	text: height = 0.05
7.7900 	EXP 	text: height = 0.05
7.7900 	EXP 	text: text = 2
7.7941 	EXP 	text: height = 0.05
7.7941 	EXP 	text: height = 0.05
7.7941 	EXP 	text: height = 0.05
7.7941 	EXP 	text: text = 2
7.7983 	EXP 	text: height = 0.05
7.7983 	EXP 	text: height = 0.05
7.7983 	EXP 	text: height = 0.05
7.7983 	EXP 	text: text = 2
7.8026 	EXP 	text: height = 0.05
7.8026 	EXP 	text: height = 0.05
7.8026 	EXP 	text: height = 0.05
7.8026 	EXP 	text: text = 2
7.8067 	EXP 	text: height = 0.05
7.8067 	EXP 	text: height = 0.05
7.8067 	EXP 	text: height = 0.05
7.8067 	EXP 	text: text = 2
7.8109 	EXP 	text: height = 0.05
7.8109 	EXP 	text: height = 0.05
7.8109 	EXP 	text: height = 0.05
7.8109 	EXP 	text: text = 2
7.8150 	EXP 	text: height = 0.05
7.8150 	EXP 	text: height = 0.05
7.8150 	EXP 	text: height = 0.05
7.8150 	EXP 	text: text = 2
7.8192 	EXP 	text: height = 0.05
7.8192 	EXP 	text: height = 0.05
7.8192 	EXP 	text: height = 0.05
7.8192 	EXP 	text: text = 2
7.8234 	EXP 	text: height = 0.05
7.8234 	EXP 	text: height = 0.05
7.8234 	EXP 	text: height = 0.05
7.8234 	EXP 	text: text = 2
7.8275 	EXP 	text: height = 0.05
7.8275 	EXP 	text: height = 0.05
7.8275 	EXP 	text: height = 0.05
7.8275 	EXP 	text: text = 2
7.8317 	EXP 	text: height = 0.05
7.8317 	EXP 	text: height = 0.05
7.8317 	EXP 	text: height = 0.05
7.8317 	EXP 	text: text = 2
7.8364 	EXP 	text: height = 0.05
7.8364 	EXP 	text: height = 0.05
7.8364 	EXP 	text: height = 0.05
7.8364 	EXP 	text: text = 2
7.8406 	EXP 	text: height = 0.05
7.8406 	EXP 	text: height = 0.05
7.8406 	EXP 	text: height = 0.05
7.8406 	EXP 	text: text = 2
7.8448 	EXP 	text: height = 0.05
7.8448 	EXP 	text: height = 0.05
7.8448 	EXP 	text: height = 0.05
7.8448 	EXP 	text: text = 2
7.8489 	EXP 	text: height = 0.05
7.8489 	EXP 	text: height = 0.05
7.8489 	EXP 	text: height = 0.05
7.8489 	EXP 	text: text = 2
7.8532 	EXP 	text: height = 0.05
7.8532 	EXP 	text: height = 0.05
7.8532 	EXP 	text: height = 0.05
7.8532 	EXP 	text: text = 2
7.8573 	EXP 	text: height = 0.05
7.8573 	EXP 	text: height = 0.05
7.8573 	EXP 	text: height = 0.05
7.8573 	EXP 	text: text = 2
7.8614 	EXP 	text: height = 0.05
7.8614 	EXP 	text: height = 0.05
7.8614 	EXP 	text: height = 0.05
7.8614 	EXP 	text: text = 2
7.8656 	EXP 	text: height = 0.05
7.8656 	EXP 	text: height = 0.05
7.8656 	EXP 	text: height = 0.05
7.8656 	EXP 	text: text = 2
7.8698 	EXP 	text: height = 0.05
7.8698 	EXP 	text: height = 0.05
7.8698 	EXP 	text: height = 0.05
7.8698 	EXP 	text: text = 2
7.8740 	EXP 	text: height = 0.05
7.8740 	EXP 	text: height = 0.05
7.8740 	EXP 	text: height = 0.05
7.8740 	EXP 	text: text = 2
7.8782 	EXP 	text: height = 0.05
7.8782 	EXP 	text: height = 0.05
7.8782 	EXP 	text: height = 0.05
7.8782 	EXP 	text: text = 2
7.8826 	EXP 	text: height = 0.05
7.8826 	EXP 	text: height = 0.05
7.8826 	EXP 	text: height = 0.05
7.8826 	EXP 	text: text = 2
7.8868 	EXP 	text: height = 0.05
7.8868 	EXP 	text: height = 0.05
7.8868 	EXP 	text: height = 0.05
7.8868 	EXP 	text: text = 2
7.8910 	EXP 	text: height = 0.05
7.8910 	EXP 	text: height = 0.05
7.8910 	EXP 	text: height = 0.05
7.8910 	EXP 	text: text = 2
7.8951 	EXP 	text: height = 0.05
7.8951 	EXP 	text: height = 0.05
7.8951 	EXP 	text: height = 0.05
7.8951 	EXP 	text: text = 2
7.8993 	EXP 	text: height = 0.05
7.8993 	EXP 	text: height = 0.05
7.8993 	EXP 	text: height = 0.05
7.8993 	EXP 	text: text = 2
7.9035 	EXP 	text: height = 0.05
7.9035 	EXP 	text: height = 0.05
7.9035 	EXP 	text: height = 0.05
7.9035 	EXP 	text: text = 2
7.9077 	EXP 	text: height = 0.05
7.9077 	EXP 	text: height = 0.05
7.9077 	EXP 	text: height = 0.05
7.9077 	EXP 	text: text = 2
7.9118 	EXP 	text: height = 0.05
7.9118 	EXP 	text: height = 0.05
7.9118 	EXP 	text: height = 0.05
7.9118 	EXP 	text: text = 2
7.9160 	EXP 	text: height = 0.05
7.9160 	EXP 	text: height = 0.05
7.9160 	EXP 	text: height = 0.05
7.9160 	EXP 	text: text = 2
7.9202 	EXP 	text: height = 0.05
7.9202 	EXP 	text: height = 0.05
7.9202 	EXP 	text: height = 0.05
7.9202 	EXP 	text: text = 2
7.9243 	EXP 	text: height = 0.05
7.9243 	EXP 	text: height = 0.05
7.9243 	EXP 	text: height = 0.05
7.9243 	EXP 	text: text = 2
7.9285 	EXP 	text: height = 0.05
7.9285 	EXP 	text: height = 0.05
7.9285 	EXP 	text: height = 0.05
7.9285 	EXP 	text: text = 2
7.9327 	EXP 	text: height = 0.05
7.9327 	EXP 	text: height = 0.05
7.9327 	EXP 	text: height = 0.05
7.9327 	EXP 	text: text = 2
7.9369 	EXP 	text: height = 0.05
7.9369 	EXP 	text: height = 0.05
7.9369 	EXP 	text: height = 0.05
7.9369 	EXP 	text: text = 2
7.9417 	EXP 	text: height = 0.05
7.9417 	EXP 	text: height = 0.05
7.9417 	EXP 	text: height = 0.05
7.9417 	EXP 	text: text = 2
7.9452 	EXP 	text: height = 0.05
7.9452 	EXP 	text: height = 0.05
7.9452 	EXP 	text: height = 0.05
7.9452 	EXP 	text: text = 2
7.9494 	EXP 	text: height = 0.05
7.9494 	EXP 	text: height = 0.05
7.9494 	EXP 	text: height = 0.05
7.9494 	EXP 	text: text = 2
7.9524 	DATA 	Keypress: space
7.9535 	EXP 	text: height = 0.05
7.9535 	EXP 	text: height = 0.05
7.9535 	EXP 	text: height = 0.05
7.9535 	EXP 	text: text = 2
7.9577 	EXP 	text: height = 0.05
7.9577 	EXP 	text: height = 0.05
7.9577 	EXP 	text: height = 0.05
7.9577 	EXP 	text: text = 2
7.9618 	EXP 	text: height = 0.05
7.9618 	EXP 	text: height = 0.05
7.9618 	EXP 	text: height = 0.05
7.9618 	EXP 	text: text = 2
7.9660 	EXP 	text: height = 0.05
7.9660 	EXP 	text: height = 0.05
7.9660 	EXP 	text: height = 0.05
7.9660 	EXP 	text: text = 2
7.9702 	EXP 	text: height = 0.05
7.9702 	EXP 	text: height = 0.05
7.9702 	EXP 	text: height = 0.05
7.9702 	EXP 	text: text = 2
7.9744 	EXP 	text: height = 0.05
7.9744 	EXP 	text: height = 0.05
7.9744 	EXP 	text: height = 0.05
7.9744 	EXP 	text: text = 2
7.9753 	DATA 	Keypress: a
7.9785 	EXP 	text: height = 0.05
7.9785 	EXP 	text: height = 0.05
7.9785 	EXP 	text: height = 0.05
7.9785 	EXP 	text: text = 2
7.9827 	EXP 	text: height = 0.05
7.9827 	EXP 	text: height = 0.05
7.9827 	EXP 	text: height = 0.05
7.9827 	EXP 	text: text = 3
7.9869 	EXP 	text: height = 0.05
7.9869 	EXP 	text: height = 0.05
7.9869 	EXP 	text: height = 0.05
7.9869 	EXP 	text: text = 3
7.9910 	EXP 	text: height = 0.05
7.9910 	EXP 	text: height = 0.05
7.9910 	EXP 	text: height = 0.05
7.9910 	EXP 	text: text = 3
7.9952 	EXP 	text: height = 0.05
7.9952 	EXP 	text: height = 0.05
7.9952 	EXP 	text: height = 0.05
7.9952 	EXP 	text: text = 3
7.9994 	EXP 	text: height = 0.05
7.9994 	EXP 	text: height = 0.05
7.9994 	EXP 	text: height = 0.05
7.9994 	EXP 	text: text = 3
8.0042 	EXP 	text: height = 0.05
8.0042 	EXP 	text: height = 0.05
8.0042 	EXP 	text: height = 0.05
8.0042 	EXP 	text: text = 3
8.0078 	EXP 	text: height = 0.05
8.0078 	EXP 	text: height = 0.05
8.0078 	EXP 	text: height = 0.05
8.0078 	EXP 	text: text = 3
8.0119 	EXP 	text: height = 0.05
8.0119 	EXP 	text: height = 0.05
8.0119 	EXP 	text: height = 0.05
8.0119 	EXP 	text: text = 3
8.0161 	EXP 	text: height = 0.05
8.0161 	EXP 	text: height = 0.05
8.0161 	EXP 	text: height = 0.05
8.0161 	EXP 	text: text = 3
8.0203 	EXP 	text: height = 0.05
8.0203 	EXP 	text: height = 0.05
8.0203 	EXP 	text: height = 0.05
8.0203 	EXP 	text: text = 3
8.0244 	EXP 	text: height = 0.05
8.0244 	EXP 	text: height = 0.05
8.0244 	EXP 	text: height = 0.05
8.0244 	EXP 	text: text = 3
8.0286 	EXP 	text: height = 0.05
8.0286 	EXP 	text: height = 0.05
8.0286 	EXP 	text: height = 0.05
8.0286 	EXP 	text: text = 3
8.0328 	EXP 	text: height = 0.05
8.0328 	EXP 	text: height = 0.05
8.0328 	EXP 	text: height = 0.05
8.0328 	EXP 	text: text = 3
8.0375 	EXP 	text: height = 0.05
8.0375 	EXP 	text: height = 0.05
8.0375 	EXP 	text: height = 0.05
8.0375 	EXP 	text: text = 3
8.0413 	EXP 	text: height = 0.05
8.0413 	EXP 	text: height = 0.05
8.0413 	EXP 	text: height = 0.05
8.0413 	EXP 	text: text = 3
8.0455 	EXP 	text: height = 0.05
8.0455 	EXP 	text: height = 0.05
8.0455 	EXP 	text: height = 0.05
8.0455 	EXP 	text: text = 3
8.0497 	EXP 	text: height = 0.05
8.0497 	EXP 	text: height = 0.05
8.0497 	EXP 	text: height = 0.05
8.0497 	EXP 	text: text = 3
8.0539 	EXP 	text: height = 0.05
8.0539 	EXP 	text: height = 0.05
8.0539 	EXP 	text: height = 0.05
8.0539 	EXP 	text: text = 3
8.0580 	EXP 	text: height = 0.05
8.0580 	EXP 	text: height = 0.05
8.0580 	EXP 	text: height = 0.05
8.0580 	EXP 	text: text = 3
8.0622 	EXP 	text: height = 0.05
8.0622 	EXP 	text: height = 0.05
8.0622 	EXP 	text: height = 0.05
8.0622 	EXP 	text: text = 3
8.0673 	EXP 	text: height = 0.05
8.0673 	EXP 	text: height = 0.05
8.0673 	EXP 	text: height = 0.05
8.0673 	EXP 	text: text = 3
8.0708 	EXP 	text: height = 0.05
8.0708 	EXP 	text: height = 0.05
8.0708 	EXP 	text: height = 0.05
8.0708 	EXP 	text: text = 3
8.0750 	EXP 	text: height = 0.05
8.0750 	EXP 	text: height = 0.05
8.0750 	EXP 	text: height = 0.05
8.0750 	EXP 	text: text = 3
8.0791 	EXP 	text: height = 0.05
8.0791 	EXP 	text: height = 0.05
8.0791 	EXP 	text: height = 0.05
8.0791 	EXP 	text: text = 3
8.0833 	EXP 	text: height = 0.05
8.0833 	EXP 	text: height = 0.05
8.0833 	EXP 	text: height = 0.05
8.0833 	EXP 	text: text = 3
8.0875 	EXP 	text: height = 0.05
8.0875 	EXP 	text: height = 0.05
8.0875 	EXP 	text: height = 0.05
8.0875 	EXP 	text: text = 3
8.0917 	EXP 	text: height = 0.05
8.0917 	EXP 	text: height = 0.05
8.0917 	EXP 	text: height = 0.05
8.0917 	EXP 	text: text = 3
8.0969 	EXP 	text: height = 0.05
8.0969 	EXP 	text: height = 0.05
8.0969 	EXP 	text: height = 0.05
8.0969 	EXP 	text: text = 3
8.1015 	EXP 	text: height = 0.05
8.1015 	EXP 	text: height = 0.05
8.1015 	EXP 	text: height = 0.05
8.1015 	EXP 	text: text = 3
8.1057 	EXP 	text: height = 0.05
8.1057 	EXP 	text: height = 0.05
8.1057 	EXP 	text: height = 0.05
8.1057 	EXP 	text: text = 3
8.1068 	DATA 	Keypress: s
8.1099 	EXP 	text: height = 0.05
8.1099 	EXP 	text: height = 0.05
8.1099 	EXP 	text: height = 0.05
8.1099 	EXP 	text: text = 3
8.1141 	EXP 	text: height = 0.05
8.1141 	EXP 	text: height = 0.05
8.1141 	EXP 	text: height = 0.05
8.1141 	EXP 	text: text = 3
8.1182 	EXP 	text: height = 0.05
8.1182 	EXP 	text: height = 0.05
8.1182 	EXP 	text: height = 0.05
8.1182 	EXP 	text: text = 3
8.1224 	EXP 	text: height = 0.05
8.1224 	EXP 	text: height = 0.05
8.1224 	EXP 	text: height = 0.05
8.1224 	EXP 	text: text = 3
8.1266 	EXP 	text: height = 0.05
8.1266 	EXP 	text: height = 0.05
8.1266 	EXP 	text: height = 0.05
8.1266 	EXP 	text: text = 3
8.1315 	EXP 	text: height = 0.05
8.1315 	EXP 	text: height = 0.05
8.1315 	EXP 	text: height = 0.05
8.1315 	EXP 	text: text = 3
8.1358 	EXP 	text: height = 0.05
8.1358 	EXP 	text: height = 0.05
8.1358 	EXP 	text: height = 0.05
8.1358 	EXP 	text: text = 3
8.1402 	EXP 	text: height = 0.05
8.1402 	EXP 	text: height = 0.05
8.1402 	EXP 	text: height = 0.05
8.1402 	EXP 	text: text = 3
8.1412 	DATA 	Keypress: d
8.1448 	EXP 	text: height = 0.05
8.1448 	EXP 	text: height = 0.05
8.1448 	EXP 	text: height = 0.05
8.1448 	EXP 	text: text = 3
8.1489 	EXP 	text: height = 0.05
8.1489 	EXP 	text: height = 0.05
8.1489 	EXP 	text: height = 0.05
8.1489 	EXP 	text: text = 3
8.1532 	EXP 	text: height = 0.05
8.1532 	EXP 	text: height = 0.05
8.1532 	EXP 	text: height = 0.05
8.1532 	EXP 	text: text = 3
8.1573 	EXP 	text: height = 0.05
8.1573 	EXP 	text: height = 0.05
8.1573 	EXP 	text: height = 0.05
8.1573 	EXP 	text: text = 3
8.1615 	EXP 	text: height = 0.05
8.1615 	EXP 	text: height = 0.05
8.1615 	EXP 	text: height = 0.05
8.1615 	EXP 	text: text = 3
8.1657 	EXP 	text: height = 0.05
8.1657 	EXP 	text: height = 0.05
8.1657 	EXP 	text: height = 0.05
8.1657 	EXP 	text: text = 3
8.1698 	EXP 	text: height = 0.05
8.1698 	EXP 	text: height = 0.05
8.1698 	EXP 	text: height = 0.05
8.1698 	EXP 	text: text = 3
8.1741 	EXP 	text: height = 0.05
8.1741 	EXP 	text: height = 0.05
8.1741 	EXP 	text: height = 0.05
8.1741 	EXP 	text: text = 3
8.1782 	EXP 	text: height = 0.05
8.1782 	EXP 	text: height = 0.05
8.1782 	EXP 	text: height = 0.05
8.1782 	EXP 	text: text = 3
8.1825 	EXP 	text: height = 0.05
8.1825 	EXP 	text: height = 0.05
8.1825 	EXP 	text: height = 0.05
8.1825 	EXP 	text: text = 3
8.1866 	EXP 	text: height = 0.05
8.1866 	EXP 	text: height = 0.05
8.1866 	EXP 	text: height = 0.05
8.1866 	EXP 	text: text = 3
8.1908 	EXP 	text: height = 0.05
8.1908 	EXP 	text: height = 0.05
8.1908 	EXP 	text: height = 0.05
8.1908 	EXP 	text: text = 3
8.1950 	EXP 	text: height = 0.05
8.1950 	EXP 	text: height = 0.05
8.1950 	EXP 	text: height = 0.05
8.1950 	EXP 	text: text = 3
8.2002 	EXP 	text: height = 0.05
8.2002 	EXP 	text: height = 0.05
8.2002 	EXP 	text: height = 0.05
8.2002 	EXP 	text: text = 3
8.2044 	EXP 	text: height = 0.05
8.2044 	EXP 	text: height = 0.05
8.2044 	EXP 	text: height = 0.05
8.2044 	EXP 	text: text = 3
8.2085 	EXP 	text: height = 0.05
8.2085 	EXP 	text: height = 0.05
8.2085 	EXP 	text: height = 0.05
8.2085 	EXP 	text: text = 3
8.2127 	EXP 	text: height = 0.05
8.2127 	EXP 	text: height = 0.05
8.2127 	EXP 	text: height = 0.05
8.2127 	EXP 	text: text = 3
8.2169 	EXP 	text: height = 0.05
8.2169 	EXP 	text: height = 0.05
8.2169 	EXP 	text: height = 0.05
8.2169 	EXP 	text: text = 3
8.2211 	EXP 	text: height = 0.05
8.2211 	EXP 	text: height = 0.05
8.2211 	EXP 	text: height = 0.05
8.2211 	EXP 	text: text = 3
8.2252 	EXP 	text: height = 0.05
8.2252 	EXP 	text: height = 0.05
8.2252 	EXP 	text: height = 0.05
8.2252 	EXP 	text: text = 3
8.2294 	EXP 	text: height = 0.05
8.2294 	EXP 	text: height = 0.05
8.2294 	EXP 	text: height = 0.05
8.2294 	EXP 	text: text = 3
8.2336 	EXP 	text: height = 0.05
8.2336 	EXP 	text: height = 0.05
8.2336 	EXP 	text: height = 0.05
8.2336 	EXP 	text: text = 3
8.2377 	EXP 	text: height = 0.05
8.2377 	EXP 	text: height = 0.05
8.2377 	EXP 	text: height = 0.05
8.2377 	EXP 	text: text = 3
8.2419 	EXP 	text: height = 0.05
8.2419 	EXP 	text: height = 0.05
8.2419 	EXP 	text: height = 0.05
8.2419 	EXP 	text: text = 3
8.2461 	EXP 	text: height = 0.05
8.2461 	EXP 	text: height = 0.05
8.2461 	EXP 	text: height = 0.05
8.2461 	EXP 	text: text = 3
8.2503 	EXP 	text: height = 0.05
8.2503 	EXP 	text: height = 0.05
8.2503 	EXP 	text: height = 0.05
8.2503 	EXP 	text: text = 3
8.2544 	EXP 	text: height = 0.05
8.2544 	EXP 	text: height = 0.05
8.2544 	EXP 	text: height = 0.05
8.2544 	EXP 	text: text = 3
8.2586 	EXP 	text: height = 0.05
8.2586 	EXP 	text: height = 0.05
8.2586 	EXP 	text: height = 0.05
8.2586 	EXP 	text: text = 3
8.2628 	EXP 	text: height = 0.05
8.2628 	EXP 	text: height = 0.05
8.2628 	EXP 	text: height = 0.05
8.2628 	EXP 	text: text = 3
8.2669 	EXP 	text: height = 0.05
8.2669 	EXP 	text: height = 0.05
8.2669 	EXP 	text: height = 0.05
8.2669 	EXP 	text: text = 3
8.2726 	EXP 	text: height = 0.05
8.2726 	EXP 	text: height = 0.05
8.2726 	EXP 	text: height = 0.05
8.2726 	EXP 	text: text = 3
8.2769 	EXP 	text: height = 0.05
8.2769 	EXP 	text: height = 0.05
8.2769 	EXP 	text: height = 0.05
8.2769 	EXP 	text: text = 3
8.2811 	EXP 	text: height = 0.05
8.2811 	EXP 	text: height = 0.05
8.2811 	EXP 	text: height = 0.05
8.2811 	EXP 	text: text = 3
8.2853 	EXP 	text: height = 0.05
8.2853 	EXP 	text: height = 0.05
8.2853 	EXP 	text: height = 0.05
8.2853 	EXP 	text: text = 3
8.2894 	EXP 	text: height = 0.05
8.2894 	EXP 	text: height = 0.05
8.2894 	EXP 	text: height = 0.05
8.2894 	EXP 	text: text = 3
8.2936 	EXP 	text: height = 0.05
8.2936 	EXP 	text: height = 0.05
8.2936 	EXP 	text: height = 0.05
8.2936 	EXP 	text: text = 3
8.2978 	EXP 	text: height = 0.05
8.2978 	EXP 	text: height = 0.05
8.2978 	EXP 	text: height = 0.05
8.2978 	EXP 	text: text = 3
8.3019 	EXP 	text: height = 0.05
8.3019 	EXP 	text: height = 0.05
8.3019 	EXP 	text: height = 0.05
8.3019 	EXP 	text: text = 3
8.3061 	EXP 	text: height = 0.05
8.3061 	EXP 	text: height = 0.05
8.3061 	EXP 	text: height = 0.05
8.3061 	EXP 	text: text = 3
8.3072 	DATA 	Keypress: a
8.3104 	EXP 	text: height = 0.05
8.3104 	EXP 	text: height = 0.05
8.3104 	EXP 	text: height = 0.05
8.3104 	EXP 	text: text = 3
8.3146 	EXP 	text: height = 0.05
8.3146 	EXP 	text: height = 0.05
8.3146 	EXP 	text: height = 0.05
8.3146 	EXP 	text: text = 3
8.3189 	EXP 	text: height = 0.05
8.3189 	EXP 	text: height = 0.05
8.3189 	EXP 	text: height = 0.05
8.3189 	EXP 	text: text = 3
8.3230 	EXP 	text: height = 0.05
8.3230 	EXP 	text: height = 0.05
8.3230 	EXP 	text: height = 0.05
8.3230 	EXP 	text: text = 3
8.3272 	EXP 	text: height = 0.05
8.3272 	EXP 	text: height = 0.05
8.3272 	EXP 	text: height = 0.05
8.3272 	EXP 	text: text = 3
8.3314 	EXP 	text: height = 0.05
8.3314 	EXP 	text: height = 0.05
8.3314 	EXP 	text: height = 0.05
8.3314 	EXP 	text: text = 3
8.3355 	EXP 	text: height = 0.05
8.3355 	EXP 	text: height = 0.05
8.3355 	EXP 	text: height = 0.05
8.3355 	EXP 	text: text = 3
8.3397 	EXP 	text: height = 0.05
8.3397 	EXP 	text: height = 0.05
8.3397 	EXP 	text: height = 0.05
8.3397 	EXP 	text: text = 3
8.3439 	EXP 	text: height = 0.05
8.3439 	EXP 	text: height = 0.05
8.3439 	EXP 	text: height = 0.05
8.3439 	EXP 	text: text = 3
8.3481 	EXP 	text: height = 0.05
8.3481 	EXP 	text: height = 0.05
8.3481 	EXP 	text: height = 0.05
8.3481 	EXP 	text: text = 3
8.3522 	EXP 	text: height = 0.05
8.3522 	EXP 	text: height = 0.05
8.3522 	EXP 	text: height = 0.05
8.3522 	EXP 	text: text = 3
8.3553 	DATA 	Keypress: s
8.3568 	EXP 	text: height = 0.05
8.3568 	EXP 	text: height = 0.05
8.3568 	EXP 	text: height = 0.05
8.3568 	EXP 	text: text = 3
8.3610 	EXP 	text: height = 0.05
8.3610 	EXP 	text: height = 0.05
8.3610 	EXP 	text: height = 0.05
8.3610 	EXP 	text: text = 3
8.3665 	EXP 	text: height = 0.05
8.3665 	EXP 	text: height = 0.05
8.3665 	EXP 	text: height = 0.05
8.3665 	EXP 	text: text = 3
8.3700 	EXP 	text: height = 0.05
8.3700 	EXP 	text: height = 0.05
8.3700 	EXP 	text: height = 0.05
8.3700 	EXP 	text: text = 3
8.3741 	EXP 	text: height = 0.05
8.3741 	EXP 	text: height = 0.05
8.3741 	EXP 	text: height = 0.05
8.3741 	EXP 	text: text = 3
8.3783 	EXP 	text: height = 0.05
8.3783 	EXP 	text: height = 0.05
8.3783 	EXP 	text: height = 0.05
8.3783 	EXP 	text: text = 3
8.3825 	EXP 	text: height = 0.05
8.3825 	EXP 	text: height = 0.05
8.3825 	EXP 	text: height = 0.05
8.3825 	EXP 	text: text = 3
8.3867 	EXP 	text: height = 0.05
8.3867 	EXP 	text: height = 0.05
8.3867 	EXP 	text: height = 0.05
8.3867 	EXP 	text: text = 3
8.3908 	EXP 	text: height = 0.05
8.3908 	EXP 	text: height = 0.05
8.3908 	EXP 	text: height = 0.05
8.3908 	EXP 	text: text = 3
8.3950 	EXP 	text: height = 0.05
8.3950 	EXP 	text: height = 0.05
8.3950 	EXP 	text: height = 0.05
8.3950 	EXP 	text: text = 3
8.3992 	EXP 	text: height = 0.05
8.3992 	EXP 	text: height = 0.05
8.3992 	EXP 	text: height = 0.05
8.3992 	EXP 	text: text = 3
8.4033 	EXP 	text: height = 0.05
8.4033 	EXP 	text: height = 0.05
8.4033 	EXP 	text: height = 0.05
8.4033 	EXP 	text: text = 3
8.4075 	EXP 	text: height = 0.05
8.4075 	EXP 	text: height = 0.05
8.4075 	EXP 	text: height = 0.05
8.4075 	EXP 	text: text = 3
8.4117 	EXP 	text: height = 0.05
8.4117 	EXP 	text: height = 0.05
8.4117 	EXP 	text: height = 0.05
8.4117 	EXP 	text: text = 3
8.4159 	EXP 	text: height = 0.05
8.4159 	EXP 	text: height = 0.05
8.4159 	EXP 	text: height = 0.05
8.4159 	EXP 	text: text = 3
8.4201 	EXP 	text: height = 0.05
8.4201 	EXP 	text: height = 0.05
8.4201 	EXP 	text: height = 0.05
8.4201 	EXP 	text: text = 3
8.4242 	EXP 	text: height = 0.05
8.4242 	EXP 	text: height = 0.05
8.4242 	EXP 	text: height = 0.05
8.4242 	EXP 	text: text = 3
8.4284 	EXP 	text: height = 0.05
8.4284 	EXP 	text: height = 0.05
8.4284 	EXP 	text: height = 0.05
8.4284 	EXP 	text: text = 3
8.4325 	EXP 	text: height = 0.05
8.4325 	EXP 	text: height = 0.05
8.4325 	EXP 	text: height = 0.05
8.4325 	EXP 	text: text = 3
8.4367 	EXP 	text: height = 0.05
8.4367 	EXP 	text: height = 0.05
8.4367 	EXP 	text: height = 0.05
8.4367 	EXP 	text: text = 3
8.4409 	EXP 	text: height = 0.05
8.4409 	EXP 	text: height = 0.05
8.4409 	EXP 	text: height = 0.05
8.4409 	EXP 	text: text = 3
8.4451 	EXP 	text: height = 0.05
8.4451 	EXP 	text: height = 0.05
8.4451 	EXP 	text: height = 0.05
8.4451 	EXP 	text: text = 3
8.4492 	EXP 	text: height = 0.05
8.4492 	EXP 	text: height = 0.05
8.4492 	EXP 	text: height = 0.05
8.4492 	EXP 	text: text = 3
8.4534 	EXP 	text: height = 0.05
8.4534 	EXP 	text: height = 0.05
8.4534 	EXP 	text: height = 0.05
8.4534 	EXP 	text: text = 3
8.4592 	EXP 	text: height = 0.05
8.4592 	EXP 	text: height = 0.05
8.4592 	EXP 	text: height = 0.05
8.4592 	EXP 	text: text = 3
8.4632 	EXP 	text: height = 0.05
8.4632 	EXP 	text: height = 0.05
8.4632 	EXP 	text: height = 0.05
8.4632 	EXP 	text: text = 3
8.4674 	EXP 	text: height = 0.05
8.4674 	EXP 	text: height = 0.05
8.4674 	EXP 	text: height = 0.05
8.4674 	EXP 	text: text = 3
8.4716 	EXP 	text: height = 0.05
8.4716 	EXP 	text: height = 0.05
8.4716 	EXP 	text: height = 0.05
8.4716 	EXP 	text: text = 3
8.4757 	EXP 	text: height = 0.05
8.4757 	EXP 	text: height = 0.05
8.4757 	EXP 	text: height = 0.05
8.4757 	EXP 	text: text = 3
8.4799 	EXP 	text: height = 0.05
8.4799 	EXP 	text: height = 0.05
8.4799 	EXP 	text: height = 0.05
8.4799 	EXP 	text: text = 3
8.4841 	EXP 	text: height = 0.05
8.4841 	EXP 	text: height = 0.05
8.4841 	EXP 	text: height = 0.05
8.4841 	EXP 	text: text = 3
8.4883 	EXP 	text: height = 0.05
8.4883 	EXP 	text: height = 0.05
8.4883 	EXP 	text: height = 0.05
8.4883 	EXP 	text: text = 3
8.4924 	EXP 	text: height = 0.05
8.4924 	EXP 	text: height = 0.05
8.4924 	EXP 	text: height = 0.05
8.4924 	EXP 	text: text = 3
8.4966 	EXP 	text: height = 0.05
8.4966 	EXP 	text: height = 0.05
8.4966 	EXP 	text: height = 0.05
8.4966 	EXP 	text: text = 3
8.5008 	EXP 	text: height = 0.05
8.5008 	EXP 	text: height = 0.05
8.5008 	EXP 	text: height = 0.05
8.5008 	EXP 	text: text = 3
8.5055 	EXP 	text: height = 0.05
8.5055 	EXP 	text: height = 0.05
8.5055 	EXP 	text: height = 0.05
8.5055 	EXP 	text: text = 3
8.5095 	EXP 	text: height = 0.05
8.5095 	EXP 	text: height = 0.05
8.5095 	EXP 	text: height = 0.05
8.5095 	EXP 	text: text = 3
8.5137 	EXP 	text: height = 0.05
8.5137 	EXP 	text: height = 0.05
8.5137 	EXP 	text: height = 0.05
8.5137 	EXP 	text: text = 3
8.5179 	EXP 	text: height = 0.05
8.5179 	EXP 	text: height = 0.05
8.5179 	EXP 	text: height = 0.05
8.5179 	EXP 	text: text = 3
8.5221 	EXP 	text: height = 0.05
8.5221 	EXP 	text: height = 0.05
8.5221 	EXP 	text: height = 0.05
8.5221 	EXP 	text: text = 3
8.5262 	EXP 	text: height = 0.05
8.5262 	EXP 	text: height = 0.05
8.5262 	EXP 	text: height = 0.05
8.5262 	EXP 	text: text = 3
8.5304 	EXP 	text: height = 0.05
8.5304 	EXP 	text: height = 0.05
8.5304 	EXP 	text: height = 0.05
8.5304 	EXP 	text: text = 3
8.5346 	EXP 	text: height = 0.05
8.5346 	EXP 	text: height = 0.05
8.5346 	EXP 	text: height = 0.05
8.5346 	EXP 	text: text = 3
8.5387 	EXP 	text: height = 0.05
8.5387 	EXP 	text: height = 0.05
8.5387 	EXP 	text: height = 0.05
8.5387 	EXP 	text: text = 3
8.5429 	EXP 	text: height = 0.05
8.5429 	EXP 	text: height = 0.05
8.5429 	EXP 	text: height = 0.05
8.5429 	EXP 	text: text = 3
8.5471 	EXP 	text: height = 0.05
8.5471 	EXP 	text: height = 0.05
8.5471 	EXP 	text: height = 0.05
8.5471 	EXP 	text: text = 3
8.5517 	EXP 	text: height = 0.05
8.5517 	EXP 	text: height = 0.05
8.5517 	EXP 	text: height = 0.05
8.5517 	EXP 	text: text = 3
8.5558 	EXP 	text: height = 0.05
8.5558 	EXP 	text: height = 0.05
8.5558 	EXP 	text: height = 0.05
8.5558 	EXP 	text: text = 3
8.5599 	EXP 	text: height = 0.05
8.5599 	EXP 	text: height = 0.05
8.5599 	EXP 	text: height = 0.05
8.5599 	EXP 	text: text = 3
8.5641 	EXP 	text: height = 0.05
8.5641 	EXP 	text: height = 0.05
8.5641 	EXP 	text: height = 0.05
8.5641 	EXP 	text: text = 3
8.5683 	EXP 	text: height = 0.05
8.5683 	EXP 	text: height = 0.05
8.5683 	EXP 	text: height = 0.05
8.5683 	EXP 	text: text = 3
8.5725 	EXP 	text: height = 0.05
8.5725 	EXP 	text: height = 0.05
8.5725 	EXP 	text: height = 0.05
8.5725 	EXP 	text: text = 3
8.5766 	EXP 	text: height = 0.05
8.5766 	EXP 	text: height = 0.05
8.5766 	EXP 	text: height = 0.05
8.5766 	EXP 	text: text = 3
8.5808 	EXP 	text: height = 0.05
8.5808 	EXP 	text: height = 0.05
8.5808 	EXP 	text: height = 0.05
8.5808 	EXP 	text: text = 3
8.5850 	EXP 	text: height = 0.05
8.5850 	EXP 	text: height = 0.05
8.5850 	EXP 	text: height = 0.05
8.5850 	EXP 	text: text = 3
8.5881 	DATA 	Mouse: Left button down, pos=(962,451)
8.5891 	EXP 	text: height = 0.05
8.5891 	EXP 	text: height = 0.05
8.5891 	EXP 	text: height = 0.05
8.5891 	EXP 	text: text = 3
8.5933 	EXP 	text: height = 0.05
8.5933 	EXP 	text: height = 0.05
8.5933 	EXP 	text: height = 0.05
8.5933 	EXP 	text: text = 3
8.5975 	EXP 	text: height = 0.05
8.5975 	EXP 	text: height = 0.05
8.5975 	EXP 	text: height = 0.05
8.5975 	EXP 	text: text = 3
8.6016 	EXP 	text: height = 0.05
8.6016 	EXP 	text: height = 0.05
8.6016 	EXP 	text: height = 0.05
8.6016 	EXP 	text: text = 3
8.6058 	EXP 	text: height = 0.05
8.6058 	EXP 	text: height = 0.05
8.6058 	EXP 	text: height = 0.05
8.6058 	EXP 	text: text = 3
8.6100 	EXP 	text: height = 0.05
8.6100 	EXP 	text: height = 0.05
8.6100 	EXP 	text: height = 0.05
8.6100 	EXP 	text: text = 3
8.6142 	EXP 	text: height = 0.05
8.6142 	EXP 	text: height = 0.05
8.6142 	EXP 	text: height = 0.05
8.6142 	EXP 	text: text = 3
8.6183 	EXP 	text: height = 0.05
8.6183 	EXP 	text: height = 0.05
8.6183 	EXP 	text: height = 0.05
8.6183 	EXP 	text: text = 3
8.6225 	EXP 	text: height = 0.05
8.6225 	EXP 	text: height = 0.05
8.6225 	EXP 	text: height = 0.05
8.6225 	EXP 	text: text = 3
8.6267 	EXP 	text: height = 0.05
8.6267 	EXP 	text: height = 0.05
8.6267 	EXP 	text: height = 0.05
8.6267 	EXP 	text: text = 3
8.6308 	EXP 	text: height = 0.05
8.6308 	EXP 	text: height = 0.05
8.6308 	EXP 	text: height = 0.05
8.6308 	EXP 	text: text = 3
8.6350 	EXP 	text: height = 0.05
8.6350 	EXP 	text: height = 0.05
8.6350 	EXP 	text: height = 0.05
8.6350 	EXP 	text: text = 3
8.6392 	EXP 	text: height = 0.05
8.6392 	EXP 	text: height = 0.05
8.6392 	EXP 	text: height = 0.05
8.6392 	EXP 	text: text = 3
8.6434 	EXP 	text: height = 0.05
8.6434 	EXP 	text: height = 0.05
8.6434 	EXP 	text: height = 0.05
8.6434 	EXP 	text: text = 3
8.6480 	EXP 	text: height = 0.05
8.6480 	EXP 	text: height = 0.05
8.6480 	EXP 	text: height = 0.05
8.6480 	EXP 	text: text = 3
8.6521 	EXP 	text: height = 0.05
8.6521 	EXP 	text: height = 0.05
8.6521 	EXP 	text: height = 0.05
8.6521 	EXP 	text: text = 3
8.6562 	EXP 	text: height = 0.05
8.6562 	EXP 	text: height = 0.05
8.6562 	EXP 	text: height = 0.05
8.6562 	EXP 	text: text = 3
8.6604 	EXP 	text: height = 0.05
8.6604 	EXP 	text: height = 0.05
8.6604 	EXP 	text: height = 0.05
8.6604 	EXP 	text: text = 3
8.6646 	EXP 	text: height = 0.05
8.6646 	EXP 	text: height = 0.05
8.6646 	EXP 	text: height = 0.05
8.6646 	EXP 	text: text = 3
8.6687 	EXP 	text: height = 0.05
8.6687 	EXP 	text: height = 0.05
8.6687 	EXP 	text: height = 0.05
8.6687 	EXP 	text: text = 3
8.6729 	EXP 	text: height = 0.05
8.6729 	EXP 	text: height = 0.05
8.6729 	EXP 	text: height = 0.05
8.6729 	EXP 	text: text = 3
8.6771 	EXP 	text: height = 0.05
8.6771 	EXP 	text: height = 0.05
8.6771 	EXP 	text: height = 0.05
8.6771 	EXP 	text: text = 3
8.6813 	EXP 	text: height = 0.05
8.6813 	EXP 	text: height = 0.05
8.6813 	EXP 	text: height = 0.05
8.6813 	EXP 	text: text = 3
8.6854 	EXP 	text: height = 0.05
8.6854 	EXP 	text: height = 0.05
8.6854 	EXP 	text: height = 0.05
8.6854 	EXP 	text: text = 3
8.6896 	EXP 	text: height = 0.05
8.6896 	EXP 	text: height = 0.05
8.6896 	EXP 	text: height = 0.05
8.6896 	EXP 	text: text = 3
8.6928 	DATA 	Mouse:  Left button up, pos=(962,451)
8.6947 	EXP 	text: height = 0.05
8.6947 	EXP 	text: height = 0.05
8.6947 	EXP 	text: height = 0.05
8.6947 	EXP 	text: text = 3
8.6982 	EXP 	text: height = 0.05
8.6982 	EXP 	text: height = 0.05
8.6982 	EXP 	text: height = 0.05
8.6982 	EXP 	text: text = 3
8.7024 	EXP 	text: height = 0.05
8.7024 	EXP 	text: height = 0.05
8.7024 	EXP 	text: height = 0.05
8.7024 	EXP 	text: text = 3
8.7066 	EXP 	text: height = 0.05
8.7066 	EXP 	text: height = 0.05
8.7066 	EXP 	text: height = 0.05
8.7066 	EXP 	text: text = 3
8.7108 	EXP 	text: height = 0.05
8.7108 	EXP 	text: height = 0.05
8.7108 	EXP 	text: height = 0.05
8.7108 	EXP 	text: text = 3
8.7149 	EXP 	text: height = 0.05
8.7149 	EXP 	text: height = 0.05
8.7149 	EXP 	text: height = 0.05
8.7149 	EXP 	text: text = 3
8.7191 	EXP 	text: height = 0.05
8.7191 	EXP 	text: height = 0.05
8.7191 	EXP 	text: height = 0.05
8.7191 	EXP 	text: text = 3
8.7233 	EXP 	text: height = 0.05
8.7233 	EXP 	text: height = 0.05
8.7233 	EXP 	text: height = 0.05
8.7233 	EXP 	text: text = 3
8.7274 	EXP 	text: height = 0.05
8.7274 	EXP 	text: height = 0.05
8.7274 	EXP 	text: height = 0.05
8.7274 	EXP 	text: text = 3
8.7316 	EXP 	text: height = 0.05
8.7316 	EXP 	text: height = 0.05
8.7316 	EXP 	text: height = 0.05
8.7316 	EXP 	text: text = 3
8.7358 	EXP 	text: height = 0.05
8.7358 	EXP 	text: height = 0.05
8.7358 	EXP 	text: height = 0.05
8.7358 	EXP 	text: text = 3
8.7403 	EXP 	text: height = 0.05
8.7403 	EXP 	text: height = 0.05
8.7403 	EXP 	text: height = 0.05
8.7403 	EXP 	text: text = 3
8.7441 	EXP 	text: height = 0.05
8.7441 	EXP 	text: height = 0.05
8.7441 	EXP 	text: height = 0.05
8.7441 	EXP 	text: text = 3
8.7483 	EXP 	text: height = 0.05
8.7483 	EXP 	text: height = 0.05
8.7483 	EXP 	text: height = 0.05
8.7483 	EXP 	text: text = 3
8.7525 	EXP 	text: height = 0.05
8.7525 	EXP 	text: height = 0.05
8.7525 	EXP 	text: height = 0.05
8.7525 	EXP 	text: text = 3
8.7567 	EXP 	text: height = 0.05
8.7567 	EXP 	text: height = 0.05
8.7567 	EXP 	text: height = 0.05
8.7567 	EXP 	text: text = 3
8.7608 	EXP 	text: height = 0.05
8.7608 	EXP 	text: height = 0.05
8.7608 	EXP 	text: height = 0.05
8.7608 	EXP 	text: text = 3
8.7650 	EXP 	text: height = 0.05
8.7650 	EXP 	text: height = 0.05
8.7650 	EXP 	text: height = 0.05
8.7650 	EXP 	text: text = 3
8.7691 	EXP 	text: height = 0.05
8.7691 	EXP 	text: height = 0.05
8.7691 	EXP 	text: height = 0.05
8.7691 	EXP 	text: text = 3
8.7733 	EXP 	text: height = 0.05
8.7733 	EXP 	text: height = 0.05
8.7733 	EXP 	text: height = 0.05
8.7733 	EXP 	text: text = 3
8.7775 	EXP 	text: height = 0.05
8.7775 	EXP 	text: height = 0.05
8.7775 	EXP 	text: height = 0.05
8.7775 	EXP 	text: text = 3
8.7817 	EXP 	text: height = 0.05
8.7817 	EXP 	text: height = 0.05
8.7817 	EXP 	text: height = 0.05
8.7817 	EXP 	text: text = 3
8.7858 	EXP 	text: height = 0.05
8.7858 	EXP 	text: height = 0.05
8.7858 	EXP 	text: height = 0.05
8.7858 	EXP 	text: text = 3
8.7900 	EXP 	text: height = 0.05
8.7900 	EXP 	text: height = 0.05
8.7900 	EXP 	text: height = 0.05
8.7900 	EXP 	text: text = 3
8.7942 	EXP 	text: height = 0.05
8.7942 	EXP 	text: height = 0.05
8.7942 	EXP 	text: height = 0.05
8.7942 	EXP 	text: text = 3
8.7984 	EXP 	text: height = 0.05
8.7984 	EXP 	text: height = 0.05
8.7984 	EXP 	text: height = 0.05
8.7984 	EXP 	text: text = 3
8.8025 	EXP 	text: height = 0.05
8.8025 	EXP 	text: height = 0.05
8.8025 	EXP 	text: height = 0.05
8.8025 	EXP 	text: text = 3
8.8067 	EXP 	text: height = 0.05
8.8067 	EXP 	text: height = 0.05
8.8067 	EXP 	text: height = 0.05
8.8067 	EXP 	text: text = 3
8.8109 	EXP 	text: height = 0.05
8.8109 	EXP 	text: height = 0.05
8.8109 	EXP 	text: height = 0.05
8.8109 	EXP 	text: text = 3
8.8151 	EXP 	text: height = 0.05
8.8151 	EXP 	text: height = 0.05
8.8151 	EXP 	text: height = 0.05
8.8151 	EXP 	text: text = 3
8.8199 	EXP 	text: height = 0.05
8.8199 	EXP 	text: height = 0.05
8.8199 	EXP 	text: height = 0.05
8.8199 	EXP 	text: text = 3
8.8234 	EXP 	text: height = 0.05
8.8234 	EXP 	text: height = 0.05
8.8234 	EXP 	text: height = 0.05
8.8234 	EXP 	text: text = 3
8.8276 	EXP 	text: height = 0.05
8.8276 	EXP 	text: height = 0.05
8.8276 	EXP 	text: height = 0.05
8.8276 	EXP 	text: text = 3
8.8317 	EXP 	text: height = 0.05
8.8317 	EXP 	text: height = 0.05
8.8317 	EXP 	text: height = 0.05
8.8317 	EXP 	text: text = 3
8.8359 	EXP 	text: height = 0.05
8.8359 	EXP 	text: height = 0.05
8.8359 	EXP 	text: height = 0.05
8.8359 	EXP 	text: text = 3
8.8401 	EXP 	text: height = 0.05
8.8401 	EXP 	text: height = 0.05
8.8401 	EXP 	text: height = 0.05
8.8401 	EXP 	text: text = 3
8.8442 	EXP 	text: height = 0.05
8.8442 	EXP 	text: height = 0.05
8.8442 	EXP 	text: height = 0.05
8.8442 	EXP 	text: text = 3
8.8494 	EXP 	text: height = 0.05
8.8494 	EXP 	text: height = 0.05
8.8494 	EXP 	text: height = 0.05
8.8494 	EXP 	text: text = 3
8.8528 	EXP 	text: height = 0.05
8.8528 	EXP 	text: height = 0.05
8.8528 	EXP 	text: height = 0.05
8.8528 	EXP 	text: text = 3
8.8570 	EXP 	text: height = 0.05
8.8570 	EXP 	text: height = 0.05
8.8570 	EXP 	text: height = 0.05
8.8570 	EXP 	text: text = 3
8.8612 	EXP 	text: height = 0.05
8.8612 	EXP 	text: height = 0.05
8.8612 	EXP 	text: height = 0.05
8.8612 	EXP 	text: text = 3
8.8653 	EXP 	text: height = 0.05
8.8653 	EXP 	text: height = 0.05
8.8653 	EXP 	text: height = 0.05
8.8653 	EXP 	text: text = 3
8.8695 	EXP 	text: height = 0.05
8.8695 	EXP 	text: height = 0.05
8.8695 	EXP 	text: height = 0.05
8.8695 	EXP 	text: text = 3
8.8737 	EXP 	text: height = 0.05
8.8737 	EXP 	text: height = 0.05
8.8737 	EXP 	text: height = 0.05
8.8737 	EXP 	text: text = 3
8.8778 	EXP 	text: height = 0.05
8.8778 	EXP 	text: height = 0.05
8.8778 	EXP 	text: height = 0.05
8.8778 	EXP 	text: text = 3
8.8821 	EXP 	text: height = 0.05
8.8821 	EXP 	text: height = 0.05
8.8821 	EXP 	text: height = 0.05
8.8821 	EXP 	text: text = 3
8.8862 	EXP 	text: height = 0.05
8.8862 	EXP 	text: height = 0.05
8.8862 	EXP 	text: height = 0.05
8.8862 	EXP 	text: text = 3
8.8904 	EXP 	text: height = 0.05
8.8904 	EXP 	text: height = 0.05
8.8904 	EXP 	text: height = 0.05
8.8904 	EXP 	text: text = 3
8.8945 	EXP 	text: height = 0.05
8.8945 	EXP 	text: height = 0.05
8.8945 	EXP 	text: height = 0.05
8.8945 	EXP 	text: text = 3
8.8987 	EXP 	text: height = 0.05
8.8987 	EXP 	text: height = 0.05
8.8987 	EXP 	text: height = 0.05
8.8987 	EXP 	text: text = 3
8.9029 	EXP 	text: height = 0.05
8.9029 	EXP 	text: height = 0.05
8.9029 	EXP 	text: height = 0.05
8.9029 	EXP 	text: text = 3
8.9070 	EXP 	text: height = 0.05
8.9070 	EXP 	text: height = 0.05
8.9070 	EXP 	text: height = 0.05
8.9070 	EXP 	text: text = 3
8.9116 	EXP 	text: height = 0.05
8.9116 	EXP 	text: height = 0.05
8.9116 	EXP 	text: height = 0.05
8.9116 	EXP 	text: text = 3
8.9154 	EXP 	text: height = 0.05
8.9154 	EXP 	text: height = 0.05
8.9154 	EXP 	text: height = 0.05
8.9154 	EXP 	text: text = 3
8.9196 	EXP 	text: height = 0.05
8.9196 	EXP 	text: height = 0.05
8.9196 	EXP 	text: height = 0.05
8.9196 	EXP 	text: text = 3
8.9237 	EXP 	text: height = 0.05
8.9237 	EXP 	text: height = 0.05
8.9237 	EXP 	text: height = 0.05
8.9237 	EXP 	text: text = 3
8.9279 	EXP 	text: height = 0.05
8.9279 	EXP 	text: height = 0.05
8.9279 	EXP 	text: height = 0.05
8.9279 	EXP 	text: text = 3
8.9321 	EXP 	text: height = 0.05
8.9321 	EXP 	text: height = 0.05
8.9321 	EXP 	text: height = 0.05
8.9321 	EXP 	text: text = 3
8.9363 	EXP 	text: height = 0.05
8.9363 	EXP 	text: height = 0.05
8.9363 	EXP 	text: height = 0.05
8.9363 	EXP 	text: text = 3
8.9405 	EXP 	text: height = 0.05
8.9405 	EXP 	text: height = 0.05
8.9405 	EXP 	text: height = 0.05
8.9405 	EXP 	text: text = 3
8.9447 	EXP 	text: height = 0.05
8.9447 	EXP 	text: height = 0.05
8.9447 	EXP 	text: height = 0.05
8.9447 	EXP 	text: text = 3
8.9488 	EXP 	text: height = 0.05
8.9488 	EXP 	text: height = 0.05
8.9488 	EXP 	text: height = 0.05
8.9488 	EXP 	text: text = 3
8.9530 	EXP 	text: height = 0.05
8.9530 	EXP 	text: height = 0.05
8.9530 	EXP 	text: height = 0.05
8.9530 	EXP 	text: text = 3
8.9571 	EXP 	text: height = 0.05
8.9571 	EXP 	text: height = 0.05
8.9571 	EXP 	text: height = 0.05
8.9571 	EXP 	text: text = 3
8.9613 	EXP 	text: height = 0.05
8.9613 	EXP 	text: height = 0.05
8.9613 	EXP 	text: height = 0.05
8.9613 	EXP 	text: text = 3
8.9655 	EXP 	text: height = 0.05
8.9655 	EXP 	text: height = 0.05
8.9655 	EXP 	text: height = 0.05
8.9655 	EXP 	text: text = 3
8.9697 	EXP 	text: height = 0.05
8.9697 	EXP 	text: height = 0.05
8.9697 	EXP 	text: height = 0.05
8.9697 	EXP 	text: text = 3
8.9738 	EXP 	text: height = 0.05
8.9738 	EXP 	text: height = 0.05
8.9738 	EXP 	text: height = 0.05
8.9738 	EXP 	text: text = 3
8.9767 	DATA 	Keypress: escape
8.9780 	EXP 	text: height = 0.05
8.9780 	EXP 	text: height = 0.05
8.9780 	EXP 	text: height = 0.05
8.9780 	EXP 	text: text = 3
8.9822 	EXP 	text: height = 0.05
8.9822 	EXP 	text: height = 0.05
8.9822 	EXP 	text: height = 0.05
8.9822 	EXP 	text: text = 3
8.9863 	EXP 	text: height = 0.05
8.9863 	EXP 	text: height = 0.05
8.9863 	EXP 	text: height = 0.05
8.9863 	EXP 	text: text = 3
8.9905 	EXP 	text: height = 0.05
8.9905 	EXP 	text: height = 0.05
8.9905 	EXP 	text: height = 0.05
8.9905 	EXP 	text: text = 3
8.9947 	EXP 	text: height = 0.05
8.9947 	EXP 	text: height = 0.05
8.9947 	EXP 	text: height = 0.05
8.9947 	EXP 	text: text = 3
8.9988 	EXP 	text: height = 0.05
8.9988 	EXP 	text: height = 0.05
8.9988 	EXP 	text: height = 0.05
8.9988 	EXP 	text: text = 3
9.0030 	EXP 	text: height = 0.05
9.0030 	EXP 	text: height = 0.05
9.0030 	EXP 	text: height = 0.05
9.0030 	EXP 	text: text = 3
9.0072 	EXP 	text: height = 0.05
9.0072 	EXP 	text: height = 0.05
9.0072 	EXP 	text: height = 0.05
9.0072 	EXP 	text: text = 3
9.0114 	EXP 	text: height = 0.05
9.0114 	EXP 	text: height = 0.05
9.0114 	EXP 	text: height = 0.05
9.0114 	EXP 	text: text = 3
9.0155 	EXP 	text: height = 0.05
9.0155 	EXP 	text: height = 0.05
9.0155 	EXP 	text: height = 0.05
9.0155 	EXP 	text: text = 3
9.0209 	EXP 	text: height = 0.05
9.0209 	EXP 	text: height = 0.05
9.0209 	EXP 	text: height = 0.05
9.0209 	EXP 	text: text = 3
9.0248 	EXP 	text: height = 0.05
9.0248 	EXP 	text: height = 0.05
9.0248 	EXP 	text: height = 0.05
9.0248 	EXP 	text: text = 3
9.0287 	EXP 	text: height = 0.05
9.0287 	EXP 	text: height = 0.05
9.0287 	EXP 	text: height = 0.05
9.0287 	EXP 	text: text = 3
9.0328 	EXP 	text: height = 0.05
9.0328 	EXP 	text: height = 0.05
9.0328 	EXP 	text: height = 0.05
9.0328 	EXP 	text: text = 3
9.0370 	EXP 	text: height = 0.05
9.0370 	EXP 	text: height = 0.05
9.0370 	EXP 	text: height = 0.05
9.0370 	EXP 	text: text = 3
9.0412 	EXP 	text: height = 0.05
9.0412 	EXP 	text: height = 0.05
9.0412 	EXP 	text: height = 0.05
9.0412 	EXP 	text: text = 3
9.0453 	EXP 	text: height = 0.05
9.0453 	EXP 	text: height = 0.05
9.0453 	EXP 	text: height = 0.05
9.0453 	EXP 	text: text = 3
9.0504 	EXP 	text: height = 0.05
9.0504 	EXP 	text: height = 0.05
9.0504 	EXP 	text: height = 0.05
9.0504 	EXP 	text: text = 3
9.0545 	EXP 	text: height = 0.05
9.0545 	EXP 	text: height = 0.05
9.0545 	EXP 	text: height = 0.05
9.0545 	EXP 	text: text = 3
9.0584 	EXP 	text: height = 0.05
9.0584 	EXP 	text: height = 0.05
9.0584 	EXP 	text: height = 0.05
9.0584 	EXP 	text: text = 3
9.2370 	EXP 	window1: mouseVisible = True
