1.5160 	WARNING 	We strongly recommend you activate the PTB sound engine in PsychoPy prefs as the preferred audio engine. Its timing is vastly superior. Your prefs are currently set to use ['sounddevice', 'PTB', 'pyo', 'pygame'] (in that order).
4.3002 	WARNING 	User requested fullscreen with size [1024  768], but screen is actually [1920, 1080]. Using actual size
4.6491 	EXP 	Created window1 = Window(allowGUI=True, allowStencil=False, autoLog=True, backendConf=UNKNOWN, bitsMode=UNKNOWN, blendMode='avg', bpc=(8, 8, 8), color=array([0, 0, 0]), colorSpace='rgb', depthBits=8, fullscr=<method-wrapper '__getattribute__' of attributeSetter object at 0x000002D6BBC02130>, gamma=None, gammaErrorPolicy='raise', lms=UNKNOWN, monitor=<psychopy.monitors.calibTools.Monitor object at 0x000002D6BC0A2670>, multiSample=False, name='window1', numSamples=2, pos=(0, 0), screen=0, size=array([1920, 1080]), stencilBits=0, stereo=False, units='height', useFBO=True, useRetina=False, viewOri=0.0, viewPos=None, viewScale=None, waitBlanking=True, winType='pyglet')
4.6492 	EXP 	window1: mouseVisible = True
4.6492 	EXP 	window1: mouseVisible = False
4.6493 	EXP 	window1: Attempting to measure frame rate of screen (0) ...
4.6493 	EXP 	window1: recordFrameIntervals = False
4.6906 	EXP 	window1: recordFrameIntervals = True
4.7367 	EXP 	Screen (0) actual frame rate measured at 239.62Hz
4.7368 	EXP 	window1: recordFrameIntervals = False
6.4033 	EXP 	Created text = TextStim(__class__=<class 'psychopy.visual.text.TextStim'>, alignHoriz=method-wrapper(...), alignText='center', alignVert=method-wrapper(...), anchorHoriz='center', anchorVert='center', antialias=True, autoDraw=False, autoLog=True, bold=False, color=array([1, 1, 1]), colorSpace='rgb', contrast=1.0, depth=-2.0, flipHoriz=False, flipVert=False, font='Open Sans', fontFiles=[], height=0.05, italic=False, languageStyle='LTR', name='text', opacity=1.0, ori=0.0, pos=array([ 0. , -0.2]), rgb=UNKNOWN, text='asd', units='height', win=Window(...), wrapWidth=1)
6.4211 	EXP 	window1: mouseVisible = True
6.4211 	EXP 	window1: mouseVisible = True
6.4304 	EXP 	Created warning = TextStim(__class__=<class 'psychopy.visual.text.TextStim'>, alignHoriz=method-wrapper(...), alignText='center', alignVert=method-wrapper(...), anchorHoriz='center', anchorVert='center', antialias=True, autoDraw=False, autoLog=True, bold=False, color=array([ 1., -1., -1.]), colorSpace='rgb', contrast=1.0, depth=-5.0, flipHoriz=False, flipVert=False, font='Open Sans', fontFiles=[], height=0.05, italic=False, languageStyle='LTR', name='warning', opacity=1.0, ori=0.0, pos=array([ 0.  , -0.45]), rgb=UNKNOWN, text='Please type up to 5 words.', units='height', win=Window(...), wrapWidth=1)
6.4381 	EXP 	textbox: autoLog = True
6.4381 	EXP 	text: height = 0.05
6.4381 	EXP 	text: height = 0.05
6.4381 	EXP 	text: height = 0.05
6.4381 	EXP 	text: text = 0
6.4381 	EXP 	textbox: autoDraw = True
6.4381 	EXP 	text: autoDraw = True
6.4456 	EXP 	text: height = 0.05
6.4456 	EXP 	text: height = 0.05
6.4456 	EXP 	text: height = 0.05
6.4456 	EXP 	text: text = 0
6.4505 	EXP 	text: height = 0.05
6.4505 	EXP 	text: height = 0.05
6.4505 	EXP 	text: height = 0.05
6.4505 	EXP 	text: text = 0
6.4583 	EXP 	text: height = 0.05
6.4583 	EXP 	text: height = 0.05
6.4583 	EXP 	text: height = 0.05
6.4583 	EXP 	text: text = 0
6.4638 	EXP 	text: height = 0.05
6.4638 	EXP 	text: height = 0.05
6.4638 	EXP 	text: height = 0.05
6.4638 	EXP 	text: text = 0
6.4719 	EXP 	text: height = 0.05
6.4719 	EXP 	text: height = 0.05
6.4719 	EXP 	text: height = 0.05
6.4719 	EXP 	text: text = 0
6.4771 	EXP 	text: height = 0.05
6.4771 	EXP 	text: height = 0.05
6.4771 	EXP 	text: height = 0.05
6.4771 	EXP 	text: text = 0
6.4851 	EXP 	text: height = 0.05
6.4851 	EXP 	text: height = 0.05
6.4851 	EXP 	text: height = 0.05
6.4851 	EXP 	text: text = 0
6.4896 	EXP 	text: height = 0.05
6.4896 	EXP 	text: height = 0.05
6.4896 	EXP 	text: height = 0.05
6.4896 	EXP 	text: text = 0
6.4975 	EXP 	text: height = 0.05
6.4975 	EXP 	text: height = 0.05
6.4975 	EXP 	text: height = 0.05
6.4975 	EXP 	text: text = 0
6.5029 	EXP 	text: height = 0.05
6.5029 	EXP 	text: height = 0.05
6.5029 	EXP 	text: height = 0.05
6.5029 	EXP 	text: text = 0
6.5096 	EXP 	text: height = 0.05
6.5096 	EXP 	text: height = 0.05
6.5096 	EXP 	text: height = 0.05
6.5096 	EXP 	text: text = 0
6.5148 	EXP 	text: height = 0.05
6.5148 	EXP 	text: height = 0.05
6.5148 	EXP 	text: height = 0.05
6.5148 	EXP 	text: text = 0
6.5214 	EXP 	text: height = 0.05
6.5214 	EXP 	text: height = 0.05
6.5214 	EXP 	text: height = 0.05
6.5214 	EXP 	text: text = 0
6.5265 	EXP 	text: height = 0.05
6.5265 	EXP 	text: height = 0.05
6.5265 	EXP 	text: height = 0.05
6.5265 	EXP 	text: text = 0
6.5316 	EXP 	text: height = 0.05
6.5316 	EXP 	text: height = 0.05
6.5316 	EXP 	text: height = 0.05
6.5316 	EXP 	text: text = 0
6.5361 	EXP 	text: height = 0.05
6.5361 	EXP 	text: height = 0.05
6.5361 	EXP 	text: height = 0.05
6.5361 	EXP 	text: text = 0
6.5406 	EXP 	text: height = 0.05
6.5406 	EXP 	text: height = 0.05
6.5406 	EXP 	text: height = 0.05
6.5406 	EXP 	text: text = 0
6.5454 	EXP 	text: height = 0.05
6.5454 	EXP 	text: height = 0.05
6.5454 	EXP 	text: height = 0.05
6.5454 	EXP 	text: text = 0
6.5502 	EXP 	text: height = 0.05
6.5502 	EXP 	text: height = 0.05
6.5502 	EXP 	text: height = 0.05
6.5502 	EXP 	text: text = 0
6.5548 	EXP 	text: height = 0.05
6.5548 	EXP 	text: height = 0.05
6.5548 	EXP 	text: height = 0.05
6.5548 	EXP 	text: text = 0
6.5606 	EXP 	text: height = 0.05
6.5606 	EXP 	text: height = 0.05
6.5606 	EXP 	text: height = 0.05
6.5606 	EXP 	text: text = 0
6.5659 	EXP 	text: height = 0.05
6.5659 	EXP 	text: height = 0.05
6.5659 	EXP 	text: height = 0.05
6.5659 	EXP 	text: text = 0
6.5715 	EXP 	text: height = 0.05
6.5715 	EXP 	text: height = 0.05
6.5715 	EXP 	text: height = 0.05
6.5715 	EXP 	text: text = 0
6.5759 	EXP 	text: height = 0.05
6.5759 	EXP 	text: height = 0.05
6.5759 	EXP 	text: height = 0.05
6.5759 	EXP 	text: text = 0
6.5807 	EXP 	text: height = 0.05
6.5807 	EXP 	text: height = 0.05
6.5807 	EXP 	text: height = 0.05
6.5807 	EXP 	text: text = 0
6.5853 	EXP 	text: height = 0.05
6.5853 	EXP 	text: height = 0.05
6.5853 	EXP 	text: height = 0.05
6.5853 	EXP 	text: text = 0
6.5903 	EXP 	text: height = 0.05
6.5903 	EXP 	text: height = 0.05
6.5903 	EXP 	text: height = 0.05
6.5903 	EXP 	text: text = 0
6.5951 	EXP 	text: height = 0.05
6.5951 	EXP 	text: height = 0.05
6.5951 	EXP 	text: height = 0.05
6.5951 	EXP 	text: text = 0
6.5997 	EXP 	text: height = 0.05
6.5997 	EXP 	text: height = 0.05
6.5997 	EXP 	text: height = 0.05
6.5997 	EXP 	text: text = 0
6.6039 	EXP 	text: height = 0.05
6.6039 	EXP 	text: height = 0.05
6.6039 	EXP 	text: height = 0.05
6.6039 	EXP 	text: text = 0
6.6083 	EXP 	text: height = 0.05
6.6083 	EXP 	text: height = 0.05
6.6083 	EXP 	text: height = 0.05
6.6083 	EXP 	text: text = 0
6.6127 	EXP 	text: height = 0.05
6.6127 	EXP 	text: height = 0.05
6.6127 	EXP 	text: height = 0.05
6.6127 	EXP 	text: text = 0
6.6169 	EXP 	text: height = 0.05
6.6169 	EXP 	text: height = 0.05
6.6169 	EXP 	text: height = 0.05
6.6169 	EXP 	text: text = 0
6.6417 	EXP 	text: height = 0.05
6.6417 	EXP 	text: height = 0.05
6.6417 	EXP 	text: height = 0.05
6.6417 	EXP 	text: text = 0
6.6463 	EXP 	text: height = 0.05
6.6463 	EXP 	text: height = 0.05
6.6463 	EXP 	text: height = 0.05
6.6463 	EXP 	text: text = 0
6.6533 	EXP 	text: height = 0.05
6.6533 	EXP 	text: height = 0.05
6.6533 	EXP 	text: height = 0.05
6.6533 	EXP 	text: text = 0
6.6576 	EXP 	text: height = 0.05
6.6576 	EXP 	text: height = 0.05
6.6576 	EXP 	text: height = 0.05
6.6576 	EXP 	text: text = 0
6.6646 	EXP 	text: height = 0.05
6.6646 	EXP 	text: height = 0.05
6.6646 	EXP 	text: height = 0.05
6.6646 	EXP 	text: text = 0
6.6693 	EXP 	text: height = 0.05
6.6693 	EXP 	text: height = 0.05
6.6693 	EXP 	text: height = 0.05
6.6693 	EXP 	text: text = 0
6.6765 	EXP 	text: height = 0.05
6.6765 	EXP 	text: height = 0.05
6.6765 	EXP 	text: height = 0.05
6.6765 	EXP 	text: text = 0
6.6806 	EXP 	text: height = 0.05
6.6806 	EXP 	text: height = 0.05
6.6806 	EXP 	text: height = 0.05
6.6806 	EXP 	text: text = 0
6.6876 	EXP 	text: height = 0.05
6.6876 	EXP 	text: height = 0.05
6.6876 	EXP 	text: height = 0.05
6.6876 	EXP 	text: text = 0
6.6917 	EXP 	text: height = 0.05
6.6917 	EXP 	text: height = 0.05
6.6917 	EXP 	text: height = 0.05
6.6917 	EXP 	text: text = 0
6.6991 	EXP 	text: height = 0.05
6.6991 	EXP 	text: height = 0.05
6.6991 	EXP 	text: height = 0.05
6.6991 	EXP 	text: text = 0
6.7043 	EXP 	text: height = 0.05
6.7043 	EXP 	text: height = 0.05
6.7043 	EXP 	text: height = 0.05
6.7043 	EXP 	text: text = 0
6.7110 	EXP 	text: height = 0.05
6.7110 	EXP 	text: height = 0.05
6.7110 	EXP 	text: height = 0.05
6.7110 	EXP 	text: text = 0
6.7153 	EXP 	text: height = 0.05
6.7153 	EXP 	text: height = 0.05
6.7153 	EXP 	text: height = 0.05
6.7153 	EXP 	text: text = 0
6.7206 	EXP 	text: height = 0.05
6.7206 	EXP 	text: height = 0.05
6.7206 	EXP 	text: height = 0.05
6.7206 	EXP 	text: text = 0
6.7249 	EXP 	text: height = 0.05
6.7249 	EXP 	text: height = 0.05
6.7249 	EXP 	text: height = 0.05
6.7249 	EXP 	text: text = 0
6.7312 	EXP 	text: height = 0.05
6.7312 	EXP 	text: height = 0.05
6.7312 	EXP 	text: height = 0.05
6.7312 	EXP 	text: text = 0
6.7362 	EXP 	text: height = 0.05
6.7362 	EXP 	text: height = 0.05
6.7362 	EXP 	text: height = 0.05
6.7362 	EXP 	text: text = 0
6.7412 	EXP 	text: height = 0.05
6.7412 	EXP 	text: height = 0.05
6.7412 	EXP 	text: height = 0.05
6.7412 	EXP 	text: text = 0
6.7460 	EXP 	text: height = 0.05
6.7460 	EXP 	text: height = 0.05
6.7460 	EXP 	text: height = 0.05
6.7460 	EXP 	text: text = 0
6.7502 	EXP 	text: height = 0.05
6.7502 	EXP 	text: height = 0.05
6.7502 	EXP 	text: height = 0.05
6.7502 	EXP 	text: text = 0
6.7544 	EXP 	text: height = 0.05
6.7544 	EXP 	text: height = 0.05
6.7544 	EXP 	text: height = 0.05
6.7544 	EXP 	text: text = 0
6.7586 	EXP 	text: height = 0.05
6.7586 	EXP 	text: height = 0.05
6.7586 	EXP 	text: height = 0.05
6.7586 	EXP 	text: text = 0
6.7632 	EXP 	text: height = 0.05
6.7632 	EXP 	text: height = 0.05
6.7632 	EXP 	text: height = 0.05
6.7632 	EXP 	text: text = 0
6.7679 	EXP 	text: height = 0.05
6.7679 	EXP 	text: height = 0.05
6.7679 	EXP 	text: height = 0.05
6.7679 	EXP 	text: text = 0
6.7725 	EXP 	text: height = 0.05
6.7725 	EXP 	text: height = 0.05
6.7725 	EXP 	text: height = 0.05
6.7725 	EXP 	text: text = 0
6.7773 	EXP 	text: height = 0.05
6.7773 	EXP 	text: height = 0.05
6.7773 	EXP 	text: height = 0.05
6.7773 	EXP 	text: text = 0
6.7816 	EXP 	text: height = 0.05
6.7816 	EXP 	text: height = 0.05
6.7816 	EXP 	text: height = 0.05
6.7816 	EXP 	text: text = 0
6.7858 	EXP 	text: height = 0.05
6.7858 	EXP 	text: height = 0.05
6.7858 	EXP 	text: height = 0.05
6.7858 	EXP 	text: text = 0
6.7900 	EXP 	text: height = 0.05
6.7900 	EXP 	text: height = 0.05
6.7900 	EXP 	text: height = 0.05
6.7900 	EXP 	text: text = 0
6.7943 	EXP 	text: height = 0.05
6.7943 	EXP 	text: height = 0.05
6.7943 	EXP 	text: height = 0.05
6.7943 	EXP 	text: text = 0
6.7987 	EXP 	text: height = 0.05
6.7987 	EXP 	text: height = 0.05
6.7987 	EXP 	text: height = 0.05
6.7987 	EXP 	text: text = 0
6.8028 	EXP 	text: height = 0.05
6.8028 	EXP 	text: height = 0.05
6.8028 	EXP 	text: height = 0.05
6.8028 	EXP 	text: text = 0
6.8073 	EXP 	text: height = 0.05
6.8073 	EXP 	text: height = 0.05
6.8073 	EXP 	text: height = 0.05
6.8073 	EXP 	text: text = 0
6.8120 	EXP 	text: height = 0.05
6.8120 	EXP 	text: height = 0.05
6.8120 	EXP 	text: height = 0.05
6.8120 	EXP 	text: text = 0
6.8164 	EXP 	text: height = 0.05
6.8164 	EXP 	text: height = 0.05
6.8164 	EXP 	text: height = 0.05
6.8164 	EXP 	text: text = 0
6.8207 	EXP 	text: height = 0.05
6.8207 	EXP 	text: height = 0.05
6.8207 	EXP 	text: height = 0.05
6.8207 	EXP 	text: text = 0
6.8259 	EXP 	text: height = 0.05
6.8259 	EXP 	text: height = 0.05
6.8259 	EXP 	text: height = 0.05
6.8259 	EXP 	text: text = 0
6.8308 	EXP 	text: height = 0.05
6.8308 	EXP 	text: height = 0.05
6.8308 	EXP 	text: height = 0.05
6.8308 	EXP 	text: text = 0
6.8351 	EXP 	text: height = 0.05
6.8351 	EXP 	text: height = 0.05
6.8351 	EXP 	text: height = 0.05
6.8351 	EXP 	text: text = 0
6.8393 	EXP 	text: height = 0.05
6.8393 	EXP 	text: height = 0.05
6.8393 	EXP 	text: height = 0.05
6.8393 	EXP 	text: text = 0
6.8437 	EXP 	text: height = 0.05
6.8437 	EXP 	text: height = 0.05
6.8437 	EXP 	text: height = 0.05
6.8437 	EXP 	text: text = 0
6.8481 	EXP 	text: height = 0.05
6.8481 	EXP 	text: height = 0.05
6.8481 	EXP 	text: height = 0.05
6.8481 	EXP 	text: text = 0
6.8523 	EXP 	text: height = 0.05
6.8523 	EXP 	text: height = 0.05
6.8523 	EXP 	text: height = 0.05
6.8523 	EXP 	text: text = 0
6.8579 	EXP 	text: height = 0.05
6.8579 	EXP 	text: height = 0.05
6.8579 	EXP 	text: height = 0.05
6.8579 	EXP 	text: text = 0
6.8621 	EXP 	text: height = 0.05
6.8621 	EXP 	text: height = 0.05
6.8621 	EXP 	text: height = 0.05
6.8621 	EXP 	text: text = 0
6.8666 	EXP 	text: height = 0.05
6.8666 	EXP 	text: height = 0.05
6.8666 	EXP 	text: height = 0.05
6.8666 	EXP 	text: text = 0
6.8707 	EXP 	text: height = 0.05
6.8707 	EXP 	text: height = 0.05
6.8707 	EXP 	text: height = 0.05
6.8707 	EXP 	text: text = 0
6.8748 	DATA 	Keypress: a
6.8798 	EXP 	text: height = 0.05
6.8798 	EXP 	text: height = 0.05
6.8798 	EXP 	text: height = 0.05
6.8798 	EXP 	text: text = 0
6.8857 	EXP 	text: height = 0.05
6.8857 	EXP 	text: height = 0.05
6.8857 	EXP 	text: height = 0.05
6.8857 	EXP 	text: text = 1
6.8905 	EXP 	text: height = 0.05
6.8905 	EXP 	text: height = 0.05
6.8905 	EXP 	text: height = 0.05
6.8905 	EXP 	text: text = 1
6.8960 	EXP 	text: height = 0.05
6.8960 	EXP 	text: height = 0.05
6.8960 	EXP 	text: height = 0.05
6.8960 	EXP 	text: text = 1
6.9002 	EXP 	text: height = 0.05
6.9002 	EXP 	text: height = 0.05
6.9002 	EXP 	text: height = 0.05
6.9002 	EXP 	text: text = 1
6.9059 	EXP 	text: height = 0.05
6.9059 	EXP 	text: height = 0.05
6.9059 	EXP 	text: height = 0.05
6.9059 	EXP 	text: text = 1
6.9102 	EXP 	text: height = 0.05
6.9102 	EXP 	text: height = 0.05
6.9102 	EXP 	text: height = 0.05
6.9102 	EXP 	text: text = 1
6.9144 	EXP 	text: height = 0.05
6.9144 	EXP 	text: height = 0.05
6.9144 	EXP 	text: height = 0.05
6.9144 	EXP 	text: text = 1
6.9188 	EXP 	text: height = 0.05
6.9188 	EXP 	text: height = 0.05
6.9188 	EXP 	text: height = 0.05
6.9188 	EXP 	text: text = 1
6.9199 	DATA 	Keypress: space
6.9263 	EXP 	text: height = 0.05
6.9263 	EXP 	text: height = 0.05
6.9263 	EXP 	text: height = 0.05
6.9263 	EXP 	text: text = 1
6.9320 	EXP 	text: height = 0.05
6.9320 	EXP 	text: height = 0.05
6.9320 	EXP 	text: height = 0.05
6.9320 	EXP 	text: text = 1
6.9362 	EXP 	text: height = 0.05
6.9362 	EXP 	text: height = 0.05
6.9362 	EXP 	text: height = 0.05
6.9362 	EXP 	text: text = 1
6.9408 	EXP 	text: height = 0.05
6.9408 	EXP 	text: height = 0.05
6.9408 	EXP 	text: height = 0.05
6.9408 	EXP 	text: text = 1
6.9450 	EXP 	text: height = 0.05
6.9450 	EXP 	text: height = 0.05
6.9450 	EXP 	text: height = 0.05
6.9450 	EXP 	text: text = 1
6.9504 	EXP 	text: height = 0.05
6.9504 	EXP 	text: height = 0.05
6.9504 	EXP 	text: height = 0.05
6.9504 	EXP 	text: text = 1
6.9548 	EXP 	text: height = 0.05
6.9548 	EXP 	text: height = 0.05
6.9548 	EXP 	text: height = 0.05
6.9548 	EXP 	text: text = 1
6.9594 	EXP 	text: height = 0.05
6.9594 	EXP 	text: height = 0.05
6.9594 	EXP 	text: height = 0.05
6.9594 	EXP 	text: text = 1
6.9636 	EXP 	text: height = 0.05
6.9636 	EXP 	text: height = 0.05
6.9636 	EXP 	text: height = 0.05
6.9636 	EXP 	text: text = 1
6.9678 	EXP 	text: height = 0.05
6.9678 	EXP 	text: height = 0.05
6.9678 	EXP 	text: height = 0.05
6.9678 	EXP 	text: text = 1
6.9720 	EXP 	text: height = 0.05
6.9720 	EXP 	text: height = 0.05
6.9720 	EXP 	text: height = 0.05
6.9720 	EXP 	text: text = 1
6.9763 	EXP 	text: height = 0.05
6.9763 	EXP 	text: height = 0.05
6.9763 	EXP 	text: height = 0.05
6.9763 	EXP 	text: text = 1
6.9805 	EXP 	text: height = 0.05
6.9805 	EXP 	text: height = 0.05
6.9805 	EXP 	text: height = 0.05
6.9805 	EXP 	text: text = 1
6.9847 	EXP 	text: height = 0.05
6.9847 	EXP 	text: height = 0.05
6.9847 	EXP 	text: height = 0.05
6.9847 	EXP 	text: text = 1
6.9888 	EXP 	text: height = 0.05
6.9888 	EXP 	text: height = 0.05
6.9888 	EXP 	text: height = 0.05
6.9888 	EXP 	text: text = 1
6.9930 	EXP 	text: height = 0.05
6.9930 	EXP 	text: height = 0.05
6.9930 	EXP 	text: height = 0.05
6.9930 	EXP 	text: text = 1
6.9986 	EXP 	text: height = 0.05
6.9986 	EXP 	text: height = 0.05
6.9986 	EXP 	text: height = 0.05
6.9986 	EXP 	text: text = 1
7.0033 	EXP 	text: height = 0.05
7.0033 	EXP 	text: height = 0.05
7.0033 	EXP 	text: height = 0.05
7.0033 	EXP 	text: text = 1
7.0075 	EXP 	text: height = 0.05
7.0075 	EXP 	text: height = 0.05
7.0075 	EXP 	text: height = 0.05
7.0075 	EXP 	text: text = 1
7.0121 	EXP 	text: height = 0.05
7.0121 	EXP 	text: height = 0.05
7.0121 	EXP 	text: height = 0.05
7.0121 	EXP 	text: text = 1
7.0165 	EXP 	text: height = 0.05
7.0165 	EXP 	text: height = 0.05
7.0165 	EXP 	text: height = 0.05
7.0165 	EXP 	text: text = 1
7.0208 	EXP 	text: height = 0.05
7.0208 	EXP 	text: height = 0.05
7.0208 	EXP 	text: height = 0.05
7.0208 	EXP 	text: text = 1
7.0250 	EXP 	text: height = 0.05
7.0250 	EXP 	text: height = 0.05
7.0250 	EXP 	text: height = 0.05
7.0250 	EXP 	text: text = 1
7.0295 	DATA 	Keypress: s
7.0329 	EXP 	text: height = 0.05
7.0329 	EXP 	text: height = 0.05
7.0329 	EXP 	text: height = 0.05
7.0329 	EXP 	text: text = 1
7.0349 	DATA 	Keypress: d
7.0423 	EXP 	text: height = 0.05
7.0423 	EXP 	text: height = 0.05
7.0423 	EXP 	text: height = 0.05
7.0423 	EXP 	text: text = 2
7.0475 	EXP 	text: height = 0.05
7.0475 	EXP 	text: height = 0.05
7.0475 	EXP 	text: height = 0.05
7.0475 	EXP 	text: text = 2
7.0521 	EXP 	text: height = 0.05
7.0521 	EXP 	text: height = 0.05
7.0521 	EXP 	text: height = 0.05
7.0521 	EXP 	text: text = 2
7.0566 	EXP 	text: height = 0.05
7.0566 	EXP 	text: height = 0.05
7.0566 	EXP 	text: height = 0.05
7.0566 	EXP 	text: text = 2
7.0610 	EXP 	text: height = 0.05
7.0610 	EXP 	text: height = 0.05
7.0610 	EXP 	text: height = 0.05
7.0610 	EXP 	text: text = 2
7.0656 	EXP 	text: height = 0.05
7.0656 	EXP 	text: height = 0.05
7.0656 	EXP 	text: height = 0.05
7.0656 	EXP 	text: text = 2
7.0699 	EXP 	text: height = 0.05
7.0699 	EXP 	text: height = 0.05
7.0699 	EXP 	text: height = 0.05
7.0699 	EXP 	text: text = 2
7.0740 	EXP 	text: height = 0.05
7.0740 	EXP 	text: height = 0.05
7.0740 	EXP 	text: height = 0.05
7.0740 	EXP 	text: text = 2
7.0784 	EXP 	text: height = 0.05
7.0784 	EXP 	text: height = 0.05
7.0784 	EXP 	text: height = 0.05
7.0784 	EXP 	text: text = 2
7.0828 	EXP 	text: height = 0.05
7.0828 	EXP 	text: height = 0.05
7.0828 	EXP 	text: height = 0.05
7.0828 	EXP 	text: text = 2
7.0870 	EXP 	text: height = 0.05
7.0870 	EXP 	text: height = 0.05
7.0870 	EXP 	text: height = 0.05
7.0870 	EXP 	text: text = 2
7.0911 	EXP 	text: height = 0.05
7.0911 	EXP 	text: height = 0.05
7.0911 	EXP 	text: height = 0.05
7.0911 	EXP 	text: text = 2
7.0956 	EXP 	text: height = 0.05
7.0956 	EXP 	text: height = 0.05
7.0956 	EXP 	text: height = 0.05
7.0956 	EXP 	text: text = 2
7.1004 	EXP 	text: height = 0.05
7.1004 	EXP 	text: height = 0.05
7.1004 	EXP 	text: height = 0.05
7.1004 	EXP 	text: text = 2
7.1047 	EXP 	text: height = 0.05
7.1047 	EXP 	text: height = 0.05
7.1047 	EXP 	text: height = 0.05
7.1047 	EXP 	text: text = 2
7.1092 	EXP 	text: height = 0.05
7.1092 	EXP 	text: height = 0.05
7.1092 	EXP 	text: height = 0.05
7.1092 	EXP 	text: text = 2
7.1137 	EXP 	text: height = 0.05
7.1137 	EXP 	text: height = 0.05
7.1137 	EXP 	text: height = 0.05
7.1137 	EXP 	text: text = 2
7.1179 	EXP 	text: height = 0.05
7.1179 	EXP 	text: height = 0.05
7.1179 	EXP 	text: height = 0.05
7.1179 	EXP 	text: text = 2
7.1222 	EXP 	text: height = 0.05
7.1222 	EXP 	text: height = 0.05
7.1222 	EXP 	text: height = 0.05
7.1222 	EXP 	text: text = 2
7.1264 	EXP 	text: height = 0.05
7.1264 	EXP 	text: height = 0.05
7.1264 	EXP 	text: height = 0.05
7.1264 	EXP 	text: text = 2
7.1307 	EXP 	text: height = 0.05
7.1307 	EXP 	text: height = 0.05
7.1307 	EXP 	text: height = 0.05
7.1307 	EXP 	text: text = 2
7.1350 	EXP 	text: height = 0.05
7.1350 	EXP 	text: height = 0.05
7.1350 	EXP 	text: height = 0.05
7.1350 	EXP 	text: text = 2
7.1412 	EXP 	text: height = 0.05
7.1412 	EXP 	text: height = 0.05
7.1412 	EXP 	text: height = 0.05
7.1412 	EXP 	text: text = 2
7.1462 	EXP 	text: height = 0.05
7.1462 	EXP 	text: height = 0.05
7.1462 	EXP 	text: height = 0.05
7.1462 	EXP 	text: text = 2
7.1504 	EXP 	text: height = 0.05
7.1504 	EXP 	text: height = 0.05
7.1504 	EXP 	text: height = 0.05
7.1504 	EXP 	text: text = 2
7.1545 	EXP 	text: height = 0.05
7.1545 	EXP 	text: height = 0.05
7.1545 	EXP 	text: height = 0.05
7.1545 	EXP 	text: text = 2
7.1595 	EXP 	text: height = 0.05
7.1595 	EXP 	text: height = 0.05
7.1595 	EXP 	text: height = 0.05
7.1595 	EXP 	text: text = 2
7.1636 	EXP 	text: height = 0.05
7.1636 	EXP 	text: height = 0.05
7.1636 	EXP 	text: height = 0.05
7.1636 	EXP 	text: text = 2
7.1679 	EXP 	text: height = 0.05
7.1679 	EXP 	text: height = 0.05
7.1679 	EXP 	text: height = 0.05
7.1679 	EXP 	text: text = 2
7.1720 	EXP 	text: height = 0.05
7.1720 	EXP 	text: height = 0.05
7.1720 	EXP 	text: height = 0.05
7.1720 	EXP 	text: text = 2
7.1763 	EXP 	text: height = 0.05
7.1763 	EXP 	text: height = 0.05
7.1763 	EXP 	text: height = 0.05
7.1763 	EXP 	text: text = 2
7.1804 	EXP 	text: height = 0.05
7.1804 	EXP 	text: height = 0.05
7.1804 	EXP 	text: height = 0.05
7.1804 	EXP 	text: text = 2
7.1846 	EXP 	text: height = 0.05
7.1846 	EXP 	text: height = 0.05
7.1846 	EXP 	text: height = 0.05
7.1846 	EXP 	text: text = 2
7.1888 	EXP 	text: height = 0.05
7.1888 	EXP 	text: height = 0.05
7.1888 	EXP 	text: height = 0.05
7.1888 	EXP 	text: text = 2
7.1930 	EXP 	text: height = 0.05
7.1930 	EXP 	text: height = 0.05
7.1930 	EXP 	text: height = 0.05
7.1930 	EXP 	text: text = 2
7.1972 	EXP 	text: height = 0.05
7.1972 	EXP 	text: height = 0.05
7.1972 	EXP 	text: height = 0.05
7.1972 	EXP 	text: text = 2
7.2014 	EXP 	text: height = 0.05
7.2014 	EXP 	text: height = 0.05
7.2014 	EXP 	text: height = 0.05
7.2014 	EXP 	text: text = 2
7.2056 	EXP 	text: height = 0.05
7.2056 	EXP 	text: height = 0.05
7.2056 	EXP 	text: height = 0.05
7.2056 	EXP 	text: text = 2
7.2097 	EXP 	text: height = 0.05
7.2097 	EXP 	text: height = 0.05
7.2097 	EXP 	text: height = 0.05
7.2097 	EXP 	text: text = 2
7.2138 	EXP 	text: height = 0.05
7.2138 	EXP 	text: height = 0.05
7.2138 	EXP 	text: height = 0.05
7.2138 	EXP 	text: text = 2
7.2181 	EXP 	text: height = 0.05
7.2181 	EXP 	text: height = 0.05
7.2181 	EXP 	text: height = 0.05
7.2181 	EXP 	text: text = 2
7.2223 	EXP 	text: height = 0.05
7.2223 	EXP 	text: height = 0.05
7.2223 	EXP 	text: height = 0.05
7.2223 	EXP 	text: text = 2
7.2259 	DATA 	Keypress: space
7.2267 	EXP 	text: height = 0.05
7.2267 	EXP 	text: height = 0.05
7.2267 	EXP 	text: height = 0.05
7.2267 	EXP 	text: text = 2
7.2312 	EXP 	text: height = 0.05
7.2312 	EXP 	text: height = 0.05
7.2312 	EXP 	text: height = 0.05
7.2312 	EXP 	text: text = 2
7.2358 	EXP 	text: height = 0.05
7.2358 	EXP 	text: height = 0.05
7.2358 	EXP 	text: height = 0.05
7.2358 	EXP 	text: text = 2
7.2401 	EXP 	text: height = 0.05
7.2401 	EXP 	text: height = 0.05
7.2401 	EXP 	text: height = 0.05
7.2401 	EXP 	text: text = 2
7.2445 	EXP 	text: height = 0.05
7.2445 	EXP 	text: height = 0.05
7.2445 	EXP 	text: height = 0.05
7.2445 	EXP 	text: text = 2
7.2488 	EXP 	text: height = 0.05
7.2488 	EXP 	text: height = 0.05
7.2488 	EXP 	text: height = 0.05
7.2488 	EXP 	text: text = 2
7.2530 	EXP 	text: height = 0.05
7.2530 	EXP 	text: height = 0.05
7.2530 	EXP 	text: height = 0.05
7.2530 	EXP 	text: text = 2
7.2572 	EXP 	text: height = 0.05
7.2572 	EXP 	text: height = 0.05
7.2572 	EXP 	text: height = 0.05
7.2572 	EXP 	text: text = 2
7.2613 	EXP 	text: height = 0.05
7.2613 	EXP 	text: height = 0.05
7.2613 	EXP 	text: height = 0.05
7.2613 	EXP 	text: text = 2
7.2656 	EXP 	text: height = 0.05
7.2656 	EXP 	text: height = 0.05
7.2656 	EXP 	text: height = 0.05
7.2656 	EXP 	text: text = 2
7.2698 	EXP 	text: height = 0.05
7.2698 	EXP 	text: height = 0.05
7.2698 	EXP 	text: height = 0.05
7.2698 	EXP 	text: text = 2
7.2735 	DATA 	Keypress: a
7.2743 	EXP 	text: height = 0.05
7.2743 	EXP 	text: height = 0.05
7.2743 	EXP 	text: height = 0.05
7.2743 	EXP 	text: text = 2
7.2797 	EXP 	text: height = 0.05
7.2797 	EXP 	text: height = 0.05
7.2797 	EXP 	text: height = 0.05
7.2797 	EXP 	text: text = 3
7.2854 	EXP 	text: height = 0.05
7.2854 	EXP 	text: height = 0.05
7.2854 	EXP 	text: height = 0.05
7.2854 	EXP 	text: text = 3
7.2896 	EXP 	text: height = 0.05
7.2896 	EXP 	text: height = 0.05
7.2896 	EXP 	text: height = 0.05
7.2896 	EXP 	text: text = 3
7.2937 	EXP 	text: height = 0.05
7.2937 	EXP 	text: height = 0.05
7.2937 	EXP 	text: height = 0.05
7.2937 	EXP 	text: text = 3
7.2983 	EXP 	text: height = 0.05
7.2983 	EXP 	text: height = 0.05
7.2983 	EXP 	text: height = 0.05
7.2983 	EXP 	text: text = 3
7.3025 	EXP 	text: height = 0.05
7.3025 	EXP 	text: height = 0.05
7.3025 	EXP 	text: height = 0.05
7.3025 	EXP 	text: text = 3
7.3066 	EXP 	text: height = 0.05
7.3066 	EXP 	text: height = 0.05
7.3066 	EXP 	text: height = 0.05
7.3066 	EXP 	text: text = 3
7.3108 	EXP 	text: height = 0.05
7.3108 	EXP 	text: height = 0.05
7.3108 	EXP 	text: height = 0.05
7.3108 	EXP 	text: text = 3
7.3152 	EXP 	text: height = 0.05
7.3152 	EXP 	text: height = 0.05
7.3152 	EXP 	text: height = 0.05
7.3152 	EXP 	text: text = 3
7.3199 	EXP 	text: height = 0.05
7.3199 	EXP 	text: height = 0.05
7.3199 	EXP 	text: height = 0.05
7.3199 	EXP 	text: text = 3
7.3241 	EXP 	text: height = 0.05
7.3241 	EXP 	text: height = 0.05
7.3241 	EXP 	text: height = 0.05
7.3241 	EXP 	text: text = 3
7.3308 	EXP 	text: height = 0.05
7.3308 	EXP 	text: height = 0.05
7.3308 	EXP 	text: height = 0.05
7.3308 	EXP 	text: text = 3
7.3358 	EXP 	text: height = 0.05
7.3358 	EXP 	text: height = 0.05
7.3358 	EXP 	text: height = 0.05
7.3358 	EXP 	text: text = 3
7.3401 	EXP 	text: height = 0.05
7.3401 	EXP 	text: height = 0.05
7.3401 	EXP 	text: height = 0.05
7.3401 	EXP 	text: text = 3
7.3443 	EXP 	text: height = 0.05
7.3443 	EXP 	text: height = 0.05
7.3443 	EXP 	text: height = 0.05
7.3443 	EXP 	text: text = 3
7.3485 	EXP 	text: height = 0.05
7.3485 	EXP 	text: height = 0.05
7.3485 	EXP 	text: height = 0.05
7.3485 	EXP 	text: text = 3
7.3526 	EXP 	text: height = 0.05
7.3526 	EXP 	text: height = 0.05
7.3526 	EXP 	text: height = 0.05
7.3526 	EXP 	text: text = 3
7.3567 	DATA 	Keypress: s
7.3576 	EXP 	text: height = 0.05
7.3576 	EXP 	text: height = 0.05
7.3576 	EXP 	text: height = 0.05
7.3576 	EXP 	text: text = 3
7.3621 	EXP 	text: height = 0.05
7.3621 	EXP 	text: height = 0.05
7.3621 	EXP 	text: height = 0.05
7.3621 	EXP 	text: text = 3
7.3663 	EXP 	text: height = 0.05
7.3663 	EXP 	text: height = 0.05
7.3663 	EXP 	text: height = 0.05
7.3663 	EXP 	text: text = 3
7.3707 	EXP 	text: height = 0.05
7.3707 	EXP 	text: height = 0.05
7.3707 	EXP 	text: height = 0.05
7.3707 	EXP 	text: text = 3
7.3752 	EXP 	text: height = 0.05
7.3752 	EXP 	text: height = 0.05
7.3752 	EXP 	text: height = 0.05
7.3752 	EXP 	text: text = 3
7.3800 	EXP 	text: height = 0.05
7.3800 	EXP 	text: height = 0.05
7.3800 	EXP 	text: height = 0.05
7.3800 	EXP 	text: text = 3
7.3844 	EXP 	text: height = 0.05
7.3844 	EXP 	text: height = 0.05
7.3844 	EXP 	text: height = 0.05
7.3844 	EXP 	text: text = 3
7.3886 	EXP 	text: height = 0.05
7.3886 	EXP 	text: height = 0.05
7.3886 	EXP 	text: height = 0.05
7.3886 	EXP 	text: text = 3
7.3930 	EXP 	text: height = 0.05
7.3930 	EXP 	text: height = 0.05
7.3930 	EXP 	text: height = 0.05
7.3930 	EXP 	text: text = 3
7.3975 	EXP 	text: height = 0.05
7.3975 	EXP 	text: height = 0.05
7.3975 	EXP 	text: height = 0.05
7.3975 	EXP 	text: text = 3
7.4016 	EXP 	text: height = 0.05
7.4016 	EXP 	text: height = 0.05
7.4016 	EXP 	text: height = 0.05
7.4016 	EXP 	text: text = 3
7.4059 	EXP 	text: height = 0.05
7.4059 	EXP 	text: height = 0.05
7.4059 	EXP 	text: height = 0.05
7.4059 	EXP 	text: text = 3
7.4102 	EXP 	text: height = 0.05
7.4102 	EXP 	text: height = 0.05
7.4102 	EXP 	text: height = 0.05
7.4102 	EXP 	text: text = 3
7.4145 	EXP 	text: height = 0.05
7.4145 	EXP 	text: height = 0.05
7.4145 	EXP 	text: height = 0.05
7.4145 	EXP 	text: text = 3
7.4191 	EXP 	text: height = 0.05
7.4191 	EXP 	text: height = 0.05
7.4191 	EXP 	text: height = 0.05
7.4191 	EXP 	text: text = 3
7.4235 	DATA 	Keypress: d
7.4255 	EXP 	text: height = 0.05
7.4255 	EXP 	text: height = 0.05
7.4255 	EXP 	text: height = 0.05
7.4255 	EXP 	text: text = 3
7.4315 	EXP 	text: height = 0.05
7.4315 	EXP 	text: height = 0.05
7.4315 	EXP 	text: height = 0.05
7.4315 	EXP 	text: text = 3
7.4359 	EXP 	text: height = 0.05
7.4359 	EXP 	text: height = 0.05
7.4359 	EXP 	text: height = 0.05
7.4359 	EXP 	text: text = 3
7.4403 	EXP 	text: height = 0.05
7.4403 	EXP 	text: height = 0.05
7.4403 	EXP 	text: height = 0.05
7.4403 	EXP 	text: text = 3
7.4448 	EXP 	text: height = 0.05
7.4448 	EXP 	text: height = 0.05
7.4448 	EXP 	text: height = 0.05
7.4448 	EXP 	text: text = 3
7.4493 	EXP 	text: height = 0.05
7.4493 	EXP 	text: height = 0.05
7.4493 	EXP 	text: height = 0.05
7.4493 	EXP 	text: text = 3
7.4537 	EXP 	text: height = 0.05
7.4537 	EXP 	text: height = 0.05
7.4537 	EXP 	text: height = 0.05
7.4537 	EXP 	text: text = 3
7.4580 	EXP 	text: height = 0.05
7.4580 	EXP 	text: height = 0.05
7.4580 	EXP 	text: height = 0.05
7.4580 	EXP 	text: text = 3
7.4624 	EXP 	text: height = 0.05
7.4624 	EXP 	text: height = 0.05
7.4624 	EXP 	text: height = 0.05
7.4624 	EXP 	text: text = 3
7.4672 	EXP 	text: height = 0.05
7.4672 	EXP 	text: height = 0.05
7.4672 	EXP 	text: height = 0.05
7.4672 	EXP 	text: text = 3
7.4724 	EXP 	text: height = 0.05
7.4724 	EXP 	text: height = 0.05
7.4724 	EXP 	text: height = 0.05
7.4724 	EXP 	text: text = 3
7.4772 	EXP 	text: height = 0.05
7.4772 	EXP 	text: height = 0.05
7.4772 	EXP 	text: height = 0.05
7.4772 	EXP 	text: text = 3
7.4816 	EXP 	text: height = 0.05
7.4816 	EXP 	text: height = 0.05
7.4816 	EXP 	text: height = 0.05
7.4816 	EXP 	text: text = 3
7.4860 	EXP 	text: height = 0.05
7.4860 	EXP 	text: height = 0.05
7.4860 	EXP 	text: height = 0.05
7.4860 	EXP 	text: text = 3
7.4903 	EXP 	text: height = 0.05
7.4903 	EXP 	text: height = 0.05
7.4903 	EXP 	text: height = 0.05
7.4903 	EXP 	text: text = 3
7.4948 	EXP 	text: height = 0.05
7.4948 	EXP 	text: height = 0.05
7.4948 	EXP 	text: height = 0.05
7.4948 	EXP 	text: text = 3
7.4991 	EXP 	text: height = 0.05
7.4991 	EXP 	text: height = 0.05
7.4991 	EXP 	text: height = 0.05
7.4991 	EXP 	text: text = 3
7.5034 	EXP 	text: height = 0.05
7.5034 	EXP 	text: height = 0.05
7.5034 	EXP 	text: height = 0.05
7.5034 	EXP 	text: text = 3
7.5083 	EXP 	text: height = 0.05
7.5083 	EXP 	text: height = 0.05
7.5083 	EXP 	text: height = 0.05
7.5083 	EXP 	text: text = 3
7.5131 	EXP 	text: height = 0.05
7.5131 	EXP 	text: height = 0.05
7.5131 	EXP 	text: height = 0.05
7.5131 	EXP 	text: text = 3
7.5191 	EXP 	text: height = 0.05
7.5191 	EXP 	text: height = 0.05
7.5191 	EXP 	text: height = 0.05
7.5191 	EXP 	text: text = 3
7.5245 	EXP 	text: height = 0.05
7.5245 	EXP 	text: height = 0.05
7.5245 	EXP 	text: height = 0.05
7.5245 	EXP 	text: text = 3
7.5290 	EXP 	text: height = 0.05
7.5290 	EXP 	text: height = 0.05
7.5290 	EXP 	text: height = 0.05
7.5290 	EXP 	text: text = 3
7.5336 	EXP 	text: height = 0.05
7.5336 	EXP 	text: height = 0.05
7.5336 	EXP 	text: height = 0.05
7.5336 	EXP 	text: text = 3
7.5387 	EXP 	text: height = 0.05
7.5387 	EXP 	text: height = 0.05
7.5387 	EXP 	text: height = 0.05
7.5387 	EXP 	text: text = 3
7.5433 	EXP 	text: height = 0.05
7.5433 	EXP 	text: height = 0.05
7.5433 	EXP 	text: height = 0.05
7.5433 	EXP 	text: text = 3
7.5483 	EXP 	text: height = 0.05
7.5483 	EXP 	text: height = 0.05
7.5483 	EXP 	text: height = 0.05
7.5483 	EXP 	text: text = 3
7.5536 	EXP 	text: height = 0.05
7.5536 	EXP 	text: height = 0.05
7.5536 	EXP 	text: height = 0.05
7.5536 	EXP 	text: text = 3
7.5583 	EXP 	text: height = 0.05
7.5583 	EXP 	text: height = 0.05
7.5583 	EXP 	text: height = 0.05
7.5583 	EXP 	text: text = 3
7.5630 	EXP 	text: height = 0.05
7.5630 	EXP 	text: height = 0.05
7.5630 	EXP 	text: height = 0.05
7.5630 	EXP 	text: text = 3
7.5681 	EXP 	text: height = 0.05
7.5681 	EXP 	text: height = 0.05
7.5681 	EXP 	text: height = 0.05
7.5681 	EXP 	text: text = 3
7.5728 	EXP 	text: height = 0.05
7.5728 	EXP 	text: height = 0.05
7.5728 	EXP 	text: height = 0.05
7.5728 	EXP 	text: text = 3
7.5775 	EXP 	text: height = 0.05
7.5775 	EXP 	text: height = 0.05
7.5775 	EXP 	text: height = 0.05
7.5775 	EXP 	text: text = 3
7.5830 	EXP 	text: height = 0.05
7.5830 	EXP 	text: height = 0.05
7.5830 	EXP 	text: height = 0.05
7.5830 	EXP 	text: text = 3
7.5882 	EXP 	text: height = 0.05
7.5882 	EXP 	text: height = 0.05
7.5882 	EXP 	text: height = 0.05
7.5882 	EXP 	text: text = 3
7.5927 	EXP 	text: height = 0.05
7.5927 	EXP 	text: height = 0.05
7.5927 	EXP 	text: height = 0.05
7.5927 	EXP 	text: text = 3
7.5974 	EXP 	text: height = 0.05
7.5974 	EXP 	text: height = 0.05
7.5974 	EXP 	text: height = 0.05
7.5974 	EXP 	text: text = 3
7.6020 	EXP 	text: height = 0.05
7.6020 	EXP 	text: height = 0.05
7.6020 	EXP 	text: height = 0.05
7.6020 	EXP 	text: text = 3
7.6063 	EXP 	text: height = 0.05
7.6063 	EXP 	text: height = 0.05
7.6063 	EXP 	text: height = 0.05
7.6063 	EXP 	text: text = 3
7.6107 	EXP 	text: height = 0.05
7.6107 	EXP 	text: height = 0.05
7.6107 	EXP 	text: height = 0.05
7.6107 	EXP 	text: text = 3
7.6150 	EXP 	text: height = 0.05
7.6150 	EXP 	text: height = 0.05
7.6150 	EXP 	text: height = 0.05
7.6150 	EXP 	text: text = 3
7.6191 	EXP 	text: height = 0.05
7.6191 	EXP 	text: height = 0.05
7.6191 	EXP 	text: height = 0.05
7.6191 	EXP 	text: text = 3
7.6235 	EXP 	text: height = 0.05
7.6235 	EXP 	text: height = 0.05
7.6235 	EXP 	text: height = 0.05
7.6235 	EXP 	text: text = 3
7.6300 	EXP 	text: height = 0.05
7.6300 	EXP 	text: height = 0.05
7.6300 	EXP 	text: height = 0.05
7.6300 	EXP 	text: text = 3
7.6344 	EXP 	text: height = 0.05
7.6344 	EXP 	text: height = 0.05
7.6344 	EXP 	text: height = 0.05
7.6344 	EXP 	text: text = 3
7.6386 	EXP 	text: height = 0.05
7.6386 	EXP 	text: height = 0.05
7.6386 	EXP 	text: height = 0.05
7.6386 	EXP 	text: text = 3
7.6427 	EXP 	text: height = 0.05
7.6427 	EXP 	text: height = 0.05
7.6427 	EXP 	text: height = 0.05
7.6427 	EXP 	text: text = 3
7.6469 	EXP 	text: height = 0.05
7.6469 	EXP 	text: height = 0.05
7.6469 	EXP 	text: height = 0.05
7.6469 	EXP 	text: text = 3
7.6511 	EXP 	text: height = 0.05
7.6511 	EXP 	text: height = 0.05
7.6511 	EXP 	text: height = 0.05
7.6511 	EXP 	text: text = 3
7.6553 	EXP 	text: height = 0.05
7.6553 	EXP 	text: height = 0.05
7.6553 	EXP 	text: height = 0.05
7.6553 	EXP 	text: text = 3
7.6606 	EXP 	text: height = 0.05
7.6606 	EXP 	text: height = 0.05
7.6606 	EXP 	text: height = 0.05
7.6606 	EXP 	text: text = 3
7.6651 	EXP 	text: height = 0.05
7.6651 	EXP 	text: height = 0.05
7.6651 	EXP 	text: height = 0.05
7.6651 	EXP 	text: text = 3
7.6663 	DATA 	Mouse: Left button down, pos=(982,424)
7.6702 	EXP 	text: height = 0.05
7.6702 	EXP 	text: height = 0.05
7.6702 	EXP 	text: height = 0.05
7.6702 	EXP 	text: text = 3
7.6702 	EXP 	warning: autoDraw = True
7.6747 	EXP 	text: height = 0.05
7.6747 	EXP 	text: height = 0.05
7.6747 	EXP 	text: height = 0.05
7.6747 	EXP 	text: text = 3
7.6793 	EXP 	text: height = 0.05
7.6793 	EXP 	text: height = 0.05
7.6793 	EXP 	text: height = 0.05
7.6793 	EXP 	text: text = 3
7.6836 	EXP 	text: height = 0.05
7.6836 	EXP 	text: height = 0.05
7.6836 	EXP 	text: height = 0.05
7.6836 	EXP 	text: text = 3
7.6880 	EXP 	text: height = 0.05
7.6880 	EXP 	text: height = 0.05
7.6880 	EXP 	text: height = 0.05
7.6880 	EXP 	text: text = 3
7.6928 	EXP 	text: height = 0.05
7.6928 	EXP 	text: height = 0.05
7.6928 	EXP 	text: height = 0.05
7.6928 	EXP 	text: text = 3
7.6981 	EXP 	text: height = 0.05
7.6981 	EXP 	text: height = 0.05
7.6981 	EXP 	text: height = 0.05
7.6981 	EXP 	text: text = 3
7.7030 	EXP 	text: height = 0.05
7.7030 	EXP 	text: height = 0.05
7.7030 	EXP 	text: height = 0.05
7.7030 	EXP 	text: text = 3
7.7073 	EXP 	text: height = 0.05
7.7073 	EXP 	text: height = 0.05
7.7073 	EXP 	text: height = 0.05
7.7073 	EXP 	text: text = 3
7.7118 	EXP 	text: height = 0.05
7.7118 	EXP 	text: height = 0.05
7.7118 	EXP 	text: height = 0.05
7.7118 	EXP 	text: text = 3
7.7162 	EXP 	text: height = 0.05
7.7162 	EXP 	text: height = 0.05
7.7162 	EXP 	text: height = 0.05
7.7162 	EXP 	text: text = 3
7.7205 	EXP 	text: height = 0.05
7.7205 	EXP 	text: height = 0.05
7.7205 	EXP 	text: height = 0.05
7.7205 	EXP 	text: text = 3
7.7249 	EXP 	text: height = 0.05
7.7249 	EXP 	text: height = 0.05
7.7249 	EXP 	text: height = 0.05
7.7249 	EXP 	text: text = 3
7.7293 	EXP 	text: height = 0.05
7.7293 	EXP 	text: height = 0.05
7.7293 	EXP 	text: height = 0.05
7.7293 	EXP 	text: text = 3
7.7337 	EXP 	text: height = 0.05
7.7337 	EXP 	text: height = 0.05
7.7337 	EXP 	text: height = 0.05
7.7337 	EXP 	text: text = 3
7.7391 	EXP 	text: height = 0.05
7.7391 	EXP 	text: height = 0.05
7.7391 	EXP 	text: height = 0.05
7.7391 	EXP 	text: text = 3
7.7440 	EXP 	text: height = 0.05
7.7440 	EXP 	text: height = 0.05
7.7440 	EXP 	text: height = 0.05
7.7440 	EXP 	text: text = 3
7.7484 	EXP 	text: height = 0.05
7.7484 	EXP 	text: height = 0.05
7.7484 	EXP 	text: height = 0.05
7.7484 	EXP 	text: text = 3
7.7524 	DATA 	Mouse:  Left button up, pos=(982,424)
7.7530 	EXP 	text: height = 0.05
7.7530 	EXP 	text: height = 0.05
7.7530 	EXP 	text: height = 0.05
7.7530 	EXP 	text: text = 3
7.7574 	EXP 	text: height = 0.05
7.7574 	EXP 	text: height = 0.05
7.7574 	EXP 	text: height = 0.05
7.7574 	EXP 	text: text = 3
7.7615 	EXP 	text: height = 0.05
7.7615 	EXP 	text: height = 0.05
7.7615 	EXP 	text: height = 0.05
7.7615 	EXP 	text: text = 3
7.7657 	EXP 	text: height = 0.05
7.7657 	EXP 	text: height = 0.05
7.7657 	EXP 	text: height = 0.05
7.7657 	EXP 	text: text = 3
7.7706 	EXP 	text: height = 0.05
7.7706 	EXP 	text: height = 0.05
7.7706 	EXP 	text: height = 0.05
7.7706 	EXP 	text: text = 3
7.7753 	EXP 	text: height = 0.05
7.7753 	EXP 	text: height = 0.05
7.7753 	EXP 	text: height = 0.05
7.7753 	EXP 	text: text = 3
7.7795 	EXP 	text: height = 0.05
7.7795 	EXP 	text: height = 0.05
7.7795 	EXP 	text: height = 0.05
7.7795 	EXP 	text: text = 3
7.7838 	EXP 	text: height = 0.05
7.7838 	EXP 	text: height = 0.05
7.7838 	EXP 	text: height = 0.05
7.7838 	EXP 	text: text = 3
7.7882 	EXP 	text: height = 0.05
7.7882 	EXP 	text: height = 0.05
7.7882 	EXP 	text: height = 0.05
7.7882 	EXP 	text: text = 3
7.7924 	EXP 	text: height = 0.05
7.7924 	EXP 	text: height = 0.05
7.7924 	EXP 	text: height = 0.05
7.7924 	EXP 	text: text = 3
7.7966 	EXP 	text: height = 0.05
7.7966 	EXP 	text: height = 0.05
7.7966 	EXP 	text: height = 0.05
7.7966 	EXP 	text: text = 3
7.8015 	EXP 	text: height = 0.05
7.8015 	EXP 	text: height = 0.05
7.8015 	EXP 	text: height = 0.05
7.8015 	EXP 	text: text = 3
7.8057 	EXP 	text: height = 0.05
7.8057 	EXP 	text: height = 0.05
7.8057 	EXP 	text: height = 0.05
7.8057 	EXP 	text: text = 3
7.8099 	EXP 	text: height = 0.05
7.8099 	EXP 	text: height = 0.05
7.8099 	EXP 	text: height = 0.05
7.8099 	EXP 	text: text = 3
7.8141 	EXP 	text: height = 0.05
7.8141 	EXP 	text: height = 0.05
7.8141 	EXP 	text: height = 0.05
7.8141 	EXP 	text: text = 3
7.8187 	EXP 	text: height = 0.05
7.8187 	EXP 	text: height = 0.05
7.8187 	EXP 	text: height = 0.05
7.8187 	EXP 	text: text = 3
7.8235 	EXP 	text: height = 0.05
7.8235 	EXP 	text: height = 0.05
7.8235 	EXP 	text: height = 0.05
7.8235 	EXP 	text: text = 3
7.8278 	EXP 	text: height = 0.05
7.8278 	EXP 	text: height = 0.05
7.8278 	EXP 	text: height = 0.05
7.8278 	EXP 	text: text = 3
7.8334 	EXP 	text: height = 0.05
7.8334 	EXP 	text: height = 0.05
7.8334 	EXP 	text: height = 0.05
7.8334 	EXP 	text: text = 3
7.8381 	EXP 	text: height = 0.05
7.8381 	EXP 	text: height = 0.05
7.8381 	EXP 	text: height = 0.05
7.8381 	EXP 	text: text = 3
7.8422 	EXP 	text: height = 0.05
7.8422 	EXP 	text: height = 0.05
7.8422 	EXP 	text: height = 0.05
7.8422 	EXP 	text: text = 3
7.8465 	EXP 	text: height = 0.05
7.8465 	EXP 	text: height = 0.05
7.8465 	EXP 	text: height = 0.05
7.8465 	EXP 	text: text = 3
7.8507 	EXP 	text: height = 0.05
7.8507 	EXP 	text: height = 0.05
7.8507 	EXP 	text: height = 0.05
7.8507 	EXP 	text: text = 3
7.8548 	EXP 	text: height = 0.05
7.8548 	EXP 	text: height = 0.05
7.8548 	EXP 	text: height = 0.05
7.8548 	EXP 	text: text = 3
7.8590 	EXP 	text: height = 0.05
7.8590 	EXP 	text: height = 0.05
7.8590 	EXP 	text: height = 0.05
7.8590 	EXP 	text: text = 3
7.8653 	EXP 	text: height = 0.05
7.8653 	EXP 	text: height = 0.05
7.8653 	EXP 	text: height = 0.05
7.8653 	EXP 	text: text = 3
7.8703 	EXP 	text: height = 0.05
7.8703 	EXP 	text: height = 0.05
7.8703 	EXP 	text: height = 0.05
7.8703 	EXP 	text: text = 3
7.8748 	EXP 	text: height = 0.05
7.8748 	EXP 	text: height = 0.05
7.8748 	EXP 	text: height = 0.05
7.8748 	EXP 	text: text = 3
7.8791 	EXP 	text: height = 0.05
7.8791 	EXP 	text: height = 0.05
7.8791 	EXP 	text: height = 0.05
7.8791 	EXP 	text: text = 3
7.8833 	EXP 	text: height = 0.05
7.8833 	EXP 	text: height = 0.05
7.8833 	EXP 	text: height = 0.05
7.8833 	EXP 	text: text = 3
7.8875 	EXP 	text: height = 0.05
7.8875 	EXP 	text: height = 0.05
7.8875 	EXP 	text: height = 0.05
7.8875 	EXP 	text: text = 3
7.8916 	EXP 	text: height = 0.05
7.8916 	EXP 	text: height = 0.05
7.8916 	EXP 	text: height = 0.05
7.8916 	EXP 	text: text = 3
7.8963 	EXP 	text: height = 0.05
7.8963 	EXP 	text: height = 0.05
7.8963 	EXP 	text: height = 0.05
7.8963 	EXP 	text: text = 3
7.9010 	EXP 	text: height = 0.05
7.9010 	EXP 	text: height = 0.05
7.9010 	EXP 	text: height = 0.05
7.9010 	EXP 	text: text = 3
7.9052 	EXP 	text: height = 0.05
7.9052 	EXP 	text: height = 0.05
7.9052 	EXP 	text: height = 0.05
7.9052 	EXP 	text: text = 3
7.9095 	EXP 	text: height = 0.05
7.9095 	EXP 	text: height = 0.05
7.9095 	EXP 	text: height = 0.05
7.9095 	EXP 	text: text = 3
7.9143 	EXP 	text: height = 0.05
7.9143 	EXP 	text: height = 0.05
7.9143 	EXP 	text: height = 0.05
7.9143 	EXP 	text: text = 3
7.9188 	EXP 	text: height = 0.05
7.9188 	EXP 	text: height = 0.05
7.9188 	EXP 	text: height = 0.05
7.9188 	EXP 	text: text = 3
7.9231 	EXP 	text: height = 0.05
7.9231 	EXP 	text: height = 0.05
7.9231 	EXP 	text: height = 0.05
7.9231 	EXP 	text: text = 3
7.9272 	EXP 	text: height = 0.05
7.9272 	EXP 	text: height = 0.05
7.9272 	EXP 	text: height = 0.05
7.9272 	EXP 	text: text = 3
7.9314 	EXP 	text: height = 0.05
7.9314 	EXP 	text: height = 0.05
7.9314 	EXP 	text: height = 0.05
7.9314 	EXP 	text: text = 3
7.9356 	EXP 	text: height = 0.05
7.9356 	EXP 	text: height = 0.05
7.9356 	EXP 	text: height = 0.05
7.9356 	EXP 	text: text = 3
7.9399 	EXP 	text: height = 0.05
7.9399 	EXP 	text: height = 0.05
7.9399 	EXP 	text: height = 0.05
7.9399 	EXP 	text: text = 3
7.9441 	EXP 	text: height = 0.05
7.9441 	EXP 	text: height = 0.05
7.9441 	EXP 	text: height = 0.05
7.9441 	EXP 	text: text = 3
7.9483 	EXP 	text: height = 0.05
7.9483 	EXP 	text: height = 0.05
7.9483 	EXP 	text: height = 0.05
7.9483 	EXP 	text: text = 3
7.9525 	EXP 	text: height = 0.05
7.9525 	EXP 	text: height = 0.05
7.9525 	EXP 	text: height = 0.05
7.9525 	EXP 	text: text = 3
7.9579 	EXP 	text: height = 0.05
7.9579 	EXP 	text: height = 0.05
7.9579 	EXP 	text: height = 0.05
7.9579 	EXP 	text: text = 3
7.9624 	EXP 	text: height = 0.05
7.9624 	EXP 	text: height = 0.05
7.9624 	EXP 	text: height = 0.05
7.9624 	EXP 	text: text = 3
7.9667 	EXP 	text: height = 0.05
7.9667 	EXP 	text: height = 0.05
7.9667 	EXP 	text: height = 0.05
7.9667 	EXP 	text: text = 3
7.9709 	EXP 	text: height = 0.05
7.9709 	EXP 	text: height = 0.05
7.9709 	EXP 	text: height = 0.05
7.9709 	EXP 	text: text = 3
7.9757 	EXP 	text: height = 0.05
7.9757 	EXP 	text: height = 0.05
7.9757 	EXP 	text: height = 0.05
7.9757 	EXP 	text: text = 3
7.9800 	EXP 	text: height = 0.05
7.9800 	EXP 	text: height = 0.05
7.9800 	EXP 	text: height = 0.05
7.9800 	EXP 	text: text = 3
7.9845 	EXP 	text: height = 0.05
7.9845 	EXP 	text: height = 0.05
7.9845 	EXP 	text: height = 0.05
7.9845 	EXP 	text: text = 3
7.9886 	EXP 	text: height = 0.05
7.9886 	EXP 	text: height = 0.05
7.9886 	EXP 	text: height = 0.05
7.9886 	EXP 	text: text = 3
7.9930 	EXP 	text: height = 0.05
7.9930 	EXP 	text: height = 0.05
7.9930 	EXP 	text: height = 0.05
7.9930 	EXP 	text: text = 3
7.9971 	EXP 	text: height = 0.05
7.9971 	EXP 	text: height = 0.05
7.9971 	EXP 	text: height = 0.05
7.9971 	EXP 	text: text = 3
8.0014 	EXP 	text: height = 0.05
8.0014 	EXP 	text: height = 0.05
8.0014 	EXP 	text: height = 0.05
8.0014 	EXP 	text: text = 3
8.0071 	EXP 	text: height = 0.05
8.0071 	EXP 	text: height = 0.05
8.0071 	EXP 	text: height = 0.05
8.0071 	EXP 	text: text = 3
8.0124 	EXP 	text: height = 0.05
8.0124 	EXP 	text: height = 0.05
8.0124 	EXP 	text: height = 0.05
8.0124 	EXP 	text: text = 3
8.0167 	EXP 	text: height = 0.05
8.0167 	EXP 	text: height = 0.05
8.0167 	EXP 	text: height = 0.05
8.0167 	EXP 	text: text = 3
8.0211 	EXP 	text: height = 0.05
8.0211 	EXP 	text: height = 0.05
8.0211 	EXP 	text: height = 0.05
8.0211 	EXP 	text: text = 3
8.0254 	EXP 	text: height = 0.05
8.0254 	EXP 	text: height = 0.05
8.0254 	EXP 	text: height = 0.05
8.0254 	EXP 	text: text = 3
8.0297 	EXP 	text: height = 0.05
8.0297 	EXP 	text: height = 0.05
8.0297 	EXP 	text: height = 0.05
8.0297 	EXP 	text: text = 3
8.0341 	EXP 	text: height = 0.05
8.0341 	EXP 	text: height = 0.05
8.0341 	EXP 	text: height = 0.05
8.0341 	EXP 	text: text = 3
8.0386 	EXP 	text: height = 0.05
8.0386 	EXP 	text: height = 0.05
8.0386 	EXP 	text: height = 0.05
8.0386 	EXP 	text: text = 3
8.0430 	EXP 	text: height = 0.05
8.0430 	EXP 	text: height = 0.05
8.0430 	EXP 	text: height = 0.05
8.0430 	EXP 	text: text = 3
8.0472 	EXP 	text: height = 0.05
8.0472 	EXP 	text: height = 0.05
8.0472 	EXP 	text: height = 0.05
8.0472 	EXP 	text: text = 3
8.0515 	EXP 	text: height = 0.05
8.0515 	EXP 	text: height = 0.05
8.0515 	EXP 	text: height = 0.05
8.0515 	EXP 	text: text = 3
8.0568 	EXP 	text: height = 0.05
8.0568 	EXP 	text: height = 0.05
8.0568 	EXP 	text: height = 0.05
8.0568 	EXP 	text: text = 3
8.0619 	EXP 	text: height = 0.05
8.0619 	EXP 	text: height = 0.05
8.0619 	EXP 	text: height = 0.05
8.0619 	EXP 	text: text = 3
8.0662 	EXP 	text: height = 0.05
8.0662 	EXP 	text: height = 0.05
8.0662 	EXP 	text: height = 0.05
8.0662 	EXP 	text: text = 3
8.0710 	EXP 	text: height = 0.05
8.0710 	EXP 	text: height = 0.05
8.0710 	EXP 	text: height = 0.05
8.0710 	EXP 	text: text = 3
8.0756 	EXP 	text: height = 0.05
8.0756 	EXP 	text: height = 0.05
8.0756 	EXP 	text: height = 0.05
8.0756 	EXP 	text: text = 3
8.0801 	EXP 	text: height = 0.05
8.0801 	EXP 	text: height = 0.05
8.0801 	EXP 	text: height = 0.05
8.0801 	EXP 	text: text = 3
8.0850 	EXP 	text: height = 0.05
8.0850 	EXP 	text: height = 0.05
8.0850 	EXP 	text: height = 0.05
8.0850 	EXP 	text: text = 3
8.0899 	EXP 	text: height = 0.05
8.0899 	EXP 	text: height = 0.05
8.0899 	EXP 	text: height = 0.05
8.0899 	EXP 	text: text = 3
8.0944 	EXP 	text: height = 0.05
8.0944 	EXP 	text: height = 0.05
8.0944 	EXP 	text: height = 0.05
8.0944 	EXP 	text: text = 3
8.1006 	EXP 	text: height = 0.05
8.1006 	EXP 	text: height = 0.05
8.1006 	EXP 	text: height = 0.05
8.1006 	EXP 	text: text = 3
8.1057 	EXP 	text: height = 0.05
8.1057 	EXP 	text: height = 0.05
8.1057 	EXP 	text: height = 0.05
8.1057 	EXP 	text: text = 3
8.1109 	EXP 	text: height = 0.05
8.1109 	EXP 	text: height = 0.05
8.1109 	EXP 	text: height = 0.05
8.1109 	EXP 	text: text = 3
8.1154 	EXP 	text: height = 0.05
8.1154 	EXP 	text: height = 0.05
8.1154 	EXP 	text: height = 0.05
8.1154 	EXP 	text: text = 3
8.1198 	EXP 	text: height = 0.05
8.1198 	EXP 	text: height = 0.05
8.1198 	EXP 	text: height = 0.05
8.1198 	EXP 	text: text = 3
8.1243 	EXP 	text: height = 0.05
8.1243 	EXP 	text: height = 0.05
8.1243 	EXP 	text: height = 0.05
8.1243 	EXP 	text: text = 3
8.1289 	EXP 	text: height = 0.05
8.1289 	EXP 	text: height = 0.05
8.1289 	EXP 	text: height = 0.05
8.1289 	EXP 	text: text = 3
8.1334 	EXP 	text: height = 0.05
8.1334 	EXP 	text: height = 0.05
8.1334 	EXP 	text: height = 0.05
8.1334 	EXP 	text: text = 3
8.1379 	EXP 	text: height = 0.05
8.1379 	EXP 	text: height = 0.05
8.1379 	EXP 	text: height = 0.05
8.1379 	EXP 	text: text = 3
8.1424 	EXP 	text: height = 0.05
8.1424 	EXP 	text: height = 0.05
8.1424 	EXP 	text: height = 0.05
8.1424 	EXP 	text: text = 3
8.1485 	EXP 	text: height = 0.05
8.1485 	EXP 	text: height = 0.05
8.1485 	EXP 	text: height = 0.05
8.1485 	EXP 	text: text = 3
8.1533 	EXP 	text: height = 0.05
8.1533 	EXP 	text: height = 0.05
8.1533 	EXP 	text: height = 0.05
8.1533 	EXP 	text: text = 3
8.1580 	EXP 	text: height = 0.05
8.1580 	EXP 	text: height = 0.05
8.1580 	EXP 	text: height = 0.05
8.1580 	EXP 	text: text = 3
8.1626 	EXP 	text: height = 0.05
8.1626 	EXP 	text: height = 0.05
8.1626 	EXP 	text: height = 0.05
8.1626 	EXP 	text: text = 3
8.1676 	EXP 	text: height = 0.05
8.1676 	EXP 	text: height = 0.05
8.1676 	EXP 	text: height = 0.05
8.1676 	EXP 	text: text = 3
8.1719 	EXP 	text: height = 0.05
8.1719 	EXP 	text: height = 0.05
8.1719 	EXP 	text: height = 0.05
8.1719 	EXP 	text: text = 3
8.1764 	EXP 	text: height = 0.05
8.1764 	EXP 	text: height = 0.05
8.1764 	EXP 	text: height = 0.05
8.1764 	EXP 	text: text = 3
8.1809 	EXP 	text: height = 0.05
8.1809 	EXP 	text: height = 0.05
8.1809 	EXP 	text: height = 0.05
8.1809 	EXP 	text: text = 3
8.1854 	EXP 	text: height = 0.05
8.1854 	EXP 	text: height = 0.05
8.1854 	EXP 	text: height = 0.05
8.1854 	EXP 	text: text = 3
8.1898 	EXP 	text: height = 0.05
8.1898 	EXP 	text: height = 0.05
8.1898 	EXP 	text: height = 0.05
8.1898 	EXP 	text: text = 3
8.1963 	EXP 	text: height = 0.05
8.1963 	EXP 	text: height = 0.05
8.1963 	EXP 	text: height = 0.05
8.1963 	EXP 	text: text = 3
8.2013 	EXP 	text: height = 0.05
8.2013 	EXP 	text: height = 0.05
8.2013 	EXP 	text: height = 0.05
8.2013 	EXP 	text: text = 3
8.2058 	EXP 	text: height = 0.05
8.2058 	EXP 	text: height = 0.05
8.2058 	EXP 	text: height = 0.05
8.2058 	EXP 	text: text = 3
8.2103 	EXP 	text: height = 0.05
8.2103 	EXP 	text: height = 0.05
8.2103 	EXP 	text: height = 0.05
8.2103 	EXP 	text: text = 3
8.2149 	EXP 	text: height = 0.05
8.2149 	EXP 	text: height = 0.05
8.2149 	EXP 	text: height = 0.05
8.2149 	EXP 	text: text = 3
8.2193 	EXP 	text: height = 0.05
8.2193 	EXP 	text: height = 0.05
8.2193 	EXP 	text: height = 0.05
8.2193 	EXP 	text: text = 3
8.2236 	EXP 	text: height = 0.05
8.2236 	EXP 	text: height = 0.05
8.2236 	EXP 	text: height = 0.05
8.2236 	EXP 	text: text = 3
8.2282 	EXP 	text: height = 0.05
8.2282 	EXP 	text: height = 0.05
8.2282 	EXP 	text: height = 0.05
8.2282 	EXP 	text: text = 3
8.2326 	EXP 	text: height = 0.05
8.2326 	EXP 	text: height = 0.05
8.2326 	EXP 	text: height = 0.05
8.2326 	EXP 	text: text = 3
8.2371 	EXP 	text: height = 0.05
8.2371 	EXP 	text: height = 0.05
8.2371 	EXP 	text: height = 0.05
8.2371 	EXP 	text: text = 3
8.2415 	EXP 	text: height = 0.05
8.2415 	EXP 	text: height = 0.05
8.2415 	EXP 	text: height = 0.05
8.2415 	EXP 	text: text = 3
8.2468 	EXP 	text: height = 0.05
8.2468 	EXP 	text: height = 0.05
8.2468 	EXP 	text: height = 0.05
8.2468 	EXP 	text: text = 3
8.2518 	EXP 	text: height = 0.05
8.2518 	EXP 	text: height = 0.05
8.2518 	EXP 	text: height = 0.05
8.2518 	EXP 	text: text = 3
8.2561 	EXP 	text: height = 0.05
8.2561 	EXP 	text: height = 0.05
8.2561 	EXP 	text: height = 0.05
8.2561 	EXP 	text: text = 3
8.2607 	EXP 	text: height = 0.05
8.2607 	EXP 	text: height = 0.05
8.2607 	EXP 	text: height = 0.05
8.2607 	EXP 	text: text = 3
8.2651 	EXP 	text: height = 0.05
8.2651 	EXP 	text: height = 0.05
8.2651 	EXP 	text: height = 0.05
8.2651 	EXP 	text: text = 3
8.2694 	EXP 	text: height = 0.05
8.2694 	EXP 	text: height = 0.05
8.2694 	EXP 	text: height = 0.05
8.2694 	EXP 	text: text = 3
8.2738 	EXP 	text: height = 0.05
8.2738 	EXP 	text: height = 0.05
8.2738 	EXP 	text: height = 0.05
8.2738 	EXP 	text: text = 3
8.2783 	EXP 	text: height = 0.05
8.2783 	EXP 	text: height = 0.05
8.2783 	EXP 	text: height = 0.05
8.2783 	EXP 	text: text = 3
8.2826 	EXP 	text: height = 0.05
8.2826 	EXP 	text: height = 0.05
8.2826 	EXP 	text: height = 0.05
8.2826 	EXP 	text: text = 3
8.2869 	EXP 	text: height = 0.05
8.2869 	EXP 	text: height = 0.05
8.2869 	EXP 	text: height = 0.05
8.2869 	EXP 	text: text = 3
8.2910 	DATA 	Keypress: space
8.2922 	EXP 	text: height = 0.05
8.2922 	EXP 	text: height = 0.05
8.2922 	EXP 	text: height = 0.05
8.2922 	EXP 	text: text = 3
8.2973 	EXP 	text: height = 0.05
8.2973 	EXP 	text: height = 0.05
8.2973 	EXP 	text: height = 0.05
8.2973 	EXP 	text: text = 3
8.3017 	EXP 	text: height = 0.05
8.3017 	EXP 	text: height = 0.05
8.3017 	EXP 	text: height = 0.05
8.3017 	EXP 	text: text = 3
8.3060 	EXP 	text: height = 0.05
8.3060 	EXP 	text: height = 0.05
8.3060 	EXP 	text: height = 0.05
8.3060 	EXP 	text: text = 3
8.3102 	EXP 	text: height = 0.05
8.3102 	EXP 	text: height = 0.05
8.3102 	EXP 	text: height = 0.05
8.3102 	EXP 	text: text = 3
8.3145 	EXP 	text: height = 0.05
8.3145 	EXP 	text: height = 0.05
8.3145 	EXP 	text: height = 0.05
8.3145 	EXP 	text: text = 3
8.3187 	EXP 	text: height = 0.05
8.3187 	EXP 	text: height = 0.05
8.3187 	EXP 	text: height = 0.05
8.3187 	EXP 	text: text = 3
8.3230 	EXP 	text: height = 0.05
8.3230 	EXP 	text: height = 0.05
8.3230 	EXP 	text: height = 0.05
8.3230 	EXP 	text: text = 3
8.3273 	EXP 	text: height = 0.05
8.3273 	EXP 	text: height = 0.05
8.3273 	EXP 	text: height = 0.05
8.3273 	EXP 	text: text = 3
8.3316 	EXP 	text: height = 0.05
8.3316 	EXP 	text: height = 0.05
8.3316 	EXP 	text: height = 0.05
8.3316 	EXP 	text: text = 3
8.3382 	EXP 	text: height = 0.05
8.3382 	EXP 	text: height = 0.05
8.3382 	EXP 	text: height = 0.05
8.3382 	EXP 	text: text = 3
8.3434 	EXP 	text: height = 0.05
8.3434 	EXP 	text: height = 0.05
8.3434 	EXP 	text: height = 0.05
8.3434 	EXP 	text: text = 3
8.3478 	EXP 	text: height = 0.05
8.3478 	EXP 	text: height = 0.05
8.3478 	EXP 	text: height = 0.05
8.3478 	EXP 	text: text = 3
8.3522 	EXP 	text: height = 0.05
8.3522 	EXP 	text: height = 0.05
8.3522 	EXP 	text: height = 0.05
8.3522 	EXP 	text: text = 3
8.3567 	EXP 	text: height = 0.05
8.3567 	EXP 	text: height = 0.05
8.3567 	EXP 	text: height = 0.05
8.3567 	EXP 	text: text = 3
8.3611 	EXP 	text: height = 0.05
8.3611 	EXP 	text: height = 0.05
8.3611 	EXP 	text: height = 0.05
8.3611 	EXP 	text: text = 3
8.3656 	EXP 	text: height = 0.05
8.3656 	EXP 	text: height = 0.05
8.3656 	EXP 	text: height = 0.05
8.3656 	EXP 	text: text = 3
8.3699 	EXP 	text: height = 0.05
8.3699 	EXP 	text: height = 0.05
8.3699 	EXP 	text: height = 0.05
8.3699 	EXP 	text: text = 3
8.3742 	EXP 	text: height = 0.05
8.3742 	EXP 	text: height = 0.05
8.3742 	EXP 	text: height = 0.05
8.3742 	EXP 	text: text = 3
8.3781 	DATA 	Keypress: a
8.3789 	EXP 	text: height = 0.05
8.3789 	EXP 	text: height = 0.05
8.3789 	EXP 	text: height = 0.05
8.3789 	EXP 	text: text = 3
8.3853 	EXP 	text: height = 0.05
8.3853 	EXP 	text: height = 0.05
8.3853 	EXP 	text: height = 0.05
8.3853 	EXP 	text: text = 4
8.3906 	EXP 	text: height = 0.05
8.3906 	EXP 	text: height = 0.05
8.3906 	EXP 	text: height = 0.05
8.3906 	EXP 	text: text = 4
8.3950 	EXP 	text: height = 0.05
8.3950 	EXP 	text: height = 0.05
8.3950 	EXP 	text: height = 0.05
8.3950 	EXP 	text: text = 4
8.4000 	EXP 	text: height = 0.05
8.4000 	EXP 	text: height = 0.05
8.4000 	EXP 	text: height = 0.05
8.4000 	EXP 	text: text = 4
8.4044 	EXP 	text: height = 0.05
8.4044 	EXP 	text: height = 0.05
8.4044 	EXP 	text: height = 0.05
8.4044 	EXP 	text: text = 4
8.4090 	EXP 	text: height = 0.05
8.4090 	EXP 	text: height = 0.05
8.4090 	EXP 	text: height = 0.05
8.4090 	EXP 	text: text = 4
8.4133 	EXP 	text: height = 0.05
8.4133 	EXP 	text: height = 0.05
8.4133 	EXP 	text: height = 0.05
8.4133 	EXP 	text: text = 4
8.4181 	EXP 	text: height = 0.05
8.4181 	EXP 	text: height = 0.05
8.4181 	EXP 	text: height = 0.05
8.4181 	EXP 	text: text = 4
8.4225 	EXP 	text: height = 0.05
8.4225 	EXP 	text: height = 0.05
8.4225 	EXP 	text: height = 0.05
8.4225 	EXP 	text: text = 4
8.4269 	EXP 	text: height = 0.05
8.4269 	EXP 	text: height = 0.05
8.4269 	EXP 	text: height = 0.05
8.4269 	EXP 	text: text = 4
8.4329 	EXP 	text: height = 0.05
8.4329 	EXP 	text: height = 0.05
8.4329 	EXP 	text: height = 0.05
8.4329 	EXP 	text: text = 4
8.4386 	EXP 	text: height = 0.05
8.4386 	EXP 	text: height = 0.05
8.4386 	EXP 	text: height = 0.05
8.4386 	EXP 	text: text = 4
8.4433 	EXP 	text: height = 0.05
8.4433 	EXP 	text: height = 0.05
8.4433 	EXP 	text: height = 0.05
8.4433 	EXP 	text: text = 4
8.4479 	EXP 	text: height = 0.05
8.4479 	EXP 	text: height = 0.05
8.4479 	EXP 	text: height = 0.05
8.4479 	EXP 	text: text = 4
8.4525 	EXP 	text: height = 0.05
8.4525 	EXP 	text: height = 0.05
8.4525 	EXP 	text: height = 0.05
8.4525 	EXP 	text: text = 4
8.4572 	EXP 	text: height = 0.05
8.4572 	EXP 	text: height = 0.05
8.4572 	EXP 	text: height = 0.05
8.4572 	EXP 	text: text = 4
8.4616 	EXP 	text: height = 0.05
8.4616 	EXP 	text: height = 0.05
8.4616 	EXP 	text: height = 0.05
8.4616 	EXP 	text: text = 4
8.4659 	EXP 	text: height = 0.05
8.4659 	EXP 	text: height = 0.05
8.4659 	EXP 	text: height = 0.05
8.4659 	EXP 	text: text = 4
8.4703 	EXP 	text: height = 0.05
8.4703 	EXP 	text: height = 0.05
8.4703 	EXP 	text: height = 0.05
8.4703 	EXP 	text: text = 4
8.4748 	EXP 	text: height = 0.05
8.4748 	EXP 	text: height = 0.05
8.4748 	EXP 	text: height = 0.05
8.4748 	EXP 	text: text = 4
8.4805 	EXP 	text: height = 0.05
8.4805 	EXP 	text: height = 0.05
8.4805 	EXP 	text: height = 0.05
8.4805 	EXP 	text: text = 4
8.4850 	EXP 	text: height = 0.05
8.4850 	EXP 	text: height = 0.05
8.4850 	EXP 	text: height = 0.05
8.4850 	EXP 	text: text = 4
8.4892 	EXP 	text: height = 0.05
8.4892 	EXP 	text: height = 0.05
8.4892 	EXP 	text: height = 0.05
8.4892 	EXP 	text: text = 4
8.4934 	EXP 	text: height = 0.05
8.4934 	EXP 	text: height = 0.05
8.4934 	EXP 	text: height = 0.05
8.4934 	EXP 	text: text = 4
8.4973 	DATA 	Keypress: s
8.4987 	EXP 	text: height = 0.05
8.4987 	EXP 	text: height = 0.05
8.4987 	EXP 	text: height = 0.05
8.4987 	EXP 	text: text = 4
8.4998 	DATA 	Keypress: d
8.5037 	EXP 	text: height = 0.05
8.5037 	EXP 	text: height = 0.05
8.5037 	EXP 	text: height = 0.05
8.5037 	EXP 	text: text = 4
8.5079 	EXP 	text: height = 0.05
8.5079 	EXP 	text: height = 0.05
8.5079 	EXP 	text: height = 0.05
8.5079 	EXP 	text: text = 4
8.5121 	EXP 	text: height = 0.05
8.5121 	EXP 	text: height = 0.05
8.5121 	EXP 	text: height = 0.05
8.5121 	EXP 	text: text = 4
8.5167 	EXP 	text: height = 0.05
8.5167 	EXP 	text: height = 0.05
8.5167 	EXP 	text: height = 0.05
8.5167 	EXP 	text: text = 4
8.5209 	EXP 	text: height = 0.05
8.5209 	EXP 	text: height = 0.05
8.5209 	EXP 	text: height = 0.05
8.5209 	EXP 	text: text = 4
8.5255 	EXP 	text: height = 0.05
8.5255 	EXP 	text: height = 0.05
8.5255 	EXP 	text: height = 0.05
8.5255 	EXP 	text: text = 4
8.5309 	EXP 	text: height = 0.05
8.5309 	EXP 	text: height = 0.05
8.5309 	EXP 	text: height = 0.05
8.5309 	EXP 	text: text = 4
8.5354 	EXP 	text: height = 0.05
8.5354 	EXP 	text: height = 0.05
8.5354 	EXP 	text: height = 0.05
8.5354 	EXP 	text: text = 4
8.5397 	EXP 	text: height = 0.05
8.5397 	EXP 	text: height = 0.05
8.5397 	EXP 	text: height = 0.05
8.5397 	EXP 	text: text = 4
8.5446 	EXP 	text: height = 0.05
8.5446 	EXP 	text: height = 0.05
8.5446 	EXP 	text: height = 0.05
8.5446 	EXP 	text: text = 4
8.5489 	EXP 	text: height = 0.05
8.5489 	EXP 	text: height = 0.05
8.5489 	EXP 	text: height = 0.05
8.5489 	EXP 	text: text = 4
8.5534 	EXP 	text: height = 0.05
8.5534 	EXP 	text: height = 0.05
8.5534 	EXP 	text: height = 0.05
8.5534 	EXP 	text: text = 4
8.5579 	EXP 	text: height = 0.05
8.5579 	EXP 	text: height = 0.05
8.5579 	EXP 	text: height = 0.05
8.5579 	EXP 	text: text = 4
8.5627 	EXP 	text: height = 0.05
8.5627 	EXP 	text: height = 0.05
8.5627 	EXP 	text: height = 0.05
8.5627 	EXP 	text: text = 4
8.5672 	EXP 	text: height = 0.05
8.5672 	EXP 	text: height = 0.05
8.5672 	EXP 	text: height = 0.05
8.5672 	EXP 	text: text = 4
8.5719 	EXP 	text: height = 0.05
8.5719 	EXP 	text: height = 0.05
8.5719 	EXP 	text: height = 0.05
8.5719 	EXP 	text: text = 4
8.5768 	EXP 	text: height = 0.05
8.5768 	EXP 	text: height = 0.05
8.5768 	EXP 	text: height = 0.05
8.5768 	EXP 	text: text = 4
8.5812 	EXP 	text: height = 0.05
8.5812 	EXP 	text: height = 0.05
8.5812 	EXP 	text: height = 0.05
8.5812 	EXP 	text: text = 4
8.5856 	EXP 	text: height = 0.05
8.5856 	EXP 	text: height = 0.05
8.5856 	EXP 	text: height = 0.05
8.5856 	EXP 	text: text = 4
8.5905 	EXP 	text: height = 0.05
8.5905 	EXP 	text: height = 0.05
8.5905 	EXP 	text: height = 0.05
8.5905 	EXP 	text: text = 4
8.5955 	EXP 	text: height = 0.05
8.5955 	EXP 	text: height = 0.05
8.5955 	EXP 	text: height = 0.05
8.5955 	EXP 	text: text = 4
8.5997 	EXP 	text: height = 0.05
8.5997 	EXP 	text: height = 0.05
8.5997 	EXP 	text: height = 0.05
8.5997 	EXP 	text: text = 4
8.6054 	EXP 	text: height = 0.05
8.6054 	EXP 	text: height = 0.05
8.6054 	EXP 	text: height = 0.05
8.6054 	EXP 	text: text = 4
8.6098 	EXP 	text: height = 0.05
8.6098 	EXP 	text: height = 0.05
8.6098 	EXP 	text: height = 0.05
8.6098 	EXP 	text: text = 4
8.6143 	EXP 	text: height = 0.05
8.6143 	EXP 	text: height = 0.05
8.6143 	EXP 	text: height = 0.05
8.6143 	EXP 	text: text = 4
8.6185 	EXP 	text: height = 0.05
8.6185 	EXP 	text: height = 0.05
8.6185 	EXP 	text: height = 0.05
8.6185 	EXP 	text: text = 4
8.6229 	EXP 	text: height = 0.05
8.6229 	EXP 	text: height = 0.05
8.6229 	EXP 	text: height = 0.05
8.6229 	EXP 	text: text = 4
8.6271 	EXP 	text: height = 0.05
8.6271 	EXP 	text: height = 0.05
8.6271 	EXP 	text: height = 0.05
8.6271 	EXP 	text: text = 4
8.6312 	EXP 	text: height = 0.05
8.6312 	EXP 	text: height = 0.05
8.6312 	EXP 	text: height = 0.05
8.6312 	EXP 	text: text = 4
8.6373 	EXP 	text: height = 0.05
8.6373 	EXP 	text: height = 0.05
8.6373 	EXP 	text: height = 0.05
8.6373 	EXP 	text: text = 4
8.6421 	EXP 	text: height = 0.05
8.6421 	EXP 	text: height = 0.05
8.6421 	EXP 	text: height = 0.05
8.6421 	EXP 	text: text = 4
8.6463 	EXP 	text: height = 0.05
8.6463 	EXP 	text: height = 0.05
8.6463 	EXP 	text: height = 0.05
8.6463 	EXP 	text: text = 4
8.6505 	EXP 	text: height = 0.05
8.6505 	EXP 	text: height = 0.05
8.6505 	EXP 	text: height = 0.05
8.6505 	EXP 	text: text = 4
8.6517 	DATA 	Keypress: space
8.6559 	EXP 	text: height = 0.05
8.6559 	EXP 	text: height = 0.05
8.6559 	EXP 	text: height = 0.05
8.6559 	EXP 	text: text = 4
8.6602 	EXP 	text: height = 0.05
8.6602 	EXP 	text: height = 0.05
8.6602 	EXP 	text: height = 0.05
8.6602 	EXP 	text: text = 4
8.6644 	EXP 	text: height = 0.05
8.6644 	EXP 	text: height = 0.05
8.6644 	EXP 	text: height = 0.05
8.6644 	EXP 	text: text = 4
8.6693 	EXP 	text: height = 0.05
8.6693 	EXP 	text: height = 0.05
8.6693 	EXP 	text: height = 0.05
8.6693 	EXP 	text: text = 4
8.6741 	EXP 	text: height = 0.05
8.6741 	EXP 	text: height = 0.05
8.6741 	EXP 	text: height = 0.05
8.6741 	EXP 	text: text = 4
8.6787 	EXP 	text: height = 0.05
8.6787 	EXP 	text: height = 0.05
8.6787 	EXP 	text: height = 0.05
8.6787 	EXP 	text: text = 4
8.6829 	EXP 	text: height = 0.05
8.6829 	EXP 	text: height = 0.05
8.6829 	EXP 	text: height = 0.05
8.6829 	EXP 	text: text = 4
8.6840 	DATA 	Keypress: a
8.6880 	EXP 	text: height = 0.05
8.6880 	EXP 	text: height = 0.05
8.6880 	EXP 	text: height = 0.05
8.6880 	EXP 	text: text = 4
8.6925 	EXP 	text: height = 0.05
8.6925 	EXP 	text: height = 0.05
8.6925 	EXP 	text: height = 0.05
8.6925 	EXP 	text: text = 5
8.6967 	EXP 	text: height = 0.05
8.6967 	EXP 	text: height = 0.05
8.6967 	EXP 	text: height = 0.05
8.6967 	EXP 	text: text = 5
8.7020 	EXP 	text: height = 0.05
8.7020 	EXP 	text: height = 0.05
8.7020 	EXP 	text: height = 0.05
8.7020 	EXP 	text: text = 5
8.7061 	EXP 	text: height = 0.05
8.7061 	EXP 	text: height = 0.05
8.7061 	EXP 	text: height = 0.05
8.7061 	EXP 	text: text = 5
8.7105 	EXP 	text: height = 0.05
8.7105 	EXP 	text: height = 0.05
8.7105 	EXP 	text: height = 0.05
8.7105 	EXP 	text: text = 5
8.7146 	EXP 	text: height = 0.05
8.7146 	EXP 	text: height = 0.05
8.7146 	EXP 	text: height = 0.05
8.7146 	EXP 	text: text = 5
8.7188 	EXP 	text: height = 0.05
8.7188 	EXP 	text: height = 0.05
8.7188 	EXP 	text: height = 0.05
8.7188 	EXP 	text: text = 5
8.7229 	EXP 	text: height = 0.05
8.7229 	EXP 	text: height = 0.05
8.7229 	EXP 	text: height = 0.05
8.7229 	EXP 	text: text = 5
8.7271 	EXP 	text: height = 0.05
8.7271 	EXP 	text: height = 0.05
8.7271 	EXP 	text: height = 0.05
8.7271 	EXP 	text: text = 5
8.7313 	EXP 	text: height = 0.05
8.7313 	EXP 	text: height = 0.05
8.7313 	EXP 	text: height = 0.05
8.7313 	EXP 	text: text = 5
8.7359 	EXP 	text: height = 0.05
8.7359 	EXP 	text: height = 0.05
8.7359 	EXP 	text: height = 0.05
8.7359 	EXP 	text: text = 5
8.7400 	EXP 	text: height = 0.05
8.7400 	EXP 	text: height = 0.05
8.7400 	EXP 	text: height = 0.05
8.7400 	EXP 	text: text = 5
8.7442 	EXP 	text: height = 0.05
8.7442 	EXP 	text: height = 0.05
8.7442 	EXP 	text: height = 0.05
8.7442 	EXP 	text: text = 5
8.7484 	EXP 	text: height = 0.05
8.7484 	EXP 	text: height = 0.05
8.7484 	EXP 	text: height = 0.05
8.7484 	EXP 	text: text = 5
8.7527 	EXP 	text: height = 0.05
8.7527 	EXP 	text: height = 0.05
8.7527 	EXP 	text: height = 0.05
8.7527 	EXP 	text: text = 5
8.7568 	EXP 	text: height = 0.05
8.7568 	EXP 	text: height = 0.05
8.7568 	EXP 	text: height = 0.05
8.7568 	EXP 	text: text = 5
8.7629 	EXP 	text: height = 0.05
8.7629 	EXP 	text: height = 0.05
8.7629 	EXP 	text: height = 0.05
8.7629 	EXP 	text: text = 5
8.7678 	EXP 	text: height = 0.05
8.7678 	EXP 	text: height = 0.05
8.7678 	EXP 	text: height = 0.05
8.7678 	EXP 	text: text = 5
8.7720 	EXP 	text: height = 0.05
8.7720 	EXP 	text: height = 0.05
8.7720 	EXP 	text: height = 0.05
8.7720 	EXP 	text: text = 5
8.7762 	EXP 	text: height = 0.05
8.7762 	EXP 	text: height = 0.05
8.7762 	EXP 	text: height = 0.05
8.7762 	EXP 	text: text = 5
8.7808 	EXP 	text: height = 0.05
8.7808 	EXP 	text: height = 0.05
8.7808 	EXP 	text: height = 0.05
8.7808 	EXP 	text: text = 5
8.7850 	EXP 	text: height = 0.05
8.7850 	EXP 	text: height = 0.05
8.7850 	EXP 	text: height = 0.05
8.7850 	EXP 	text: text = 5
8.7893 	DATA 	Keypress: s
8.7903 	EXP 	text: height = 0.05
8.7903 	EXP 	text: height = 0.05
8.7903 	EXP 	text: height = 0.05
8.7903 	EXP 	text: text = 5
8.7960 	EXP 	text: height = 0.05
8.7960 	EXP 	text: height = 0.05
8.7960 	EXP 	text: height = 0.05
8.7960 	EXP 	text: text = 5
8.8007 	EXP 	text: height = 0.05
8.8007 	EXP 	text: height = 0.05
8.8007 	EXP 	text: height = 0.05
8.8007 	EXP 	text: text = 5
8.8049 	EXP 	text: height = 0.05
8.8049 	EXP 	text: height = 0.05
8.8049 	EXP 	text: height = 0.05
8.8049 	EXP 	text: text = 5
8.8092 	EXP 	text: height = 0.05
8.8092 	EXP 	text: height = 0.05
8.8092 	EXP 	text: height = 0.05
8.8092 	EXP 	text: text = 5
8.8134 	EXP 	text: height = 0.05
8.8134 	EXP 	text: height = 0.05
8.8134 	EXP 	text: height = 0.05
8.8134 	EXP 	text: text = 5
8.8175 	EXP 	text: height = 0.05
8.8175 	EXP 	text: height = 0.05
8.8175 	EXP 	text: height = 0.05
8.8175 	EXP 	text: text = 5
8.8217 	EXP 	text: height = 0.05
8.8217 	EXP 	text: height = 0.05
8.8217 	EXP 	text: height = 0.05
8.8217 	EXP 	text: text = 5
8.8256 	DATA 	Keypress: d
8.8271 	EXP 	text: height = 0.05
8.8271 	EXP 	text: height = 0.05
8.8271 	EXP 	text: height = 0.05
8.8271 	EXP 	text: text = 5
8.8323 	EXP 	text: height = 0.05
8.8323 	EXP 	text: height = 0.05
8.8323 	EXP 	text: height = 0.05
8.8323 	EXP 	text: text = 5
8.8368 	EXP 	text: height = 0.05
8.8368 	EXP 	text: height = 0.05
8.8368 	EXP 	text: height = 0.05
8.8368 	EXP 	text: text = 5
8.8412 	EXP 	text: height = 0.05
8.8412 	EXP 	text: height = 0.05
8.8412 	EXP 	text: height = 0.05
8.8412 	EXP 	text: text = 5
8.8457 	EXP 	text: height = 0.05
8.8457 	EXP 	text: height = 0.05
8.8457 	EXP 	text: height = 0.05
8.8457 	EXP 	text: text = 5
8.8507 	EXP 	text: height = 0.05
8.8507 	EXP 	text: height = 0.05
8.8507 	EXP 	text: height = 0.05
8.8507 	EXP 	text: text = 5
8.8573 	EXP 	text: height = 0.05
8.8573 	EXP 	text: height = 0.05
8.8573 	EXP 	text: height = 0.05
8.8573 	EXP 	text: text = 5
8.8624 	EXP 	text: height = 0.05
8.8624 	EXP 	text: height = 0.05
8.8624 	EXP 	text: height = 0.05
8.8624 	EXP 	text: text = 5
8.8668 	EXP 	text: height = 0.05
8.8668 	EXP 	text: height = 0.05
8.8668 	EXP 	text: height = 0.05
8.8668 	EXP 	text: text = 5
8.8711 	EXP 	text: height = 0.05
8.8711 	EXP 	text: height = 0.05
8.8711 	EXP 	text: height = 0.05
8.8711 	EXP 	text: text = 5
8.8760 	EXP 	text: height = 0.05
8.8760 	EXP 	text: height = 0.05
8.8760 	EXP 	text: height = 0.05
8.8760 	EXP 	text: text = 5
8.8803 	EXP 	text: height = 0.05
8.8803 	EXP 	text: height = 0.05
8.8803 	EXP 	text: height = 0.05
8.8803 	EXP 	text: text = 5
8.8847 	EXP 	text: height = 0.05
8.8847 	EXP 	text: height = 0.05
8.8847 	EXP 	text: height = 0.05
8.8847 	EXP 	text: text = 5
8.8891 	EXP 	text: height = 0.05
8.8891 	EXP 	text: height = 0.05
8.8891 	EXP 	text: height = 0.05
8.8891 	EXP 	text: text = 5
8.8939 	EXP 	text: height = 0.05
8.8939 	EXP 	text: height = 0.05
8.8939 	EXP 	text: height = 0.05
8.8939 	EXP 	text: text = 5
8.8981 	EXP 	text: height = 0.05
8.8981 	EXP 	text: height = 0.05
8.8981 	EXP 	text: height = 0.05
8.8981 	EXP 	text: text = 5
8.9023 	EXP 	text: height = 0.05
8.9023 	EXP 	text: height = 0.05
8.9023 	EXP 	text: height = 0.05
8.9023 	EXP 	text: text = 5
8.9067 	EXP 	text: height = 0.05
8.9067 	EXP 	text: height = 0.05
8.9067 	EXP 	text: height = 0.05
8.9067 	EXP 	text: text = 5
8.9112 	EXP 	text: height = 0.05
8.9112 	EXP 	text: height = 0.05
8.9112 	EXP 	text: height = 0.05
8.9112 	EXP 	text: text = 5
8.9157 	EXP 	text: height = 0.05
8.9157 	EXP 	text: height = 0.05
8.9157 	EXP 	text: height = 0.05
8.9157 	EXP 	text: text = 5
8.9210 	EXP 	text: height = 0.05
8.9210 	EXP 	text: height = 0.05
8.9210 	EXP 	text: height = 0.05
8.9210 	EXP 	text: text = 5
8.9262 	EXP 	text: height = 0.05
8.9262 	EXP 	text: height = 0.05
8.9262 	EXP 	text: height = 0.05
8.9262 	EXP 	text: text = 5
8.9304 	EXP 	text: height = 0.05
8.9304 	EXP 	text: height = 0.05
8.9304 	EXP 	text: height = 0.05
8.9304 	EXP 	text: text = 5
8.9346 	EXP 	text: height = 0.05
8.9346 	EXP 	text: height = 0.05
8.9346 	EXP 	text: height = 0.05
8.9346 	EXP 	text: text = 5
8.9392 	EXP 	text: height = 0.05
8.9392 	EXP 	text: height = 0.05
8.9392 	EXP 	text: height = 0.05
8.9392 	EXP 	text: text = 5
8.9434 	EXP 	text: height = 0.05
8.9434 	EXP 	text: height = 0.05
8.9434 	EXP 	text: height = 0.05
8.9434 	EXP 	text: text = 5
8.9476 	EXP 	text: height = 0.05
8.9476 	EXP 	text: height = 0.05
8.9476 	EXP 	text: height = 0.05
8.9476 	EXP 	text: text = 5
8.9517 	EXP 	text: height = 0.05
8.9517 	EXP 	text: height = 0.05
8.9517 	EXP 	text: height = 0.05
8.9517 	EXP 	text: text = 5
8.9559 	EXP 	text: height = 0.05
8.9559 	EXP 	text: height = 0.05
8.9559 	EXP 	text: height = 0.05
8.9559 	EXP 	text: text = 5
8.9601 	EXP 	text: height = 0.05
8.9601 	EXP 	text: height = 0.05
8.9601 	EXP 	text: height = 0.05
8.9601 	EXP 	text: text = 5
8.9643 	EXP 	text: height = 0.05
8.9643 	EXP 	text: height = 0.05
8.9643 	EXP 	text: height = 0.05
8.9643 	EXP 	text: text = 5
8.9691 	EXP 	text: height = 0.05
8.9691 	EXP 	text: height = 0.05
8.9691 	EXP 	text: height = 0.05
8.9691 	EXP 	text: text = 5
8.9733 	EXP 	text: height = 0.05
8.9733 	EXP 	text: height = 0.05
8.9733 	EXP 	text: height = 0.05
8.9733 	EXP 	text: text = 5
8.9775 	EXP 	text: height = 0.05
8.9775 	EXP 	text: height = 0.05
8.9775 	EXP 	text: height = 0.05
8.9775 	EXP 	text: text = 5
8.9817 	EXP 	text: height = 0.05
8.9817 	EXP 	text: height = 0.05
8.9817 	EXP 	text: height = 0.05
8.9817 	EXP 	text: text = 5
8.9859 	EXP 	text: height = 0.05
8.9859 	EXP 	text: height = 0.05
8.9859 	EXP 	text: height = 0.05
8.9859 	EXP 	text: text = 5
8.9901 	EXP 	text: height = 0.05
8.9901 	EXP 	text: height = 0.05
8.9901 	EXP 	text: height = 0.05
8.9901 	EXP 	text: text = 5
8.9942 	EXP 	text: height = 0.05
8.9942 	EXP 	text: height = 0.05
8.9942 	EXP 	text: height = 0.05
8.9942 	EXP 	text: text = 5
8.9984 	EXP 	text: height = 0.05
8.9984 	EXP 	text: height = 0.05
8.9984 	EXP 	text: height = 0.05
8.9984 	EXP 	text: text = 5
9.0029 	EXP 	text: height = 0.05
9.0029 	EXP 	text: height = 0.05
9.0029 	EXP 	text: height = 0.05
9.0029 	EXP 	text: text = 5
9.0072 	EXP 	text: height = 0.05
9.0072 	EXP 	text: height = 0.05
9.0072 	EXP 	text: height = 0.05
9.0072 	EXP 	text: text = 5
9.0115 	EXP 	text: height = 0.05
9.0115 	EXP 	text: height = 0.05
9.0115 	EXP 	text: height = 0.05
9.0115 	EXP 	text: text = 5
9.0163 	EXP 	text: height = 0.05
9.0163 	EXP 	text: height = 0.05
9.0163 	EXP 	text: height = 0.05
9.0163 	EXP 	text: text = 5
9.0209 	EXP 	text: height = 0.05
9.0209 	EXP 	text: height = 0.05
9.0209 	EXP 	text: height = 0.05
9.0209 	EXP 	text: text = 5
9.0253 	EXP 	text: height = 0.05
9.0253 	EXP 	text: height = 0.05
9.0253 	EXP 	text: height = 0.05
9.0253 	EXP 	text: text = 5
9.0296 	EXP 	text: height = 0.05
9.0296 	EXP 	text: height = 0.05
9.0296 	EXP 	text: height = 0.05
9.0296 	EXP 	text: text = 5
9.0340 	EXP 	text: height = 0.05
9.0340 	EXP 	text: height = 0.05
9.0340 	EXP 	text: height = 0.05
9.0340 	EXP 	text: text = 5
9.0383 	EXP 	text: height = 0.05
9.0383 	EXP 	text: height = 0.05
9.0383 	EXP 	text: height = 0.05
9.0383 	EXP 	text: text = 5
9.0426 	EXP 	text: height = 0.05
9.0426 	EXP 	text: height = 0.05
9.0426 	EXP 	text: height = 0.05
9.0426 	EXP 	text: text = 5
9.0470 	EXP 	text: height = 0.05
9.0470 	EXP 	text: height = 0.05
9.0470 	EXP 	text: height = 0.05
9.0470 	EXP 	text: text = 5
9.0513 	EXP 	text: height = 0.05
9.0513 	EXP 	text: height = 0.05
9.0513 	EXP 	text: height = 0.05
9.0513 	EXP 	text: text = 5
9.0556 	DATA 	Keypress: a
9.0565 	EXP 	text: height = 0.05
9.0565 	EXP 	text: height = 0.05
9.0565 	EXP 	text: height = 0.05
9.0565 	EXP 	text: text = 5
9.0609 	DATA 	Keypress: space
9.0627 	EXP 	text: height = 0.05
9.0627 	EXP 	text: height = 0.05
9.0627 	EXP 	text: height = 0.05
9.0627 	EXP 	text: text = 5
9.0679 	EXP 	text: height = 0.05
9.0679 	EXP 	text: height = 0.05
9.0679 	EXP 	text: height = 0.05
9.0679 	EXP 	text: text = 5
9.0724 	EXP 	text: height = 0.05
9.0724 	EXP 	text: height = 0.05
9.0724 	EXP 	text: height = 0.05
9.0724 	EXP 	text: text = 5
9.0767 	EXP 	text: height = 0.05
9.0767 	EXP 	text: height = 0.05
9.0767 	EXP 	text: height = 0.05
9.0767 	EXP 	text: text = 5
9.0813 	EXP 	text: height = 0.05
9.0813 	EXP 	text: height = 0.05
9.0813 	EXP 	text: height = 0.05
9.0813 	EXP 	text: text = 5
9.0858 	EXP 	text: height = 0.05
9.0858 	EXP 	text: height = 0.05
9.0858 	EXP 	text: height = 0.05
9.0858 	EXP 	text: text = 5
9.0900 	EXP 	text: height = 0.05
9.0900 	EXP 	text: height = 0.05
9.0900 	EXP 	text: height = 0.05
9.0900 	EXP 	text: text = 5
9.0944 	EXP 	text: height = 0.05
9.0944 	EXP 	text: height = 0.05
9.0944 	EXP 	text: height = 0.05
9.0944 	EXP 	text: text = 5
9.0987 	EXP 	text: height = 0.05
9.0987 	EXP 	text: height = 0.05
9.0987 	EXP 	text: height = 0.05
9.0987 	EXP 	text: text = 5
9.1030 	EXP 	text: height = 0.05
9.1030 	EXP 	text: height = 0.05
9.1030 	EXP 	text: height = 0.05
9.1030 	EXP 	text: text = 5
9.1096 	EXP 	text: height = 0.05
9.1096 	EXP 	text: height = 0.05
9.1096 	EXP 	text: height = 0.05
9.1096 	EXP 	text: text = 5
9.1148 	EXP 	text: height = 0.05
9.1148 	EXP 	text: height = 0.05
9.1148 	EXP 	text: height = 0.05
9.1148 	EXP 	text: text = 5
9.1194 	EXP 	text: height = 0.05
9.1194 	EXP 	text: height = 0.05
9.1194 	EXP 	text: height = 0.05
9.1194 	EXP 	text: text = 5
9.1239 	EXP 	text: height = 0.05
9.1239 	EXP 	text: height = 0.05
9.1239 	EXP 	text: height = 0.05
9.1239 	EXP 	text: text = 5
9.1286 	EXP 	text: height = 0.05
9.1286 	EXP 	text: height = 0.05
9.1286 	EXP 	text: height = 0.05
9.1286 	EXP 	text: text = 5
9.1329 	EXP 	text: height = 0.05
9.1329 	EXP 	text: height = 0.05
9.1329 	EXP 	text: height = 0.05
9.1329 	EXP 	text: text = 5
9.1374 	EXP 	text: height = 0.05
9.1374 	EXP 	text: height = 0.05
9.1374 	EXP 	text: height = 0.05
9.1374 	EXP 	text: text = 5
9.1418 	EXP 	text: height = 0.05
9.1418 	EXP 	text: height = 0.05
9.1418 	EXP 	text: height = 0.05
9.1418 	EXP 	text: text = 5
9.1462 	EXP 	text: height = 0.05
9.1462 	EXP 	text: height = 0.05
9.1462 	EXP 	text: height = 0.05
9.1462 	EXP 	text: text = 5
9.1505 	EXP 	text: height = 0.05
9.1505 	EXP 	text: height = 0.05
9.1505 	EXP 	text: height = 0.05
9.1505 	EXP 	text: text = 5
9.1565 	EXP 	text: height = 0.05
9.1565 	EXP 	text: height = 0.05
9.1565 	EXP 	text: height = 0.05
9.1565 	EXP 	text: text = 5
9.1615 	EXP 	text: height = 0.05
9.1615 	EXP 	text: height = 0.05
9.1615 	EXP 	text: height = 0.05
9.1615 	EXP 	text: text = 5
9.1664 	EXP 	text: height = 0.05
9.1664 	EXP 	text: height = 0.05
9.1664 	EXP 	text: height = 0.05
9.1664 	EXP 	text: text = 5
9.1710 	EXP 	text: height = 0.05
9.1710 	EXP 	text: height = 0.05
9.1710 	EXP 	text: height = 0.05
9.1710 	EXP 	text: text = 5
9.1758 	EXP 	text: height = 0.05
9.1758 	EXP 	text: height = 0.05
9.1758 	EXP 	text: height = 0.05
9.1758 	EXP 	text: text = 5
9.1803 	EXP 	text: height = 0.05
9.1803 	EXP 	text: height = 0.05
9.1803 	EXP 	text: height = 0.05
9.1803 	EXP 	text: text = 5
9.1813 	DATA 	Keypress: s
9.1858 	EXP 	text: height = 0.05
9.1858 	EXP 	text: height = 0.05
9.1858 	EXP 	text: height = 0.05
9.1858 	EXP 	text: text = 5
9.1917 	EXP 	text: height = 0.05
9.1917 	EXP 	text: height = 0.05
9.1917 	EXP 	text: height = 0.05
9.1917 	EXP 	text: text = 6
9.1964 	EXP 	text: height = 0.05
9.1964 	EXP 	text: height = 0.05
9.1964 	EXP 	text: height = 0.05
9.1964 	EXP 	text: text = 6
9.2007 	EXP 	text: height = 0.05
9.2007 	EXP 	text: height = 0.05
9.2007 	EXP 	text: height = 0.05
9.2007 	EXP 	text: text = 6
9.2061 	EXP 	text: height = 0.05
9.2061 	EXP 	text: height = 0.05
9.2061 	EXP 	text: height = 0.05
9.2061 	EXP 	text: text = 6
9.2109 	EXP 	text: height = 0.05
9.2109 	EXP 	text: height = 0.05
9.2109 	EXP 	text: height = 0.05
9.2109 	EXP 	text: text = 6
9.2154 	EXP 	text: height = 0.05
9.2154 	EXP 	text: height = 0.05
9.2154 	EXP 	text: height = 0.05
9.2154 	EXP 	text: text = 6
9.2201 	EXP 	text: height = 0.05
9.2201 	EXP 	text: height = 0.05
9.2201 	EXP 	text: height = 0.05
9.2201 	EXP 	text: text = 6
9.2244 	EXP 	text: height = 0.05
9.2244 	EXP 	text: height = 0.05
9.2244 	EXP 	text: height = 0.05
9.2244 	EXP 	text: text = 6
9.2255 	DATA 	Keypress: d
9.2297 	EXP 	text: height = 0.05
9.2297 	EXP 	text: height = 0.05
9.2297 	EXP 	text: height = 0.05
9.2297 	EXP 	text: text = 6
9.2346 	EXP 	text: height = 0.05
9.2346 	EXP 	text: height = 0.05
9.2346 	EXP 	text: height = 0.05
9.2346 	EXP 	text: text = 6
9.2392 	EXP 	text: height = 0.05
9.2392 	EXP 	text: height = 0.05
9.2392 	EXP 	text: height = 0.05
9.2392 	EXP 	text: text = 6
9.2440 	EXP 	text: height = 0.05
9.2440 	EXP 	text: height = 0.05
9.2440 	EXP 	text: height = 0.05
9.2440 	EXP 	text: text = 6
9.2506 	EXP 	text: height = 0.05
9.2506 	EXP 	text: height = 0.05
9.2506 	EXP 	text: height = 0.05
9.2506 	EXP 	text: text = 6
9.2560 	EXP 	text: height = 0.05
9.2560 	EXP 	text: height = 0.05
9.2560 	EXP 	text: height = 0.05
9.2560 	EXP 	text: text = 6
9.2610 	EXP 	text: height = 0.05
9.2610 	EXP 	text: height = 0.05
9.2610 	EXP 	text: height = 0.05
9.2610 	EXP 	text: text = 6
9.2656 	EXP 	text: height = 0.05
9.2656 	EXP 	text: height = 0.05
9.2656 	EXP 	text: height = 0.05
9.2656 	EXP 	text: text = 6
9.2701 	EXP 	text: height = 0.05
9.2701 	EXP 	text: height = 0.05
9.2701 	EXP 	text: height = 0.05
9.2701 	EXP 	text: text = 6
9.2746 	EXP 	text: height = 0.05
9.2746 	EXP 	text: height = 0.05
9.2746 	EXP 	text: height = 0.05
9.2746 	EXP 	text: text = 6
9.2790 	EXP 	text: height = 0.05
9.2790 	EXP 	text: height = 0.05
9.2790 	EXP 	text: height = 0.05
9.2790 	EXP 	text: text = 6
9.2836 	EXP 	text: height = 0.05
9.2836 	EXP 	text: height = 0.05
9.2836 	EXP 	text: height = 0.05
9.2836 	EXP 	text: text = 6
9.2879 	EXP 	text: height = 0.05
9.2879 	EXP 	text: height = 0.05
9.2879 	EXP 	text: height = 0.05
9.2879 	EXP 	text: text = 6
9.2924 	EXP 	text: height = 0.05
9.2924 	EXP 	text: height = 0.05
9.2924 	EXP 	text: height = 0.05
9.2924 	EXP 	text: text = 6
9.2975 	EXP 	text: height = 0.05
9.2975 	EXP 	text: height = 0.05
9.2975 	EXP 	text: height = 0.05
9.2975 	EXP 	text: text = 6
9.3025 	EXP 	text: height = 0.05
9.3025 	EXP 	text: height = 0.05
9.3025 	EXP 	text: height = 0.05
9.3025 	EXP 	text: text = 6
9.3074 	EXP 	text: height = 0.05
9.3074 	EXP 	text: height = 0.05
9.3074 	EXP 	text: height = 0.05
9.3074 	EXP 	text: text = 6
9.3120 	EXP 	text: height = 0.05
9.3120 	EXP 	text: height = 0.05
9.3120 	EXP 	text: height = 0.05
9.3120 	EXP 	text: text = 6
9.3164 	EXP 	text: height = 0.05
9.3164 	EXP 	text: height = 0.05
9.3164 	EXP 	text: height = 0.05
9.3164 	EXP 	text: text = 6
9.3209 	EXP 	text: height = 0.05
9.3209 	EXP 	text: height = 0.05
9.3209 	EXP 	text: height = 0.05
9.3209 	EXP 	text: text = 6
9.3252 	EXP 	text: height = 0.05
9.3252 	EXP 	text: height = 0.05
9.3252 	EXP 	text: height = 0.05
9.3252 	EXP 	text: text = 6
9.3301 	EXP 	text: height = 0.05
9.3301 	EXP 	text: height = 0.05
9.3301 	EXP 	text: height = 0.05
9.3301 	EXP 	text: text = 6
9.3348 	EXP 	text: height = 0.05
9.3348 	EXP 	text: height = 0.05
9.3348 	EXP 	text: height = 0.05
9.3348 	EXP 	text: text = 6
9.3391 	EXP 	text: height = 0.05
9.3391 	EXP 	text: height = 0.05
9.3391 	EXP 	text: height = 0.05
9.3391 	EXP 	text: text = 6
9.3449 	EXP 	text: height = 0.05
9.3449 	EXP 	text: height = 0.05
9.3449 	EXP 	text: height = 0.05
9.3449 	EXP 	text: text = 6
9.3497 	EXP 	text: height = 0.05
9.3497 	EXP 	text: height = 0.05
9.3497 	EXP 	text: height = 0.05
9.3497 	EXP 	text: text = 6
9.3542 	EXP 	text: height = 0.05
9.3542 	EXP 	text: height = 0.05
9.3542 	EXP 	text: height = 0.05
9.3542 	EXP 	text: text = 6
9.3589 	EXP 	text: height = 0.05
9.3589 	EXP 	text: height = 0.05
9.3589 	EXP 	text: height = 0.05
9.3589 	EXP 	text: text = 6
9.3632 	EXP 	text: height = 0.05
9.3632 	EXP 	text: height = 0.05
9.3632 	EXP 	text: height = 0.05
9.3632 	EXP 	text: text = 6
9.3684 	EXP 	text: height = 0.05
9.3684 	EXP 	text: height = 0.05
9.3684 	EXP 	text: height = 0.05
9.3684 	EXP 	text: text = 6
9.3727 	EXP 	text: height = 0.05
9.3727 	EXP 	text: height = 0.05
9.3727 	EXP 	text: height = 0.05
9.3727 	EXP 	text: text = 6
9.3772 	EXP 	text: height = 0.05
9.3772 	EXP 	text: height = 0.05
9.3772 	EXP 	text: height = 0.05
9.3772 	EXP 	text: text = 6
9.3814 	EXP 	text: height = 0.05
9.3814 	EXP 	text: height = 0.05
9.3814 	EXP 	text: height = 0.05
9.3814 	EXP 	text: text = 6
9.3858 	EXP 	text: height = 0.05
9.3858 	EXP 	text: height = 0.05
9.3858 	EXP 	text: height = 0.05
9.3858 	EXP 	text: text = 6
9.3918 	EXP 	text: height = 0.05
9.3918 	EXP 	text: height = 0.05
9.3918 	EXP 	text: height = 0.05
9.3918 	EXP 	text: text = 6
9.3964 	EXP 	text: height = 0.05
9.3964 	EXP 	text: height = 0.05
9.3964 	EXP 	text: height = 0.05
9.3964 	EXP 	text: text = 6
9.4013 	EXP 	text: height = 0.05
9.4013 	EXP 	text: height = 0.05
9.4013 	EXP 	text: height = 0.05
9.4013 	EXP 	text: text = 6
9.4057 	EXP 	text: height = 0.05
9.4057 	EXP 	text: height = 0.05
9.4057 	EXP 	text: height = 0.05
9.4057 	EXP 	text: text = 6
9.4102 	EXP 	text: height = 0.05
9.4102 	EXP 	text: height = 0.05
9.4102 	EXP 	text: height = 0.05
9.4102 	EXP 	text: text = 6
9.4145 	EXP 	text: height = 0.05
9.4145 	EXP 	text: height = 0.05
9.4145 	EXP 	text: height = 0.05
9.4145 	EXP 	text: text = 6
9.4188 	EXP 	text: height = 0.05
9.4188 	EXP 	text: height = 0.05
9.4188 	EXP 	text: height = 0.05
9.4188 	EXP 	text: text = 6
9.4232 	EXP 	text: height = 0.05
9.4232 	EXP 	text: height = 0.05
9.4232 	EXP 	text: height = 0.05
9.4232 	EXP 	text: text = 6
9.4276 	EXP 	text: height = 0.05
9.4276 	EXP 	text: height = 0.05
9.4276 	EXP 	text: height = 0.05
9.4276 	EXP 	text: text = 6
9.4318 	EXP 	text: height = 0.05
9.4318 	EXP 	text: height = 0.05
9.4318 	EXP 	text: height = 0.05
9.4318 	EXP 	text: text = 6
9.4361 	EXP 	text: height = 0.05
9.4361 	EXP 	text: height = 0.05
9.4361 	EXP 	text: height = 0.05
9.4361 	EXP 	text: text = 6
9.4410 	EXP 	text: height = 0.05
9.4410 	EXP 	text: height = 0.05
9.4410 	EXP 	text: height = 0.05
9.4410 	EXP 	text: text = 6
9.4459 	EXP 	text: height = 0.05
9.4459 	EXP 	text: height = 0.05
9.4459 	EXP 	text: height = 0.05
9.4459 	EXP 	text: text = 6
9.4501 	EXP 	text: height = 0.05
9.4501 	EXP 	text: height = 0.05
9.4501 	EXP 	text: height = 0.05
9.4501 	EXP 	text: text = 6
9.4545 	EXP 	text: height = 0.05
9.4545 	EXP 	text: height = 0.05
9.4545 	EXP 	text: height = 0.05
9.4545 	EXP 	text: text = 6
9.4590 	EXP 	text: height = 0.05
9.4590 	EXP 	text: height = 0.05
9.4590 	EXP 	text: height = 0.05
9.4590 	EXP 	text: text = 6
9.4633 	EXP 	text: height = 0.05
9.4633 	EXP 	text: height = 0.05
9.4633 	EXP 	text: height = 0.05
9.4633 	EXP 	text: text = 6
9.4677 	EXP 	text: height = 0.05
9.4677 	EXP 	text: height = 0.05
9.4677 	EXP 	text: height = 0.05
9.4677 	EXP 	text: text = 6
9.4719 	EXP 	text: height = 0.05
9.4719 	EXP 	text: height = 0.05
9.4719 	EXP 	text: height = 0.05
9.4719 	EXP 	text: text = 6
9.4763 	EXP 	text: height = 0.05
9.4763 	EXP 	text: height = 0.05
9.4763 	EXP 	text: height = 0.05
9.4763 	EXP 	text: text = 6
9.4805 	EXP 	text: height = 0.05
9.4805 	EXP 	text: height = 0.05
9.4805 	EXP 	text: height = 0.05
9.4805 	EXP 	text: text = 6
9.4866 	EXP 	text: height = 0.05
9.4866 	EXP 	text: height = 0.05
9.4866 	EXP 	text: height = 0.05
9.4866 	EXP 	text: text = 6
9.4917 	EXP 	text: height = 0.05
9.4917 	EXP 	text: height = 0.05
9.4917 	EXP 	text: height = 0.05
9.4917 	EXP 	text: text = 6
9.4960 	EXP 	text: height = 0.05
9.4960 	EXP 	text: height = 0.05
9.4960 	EXP 	text: height = 0.05
9.4960 	EXP 	text: text = 6
9.5004 	EXP 	text: height = 0.05
9.5004 	EXP 	text: height = 0.05
9.5004 	EXP 	text: height = 0.05
9.5004 	EXP 	text: text = 6
9.5051 	EXP 	text: height = 0.05
9.5051 	EXP 	text: height = 0.05
9.5051 	EXP 	text: height = 0.05
9.5051 	EXP 	text: text = 6
9.5094 	EXP 	text: height = 0.05
9.5094 	EXP 	text: height = 0.05
9.5094 	EXP 	text: height = 0.05
9.5094 	EXP 	text: text = 6
9.5139 	EXP 	text: height = 0.05
9.5139 	EXP 	text: height = 0.05
9.5139 	EXP 	text: height = 0.05
9.5139 	EXP 	text: text = 6
9.5183 	EXP 	text: height = 0.05
9.5183 	EXP 	text: height = 0.05
9.5183 	EXP 	text: height = 0.05
9.5183 	EXP 	text: text = 6
9.5227 	EXP 	text: height = 0.05
9.5227 	EXP 	text: height = 0.05
9.5227 	EXP 	text: height = 0.05
9.5227 	EXP 	text: text = 6
9.5270 	EXP 	text: height = 0.05
9.5270 	EXP 	text: height = 0.05
9.5270 	EXP 	text: height = 0.05
9.5270 	EXP 	text: text = 6
9.5313 	EXP 	text: height = 0.05
9.5313 	EXP 	text: height = 0.05
9.5313 	EXP 	text: height = 0.05
9.5313 	EXP 	text: text = 6
9.5364 	EXP 	text: height = 0.05
9.5364 	EXP 	text: height = 0.05
9.5364 	EXP 	text: height = 0.05
9.5364 	EXP 	text: text = 6
9.5408 	EXP 	text: height = 0.05
9.5408 	EXP 	text: height = 0.05
9.5408 	EXP 	text: height = 0.05
9.5408 	EXP 	text: text = 6
9.5452 	EXP 	text: height = 0.05
9.5452 	EXP 	text: height = 0.05
9.5452 	EXP 	text: height = 0.05
9.5452 	EXP 	text: text = 6
9.5495 	EXP 	text: height = 0.05
9.5495 	EXP 	text: height = 0.05
9.5495 	EXP 	text: height = 0.05
9.5495 	EXP 	text: text = 6
9.5537 	EXP 	text: height = 0.05
9.5537 	EXP 	text: height = 0.05
9.5537 	EXP 	text: height = 0.05
9.5537 	EXP 	text: text = 6
9.5579 	EXP 	text: height = 0.05
9.5579 	EXP 	text: height = 0.05
9.5579 	EXP 	text: height = 0.05
9.5579 	EXP 	text: text = 6
9.5621 	EXP 	text: height = 0.05
9.5621 	EXP 	text: height = 0.05
9.5621 	EXP 	text: height = 0.05
9.5621 	EXP 	text: text = 6
9.5666 	EXP 	text: height = 0.05
9.5666 	EXP 	text: height = 0.05
9.5666 	EXP 	text: height = 0.05
9.5666 	EXP 	text: text = 6
9.5686 	DATA 	Mouse: Left button down, pos=(979,430)
9.5708 	EXP 	text: height = 0.05
9.5708 	EXP 	text: height = 0.05
9.5708 	EXP 	text: height = 0.05
9.5708 	EXP 	text: text = 6
9.5708 	EXP 	textbox: autoDraw = False
9.5708 	EXP 	text: autoDraw = False
9.5708 	EXP 	warning: autoDraw = False
9.6400 	EXP 	window1: mouseVisible = True
