1.4967 	WARNING 	We strongly recommend you activate the PTB sound engine in PsychoPy prefs as the preferred audio engine. Its timing is vastly superior. Your prefs are currently set to use ['sounddevice', 'PTB', 'pyo', 'pygame'] (in that order).
3.7869 	WARNING 	User requested fullscreen with size [1024  768], but screen is actually [1920, 1080]. Using actual size
4.1270 	EXP 	Created window1 = Window(allowGUI=True, allowStencil=False, autoLog=True, backendConf=UNKNOWN, bitsMode=UNKNOWN, blendMode='avg', bpc=(8, 8, 8), color=array([0, 0, 0]), colorSpace='rgb', depthBits=8, fullscr=<method-wrapper '__getattribute__' of attributeSetter object at 0x00000247863820D0>, gamma=None, gammaErrorPolicy='raise', lms=UNKNOWN, monitor=<psychopy.monitors.calibTools.Monitor object at 0x000002478C877610>, multiSample=False, name='window1', numSamples=2, pos=(0, 0), screen=0, size=array([1920, 1080]), stencilBits=0, stereo=False, units='height', useFBO=True, useRetina=False, viewOri=0.0, viewPos=None, viewScale=None, waitBlanking=True, winType='pyglet')
4.1270 	EXP 	window1: mouseVisible = True
4.1271 	EXP 	window1: mouseVisible = False
4.1271 	EXP 	window1: Attempting to measure frame rate of screen (0) ...
4.1271 	EXP 	window1: recordFrameIntervals = False
4.1684 	EXP 	window1: recordFrameIntervals = True
4.2143 	EXP 	Screen (0) actual frame rate measured at 240.19Hz
4.2143 	EXP 	window1: recordFrameIntervals = False
5.8849 	EXP 	Created text = TextStim(__class__=<class 'psychopy.visual.text.TextStim'>, alignHoriz=method-wrapper(...), alignText='center', alignVert=method-wrapper(...), anchorHoriz='center', anchorVert='center', antialias=True, autoDraw=False, autoLog=True, bold=False, color=array([1, 1, 1]), colorSpace='rgb', contrast=1.0, depth=-2.0, flipHoriz=False, flipVert=False, font='Open Sans', fontFiles=[], height=0.05, italic=False, languageStyle='LTR', name='text', opacity=1.0, ori=0.0, pos=array([ 0. , -0.2]), rgb=UNKNOWN, text='asd', units='height', win=Window(...), wrapWidth=1)
5.8996 	EXP 	window1: mouseVisible = True
5.9086 	EXP 	textbox: autoLog = True
5.9086 	EXP 	text: height = 0.05
5.9086 	EXP 	text: height = 0.05
5.9086 	EXP 	text: height = 0.05
5.9086 	EXP 	text: text = 0
5.9086 	EXP 	textbox: autoDraw = True
5.9086 	EXP 	text: autoDraw = True
5.9163 	EXP 	text: height = 0.05
5.9163 	EXP 	text: height = 0.05
5.9163 	EXP 	text: height = 0.05
5.9163 	EXP 	text: text = 0
5.9206 	EXP 	text: height = 0.05
5.9206 	EXP 	text: height = 0.05
5.9206 	EXP 	text: height = 0.05
5.9206 	EXP 	text: text = 0
5.9276 	EXP 	text: height = 0.05
5.9276 	EXP 	text: height = 0.05
5.9276 	EXP 	text: height = 0.05
5.9276 	EXP 	text: text = 0
5.9317 	EXP 	text: height = 0.05
5.9317 	EXP 	text: height = 0.05
5.9317 	EXP 	text: height = 0.05
5.9317 	EXP 	text: text = 0
5.9384 	EXP 	text: height = 0.05
5.9384 	EXP 	text: height = 0.05
5.9384 	EXP 	text: height = 0.05
5.9384 	EXP 	text: text = 0
5.9427 	EXP 	text: height = 0.05
5.9427 	EXP 	text: height = 0.05
5.9427 	EXP 	text: height = 0.05
5.9427 	EXP 	text: text = 0
5.9509 	EXP 	text: height = 0.05
5.9509 	EXP 	text: height = 0.05
5.9509 	EXP 	text: height = 0.05
5.9509 	EXP 	text: text = 0
5.9552 	EXP 	text: height = 0.05
5.9552 	EXP 	text: height = 0.05
5.9552 	EXP 	text: height = 0.05
5.9552 	EXP 	text: text = 0
5.9606 	EXP 	text: height = 0.05
5.9606 	EXP 	text: height = 0.05
5.9606 	EXP 	text: height = 0.05
5.9606 	EXP 	text: text = 0
5.9648 	EXP 	text: height = 0.05
5.9648 	EXP 	text: height = 0.05
5.9648 	EXP 	text: height = 0.05
5.9648 	EXP 	text: text = 0
5.9693 	EXP 	text: height = 0.05
5.9693 	EXP 	text: height = 0.05
5.9693 	EXP 	text: height = 0.05
5.9693 	EXP 	text: text = 0
5.9735 	EXP 	text: height = 0.05
5.9735 	EXP 	text: height = 0.05
5.9735 	EXP 	text: height = 0.05
5.9735 	EXP 	text: text = 0
5.9780 	EXP 	text: height = 0.05
5.9780 	EXP 	text: height = 0.05
5.9780 	EXP 	text: height = 0.05
5.9780 	EXP 	text: text = 0
5.9826 	EXP 	text: height = 0.05
5.9826 	EXP 	text: height = 0.05
5.9826 	EXP 	text: height = 0.05
5.9826 	EXP 	text: text = 0
5.9870 	EXP 	text: height = 0.05
5.9870 	EXP 	text: height = 0.05
5.9870 	EXP 	text: height = 0.05
5.9870 	EXP 	text: text = 0
5.9932 	EXP 	text: height = 0.05
5.9932 	EXP 	text: height = 0.05
5.9932 	EXP 	text: height = 0.05
5.9932 	EXP 	text: text = 0
5.9980 	EXP 	text: height = 0.05
5.9980 	EXP 	text: height = 0.05
5.9980 	EXP 	text: height = 0.05
5.9980 	EXP 	text: text = 0
6.0024 	EXP 	text: height = 0.05
6.0024 	EXP 	text: height = 0.05
6.0024 	EXP 	text: height = 0.05
6.0024 	EXP 	text: text = 0
6.0069 	EXP 	text: height = 0.05
6.0069 	EXP 	text: height = 0.05
6.0069 	EXP 	text: height = 0.05
6.0069 	EXP 	text: text = 0
6.0112 	EXP 	text: height = 0.05
6.0112 	EXP 	text: height = 0.05
6.0112 	EXP 	text: height = 0.05
6.0112 	EXP 	text: text = 0
6.0155 	EXP 	text: height = 0.05
6.0155 	EXP 	text: height = 0.05
6.0155 	EXP 	text: height = 0.05
6.0155 	EXP 	text: text = 0
6.0202 	EXP 	text: height = 0.05
6.0202 	EXP 	text: height = 0.05
6.0202 	EXP 	text: height = 0.05
6.0202 	EXP 	text: text = 0
6.0248 	EXP 	text: height = 0.05
6.0248 	EXP 	text: height = 0.05
6.0248 	EXP 	text: height = 0.05
6.0248 	EXP 	text: text = 0
6.0291 	EXP 	text: height = 0.05
6.0291 	EXP 	text: height = 0.05
6.0291 	EXP 	text: height = 0.05
6.0291 	EXP 	text: text = 0
6.0332 	EXP 	text: height = 0.05
6.0332 	EXP 	text: height = 0.05
6.0332 	EXP 	text: height = 0.05
6.0332 	EXP 	text: text = 0
6.0374 	EXP 	text: height = 0.05
6.0374 	EXP 	text: height = 0.05
6.0374 	EXP 	text: height = 0.05
6.0374 	EXP 	text: text = 0
6.0427 	EXP 	text: height = 0.05
6.0427 	EXP 	text: height = 0.05
6.0427 	EXP 	text: height = 0.05
6.0427 	EXP 	text: text = 0
6.0472 	EXP 	text: height = 0.05
6.0472 	EXP 	text: height = 0.05
6.0472 	EXP 	text: height = 0.05
6.0472 	EXP 	text: text = 0
6.0519 	EXP 	text: height = 0.05
6.0519 	EXP 	text: height = 0.05
6.0519 	EXP 	text: height = 0.05
6.0519 	EXP 	text: text = 0
6.0568 	EXP 	text: height = 0.05
6.0568 	EXP 	text: height = 0.05
6.0568 	EXP 	text: height = 0.05
6.0568 	EXP 	text: text = 0
6.0614 	EXP 	text: height = 0.05
6.0614 	EXP 	text: height = 0.05
6.0614 	EXP 	text: height = 0.05
6.0614 	EXP 	text: text = 0
6.0660 	EXP 	text: height = 0.05
6.0660 	EXP 	text: height = 0.05
6.0660 	EXP 	text: height = 0.05
6.0660 	EXP 	text: text = 0
6.0703 	EXP 	text: height = 0.05
6.0703 	EXP 	text: height = 0.05
6.0703 	EXP 	text: height = 0.05
6.0703 	EXP 	text: text = 0
6.0748 	EXP 	text: height = 0.05
6.0748 	EXP 	text: height = 0.05
6.0748 	EXP 	text: height = 0.05
6.0748 	EXP 	text: text = 0
6.0793 	EXP 	text: height = 0.05
6.0793 	EXP 	text: height = 0.05
6.0793 	EXP 	text: height = 0.05
6.0793 	EXP 	text: text = 0
6.0837 	EXP 	text: height = 0.05
6.0837 	EXP 	text: height = 0.05
6.0837 	EXP 	text: height = 0.05
6.0837 	EXP 	text: text = 0
6.0888 	EXP 	text: height = 0.05
6.0888 	EXP 	text: height = 0.05
6.0888 	EXP 	text: height = 0.05
6.0888 	EXP 	text: text = 0
6.0937 	EXP 	text: height = 0.05
6.0937 	EXP 	text: height = 0.05
6.0937 	EXP 	text: height = 0.05
6.0937 	EXP 	text: text = 0
6.0988 	EXP 	text: height = 0.05
6.0988 	EXP 	text: height = 0.05
6.0988 	EXP 	text: height = 0.05
6.0988 	EXP 	text: text = 0
6.1034 	EXP 	text: height = 0.05
6.1034 	EXP 	text: height = 0.05
6.1034 	EXP 	text: height = 0.05
6.1034 	EXP 	text: text = 0
6.1078 	EXP 	text: height = 0.05
6.1078 	EXP 	text: height = 0.05
6.1078 	EXP 	text: height = 0.05
6.1078 	EXP 	text: text = 0
6.1126 	EXP 	text: height = 0.05
6.1126 	EXP 	text: height = 0.05
6.1126 	EXP 	text: height = 0.05
6.1126 	EXP 	text: text = 0
6.1169 	EXP 	text: height = 0.05
6.1169 	EXP 	text: height = 0.05
6.1169 	EXP 	text: height = 0.05
6.1169 	EXP 	text: text = 0
6.1217 	EXP 	text: height = 0.05
6.1217 	EXP 	text: height = 0.05
6.1217 	EXP 	text: height = 0.05
6.1217 	EXP 	text: text = 0
6.1262 	EXP 	text: height = 0.05
6.1262 	EXP 	text: height = 0.05
6.1262 	EXP 	text: height = 0.05
6.1262 	EXP 	text: text = 0
6.1308 	EXP 	text: height = 0.05
6.1308 	EXP 	text: height = 0.05
6.1308 	EXP 	text: height = 0.05
6.1308 	EXP 	text: text = 0
6.1359 	EXP 	text: height = 0.05
6.1359 	EXP 	text: height = 0.05
6.1359 	EXP 	text: height = 0.05
6.1359 	EXP 	text: text = 0
6.1409 	EXP 	text: height = 0.05
6.1409 	EXP 	text: height = 0.05
6.1409 	EXP 	text: height = 0.05
6.1409 	EXP 	text: text = 0
6.1455 	EXP 	text: height = 0.05
6.1455 	EXP 	text: height = 0.05
6.1455 	EXP 	text: height = 0.05
6.1455 	EXP 	text: text = 0
6.1503 	EXP 	text: height = 0.05
6.1503 	EXP 	text: height = 0.05
6.1503 	EXP 	text: height = 0.05
6.1503 	EXP 	text: text = 0
6.1552 	EXP 	text: height = 0.05
6.1552 	EXP 	text: height = 0.05
6.1552 	EXP 	text: height = 0.05
6.1552 	EXP 	text: text = 0
6.1598 	EXP 	text: height = 0.05
6.1598 	EXP 	text: height = 0.05
6.1598 	EXP 	text: height = 0.05
6.1598 	EXP 	text: text = 0
6.1643 	EXP 	text: height = 0.05
6.1643 	EXP 	text: height = 0.05
6.1643 	EXP 	text: height = 0.05
6.1643 	EXP 	text: text = 0
6.1689 	EXP 	text: height = 0.05
6.1689 	EXP 	text: height = 0.05
6.1689 	EXP 	text: height = 0.05
6.1689 	EXP 	text: text = 0
6.1738 	EXP 	text: height = 0.05
6.1738 	EXP 	text: height = 0.05
6.1738 	EXP 	text: height = 0.05
6.1738 	EXP 	text: text = 0
6.1783 	EXP 	text: height = 0.05
6.1783 	EXP 	text: height = 0.05
6.1783 	EXP 	text: height = 0.05
6.1783 	EXP 	text: text = 0
6.1836 	EXP 	text: height = 0.05
6.1836 	EXP 	text: height = 0.05
6.1836 	EXP 	text: height = 0.05
6.1836 	EXP 	text: text = 0
6.1884 	EXP 	text: height = 0.05
6.1884 	EXP 	text: height = 0.05
6.1884 	EXP 	text: height = 0.05
6.1884 	EXP 	text: text = 0
6.1930 	EXP 	text: height = 0.05
6.1930 	EXP 	text: height = 0.05
6.1930 	EXP 	text: height = 0.05
6.1930 	EXP 	text: text = 0
6.1991 	EXP 	text: height = 0.05
6.1991 	EXP 	text: height = 0.05
6.1991 	EXP 	text: height = 0.05
6.1991 	EXP 	text: text = 0
6.2041 	EXP 	text: height = 0.05
6.2041 	EXP 	text: height = 0.05
6.2041 	EXP 	text: height = 0.05
6.2041 	EXP 	text: text = 0
6.2087 	EXP 	text: height = 0.05
6.2087 	EXP 	text: height = 0.05
6.2087 	EXP 	text: height = 0.05
6.2087 	EXP 	text: text = 0
6.2138 	EXP 	text: height = 0.05
6.2138 	EXP 	text: height = 0.05
6.2138 	EXP 	text: height = 0.05
6.2138 	EXP 	text: text = 0
6.2189 	EXP 	text: height = 0.05
6.2189 	EXP 	text: height = 0.05
6.2189 	EXP 	text: height = 0.05
6.2189 	EXP 	text: text = 0
6.2235 	EXP 	text: height = 0.05
6.2235 	EXP 	text: height = 0.05
6.2235 	EXP 	text: height = 0.05
6.2235 	EXP 	text: text = 0
6.2279 	EXP 	text: height = 0.05
6.2279 	EXP 	text: height = 0.05
6.2279 	EXP 	text: height = 0.05
6.2279 	EXP 	text: text = 0
6.2322 	EXP 	text: height = 0.05
6.2322 	EXP 	text: height = 0.05
6.2322 	EXP 	text: height = 0.05
6.2322 	EXP 	text: text = 0
6.2370 	EXP 	text: height = 0.05
6.2370 	EXP 	text: height = 0.05
6.2370 	EXP 	text: height = 0.05
6.2370 	EXP 	text: text = 0
6.2417 	EXP 	text: height = 0.05
6.2417 	EXP 	text: height = 0.05
6.2417 	EXP 	text: height = 0.05
6.2417 	EXP 	text: text = 0
6.2461 	EXP 	text: height = 0.05
6.2461 	EXP 	text: height = 0.05
6.2461 	EXP 	text: height = 0.05
6.2461 	EXP 	text: text = 0
6.2503 	EXP 	text: height = 0.05
6.2503 	EXP 	text: height = 0.05
6.2503 	EXP 	text: height = 0.05
6.2503 	EXP 	text: text = 0
6.2547 	EXP 	text: height = 0.05
6.2547 	EXP 	text: height = 0.05
6.2547 	EXP 	text: height = 0.05
6.2547 	EXP 	text: text = 0
6.2597 	EXP 	text: height = 0.05
6.2597 	EXP 	text: height = 0.05
6.2597 	EXP 	text: height = 0.05
6.2597 	EXP 	text: text = 0
6.2642 	EXP 	text: height = 0.05
6.2642 	EXP 	text: height = 0.05
6.2642 	EXP 	text: height = 0.05
6.2642 	EXP 	text: text = 0
6.2688 	EXP 	text: height = 0.05
6.2688 	EXP 	text: height = 0.05
6.2688 	EXP 	text: height = 0.05
6.2688 	EXP 	text: text = 0
6.2737 	EXP 	text: height = 0.05
6.2737 	EXP 	text: height = 0.05
6.2737 	EXP 	text: height = 0.05
6.2737 	EXP 	text: text = 0
6.2785 	EXP 	text: height = 0.05
6.2785 	EXP 	text: height = 0.05
6.2785 	EXP 	text: height = 0.05
6.2785 	EXP 	text: text = 0
6.2831 	EXP 	text: height = 0.05
6.2831 	EXP 	text: height = 0.05
6.2831 	EXP 	text: height = 0.05
6.2831 	EXP 	text: text = 0
6.2875 	EXP 	text: height = 0.05
6.2875 	EXP 	text: height = 0.05
6.2875 	EXP 	text: height = 0.05
6.2875 	EXP 	text: text = 0
6.2925 	EXP 	text: height = 0.05
6.2925 	EXP 	text: height = 0.05
6.2925 	EXP 	text: height = 0.05
6.2925 	EXP 	text: text = 0
6.2967 	EXP 	text: height = 0.05
6.2967 	EXP 	text: height = 0.05
6.2967 	EXP 	text: height = 0.05
6.2967 	EXP 	text: text = 0
6.3009 	EXP 	text: height = 0.05
6.3009 	EXP 	text: height = 0.05
6.3009 	EXP 	text: height = 0.05
6.3009 	EXP 	text: text = 0
6.3053 	EXP 	text: height = 0.05
6.3053 	EXP 	text: height = 0.05
6.3053 	EXP 	text: height = 0.05
6.3053 	EXP 	text: text = 0
6.3101 	EXP 	text: height = 0.05
6.3101 	EXP 	text: height = 0.05
6.3101 	EXP 	text: height = 0.05
6.3101 	EXP 	text: text = 0
6.3144 	EXP 	text: height = 0.05
6.3144 	EXP 	text: height = 0.05
6.3144 	EXP 	text: height = 0.05
6.3144 	EXP 	text: text = 0
6.3186 	EXP 	text: height = 0.05
6.3186 	EXP 	text: height = 0.05
6.3186 	EXP 	text: height = 0.05
6.3186 	EXP 	text: text = 0
6.3228 	EXP 	text: height = 0.05
6.3228 	EXP 	text: height = 0.05
6.3228 	EXP 	text: height = 0.05
6.3228 	EXP 	text: text = 0
6.3271 	EXP 	text: height = 0.05
6.3271 	EXP 	text: height = 0.05
6.3271 	EXP 	text: height = 0.05
6.3271 	EXP 	text: text = 0
6.3311 	DATA 	Mouse: Left button down, pos=(980,689)
6.3317 	EXP 	text: height = 0.05
6.3317 	EXP 	text: height = 0.05
6.3317 	EXP 	text: height = 0.05
6.3317 	EXP 	text: text = 0
6.3361 	EXP 	text: height = 0.05
6.3361 	EXP 	text: height = 0.05
6.3361 	EXP 	text: height = 0.05
6.3361 	EXP 	text: text = 0
6.3403 	EXP 	text: height = 0.05
6.3403 	EXP 	text: height = 0.05
6.3403 	EXP 	text: height = 0.05
6.3403 	EXP 	text: text = 0
6.3447 	EXP 	text: height = 0.05
6.3447 	EXP 	text: height = 0.05
6.3447 	EXP 	text: height = 0.05
6.3447 	EXP 	text: text = 0
6.3490 	EXP 	text: height = 0.05
6.3490 	EXP 	text: height = 0.05
6.3490 	EXP 	text: height = 0.05
6.3490 	EXP 	text: text = 0
6.3545 	EXP 	text: height = 0.05
6.3545 	EXP 	text: height = 0.05
6.3545 	EXP 	text: height = 0.05
6.3545 	EXP 	text: text = 0
6.3596 	EXP 	text: height = 0.05
6.3596 	EXP 	text: height = 0.05
6.3596 	EXP 	text: height = 0.05
6.3596 	EXP 	text: text = 0
6.3639 	EXP 	text: height = 0.05
6.3639 	EXP 	text: height = 0.05
6.3639 	EXP 	text: height = 0.05
6.3639 	EXP 	text: text = 0
6.3682 	EXP 	text: height = 0.05
6.3682 	EXP 	text: height = 0.05
6.3682 	EXP 	text: height = 0.05
6.3682 	EXP 	text: text = 0
6.3728 	EXP 	text: height = 0.05
6.3728 	EXP 	text: height = 0.05
6.3728 	EXP 	text: height = 0.05
6.3728 	EXP 	text: text = 0
6.3772 	EXP 	text: height = 0.05
6.3772 	EXP 	text: height = 0.05
6.3772 	EXP 	text: height = 0.05
6.3772 	EXP 	text: text = 0
6.3815 	EXP 	text: height = 0.05
6.3815 	EXP 	text: height = 0.05
6.3815 	EXP 	text: height = 0.05
6.3815 	EXP 	text: text = 0
6.3866 	EXP 	text: height = 0.05
6.3866 	EXP 	text: height = 0.05
6.3866 	EXP 	text: height = 0.05
6.3866 	EXP 	text: text = 0
6.3910 	EXP 	text: height = 0.05
6.3910 	EXP 	text: height = 0.05
6.3910 	EXP 	text: height = 0.05
6.3910 	EXP 	text: text = 0
6.3952 	EXP 	text: height = 0.05
6.3952 	EXP 	text: height = 0.05
6.3952 	EXP 	text: height = 0.05
6.3952 	EXP 	text: text = 0
6.3996 	EXP 	text: height = 0.05
6.3996 	EXP 	text: height = 0.05
6.3996 	EXP 	text: height = 0.05
6.3996 	EXP 	text: text = 0
6.4040 	EXP 	text: height = 0.05
6.4040 	EXP 	text: height = 0.05
6.4040 	EXP 	text: height = 0.05
6.4040 	EXP 	text: text = 0
6.4084 	EXP 	text: height = 0.05
6.4084 	EXP 	text: height = 0.05
6.4084 	EXP 	text: height = 0.05
6.4084 	EXP 	text: text = 0
6.4130 	EXP 	text: height = 0.05
6.4130 	EXP 	text: height = 0.05
6.4130 	EXP 	text: height = 0.05
6.4130 	EXP 	text: text = 0
6.4183 	EXP 	text: height = 0.05
6.4183 	EXP 	text: height = 0.05
6.4183 	EXP 	text: height = 0.05
6.4183 	EXP 	text: text = 0
6.4230 	EXP 	text: height = 0.05
6.4230 	EXP 	text: height = 0.05
6.4230 	EXP 	text: height = 0.05
6.4230 	EXP 	text: text = 0
6.4272 	EXP 	text: height = 0.05
6.4272 	EXP 	text: height = 0.05
6.4272 	EXP 	text: height = 0.05
6.4272 	EXP 	text: text = 0
6.4314 	EXP 	text: height = 0.05
6.4314 	EXP 	text: height = 0.05
6.4314 	EXP 	text: height = 0.05
6.4314 	EXP 	text: text = 0
6.4356 	EXP 	text: height = 0.05
6.4356 	EXP 	text: height = 0.05
6.4356 	EXP 	text: height = 0.05
6.4356 	EXP 	text: text = 0
6.4394 	DATA 	Mouse:  Left button up, pos=(980,689)
6.4400 	EXP 	text: height = 0.05
6.4400 	EXP 	text: height = 0.05
6.4400 	EXP 	text: height = 0.05
6.4400 	EXP 	text: text = 0
6.4460 	EXP 	text: height = 0.05
6.4460 	EXP 	text: height = 0.05
6.4460 	EXP 	text: height = 0.05
6.4460 	EXP 	text: text = 0
6.4509 	EXP 	text: height = 0.05
6.4509 	EXP 	text: height = 0.05
6.4509 	EXP 	text: height = 0.05
6.4509 	EXP 	text: text = 0
6.4550 	EXP 	text: height = 0.05
6.4550 	EXP 	text: height = 0.05
6.4550 	EXP 	text: height = 0.05
6.4550 	EXP 	text: text = 0
6.4592 	EXP 	text: height = 0.05
6.4592 	EXP 	text: height = 0.05
6.4592 	EXP 	text: height = 0.05
6.4592 	EXP 	text: text = 0
6.4638 	EXP 	text: height = 0.05
6.4638 	EXP 	text: height = 0.05
6.4638 	EXP 	text: height = 0.05
6.4638 	EXP 	text: text = 0
6.4679 	EXP 	text: height = 0.05
6.4679 	EXP 	text: height = 0.05
6.4679 	EXP 	text: height = 0.05
6.4679 	EXP 	text: text = 0
6.4722 	EXP 	text: height = 0.05
6.4722 	EXP 	text: height = 0.05
6.4722 	EXP 	text: height = 0.05
6.4722 	EXP 	text: text = 0
6.4772 	EXP 	text: height = 0.05
6.4772 	EXP 	text: height = 0.05
6.4772 	EXP 	text: height = 0.05
6.4772 	EXP 	text: text = 0
6.4818 	EXP 	text: height = 0.05
6.4818 	EXP 	text: height = 0.05
6.4818 	EXP 	text: height = 0.05
6.4818 	EXP 	text: text = 0
6.4859 	EXP 	text: height = 0.05
6.4859 	EXP 	text: height = 0.05
6.4859 	EXP 	text: height = 0.05
6.4859 	EXP 	text: text = 0
6.4902 	EXP 	text: height = 0.05
6.4902 	EXP 	text: height = 0.05
6.4902 	EXP 	text: height = 0.05
6.4902 	EXP 	text: text = 0
6.4915 	DATA 	Keypress: a
6.4989 	EXP 	text: height = 0.05
6.4989 	EXP 	text: height = 0.05
6.4989 	EXP 	text: height = 0.05
6.4989 	EXP 	text: text = 0
6.5042 	EXP 	text: height = 0.05
6.5042 	EXP 	text: height = 0.05
6.5042 	EXP 	text: height = 0.05
6.5042 	EXP 	text: text = 1
6.5083 	EXP 	text: height = 0.05
6.5083 	EXP 	text: height = 0.05
6.5083 	EXP 	text: height = 0.05
6.5083 	EXP 	text: text = 1
6.5145 	EXP 	text: height = 0.05
6.5145 	EXP 	text: height = 0.05
6.5145 	EXP 	text: height = 0.05
6.5145 	EXP 	text: text = 1
6.5187 	EXP 	text: height = 0.05
6.5187 	EXP 	text: height = 0.05
6.5187 	EXP 	text: height = 0.05
6.5187 	EXP 	text: text = 1
6.5238 	EXP 	text: height = 0.05
6.5238 	EXP 	text: height = 0.05
6.5238 	EXP 	text: height = 0.05
6.5238 	EXP 	text: text = 1
6.5279 	EXP 	text: height = 0.05
6.5279 	EXP 	text: height = 0.05
6.5279 	EXP 	text: height = 0.05
6.5279 	EXP 	text: text = 1
6.5325 	EXP 	text: height = 0.05
6.5325 	EXP 	text: height = 0.05
6.5325 	EXP 	text: height = 0.05
6.5325 	EXP 	text: text = 1
6.5366 	EXP 	text: height = 0.05
6.5366 	EXP 	text: height = 0.05
6.5366 	EXP 	text: height = 0.05
6.5366 	EXP 	text: text = 1
6.5415 	EXP 	text: height = 0.05
6.5415 	EXP 	text: height = 0.05
6.5415 	EXP 	text: height = 0.05
6.5415 	EXP 	text: text = 1
6.5456 	EXP 	text: height = 0.05
6.5456 	EXP 	text: height = 0.05
6.5456 	EXP 	text: height = 0.05
6.5456 	EXP 	text: text = 1
6.5500 	EXP 	text: height = 0.05
6.5500 	EXP 	text: height = 0.05
6.5500 	EXP 	text: height = 0.05
6.5500 	EXP 	text: text = 1
6.5541 	EXP 	text: height = 0.05
6.5541 	EXP 	text: height = 0.05
6.5541 	EXP 	text: height = 0.05
6.5541 	EXP 	text: text = 1
6.5585 	EXP 	text: height = 0.05
6.5585 	EXP 	text: height = 0.05
6.5585 	EXP 	text: height = 0.05
6.5585 	EXP 	text: text = 1
6.5626 	EXP 	text: height = 0.05
6.5626 	EXP 	text: height = 0.05
6.5626 	EXP 	text: height = 0.05
6.5626 	EXP 	text: text = 1
6.5668 	EXP 	text: height = 0.05
6.5668 	EXP 	text: height = 0.05
6.5668 	EXP 	text: height = 0.05
6.5668 	EXP 	text: text = 1
6.5711 	EXP 	text: height = 0.05
6.5711 	EXP 	text: height = 0.05
6.5711 	EXP 	text: height = 0.05
6.5711 	EXP 	text: text = 1
6.5755 	EXP 	text: height = 0.05
6.5755 	EXP 	text: height = 0.05
6.5755 	EXP 	text: height = 0.05
6.5755 	EXP 	text: text = 1
6.5797 	EXP 	text: height = 0.05
6.5797 	EXP 	text: height = 0.05
6.5797 	EXP 	text: height = 0.05
6.5797 	EXP 	text: text = 1
6.5833 	DATA 	Keypress: s
6.5869 	EXP 	text: height = 0.05
6.5869 	EXP 	text: height = 0.05
6.5869 	EXP 	text: height = 0.05
6.5869 	EXP 	text: text = 1
6.5928 	EXP 	text: height = 0.05
6.5928 	EXP 	text: height = 0.05
6.5928 	EXP 	text: height = 0.05
6.5928 	EXP 	text: text = 1
6.5970 	EXP 	text: height = 0.05
6.5970 	EXP 	text: height = 0.05
6.5970 	EXP 	text: height = 0.05
6.5970 	EXP 	text: text = 1
6.6015 	EXP 	text: height = 0.05
6.6015 	EXP 	text: height = 0.05
6.6015 	EXP 	text: height = 0.05
6.6015 	EXP 	text: text = 1
6.6056 	EXP 	text: height = 0.05
6.6056 	EXP 	text: height = 0.05
6.6056 	EXP 	text: height = 0.05
6.6056 	EXP 	text: text = 1
6.6098 	EXP 	text: height = 0.05
6.6098 	EXP 	text: height = 0.05
6.6098 	EXP 	text: height = 0.05
6.6098 	EXP 	text: text = 1
6.6140 	EXP 	text: height = 0.05
6.6140 	EXP 	text: height = 0.05
6.6140 	EXP 	text: height = 0.05
6.6140 	EXP 	text: text = 1
6.6184 	EXP 	text: height = 0.05
6.6184 	EXP 	text: height = 0.05
6.6184 	EXP 	text: height = 0.05
6.6184 	EXP 	text: text = 1
6.6226 	EXP 	text: height = 0.05
6.6226 	EXP 	text: height = 0.05
6.6226 	EXP 	text: height = 0.05
6.6226 	EXP 	text: text = 1
6.6268 	EXP 	text: height = 0.05
6.6268 	EXP 	text: height = 0.05
6.6268 	EXP 	text: height = 0.05
6.6268 	EXP 	text: text = 1
6.6309 	EXP 	text: height = 0.05
6.6309 	EXP 	text: height = 0.05
6.6309 	EXP 	text: height = 0.05
6.6309 	EXP 	text: text = 1
6.6351 	EXP 	text: height = 0.05
6.6351 	EXP 	text: height = 0.05
6.6351 	EXP 	text: height = 0.05
6.6351 	EXP 	text: text = 1
6.6393 	EXP 	text: height = 0.05
6.6393 	EXP 	text: height = 0.05
6.6393 	EXP 	text: height = 0.05
6.6393 	EXP 	text: text = 1
6.6435 	EXP 	text: height = 0.05
6.6435 	EXP 	text: height = 0.05
6.6435 	EXP 	text: height = 0.05
6.6435 	EXP 	text: text = 1
6.6476 	EXP 	text: height = 0.05
6.6476 	EXP 	text: height = 0.05
6.6476 	EXP 	text: height = 0.05
6.6476 	EXP 	text: text = 1
6.6518 	EXP 	text: height = 0.05
6.6518 	EXP 	text: height = 0.05
6.6518 	EXP 	text: height = 0.05
6.6518 	EXP 	text: text = 1
6.6560 	EXP 	text: height = 0.05
6.6560 	EXP 	text: height = 0.05
6.6560 	EXP 	text: height = 0.05
6.6560 	EXP 	text: text = 1
6.6593 	DATA 	Keypress: d
6.6656 	EXP 	text: height = 0.05
6.6656 	EXP 	text: height = 0.05
6.6656 	EXP 	text: height = 0.05
6.6656 	EXP 	text: text = 1
6.6701 	EXP 	text: height = 0.05
6.6701 	EXP 	text: height = 0.05
6.6701 	EXP 	text: height = 0.05
6.6701 	EXP 	text: text = 1
6.6743 	EXP 	text: height = 0.05
6.6743 	EXP 	text: height = 0.05
6.6743 	EXP 	text: height = 0.05
6.6743 	EXP 	text: text = 1
6.6796 	EXP 	text: height = 0.05
6.6796 	EXP 	text: height = 0.05
6.6796 	EXP 	text: height = 0.05
6.6796 	EXP 	text: text = 1
6.6843 	EXP 	text: height = 0.05
6.6843 	EXP 	text: height = 0.05
6.6843 	EXP 	text: height = 0.05
6.6843 	EXP 	text: text = 1
6.6892 	EXP 	text: height = 0.05
6.6892 	EXP 	text: height = 0.05
6.6892 	EXP 	text: height = 0.05
6.6892 	EXP 	text: text = 1
6.6934 	EXP 	text: height = 0.05
6.6934 	EXP 	text: height = 0.05
6.6934 	EXP 	text: height = 0.05
6.6934 	EXP 	text: text = 1
6.6979 	EXP 	text: height = 0.05
6.6979 	EXP 	text: height = 0.05
6.6979 	EXP 	text: height = 0.05
6.6979 	EXP 	text: text = 1
6.7021 	EXP 	text: height = 0.05
6.7021 	EXP 	text: height = 0.05
6.7021 	EXP 	text: height = 0.05
6.7021 	EXP 	text: text = 1
6.7063 	EXP 	text: height = 0.05
6.7063 	EXP 	text: height = 0.05
6.7063 	EXP 	text: height = 0.05
6.7063 	EXP 	text: text = 1
6.7108 	EXP 	text: height = 0.05
6.7108 	EXP 	text: height = 0.05
6.7108 	EXP 	text: height = 0.05
6.7108 	EXP 	text: text = 1
6.7147 	EXP 	text: height = 0.05
6.7147 	EXP 	text: height = 0.05
6.7147 	EXP 	text: height = 0.05
6.7147 	EXP 	text: text = 1
6.7189 	EXP 	text: height = 0.05
6.7189 	EXP 	text: height = 0.05
6.7189 	EXP 	text: height = 0.05
6.7189 	EXP 	text: text = 1
6.7230 	EXP 	text: height = 0.05
6.7230 	EXP 	text: height = 0.05
6.7230 	EXP 	text: height = 0.05
6.7230 	EXP 	text: text = 1
6.7272 	EXP 	text: height = 0.05
6.7272 	EXP 	text: height = 0.05
6.7272 	EXP 	text: height = 0.05
6.7272 	EXP 	text: text = 1
6.7314 	EXP 	text: height = 0.05
6.7314 	EXP 	text: height = 0.05
6.7314 	EXP 	text: height = 0.05
6.7314 	EXP 	text: text = 1
6.7355 	EXP 	text: height = 0.05
6.7355 	EXP 	text: height = 0.05
6.7355 	EXP 	text: height = 0.05
6.7355 	EXP 	text: text = 1
6.7397 	EXP 	text: height = 0.05
6.7397 	EXP 	text: height = 0.05
6.7397 	EXP 	text: height = 0.05
6.7397 	EXP 	text: text = 1
6.7439 	EXP 	text: height = 0.05
6.7439 	EXP 	text: height = 0.05
6.7439 	EXP 	text: height = 0.05
6.7439 	EXP 	text: text = 1
6.7480 	EXP 	text: height = 0.05
6.7480 	EXP 	text: height = 0.05
6.7480 	EXP 	text: height = 0.05
6.7480 	EXP 	text: text = 1
6.7522 	EXP 	text: height = 0.05
6.7522 	EXP 	text: height = 0.05
6.7522 	EXP 	text: height = 0.05
6.7522 	EXP 	text: text = 1
6.7569 	EXP 	text: height = 0.05
6.7569 	EXP 	text: height = 0.05
6.7569 	EXP 	text: height = 0.05
6.7569 	EXP 	text: text = 1
6.7606 	EXP 	text: height = 0.05
6.7606 	EXP 	text: height = 0.05
6.7606 	EXP 	text: height = 0.05
6.7606 	EXP 	text: text = 1
6.7648 	EXP 	text: height = 0.05
6.7648 	EXP 	text: height = 0.05
6.7648 	EXP 	text: height = 0.05
6.7648 	EXP 	text: text = 1
6.7689 	EXP 	text: height = 0.05
6.7689 	EXP 	text: height = 0.05
6.7689 	EXP 	text: height = 0.05
6.7689 	EXP 	text: text = 1
6.7732 	EXP 	text: height = 0.05
6.7732 	EXP 	text: height = 0.05
6.7732 	EXP 	text: height = 0.05
6.7732 	EXP 	text: text = 1
6.7774 	EXP 	text: height = 0.05
6.7774 	EXP 	text: height = 0.05
6.7774 	EXP 	text: height = 0.05
6.7774 	EXP 	text: text = 1
6.7815 	EXP 	text: height = 0.05
6.7815 	EXP 	text: height = 0.05
6.7815 	EXP 	text: height = 0.05
6.7815 	EXP 	text: text = 1
6.7857 	EXP 	text: height = 0.05
6.7857 	EXP 	text: height = 0.05
6.7857 	EXP 	text: height = 0.05
6.7857 	EXP 	text: text = 1
6.7898 	EXP 	text: height = 0.05
6.7898 	EXP 	text: height = 0.05
6.7898 	EXP 	text: height = 0.05
6.7898 	EXP 	text: text = 1
6.7940 	EXP 	text: height = 0.05
6.7940 	EXP 	text: height = 0.05
6.7940 	EXP 	text: height = 0.05
6.7940 	EXP 	text: text = 1
6.7982 	EXP 	text: height = 0.05
6.7982 	EXP 	text: height = 0.05
6.7982 	EXP 	text: height = 0.05
6.7982 	EXP 	text: text = 1
6.8027 	EXP 	text: height = 0.05
6.8027 	EXP 	text: height = 0.05
6.8027 	EXP 	text: height = 0.05
6.8027 	EXP 	text: text = 1
6.8065 	EXP 	text: height = 0.05
6.8065 	EXP 	text: height = 0.05
6.8065 	EXP 	text: height = 0.05
6.8065 	EXP 	text: text = 1
6.8107 	EXP 	text: height = 0.05
6.8107 	EXP 	text: height = 0.05
6.8107 	EXP 	text: height = 0.05
6.8107 	EXP 	text: text = 1
6.8149 	EXP 	text: height = 0.05
6.8149 	EXP 	text: height = 0.05
6.8149 	EXP 	text: height = 0.05
6.8149 	EXP 	text: text = 1
6.8190 	EXP 	text: height = 0.05
6.8190 	EXP 	text: height = 0.05
6.8190 	EXP 	text: height = 0.05
6.8190 	EXP 	text: text = 1
6.8232 	EXP 	text: height = 0.05
6.8232 	EXP 	text: height = 0.05
6.8232 	EXP 	text: height = 0.05
6.8232 	EXP 	text: text = 1
6.8274 	EXP 	text: height = 0.05
6.8274 	EXP 	text: height = 0.05
6.8274 	EXP 	text: height = 0.05
6.8274 	EXP 	text: text = 1
6.8315 	EXP 	text: height = 0.05
6.8315 	EXP 	text: height = 0.05
6.8315 	EXP 	text: height = 0.05
6.8315 	EXP 	text: text = 1
6.8357 	EXP 	text: height = 0.05
6.8357 	EXP 	text: height = 0.05
6.8357 	EXP 	text: height = 0.05
6.8357 	EXP 	text: text = 1
6.8399 	EXP 	text: height = 0.05
6.8399 	EXP 	text: height = 0.05
6.8399 	EXP 	text: height = 0.05
6.8399 	EXP 	text: text = 1
6.8441 	EXP 	text: height = 0.05
6.8441 	EXP 	text: height = 0.05
6.8441 	EXP 	text: height = 0.05
6.8441 	EXP 	text: text = 1
6.8483 	EXP 	text: height = 0.05
6.8483 	EXP 	text: height = 0.05
6.8483 	EXP 	text: height = 0.05
6.8483 	EXP 	text: text = 1
6.8524 	EXP 	text: height = 0.05
6.8524 	EXP 	text: height = 0.05
6.8524 	EXP 	text: height = 0.05
6.8524 	EXP 	text: text = 1
6.8566 	EXP 	text: height = 0.05
6.8566 	EXP 	text: height = 0.05
6.8566 	EXP 	text: height = 0.05
6.8566 	EXP 	text: text = 1
6.8607 	EXP 	text: height = 0.05
6.8607 	EXP 	text: height = 0.05
6.8607 	EXP 	text: height = 0.05
6.8607 	EXP 	text: text = 1
6.8649 	EXP 	text: height = 0.05
6.8649 	EXP 	text: height = 0.05
6.8649 	EXP 	text: height = 0.05
6.8649 	EXP 	text: text = 1
6.8691 	EXP 	text: height = 0.05
6.8691 	EXP 	text: height = 0.05
6.8691 	EXP 	text: height = 0.05
6.8691 	EXP 	text: text = 1
6.8733 	EXP 	text: height = 0.05
6.8733 	EXP 	text: height = 0.05
6.8733 	EXP 	text: height = 0.05
6.8733 	EXP 	text: text = 1
6.8774 	EXP 	text: height = 0.05
6.8774 	EXP 	text: height = 0.05
6.8774 	EXP 	text: height = 0.05
6.8774 	EXP 	text: text = 1
6.8816 	EXP 	text: height = 0.05
6.8816 	EXP 	text: height = 0.05
6.8816 	EXP 	text: height = 0.05
6.8816 	EXP 	text: text = 1
6.8858 	EXP 	text: height = 0.05
6.8858 	EXP 	text: height = 0.05
6.8858 	EXP 	text: height = 0.05
6.8858 	EXP 	text: text = 1
6.8899 	EXP 	text: height = 0.05
6.8899 	EXP 	text: height = 0.05
6.8899 	EXP 	text: height = 0.05
6.8899 	EXP 	text: text = 1
6.8928 	DATA 	Keypress: a
6.8941 	EXP 	text: height = 0.05
6.8941 	EXP 	text: height = 0.05
6.8941 	EXP 	text: height = 0.05
6.8941 	EXP 	text: text = 1
6.8985 	EXP 	text: height = 0.05
6.8985 	EXP 	text: height = 0.05
6.8985 	EXP 	text: height = 0.05
6.8985 	EXP 	text: text = 1
6.9027 	EXP 	text: height = 0.05
6.9027 	EXP 	text: height = 0.05
6.9027 	EXP 	text: height = 0.05
6.9027 	EXP 	text: text = 1
6.9068 	EXP 	text: height = 0.05
6.9068 	EXP 	text: height = 0.05
6.9068 	EXP 	text: height = 0.05
6.9068 	EXP 	text: text = 1
6.9110 	EXP 	text: height = 0.05
6.9110 	EXP 	text: height = 0.05
6.9110 	EXP 	text: height = 0.05
6.9110 	EXP 	text: text = 1
6.9152 	EXP 	text: height = 0.05
6.9152 	EXP 	text: height = 0.05
6.9152 	EXP 	text: height = 0.05
6.9152 	EXP 	text: text = 1
6.9194 	EXP 	text: height = 0.05
6.9194 	EXP 	text: height = 0.05
6.9194 	EXP 	text: height = 0.05
6.9194 	EXP 	text: text = 1
6.9235 	EXP 	text: height = 0.05
6.9235 	EXP 	text: height = 0.05
6.9235 	EXP 	text: height = 0.05
6.9235 	EXP 	text: text = 1
6.9277 	EXP 	text: height = 0.05
6.9277 	EXP 	text: height = 0.05
6.9277 	EXP 	text: height = 0.05
6.9277 	EXP 	text: text = 1
6.9319 	EXP 	text: height = 0.05
6.9319 	EXP 	text: height = 0.05
6.9319 	EXP 	text: height = 0.05
6.9319 	EXP 	text: text = 1
6.9347 	DATA 	Keypress: space
6.9379 	EXP 	text: height = 0.05
6.9379 	EXP 	text: height = 0.05
6.9379 	EXP 	text: height = 0.05
6.9379 	EXP 	text: text = 1
6.9429 	EXP 	text: height = 0.05
6.9429 	EXP 	text: height = 0.05
6.9429 	EXP 	text: height = 0.05
6.9429 	EXP 	text: text = 1
6.9462 	EXP 	text: height = 0.05
6.9462 	EXP 	text: height = 0.05
6.9462 	EXP 	text: height = 0.05
6.9462 	EXP 	text: text = 1
6.9511 	EXP 	text: height = 0.05
6.9511 	EXP 	text: height = 0.05
6.9511 	EXP 	text: height = 0.05
6.9511 	EXP 	text: text = 1
6.9553 	EXP 	text: height = 0.05
6.9553 	EXP 	text: height = 0.05
6.9553 	EXP 	text: height = 0.05
6.9553 	EXP 	text: text = 1
6.9594 	EXP 	text: height = 0.05
6.9594 	EXP 	text: height = 0.05
6.9594 	EXP 	text: height = 0.05
6.9594 	EXP 	text: text = 1
6.9636 	EXP 	text: height = 0.05
6.9636 	EXP 	text: height = 0.05
6.9636 	EXP 	text: height = 0.05
6.9636 	EXP 	text: text = 1
6.9678 	EXP 	text: height = 0.05
6.9678 	EXP 	text: height = 0.05
6.9678 	EXP 	text: height = 0.05
6.9678 	EXP 	text: text = 1
6.9719 	EXP 	text: height = 0.05
6.9719 	EXP 	text: height = 0.05
6.9719 	EXP 	text: height = 0.05
6.9719 	EXP 	text: text = 1
6.9761 	EXP 	text: height = 0.05
6.9761 	EXP 	text: height = 0.05
6.9761 	EXP 	text: height = 0.05
6.9761 	EXP 	text: text = 1
6.9803 	EXP 	text: height = 0.05
6.9803 	EXP 	text: height = 0.05
6.9803 	EXP 	text: height = 0.05
6.9803 	EXP 	text: text = 1
6.9846 	EXP 	text: height = 0.05
6.9846 	EXP 	text: height = 0.05
6.9846 	EXP 	text: height = 0.05
6.9846 	EXP 	text: text = 1
6.9899 	EXP 	text: height = 0.05
6.9899 	EXP 	text: height = 0.05
6.9899 	EXP 	text: height = 0.05
6.9899 	EXP 	text: text = 1
6.9948 	EXP 	text: height = 0.05
6.9948 	EXP 	text: height = 0.05
6.9948 	EXP 	text: height = 0.05
6.9948 	EXP 	text: text = 1
6.9990 	EXP 	text: height = 0.05
6.9990 	EXP 	text: height = 0.05
6.9990 	EXP 	text: height = 0.05
6.9990 	EXP 	text: text = 1
7.0032 	EXP 	text: height = 0.05
7.0032 	EXP 	text: height = 0.05
7.0032 	EXP 	text: height = 0.05
7.0032 	EXP 	text: text = 1
7.0074 	EXP 	text: height = 0.05
7.0074 	EXP 	text: height = 0.05
7.0074 	EXP 	text: height = 0.05
7.0074 	EXP 	text: text = 1
7.0115 	EXP 	text: height = 0.05
7.0115 	EXP 	text: height = 0.05
7.0115 	EXP 	text: height = 0.05
7.0115 	EXP 	text: text = 1
7.0157 	EXP 	text: height = 0.05
7.0157 	EXP 	text: height = 0.05
7.0157 	EXP 	text: height = 0.05
7.0157 	EXP 	text: text = 1
7.0199 	EXP 	text: height = 0.05
7.0199 	EXP 	text: height = 0.05
7.0199 	EXP 	text: height = 0.05
7.0199 	EXP 	text: text = 1
7.0241 	EXP 	text: height = 0.05
7.0241 	EXP 	text: height = 0.05
7.0241 	EXP 	text: height = 0.05
7.0241 	EXP 	text: text = 1
7.0282 	EXP 	text: height = 0.05
7.0282 	EXP 	text: height = 0.05
7.0282 	EXP 	text: height = 0.05
7.0282 	EXP 	text: text = 1
7.0324 	EXP 	text: height = 0.05
7.0324 	EXP 	text: height = 0.05
7.0324 	EXP 	text: height = 0.05
7.0324 	EXP 	text: text = 1
7.0370 	EXP 	text: height = 0.05
7.0370 	EXP 	text: height = 0.05
7.0370 	EXP 	text: height = 0.05
7.0370 	EXP 	text: text = 1
7.0407 	EXP 	text: height = 0.05
7.0407 	EXP 	text: height = 0.05
7.0407 	EXP 	text: height = 0.05
7.0407 	EXP 	text: text = 1
7.0449 	EXP 	text: height = 0.05
7.0449 	EXP 	text: height = 0.05
7.0449 	EXP 	text: height = 0.05
7.0449 	EXP 	text: text = 1
7.0491 	EXP 	text: height = 0.05
7.0491 	EXP 	text: height = 0.05
7.0491 	EXP 	text: height = 0.05
7.0491 	EXP 	text: text = 1
7.0532 	EXP 	text: height = 0.05
7.0532 	EXP 	text: height = 0.05
7.0532 	EXP 	text: height = 0.05
7.0532 	EXP 	text: text = 1
7.0574 	EXP 	text: height = 0.05
7.0574 	EXP 	text: height = 0.05
7.0574 	EXP 	text: height = 0.05
7.0574 	EXP 	text: text = 1
7.0616 	EXP 	text: height = 0.05
7.0616 	EXP 	text: height = 0.05
7.0616 	EXP 	text: height = 0.05
7.0616 	EXP 	text: text = 1
7.0658 	EXP 	text: height = 0.05
7.0658 	EXP 	text: height = 0.05
7.0658 	EXP 	text: height = 0.05
7.0658 	EXP 	text: text = 1
7.0699 	EXP 	text: height = 0.05
7.0699 	EXP 	text: height = 0.05
7.0699 	EXP 	text: height = 0.05
7.0699 	EXP 	text: text = 1
7.0741 	EXP 	text: height = 0.05
7.0741 	EXP 	text: height = 0.05
7.0741 	EXP 	text: height = 0.05
7.0741 	EXP 	text: text = 1
7.0783 	EXP 	text: height = 0.05
7.0783 	EXP 	text: height = 0.05
7.0783 	EXP 	text: height = 0.05
7.0783 	EXP 	text: text = 1
7.0795 	DATA 	Keypress: s
7.0828 	EXP 	text: height = 0.05
7.0828 	EXP 	text: height = 0.05
7.0828 	EXP 	text: height = 0.05
7.0828 	EXP 	text: text = 1
7.0876 	EXP 	text: height = 0.05
7.0876 	EXP 	text: height = 0.05
7.0876 	EXP 	text: height = 0.05
7.0876 	EXP 	text: text = 2
7.0915 	EXP 	text: height = 0.05
7.0915 	EXP 	text: height = 0.05
7.0915 	EXP 	text: height = 0.05
7.0915 	EXP 	text: text = 2
7.0956 	EXP 	text: height = 0.05
7.0956 	EXP 	text: height = 0.05
7.0956 	EXP 	text: height = 0.05
7.0956 	EXP 	text: text = 2
7.0998 	EXP 	text: height = 0.05
7.0998 	EXP 	text: height = 0.05
7.0998 	EXP 	text: height = 0.05
7.0998 	EXP 	text: text = 2
7.1040 	EXP 	text: height = 0.05
7.1040 	EXP 	text: height = 0.05
7.1040 	EXP 	text: height = 0.05
7.1040 	EXP 	text: text = 2
7.1081 	EXP 	text: height = 0.05
7.1081 	EXP 	text: height = 0.05
7.1081 	EXP 	text: height = 0.05
7.1081 	EXP 	text: text = 2
7.1123 	EXP 	text: height = 0.05
7.1123 	EXP 	text: height = 0.05
7.1123 	EXP 	text: height = 0.05
7.1123 	EXP 	text: text = 2
7.1165 	EXP 	text: height = 0.05
7.1165 	EXP 	text: height = 0.05
7.1165 	EXP 	text: height = 0.05
7.1165 	EXP 	text: text = 2
7.1206 	EXP 	text: height = 0.05
7.1206 	EXP 	text: height = 0.05
7.1206 	EXP 	text: height = 0.05
7.1206 	EXP 	text: text = 2
7.1248 	EXP 	text: height = 0.05
7.1248 	EXP 	text: height = 0.05
7.1248 	EXP 	text: height = 0.05
7.1248 	EXP 	text: text = 2
7.1290 	EXP 	text: height = 0.05
7.1290 	EXP 	text: height = 0.05
7.1290 	EXP 	text: height = 0.05
7.1290 	EXP 	text: text = 2
7.1333 	EXP 	text: height = 0.05
7.1333 	EXP 	text: height = 0.05
7.1333 	EXP 	text: height = 0.05
7.1333 	EXP 	text: text = 2
7.1373 	EXP 	text: height = 0.05
7.1373 	EXP 	text: height = 0.05
7.1373 	EXP 	text: height = 0.05
7.1373 	EXP 	text: text = 2
7.1415 	EXP 	text: height = 0.05
7.1415 	EXP 	text: height = 0.05
7.1415 	EXP 	text: height = 0.05
7.1415 	EXP 	text: text = 2
7.1457 	EXP 	text: height = 0.05
7.1457 	EXP 	text: height = 0.05
7.1457 	EXP 	text: height = 0.05
7.1457 	EXP 	text: text = 2
7.1498 	EXP 	text: height = 0.05
7.1498 	EXP 	text: height = 0.05
7.1498 	EXP 	text: height = 0.05
7.1498 	EXP 	text: text = 2
7.1540 	EXP 	text: height = 0.05
7.1540 	EXP 	text: height = 0.05
7.1540 	EXP 	text: height = 0.05
7.1540 	EXP 	text: text = 2
7.1582 	EXP 	text: height = 0.05
7.1582 	EXP 	text: height = 0.05
7.1582 	EXP 	text: height = 0.05
7.1582 	EXP 	text: text = 2
7.1591 	DATA 	Keypress: d
7.1624 	EXP 	text: height = 0.05
7.1624 	EXP 	text: height = 0.05
7.1624 	EXP 	text: height = 0.05
7.1624 	EXP 	text: text = 2
7.1665 	EXP 	text: height = 0.05
7.1665 	EXP 	text: height = 0.05
7.1665 	EXP 	text: height = 0.05
7.1665 	EXP 	text: text = 2
7.1707 	EXP 	text: height = 0.05
7.1707 	EXP 	text: height = 0.05
7.1707 	EXP 	text: height = 0.05
7.1707 	EXP 	text: text = 2
7.1749 	EXP 	text: height = 0.05
7.1749 	EXP 	text: height = 0.05
7.1749 	EXP 	text: height = 0.05
7.1749 	EXP 	text: text = 2
7.1793 	EXP 	text: height = 0.05
7.1793 	EXP 	text: height = 0.05
7.1793 	EXP 	text: height = 0.05
7.1793 	EXP 	text: text = 2
7.1832 	EXP 	text: height = 0.05
7.1832 	EXP 	text: height = 0.05
7.1832 	EXP 	text: height = 0.05
7.1832 	EXP 	text: text = 2
7.1874 	EXP 	text: height = 0.05
7.1874 	EXP 	text: height = 0.05
7.1874 	EXP 	text: height = 0.05
7.1874 	EXP 	text: text = 2
7.1915 	EXP 	text: height = 0.05
7.1915 	EXP 	text: height = 0.05
7.1915 	EXP 	text: height = 0.05
7.1915 	EXP 	text: text = 2
7.1957 	EXP 	text: height = 0.05
7.1957 	EXP 	text: height = 0.05
7.1957 	EXP 	text: height = 0.05
7.1957 	EXP 	text: text = 2
7.1999 	EXP 	text: height = 0.05
7.1999 	EXP 	text: height = 0.05
7.1999 	EXP 	text: height = 0.05
7.1999 	EXP 	text: text = 2
7.2041 	EXP 	text: height = 0.05
7.2041 	EXP 	text: height = 0.05
7.2041 	EXP 	text: height = 0.05
7.2041 	EXP 	text: text = 2
7.2083 	EXP 	text: height = 0.05
7.2083 	EXP 	text: height = 0.05
7.2083 	EXP 	text: height = 0.05
7.2083 	EXP 	text: text = 2
7.2124 	EXP 	text: height = 0.05
7.2124 	EXP 	text: height = 0.05
7.2124 	EXP 	text: height = 0.05
7.2124 	EXP 	text: text = 2
7.2166 	EXP 	text: height = 0.05
7.2166 	EXP 	text: height = 0.05
7.2166 	EXP 	text: height = 0.05
7.2166 	EXP 	text: text = 2
7.2207 	EXP 	text: height = 0.05
7.2207 	EXP 	text: height = 0.05
7.2207 	EXP 	text: height = 0.05
7.2207 	EXP 	text: text = 2
7.2263 	EXP 	text: height = 0.05
7.2263 	EXP 	text: height = 0.05
7.2263 	EXP 	text: height = 0.05
7.2263 	EXP 	text: text = 2
7.2302 	EXP 	text: height = 0.05
7.2302 	EXP 	text: height = 0.05
7.2302 	EXP 	text: height = 0.05
7.2302 	EXP 	text: text = 2
7.2340 	EXP 	text: height = 0.05
7.2340 	EXP 	text: height = 0.05
7.2340 	EXP 	text: height = 0.05
7.2340 	EXP 	text: text = 2
7.2381 	EXP 	text: height = 0.05
7.2381 	EXP 	text: height = 0.05
7.2381 	EXP 	text: height = 0.05
7.2381 	EXP 	text: text = 2
7.2423 	EXP 	text: height = 0.05
7.2423 	EXP 	text: height = 0.05
7.2423 	EXP 	text: height = 0.05
7.2423 	EXP 	text: text = 2
7.2465 	EXP 	text: height = 0.05
7.2465 	EXP 	text: height = 0.05
7.2465 	EXP 	text: height = 0.05
7.2465 	EXP 	text: text = 2
7.2507 	EXP 	text: height = 0.05
7.2507 	EXP 	text: height = 0.05
7.2507 	EXP 	text: height = 0.05
7.2507 	EXP 	text: text = 2
7.2557 	EXP 	text: height = 0.05
7.2557 	EXP 	text: height = 0.05
7.2557 	EXP 	text: height = 0.05
7.2557 	EXP 	text: text = 2
7.2597 	EXP 	text: height = 0.05
7.2597 	EXP 	text: height = 0.05
7.2597 	EXP 	text: height = 0.05
7.2597 	EXP 	text: text = 2
7.2635 	EXP 	text: height = 0.05
7.2635 	EXP 	text: height = 0.05
7.2635 	EXP 	text: height = 0.05
7.2635 	EXP 	text: text = 2
7.2677 	EXP 	text: height = 0.05
7.2677 	EXP 	text: height = 0.05
7.2677 	EXP 	text: height = 0.05
7.2677 	EXP 	text: text = 2
7.2719 	EXP 	text: height = 0.05
7.2719 	EXP 	text: height = 0.05
7.2719 	EXP 	text: height = 0.05
7.2719 	EXP 	text: text = 2
7.2760 	EXP 	text: height = 0.05
7.2760 	EXP 	text: height = 0.05
7.2760 	EXP 	text: height = 0.05
7.2760 	EXP 	text: text = 2
7.2802 	EXP 	text: height = 0.05
7.2802 	EXP 	text: height = 0.05
7.2802 	EXP 	text: height = 0.05
7.2802 	EXP 	text: text = 2
7.2843 	EXP 	text: height = 0.05
7.2843 	EXP 	text: height = 0.05
7.2843 	EXP 	text: height = 0.05
7.2843 	EXP 	text: text = 2
7.2885 	EXP 	text: height = 0.05
7.2885 	EXP 	text: height = 0.05
7.2885 	EXP 	text: height = 0.05
7.2885 	EXP 	text: text = 2
7.2927 	EXP 	text: height = 0.05
7.2927 	EXP 	text: height = 0.05
7.2927 	EXP 	text: height = 0.05
7.2927 	EXP 	text: text = 2
7.2969 	EXP 	text: height = 0.05
7.2969 	EXP 	text: height = 0.05
7.2969 	EXP 	text: height = 0.05
7.2969 	EXP 	text: text = 2
7.3019 	EXP 	text: height = 0.05
7.3019 	EXP 	text: height = 0.05
7.3019 	EXP 	text: height = 0.05
7.3019 	EXP 	text: text = 2
7.3055 	EXP 	text: height = 0.05
7.3055 	EXP 	text: height = 0.05
7.3055 	EXP 	text: height = 0.05
7.3055 	EXP 	text: text = 2
7.3097 	EXP 	text: height = 0.05
7.3097 	EXP 	text: height = 0.05
7.3097 	EXP 	text: height = 0.05
7.3097 	EXP 	text: text = 2
7.3138 	EXP 	text: height = 0.05
7.3138 	EXP 	text: height = 0.05
7.3138 	EXP 	text: height = 0.05
7.3138 	EXP 	text: text = 2
7.3180 	EXP 	text: height = 0.05
7.3180 	EXP 	text: height = 0.05
7.3180 	EXP 	text: height = 0.05
7.3180 	EXP 	text: text = 2
7.3222 	EXP 	text: height = 0.05
7.3222 	EXP 	text: height = 0.05
7.3222 	EXP 	text: height = 0.05
7.3222 	EXP 	text: text = 2
7.3263 	EXP 	text: height = 0.05
7.3263 	EXP 	text: height = 0.05
7.3263 	EXP 	text: height = 0.05
7.3263 	EXP 	text: text = 2
7.3305 	EXP 	text: height = 0.05
7.3305 	EXP 	text: height = 0.05
7.3305 	EXP 	text: height = 0.05
7.3305 	EXP 	text: text = 2
7.3351 	EXP 	text: height = 0.05
7.3351 	EXP 	text: height = 0.05
7.3351 	EXP 	text: height = 0.05
7.3351 	EXP 	text: text = 2
7.3390 	EXP 	text: height = 0.05
7.3390 	EXP 	text: height = 0.05
7.3390 	EXP 	text: height = 0.05
7.3390 	EXP 	text: text = 2
7.3432 	EXP 	text: height = 0.05
7.3432 	EXP 	text: height = 0.05
7.3432 	EXP 	text: height = 0.05
7.3432 	EXP 	text: text = 2
7.3474 	EXP 	text: height = 0.05
7.3474 	EXP 	text: height = 0.05
7.3474 	EXP 	text: height = 0.05
7.3474 	EXP 	text: text = 2
7.3516 	EXP 	text: height = 0.05
7.3516 	EXP 	text: height = 0.05
7.3516 	EXP 	text: height = 0.05
7.3516 	EXP 	text: text = 2
7.3557 	EXP 	text: height = 0.05
7.3557 	EXP 	text: height = 0.05
7.3557 	EXP 	text: height = 0.05
7.3557 	EXP 	text: text = 2
7.3589 	DATA 	Keypress: a
7.3599 	EXP 	text: height = 0.05
7.3599 	EXP 	text: height = 0.05
7.3599 	EXP 	text: height = 0.05
7.3599 	EXP 	text: text = 2
7.3650 	EXP 	text: height = 0.05
7.3650 	EXP 	text: height = 0.05
7.3650 	EXP 	text: height = 0.05
7.3650 	EXP 	text: text = 2
7.3690 	EXP 	text: height = 0.05
7.3690 	EXP 	text: height = 0.05
7.3690 	EXP 	text: height = 0.05
7.3690 	EXP 	text: text = 2
7.3699 	DATA 	Keypress: space
7.3732 	EXP 	text: height = 0.05
7.3732 	EXP 	text: height = 0.05
7.3732 	EXP 	text: height = 0.05
7.3732 	EXP 	text: text = 2
7.3774 	EXP 	text: height = 0.05
7.3774 	EXP 	text: height = 0.05
7.3774 	EXP 	text: height = 0.05
7.3774 	EXP 	text: text = 2
7.3815 	EXP 	text: height = 0.05
7.3815 	EXP 	text: height = 0.05
7.3815 	EXP 	text: height = 0.05
7.3815 	EXP 	text: text = 2
7.3857 	EXP 	text: height = 0.05
7.3857 	EXP 	text: height = 0.05
7.3857 	EXP 	text: height = 0.05
7.3857 	EXP 	text: text = 2
7.3899 	EXP 	text: height = 0.05
7.3899 	EXP 	text: height = 0.05
7.3899 	EXP 	text: height = 0.05
7.3899 	EXP 	text: text = 2
7.3946 	EXP 	text: height = 0.05
7.3946 	EXP 	text: height = 0.05
7.3946 	EXP 	text: height = 0.05
7.3946 	EXP 	text: text = 2
7.3982 	EXP 	text: height = 0.05
7.3982 	EXP 	text: height = 0.05
7.3982 	EXP 	text: height = 0.05
7.3982 	EXP 	text: text = 2
7.4024 	EXP 	text: height = 0.05
7.4024 	EXP 	text: height = 0.05
7.4024 	EXP 	text: height = 0.05
7.4024 	EXP 	text: text = 2
7.4066 	EXP 	text: height = 0.05
7.4066 	EXP 	text: height = 0.05
7.4066 	EXP 	text: height = 0.05
7.4066 	EXP 	text: text = 2
7.4108 	EXP 	text: height = 0.05
7.4108 	EXP 	text: height = 0.05
7.4108 	EXP 	text: height = 0.05
7.4108 	EXP 	text: text = 2
7.4149 	EXP 	text: height = 0.05
7.4149 	EXP 	text: height = 0.05
7.4149 	EXP 	text: height = 0.05
7.4149 	EXP 	text: text = 2
7.4191 	EXP 	text: height = 0.05
7.4191 	EXP 	text: height = 0.05
7.4191 	EXP 	text: height = 0.05
7.4191 	EXP 	text: text = 2
7.4233 	EXP 	text: height = 0.05
7.4233 	EXP 	text: height = 0.05
7.4233 	EXP 	text: height = 0.05
7.4233 	EXP 	text: text = 2
7.4275 	EXP 	text: height = 0.05
7.4275 	EXP 	text: height = 0.05
7.4275 	EXP 	text: height = 0.05
7.4275 	EXP 	text: text = 2
7.4316 	EXP 	text: height = 0.05
7.4316 	EXP 	text: height = 0.05
7.4316 	EXP 	text: height = 0.05
7.4316 	EXP 	text: text = 2
7.4358 	EXP 	text: height = 0.05
7.4358 	EXP 	text: height = 0.05
7.4358 	EXP 	text: height = 0.05
7.4358 	EXP 	text: text = 2
7.4400 	EXP 	text: height = 0.05
7.4400 	EXP 	text: height = 0.05
7.4400 	EXP 	text: height = 0.05
7.4400 	EXP 	text: text = 2
7.4441 	EXP 	text: height = 0.05
7.4441 	EXP 	text: height = 0.05
7.4441 	EXP 	text: height = 0.05
7.4441 	EXP 	text: text = 2
7.4483 	EXP 	text: height = 0.05
7.4483 	EXP 	text: height = 0.05
7.4483 	EXP 	text: height = 0.05
7.4483 	EXP 	text: text = 2
7.4525 	EXP 	text: height = 0.05
7.4525 	EXP 	text: height = 0.05
7.4525 	EXP 	text: height = 0.05
7.4525 	EXP 	text: text = 2
7.4578 	EXP 	text: height = 0.05
7.4578 	EXP 	text: height = 0.05
7.4578 	EXP 	text: height = 0.05
7.4578 	EXP 	text: text = 2
7.4617 	EXP 	text: height = 0.05
7.4617 	EXP 	text: height = 0.05
7.4617 	EXP 	text: height = 0.05
7.4617 	EXP 	text: text = 2
7.4654 	EXP 	text: height = 0.05
7.4654 	EXP 	text: height = 0.05
7.4654 	EXP 	text: height = 0.05
7.4654 	EXP 	text: text = 2
7.4696 	EXP 	text: height = 0.05
7.4696 	EXP 	text: height = 0.05
7.4696 	EXP 	text: height = 0.05
7.4696 	EXP 	text: text = 2
7.4738 	EXP 	text: height = 0.05
7.4738 	EXP 	text: height = 0.05
7.4738 	EXP 	text: height = 0.05
7.4738 	EXP 	text: text = 2
7.4780 	EXP 	text: height = 0.05
7.4780 	EXP 	text: height = 0.05
7.4780 	EXP 	text: height = 0.05
7.4780 	EXP 	text: text = 2
7.4821 	EXP 	text: height = 0.05
7.4821 	EXP 	text: height = 0.05
7.4821 	EXP 	text: height = 0.05
7.4821 	EXP 	text: text = 2
7.4874 	EXP 	text: height = 0.05
7.4874 	EXP 	text: height = 0.05
7.4874 	EXP 	text: height = 0.05
7.4874 	EXP 	text: text = 2
7.4918 	EXP 	text: height = 0.05
7.4918 	EXP 	text: height = 0.05
7.4918 	EXP 	text: height = 0.05
7.4918 	EXP 	text: text = 2
7.4959 	EXP 	text: height = 0.05
7.4959 	EXP 	text: height = 0.05
7.4959 	EXP 	text: height = 0.05
7.4959 	EXP 	text: text = 2
7.4969 	DATA 	Keypress: s
7.5001 	EXP 	text: height = 0.05
7.5001 	EXP 	text: height = 0.05
7.5001 	EXP 	text: height = 0.05
7.5001 	EXP 	text: text = 2
7.5049 	EXP 	text: height = 0.05
7.5049 	EXP 	text: height = 0.05
7.5049 	EXP 	text: height = 0.05
7.5049 	EXP 	text: text = 3
7.5091 	EXP 	text: height = 0.05
7.5091 	EXP 	text: height = 0.05
7.5091 	EXP 	text: height = 0.05
7.5091 	EXP 	text: text = 3
7.5132 	EXP 	text: height = 0.05
7.5132 	EXP 	text: height = 0.05
7.5132 	EXP 	text: height = 0.05
7.5132 	EXP 	text: text = 3
7.5183 	EXP 	text: height = 0.05
7.5183 	EXP 	text: height = 0.05
7.5183 	EXP 	text: height = 0.05
7.5183 	EXP 	text: text = 3
7.5224 	EXP 	text: height = 0.05
7.5224 	EXP 	text: height = 0.05
7.5224 	EXP 	text: height = 0.05
7.5224 	EXP 	text: text = 3
7.5263 	EXP 	text: height = 0.05
7.5263 	EXP 	text: height = 0.05
7.5263 	EXP 	text: height = 0.05
7.5263 	EXP 	text: text = 3
7.5304 	EXP 	text: height = 0.05
7.5304 	EXP 	text: height = 0.05
7.5304 	EXP 	text: height = 0.05
7.5304 	EXP 	text: text = 3
7.5346 	EXP 	text: height = 0.05
7.5346 	EXP 	text: height = 0.05
7.5346 	EXP 	text: height = 0.05
7.5346 	EXP 	text: text = 3
7.5388 	EXP 	text: height = 0.05
7.5388 	EXP 	text: height = 0.05
7.5388 	EXP 	text: height = 0.05
7.5388 	EXP 	text: text = 3
7.5429 	EXP 	text: height = 0.05
7.5429 	EXP 	text: height = 0.05
7.5429 	EXP 	text: height = 0.05
7.5429 	EXP 	text: text = 3
7.5461 	DATA 	Keypress: d
7.5471 	EXP 	text: height = 0.05
7.5471 	EXP 	text: height = 0.05
7.5471 	EXP 	text: height = 0.05
7.5471 	EXP 	text: text = 3
7.5516 	EXP 	text: height = 0.05
7.5516 	EXP 	text: height = 0.05
7.5516 	EXP 	text: height = 0.05
7.5516 	EXP 	text: text = 3
7.5556 	EXP 	text: height = 0.05
7.5556 	EXP 	text: height = 0.05
7.5556 	EXP 	text: height = 0.05
7.5556 	EXP 	text: text = 3
7.5598 	EXP 	text: height = 0.05
7.5598 	EXP 	text: height = 0.05
7.5598 	EXP 	text: height = 0.05
7.5598 	EXP 	text: text = 3
7.5640 	EXP 	text: height = 0.05
7.5640 	EXP 	text: height = 0.05
7.5640 	EXP 	text: height = 0.05
7.5640 	EXP 	text: text = 3
7.5681 	EXP 	text: height = 0.05
7.5681 	EXP 	text: height = 0.05
7.5681 	EXP 	text: height = 0.05
7.5681 	EXP 	text: text = 3
7.5723 	EXP 	text: height = 0.05
7.5723 	EXP 	text: height = 0.05
7.5723 	EXP 	text: height = 0.05
7.5723 	EXP 	text: text = 3
7.5765 	EXP 	text: height = 0.05
7.5765 	EXP 	text: height = 0.05
7.5765 	EXP 	text: height = 0.05
7.5765 	EXP 	text: text = 3
7.5806 	EXP 	text: height = 0.05
7.5806 	EXP 	text: height = 0.05
7.5806 	EXP 	text: height = 0.05
7.5806 	EXP 	text: text = 3
7.5848 	EXP 	text: height = 0.05
7.5848 	EXP 	text: height = 0.05
7.5848 	EXP 	text: height = 0.05
7.5848 	EXP 	text: text = 3
7.5890 	EXP 	text: height = 0.05
7.5890 	EXP 	text: height = 0.05
7.5890 	EXP 	text: height = 0.05
7.5890 	EXP 	text: text = 3
7.5931 	EXP 	text: height = 0.05
7.5931 	EXP 	text: height = 0.05
7.5931 	EXP 	text: height = 0.05
7.5931 	EXP 	text: text = 3
7.5973 	EXP 	text: height = 0.05
7.5973 	EXP 	text: height = 0.05
7.5973 	EXP 	text: height = 0.05
7.5973 	EXP 	text: text = 3
7.6015 	EXP 	text: height = 0.05
7.6015 	EXP 	text: height = 0.05
7.6015 	EXP 	text: height = 0.05
7.6015 	EXP 	text: text = 3
7.6057 	EXP 	text: height = 0.05
7.6057 	EXP 	text: height = 0.05
7.6057 	EXP 	text: height = 0.05
7.6057 	EXP 	text: text = 3
7.6098 	EXP 	text: height = 0.05
7.6098 	EXP 	text: height = 0.05
7.6098 	EXP 	text: height = 0.05
7.6098 	EXP 	text: text = 3
7.6140 	EXP 	text: height = 0.05
7.6140 	EXP 	text: height = 0.05
7.6140 	EXP 	text: height = 0.05
7.6140 	EXP 	text: text = 3
7.6182 	EXP 	text: height = 0.05
7.6182 	EXP 	text: height = 0.05
7.6182 	EXP 	text: height = 0.05
7.6182 	EXP 	text: text = 3
7.6223 	EXP 	text: height = 0.05
7.6223 	EXP 	text: height = 0.05
7.6223 	EXP 	text: height = 0.05
7.6223 	EXP 	text: text = 3
7.6265 	EXP 	text: height = 0.05
7.6265 	EXP 	text: height = 0.05
7.6265 	EXP 	text: height = 0.05
7.6265 	EXP 	text: text = 3
7.6313 	EXP 	text: height = 0.05
7.6313 	EXP 	text: height = 0.05
7.6313 	EXP 	text: height = 0.05
7.6313 	EXP 	text: text = 3
7.6349 	EXP 	text: height = 0.05
7.6349 	EXP 	text: height = 0.05
7.6349 	EXP 	text: height = 0.05
7.6349 	EXP 	text: text = 3
7.6390 	EXP 	text: height = 0.05
7.6390 	EXP 	text: height = 0.05
7.6390 	EXP 	text: height = 0.05
7.6390 	EXP 	text: text = 3
7.6432 	EXP 	text: height = 0.05
7.6432 	EXP 	text: height = 0.05
7.6432 	EXP 	text: height = 0.05
7.6432 	EXP 	text: text = 3
7.6474 	EXP 	text: height = 0.05
7.6474 	EXP 	text: height = 0.05
7.6474 	EXP 	text: height = 0.05
7.6474 	EXP 	text: text = 3
7.6515 	EXP 	text: height = 0.05
7.6515 	EXP 	text: height = 0.05
7.6515 	EXP 	text: height = 0.05
7.6515 	EXP 	text: text = 3
7.6557 	EXP 	text: height = 0.05
7.6557 	EXP 	text: height = 0.05
7.6557 	EXP 	text: height = 0.05
7.6557 	EXP 	text: text = 3
7.6599 	EXP 	text: height = 0.05
7.6599 	EXP 	text: height = 0.05
7.6599 	EXP 	text: height = 0.05
7.6599 	EXP 	text: text = 3
7.6640 	EXP 	text: height = 0.05
7.6640 	EXP 	text: height = 0.05
7.6640 	EXP 	text: height = 0.05
7.6640 	EXP 	text: text = 3
7.6682 	EXP 	text: height = 0.05
7.6682 	EXP 	text: height = 0.05
7.6682 	EXP 	text: height = 0.05
7.6682 	EXP 	text: text = 3
7.6724 	EXP 	text: height = 0.05
7.6724 	EXP 	text: height = 0.05
7.6724 	EXP 	text: height = 0.05
7.6724 	EXP 	text: text = 3
7.6772 	EXP 	text: height = 0.05
7.6772 	EXP 	text: height = 0.05
7.6772 	EXP 	text: height = 0.05
7.6772 	EXP 	text: text = 3
7.6807 	EXP 	text: height = 0.05
7.6807 	EXP 	text: height = 0.05
7.6807 	EXP 	text: height = 0.05
7.6807 	EXP 	text: text = 3
7.6849 	EXP 	text: height = 0.05
7.6849 	EXP 	text: height = 0.05
7.6849 	EXP 	text: height = 0.05
7.6849 	EXP 	text: text = 3
7.6891 	EXP 	text: height = 0.05
7.6891 	EXP 	text: height = 0.05
7.6891 	EXP 	text: height = 0.05
7.6891 	EXP 	text: text = 3
7.6932 	EXP 	text: height = 0.05
7.6932 	EXP 	text: height = 0.05
7.6932 	EXP 	text: height = 0.05
7.6932 	EXP 	text: text = 3
7.6974 	EXP 	text: height = 0.05
7.6974 	EXP 	text: height = 0.05
7.6974 	EXP 	text: height = 0.05
7.6974 	EXP 	text: text = 3
7.7016 	EXP 	text: height = 0.05
7.7016 	EXP 	text: height = 0.05
7.7016 	EXP 	text: height = 0.05
7.7016 	EXP 	text: text = 3
7.7058 	EXP 	text: height = 0.05
7.7058 	EXP 	text: height = 0.05
7.7058 	EXP 	text: height = 0.05
7.7058 	EXP 	text: text = 3
7.7099 	EXP 	text: height = 0.05
7.7099 	EXP 	text: height = 0.05
7.7099 	EXP 	text: height = 0.05
7.7099 	EXP 	text: text = 3
7.7141 	EXP 	text: height = 0.05
7.7141 	EXP 	text: height = 0.05
7.7141 	EXP 	text: height = 0.05
7.7141 	EXP 	text: text = 3
7.7183 	EXP 	text: height = 0.05
7.7183 	EXP 	text: height = 0.05
7.7183 	EXP 	text: height = 0.05
7.7183 	EXP 	text: text = 3
7.7228 	EXP 	text: height = 0.05
7.7228 	EXP 	text: height = 0.05
7.7228 	EXP 	text: height = 0.05
7.7228 	EXP 	text: text = 3
7.7266 	EXP 	text: height = 0.05
7.7266 	EXP 	text: height = 0.05
7.7266 	EXP 	text: height = 0.05
7.7266 	EXP 	text: text = 3
7.7308 	EXP 	text: height = 0.05
7.7308 	EXP 	text: height = 0.05
7.7308 	EXP 	text: height = 0.05
7.7308 	EXP 	text: text = 3
7.7350 	EXP 	text: height = 0.05
7.7350 	EXP 	text: height = 0.05
7.7350 	EXP 	text: height = 0.05
7.7350 	EXP 	text: text = 3
7.7391 	EXP 	text: height = 0.05
7.7391 	EXP 	text: height = 0.05
7.7391 	EXP 	text: height = 0.05
7.7391 	EXP 	text: text = 3
7.7433 	EXP 	text: height = 0.05
7.7433 	EXP 	text: height = 0.05
7.7433 	EXP 	text: height = 0.05
7.7433 	EXP 	text: text = 3
7.7475 	EXP 	text: height = 0.05
7.7475 	EXP 	text: height = 0.05
7.7475 	EXP 	text: height = 0.05
7.7475 	EXP 	text: text = 3
7.7516 	EXP 	text: height = 0.05
7.7516 	EXP 	text: height = 0.05
7.7516 	EXP 	text: height = 0.05
7.7516 	EXP 	text: text = 3
7.7558 	EXP 	text: height = 0.05
7.7558 	EXP 	text: height = 0.05
7.7558 	EXP 	text: height = 0.05
7.7558 	EXP 	text: text = 3
7.7600 	EXP 	text: height = 0.05
7.7600 	EXP 	text: height = 0.05
7.7600 	EXP 	text: height = 0.05
7.7600 	EXP 	text: text = 3
7.7641 	EXP 	text: height = 0.05
7.7641 	EXP 	text: height = 0.05
7.7641 	EXP 	text: height = 0.05
7.7641 	EXP 	text: text = 3
7.7651 	DATA 	Keypress: space
7.7683 	EXP 	text: height = 0.05
7.7683 	EXP 	text: height = 0.05
7.7683 	EXP 	text: height = 0.05
7.7683 	EXP 	text: text = 3
7.7725 	EXP 	text: height = 0.05
7.7725 	EXP 	text: height = 0.05
7.7725 	EXP 	text: height = 0.05
7.7725 	EXP 	text: text = 3
7.7767 	EXP 	text: height = 0.05
7.7767 	EXP 	text: height = 0.05
7.7767 	EXP 	text: height = 0.05
7.7767 	EXP 	text: text = 3
7.7795 	DATA 	Keypress: a
7.7808 	EXP 	text: height = 0.05
7.7808 	EXP 	text: height = 0.05
7.7808 	EXP 	text: height = 0.05
7.7808 	EXP 	text: text = 3
7.7853 	EXP 	text: height = 0.05
7.7853 	EXP 	text: height = 0.05
7.7853 	EXP 	text: height = 0.05
7.7853 	EXP 	text: text = 4
7.7895 	EXP 	text: height = 0.05
7.7895 	EXP 	text: height = 0.05
7.7895 	EXP 	text: height = 0.05
7.7895 	EXP 	text: text = 4
7.7936 	EXP 	text: height = 0.05
7.7936 	EXP 	text: height = 0.05
7.7936 	EXP 	text: height = 0.05
7.7936 	EXP 	text: text = 4
7.7978 	EXP 	text: height = 0.05
7.7978 	EXP 	text: height = 0.05
7.7978 	EXP 	text: height = 0.05
7.7978 	EXP 	text: text = 4
7.8020 	EXP 	text: height = 0.05
7.8020 	EXP 	text: height = 0.05
7.8020 	EXP 	text: height = 0.05
7.8020 	EXP 	text: text = 4
7.8062 	EXP 	text: height = 0.05
7.8062 	EXP 	text: height = 0.05
7.8062 	EXP 	text: height = 0.05
7.8062 	EXP 	text: text = 4
7.8103 	EXP 	text: height = 0.05
7.8103 	EXP 	text: height = 0.05
7.8103 	EXP 	text: height = 0.05
7.8103 	EXP 	text: text = 4
7.8145 	EXP 	text: height = 0.05
7.8145 	EXP 	text: height = 0.05
7.8145 	EXP 	text: height = 0.05
7.8145 	EXP 	text: text = 4
7.8187 	EXP 	text: height = 0.05
7.8187 	EXP 	text: height = 0.05
7.8187 	EXP 	text: height = 0.05
7.8187 	EXP 	text: text = 4
7.8228 	EXP 	text: height = 0.05
7.8228 	EXP 	text: height = 0.05
7.8228 	EXP 	text: height = 0.05
7.8228 	EXP 	text: text = 4
7.8270 	EXP 	text: height = 0.05
7.8270 	EXP 	text: height = 0.05
7.8270 	EXP 	text: height = 0.05
7.8270 	EXP 	text: text = 4
7.8312 	EXP 	text: height = 0.05
7.8312 	EXP 	text: height = 0.05
7.8312 	EXP 	text: height = 0.05
7.8312 	EXP 	text: text = 4
7.8353 	EXP 	text: height = 0.05
7.8353 	EXP 	text: height = 0.05
7.8353 	EXP 	text: height = 0.05
7.8353 	EXP 	text: text = 4
7.8395 	EXP 	text: height = 0.05
7.8395 	EXP 	text: height = 0.05
7.8395 	EXP 	text: height = 0.05
7.8395 	EXP 	text: text = 4
7.8437 	EXP 	text: height = 0.05
7.8437 	EXP 	text: height = 0.05
7.8437 	EXP 	text: height = 0.05
7.8437 	EXP 	text: text = 4
7.8479 	EXP 	text: height = 0.05
7.8479 	EXP 	text: height = 0.05
7.8479 	EXP 	text: height = 0.05
7.8479 	EXP 	text: text = 4
7.8520 	EXP 	text: height = 0.05
7.8520 	EXP 	text: height = 0.05
7.8520 	EXP 	text: height = 0.05
7.8520 	EXP 	text: text = 4
7.8562 	EXP 	text: height = 0.05
7.8562 	EXP 	text: height = 0.05
7.8562 	EXP 	text: height = 0.05
7.8562 	EXP 	text: text = 4
7.8603 	EXP 	text: height = 0.05
7.8603 	EXP 	text: height = 0.05
7.8603 	EXP 	text: height = 0.05
7.8603 	EXP 	text: text = 4
7.8655 	EXP 	text: height = 0.05
7.8655 	EXP 	text: height = 0.05
7.8655 	EXP 	text: height = 0.05
7.8655 	EXP 	text: text = 4
7.8688 	EXP 	text: height = 0.05
7.8688 	EXP 	text: height = 0.05
7.8688 	EXP 	text: height = 0.05
7.8688 	EXP 	text: text = 4
7.8730 	EXP 	text: height = 0.05
7.8730 	EXP 	text: height = 0.05
7.8730 	EXP 	text: height = 0.05
7.8730 	EXP 	text: text = 4
7.8772 	EXP 	text: height = 0.05
7.8772 	EXP 	text: height = 0.05
7.8772 	EXP 	text: height = 0.05
7.8772 	EXP 	text: text = 4
7.8814 	EXP 	text: height = 0.05
7.8814 	EXP 	text: height = 0.05
7.8814 	EXP 	text: height = 0.05
7.8814 	EXP 	text: text = 4
7.8855 	EXP 	text: height = 0.05
7.8855 	EXP 	text: height = 0.05
7.8855 	EXP 	text: height = 0.05
7.8855 	EXP 	text: text = 4
7.8897 	EXP 	text: height = 0.05
7.8897 	EXP 	text: height = 0.05
7.8897 	EXP 	text: height = 0.05
7.8897 	EXP 	text: text = 4
7.8939 	EXP 	text: height = 0.05
7.8939 	EXP 	text: height = 0.05
7.8939 	EXP 	text: height = 0.05
7.8939 	EXP 	text: text = 4
7.8980 	EXP 	text: height = 0.05
7.8980 	EXP 	text: height = 0.05
7.8980 	EXP 	text: height = 0.05
7.8980 	EXP 	text: text = 4
7.9022 	EXP 	text: height = 0.05
7.9022 	EXP 	text: height = 0.05
7.9022 	EXP 	text: height = 0.05
7.9022 	EXP 	text: text = 4
7.9064 	EXP 	text: height = 0.05
7.9064 	EXP 	text: height = 0.05
7.9064 	EXP 	text: height = 0.05
7.9064 	EXP 	text: text = 4
7.9116 	EXP 	text: height = 0.05
7.9116 	EXP 	text: height = 0.05
7.9116 	EXP 	text: height = 0.05
7.9116 	EXP 	text: text = 4
7.9154 	EXP 	text: height = 0.05
7.9154 	EXP 	text: height = 0.05
7.9154 	EXP 	text: height = 0.05
7.9154 	EXP 	text: text = 4
7.9192 	EXP 	text: height = 0.05
7.9192 	EXP 	text: height = 0.05
7.9192 	EXP 	text: height = 0.05
7.9192 	EXP 	text: text = 4
7.9234 	EXP 	text: height = 0.05
7.9234 	EXP 	text: height = 0.05
7.9234 	EXP 	text: height = 0.05
7.9234 	EXP 	text: text = 4
7.9244 	DATA 	Keypress: s
7.9276 	EXP 	text: height = 0.05
7.9276 	EXP 	text: height = 0.05
7.9276 	EXP 	text: height = 0.05
7.9276 	EXP 	text: text = 4
7.9317 	EXP 	text: height = 0.05
7.9317 	EXP 	text: height = 0.05
7.9317 	EXP 	text: height = 0.05
7.9317 	EXP 	text: text = 4
7.9359 	EXP 	text: height = 0.05
7.9359 	EXP 	text: height = 0.05
7.9359 	EXP 	text: height = 0.05
7.9359 	EXP 	text: text = 4
7.9401 	EXP 	text: height = 0.05
7.9401 	EXP 	text: height = 0.05
7.9401 	EXP 	text: height = 0.05
7.9401 	EXP 	text: text = 4
7.9443 	EXP 	text: height = 0.05
7.9443 	EXP 	text: height = 0.05
7.9443 	EXP 	text: height = 0.05
7.9443 	EXP 	text: text = 4
7.9484 	EXP 	text: height = 0.05
7.9484 	EXP 	text: height = 0.05
7.9484 	EXP 	text: height = 0.05
7.9484 	EXP 	text: text = 4
7.9526 	EXP 	text: height = 0.05
7.9526 	EXP 	text: height = 0.05
7.9526 	EXP 	text: height = 0.05
7.9526 	EXP 	text: text = 4
7.9571 	EXP 	text: height = 0.05
7.9571 	EXP 	text: height = 0.05
7.9571 	EXP 	text: height = 0.05
7.9571 	EXP 	text: text = 4
7.9609 	EXP 	text: height = 0.05
7.9609 	EXP 	text: height = 0.05
7.9609 	EXP 	text: height = 0.05
7.9609 	EXP 	text: text = 4
7.9651 	EXP 	text: height = 0.05
7.9651 	EXP 	text: height = 0.05
7.9651 	EXP 	text: height = 0.05
7.9651 	EXP 	text: text = 4
7.9693 	EXP 	text: height = 0.05
7.9693 	EXP 	text: height = 0.05
7.9693 	EXP 	text: height = 0.05
7.9693 	EXP 	text: text = 4
7.9702 	DATA 	Keypress: d
7.9734 	EXP 	text: height = 0.05
7.9734 	EXP 	text: height = 0.05
7.9734 	EXP 	text: height = 0.05
7.9734 	EXP 	text: text = 4
7.9776 	EXP 	text: height = 0.05
7.9776 	EXP 	text: height = 0.05
7.9776 	EXP 	text: height = 0.05
7.9776 	EXP 	text: text = 4
7.9818 	EXP 	text: height = 0.05
7.9818 	EXP 	text: height = 0.05
7.9818 	EXP 	text: height = 0.05
7.9818 	EXP 	text: text = 4
7.9859 	EXP 	text: height = 0.05
7.9859 	EXP 	text: height = 0.05
7.9859 	EXP 	text: height = 0.05
7.9859 	EXP 	text: text = 4
7.9901 	EXP 	text: height = 0.05
7.9901 	EXP 	text: height = 0.05
7.9901 	EXP 	text: height = 0.05
7.9901 	EXP 	text: text = 4
7.9943 	EXP 	text: height = 0.05
7.9943 	EXP 	text: height = 0.05
7.9943 	EXP 	text: height = 0.05
7.9943 	EXP 	text: text = 4
7.9985 	EXP 	text: height = 0.05
7.9985 	EXP 	text: height = 0.05
7.9985 	EXP 	text: height = 0.05
7.9985 	EXP 	text: text = 4
8.0027 	EXP 	text: height = 0.05
8.0027 	EXP 	text: height = 0.05
8.0027 	EXP 	text: height = 0.05
8.0027 	EXP 	text: text = 4
8.0068 	EXP 	text: height = 0.05
8.0068 	EXP 	text: height = 0.05
8.0068 	EXP 	text: height = 0.05
8.0068 	EXP 	text: text = 4
8.0110 	EXP 	text: height = 0.05
8.0110 	EXP 	text: height = 0.05
8.0110 	EXP 	text: height = 0.05
8.0110 	EXP 	text: text = 4
8.0152 	EXP 	text: height = 0.05
8.0152 	EXP 	text: height = 0.05
8.0152 	EXP 	text: height = 0.05
8.0152 	EXP 	text: text = 4
8.0193 	EXP 	text: height = 0.05
8.0193 	EXP 	text: height = 0.05
8.0193 	EXP 	text: height = 0.05
8.0193 	EXP 	text: text = 4
8.0235 	EXP 	text: height = 0.05
8.0235 	EXP 	text: height = 0.05
8.0235 	EXP 	text: height = 0.05
8.0235 	EXP 	text: text = 4
8.0276 	EXP 	text: height = 0.05
8.0276 	EXP 	text: height = 0.05
8.0276 	EXP 	text: height = 0.05
8.0276 	EXP 	text: text = 4
8.0318 	EXP 	text: height = 0.05
8.0318 	EXP 	text: height = 0.05
8.0318 	EXP 	text: height = 0.05
8.0318 	EXP 	text: text = 4
8.0360 	EXP 	text: height = 0.05
8.0360 	EXP 	text: height = 0.05
8.0360 	EXP 	text: height = 0.05
8.0360 	EXP 	text: text = 4
8.0402 	EXP 	text: height = 0.05
8.0402 	EXP 	text: height = 0.05
8.0402 	EXP 	text: height = 0.05
8.0402 	EXP 	text: text = 4
8.0443 	EXP 	text: height = 0.05
8.0443 	EXP 	text: height = 0.05
8.0443 	EXP 	text: height = 0.05
8.0443 	EXP 	text: text = 4
8.0485 	EXP 	text: height = 0.05
8.0485 	EXP 	text: height = 0.05
8.0485 	EXP 	text: height = 0.05
8.0485 	EXP 	text: text = 4
8.0527 	EXP 	text: height = 0.05
8.0527 	EXP 	text: height = 0.05
8.0527 	EXP 	text: height = 0.05
8.0527 	EXP 	text: text = 4
8.0569 	EXP 	text: height = 0.05
8.0569 	EXP 	text: height = 0.05
8.0569 	EXP 	text: height = 0.05
8.0569 	EXP 	text: text = 4
8.0610 	EXP 	text: height = 0.05
8.0610 	EXP 	text: height = 0.05
8.0610 	EXP 	text: height = 0.05
8.0610 	EXP 	text: text = 4
8.0652 	EXP 	text: height = 0.05
8.0652 	EXP 	text: height = 0.05
8.0652 	EXP 	text: height = 0.05
8.0652 	EXP 	text: text = 4
8.0694 	EXP 	text: height = 0.05
8.0694 	EXP 	text: height = 0.05
8.0694 	EXP 	text: height = 0.05
8.0694 	EXP 	text: text = 4
8.0735 	EXP 	text: height = 0.05
8.0735 	EXP 	text: height = 0.05
8.0735 	EXP 	text: height = 0.05
8.0735 	EXP 	text: text = 4
8.0777 	EXP 	text: height = 0.05
8.0777 	EXP 	text: height = 0.05
8.0777 	EXP 	text: height = 0.05
8.0777 	EXP 	text: text = 4
8.0819 	EXP 	text: height = 0.05
8.0819 	EXP 	text: height = 0.05
8.0819 	EXP 	text: height = 0.05
8.0819 	EXP 	text: text = 4
8.0861 	EXP 	text: height = 0.05
8.0861 	EXP 	text: height = 0.05
8.0861 	EXP 	text: height = 0.05
8.0861 	EXP 	text: text = 4
8.0902 	EXP 	text: height = 0.05
8.0902 	EXP 	text: height = 0.05
8.0902 	EXP 	text: height = 0.05
8.0902 	EXP 	text: text = 4
8.0944 	EXP 	text: height = 0.05
8.0944 	EXP 	text: height = 0.05
8.0944 	EXP 	text: height = 0.05
8.0944 	EXP 	text: text = 4
8.0991 	EXP 	text: height = 0.05
8.0991 	EXP 	text: height = 0.05
8.0991 	EXP 	text: height = 0.05
8.0991 	EXP 	text: text = 4
8.1028 	EXP 	text: height = 0.05
8.1028 	EXP 	text: height = 0.05
8.1028 	EXP 	text: height = 0.05
8.1028 	EXP 	text: text = 4
8.1069 	EXP 	text: height = 0.05
8.1069 	EXP 	text: height = 0.05
8.1069 	EXP 	text: height = 0.05
8.1069 	EXP 	text: text = 4
8.1111 	EXP 	text: height = 0.05
8.1111 	EXP 	text: height = 0.05
8.1111 	EXP 	text: height = 0.05
8.1111 	EXP 	text: text = 4
8.1153 	EXP 	text: height = 0.05
8.1153 	EXP 	text: height = 0.05
8.1153 	EXP 	text: height = 0.05
8.1153 	EXP 	text: text = 4
8.1195 	EXP 	text: height = 0.05
8.1195 	EXP 	text: height = 0.05
8.1195 	EXP 	text: height = 0.05
8.1195 	EXP 	text: text = 4
8.1236 	EXP 	text: height = 0.05
8.1236 	EXP 	text: height = 0.05
8.1236 	EXP 	text: height = 0.05
8.1236 	EXP 	text: text = 4
8.1278 	EXP 	text: height = 0.05
8.1278 	EXP 	text: height = 0.05
8.1278 	EXP 	text: height = 0.05
8.1278 	EXP 	text: text = 4
8.1320 	EXP 	text: height = 0.05
8.1320 	EXP 	text: height = 0.05
8.1320 	EXP 	text: height = 0.05
8.1320 	EXP 	text: text = 4
8.1361 	EXP 	text: height = 0.05
8.1361 	EXP 	text: height = 0.05
8.1361 	EXP 	text: height = 0.05
8.1361 	EXP 	text: text = 4
8.1403 	EXP 	text: height = 0.05
8.1403 	EXP 	text: height = 0.05
8.1403 	EXP 	text: height = 0.05
8.1403 	EXP 	text: text = 4
8.1460 	EXP 	text: height = 0.05
8.1460 	EXP 	text: height = 0.05
8.1460 	EXP 	text: height = 0.05
8.1460 	EXP 	text: text = 4
8.1471 	DATA 	Keypress: space
8.1506 	EXP 	text: height = 0.05
8.1506 	EXP 	text: height = 0.05
8.1506 	EXP 	text: height = 0.05
8.1506 	EXP 	text: text = 4
8.1548 	EXP 	text: height = 0.05
8.1548 	EXP 	text: height = 0.05
8.1548 	EXP 	text: height = 0.05
8.1548 	EXP 	text: text = 4
8.1590 	EXP 	text: height = 0.05
8.1590 	EXP 	text: height = 0.05
8.1590 	EXP 	text: height = 0.05
8.1590 	EXP 	text: text = 4
8.1631 	EXP 	text: height = 0.05
8.1631 	EXP 	text: height = 0.05
8.1631 	EXP 	text: height = 0.05
8.1631 	EXP 	text: text = 4
8.1661 	DATA 	Keypress: a
8.1673 	EXP 	text: height = 0.05
8.1673 	EXP 	text: height = 0.05
8.1673 	EXP 	text: height = 0.05
8.1673 	EXP 	text: text = 4
8.1724 	EXP 	text: height = 0.05
8.1724 	EXP 	text: height = 0.05
8.1724 	EXP 	text: height = 0.05
8.1724 	EXP 	text: text = 5
8.1766 	EXP 	text: height = 0.05
8.1766 	EXP 	text: height = 0.05
8.1766 	EXP 	text: height = 0.05
8.1766 	EXP 	text: text = 5
8.1807 	EXP 	text: height = 0.05
8.1807 	EXP 	text: height = 0.05
8.1807 	EXP 	text: height = 0.05
8.1807 	EXP 	text: text = 5
8.1849 	EXP 	text: height = 0.05
8.1849 	EXP 	text: height = 0.05
8.1849 	EXP 	text: height = 0.05
8.1849 	EXP 	text: text = 5
8.1891 	EXP 	text: height = 0.05
8.1891 	EXP 	text: height = 0.05
8.1891 	EXP 	text: height = 0.05
8.1891 	EXP 	text: text = 5
8.1942 	EXP 	text: height = 0.05
8.1942 	EXP 	text: height = 0.05
8.1942 	EXP 	text: height = 0.05
8.1942 	EXP 	text: text = 5
8.1979 	EXP 	text: height = 0.05
8.1979 	EXP 	text: height = 0.05
8.1979 	EXP 	text: height = 0.05
8.1979 	EXP 	text: text = 5
8.2021 	EXP 	text: height = 0.05
8.2021 	EXP 	text: height = 0.05
8.2021 	EXP 	text: height = 0.05
8.2021 	EXP 	text: text = 5
8.2063 	EXP 	text: height = 0.05
8.2063 	EXP 	text: height = 0.05
8.2063 	EXP 	text: height = 0.05
8.2063 	EXP 	text: text = 5
8.2105 	EXP 	text: height = 0.05
8.2105 	EXP 	text: height = 0.05
8.2105 	EXP 	text: height = 0.05
8.2105 	EXP 	text: text = 5
8.2146 	EXP 	text: height = 0.05
8.2146 	EXP 	text: height = 0.05
8.2146 	EXP 	text: height = 0.05
8.2146 	EXP 	text: text = 5
8.2188 	EXP 	text: height = 0.05
8.2188 	EXP 	text: height = 0.05
8.2188 	EXP 	text: height = 0.05
8.2188 	EXP 	text: text = 5
8.2230 	EXP 	text: height = 0.05
8.2230 	EXP 	text: height = 0.05
8.2230 	EXP 	text: height = 0.05
8.2230 	EXP 	text: text = 5
8.2271 	EXP 	text: height = 0.05
8.2271 	EXP 	text: height = 0.05
8.2271 	EXP 	text: height = 0.05
8.2271 	EXP 	text: text = 5
8.2313 	EXP 	text: height = 0.05
8.2313 	EXP 	text: height = 0.05
8.2313 	EXP 	text: height = 0.05
8.2313 	EXP 	text: text = 5
8.2355 	EXP 	text: height = 0.05
8.2355 	EXP 	text: height = 0.05
8.2355 	EXP 	text: height = 0.05
8.2355 	EXP 	text: text = 5
8.2397 	EXP 	text: height = 0.05
8.2397 	EXP 	text: height = 0.05
8.2397 	EXP 	text: height = 0.05
8.2397 	EXP 	text: text = 5
8.2438 	EXP 	text: height = 0.05
8.2438 	EXP 	text: height = 0.05
8.2438 	EXP 	text: height = 0.05
8.2438 	EXP 	text: text = 5
8.2480 	EXP 	text: height = 0.05
8.2480 	EXP 	text: height = 0.05
8.2480 	EXP 	text: height = 0.05
8.2480 	EXP 	text: text = 5
8.2510 	DATA 	Keypress: s
8.2522 	EXP 	text: height = 0.05
8.2522 	EXP 	text: height = 0.05
8.2522 	EXP 	text: height = 0.05
8.2522 	EXP 	text: text = 5
8.2563 	EXP 	text: height = 0.05
8.2563 	EXP 	text: height = 0.05
8.2563 	EXP 	text: height = 0.05
8.2563 	EXP 	text: text = 5
8.2605 	EXP 	text: height = 0.05
8.2605 	EXP 	text: height = 0.05
8.2605 	EXP 	text: height = 0.05
8.2605 	EXP 	text: text = 5
8.2647 	EXP 	text: height = 0.05
8.2647 	EXP 	text: height = 0.05
8.2647 	EXP 	text: height = 0.05
8.2647 	EXP 	text: text = 5
8.2693 	EXP 	text: height = 0.05
8.2693 	EXP 	text: height = 0.05
8.2693 	EXP 	text: height = 0.05
8.2693 	EXP 	text: text = 5
8.2733 	EXP 	text: height = 0.05
8.2733 	EXP 	text: height = 0.05
8.2733 	EXP 	text: height = 0.05
8.2733 	EXP 	text: text = 5
8.2775 	EXP 	text: height = 0.05
8.2775 	EXP 	text: height = 0.05
8.2775 	EXP 	text: height = 0.05
8.2775 	EXP 	text: text = 5
8.2816 	EXP 	text: height = 0.05
8.2816 	EXP 	text: height = 0.05
8.2816 	EXP 	text: height = 0.05
8.2816 	EXP 	text: text = 5
8.2825 	DATA 	Keypress: d
8.2859 	EXP 	text: height = 0.05
8.2859 	EXP 	text: height = 0.05
8.2859 	EXP 	text: height = 0.05
8.2859 	EXP 	text: text = 5
8.2901 	EXP 	text: height = 0.05
8.2901 	EXP 	text: height = 0.05
8.2901 	EXP 	text: height = 0.05
8.2901 	EXP 	text: text = 5
8.2942 	EXP 	text: height = 0.05
8.2942 	EXP 	text: height = 0.05
8.2942 	EXP 	text: height = 0.05
8.2942 	EXP 	text: text = 5
8.2984 	EXP 	text: height = 0.05
8.2984 	EXP 	text: height = 0.05
8.2984 	EXP 	text: height = 0.05
8.2984 	EXP 	text: text = 5
8.3026 	EXP 	text: height = 0.05
8.3026 	EXP 	text: height = 0.05
8.3026 	EXP 	text: height = 0.05
8.3026 	EXP 	text: text = 5
8.3068 	EXP 	text: height = 0.05
8.3068 	EXP 	text: height = 0.05
8.3068 	EXP 	text: height = 0.05
8.3068 	EXP 	text: text = 5
8.3110 	EXP 	text: height = 0.05
8.3110 	EXP 	text: height = 0.05
8.3110 	EXP 	text: height = 0.05
8.3110 	EXP 	text: text = 5
8.3156 	EXP 	text: height = 0.05
8.3156 	EXP 	text: height = 0.05
8.3156 	EXP 	text: height = 0.05
8.3156 	EXP 	text: text = 5
8.3193 	EXP 	text: height = 0.05
8.3193 	EXP 	text: height = 0.05
8.3193 	EXP 	text: height = 0.05
8.3193 	EXP 	text: text = 5
8.3235 	EXP 	text: height = 0.05
8.3235 	EXP 	text: height = 0.05
8.3235 	EXP 	text: height = 0.05
8.3235 	EXP 	text: text = 5
8.3276 	EXP 	text: height = 0.05
8.3276 	EXP 	text: height = 0.05
8.3276 	EXP 	text: height = 0.05
8.3276 	EXP 	text: text = 5
8.3318 	EXP 	text: height = 0.05
8.3318 	EXP 	text: height = 0.05
8.3318 	EXP 	text: height = 0.05
8.3318 	EXP 	text: text = 5
8.3360 	EXP 	text: height = 0.05
8.3360 	EXP 	text: height = 0.05
8.3360 	EXP 	text: height = 0.05
8.3360 	EXP 	text: text = 5
8.3401 	EXP 	text: height = 0.05
8.3401 	EXP 	text: height = 0.05
8.3401 	EXP 	text: height = 0.05
8.3401 	EXP 	text: text = 5
8.3443 	EXP 	text: height = 0.05
8.3443 	EXP 	text: height = 0.05
8.3443 	EXP 	text: height = 0.05
8.3443 	EXP 	text: text = 5
8.3488 	EXP 	text: height = 0.05
8.3488 	EXP 	text: height = 0.05
8.3488 	EXP 	text: height = 0.05
8.3488 	EXP 	text: text = 5
8.3529 	EXP 	text: height = 0.05
8.3529 	EXP 	text: height = 0.05
8.3529 	EXP 	text: height = 0.05
8.3529 	EXP 	text: text = 5
8.3570 	EXP 	text: height = 0.05
8.3570 	EXP 	text: height = 0.05
8.3570 	EXP 	text: height = 0.05
8.3570 	EXP 	text: text = 5
8.3612 	EXP 	text: height = 0.05
8.3612 	EXP 	text: height = 0.05
8.3612 	EXP 	text: height = 0.05
8.3612 	EXP 	text: text = 5
8.3654 	EXP 	text: height = 0.05
8.3654 	EXP 	text: height = 0.05
8.3654 	EXP 	text: height = 0.05
8.3654 	EXP 	text: text = 5
8.3696 	EXP 	text: height = 0.05
8.3696 	EXP 	text: height = 0.05
8.3696 	EXP 	text: height = 0.05
8.3696 	EXP 	text: text = 5
8.3738 	EXP 	text: height = 0.05
8.3738 	EXP 	text: height = 0.05
8.3738 	EXP 	text: height = 0.05
8.3738 	EXP 	text: text = 5
8.3779 	EXP 	text: height = 0.05
8.3779 	EXP 	text: height = 0.05
8.3779 	EXP 	text: height = 0.05
8.3779 	EXP 	text: text = 5
8.3821 	EXP 	text: height = 0.05
8.3821 	EXP 	text: height = 0.05
8.3821 	EXP 	text: height = 0.05
8.3821 	EXP 	text: text = 5
8.3862 	EXP 	text: height = 0.05
8.3862 	EXP 	text: height = 0.05
8.3862 	EXP 	text: height = 0.05
8.3862 	EXP 	text: text = 5
8.3904 	EXP 	text: height = 0.05
8.3904 	EXP 	text: height = 0.05
8.3904 	EXP 	text: height = 0.05
8.3904 	EXP 	text: text = 5
8.3946 	EXP 	text: height = 0.05
8.3946 	EXP 	text: height = 0.05
8.3946 	EXP 	text: height = 0.05
8.3946 	EXP 	text: text = 5
8.3988 	EXP 	text: height = 0.05
8.3988 	EXP 	text: height = 0.05
8.3988 	EXP 	text: height = 0.05
8.3988 	EXP 	text: text = 5
8.4030 	EXP 	text: height = 0.05
8.4030 	EXP 	text: height = 0.05
8.4030 	EXP 	text: height = 0.05
8.4030 	EXP 	text: text = 5
8.4071 	EXP 	text: height = 0.05
8.4071 	EXP 	text: height = 0.05
8.4071 	EXP 	text: height = 0.05
8.4071 	EXP 	text: text = 5
8.4116 	EXP 	text: height = 0.05
8.4116 	EXP 	text: height = 0.05
8.4116 	EXP 	text: height = 0.05
8.4116 	EXP 	text: text = 5
8.4300 	EXP 	text: height = 0.05
8.4300 	EXP 	text: height = 0.05
8.4300 	EXP 	text: height = 0.05
8.4300 	EXP 	text: text = 5
8.4371 	EXP 	text: height = 0.05
8.4371 	EXP 	text: height = 0.05
8.4371 	EXP 	text: height = 0.05
8.4371 	EXP 	text: text = 5
8.4423 	EXP 	text: height = 0.05
8.4423 	EXP 	text: height = 0.05
8.4423 	EXP 	text: height = 0.05
8.4423 	EXP 	text: text = 5
8.4496 	EXP 	text: height = 0.05
8.4496 	EXP 	text: height = 0.05
8.4496 	EXP 	text: height = 0.05
8.4496 	EXP 	text: text = 5
8.4538 	EXP 	text: height = 0.05
8.4538 	EXP 	text: height = 0.05
8.4538 	EXP 	text: height = 0.05
8.4538 	EXP 	text: text = 5
8.4604 	EXP 	text: height = 0.05
8.4604 	EXP 	text: height = 0.05
8.4604 	EXP 	text: height = 0.05
8.4604 	EXP 	text: text = 5
8.4645 	EXP 	text: height = 0.05
8.4645 	EXP 	text: height = 0.05
8.4645 	EXP 	text: height = 0.05
8.4645 	EXP 	text: text = 5
8.4705 	EXP 	text: height = 0.05
8.4705 	EXP 	text: height = 0.05
8.4705 	EXP 	text: height = 0.05
8.4705 	EXP 	text: text = 5
8.4747 	EXP 	text: height = 0.05
8.4747 	EXP 	text: height = 0.05
8.4747 	EXP 	text: height = 0.05
8.4747 	EXP 	text: text = 5
8.4799 	EXP 	text: height = 0.05
8.4799 	EXP 	text: height = 0.05
8.4799 	EXP 	text: height = 0.05
8.4799 	EXP 	text: text = 5
8.4841 	EXP 	text: height = 0.05
8.4841 	EXP 	text: height = 0.05
8.4841 	EXP 	text: height = 0.05
8.4841 	EXP 	text: text = 5
8.4886 	EXP 	text: height = 0.05
8.4886 	EXP 	text: height = 0.05
8.4886 	EXP 	text: height = 0.05
8.4886 	EXP 	text: text = 5
8.4928 	EXP 	text: height = 0.05
8.4928 	EXP 	text: height = 0.05
8.4928 	EXP 	text: height = 0.05
8.4928 	EXP 	text: text = 5
8.4971 	EXP 	text: height = 0.05
8.4971 	EXP 	text: height = 0.05
8.4971 	EXP 	text: height = 0.05
8.4971 	EXP 	text: text = 5
8.5012 	EXP 	text: height = 0.05
8.5012 	EXP 	text: height = 0.05
8.5012 	EXP 	text: height = 0.05
8.5012 	EXP 	text: text = 5
8.5057 	EXP 	text: height = 0.05
8.5057 	EXP 	text: height = 0.05
8.5057 	EXP 	text: height = 0.05
8.5057 	EXP 	text: text = 5
8.5100 	EXP 	text: height = 0.05
8.5100 	EXP 	text: height = 0.05
8.5100 	EXP 	text: height = 0.05
8.5100 	EXP 	text: text = 5
8.5143 	EXP 	text: height = 0.05
8.5143 	EXP 	text: height = 0.05
8.5143 	EXP 	text: height = 0.05
8.5143 	EXP 	text: text = 5
8.5185 	EXP 	text: height = 0.05
8.5185 	EXP 	text: height = 0.05
8.5185 	EXP 	text: height = 0.05
8.5185 	EXP 	text: text = 5
8.5228 	EXP 	text: height = 0.05
8.5228 	EXP 	text: height = 0.05
8.5228 	EXP 	text: height = 0.05
8.5228 	EXP 	text: text = 5
8.5269 	EXP 	text: height = 0.05
8.5269 	EXP 	text: height = 0.05
8.5269 	EXP 	text: height = 0.05
8.5269 	EXP 	text: text = 5
8.5311 	EXP 	text: height = 0.05
8.5311 	EXP 	text: height = 0.05
8.5311 	EXP 	text: height = 0.05
8.5311 	EXP 	text: text = 5
8.5360 	EXP 	text: height = 0.05
8.5360 	EXP 	text: height = 0.05
8.5360 	EXP 	text: height = 0.05
8.5360 	EXP 	text: text = 5
8.5406 	EXP 	text: height = 0.05
8.5406 	EXP 	text: height = 0.05
8.5406 	EXP 	text: height = 0.05
8.5406 	EXP 	text: text = 5
8.5445 	EXP 	text: height = 0.05
8.5445 	EXP 	text: height = 0.05
8.5445 	EXP 	text: height = 0.05
8.5445 	EXP 	text: text = 5
8.5486 	EXP 	text: height = 0.05
8.5486 	EXP 	text: height = 0.05
8.5486 	EXP 	text: height = 0.05
8.5486 	EXP 	text: text = 5
8.5529 	EXP 	text: height = 0.05
8.5529 	EXP 	text: height = 0.05
8.5529 	EXP 	text: height = 0.05
8.5529 	EXP 	text: text = 5
8.5571 	EXP 	text: height = 0.05
8.5571 	EXP 	text: height = 0.05
8.5571 	EXP 	text: height = 0.05
8.5571 	EXP 	text: text = 5
8.5612 	EXP 	text: height = 0.05
8.5612 	EXP 	text: height = 0.05
8.5612 	EXP 	text: height = 0.05
8.5612 	EXP 	text: text = 5
8.5667 	EXP 	text: height = 0.05
8.5667 	EXP 	text: height = 0.05
8.5667 	EXP 	text: height = 0.05
8.5667 	EXP 	text: text = 5
8.5704 	EXP 	text: height = 0.05
8.5704 	EXP 	text: height = 0.05
8.5704 	EXP 	text: height = 0.05
8.5704 	EXP 	text: text = 5
8.5745 	EXP 	text: height = 0.05
8.5745 	EXP 	text: height = 0.05
8.5745 	EXP 	text: height = 0.05
8.5745 	EXP 	text: text = 5
8.5787 	EXP 	text: height = 0.05
8.5787 	EXP 	text: height = 0.05
8.5787 	EXP 	text: height = 0.05
8.5787 	EXP 	text: text = 5
8.5829 	EXP 	text: height = 0.05
8.5829 	EXP 	text: height = 0.05
8.5829 	EXP 	text: height = 0.05
8.5829 	EXP 	text: text = 5
8.5871 	EXP 	text: height = 0.05
8.5871 	EXP 	text: height = 0.05
8.5871 	EXP 	text: height = 0.05
8.5871 	EXP 	text: text = 5
8.5912 	EXP 	text: height = 0.05
8.5912 	EXP 	text: height = 0.05
8.5912 	EXP 	text: height = 0.05
8.5912 	EXP 	text: text = 5
8.5964 	EXP 	text: height = 0.05
8.5964 	EXP 	text: height = 0.05
8.5964 	EXP 	text: height = 0.05
8.5964 	EXP 	text: text = 5
8.6004 	EXP 	text: height = 0.05
8.6004 	EXP 	text: height = 0.05
8.6004 	EXP 	text: height = 0.05
8.6004 	EXP 	text: text = 5
8.6043 	EXP 	text: height = 0.05
8.6043 	EXP 	text: height = 0.05
8.6043 	EXP 	text: height = 0.05
8.6043 	EXP 	text: text = 5
8.6085 	EXP 	text: height = 0.05
8.6085 	EXP 	text: height = 0.05
8.6085 	EXP 	text: height = 0.05
8.6085 	EXP 	text: text = 5
8.6127 	EXP 	text: height = 0.05
8.6127 	EXP 	text: height = 0.05
8.6127 	EXP 	text: height = 0.05
8.6127 	EXP 	text: text = 5
8.6168 	EXP 	text: height = 0.05
8.6168 	EXP 	text: height = 0.05
8.6168 	EXP 	text: height = 0.05
8.6168 	EXP 	text: text = 5
8.6210 	EXP 	text: height = 0.05
8.6210 	EXP 	text: height = 0.05
8.6210 	EXP 	text: height = 0.05
8.6210 	EXP 	text: text = 5
8.6252 	EXP 	text: height = 0.05
8.6252 	EXP 	text: height = 0.05
8.6252 	EXP 	text: height = 0.05
8.6252 	EXP 	text: text = 5
8.6294 	EXP 	text: height = 0.05
8.6294 	EXP 	text: height = 0.05
8.6294 	EXP 	text: height = 0.05
8.6294 	EXP 	text: text = 5
8.6335 	EXP 	text: height = 0.05
8.6335 	EXP 	text: height = 0.05
8.6335 	EXP 	text: height = 0.05
8.6335 	EXP 	text: text = 5
8.6365 	DATA 	Keypress: escape
8.6377 	EXP 	text: height = 0.05
8.6377 	EXP 	text: height = 0.05
8.6377 	EXP 	text: height = 0.05
8.6377 	EXP 	text: text = 5
8.6419 	EXP 	text: height = 0.05
8.6419 	EXP 	text: height = 0.05
8.6419 	EXP 	text: height = 0.05
8.6419 	EXP 	text: text = 5
8.6461 	EXP 	text: height = 0.05
8.6461 	EXP 	text: height = 0.05
8.6461 	EXP 	text: height = 0.05
8.6461 	EXP 	text: text = 5
8.6502 	EXP 	text: height = 0.05
8.6502 	EXP 	text: height = 0.05
8.6502 	EXP 	text: height = 0.05
8.6502 	EXP 	text: text = 5
8.6544 	EXP 	text: height = 0.05
8.6544 	EXP 	text: height = 0.05
8.6544 	EXP 	text: height = 0.05
8.6544 	EXP 	text: text = 5
8.6586 	EXP 	text: height = 0.05
8.6586 	EXP 	text: height = 0.05
8.6586 	EXP 	text: height = 0.05
8.6586 	EXP 	text: text = 5
8.6627 	EXP 	text: height = 0.05
8.6627 	EXP 	text: height = 0.05
8.6627 	EXP 	text: height = 0.05
8.6627 	EXP 	text: text = 5
8.6669 	EXP 	text: height = 0.05
8.6669 	EXP 	text: height = 0.05
8.6669 	EXP 	text: height = 0.05
8.6669 	EXP 	text: text = 5
8.6711 	EXP 	text: height = 0.05
8.6711 	EXP 	text: height = 0.05
8.6711 	EXP 	text: height = 0.05
8.6711 	EXP 	text: text = 5
8.6753 	EXP 	text: height = 0.05
8.6753 	EXP 	text: height = 0.05
8.6753 	EXP 	text: height = 0.05
8.6753 	EXP 	text: text = 5
8.6794 	EXP 	text: height = 0.05
8.6794 	EXP 	text: height = 0.05
8.6794 	EXP 	text: height = 0.05
8.6794 	EXP 	text: text = 5
8.6836 	EXP 	text: height = 0.05
8.6836 	EXP 	text: height = 0.05
8.6836 	EXP 	text: height = 0.05
8.6836 	EXP 	text: text = 5
8.6878 	EXP 	text: height = 0.05
8.6878 	EXP 	text: height = 0.05
8.6878 	EXP 	text: height = 0.05
8.6878 	EXP 	text: text = 5
8.6926 	EXP 	text: height = 0.05
8.6926 	EXP 	text: height = 0.05
8.6926 	EXP 	text: height = 0.05
8.6926 	EXP 	text: text = 5
8.6963 	EXP 	text: height = 0.05
8.6963 	EXP 	text: height = 0.05
8.6963 	EXP 	text: height = 0.05
8.6963 	EXP 	text: text = 5
8.7004 	EXP 	text: height = 0.05
8.7004 	EXP 	text: height = 0.05
8.7004 	EXP 	text: height = 0.05
8.7004 	EXP 	text: text = 5
8.7046 	EXP 	text: height = 0.05
8.7046 	EXP 	text: height = 0.05
8.7046 	EXP 	text: height = 0.05
8.7046 	EXP 	text: text = 5
8.7088 	EXP 	text: height = 0.05
8.7088 	EXP 	text: height = 0.05
8.7088 	EXP 	text: height = 0.05
8.7088 	EXP 	text: text = 5
8.7129 	EXP 	text: height = 0.05
8.7129 	EXP 	text: height = 0.05
8.7129 	EXP 	text: height = 0.05
8.7129 	EXP 	text: text = 5
8.7171 	EXP 	text: height = 0.05
8.7171 	EXP 	text: height = 0.05
8.7171 	EXP 	text: height = 0.05
8.7171 	EXP 	text: text = 5
8.7213 	EXP 	text: height = 0.05
8.7213 	EXP 	text: height = 0.05
8.7213 	EXP 	text: height = 0.05
8.7213 	EXP 	text: text = 5
8.7254 	EXP 	text: height = 0.05
8.7254 	EXP 	text: height = 0.05
8.7254 	EXP 	text: height = 0.05
8.7254 	EXP 	text: text = 5
8.7296 	EXP 	text: height = 0.05
8.7296 	EXP 	text: height = 0.05
8.7296 	EXP 	text: height = 0.05
8.7296 	EXP 	text: text = 5
8.7338 	EXP 	text: height = 0.05
8.7338 	EXP 	text: height = 0.05
8.7338 	EXP 	text: height = 0.05
8.7338 	EXP 	text: text = 5
8.7382 	EXP 	text: height = 0.05
8.7382 	EXP 	text: height = 0.05
8.7382 	EXP 	text: height = 0.05
8.7382 	EXP 	text: text = 5
8.7421 	EXP 	text: height = 0.05
8.7421 	EXP 	text: height = 0.05
8.7421 	EXP 	text: height = 0.05
8.7421 	EXP 	text: text = 5
8.7463 	EXP 	text: height = 0.05
8.7463 	EXP 	text: height = 0.05
8.7463 	EXP 	text: height = 0.05
8.7463 	EXP 	text: text = 5
8.7504 	EXP 	text: height = 0.05
8.7504 	EXP 	text: height = 0.05
8.7504 	EXP 	text: height = 0.05
8.7504 	EXP 	text: text = 5
8.7546 	EXP 	text: height = 0.05
8.7546 	EXP 	text: height = 0.05
8.7546 	EXP 	text: height = 0.05
8.7546 	EXP 	text: text = 5
8.7588 	EXP 	text: height = 0.05
8.7588 	EXP 	text: height = 0.05
8.7588 	EXP 	text: height = 0.05
8.7588 	EXP 	text: text = 5
9.2831 	EXP 	window1: mouseVisible = True
