1.5108 	WARNING 	We strongly recommend you activate the PTB sound engine in PsychoPy prefs as the preferred audio engine. Its timing is vastly superior. Your prefs are currently set to use ['sounddevice', 'PTB', 'pyo', 'pygame'] (in that order).
4.0336 	WARNING 	User requested fullscreen with size [1024  768], but screen is actually [1920, 1080]. Using actual size
4.5015 	EXP 	Created window1 = Window(allowGUI=True, allowStencil=False, autoLog=True, backendConf=UNKNOWN, bitsMode=UNKNOWN, blendMode='avg', bpc=(8, 8, 8), color=array([0, 0, 0]), colorSpace='rgb', depthBits=8, fullscr=<method-wrapper '__getattribute__' of attributeSetter object at 0x000001D2DA73F160>, gamma=None, gammaErrorPolicy='raise', lms=UNKNOWN, monitor=<psychopy.monitors.calibTools.Monitor object at 0x000001D2E0CB7700>, multiSample=False, name='window1', numSamples=2, pos=(0, 0), screen=0, size=array([1920, 1080]), stencilBits=0, stereo=False, units='height', useFBO=True, useRetina=False, viewOri=0.0, viewPos=None, viewScale=None, waitBlanking=True, winType='pyglet')
4.5016 	EXP 	window1: mouseVisible = True
4.5017 	EXP 	window1: mouseVisible = False
4.5017 	EXP 	window1: Attempting to measure frame rate of screen (0) ...
4.5017 	EXP 	window1: recordFrameIntervals = False
4.5429 	EXP 	window1: recordFrameIntervals = True
4.5606 	WARNING 	t of last frame was 5.21ms (=1/191)
4.5896 	EXP 	Screen (0) actual frame rate measured at 235.46Hz
4.5897 	EXP 	window1: recordFrameIntervals = False
6.5019 	EXP 	Created text_2 = TextStim(__class__=<class 'psychopy.visual.text.TextStim'>, alignHoriz=method-wrapper(...), alignText='center', alignVert=method-wrapper(...), anchorHoriz='center', anchorVert='center', antialias=True, autoDraw=False, autoLog=True, bold=False, color=array([1, 1, 1]), colorSpace='rgb', contrast=1.0, depth=-1.0, flipHoriz=False, flipVert=False, font='Open Sans', fontFiles=[], height=0.05, italic=False, languageStyle='LTR', name='text_2', opacity=1.0, ori=0.0, pos=array([ 0. , -0.2]), rgb=UNKNOWN, text='asd', units='height', win=Window(...), wrapWidth=1)
6.5093 	EXP 	textbox: autoLog = True
6.5093 	EXP 	textbox: autoDraw = True
6.5093 	EXP 	text_2: autoDraw = True
8.2120 	DATA 	Keypress: a
8.2747 	DATA 	Keypress: s
8.3698 	DATA 	Keypress: d
8.6821 	DATA 	Keypress: space
8.7756 	DATA 	Keypress: a
8.8797 	DATA 	Keypress: s
8.9215 	DATA 	Keypress: d
9.1094 	DATA 	Keypress: a
9.1469 	DATA 	Keypress: space
9.2429 	DATA 	Keypress: s
9.2848 	DATA 	Keypress: d
9.4356 	DATA 	Keypress: space
9.4516 	DATA 	Keypress: a
9.5273 	DATA 	Keypress: w
9.6218 	DATA 	Keypress: e
9.8166 	DATA 	Keypress: a
9.9376 	DATA 	Keypress: s
9.9585 	DATA 	Keypress: d
10.1554 	DATA 	Keypress: space
10.2055 	DATA 	Keypress: a
10.3013 	DATA 	Keypress: s
10.3432 	DATA 	Keypress: d
10.5892 	DATA 	Keypress: escape
10.9013 	EXP 	window1: mouseVisible = True
