10.3794 	WARNING 	User requested fullscreen with size [1024  768], but screen is actually [1920, 1080]. Using actual size
10.6705 	EXP 	Created window1 = Window(allowGUI=True, allowStencil=False, autoLog=True, backendConf=UNKNOWN, backgroundFit=<method-wrapper '__getattribute__' of attributeSetter object at 0x000001EBE72C06D0>, backgroundImage=<method-wrapper '__getattribute__' of attributeSetter object at 0x000001EBE72C0670>, bitsMode=UNKNOWN, blendMode='avg', bpc=(8, 8, 8), color=array([0, 0, 0]), colorSpace='rgb', depthBits=8, fullscr=<method-wrapper '__getattribute__' of attributeSetter object at 0x000001EBE72C03A0>, gamma=None, gammaErrorPolicy='raise', lms=UNKNOWN, monitor=<psychopy.monitors.calibTools.Monitor object at 0x000001EBE91DD9D0>, multiSample=False, name='window1', numSamples=2, pos=(0, 0), screen=0, size=array([1920, 1080]), stencilBits=0, stereo=False, units='height', useFBO=True, useRetina=False, viewOri=0.0, viewPos=None, viewScale=None, waitBlanking=True, winType='pyglet')
10.6706 	EXP 	window1: mouseVisible = True
10.6706 	EXP 	window1: backgroundImage = ''
10.6706 	EXP 	window1: backgroundFit = 'none'
10.6706 	EXP 	window1: mouseVisible = False
10.6706 	EXP 	window1: Attempting to measure frame rate of screen (0) ...
10.6706 	EXP 	window1: recordFrameIntervals = False
10.7119 	EXP 	window1: recordFrameIntervals = True
10.7294 	WARNING 	t of last frame was 5.03ms (=1/198)
10.7599 	WARNING 	t of last frame was 5.11ms (=1/195)
10.7600 	EXP 	Screen (0) actual frame rate measured at 227.99Hz
10.7600 	EXP 	window1: recordFrameIntervals = False
12.0393 	EXP 	Created text = TextStim(__class__=<class 'psychopy.visual.text.TextStim'>, alignHoriz=method-wrapper(...), alignText='center', alignVert=method-wrapper(...), anchorHoriz='center', anchorVert='center', antialias=True, autoDraw=False, autoLog=True, bold=False, color=array([1., 1., 1.]), colorSpace='rgb', contrast=1.0, depth=-1.0, flipHoriz=False, flipVert=False, font='Open Sans', fontFiles=[], height=0.05, italic=False, languageStyle='LTR', name='text', opacity=1.0, ori=0.0, pos=array([0., 0.]), rgb=UNKNOWN, text='Intro', units='height', win=Window(...), wrapWidth=1)
12.0397 	EXP 	window1: mouseVisible = True
12.0458 	EXP 	Created text_2 = TextStim(__class__=<class 'psychopy.visual.text.TextStim'>, alignHoriz=method-wrapper(...), alignText='center', alignVert=method-wrapper(...), anchorHoriz='center', anchorVert='center', antialias=True, autoDraw=False, autoLog=True, bold=False, color=array([1., 1., 1.]), colorSpace='rgb', contrast=1.0, depth=-1.0, flipHoriz=False, flipVert=False, font='Open Sans', fontFiles=[], height=0.05, italic=False, languageStyle='LTR', name='text_2', opacity=1.0, ori=0.0, pos=array([0., 0.]), rgb=UNKNOWN, text='Experiment 1', units='height', win=Window(...), wrapWidth=1)
12.0459 	EXP 	window1: mouseVisible = True
12.0488 	EXP 	Created text_3 = TextStim(__class__=<class 'psychopy.visual.text.TextStim'>, alignHoriz=method-wrapper(...), alignText='center', alignVert=method-wrapper(...), anchorHoriz='center', anchorVert='center', antialias=True, autoDraw=False, autoLog=True, bold=False, color=array([1., 1., 1.]), colorSpace='rgb', contrast=1.0, depth=-1.0, flipHoriz=False, flipVert=False, font='Open Sans', fontFiles=[], height=0.05, italic=False, languageStyle='LTR', name='text_3', opacity=1.0, ori=0.0, pos=array([0., 0.]), rgb=UNKNOWN, text='Experiment 2', units='height', win=Window(...), wrapWidth=1)
12.0488 	EXP 	window1: mouseVisible = True
12.0518 	EXP 	Created text_4 = TextStim(__class__=<class 'psychopy.visual.text.TextStim'>, alignHoriz=method-wrapper(...), alignText='center', alignVert=method-wrapper(...), anchorHoriz='center', anchorVert='center', antialias=True, autoDraw=False, autoLog=True, bold=False, color=array([1., 1., 1.]), colorSpace='rgb', contrast=1.0, depth=0.0, flipHoriz=False, flipVert=False, font='Open Sans', fontFiles=[], height=0.05, italic=False, languageStyle='LTR', name='text_4', opacity=1.0, ori=0.0, pos=array([0., 0.]), rgb=UNKNOWN, text='Over', units='height', win=Window(...), wrapWidth=1)
12.0518 	EXP 	window1: mouseVisible = True
12.0539 	EXP 	text: autoDraw = True
13.4016 	DATA 	Mouse: Left button down, pos=(1021,341)
13.4055 	EXP 	text: autoDraw = False
13.4055 	EXP 	text_2: autoDraw = True
13.4766 	DATA 	Mouse:  Left button up, pos=(1021,341)
14.4615 	DATA 	Mouse: Left button down, pos=(1013,379)
14.4655 	EXP 	text_2: autoDraw = False
14.4655 	EXP 	text_3: autoDraw = False
14.4655 	EXP 	text_4: autoDraw = True
14.5574 	DATA 	Mouse:  Left button up, pos=(1013,379)
15.3459 	DATA 	Mouse: Left button down, pos=(1013,379)
15.3497 	EXP 	text_4: autoDraw = False
15.4163 	EXP 	window1: mouseVisible = True
