3.5763 	WARNING 	User requested fullscreen with size [1024  768], but screen is actually [1920, 1080]. Using actual size
3.8594 	EXP 	Created window1 = Window(allowGUI=True, allowStencil=False, autoLog=True, backendConf=UNKNOWN, backgroundFit=<method-wrapper '__getattribute__' of attributeSetter object at 0x0000023472F811F0>, backgroundImage=<method-wrapper '__getattribute__' of attributeSetter object at 0x0000023472F81190>, bitsMode=UNKNOWN, blendMode='avg', bpc=(8, 8, 8), color=array([0, 0, 0]), colorSpace='rgb', depthBits=8, fullscr=<method-wrapper '__getattribute__' of attributeSetter object at 0x0000023472F6FF10>, gamma=None, gammaErrorPolicy='raise', lms=UNKNOWN, monitor=<psychopy.monitors.calibTools.Monitor object at 0x0000023474E994F0>, multiSample=False, name='window1', numSamples=2, pos=(0, 0), screen=0, size=array([1920, 1080]), stencilBits=0, stereo=False, units='height', useFBO=True, useRetina=False, viewOri=0.0, viewPos=None, viewScale=None, waitBlanking=True, winType='pyglet')
3.8595 	EXP 	window1: mouseVisible = True
3.8595 	EXP 	window1: backgroundImage = ''
3.8595 	EXP 	window1: backgroundFit = 'none'
3.8595 	EXP 	window1: mouseVisible = False
3.8596 	EXP 	window1: Attempting to measure frame rate of screen (0) ...
3.8596 	EXP 	window1: recordFrameIntervals = False
3.9009 	EXP 	window1: recordFrameIntervals = True
3.9227 	WARNING 	t of last frame was 5.21ms (=1/191)
3.9468 	EXP 	Screen (0) actual frame rate measured at 239.95Hz
3.9468 	EXP 	window1: recordFrameIntervals = False
5.1767 	EXP 	window1: mouseVisible = True
5.1990 	EXP 	Created slider = Slider(__class__=<class 'psychopy.visual.slider.Slider'>, autoDraw=False, autoLog=True, borderColor=None, color=None, colorSpace='rgb', depth=0, fillColor=None, flip=False, font='Open Sans', granularity=0.0, labelColor=None, labelHeight=0.05, labelWrapWidth=None, labels=None, lineColor=None, markerColor=None, name='slider', opacity=None, ori=0.0, pos=array([ 0. , -0.4]), readOnly=False, self=UNKNOWN, size=array([1. , 0.1]), startValue=None, style='rating', styleTweaks=[], ticks=array([1, 2, 3, 4, 5]), units='height', win=Window(...))
5.2109 	EXP 	slider: autoLog = True
5.2109 	EXP 	slider: markerPos = None
5.2109 	EXP 	slider: styleTweaks = []
5.2109 	EXP 	slider: styleTweaks = []
5.2109 	EXP 	slider: styleTweaks = []
5.2109 	EXP 	slider: styleTweaks = []
5.2109 	EXP 	slider: contrast = 1.0
5.2109 	EXP 	slider: autoLog = True
5.2109 	EXP 	slider: markerPos = None
5.2109 	EXP 	slider: markerPos = None
5.2109 	EXP 	slider: autoDraw = True
5.7464 	DATA 	Mouse: Left button down, pos=(893,118)
5.7533 	EXP 	slider: markerPos = 2.7518518518518515
5.7575 	EXP 	slider: markerPos = 2.7518518518518515
5.7638 	EXP 	slider: markerPos = 2.7518518518518515
5.7684 	EXP 	slider: markerPos = 2.7518518518518515
5.7749 	EXP 	slider: markerPos = 2.7518518518518515
5.7790 	EXP 	slider: markerPos = 2.7518518518518515
5.7855 	EXP 	slider: markerPos = 2.7518518518518515
5.7897 	EXP 	slider: markerPos = 2.7518518518518515
5.7962 	EXP 	slider: markerPos = 2.7518518518518515
5.8003 	EXP 	slider: markerPos = 2.7518518518518515
5.8068 	EXP 	slider: markerPos = 2.7518518518518515
5.8109 	EXP 	slider: markerPos = 2.7518518518518515
5.8173 	EXP 	slider: markerPos = 2.7518518518518515
5.8214 	EXP 	slider: markerPos = 2.7518518518518515
5.8287 	EXP 	slider: markerPos = 2.7518518518518515
5.8327 	EXP 	slider: markerPos = 2.7518518518518515
5.8380 	EXP 	slider: markerPos = 2.7518518518518515
5.8421 	EXP 	slider: markerPos = 2.7518518518518515
5.8425 	DATA 	Mouse:  Left button up, pos=(893,120)
5.8470 	EXP 	slider: markerPos = 2.7518518518518515
6.3229 	DATA 	Mouse: Left button down, pos=(622,111)
6.6449 	DATA 	Mouse:  Left button up, pos=(696,112)
6.8031 	DATA 	Mouse: Left button down, pos=(683,114)
6.9787 	DATA 	Mouse:  Left button up, pos=(770,108)
7.3280 	DATA 	Mouse: Left button down, pos=(929,112)
7.3322 	EXP 	slider: markerPos = 2.8851851851851853
7.3364 	EXP 	slider: markerPos = 2.8851851851851853
7.3405 	EXP 	slider: markerPos = 2.8851851851851853
7.3447 	EXP 	slider: markerPos = 2.8851851851851853
7.3489 	EXP 	slider: markerPos = 2.8851851851851853
7.3530 	EXP 	slider: markerPos = 2.8851851851851853
7.3583 	EXP 	slider: markerPos = 2.8851851851851853
7.3620 	EXP 	slider: markerPos = 2.8851851851851853
7.3661 	EXP 	slider: markerPos = 2.8851851851851853
7.3703 	EXP 	slider: markerPos = 2.8851851851851853
7.3745 	EXP 	slider: markerPos = 2.8851851851851853
7.3786 	EXP 	slider: markerPos = 2.8851851851851853
7.3828 	EXP 	slider: markerPos = 2.8851851851851853
7.3870 	EXP 	slider: markerPos = 2.8851851851851853
7.3912 	EXP 	slider: markerPos = 2.8851851851851853
7.3953 	EXP 	slider: markerPos = 2.8851851851851853
7.3995 	EXP 	slider: markerPos = 2.8851851851851853
7.4037 	EXP 	slider: markerPos = 2.888888888888889
7.4078 	EXP 	slider: markerPos = 2.8962962962962964
7.4120 	EXP 	slider: markerPos = 2.9
7.4162 	EXP 	slider: markerPos = 2.9111111111111114
7.4203 	EXP 	slider: markerPos = 2.9222222222222225
7.4245 	EXP 	slider: markerPos = 2.9296296296296296
7.4287 	EXP 	slider: markerPos = 2.9407407407407407
7.4329 	EXP 	slider: markerPos = 2.9518518518518517
7.4370 	EXP 	slider: markerPos = 2.966666666666667
7.4412 	EXP 	slider: markerPos = 2.977777777777778
7.4454 	EXP 	slider: markerPos = 2.988888888888889
7.4495 	EXP 	slider: markerPos = 3.0074074074074075
7.4539 	EXP 	slider: markerPos = 3.0185185185185186
7.4579 	EXP 	slider: markerPos = 3.033333333333333
7.4621 	EXP 	slider: markerPos = 3.051851851851852
7.4663 	EXP 	slider: markerPos = 3.062962962962963
7.4704 	EXP 	slider: markerPos = 3.074074074074074
7.4746 	EXP 	slider: markerPos = 3.085185185185185
7.4788 	EXP 	slider: markerPos = 3.1
7.4830 	EXP 	slider: markerPos = 3.1074074074074076
7.4871 	EXP 	slider: markerPos = 3.111111111111111
7.4913 	EXP 	slider: markerPos = 3.1185185185185187
7.4955 	EXP 	slider: markerPos = 3.1185185185185187
7.5001 	EXP 	slider: markerPos = 3.1185185185185187
7.5038 	EXP 	slider: markerPos = 3.1185185185185187
7.5080 	EXP 	slider: markerPos = 3.1185185185185187
7.5121 	EXP 	slider: markerPos = 3.1185185185185187
7.5163 	EXP 	slider: markerPos = 3.1185185185185187
7.5205 	EXP 	slider: markerPos = 3.1185185185185187
7.5247 	EXP 	slider: markerPos = 3.1185185185185187
7.5288 	EXP 	slider: markerPos = 3.1185185185185187
7.5333 	EXP 	slider: markerPos = 3.1185185185185187
7.5375 	EXP 	slider: markerPos = 3.1185185185185187
7.5416 	EXP 	slider: markerPos = 3.1185185185185187
7.5467 	EXP 	slider: markerPos = 3.1185185185185187
7.5507 	EXP 	slider: markerPos = 3.1185185185185187
7.5547 	EXP 	slider: markerPos = 3.1185185185185187
7.5587 	EXP 	slider: markerPos = 3.1185185185185187
7.5629 	EXP 	slider: markerPos = 3.1185185185185187
7.5671 	EXP 	slider: markerPos = 3.1185185185185187
7.5713 	EXP 	slider: markerPos = 3.1185185185185187
7.5755 	EXP 	slider: markerPos = 3.1185185185185187
7.5796 	EXP 	slider: markerPos = 3.1185185185185187
7.5838 	EXP 	slider: markerPos = 3.1185185185185187
7.5879 	EXP 	slider: markerPos = 3.1148148148148147
7.5938 	EXP 	slider: markerPos = 3.1074074074074076
7.5984 	EXP 	slider: markerPos = 3.096296296296296
7.6026 	EXP 	slider: markerPos = 3.0925925925925926
7.6070 	EXP 	slider: markerPos = 3.0814814814814815
7.6112 	EXP 	slider: markerPos = 3.062962962962963
7.6153 	EXP 	slider: markerPos = 3.0481481481481483
7.6195 	EXP 	slider: markerPos = 3.0296296296296297
7.6237 	EXP 	slider: markerPos = 3.0148148148148146
7.6278 	EXP 	slider: markerPos = 2.996296296296296
7.6320 	EXP 	slider: markerPos = 2.9814814814814814
7.6362 	EXP 	slider: markerPos = 2.9592592592592593
7.6405 	EXP 	slider: markerPos = 2.9296296296296296
7.6447 	EXP 	slider: markerPos = 2.9074074074074074
7.6489 	EXP 	slider: markerPos = 2.8851851851851853
7.6530 	EXP 	slider: markerPos = 2.859259259259259
7.6575 	EXP 	slider: markerPos = 2.82962962962963
7.6615 	EXP 	slider: markerPos = 2.803703703703704
7.6657 	EXP 	slider: markerPos = 2.7814814814814817
7.6698 	EXP 	slider: markerPos = 2.7518518518518515
7.6740 	EXP 	slider: markerPos = 2.7296296296296294
7.6782 	EXP 	slider: markerPos = 2.6925925925925926
7.6824 	EXP 	slider: markerPos = 2.6814814814814816
7.6874 	EXP 	slider: markerPos = 2.651851851851852
7.6915 	EXP 	slider: markerPos = 2.6185185185185187
7.6956 	EXP 	slider: markerPos = 2.5962962962962965
7.6998 	EXP 	slider: markerPos = 2.574074074074074
7.7040 	EXP 	slider: markerPos = 2.551851851851852
7.7081 	EXP 	slider: markerPos = 2.537037037037037
7.7123 	EXP 	slider: markerPos = 2.5185185185185186
7.7165 	EXP 	slider: markerPos = 2.4962962962962965
7.7206 	EXP 	slider: markerPos = 2.4814814814814814
7.7248 	EXP 	slider: markerPos = 2.4703703703703703
7.7290 	EXP 	slider: markerPos = 2.4518518518518517
7.7338 	EXP 	slider: markerPos = 2.448148148148148
7.7375 	EXP 	slider: markerPos = 2.4407407407407407
7.7417 	EXP 	slider: markerPos = 2.437037037037037
7.7458 	EXP 	slider: markerPos = 2.4296296296296296
7.7500 	EXP 	slider: markerPos = 2.4296296296296296
7.7542 	EXP 	slider: markerPos = 2.4296296296296296
7.7584 	EXP 	slider: markerPos = 2.4296296296296296
7.7625 	EXP 	slider: markerPos = 2.4296296296296296
7.7667 	EXP 	slider: markerPos = 2.4296296296296296
7.7709 	EXP 	slider: markerPos = 2.4296296296296296
7.7750 	EXP 	slider: markerPos = 2.4296296296296296
7.7795 	EXP 	slider: markerPos = 2.4296296296296296
7.7834 	EXP 	slider: markerPos = 2.4296296296296296
7.7875 	EXP 	slider: markerPos = 2.4296296296296296
7.7917 	EXP 	slider: markerPos = 2.4296296296296296
7.7959 	EXP 	slider: markerPos = 2.4296296296296296
7.8001 	EXP 	slider: markerPos = 2.4296296296296296
7.8042 	EXP 	slider: markerPos = 2.4296296296296296
7.8084 	EXP 	slider: markerPos = 2.4296296296296296
7.8130 	EXP 	slider: markerPos = 2.4296296296296296
7.8169 	EXP 	slider: markerPos = 2.4296296296296296
7.8211 	EXP 	slider: markerPos = 2.4296296296296296
7.8253 	EXP 	slider: markerPos = 2.4296296296296296
7.8295 	EXP 	slider: markerPos = 2.4296296296296296
7.8336 	EXP 	slider: markerPos = 2.4296296296296296
7.8382 	EXP 	slider: markerPos = 2.4296296296296296
7.8436 	EXP 	slider: markerPos = 2.4296296296296296
7.8471 	EXP 	slider: markerPos = 2.4296296296296296
7.8512 	EXP 	slider: markerPos = 2.4296296296296296
7.8555 	EXP 	slider: markerPos = 2.4296296296296296
7.8596 	EXP 	slider: markerPos = 2.4296296296296296
7.8638 	EXP 	slider: markerPos = 2.4296296296296296
7.8679 	EXP 	slider: markerPos = 2.4296296296296296
7.8724 	EXP 	slider: markerPos = 2.4296296296296296
7.8764 	EXP 	slider: markerPos = 2.4333333333333336
7.8806 	EXP 	slider: markerPos = 2.4444444444444446
7.8840 	DATA 	Mouse:  Left button up, pos=(812,115)
7.8847 	EXP 	slider: markerPos = 2.4518518518518517
7.8891 	EXP 	slider: markerPos = 2.4518518518518517
8.0567 	DATA 	Mouse: Left button down, pos=(1176,108)
8.4690 	DATA 	Mouse:  Left button up, pos=(1367,109)
8.6066 	DATA 	Mouse: Left button down, pos=(1413,112)
8.9746 	DATA 	Mouse:  Left button up, pos=(1351,98)
9.1669 	DATA 	Mouse: Left button down, pos=(1118,111)
9.4780 	EXP 	slider: markerPos = 2.648148148148148
9.4822 	EXP 	slider: markerPos = 2.640740740740741
9.4864 	EXP 	slider: markerPos = 2.6296296296296298
9.4905 	EXP 	slider: markerPos = 2.6259259259259258
9.4939 	DATA 	Mouse:  Left button up, pos=(854,103)
9.4947 	EXP 	slider: markerPos = 2.6148148148148147
9.4989 	EXP 	slider: markerPos = 2.6148148148148147
9.6035 	DATA 	Mouse: Left button down, pos=(817,108)
9.6073 	EXP 	slider: markerPos = 2.462962962962963
9.6115 	EXP 	slider: markerPos = 2.462962962962963
9.6157 	EXP 	slider: markerPos = 2.4592592592592593
9.6199 	EXP 	slider: markerPos = 2.4592592592592593
9.6240 	EXP 	slider: markerPos = 2.4592592592592593
9.6282 	EXP 	slider: markerPos = 2.4518518518518517
9.6324 	EXP 	slider: markerPos = 2.4518518518518517
9.6365 	EXP 	slider: markerPos = 2.4518518518518517
9.6413 	EXP 	slider: markerPos = 2.4518518518518517
9.6449 	EXP 	slider: markerPos = 2.4518518518518517
9.6491 	EXP 	slider: markerPos = 2.4518518518518517
9.6532 	EXP 	slider: markerPos = 2.4518518518518517
9.6574 	EXP 	slider: markerPos = 2.4518518518518517
9.6616 	EXP 	slider: markerPos = 2.4518518518518517
9.6657 	EXP 	slider: markerPos = 2.4518518518518517
9.6699 	EXP 	slider: markerPos = 2.4518518518518517
9.6741 	EXP 	slider: markerPos = 2.4518518518518517
9.6783 	EXP 	slider: markerPos = 2.448148148148148
9.6824 	EXP 	slider: markerPos = 2.4407407407407407
9.6866 	EXP 	slider: markerPos = 2.437037037037037
9.6908 	EXP 	slider: markerPos = 2.425925925925926
9.6949 	EXP 	slider: markerPos = 2.4185185185185185
9.6991 	EXP 	slider: markerPos = 2.4074074074074074
9.7033 	EXP 	slider: markerPos = 2.4037037037037035
9.7074 	EXP 	slider: markerPos = 2.3925925925925924
9.7116 	EXP 	slider: markerPos = 2.3814814814814813
9.7158 	EXP 	slider: markerPos = 2.3703703703703702
9.7200 	EXP 	slider: markerPos = 2.351851851851852
9.7241 	EXP 	slider: markerPos = 2.340740740740741
9.7283 	EXP 	slider: markerPos = 2.3296296296296295
9.7325 	EXP 	slider: markerPos = 2.314814814814815
9.7366 	EXP 	slider: markerPos = 2.2962962962962963
9.7408 	EXP 	slider: markerPos = 2.2814814814814817
9.7450 	EXP 	slider: markerPos = 2.2703703703703706
9.7491 	EXP 	slider: markerPos = 2.251851851851852
9.7533 	EXP 	slider: markerPos = 2.2407407407407405
9.7575 	EXP 	slider: markerPos = 2.2296296296296294
9.7617 	EXP 	slider: markerPos = 2.214814814814815
9.7658 	EXP 	slider: markerPos = 2.2037037037037037
9.7700 	EXP 	slider: markerPos = 2.185185185185185
9.7742 	EXP 	slider: markerPos = 2.1703703703703705
9.7783 	EXP 	slider: markerPos = 2.159259259259259
9.7832 	EXP 	slider: markerPos = 2.140740740740741
9.7872 	EXP 	slider: markerPos = 2.1185185185185187
9.7914 	EXP 	slider: markerPos = 2.1037037037037036
9.7956 	EXP 	slider: markerPos = 2.085185185185185
9.7997 	EXP 	slider: markerPos = 2.0703703703703704
9.8039 	EXP 	slider: markerPos = 2.051851851851852
9.8081 	EXP 	slider: markerPos = 2.0407407407407407
9.8123 	EXP 	slider: markerPos = 2.0185185185185186
9.8164 	EXP 	slider: markerPos = 2.0037037037037035
9.8206 	EXP 	slider: markerPos = 1.9851851851851852
9.8248 	EXP 	slider: markerPos = 1.9703703703703703
9.8290 	EXP 	slider: markerPos = 1.9407407407407407
9.8331 	EXP 	slider: markerPos = 1.9259259259259258
9.8373 	EXP 	slider: markerPos = 1.9037037037037037
9.8415 	EXP 	slider: markerPos = 1.885185185185185
9.8456 	EXP 	slider: markerPos = 1.8703703703703705
9.8498 	EXP 	slider: markerPos = 1.8518518518518519
9.8540 	EXP 	slider: markerPos = 1.837037037037037
9.8582 	EXP 	slider: markerPos = 1.8185185185185184
9.8623 	EXP 	slider: markerPos = 1.8037037037037038
9.8665 	EXP 	slider: markerPos = 1.7925925925925925
9.8706 	EXP 	slider: markerPos = 1.7740740740740741
9.8748 	EXP 	slider: markerPos = 1.7518518518518518
9.8790 	EXP 	slider: markerPos = 1.7407407407407407
9.8832 	EXP 	slider: markerPos = 1.7259259259259259
9.8873 	EXP 	slider: markerPos = 1.7148148148148148
9.8926 	EXP 	slider: markerPos = 1.6962962962962962
9.8970 	EXP 	slider: markerPos = 1.6814814814814816
9.9012 	EXP 	slider: markerPos = 1.662962962962963
9.9053 	EXP 	slider: markerPos = 1.651851851851852
9.9095 	EXP 	slider: markerPos = 1.6407407407407408
9.9137 	EXP 	slider: markerPos = 1.625925925925926
9.9178 	EXP 	slider: markerPos = 1.614814814814815
9.9235 	EXP 	slider: markerPos = 1.6037037037037036
9.9280 	EXP 	slider: markerPos = 1.5925925925925926
9.9321 	EXP 	slider: markerPos = 1.5703703703703704
9.9363 	EXP 	slider: markerPos = 1.5592592592592593
9.9404 	EXP 	slider: markerPos = 1.5518518518518518
9.9446 	EXP 	slider: markerPos = 1.5407407407407407
9.9488 	EXP 	slider: markerPos = 1.5296296296296297
9.9536 	EXP 	slider: markerPos = 1.525925925925926
9.9574 	EXP 	slider: markerPos = 1.5185185185185186
9.9615 	EXP 	slider: markerPos = 1.5148148148148148
9.9657 	EXP 	slider: markerPos = 1.5148148148148148
9.9699 	EXP 	slider: markerPos = 1.5074074074074073
9.9741 	EXP 	slider: markerPos = 1.5074074074074073
9.9782 	EXP 	slider: markerPos = 1.5074074074074073
9.9824 	EXP 	slider: markerPos = 1.5074074074074073
9.9866 	EXP 	slider: markerPos = 1.5037037037037038
9.9907 	EXP 	slider: markerPos = 1.5037037037037038
9.9949 	EXP 	slider: markerPos = 1.5037037037037038
9.9991 	EXP 	slider: markerPos = 1.5037037037037038
10.0032 	EXP 	slider: markerPos = 1.5037037037037038
10.0074 	EXP 	slider: markerPos = 1.4962962962962962
10.0116 	EXP 	slider: markerPos = 1.4962962962962962
10.0161 	EXP 	slider: markerPos = 1.4962962962962962
10.0199 	EXP 	slider: markerPos = 1.4925925925925927
10.0241 	EXP 	slider: markerPos = 1.4851851851851852
10.0283 	EXP 	slider: markerPos = 1.4814814814814814
10.0325 	EXP 	slider: markerPos = 1.4814814814814814
10.0366 	EXP 	slider: markerPos = 1.4703703703703703
10.0408 	EXP 	slider: markerPos = 1.462962962962963
10.0450 	EXP 	slider: markerPos = 1.4592592592592593
10.0491 	EXP 	slider: markerPos = 1.451851851851852
10.0533 	EXP 	slider: markerPos = 1.4481481481481482
10.0574 	EXP 	slider: markerPos = 1.4407407407407407
10.0616 	EXP 	slider: markerPos = 1.4370370370370371
10.0658 	EXP 	slider: markerPos = 1.4296296296296296
10.0700 	EXP 	slider: markerPos = 1.4296296296296296
10.0741 	EXP 	slider: markerPos = 1.4259259259259258
10.0788 	EXP 	slider: markerPos = 1.4259259259259258
10.0825 	EXP 	slider: markerPos = 1.4185185185185185
10.0867 	EXP 	slider: markerPos = 1.4185185185185185
10.0908 	EXP 	slider: markerPos = 1.4185185185185185
10.0950 	EXP 	slider: markerPos = 1.4185185185185185
10.0992 	EXP 	slider: markerPos = 1.4185185185185185
10.1033 	EXP 	slider: markerPos = 1.4185185185185185
10.1075 	EXP 	slider: markerPos = 1.4185185185185185
10.1118 	EXP 	slider: markerPos = 1.4185185185185185
10.1159 	EXP 	slider: markerPos = 1.4185185185185185
10.1200 	EXP 	slider: markerPos = 1.4185185185185185
10.1242 	EXP 	slider: markerPos = 1.4185185185185185
10.1284 	EXP 	slider: markerPos = 1.4185185185185185
10.1325 	EXP 	slider: markerPos = 1.4185185185185185
10.1367 	EXP 	slider: markerPos = 1.4185185185185185
10.1409 	EXP 	slider: markerPos = 1.4185185185185185
10.1451 	EXP 	slider: markerPos = 1.4185185185185185
10.1480 	DATA 	Mouse:  Left button up, pos=(533,99)
10.1492 	EXP 	slider: markerPos = 1.4185185185185185
10.1534 	EXP 	slider: markerPos = 1.4185185185185185
10.3123 	DATA 	Mouse: Left button down, pos=(975,103)
10.6826 	DATA 	Mouse:  Left button up, pos=(1316,105)
11.0225 	DATA 	Mouse: Left button down, pos=(559,119)
11.0262 	EXP 	slider: markerPos = 1.5148148148148148
11.0312 	EXP 	slider: markerPos = 1.5148148148148148
11.0354 	EXP 	slider: markerPos = 1.5148148148148148
11.0403 	EXP 	slider: markerPos = 1.5148148148148148
11.0445 	EXP 	slider: markerPos = 1.5148148148148148
11.0489 	EXP 	slider: markerPos = 1.5148148148148148
11.0530 	EXP 	slider: markerPos = 1.5148148148148148
11.0571 	EXP 	slider: markerPos = 1.5148148148148148
11.0613 	EXP 	slider: markerPos = 1.5185185185185186
11.0655 	EXP 	slider: markerPos = 1.5185185185185186
11.0697 	EXP 	slider: markerPos = 1.5296296296296297
11.0741 	EXP 	slider: markerPos = 1.5333333333333334
11.0797 	EXP 	slider: markerPos = 1.5407407407407407
11.0847 	EXP 	slider: markerPos = 1.5629629629629629
11.0888 	EXP 	slider: markerPos = 1.5851851851851853
11.0930 	EXP 	slider: markerPos = 1.6074074074074074
11.0971 	EXP 	slider: markerPos = 1.6296296296296295
11.1013 	EXP 	slider: markerPos = 1.6555555555555554
11.1055 	EXP 	slider: markerPos = 1.6851851851851851
11.1105 	EXP 	slider: markerPos = 1.7222222222222223
11.1146 	EXP 	slider: markerPos = 1.762962962962963
11.1184 	EXP 	slider: markerPos = 1.8074074074074074
11.1226 	EXP 	slider: markerPos = 1.8518518518518519
11.1275 	EXP 	slider: markerPos = 1.9074074074074074
11.1315 	EXP 	slider: markerPos = 1.9962962962962962
11.1357 	EXP 	slider: markerPos = 2.0555555555555554
11.1399 	EXP 	slider: markerPos = 2.1185185185185187
11.1440 	EXP 	slider: markerPos = 2.185185185185185
11.1482 	EXP 	slider: markerPos = 2.251851851851852
11.1524 	EXP 	slider: markerPos = 2.3185185185185184
11.1565 	EXP 	slider: markerPos = 2.388888888888889
11.1607 	EXP 	slider: markerPos = 2.5
11.1649 	EXP 	slider: markerPos = 2.5666666666666664
11.1691 	EXP 	slider: markerPos = 2.6444444444444444
11.1745 	EXP 	slider: markerPos = 2.7185185185185183
11.1791 	EXP 	slider: markerPos = 2.82962962962963
11.1833 	EXP 	slider: markerPos = 2.9
11.1874 	EXP 	slider: markerPos = 2.977777777777778
11.1916 	EXP 	slider: markerPos = 3.051851851851852
11.1958 	EXP 	slider: markerPos = 3.1185185185185187
11.2000 	EXP 	slider: markerPos = 3.188888888888889
11.2042 	EXP 	slider: markerPos = 3.2555555555555555
11.2084 	EXP 	slider: markerPos = 3.3185185185185184
11.2126 	EXP 	slider: markerPos = 3.411111111111111
11.2167 	EXP 	slider: markerPos = 3.474074074074074
11.2214 	EXP 	slider: markerPos = 3.5296296296296297
11.2258 	EXP 	slider: markerPos = 3.5777777777777775
11.2297 	EXP 	slider: markerPos = 3.6296296296296298
11.2339 	EXP 	slider: markerPos = 3.674074074074074
11.2381 	EXP 	slider: markerPos = 3.7185185185185183
11.2422 	EXP 	slider: markerPos = 3.762962962962963
11.2464 	EXP 	slider: markerPos = 3.8
11.2506 	EXP 	slider: markerPos = 3.8555555555555556
11.2547 	EXP 	slider: markerPos = 3.888888888888889
11.2589 	EXP 	slider: markerPos = 3.9222222222222225
11.2631 	EXP 	slider: markerPos = 3.9518518518518517
11.2686 	EXP 	slider: markerPos = 3.985185185185185
11.2728 	EXP 	slider: markerPos = 4.022222222222222
11.2769 	EXP 	slider: markerPos = 4.051851851851852
11.2811 	EXP 	slider: markerPos = 4.0777777777777775
11.2853 	EXP 	slider: markerPos = 4.107407407407408
11.2895 	EXP 	slider: markerPos = 4.12962962962963
11.2936 	EXP 	slider: markerPos = 4.151851851851852
11.2978 	EXP 	slider: markerPos = 4.174074074074074
11.3020 	EXP 	slider: markerPos = 4.2
11.3061 	EXP 	slider: markerPos = 4.222222222222222
11.3103 	EXP 	slider: markerPos = 4.2518518518518515
11.3152 	EXP 	slider: markerPos = 4.274074074074074
11.3189 	EXP 	slider: markerPos = 4.296296296296296
11.3230 	EXP 	slider: markerPos = 4.311111111111111
11.3272 	EXP 	slider: markerPos = 4.333333333333333
11.3314 	EXP 	slider: markerPos = 4.351851851851852
11.3356 	EXP 	slider: markerPos = 4.366666666666667
11.3399 	EXP 	slider: markerPos = 4.385185185185185
11.3441 	EXP 	slider: markerPos = 4.4
11.3483 	EXP 	slider: markerPos = 4.4222222222222225
11.3524 	EXP 	slider: markerPos = 4.42962962962963
11.3566 	EXP 	slider: markerPos = 4.444444444444445
11.3614 	EXP 	slider: markerPos = 4.455555555555556
11.3656 	EXP 	slider: markerPos = 4.474074074074074
11.3698 	EXP 	slider: markerPos = 4.488888888888889
11.3739 	EXP 	slider: markerPos = 4.5
11.3781 	EXP 	slider: markerPos = 4.507407407407407
11.3823 	EXP 	slider: markerPos = 4.518518518518519
11.3864 	EXP 	slider: markerPos = 4.522222222222222
11.3906 	EXP 	slider: markerPos = 4.52962962962963
11.3948 	EXP 	slider: markerPos = 4.540740740740741
11.3991 	EXP 	slider: markerPos = 4.544444444444444
11.4033 	EXP 	slider: markerPos = 4.551851851851852
11.4089 	EXP 	slider: markerPos = 4.555555555555555
11.4124 	EXP 	slider: markerPos = 4.555555555555555
11.4166 	EXP 	slider: markerPos = 4.562962962962963
11.4207 	EXP 	slider: markerPos = 4.562962962962963
11.4249 	EXP 	slider: markerPos = 4.566666666666666
11.4291 	EXP 	slider: markerPos = 4.566666666666666
11.4333 	EXP 	slider: markerPos = 4.574074074074074
11.4375 	EXP 	slider: markerPos = 4.574074074074074
11.4416 	EXP 	slider: markerPos = 4.5777777777777775
11.4458 	EXP 	slider: markerPos = 4.5851851851851855
11.4500 	EXP 	slider: markerPos = 4.5851851851851855
11.4547 	EXP 	slider: markerPos = 4.588888888888889
11.4584 	EXP 	slider: markerPos = 4.5962962962962965
11.4625 	EXP 	slider: markerPos = 4.5962962962962965
11.4667 	EXP 	slider: markerPos = 4.6
11.4709 	EXP 	slider: markerPos = 4.607407407407408
11.4751 	EXP 	slider: markerPos = 4.611111111111111
11.4792 	EXP 	slider: markerPos = 4.611111111111111
11.4834 	EXP 	slider: markerPos = 4.611111111111111
11.4876 	EXP 	slider: markerPos = 4.611111111111111
11.4918 	EXP 	slider: markerPos = 4.611111111111111
11.4949 	DATA 	Mouse:  Left button up, pos=(1395,98)
11.4959 	EXP 	slider: markerPos = 4.611111111111111
11.5006 	EXP 	slider: markerPos = 4.611111111111111
11.6599 	DATA 	Mouse: Left button down, pos=(1130,96)
12.0178 	DATA 	Mouse:  Left button up, pos=(532,90)
12.4946 	DATA 	Mouse: Left button down, pos=(1358,120)
12.5011 	EXP 	slider: markerPos = 4.474074074074074
12.5053 	EXP 	slider: markerPos = 4.474074074074074
12.5095 	EXP 	slider: markerPos = 4.474074074074074
12.5136 	EXP 	slider: markerPos = 4.474074074074074
12.5178 	EXP 	slider: markerPos = 4.474074074074074
12.5220 	EXP 	slider: markerPos = 4.474074074074074
12.5261 	EXP 	slider: markerPos = 4.474074074074074
12.5303 	EXP 	slider: markerPos = 4.474074074074074
12.5345 	EXP 	slider: markerPos = 4.474074074074074
12.5387 	EXP 	slider: markerPos = 4.474074074074074
12.5429 	EXP 	slider: markerPos = 4.474074074074074
12.5477 	EXP 	slider: markerPos = 4.47037037037037
12.5514 	EXP 	slider: markerPos = 4.462962962962963
12.5556 	EXP 	slider: markerPos = 4.459259259259259
12.5597 	EXP 	slider: markerPos = 4.451851851851852
12.5639 	EXP 	slider: markerPos = 4.42962962962963
12.5681 	EXP 	slider: markerPos = 4.4148148148148145
12.5726 	EXP 	slider: markerPos = 4.392592592592592
12.5768 	EXP 	slider: markerPos = 4.362962962962963
12.5809 	EXP 	slider: markerPos = 4.337037037037037
12.5851 	EXP 	slider: markerPos = 4.274074074074074
12.5893 	EXP 	slider: markerPos = 4.229629629629629
12.5947 	EXP 	slider: markerPos = 4.185185185185185
12.5991 	EXP 	slider: markerPos = 4.12962962962963
12.6032 	EXP 	slider: markerPos = 4.048148148148148
12.6074 	EXP 	slider: markerPos = 3.985185185185185
12.6115 	EXP 	slider: markerPos = 3.9185185185185185
12.6157 	EXP 	slider: markerPos = 3.851851851851852
12.6199 	EXP 	slider: markerPos = 3.7814814814814817
12.6240 	EXP 	slider: markerPos = 3.7074074074074073
12.6282 	EXP 	slider: markerPos = 3.6296296296296298
12.6324 	EXP 	slider: markerPos = 3.5592592592592593
12.6366 	EXP 	slider: markerPos = 3.4814814814814814
12.6419 	EXP 	slider: markerPos = 3.403703703703704
12.6460 	EXP 	slider: markerPos = 3.2814814814814817
12.6501 	EXP 	slider: markerPos = 3.196296296296296
12.6543 	EXP 	slider: markerPos = 3.1148148148148147
12.6584 	EXP 	slider: markerPos = 3.0296296296296297
12.6626 	EXP 	slider: markerPos = 2.9518518518518517
12.6668 	EXP 	slider: markerPos = 2.8740740740740742
12.6709 	EXP 	slider: markerPos = 2.7703703703703706
12.6751 	EXP 	slider: markerPos = 2.696296296296296
12.6793 	EXP 	slider: markerPos = 2.6259259259259258
12.6835 	EXP 	slider: markerPos = 2.5592592592592593
12.6886 	EXP 	slider: markerPos = 2.4962962962962965
12.6928 	EXP 	slider: markerPos = 2.4074074074074074
12.6970 	EXP 	slider: markerPos = 2.351851851851852
12.7012 	EXP 	slider: markerPos = 2.2962962962962963
12.7053 	EXP 	slider: markerPos = 2.248148148148148
12.7095 	EXP 	slider: markerPos = 2.2037037037037037
12.7137 	EXP 	slider: markerPos = 2.159259259259259
12.7179 	EXP 	slider: markerPos = 2.1185185185185187
12.7220 	EXP 	slider: markerPos = 2.085185185185185
12.7262 	EXP 	slider: markerPos = 2.0592592592592593
12.7304 	EXP 	slider: markerPos = 2.0296296296296297
12.7352 	EXP 	slider: markerPos = 2.0074074074074075
12.7397 	EXP 	slider: markerPos = 1.9814814814814814
12.7437 	EXP 	slider: markerPos = 1.962962962962963
12.7479 	EXP 	slider: markerPos = 1.951851851851852
12.7521 	EXP 	slider: markerPos = 1.9407407407407407
12.7563 	EXP 	slider: markerPos = 1.9370370370370371
12.7604 	EXP 	slider: markerPos = 1.9370370370370371
12.7646 	EXP 	slider: markerPos = 1.9370370370370371
12.7688 	EXP 	slider: markerPos = 1.9370370370370371
12.7729 	EXP 	slider: markerPos = 1.9370370370370371
12.7771 	EXP 	slider: markerPos = 1.9370370370370371
12.7820 	EXP 	slider: markerPos = 1.9370370370370371
12.7854 	EXP 	slider: markerPos = 1.9370370370370371
12.7896 	EXP 	slider: markerPos = 1.9370370370370371
12.7938 	EXP 	slider: markerPos = 1.9370370370370371
12.7980 	EXP 	slider: markerPos = 1.9370370370370371
12.8021 	EXP 	slider: markerPos = 1.9370370370370371
12.8063 	EXP 	slider: markerPos = 1.9370370370370371
12.8105 	EXP 	slider: markerPos = 1.9370370370370371
12.8153 	EXP 	slider: markerPos = 1.9370370370370371
12.8188 	EXP 	slider: markerPos = 1.9370370370370371
12.8230 	EXP 	slider: markerPos = 1.9370370370370371
12.8272 	EXP 	slider: markerPos = 1.9370370370370371
12.8313 	EXP 	slider: markerPos = 1.9370370370370371
12.8355 	EXP 	slider: markerPos = 1.9370370370370371
12.8397 	EXP 	slider: markerPos = 1.9370370370370371
12.8439 	EXP 	slider: markerPos = 1.9370370370370371
12.8480 	EXP 	slider: markerPos = 1.9370370370370371
12.8522 	EXP 	slider: markerPos = 1.9370370370370371
12.8564 	EXP 	slider: markerPos = 1.9370370370370371
12.8613 	EXP 	slider: markerPos = 1.9370370370370371
12.8647 	EXP 	slider: markerPos = 1.9370370370370371
12.8689 	EXP 	slider: markerPos = 1.9370370370370371
12.8731 	EXP 	slider: markerPos = 1.9370370370370371
12.8772 	EXP 	slider: markerPos = 1.9370370370370371
12.8814 	EXP 	slider: markerPos = 1.9370370370370371
12.8856 	EXP 	slider: markerPos = 1.9370370370370371
12.8907 	EXP 	slider: markerPos = 1.9370370370370371
12.8941 	EXP 	slider: markerPos = 1.9370370370370371
12.8982 	EXP 	slider: markerPos = 1.9370370370370371
12.9024 	EXP 	slider: markerPos = 1.9370370370370371
12.9066 	EXP 	slider: markerPos = 1.9370370370370371
12.9107 	EXP 	slider: markerPos = 1.9370370370370371
12.9149 	EXP 	slider: markerPos = 1.9370370370370371
12.9191 	EXP 	slider: markerPos = 1.9370370370370371
12.9241 	EXP 	slider: markerPos = 1.9370370370370371
12.9275 	EXP 	slider: markerPos = 1.9370370370370371
12.9316 	EXP 	slider: markerPos = 1.9370370370370371
12.9358 	EXP 	slider: markerPos = 1.9370370370370371
12.9400 	EXP 	slider: markerPos = 1.9370370370370371
12.9442 	EXP 	slider: markerPos = 1.9370370370370371
12.9483 	EXP 	slider: markerPos = 1.9370370370370371
12.9536 	EXP 	slider: markerPos = 1.9370370370370371
12.9574 	EXP 	slider: markerPos = 1.9370370370370371
12.9613 	EXP 	slider: markerPos = 1.9370370370370371
12.9654 	EXP 	slider: markerPos = 1.9370370370370371
12.9684 	DATA 	Mouse:  Left button up, pos=(673,113)
12.9696 	EXP 	slider: markerPos = 1.9370370370370371
12.9738 	EXP 	slider: markerPos = 1.9370370370370371
13.2911 	DATA 	Mouse: Left button down, pos=(1100,340)
13.3911 	DATA 	Mouse:  Left button up, pos=(1100,340)
13.9922 	DATA 	Keypress: escape
14.6509 	EXP 	window1: mouseVisible = True
