10.8294 	WARNING 	User requested fullscreen with size [1024  768], but screen is actually [1920, 1080]. Using actual size
11.1325 	EXP 	Created window1 = Window(allowGUI=True, allowStencil=False, autoLog=True, backendConf=UNKNOWN, backgroundFit=<method-wrapper '__getattribute__' of attributeSetter object at 0x000001E725D4C520>, backgroundImage=<method-wrapper '__getattribute__' of attributeSetter object at 0x000001E725D4C4C0>, bitsMode=UNKNOWN, blendMode='avg', bpc=(8, 8, 8), color=array([0, 0, 0]), colorSpace='rgb', depthBits=8, fullscr=<method-wrapper '__getattribute__' of attributeSetter object at 0x000001E725D4C1F0>, gamma=None, gammaErrorPolicy='raise', lms=UNKNOWN, monitor=<psychopy.monitors.calibTools.Monitor object at 0x000001E727C697C0>, multiSample=False, name='window1', numSamples=2, pos=(0, 0), screen=0, size=array([1920, 1080]), stencilBits=0, stereo=False, units='height', useFBO=True, useRetina=False, viewOri=0.0, viewPos=None, viewScale=None, waitBlanking=True, winType='pyglet')
11.1326 	EXP 	window1: mouseVisible = True
11.1326 	EXP 	window1: backgroundImage = ''
11.1326 	EXP 	window1: backgroundFit = 'none'
11.1326 	EXP 	window1: mouseVisible = False
11.1327 	EXP 	window1: Attempting to measure frame rate of screen (0) ...
11.1327 	EXP 	window1: recordFrameIntervals = False
11.1741 	EXP 	window1: recordFrameIntervals = True
11.2200 	EXP 	Screen (0) actual frame rate measured at 245.72Hz
11.2200 	EXP 	window1: recordFrameIntervals = False
12.4506 	EXP 	window1: mouseVisible = True
12.4721 	EXP 	Created slider = Slider(__class__=<class 'psychopy.visual.slider.Slider'>, autoDraw=False, autoLog=True, borderColor=None, color=None, colorSpace='rgb', depth=0, fillColor=None, flip=False, font='Open Sans', granularity=0.0, labelColor=None, labelHeight=0.05, labelWrapWidth=None, labels=None, lineColor=None, markerColor=None, name='slider', opacity=None, ori=0.0, pos=array([ 0. , -0.4]), readOnly=False, self=UNKNOWN, size=array([1. , 0.1]), startValue=None, style='rating', styleTweaks=[], ticks=array([1, 2, 3, 4, 5]), units='height', win=Window(...))
12.4843 	EXP 	slider: autoLog = True
12.4843 	EXP 	slider: markerPos = None
12.4843 	EXP 	slider: styleTweaks = []
12.4843 	EXP 	slider: styleTweaks = []
12.4843 	EXP 	slider: styleTweaks = []
12.4843 	EXP 	slider: styleTweaks = []
12.4843 	EXP 	slider: contrast = 1.0
12.4843 	EXP 	slider: autoLog = True
12.4843 	EXP 	slider: markerPos = None
12.4843 	EXP 	slider: markerPos = None
12.4843 	EXP 	slider: autoDraw = True
12.9098 	DATA 	Mouse: Left button down, pos=(1176,215)
13.1284 	EXP 	slider: markerPos = 3.962962962962963
13.1328 	EXP 	slider: markerPos = 3.9296296296296296
13.1401 	EXP 	slider: markerPos = 3.9074074074074074
13.1443 	DATA 	Mouse:  Left button up, pos=(1192,148)
13.1452 	EXP 	slider: markerPos = 3.8703703703703702
13.1523 	EXP 	slider: markerPos = 3.8703703703703702
13.2891 	DATA 	Mouse: Left button down, pos=(1135,118)
13.7454 	DATA 	Mouse:  Left button up, pos=(740,120)
14.1124 	DATA 	Mouse: Left button down, pos=(1196,105)
14.1164 	EXP 	slider: markerPos = 3.8740740740740742
14.1215 	EXP 	slider: markerPos = 3.8740740740740742
14.1256 	EXP 	slider: markerPos = 3.8740740740740742
14.1303 	EXP 	slider: markerPos = 3.8740740740740742
14.1344 	EXP 	slider: markerPos = 3.8740740740740742
14.1390 	EXP 	slider: markerPos = 3.8703703703703702
14.1444 	EXP 	slider: markerPos = 3.8703703703703702
14.1495 	EXP 	slider: markerPos = 3.859259259259259
14.1537 	EXP 	slider: markerPos = 3.840740740740741
14.1579 	EXP 	slider: markerPos = 3.825925925925926
14.1620 	EXP 	slider: markerPos = 3.8074074074074074
14.1662 	EXP 	slider: markerPos = 3.7814814814814817
14.1704 	EXP 	slider: markerPos = 3.751851851851852
14.1763 	EXP 	slider: markerPos = 3.7185185185185183
14.1812 	EXP 	slider: markerPos = 3.659259259259259
14.1854 	EXP 	slider: markerPos = 3.6074074074074076
14.1896 	EXP 	slider: markerPos = 3.537037037037037
14.1937 	EXP 	slider: markerPos = 3.485185185185185
14.1979 	EXP 	slider: markerPos = 3.437037037037037
14.2021 	EXP 	slider: markerPos = 3.3851851851851853
14.2075 	EXP 	slider: markerPos = 3.337037037037037
14.2117 	EXP 	slider: markerPos = 3.262962962962963
14.2158 	EXP 	slider: markerPos = 3.2185185185185183
14.2204 	EXP 	slider: markerPos = 3.1703703703703705
14.2246 	EXP 	slider: markerPos = 3.1259259259259258
14.2289 	EXP 	slider: markerPos = 3.0814814814814815
14.2330 	EXP 	slider: markerPos = 3.0407407407407407
14.2384 	EXP 	slider: markerPos = 2.996296296296296
14.2421 	EXP 	slider: markerPos = 2.948148148148148
14.2463 	EXP 	slider: markerPos = 2.9074074074074074
14.2505 	EXP 	slider: markerPos = 2.8814814814814813
14.2546 	EXP 	slider: markerPos = 2.848148148148148
14.2588 	EXP 	slider: markerPos = 2.825925925925926
14.2630 	EXP 	slider: markerPos = 2.803703703703704
14.2671 	EXP 	slider: markerPos = 2.7814814814814817
14.2713 	EXP 	slider: markerPos = 2.7592592592592595
14.2755 	EXP 	slider: markerPos = 2.7407407407407405
14.2797 	EXP 	slider: markerPos = 2.7296296296296294
14.2838 	EXP 	slider: markerPos = 2.7185185185185183
14.2880 	EXP 	slider: markerPos = 2.7074074074074073
14.2922 	EXP 	slider: markerPos = 2.7037037037037037
14.2963 	EXP 	slider: markerPos = 2.696296296296296
14.3005 	EXP 	slider: markerPos = 2.6925925925925926
14.3047 	EXP 	slider: markerPos = 2.685185185185185
14.3089 	EXP 	slider: markerPos = 2.685185185185185
14.3130 	EXP 	slider: markerPos = 2.685185185185185
14.3173 	EXP 	slider: markerPos = 2.685185185185185
14.3214 	EXP 	slider: markerPos = 2.685185185185185
14.3256 	EXP 	slider: markerPos = 2.685185185185185
14.3297 	EXP 	slider: markerPos = 2.685185185185185
14.3339 	EXP 	slider: markerPos = 2.685185185185185
14.3381 	EXP 	slider: markerPos = 2.685185185185185
14.3423 	EXP 	slider: markerPos = 2.685185185185185
14.3464 	EXP 	slider: markerPos = 2.685185185185185
14.3506 	EXP 	slider: markerPos = 2.685185185185185
14.3548 	EXP 	slider: markerPos = 2.685185185185185
14.3589 	EXP 	slider: markerPos = 2.685185185185185
14.3641 	EXP 	slider: markerPos = 2.685185185185185
14.3675 	EXP 	slider: markerPos = 2.685185185185185
14.3717 	EXP 	slider: markerPos = 2.685185185185185
14.3758 	EXP 	slider: markerPos = 2.685185185185185
14.3800 	EXP 	slider: markerPos = 2.685185185185185
14.3841 	EXP 	slider: markerPos = 2.685185185185185
14.3883 	EXP 	slider: markerPos = 2.6814814814814816
14.3925 	EXP 	slider: markerPos = 2.6703703703703705
14.3967 	EXP 	slider: markerPos = 2.659259259259259
14.4008 	EXP 	slider: markerPos = 2.651851851851852
14.4020 	DATA 	Mouse:  Left button up, pos=(860,119)
14.4054 	EXP 	slider: markerPos = 2.651851851851852
14.5689 	DATA 	Mouse: Left button down, pos=(584,116)
14.7897 	DATA 	Mouse:  Left button up, pos=(430,103)
14.8898 	DATA 	Mouse: Left button down, pos=(473,107)
14.9992 	DATA 	Mouse:  Left button up, pos=(705,104)
15.1484 	DATA 	Mouse: Left button down, pos=(905,101)
15.1523 	EXP 	slider: markerPos = 2.7962962962962963
15.1565 	EXP 	slider: markerPos = 2.7962962962962963
15.1607 	EXP 	slider: markerPos = 2.7962962962962963
15.1648 	EXP 	slider: markerPos = 2.7962962962962963
15.1690 	EXP 	slider: markerPos = 2.7962962962962963
15.1731 	EXP 	slider: markerPos = 2.7962962962962963
15.1773 	EXP 	slider: markerPos = 2.7962962962962963
15.1815 	EXP 	slider: markerPos = 2.7962962962962963
15.1856 	EXP 	slider: markerPos = 2.7962962962962963
15.1905 	EXP 	slider: markerPos = 2.8
15.1940 	EXP 	slider: markerPos = 2.8
15.1982 	EXP 	slider: markerPos = 2.8074074074074074
15.2023 	EXP 	slider: markerPos = 2.811111111111111
15.2065 	EXP 	slider: markerPos = 2.822222222222222
15.2107 	EXP 	slider: markerPos = 2.82962962962963
15.2148 	EXP 	slider: markerPos = 2.840740740740741
15.2190 	EXP 	slider: markerPos = 2.851851851851852
15.2232 	EXP 	slider: markerPos = 2.862962962962963
15.2273 	EXP 	slider: markerPos = 2.8777777777777778
15.2315 	EXP 	slider: markerPos = 2.8962962962962964
15.2357 	EXP 	slider: markerPos = 2.9185185185185185
15.2399 	EXP 	slider: markerPos = 2.9444444444444446
15.2440 	EXP 	slider: markerPos = 2.974074074074074
15.2482 	EXP 	slider: markerPos = 2.996296296296296
15.2531 	EXP 	slider: markerPos = 3.022222222222222
15.2572 	EXP 	slider: markerPos = 3.051851851851852
15.2611 	EXP 	slider: markerPos = 3.085185185185185
15.2653 	EXP 	slider: markerPos = 3.1185185185185187
15.2704 	EXP 	slider: markerPos = 3.151851851851852
15.2748 	EXP 	slider: markerPos = 3.2074074074074073
15.2791 	EXP 	slider: markerPos = 3.251851851851852
15.2832 	EXP 	slider: markerPos = 3.2888888888888888
15.2874 	EXP 	slider: markerPos = 3.3333333333333335
15.2916 	EXP 	slider: markerPos = 3.4
15.2957 	EXP 	slider: markerPos = 3.4444444444444446
15.2999 	EXP 	slider: markerPos = 3.4962962962962965
15.3041 	EXP 	slider: markerPos = 3.5407407407407407
15.3083 	EXP 	slider: markerPos = 3.585185185185185
15.3125 	EXP 	slider: markerPos = 3.6296296296296298
15.3167 	EXP 	slider: markerPos = 3.674074074074074
15.3209 	EXP 	slider: markerPos = 3.7185185185185183
15.3250 	EXP 	slider: markerPos = 3.762962962962963
15.3292 	EXP 	slider: markerPos = 3.8
15.3334 	EXP 	slider: markerPos = 3.840740740740741
15.3375 	EXP 	slider: markerPos = 3.9
15.3417 	EXP 	slider: markerPos = 3.9333333333333336
15.3459 	EXP 	slider: markerPos = 3.966666666666667
15.3500 	EXP 	slider: markerPos = 4.0
15.3542 	EXP 	slider: markerPos = 4.033333333333333
15.3584 	EXP 	slider: markerPos = 4.066666666666666
15.3642 	EXP 	slider: markerPos = 4.0962962962962965
15.3683 	EXP 	slider: markerPos = 4.140740740740741
15.3722 	EXP 	slider: markerPos = 4.166666666666667
15.3764 	EXP 	slider: markerPos = 4.196296296296296
15.3805 	EXP 	slider: markerPos = 4.222222222222222
15.3847 	EXP 	slider: markerPos = 4.2518518518518515
15.3889 	EXP 	slider: markerPos = 4.277777777777778
15.3931 	EXP 	slider: markerPos = 4.3
15.3973 	EXP 	slider: markerPos = 4.340740740740741
15.4014 	EXP 	slider: markerPos = 4.366666666666667
15.4056 	EXP 	slider: markerPos = 4.388888888888889
15.4107 	EXP 	slider: markerPos = 4.411111111111111
15.4151 	EXP 	slider: markerPos = 4.433333333333334
15.4191 	EXP 	slider: markerPos = 4.462962962962963
15.4225 	DATA 	Mouse:  Left button up, pos=(1364,101)
15.4233 	EXP 	slider: markerPos = 4.485185185185185
15.4275 	EXP 	slider: markerPos = 4.485185185185185
15.5612 	DATA 	Mouse: Left button down, pos=(1400,104)
15.5651 	EXP 	slider: markerPos = 4.62962962962963
15.5693 	EXP 	slider: markerPos = 4.625925925925926
15.5735 	EXP 	slider: markerPos = 4.618518518518519
15.5777 	EXP 	slider: markerPos = 4.618518518518519
15.5818 	EXP 	slider: markerPos = 4.614814814814815
15.5860 	EXP 	slider: markerPos = 4.607407407407408
15.5902 	EXP 	slider: markerPos = 4.607407407407408
15.5943 	EXP 	slider: markerPos = 4.603703703703704
15.5991 	EXP 	slider: markerPos = 4.5962962962962965
15.6037 	EXP 	slider: markerPos = 4.5851851851851855
15.6077 	EXP 	slider: markerPos = 4.574074074074074
15.6120 	EXP 	slider: markerPos = 4.562962962962963
15.6161 	EXP 	slider: markerPos = 4.551851851851852
15.6206 	EXP 	slider: markerPos = 4.537037037037037
15.6247 	EXP 	slider: markerPos = 4.514814814814815
15.6289 	EXP 	slider: markerPos = 4.485185185185185
15.6331 	EXP 	slider: markerPos = 4.459259259259259
15.6373 	EXP 	slider: markerPos = 4.425925925925926
15.6414 	EXP 	slider: markerPos = 4.385185185185185
15.6456 	EXP 	slider: markerPos = 4.340740740740741
15.6498 	EXP 	slider: markerPos = 4.262962962962963
15.6539 	EXP 	slider: markerPos = 4.214814814814815
15.6581 	EXP 	slider: markerPos = 4.159259259259259
15.6623 	EXP 	slider: markerPos = 4.103703703703704
15.6664 	EXP 	slider: markerPos = 4.051851851851852
15.6706 	EXP 	slider: markerPos = 4.003703703703704
15.6748 	EXP 	slider: markerPos = 3.9518518518518517
15.6790 	EXP 	slider: markerPos = 3.9074074074074074
15.6831 	EXP 	slider: markerPos = 3.859259259259259
15.6873 	EXP 	slider: markerPos = 3.8074074074074074
15.6924 	EXP 	slider: markerPos = 3.737037037037037
15.6966 	EXP 	slider: markerPos = 3.685185185185185
15.7006 	EXP 	slider: markerPos = 3.637037037037037
15.7048 	EXP 	slider: markerPos = 3.5925925925925926
15.7090 	EXP 	slider: markerPos = 3.5407407407407407
15.7132 	EXP 	slider: markerPos = 3.4962962962962965
15.7173 	EXP 	slider: markerPos = 3.4518518518518517
15.7215 	EXP 	slider: markerPos = 3.3814814814814813
15.7257 	EXP 	slider: markerPos = 3.3407407407407406
15.7298 	EXP 	slider: markerPos = 3.303703703703704
15.7340 	EXP 	slider: markerPos = 3.262962962962963
15.7392 	EXP 	slider: markerPos = 3.225925925925926
15.7437 	EXP 	slider: markerPos = 3.1703703703703705
15.7478 	EXP 	slider: markerPos = 3.137037037037037
15.7520 	EXP 	slider: markerPos = 3.1037037037037036
15.7564 	EXP 	slider: markerPos = 3.0703703703703704
15.7606 	EXP 	slider: markerPos = 3.0407407407407407
15.7647 	EXP 	slider: markerPos = 3.0148148148148146
15.7689 	EXP 	slider: markerPos = 2.985185185185185
15.7733 	EXP 	slider: markerPos = 2.962962962962963
15.7775 	EXP 	slider: markerPos = 2.9296296296296296
15.7816 	EXP 	slider: markerPos = 2.9148148148148145
15.7864 	EXP 	slider: markerPos = 2.8925925925925924
15.7904 	EXP 	slider: markerPos = 2.8740740740740742
15.7946 	EXP 	slider: markerPos = 2.851851851851852
15.7987 	EXP 	slider: markerPos = 2.837037037037037
15.8029 	EXP 	slider: markerPos = 2.8185185185185184
15.8071 	EXP 	slider: markerPos = 2.7962962962962963
15.8112 	EXP 	slider: markerPos = 2.762962962962963
15.8156 	EXP 	slider: markerPos = 2.7407407407407405
15.8197 	EXP 	slider: markerPos = 2.714814814814815
15.8239 	EXP 	slider: markerPos = 2.6814814814814816
15.8281 	EXP 	slider: markerPos = 2.651851851851852
15.8330 	EXP 	slider: markerPos = 2.6148148148148147
15.8373 	EXP 	slider: markerPos = 2.551851851851852
15.8414 	EXP 	slider: markerPos = 2.5296296296296297
15.8456 	EXP 	slider: markerPos = 2.4592592592592593
15.8498 	EXP 	slider: markerPos = 2.4296296296296296
15.8540 	EXP 	slider: markerPos = 2.3814814814814813
15.8584 	EXP 	slider: markerPos = 2.3296296296296295
15.8625 	EXP 	slider: markerPos = 2.2592592592592595
15.8667 	EXP 	slider: markerPos = 2.2074074074074073
15.8709 	EXP 	slider: markerPos = 2.1703703703703705
15.8750 	EXP 	slider: markerPos = 2.1296296296296298
15.8792 	EXP 	slider: markerPos = 2.0925925925925926
15.8834 	EXP 	slider: markerPos = 2.051851851851852
15.8875 	EXP 	slider: markerPos = 2.0185185185185186
15.8917 	EXP 	slider: markerPos = 1.9851851851851852
15.8959 	EXP 	slider: markerPos = 1.951851851851852
15.9000 	EXP 	slider: markerPos = 1.9148148148148147
15.9042 	EXP 	slider: markerPos = 1.8925925925925926
15.9084 	EXP 	slider: markerPos = 1.8703703703703705
15.9125 	EXP 	slider: markerPos = 1.8518518518518519
15.9167 	EXP 	slider: markerPos = 1.837037037037037
15.9209 	EXP 	slider: markerPos = 1.825925925925926
15.9267 	EXP 	slider: markerPos = 1.8148148148148149
15.9308 	EXP 	slider: markerPos = 1.8037037037037038
15.9348 	EXP 	slider: markerPos = 1.7962962962962963
15.9390 	EXP 	slider: markerPos = 1.7851851851851852
15.9432 	EXP 	slider: markerPos = 1.7814814814814814
15.9473 	EXP 	slider: markerPos = 1.7703703703703704
15.9515 	EXP 	slider: markerPos = 1.762962962962963
15.9557 	EXP 	slider: markerPos = 1.7518518518518518
15.9591 	DATA 	Mouse:  Left button up, pos=(620,102)
15.9598 	EXP 	slider: markerPos = 1.7407407407407407
15.9640 	EXP 	slider: markerPos = 1.7407407407407407
16.2046 	DATA 	Mouse: Left button down, pos=(911,89)
16.4287 	DATA 	Mouse:  Left button up, pos=(1238,108)
16.5302 	DATA 	Mouse: Left button down, pos=(1337,116)
16.6138 	DATA 	Mouse:  Left button up, pos=(1307,120)
16.9593 	DATA 	Mouse: Left button down, pos=(819,396)
17.0385 	DATA 	Mouse:  Left button up, pos=(824,399)
17.1016 	DATA 	Keypress: escape
17.3865 	EXP 	window1: mouseVisible = True
