3.3180 	WARNING 	User requested fullscreen with size [1024  768], but screen is actually [1920, 1080]. Using actual size
3.6099 	EXP 	Created window1 = Window(allowGUI=True, allowStencil=False, autoLog=True, backendConf=UNKNOWN, backgroundFit=<method-wrapper '__getattribute__' of attributeSetter object at 0x0000026C07A54070>, backgroundImage=<method-wrapper '__getattribute__' of attributeSetter object at 0x0000026C07A41580>, bitsMode=UNKNOWN, blendMode='avg', bpc=(8, 8, 8), color=array([0, 0, 0]), colorSpace='rgb', depthBits=8, fullscr=<method-wrapper '__getattribute__' of attributeSetter object at 0x0000026C07A41D30>, gamma=None, gammaErrorPolicy='raise', lms=UNKNOWN, monitor=<psychopy.monitors.calibTools.Monitor object at 0x0000026C099863A0>, multiSample=False, name='window1', numSamples=2, pos=(0, 0), screen=0, size=array([1920, 1080]), stencilBits=0, stereo=False, units='height', useFBO=True, useRetina=False, viewOri=0.0, viewPos=None, viewScale=None, waitBlanking=True, winType='pyglet')
3.6099 	EXP 	window1: mouseVisible = True
3.6099 	EXP 	window1: backgroundImage = ''
3.6099 	EXP 	window1: backgroundFit = 'none'
3.6100 	EXP 	window1: mouseVisible = False
3.6100 	EXP 	window1: Attempting to measure frame rate of screen (0) ...
3.6100 	EXP 	window1: recordFrameIntervals = False
3.6514 	EXP 	window1: recordFrameIntervals = True
3.6973 	EXP 	Screen (0) actual frame rate measured at 239.78Hz
3.6973 	EXP 	window1: recordFrameIntervals = False
4.9220 	EXP 	window1: mouseVisible = True
4.9484 	EXP 	Created slider = Slider(__class__=<class 'psychopy.visual.slider.Slider'>, autoDraw=False, autoLog=True, borderColor=None, color=None, colorSpace='rgb', depth=0, fillColor=None, flip=False, font='Open Sans', granularity=0.0, labelColor=None, labelHeight=0.05, labelWrapWidth=None, labels=None, lineColor=None, markerColor=None, name='slider', opacity=None, ori=0.0, pos=array([ 0. , -0.4]), readOnly=False, self=UNKNOWN, size=array([1. , 0.1]), startValue=None, style='rating', styleTweaks=[], ticks=array([1, 2, 3, 4, 5]), units='height', win=Window(...))
4.9611 	EXP 	slider: autoLog = True
4.9611 	EXP 	slider: markerPos = None
4.9611 	EXP 	slider: styleTweaks = []
4.9611 	EXP 	slider: styleTweaks = []
4.9611 	EXP 	slider: styleTweaks = []
4.9611 	EXP 	slider: styleTweaks = []
4.9611 	EXP 	slider: contrast = 1.0
4.9611 	EXP 	slider: autoLog = True
4.9611 	EXP 	slider: markerPos = None
4.9611 	EXP 	slider: markerPos = None
4.9611 	EXP 	slider: autoDraw = True
5.7080 	DATA 	Mouse: Left button down, pos=(1085,114)
5.7138 	EXP 	slider: markerPos = 3.466666666666667
5.7180 	EXP 	slider: markerPos = 3.466666666666667
5.7226 	EXP 	slider: markerPos = 3.466666666666667
5.7276 	EXP 	slider: markerPos = 3.466666666666667
5.7325 	EXP 	slider: markerPos = 3.466666666666667
5.7366 	EXP 	slider: markerPos = 3.466666666666667
5.7408 	EXP 	slider: markerPos = 3.466666666666667
5.7449 	EXP 	slider: markerPos = 3.466666666666667
5.7491 	EXP 	slider: markerPos = 3.466666666666667
5.7533 	EXP 	slider: markerPos = 3.466666666666667
5.7575 	EXP 	slider: markerPos = 3.466666666666667
5.7617 	EXP 	slider: markerPos = 3.466666666666667
5.7658 	EXP 	slider: markerPos = 3.466666666666667
5.7700 	EXP 	slider: markerPos = 3.466666666666667
5.7750 	EXP 	slider: markerPos = 3.466666666666667
5.7788 	EXP 	slider: markerPos = 3.466666666666667
5.7830 	EXP 	slider: markerPos = 3.466666666666667
5.7871 	EXP 	slider: markerPos = 3.474074074074074
5.7913 	EXP 	slider: markerPos = 3.474074074074074
5.7955 	EXP 	slider: markerPos = 3.474074074074074
5.7996 	EXP 	slider: markerPos = 3.474074074074074
5.8038 	EXP 	slider: markerPos = 3.477777777777778
5.8080 	EXP 	slider: markerPos = 3.485185185185185
5.8122 	EXP 	slider: markerPos = 3.485185185185185
5.8163 	EXP 	slider: markerPos = 3.488888888888889
5.8219 	EXP 	slider: markerPos = 3.4962962962962965
5.8267 	EXP 	slider: markerPos = 3.5
5.8309 	EXP 	slider: markerPos = 3.5074074074074075
5.8351 	EXP 	slider: markerPos = 3.511111111111111
5.8392 	EXP 	slider: markerPos = 3.5185185185185186
5.8434 	EXP 	slider: markerPos = 3.522222222222222
5.8476 	EXP 	slider: markerPos = 3.5296296296296297
5.8517 	EXP 	slider: markerPos = 3.533333333333333
5.8559 	EXP 	slider: markerPos = 3.5407407407407407
5.8601 	EXP 	slider: markerPos = 3.551851851851852
5.8643 	EXP 	slider: markerPos = 3.5555555555555554
5.8684 	EXP 	slider: markerPos = 3.562962962962963
5.8726 	EXP 	slider: markerPos = 3.5666666666666664
5.8768 	EXP 	slider: markerPos = 3.574074074074074
5.8809 	EXP 	slider: markerPos = 3.5777777777777775
5.8851 	EXP 	slider: markerPos = 3.585185185185185
5.8893 	EXP 	slider: markerPos = 3.588888888888889
5.8935 	EXP 	slider: markerPos = 3.5962962962962965
5.8976 	EXP 	slider: markerPos = 3.6074074074074076
5.9018 	EXP 	slider: markerPos = 3.6185185185185187
5.9060 	EXP 	slider: markerPos = 3.6222222222222222
5.9101 	EXP 	slider: markerPos = 3.6333333333333333
5.9146 	EXP 	slider: markerPos = 3.640740740740741
5.9188 	EXP 	slider: markerPos = 3.651851851851852
5.9229 	EXP 	slider: markerPos = 3.662962962962963
5.9271 	EXP 	slider: markerPos = 3.674074074074074
5.9313 	EXP 	slider: markerPos = 3.685185185185185
5.9354 	EXP 	slider: markerPos = 3.696296296296296
5.9396 	EXP 	slider: markerPos = 3.7111111111111112
5.9438 	EXP 	slider: markerPos = 3.7222222222222223
5.9479 	EXP 	slider: markerPos = 3.7333333333333334
5.9521 	EXP 	slider: markerPos = 3.7444444444444445
5.9563 	EXP 	slider: markerPos = 3.7555555555555555
5.9613 	EXP 	slider: markerPos = 3.7666666666666666
5.9653 	EXP 	slider: markerPos = 3.785185185185185
5.9692 	EXP 	slider: markerPos = 3.7888888888888888
5.9733 	EXP 	slider: markerPos = 3.8
5.9775 	EXP 	slider: markerPos = 3.811111111111111
5.9817 	EXP 	slider: markerPos = 3.822222222222222
5.9859 	EXP 	slider: markerPos = 3.840740740740741
5.9900 	EXP 	slider: markerPos = 3.851851851851852
5.9942 	EXP 	slider: markerPos = 3.8666666666666667
5.9984 	EXP 	slider: markerPos = 3.8777777777777778
6.0025 	EXP 	slider: markerPos = 3.8962962962962964
6.0083 	EXP 	slider: markerPos = 3.9185185185185185
6.0129 	EXP 	slider: markerPos = 3.9518518518518517
6.0171 	EXP 	slider: markerPos = 3.966666666666667
6.0212 	EXP 	slider: markerPos = 3.9962962962962965
6.0254 	EXP 	slider: markerPos = 4.018518518518519
6.0296 	EXP 	slider: markerPos = 4.044444444444444
6.0337 	EXP 	slider: markerPos = 4.074074074074074
6.0387 	EXP 	slider: markerPos = 4.1
6.0430 	EXP 	slider: markerPos = 4.140740740740741
6.0471 	EXP 	slider: markerPos = 4.166666666666667
6.0513 	EXP 	slider: markerPos = 4.188888888888889
6.0554 	EXP 	slider: markerPos = 4.218518518518518
6.0596 	EXP 	slider: markerPos = 4.2407407407407405
6.0638 	EXP 	slider: markerPos = 4.262962962962963
6.0680 	EXP 	slider: markerPos = 4.285185185185185
6.0725 	EXP 	slider: markerPos = 4.307407407407407
6.0764 	EXP 	slider: markerPos = 4.340740740740741
6.0805 	EXP 	slider: markerPos = 4.355555555555556
6.0847 	EXP 	slider: markerPos = 4.366666666666667
6.0889 	EXP 	slider: markerPos = 4.385185185185185
6.0930 	EXP 	slider: markerPos = 4.4
6.0972 	EXP 	slider: markerPos = 4.411111111111111
6.1029 	EXP 	slider: markerPos = 4.4185185185185185
6.1074 	EXP 	slider: markerPos = 4.42962962962963
6.1115 	EXP 	slider: markerPos = 4.433333333333334
6.1157 	EXP 	slider: markerPos = 4.433333333333334
6.1199 	EXP 	slider: markerPos = 4.433333333333334
6.1240 	EXP 	slider: markerPos = 4.433333333333334
6.1282 	EXP 	slider: markerPos = 4.433333333333334
6.1324 	EXP 	slider: markerPos = 4.433333333333334
6.1365 	EXP 	slider: markerPos = 4.433333333333334
6.1407 	EXP 	slider: markerPos = 4.433333333333334
6.1449 	EXP 	slider: markerPos = 4.433333333333334
6.1492 	EXP 	slider: markerPos = 4.433333333333334
6.1532 	EXP 	slider: markerPos = 4.433333333333334
6.1574 	EXP 	slider: markerPos = 4.433333333333334
6.1616 	EXP 	slider: markerPos = 4.433333333333334
6.1657 	EXP 	slider: markerPos = 4.433333333333334
6.1699 	EXP 	slider: markerPos = 4.433333333333334
6.1741 	EXP 	slider: markerPos = 4.433333333333334
6.1791 	EXP 	slider: markerPos = 4.433333333333334
6.1824 	EXP 	slider: markerPos = 4.433333333333334
6.1866 	EXP 	slider: markerPos = 4.433333333333334
6.1908 	EXP 	slider: markerPos = 4.433333333333334
6.1949 	EXP 	slider: markerPos = 4.433333333333334
6.1991 	EXP 	slider: markerPos = 4.433333333333334
6.2033 	EXP 	slider: markerPos = 4.433333333333334
6.2074 	EXP 	slider: markerPos = 4.433333333333334
6.2124 	EXP 	slider: markerPos = 4.433333333333334
6.2159 	EXP 	slider: markerPos = 4.433333333333334
6.2201 	EXP 	slider: markerPos = 4.433333333333334
6.2243 	EXP 	slider: markerPos = 4.433333333333334
6.2284 	EXP 	slider: markerPos = 4.433333333333334
6.2326 	EXP 	slider: markerPos = 4.433333333333334
6.2368 	EXP 	slider: markerPos = 4.433333333333334
6.2419 	EXP 	slider: markerPos = 4.433333333333334
6.2458 	EXP 	slider: markerPos = 4.433333333333334
6.2496 	EXP 	slider: markerPos = 4.433333333333334
6.2538 	EXP 	slider: markerPos = 4.433333333333334
6.2580 	EXP 	slider: markerPos = 4.433333333333334
6.2621 	EXP 	slider: markerPos = 4.433333333333334
6.2663 	EXP 	slider: markerPos = 4.433333333333334
6.2705 	EXP 	slider: markerPos = 4.433333333333334
6.2751 	EXP 	slider: markerPos = 4.433333333333334
6.2788 	EXP 	slider: markerPos = 4.433333333333334
6.2819 	DATA 	Mouse:  Left button up, pos=(1347,102)
6.2830 	EXP 	slider: markerPos = 4.433333333333334
6.2872 	EXP 	slider: markerPos = 4.433333333333334
6.2913 	EXP 	slider: autoDraw = False
6.3460 	EXP 	window1: mouseVisible = True
