3.3628 	WARNING 	User requested fullscreen with size [1024  768], but screen is actually [1920, 1080]. Using actual size
3.6917 	EXP 	Created window1 = Window(allowGUI=True, allowStencil=False, autoLog=True, backendConf=UNKNOWN, backgroundFit=<method-wrapper '__getattribute__' of attributeSetter object at 0x000001D1072DE310>, backgroundImage=<method-wrapper '__getattribute__' of attributeSetter object at 0x000001D1072DE2B0>, bitsMode=UNKNOWN, blendMode='avg', bpc=(8, 8, 8), color=array([0, 0, 0]), colorSpace='rgb', depthBits=8, fullscr=<method-wrapper '__getattribute__' of attributeSetter object at 0x000001D1072DE040>, gamma=None, gammaErrorPolicy='raise', lms=UNKNOWN, monitor=<psychopy.monitors.calibTools.Monitor object at 0x000001D109219640>, multiSample=False, name='window1', numSamples=2, pos=(0, 0), screen=0, size=array([1920, 1080]), stencilBits=0, stereo=False, units='height', useFBO=True, useRetina=False, viewOri=0.0, viewPos=None, viewScale=None, waitBlanking=True, winType='pyglet')
3.6918 	EXP 	window1: mouseVisible = True
3.6918 	EXP 	window1: backgroundImage = ''
3.6918 	EXP 	window1: backgroundFit = 'none'
3.6918 	EXP 	window1: mouseVisible = False
3.6918 	EXP 	window1: Attempting to measure frame rate of screen (0) ...
3.6918 	EXP 	window1: recordFrameIntervals = False
3.7336 	EXP 	window1: recordFrameIntervals = True
3.7796 	EXP 	Screen (0) actual frame rate measured at 240.22Hz
3.7796 	EXP 	window1: recordFrameIntervals = False
5.0465 	EXP 	window1: mouseVisible = True
5.0571 	EXP 	window1: mouseVisible = True
5.0677 	EXP 	window1: mouseVisible = True
5.6588 	DATA 	Mouse: Left button down, pos=(467,499)
5.7246 	DATA 	Mouse:  Left button up, pos=(467,499)
6.0165 	DATA 	Mouse: Left button down, pos=(855,476)
6.0701 	DATA 	Mouse:  Left button up, pos=(857,476)
6.2832 	DATA 	Mouse: Left button down, pos=(1472,443)
6.3552 	DATA 	Mouse:  Left button up, pos=(1472,443)
6.7832 	DATA 	Mouse: Left button down, pos=(1049,469)
6.8630 	DATA 	Mouse:  Left button up, pos=(1049,469)
6.9460 	DATA 	Mouse: Left button down, pos=(1049,469)
7.0109 	DATA 	Mouse:  Left button up, pos=(1050,469)
7.1816 	DATA 	Mouse: Left button down, pos=(1466,473)
7.2549 	DATA 	Mouse:  Left button up, pos=(1466,473)
7.5086 	DATA 	Mouse: Left button down, pos=(583,496)
7.5892 	DATA 	Mouse:  Left button up, pos=(583,496)
7.7773 	DATA 	Mouse: Left button down, pos=(918,461)
7.8544 	DATA 	Mouse:  Left button up, pos=(918,461)
8.0193 	DATA 	Mouse: Left button down, pos=(1404,479)
8.1070 	DATA 	Mouse:  Left button up, pos=(1409,479)
8.3887 	DATA 	Keypress: escape
8.9675 	EXP 	window1: mouseVisible = True
