3.0857 	WARNING 	User requested fullscreen with size [1024  768], but screen is actually [1920, 1080]. Using actual size
3.3894 	EXP 	Created window1 = Window(allowGUI=True, allowStencil=False, autoLog=True, backendConf=UNKNOWN, backgroundFit=<method-wrapper '__getattribute__' of attributeSetter object at 0x0000025D5184F550>, backgroundImage=<method-wrapper '__getattribute__' of attributeSetter object at 0x0000025D5184F4F0>, bitsMode=UNKNOWN, blendMode='avg', bpc=(8, 8, 8), color=array([0, 0, 0]), colorSpace='rgb', depthBits=8, fullscr=<method-wrapper '__getattribute__' of attributeSetter object at 0x0000025D5184F220>, gamma=None, gammaErrorPolicy='raise', lms=UNKNOWN, monitor=<psychopy.monitors.calibTools.Monitor object at 0x0000025D53769820>, multiSample=False, name='window1', numSamples=2, pos=(0, 0), screen=0, size=array([1920, 1080]), stencilBits=0, stereo=False, units='height', useFBO=True, useRetina=False, viewOri=0.0, viewPos=None, viewScale=None, waitBlanking=True, winType='pyglet')
3.3895 	EXP 	window1: mouseVisible = True
3.3895 	EXP 	window1: backgroundImage = ''
3.3895 	EXP 	window1: backgroundFit = 'none'
3.3896 	EXP 	window1: mouseVisible = False
3.3896 	EXP 	window1: Attempting to measure frame rate of screen (0) ...
3.3896 	EXP 	window1: recordFrameIntervals = False
3.4308 	EXP 	window1: recordFrameIntervals = True
3.4767 	EXP 	Screen (0) actual frame rate measured at 239.72Hz
3.4767 	EXP 	window1: recordFrameIntervals = False
4.7435 	EXP 	window1: mouseVisible = True
4.7543 	EXP 	window1: mouseVisible = True
4.7648 	EXP 	window1: mouseVisible = True
4.7648 	EXP 	window1: mouseVisible = True
5.0368 	DATA 	Mouse: Left button down, pos=(966,482)
5.1253 	DATA 	Mouse:  Left button up, pos=(966,482)
5.3464 	DATA 	Mouse: Left button down, pos=(1487,506)
5.4368 	DATA 	Mouse:  Left button up, pos=(1487,506)
5.5759 	DATA 	Mouse: Left button down, pos=(950,472)
5.6681 	DATA 	Mouse:  Left button up, pos=(956,474)
5.8734 	DATA 	Keypress: escape
6.1480 	EXP 	window1: mouseVisible = True
