3.0972 	WARNING 	User requested fullscreen with size [1024  768], but screen is actually [1920, 1080]. Using actual size
3.3841 	EXP 	Created window1 = Window(allowGUI=True, allowStencil=False, autoLog=True, backendConf=UNKNOWN, backgroundFit=<method-wrapper '__getattribute__' of attributeSetter object at 0x000001FF913BF490>, backgroundImage=<method-wrapper '__getattribute__' of attributeSetter object at 0x000001FF913BF430>, bitsMode=UNKNOWN, blendMode='avg', bpc=(8, 8, 8), color=array([0, 0, 0]), colorSpace='rgb', depthBits=8, fullscr=<method-wrapper '__getattribute__' of attributeSetter object at 0x000001FF913BF160>, gamma=None, gammaErrorPolicy='raise', lms=UNKNOWN, monitor=<psychopy.monitors.calibTools.Monitor object at 0x000001FF932D9760>, multiSample=False, name='window1', numSamples=2, pos=(0, 0), screen=0, size=array([1920, 1080]), stencilBits=0, stereo=False, units='height', useFBO=True, useRetina=False, viewOri=0.0, viewPos=None, viewScale=None, waitBlanking=True, winType='pyglet')
3.3841 	EXP 	window1: mouseVisible = True
3.3842 	EXP 	window1: backgroundImage = ''
3.3842 	EXP 	window1: backgroundFit = 'none'
3.3842 	EXP 	window1: mouseVisible = False
3.3842 	EXP 	window1: Attempting to measure frame rate of screen (0) ...
3.3842 	EXP 	window1: recordFrameIntervals = False
3.4255 	EXP 	window1: recordFrameIntervals = True
3.4726 	WARNING 	t of last frame was 5.07ms (=1/197)
3.4727 	EXP 	Screen (0) actual frame rate measured at 234.80Hz
3.4727 	EXP 	window1: recordFrameIntervals = False
4.7411 	EXP 	window1: mouseVisible = True
4.7523 	EXP 	window1: mouseVisible = True
4.7628 	EXP 	window1: mouseVisible = True
4.7628 	EXP 	window1: mouseVisible = True
4.8128 	EXP 	Created text = TextStim(__class__=<class 'psychopy.visual.text.TextStim'>, alignHoriz=method-wrapper(...), alignText='center', alignVert=method-wrapper(...), anchorHoriz='center', anchorVert='center', antialias=True, autoDraw=False, autoLog=True, bold=False, color=array([1., 1., 1.]), colorSpace='rgb', contrast=1.0, depth=-5.0, flipHoriz=False, flipVert=False, font='Open Sans', fontFiles=[], height=0.05, italic=False, languageStyle='LTR', name='text', opacity=1.0, ori=0.0, pos=array([0., 0.]), rgb=UNKNOWN, text='', units='height', win=Window(...), wrapWidth=1)
4.8235 	EXP 	text: autoDraw = True
5.1729 	DATA 	Mouse: Left button down, pos=(1529,579)
5.1882 	EXP 	text: height = 0.05
5.1882 	EXP 	text: height = 0.05
5.1882 	EXP 	text: height = 0.05
5.1882 	EXP 	text: text = 'button_1'
5.1882 	EXP 	text: height = 0.05
5.1882 	EXP 	text: height = 0.05
5.1882 	EXP 	text: height = 0.05
5.1882 	EXP 	text: text = 'button_2'
5.1882 	EXP 	text: height = 0.05
5.1882 	EXP 	text: height = 0.05
5.1882 	EXP 	text: height = 0.05
5.1882 	EXP 	text: text = 'button_3'
5.1994 	EXP 	text: height = 0.05
5.1994 	EXP 	text: height = 0.05
5.1994 	EXP 	text: height = 0.05
5.1994 	EXP 	text: text = 'button_1'
5.1994 	EXP 	text: height = 0.05
5.1994 	EXP 	text: height = 0.05
5.1994 	EXP 	text: height = 0.05
5.1994 	EXP 	text: text = 'button_2'
5.1994 	EXP 	text: height = 0.05
5.1994 	EXP 	text: height = 0.05
5.1994 	EXP 	text: height = 0.05
5.1994 	EXP 	text: text = 'button_3'
5.2077 	EXP 	text: height = 0.05
5.2077 	EXP 	text: height = 0.05
5.2077 	EXP 	text: height = 0.05
5.2077 	EXP 	text: text = 'button_1'
5.2077 	EXP 	text: height = 0.05
5.2077 	EXP 	text: height = 0.05
5.2077 	EXP 	text: height = 0.05
5.2077 	EXP 	text: text = 'button_2'
5.2077 	EXP 	text: height = 0.05
5.2077 	EXP 	text: height = 0.05
5.2077 	EXP 	text: height = 0.05
5.2077 	EXP 	text: text = 'button_3'
5.2191 	EXP 	text: height = 0.05
5.2191 	EXP 	text: height = 0.05
5.2191 	EXP 	text: height = 0.05
5.2191 	EXP 	text: text = 'button_1'
5.2191 	EXP 	text: height = 0.05
5.2191 	EXP 	text: height = 0.05
5.2191 	EXP 	text: height = 0.05
5.2191 	EXP 	text: text = 'button_2'
5.2191 	EXP 	text: height = 0.05
5.2191 	EXP 	text: height = 0.05
5.2191 	EXP 	text: height = 0.05
5.2191 	EXP 	text: text = 'button_3'
5.2273 	EXP 	text: height = 0.05
5.2273 	EXP 	text: height = 0.05
5.2273 	EXP 	text: height = 0.05
5.2273 	EXP 	text: text = 'button_1'
5.2273 	EXP 	text: height = 0.05
5.2273 	EXP 	text: height = 0.05
5.2273 	EXP 	text: height = 0.05
5.2273 	EXP 	text: text = 'button_2'
5.2273 	EXP 	text: height = 0.05
5.2273 	EXP 	text: height = 0.05
5.2273 	EXP 	text: height = 0.05
5.2273 	EXP 	text: text = 'button_3'
5.2381 	EXP 	text: height = 0.05
5.2381 	EXP 	text: height = 0.05
5.2381 	EXP 	text: height = 0.05
5.2381 	EXP 	text: text = 'button_1'
5.2381 	EXP 	text: height = 0.05
5.2381 	EXP 	text: height = 0.05
5.2381 	EXP 	text: height = 0.05
5.2381 	EXP 	text: text = 'button_2'
5.2381 	EXP 	text: height = 0.05
5.2381 	EXP 	text: height = 0.05
5.2381 	EXP 	text: height = 0.05
5.2381 	EXP 	text: text = 'button_3'
5.2464 	EXP 	text: height = 0.05
5.2464 	EXP 	text: height = 0.05
5.2464 	EXP 	text: height = 0.05
5.2464 	EXP 	text: text = 'button_1'
5.2464 	EXP 	text: height = 0.05
5.2464 	EXP 	text: height = 0.05
5.2464 	EXP 	text: height = 0.05
5.2464 	EXP 	text: text = 'button_2'
5.2464 	EXP 	text: height = 0.05
5.2464 	EXP 	text: height = 0.05
5.2464 	EXP 	text: height = 0.05
5.2464 	EXP 	text: text = 'button_3'
5.2565 	EXP 	text: height = 0.05
5.2565 	EXP 	text: height = 0.05
5.2565 	EXP 	text: height = 0.05
5.2565 	EXP 	text: text = 'button_1'
5.2565 	EXP 	text: height = 0.05
5.2565 	EXP 	text: height = 0.05
5.2565 	EXP 	text: height = 0.05
5.2565 	EXP 	text: text = 'button_2'
5.2565 	EXP 	text: height = 0.05
5.2565 	EXP 	text: height = 0.05
5.2565 	EXP 	text: height = 0.05
5.2565 	EXP 	text: text = 'button_3'
5.2645 	EXP 	text: height = 0.05
5.2645 	EXP 	text: height = 0.05
5.2645 	EXP 	text: height = 0.05
5.2645 	EXP 	text: text = 'button_1'
5.2645 	EXP 	text: height = 0.05
5.2645 	EXP 	text: height = 0.05
5.2645 	EXP 	text: height = 0.05
5.2645 	EXP 	text: text = 'button_2'
5.2645 	EXP 	text: height = 0.05
5.2645 	EXP 	text: height = 0.05
5.2645 	EXP 	text: height = 0.05
5.2645 	EXP 	text: text = 'button_3'
5.2732 	EXP 	text: height = 0.05
5.2732 	EXP 	text: height = 0.05
5.2732 	EXP 	text: height = 0.05
5.2732 	EXP 	text: text = 'button_1'
5.2732 	EXP 	text: height = 0.05
5.2732 	EXP 	text: height = 0.05
5.2732 	EXP 	text: height = 0.05
5.2732 	EXP 	text: text = 'button_2'
5.2732 	EXP 	text: height = 0.05
5.2732 	EXP 	text: height = 0.05
5.2732 	EXP 	text: height = 0.05
5.2732 	EXP 	text: text = 'button_3'
5.2825 	EXP 	text: height = 0.05
5.2825 	EXP 	text: height = 0.05
5.2825 	EXP 	text: height = 0.05
5.2825 	EXP 	text: text = 'button_1'
5.2825 	EXP 	text: height = 0.05
5.2825 	EXP 	text: height = 0.05
5.2825 	EXP 	text: height = 0.05
5.2825 	EXP 	text: text = 'button_2'
5.2825 	EXP 	text: height = 0.05
5.2825 	EXP 	text: height = 0.05
5.2825 	EXP 	text: height = 0.05
5.2825 	EXP 	text: text = 'button_3'
5.2902 	DATA 	Mouse:  Left button up, pos=(1529,578)
5.2915 	EXP 	text: height = 0.05
5.2915 	EXP 	text: height = 0.05
5.2915 	EXP 	text: height = 0.05
5.2915 	EXP 	text: text = 'button_1'
5.2915 	EXP 	text: height = 0.05
5.2915 	EXP 	text: height = 0.05
5.2915 	EXP 	text: height = 0.05
5.2915 	EXP 	text: text = 'button_2'
5.2915 	EXP 	text: height = 0.05
5.2915 	EXP 	text: height = 0.05
5.2915 	EXP 	text: height = 0.05
5.2915 	EXP 	text: text = 'button_3'
5.2990 	EXP 	text: height = 0.05
5.2990 	EXP 	text: height = 0.05
5.2990 	EXP 	text: height = 0.05
5.2990 	EXP 	text: text = 'button_1'
5.2990 	EXP 	text: height = 0.05
5.2990 	EXP 	text: height = 0.05
5.2990 	EXP 	text: height = 0.05
5.2990 	EXP 	text: text = 'button_2'
5.2990 	EXP 	text: height = 0.05
5.2990 	EXP 	text: height = 0.05
5.2990 	EXP 	text: height = 0.05
5.2990 	EXP 	text: text = 'button_3'
5.3066 	EXP 	text: height = 0.05
5.3066 	EXP 	text: height = 0.05
5.3066 	EXP 	text: height = 0.05
5.3066 	EXP 	text: text = 'button_1'
5.3066 	EXP 	text: height = 0.05
5.3066 	EXP 	text: height = 0.05
5.3066 	EXP 	text: height = 0.05
5.3066 	EXP 	text: text = 'button_2'
5.3066 	EXP 	text: height = 0.05
5.3066 	EXP 	text: height = 0.05
5.3066 	EXP 	text: height = 0.05
5.3066 	EXP 	text: text = 'button_3'
5.3154 	EXP 	text: height = 0.05
5.3154 	EXP 	text: height = 0.05
5.3154 	EXP 	text: height = 0.05
5.3154 	EXP 	text: text = 'button_1'
5.3154 	EXP 	text: height = 0.05
5.3154 	EXP 	text: height = 0.05
5.3154 	EXP 	text: height = 0.05
5.3154 	EXP 	text: text = 'button_2'
5.3154 	EXP 	text: height = 0.05
5.3154 	EXP 	text: height = 0.05
5.3154 	EXP 	text: height = 0.05
5.3154 	EXP 	text: text = 'button_3'
5.3235 	EXP 	text: height = 0.05
5.3235 	EXP 	text: height = 0.05
5.3235 	EXP 	text: height = 0.05
5.3235 	EXP 	text: text = 'button_1'
5.3235 	EXP 	text: height = 0.05
5.3235 	EXP 	text: height = 0.05
5.3235 	EXP 	text: height = 0.05
5.3235 	EXP 	text: text = 'button_2'
5.3235 	EXP 	text: height = 0.05
5.3235 	EXP 	text: height = 0.05
5.3235 	EXP 	text: height = 0.05
5.3235 	EXP 	text: text = 'button_3'
5.3309 	EXP 	text: height = 0.05
5.3309 	EXP 	text: height = 0.05
5.3309 	EXP 	text: height = 0.05
5.3309 	EXP 	text: text = 'button_1'
5.3309 	EXP 	text: height = 0.05
5.3309 	EXP 	text: height = 0.05
5.3309 	EXP 	text: height = 0.05
5.3309 	EXP 	text: text = 'button_2'
5.3309 	EXP 	text: height = 0.05
5.3309 	EXP 	text: height = 0.05
5.3309 	EXP 	text: height = 0.05
5.3309 	EXP 	text: text = 'button_3'
5.3385 	EXP 	text: height = 0.05
5.3385 	EXP 	text: height = 0.05
5.3385 	EXP 	text: height = 0.05
5.3385 	EXP 	text: text = 'button_1'
5.3385 	EXP 	text: height = 0.05
5.3385 	EXP 	text: height = 0.05
5.3385 	EXP 	text: height = 0.05
5.3385 	EXP 	text: text = 'button_2'
5.3385 	EXP 	text: height = 0.05
5.3385 	EXP 	text: height = 0.05
5.3385 	EXP 	text: height = 0.05
5.3385 	EXP 	text: text = 'button_3'
5.3465 	EXP 	text: height = 0.05
5.3465 	EXP 	text: height = 0.05
5.3465 	EXP 	text: height = 0.05
5.3465 	EXP 	text: text = 'button_1'
5.3465 	EXP 	text: height = 0.05
5.3465 	EXP 	text: height = 0.05
5.3465 	EXP 	text: height = 0.05
5.3465 	EXP 	text: text = 'button_2'
5.3465 	EXP 	text: height = 0.05
5.3465 	EXP 	text: height = 0.05
5.3465 	EXP 	text: height = 0.05
5.3465 	EXP 	text: text = 'button_3'
5.3546 	EXP 	text: height = 0.05
5.3546 	EXP 	text: height = 0.05
5.3546 	EXP 	text: height = 0.05
5.3546 	EXP 	text: text = 'button_1'
5.3546 	EXP 	text: height = 0.05
5.3546 	EXP 	text: height = 0.05
5.3546 	EXP 	text: height = 0.05
5.3546 	EXP 	text: text = 'button_2'
5.3546 	EXP 	text: height = 0.05
5.3546 	EXP 	text: height = 0.05
5.3546 	EXP 	text: height = 0.05
5.3546 	EXP 	text: text = 'button_3'
5.3625 	EXP 	text: height = 0.05
5.3625 	EXP 	text: height = 0.05
5.3625 	EXP 	text: height = 0.05
5.3625 	EXP 	text: text = 'button_1'
5.3625 	EXP 	text: height = 0.05
5.3625 	EXP 	text: height = 0.05
5.3625 	EXP 	text: height = 0.05
5.3625 	EXP 	text: text = 'button_2'
5.3625 	EXP 	text: height = 0.05
5.3625 	EXP 	text: height = 0.05
5.3625 	EXP 	text: height = 0.05
5.3625 	EXP 	text: text = 'button_3'
5.3706 	EXP 	text: height = 0.05
5.3706 	EXP 	text: height = 0.05
5.3706 	EXP 	text: height = 0.05
5.3706 	EXP 	text: text = 'button_1'
5.3706 	EXP 	text: height = 0.05
5.3706 	EXP 	text: height = 0.05
5.3706 	EXP 	text: height = 0.05
5.3706 	EXP 	text: text = 'button_2'
5.3706 	EXP 	text: height = 0.05
5.3706 	EXP 	text: height = 0.05
5.3706 	EXP 	text: height = 0.05
5.3706 	EXP 	text: text = 'button_3'
5.3789 	EXP 	text: height = 0.05
5.3789 	EXP 	text: height = 0.05
5.3789 	EXP 	text: height = 0.05
5.3789 	EXP 	text: text = 'button_1'
5.3789 	EXP 	text: height = 0.05
5.3789 	EXP 	text: height = 0.05
5.3789 	EXP 	text: height = 0.05
5.3789 	EXP 	text: text = 'button_2'
5.3789 	EXP 	text: height = 0.05
5.3789 	EXP 	text: height = 0.05
5.3789 	EXP 	text: height = 0.05
5.3789 	EXP 	text: text = 'button_3'
5.3873 	EXP 	text: height = 0.05
5.3873 	EXP 	text: height = 0.05
5.3873 	EXP 	text: height = 0.05
5.3873 	EXP 	text: text = 'button_1'
5.3873 	EXP 	text: height = 0.05
5.3873 	EXP 	text: height = 0.05
5.3873 	EXP 	text: height = 0.05
5.3873 	EXP 	text: text = 'button_2'
5.3873 	EXP 	text: height = 0.05
5.3873 	EXP 	text: height = 0.05
5.3873 	EXP 	text: height = 0.05
5.3873 	EXP 	text: text = 'button_3'
5.3951 	EXP 	text: height = 0.05
5.3951 	EXP 	text: height = 0.05
5.3951 	EXP 	text: height = 0.05
5.3951 	EXP 	text: text = 'button_1'
5.3951 	EXP 	text: height = 0.05
5.3951 	EXP 	text: height = 0.05
5.3951 	EXP 	text: height = 0.05
5.3951 	EXP 	text: text = 'button_2'
5.3951 	EXP 	text: height = 0.05
5.3951 	EXP 	text: height = 0.05
5.3951 	EXP 	text: height = 0.05
5.3951 	EXP 	text: text = 'button_3'
5.4028 	EXP 	text: height = 0.05
5.4028 	EXP 	text: height = 0.05
5.4028 	EXP 	text: height = 0.05
5.4028 	EXP 	text: text = 'button_1'
5.4028 	EXP 	text: height = 0.05
5.4028 	EXP 	text: height = 0.05
5.4028 	EXP 	text: height = 0.05
5.4028 	EXP 	text: text = 'button_2'
5.4028 	EXP 	text: height = 0.05
5.4028 	EXP 	text: height = 0.05
5.4028 	EXP 	text: height = 0.05
5.4028 	EXP 	text: text = 'button_3'
5.4108 	EXP 	text: height = 0.05
5.4108 	EXP 	text: height = 0.05
5.4108 	EXP 	text: height = 0.05
5.4108 	EXP 	text: text = 'button_1'
5.4108 	EXP 	text: height = 0.05
5.4108 	EXP 	text: height = 0.05
5.4108 	EXP 	text: height = 0.05
5.4108 	EXP 	text: text = 'button_2'
5.4108 	EXP 	text: height = 0.05
5.4108 	EXP 	text: height = 0.05
5.4108 	EXP 	text: height = 0.05
5.4108 	EXP 	text: text = 'button_3'
5.4191 	EXP 	text: height = 0.05
5.4191 	EXP 	text: height = 0.05
5.4191 	EXP 	text: height = 0.05
5.4191 	EXP 	text: text = 'button_1'
5.4191 	EXP 	text: height = 0.05
5.4191 	EXP 	text: height = 0.05
5.4191 	EXP 	text: height = 0.05
5.4191 	EXP 	text: text = 'button_2'
5.4191 	EXP 	text: height = 0.05
5.4191 	EXP 	text: height = 0.05
5.4191 	EXP 	text: height = 0.05
5.4191 	EXP 	text: text = 'button_3'
5.4268 	EXP 	text: height = 0.05
5.4268 	EXP 	text: height = 0.05
5.4268 	EXP 	text: height = 0.05
5.4268 	EXP 	text: text = 'button_1'
5.4268 	EXP 	text: height = 0.05
5.4268 	EXP 	text: height = 0.05
5.4268 	EXP 	text: height = 0.05
5.4268 	EXP 	text: text = 'button_2'
5.4268 	EXP 	text: height = 0.05
5.4268 	EXP 	text: height = 0.05
5.4268 	EXP 	text: height = 0.05
5.4268 	EXP 	text: text = 'button_3'
5.4345 	EXP 	text: height = 0.05
5.4345 	EXP 	text: height = 0.05
5.4345 	EXP 	text: height = 0.05
5.4345 	EXP 	text: text = 'button_1'
5.4345 	EXP 	text: height = 0.05
5.4345 	EXP 	text: height = 0.05
5.4345 	EXP 	text: height = 0.05
5.4345 	EXP 	text: text = 'button_2'
5.4345 	EXP 	text: height = 0.05
5.4345 	EXP 	text: height = 0.05
5.4345 	EXP 	text: height = 0.05
5.4345 	EXP 	text: text = 'button_3'
5.4424 	EXP 	text: height = 0.05
5.4424 	EXP 	text: height = 0.05
5.4424 	EXP 	text: height = 0.05
5.4424 	EXP 	text: text = 'button_1'
5.4424 	EXP 	text: height = 0.05
5.4424 	EXP 	text: height = 0.05
5.4424 	EXP 	text: height = 0.05
5.4424 	EXP 	text: text = 'button_2'
5.4424 	EXP 	text: height = 0.05
5.4424 	EXP 	text: height = 0.05
5.4424 	EXP 	text: height = 0.05
5.4424 	EXP 	text: text = 'button_3'
5.4505 	EXP 	text: height = 0.05
5.4505 	EXP 	text: height = 0.05
5.4505 	EXP 	text: height = 0.05
5.4505 	EXP 	text: text = 'button_1'
5.4505 	EXP 	text: height = 0.05
5.4505 	EXP 	text: height = 0.05
5.4505 	EXP 	text: height = 0.05
5.4505 	EXP 	text: text = 'button_2'
5.4505 	EXP 	text: height = 0.05
5.4505 	EXP 	text: height = 0.05
5.4505 	EXP 	text: height = 0.05
5.4505 	EXP 	text: text = 'button_3'
5.4584 	EXP 	text: height = 0.05
5.4584 	EXP 	text: height = 0.05
5.4584 	EXP 	text: height = 0.05
5.4584 	EXP 	text: text = 'button_1'
5.4584 	EXP 	text: height = 0.05
5.4584 	EXP 	text: height = 0.05
5.4584 	EXP 	text: height = 0.05
5.4584 	EXP 	text: text = 'button_2'
5.4584 	EXP 	text: height = 0.05
5.4584 	EXP 	text: height = 0.05
5.4584 	EXP 	text: height = 0.05
5.4584 	EXP 	text: text = 'button_3'
5.4659 	EXP 	text: height = 0.05
5.4659 	EXP 	text: height = 0.05
5.4659 	EXP 	text: height = 0.05
5.4659 	EXP 	text: text = 'button_1'
5.4659 	EXP 	text: height = 0.05
5.4659 	EXP 	text: height = 0.05
5.4659 	EXP 	text: height = 0.05
5.4659 	EXP 	text: text = 'button_2'
5.4659 	EXP 	text: height = 0.05
5.4659 	EXP 	text: height = 0.05
5.4659 	EXP 	text: height = 0.05
5.4659 	EXP 	text: text = 'button_3'
5.4739 	EXP 	text: height = 0.05
5.4739 	EXP 	text: height = 0.05
5.4739 	EXP 	text: height = 0.05
5.4739 	EXP 	text: text = 'button_1'
5.4739 	EXP 	text: height = 0.05
5.4739 	EXP 	text: height = 0.05
5.4739 	EXP 	text: height = 0.05
5.4739 	EXP 	text: text = 'button_2'
5.4739 	EXP 	text: height = 0.05
5.4739 	EXP 	text: height = 0.05
5.4739 	EXP 	text: height = 0.05
5.4739 	EXP 	text: text = 'button_3'
5.4819 	EXP 	text: height = 0.05
5.4819 	EXP 	text: height = 0.05
5.4819 	EXP 	text: height = 0.05
5.4819 	EXP 	text: text = 'button_1'
5.4819 	EXP 	text: height = 0.05
5.4819 	EXP 	text: height = 0.05
5.4819 	EXP 	text: height = 0.05
5.4819 	EXP 	text: text = 'button_2'
5.4819 	EXP 	text: height = 0.05
5.4819 	EXP 	text: height = 0.05
5.4819 	EXP 	text: height = 0.05
5.4819 	EXP 	text: text = 'button_3'
5.4899 	EXP 	text: height = 0.05
5.4899 	EXP 	text: height = 0.05
5.4899 	EXP 	text: height = 0.05
5.4899 	EXP 	text: text = 'button_1'
5.4899 	EXP 	text: height = 0.05
5.4899 	EXP 	text: height = 0.05
5.4899 	EXP 	text: height = 0.05
5.4899 	EXP 	text: text = 'button_2'
5.4899 	EXP 	text: height = 0.05
5.4899 	EXP 	text: height = 0.05
5.4899 	EXP 	text: height = 0.05
5.4899 	EXP 	text: text = 'button_3'
5.4979 	EXP 	text: height = 0.05
5.4979 	EXP 	text: height = 0.05
5.4979 	EXP 	text: height = 0.05
5.4979 	EXP 	text: text = 'button_1'
5.4979 	EXP 	text: height = 0.05
5.4979 	EXP 	text: height = 0.05
5.4979 	EXP 	text: height = 0.05
5.4979 	EXP 	text: text = 'button_2'
5.4979 	EXP 	text: height = 0.05
5.4979 	EXP 	text: height = 0.05
5.4979 	EXP 	text: height = 0.05
5.4979 	EXP 	text: text = 'button_3'
5.5061 	EXP 	text: height = 0.05
5.5061 	EXP 	text: height = 0.05
5.5061 	EXP 	text: height = 0.05
5.5061 	EXP 	text: text = 'button_1'
5.5061 	EXP 	text: height = 0.05
5.5061 	EXP 	text: height = 0.05
5.5061 	EXP 	text: height = 0.05
5.5061 	EXP 	text: text = 'button_2'
5.5061 	EXP 	text: height = 0.05
5.5061 	EXP 	text: height = 0.05
5.5061 	EXP 	text: height = 0.05
5.5061 	EXP 	text: text = 'button_3'
5.5143 	EXP 	text: height = 0.05
5.5143 	EXP 	text: height = 0.05
5.5143 	EXP 	text: height = 0.05
5.5143 	EXP 	text: text = 'button_1'
5.5143 	EXP 	text: height = 0.05
5.5143 	EXP 	text: height = 0.05
5.5143 	EXP 	text: height = 0.05
5.5143 	EXP 	text: text = 'button_2'
5.5143 	EXP 	text: height = 0.05
5.5143 	EXP 	text: height = 0.05
5.5143 	EXP 	text: height = 0.05
5.5143 	EXP 	text: text = 'button_3'
5.5222 	EXP 	text: height = 0.05
5.5222 	EXP 	text: height = 0.05
5.5222 	EXP 	text: height = 0.05
5.5222 	EXP 	text: text = 'button_1'
5.5222 	EXP 	text: height = 0.05
5.5222 	EXP 	text: height = 0.05
5.5222 	EXP 	text: height = 0.05
5.5222 	EXP 	text: text = 'button_2'
5.5222 	EXP 	text: height = 0.05
5.5222 	EXP 	text: height = 0.05
5.5222 	EXP 	text: height = 0.05
5.5222 	EXP 	text: text = 'button_3'
5.5300 	EXP 	text: height = 0.05
5.5300 	EXP 	text: height = 0.05
5.5300 	EXP 	text: height = 0.05
5.5300 	EXP 	text: text = 'button_1'
5.5300 	EXP 	text: height = 0.05
5.5300 	EXP 	text: height = 0.05
5.5300 	EXP 	text: height = 0.05
5.5300 	EXP 	text: text = 'button_2'
5.5300 	EXP 	text: height = 0.05
5.5300 	EXP 	text: height = 0.05
5.5300 	EXP 	text: height = 0.05
5.5300 	EXP 	text: text = 'button_3'
5.5379 	EXP 	text: height = 0.05
5.5379 	EXP 	text: height = 0.05
5.5379 	EXP 	text: height = 0.05
5.5379 	EXP 	text: text = 'button_1'
5.5379 	EXP 	text: height = 0.05
5.5379 	EXP 	text: height = 0.05
5.5379 	EXP 	text: height = 0.05
5.5379 	EXP 	text: text = 'button_2'
5.5379 	EXP 	text: height = 0.05
5.5379 	EXP 	text: height = 0.05
5.5379 	EXP 	text: height = 0.05
5.5379 	EXP 	text: text = 'button_3'
5.5461 	EXP 	text: height = 0.05
5.5461 	EXP 	text: height = 0.05
5.5461 	EXP 	text: height = 0.05
5.5461 	EXP 	text: text = 'button_1'
5.5461 	EXP 	text: height = 0.05
5.5461 	EXP 	text: height = 0.05
5.5461 	EXP 	text: height = 0.05
5.5461 	EXP 	text: text = 'button_2'
5.5461 	EXP 	text: height = 0.05
5.5461 	EXP 	text: height = 0.05
5.5461 	EXP 	text: height = 0.05
5.5461 	EXP 	text: text = 'button_3'
5.5542 	EXP 	text: height = 0.05
5.5542 	EXP 	text: height = 0.05
5.5542 	EXP 	text: height = 0.05
5.5542 	EXP 	text: text = 'button_1'
5.5542 	EXP 	text: height = 0.05
5.5542 	EXP 	text: height = 0.05
5.5542 	EXP 	text: height = 0.05
5.5542 	EXP 	text: text = 'button_2'
5.5542 	EXP 	text: height = 0.05
5.5542 	EXP 	text: height = 0.05
5.5542 	EXP 	text: height = 0.05
5.5542 	EXP 	text: text = 'button_3'
5.5620 	EXP 	text: height = 0.05
5.5620 	EXP 	text: height = 0.05
5.5620 	EXP 	text: height = 0.05
5.5620 	EXP 	text: text = 'button_1'
5.5620 	EXP 	text: height = 0.05
5.5620 	EXP 	text: height = 0.05
5.5620 	EXP 	text: height = 0.05
5.5620 	EXP 	text: text = 'button_2'
5.5620 	EXP 	text: height = 0.05
5.5620 	EXP 	text: height = 0.05
5.5620 	EXP 	text: height = 0.05
5.5620 	EXP 	text: text = 'button_3'
5.5697 	EXP 	text: height = 0.05
5.5697 	EXP 	text: height = 0.05
5.5697 	EXP 	text: height = 0.05
5.5697 	EXP 	text: text = 'button_1'
5.5697 	EXP 	text: height = 0.05
5.5697 	EXP 	text: height = 0.05
5.5697 	EXP 	text: height = 0.05
5.5697 	EXP 	text: text = 'button_2'
5.5697 	EXP 	text: height = 0.05
5.5697 	EXP 	text: height = 0.05
5.5697 	EXP 	text: height = 0.05
5.5697 	EXP 	text: text = 'button_3'
5.5777 	EXP 	text: height = 0.05
5.5777 	EXP 	text: height = 0.05
5.5777 	EXP 	text: height = 0.05
5.5777 	EXP 	text: text = 'button_1'
5.5777 	EXP 	text: height = 0.05
5.5777 	EXP 	text: height = 0.05
5.5777 	EXP 	text: height = 0.05
5.5777 	EXP 	text: text = 'button_2'
5.5777 	EXP 	text: height = 0.05
5.5777 	EXP 	text: height = 0.05
5.5777 	EXP 	text: height = 0.05
5.5777 	EXP 	text: text = 'button_3'
5.5858 	EXP 	text: height = 0.05
5.5858 	EXP 	text: height = 0.05
5.5858 	EXP 	text: height = 0.05
5.5858 	EXP 	text: text = 'button_1'
5.5858 	EXP 	text: height = 0.05
5.5858 	EXP 	text: height = 0.05
5.5858 	EXP 	text: height = 0.05
5.5858 	EXP 	text: text = 'button_2'
5.5858 	EXP 	text: height = 0.05
5.5858 	EXP 	text: height = 0.05
5.5858 	EXP 	text: height = 0.05
5.5858 	EXP 	text: text = 'button_3'
5.5939 	EXP 	text: height = 0.05
5.5939 	EXP 	text: height = 0.05
5.5939 	EXP 	text: height = 0.05
5.5939 	EXP 	text: text = 'button_1'
5.5939 	EXP 	text: height = 0.05
5.5939 	EXP 	text: height = 0.05
5.5939 	EXP 	text: height = 0.05
5.5939 	EXP 	text: text = 'button_2'
5.5939 	EXP 	text: height = 0.05
5.5939 	EXP 	text: height = 0.05
5.5939 	EXP 	text: height = 0.05
5.5939 	EXP 	text: text = 'button_3'
5.6015 	EXP 	text: height = 0.05
5.6015 	EXP 	text: height = 0.05
5.6015 	EXP 	text: height = 0.05
5.6015 	EXP 	text: text = 'button_1'
5.6015 	EXP 	text: height = 0.05
5.6015 	EXP 	text: height = 0.05
5.6015 	EXP 	text: height = 0.05
5.6015 	EXP 	text: text = 'button_2'
5.6015 	EXP 	text: height = 0.05
5.6015 	EXP 	text: height = 0.05
5.6015 	EXP 	text: height = 0.05
5.6015 	EXP 	text: text = 'button_3'
5.6093 	EXP 	text: height = 0.05
5.6093 	EXP 	text: height = 0.05
5.6093 	EXP 	text: height = 0.05
5.6093 	EXP 	text: text = 'button_1'
5.6093 	EXP 	text: height = 0.05
5.6093 	EXP 	text: height = 0.05
5.6093 	EXP 	text: height = 0.05
5.6093 	EXP 	text: text = 'button_2'
5.6093 	EXP 	text: height = 0.05
5.6093 	EXP 	text: height = 0.05
5.6093 	EXP 	text: height = 0.05
5.6093 	EXP 	text: text = 'button_3'
5.6172 	EXP 	text: height = 0.05
5.6172 	EXP 	text: height = 0.05
5.6172 	EXP 	text: height = 0.05
5.6172 	EXP 	text: text = 'button_1'
5.6172 	EXP 	text: height = 0.05
5.6172 	EXP 	text: height = 0.05
5.6172 	EXP 	text: height = 0.05
5.6172 	EXP 	text: text = 'button_2'
5.6172 	EXP 	text: height = 0.05
5.6172 	EXP 	text: height = 0.05
5.6172 	EXP 	text: height = 0.05
5.6172 	EXP 	text: text = 'button_3'
5.6250 	EXP 	text: height = 0.05
5.6250 	EXP 	text: height = 0.05
5.6250 	EXP 	text: height = 0.05
5.6250 	EXP 	text: text = 'button_1'
5.6250 	EXP 	text: height = 0.05
5.6250 	EXP 	text: height = 0.05
5.6250 	EXP 	text: height = 0.05
5.6250 	EXP 	text: text = 'button_2'
5.6250 	EXP 	text: height = 0.05
5.6250 	EXP 	text: height = 0.05
5.6250 	EXP 	text: height = 0.05
5.6250 	EXP 	text: text = 'button_3'
5.6329 	EXP 	text: height = 0.05
5.6329 	EXP 	text: height = 0.05
5.6329 	EXP 	text: height = 0.05
5.6329 	EXP 	text: text = 'button_1'
5.6329 	EXP 	text: height = 0.05
5.6329 	EXP 	text: height = 0.05
5.6329 	EXP 	text: height = 0.05
5.6329 	EXP 	text: text = 'button_2'
5.6329 	EXP 	text: height = 0.05
5.6329 	EXP 	text: height = 0.05
5.6329 	EXP 	text: height = 0.05
5.6329 	EXP 	text: text = 'button_3'
5.6406 	EXP 	text: height = 0.05
5.6406 	EXP 	text: height = 0.05
5.6406 	EXP 	text: height = 0.05
5.6406 	EXP 	text: text = 'button_1'
5.6406 	EXP 	text: height = 0.05
5.6406 	EXP 	text: height = 0.05
5.6406 	EXP 	text: height = 0.05
5.6406 	EXP 	text: text = 'button_2'
5.6406 	EXP 	text: height = 0.05
5.6406 	EXP 	text: height = 0.05
5.6406 	EXP 	text: height = 0.05
5.6406 	EXP 	text: text = 'button_3'
5.6485 	EXP 	text: height = 0.05
5.6485 	EXP 	text: height = 0.05
5.6485 	EXP 	text: height = 0.05
5.6485 	EXP 	text: text = 'button_1'
5.6485 	EXP 	text: height = 0.05
5.6485 	EXP 	text: height = 0.05
5.6485 	EXP 	text: height = 0.05
5.6485 	EXP 	text: text = 'button_2'
5.6485 	EXP 	text: height = 0.05
5.6485 	EXP 	text: height = 0.05
5.6485 	EXP 	text: height = 0.05
5.6485 	EXP 	text: text = 'button_3'
5.6563 	EXP 	text: height = 0.05
5.6563 	EXP 	text: height = 0.05
5.6563 	EXP 	text: height = 0.05
5.6563 	EXP 	text: text = 'button_1'
5.6563 	EXP 	text: height = 0.05
5.6563 	EXP 	text: height = 0.05
5.6563 	EXP 	text: height = 0.05
5.6563 	EXP 	text: text = 'button_2'
5.6563 	EXP 	text: height = 0.05
5.6563 	EXP 	text: height = 0.05
5.6563 	EXP 	text: height = 0.05
5.6563 	EXP 	text: text = 'button_3'
5.6637 	EXP 	text: height = 0.05
5.6637 	EXP 	text: height = 0.05
5.6637 	EXP 	text: height = 0.05
5.6637 	EXP 	text: text = 'button_1'
5.6637 	EXP 	text: height = 0.05
5.6637 	EXP 	text: height = 0.05
5.6637 	EXP 	text: height = 0.05
5.6637 	EXP 	text: text = 'button_2'
5.6637 	EXP 	text: height = 0.05
5.6637 	EXP 	text: height = 0.05
5.6637 	EXP 	text: height = 0.05
5.6637 	EXP 	text: text = 'button_3'
5.6713 	EXP 	text: height = 0.05
5.6713 	EXP 	text: height = 0.05
5.6713 	EXP 	text: height = 0.05
5.6713 	EXP 	text: text = 'button_1'
5.6713 	EXP 	text: height = 0.05
5.6713 	EXP 	text: height = 0.05
5.6713 	EXP 	text: height = 0.05
5.6713 	EXP 	text: text = 'button_2'
5.6713 	EXP 	text: height = 0.05
5.6713 	EXP 	text: height = 0.05
5.6713 	EXP 	text: height = 0.05
5.6713 	EXP 	text: text = 'button_3'
5.6791 	EXP 	text: height = 0.05
5.6791 	EXP 	text: height = 0.05
5.6791 	EXP 	text: height = 0.05
5.6791 	EXP 	text: text = 'button_1'
5.6791 	EXP 	text: height = 0.05
5.6791 	EXP 	text: height = 0.05
5.6791 	EXP 	text: height = 0.05
5.6791 	EXP 	text: text = 'button_2'
5.6791 	EXP 	text: height = 0.05
5.6791 	EXP 	text: height = 0.05
5.6791 	EXP 	text: height = 0.05
5.6791 	EXP 	text: text = 'button_3'
5.6868 	EXP 	text: height = 0.05
5.6868 	EXP 	text: height = 0.05
5.6868 	EXP 	text: height = 0.05
5.6868 	EXP 	text: text = 'button_1'
5.6868 	EXP 	text: height = 0.05
5.6868 	EXP 	text: height = 0.05
5.6868 	EXP 	text: height = 0.05
5.6868 	EXP 	text: text = 'button_2'
5.6868 	EXP 	text: height = 0.05
5.6868 	EXP 	text: height = 0.05
5.6868 	EXP 	text: height = 0.05
5.6868 	EXP 	text: text = 'button_3'
5.6943 	EXP 	text: height = 0.05
5.6943 	EXP 	text: height = 0.05
5.6943 	EXP 	text: height = 0.05
5.6943 	EXP 	text: text = 'button_1'
5.6943 	EXP 	text: height = 0.05
5.6943 	EXP 	text: height = 0.05
5.6943 	EXP 	text: height = 0.05
5.6943 	EXP 	text: text = 'button_2'
5.6943 	EXP 	text: height = 0.05
5.6943 	EXP 	text: height = 0.05
5.6943 	EXP 	text: height = 0.05
5.6943 	EXP 	text: text = 'button_3'
5.7020 	EXP 	text: height = 0.05
5.7020 	EXP 	text: height = 0.05
5.7020 	EXP 	text: height = 0.05
5.7020 	EXP 	text: text = 'button_1'
5.7020 	EXP 	text: height = 0.05
5.7020 	EXP 	text: height = 0.05
5.7020 	EXP 	text: height = 0.05
5.7020 	EXP 	text: text = 'button_2'
5.7020 	EXP 	text: height = 0.05
5.7020 	EXP 	text: height = 0.05
5.7020 	EXP 	text: height = 0.05
5.7020 	EXP 	text: text = 'button_3'
5.7095 	EXP 	text: height = 0.05
5.7095 	EXP 	text: height = 0.05
5.7095 	EXP 	text: height = 0.05
5.7095 	EXP 	text: text = 'button_1'
5.7095 	EXP 	text: height = 0.05
5.7095 	EXP 	text: height = 0.05
5.7095 	EXP 	text: height = 0.05
5.7095 	EXP 	text: text = 'button_2'
5.7095 	EXP 	text: height = 0.05
5.7095 	EXP 	text: height = 0.05
5.7095 	EXP 	text: height = 0.05
5.7095 	EXP 	text: text = 'button_3'
5.7170 	EXP 	text: height = 0.05
5.7170 	EXP 	text: height = 0.05
5.7170 	EXP 	text: height = 0.05
5.7170 	EXP 	text: text = 'button_1'
5.7170 	EXP 	text: height = 0.05
5.7170 	EXP 	text: height = 0.05
5.7170 	EXP 	text: height = 0.05
5.7170 	EXP 	text: text = 'button_2'
5.7170 	EXP 	text: height = 0.05
5.7170 	EXP 	text: height = 0.05
5.7170 	EXP 	text: height = 0.05
5.7170 	EXP 	text: text = 'button_3'
5.7246 	EXP 	text: height = 0.05
5.7246 	EXP 	text: height = 0.05
5.7246 	EXP 	text: height = 0.05
5.7246 	EXP 	text: text = 'button_1'
5.7246 	EXP 	text: height = 0.05
5.7246 	EXP 	text: height = 0.05
5.7246 	EXP 	text: height = 0.05
5.7246 	EXP 	text: text = 'button_2'
5.7246 	EXP 	text: height = 0.05
5.7246 	EXP 	text: height = 0.05
5.7246 	EXP 	text: height = 0.05
5.7246 	EXP 	text: text = 'button_3'
5.7316 	DATA 	Mouse: Left button down, pos=(1000,600)
5.7323 	EXP 	text: height = 0.05
5.7323 	EXP 	text: height = 0.05
5.7323 	EXP 	text: height = 0.05
5.7323 	EXP 	text: text = 'button_1'
5.7323 	EXP 	text: height = 0.05
5.7323 	EXP 	text: height = 0.05
5.7323 	EXP 	text: height = 0.05
5.7323 	EXP 	text: text = 'button_2'
5.7323 	EXP 	text: height = 0.05
5.7323 	EXP 	text: height = 0.05
5.7323 	EXP 	text: height = 0.05
5.7323 	EXP 	text: text = 'button_3'
5.7403 	EXP 	text: height = 0.05
5.7403 	EXP 	text: height = 0.05
5.7403 	EXP 	text: height = 0.05
5.7403 	EXP 	text: text = 'button_1'
5.7403 	EXP 	text: height = 0.05
5.7403 	EXP 	text: height = 0.05
5.7403 	EXP 	text: height = 0.05
5.7403 	EXP 	text: text = 'button_2'
5.7403 	EXP 	text: height = 0.05
5.7403 	EXP 	text: height = 0.05
5.7403 	EXP 	text: height = 0.05
5.7403 	EXP 	text: text = 'button_3'
5.7482 	EXP 	text: height = 0.05
5.7482 	EXP 	text: height = 0.05
5.7482 	EXP 	text: height = 0.05
5.7482 	EXP 	text: text = 'button_1'
5.7482 	EXP 	text: height = 0.05
5.7482 	EXP 	text: height = 0.05
5.7482 	EXP 	text: height = 0.05
5.7482 	EXP 	text: text = 'button_2'
5.7482 	EXP 	text: height = 0.05
5.7482 	EXP 	text: height = 0.05
5.7482 	EXP 	text: height = 0.05
5.7482 	EXP 	text: text = 'button_3'
5.7561 	EXP 	text: height = 0.05
5.7561 	EXP 	text: height = 0.05
5.7561 	EXP 	text: height = 0.05
5.7561 	EXP 	text: text = 'button_1'
5.7561 	EXP 	text: height = 0.05
5.7561 	EXP 	text: height = 0.05
5.7561 	EXP 	text: height = 0.05
5.7561 	EXP 	text: text = 'button_2'
5.7561 	EXP 	text: height = 0.05
5.7561 	EXP 	text: height = 0.05
5.7561 	EXP 	text: height = 0.05
5.7561 	EXP 	text: text = 'button_3'
5.7640 	EXP 	text: height = 0.05
5.7640 	EXP 	text: height = 0.05
5.7640 	EXP 	text: height = 0.05
5.7640 	EXP 	text: text = 'button_1'
5.7640 	EXP 	text: height = 0.05
5.7640 	EXP 	text: height = 0.05
5.7640 	EXP 	text: height = 0.05
5.7640 	EXP 	text: text = 'button_2'
5.7640 	EXP 	text: height = 0.05
5.7640 	EXP 	text: height = 0.05
5.7640 	EXP 	text: height = 0.05
5.7640 	EXP 	text: text = 'button_3'
5.7723 	EXP 	text: height = 0.05
5.7723 	EXP 	text: height = 0.05
5.7723 	EXP 	text: height = 0.05
5.7723 	EXP 	text: text = 'button_1'
5.7723 	EXP 	text: height = 0.05
5.7723 	EXP 	text: height = 0.05
5.7723 	EXP 	text: height = 0.05
5.7723 	EXP 	text: text = 'button_2'
5.7723 	EXP 	text: height = 0.05
5.7723 	EXP 	text: height = 0.05
5.7723 	EXP 	text: height = 0.05
5.7723 	EXP 	text: text = 'button_3'
5.7804 	EXP 	text: height = 0.05
5.7804 	EXP 	text: height = 0.05
5.7804 	EXP 	text: height = 0.05
5.7804 	EXP 	text: text = 'button_1'
5.7804 	EXP 	text: height = 0.05
5.7804 	EXP 	text: height = 0.05
5.7804 	EXP 	text: height = 0.05
5.7804 	EXP 	text: text = 'button_2'
5.7804 	EXP 	text: height = 0.05
5.7804 	EXP 	text: height = 0.05
5.7804 	EXP 	text: height = 0.05
5.7804 	EXP 	text: text = 'button_3'
5.7884 	EXP 	text: height = 0.05
5.7884 	EXP 	text: height = 0.05
5.7884 	EXP 	text: height = 0.05
5.7884 	EXP 	text: text = 'button_1'
5.7884 	EXP 	text: height = 0.05
5.7884 	EXP 	text: height = 0.05
5.7884 	EXP 	text: height = 0.05
5.7884 	EXP 	text: text = 'button_2'
5.7884 	EXP 	text: height = 0.05
5.7884 	EXP 	text: height = 0.05
5.7884 	EXP 	text: height = 0.05
5.7884 	EXP 	text: text = 'button_3'
5.7961 	EXP 	text: height = 0.05
5.7961 	EXP 	text: height = 0.05
5.7961 	EXP 	text: height = 0.05
5.7961 	EXP 	text: text = 'button_1'
5.7961 	EXP 	text: height = 0.05
5.7961 	EXP 	text: height = 0.05
5.7961 	EXP 	text: height = 0.05
5.7961 	EXP 	text: text = 'button_2'
5.7961 	EXP 	text: height = 0.05
5.7961 	EXP 	text: height = 0.05
5.7961 	EXP 	text: height = 0.05
5.7961 	EXP 	text: text = 'button_3'
5.8038 	EXP 	text: height = 0.05
5.8038 	EXP 	text: height = 0.05
5.8038 	EXP 	text: height = 0.05
5.8038 	EXP 	text: text = 'button_1'
5.8038 	EXP 	text: height = 0.05
5.8038 	EXP 	text: height = 0.05
5.8038 	EXP 	text: height = 0.05
5.8038 	EXP 	text: text = 'button_2'
5.8038 	EXP 	text: height = 0.05
5.8038 	EXP 	text: height = 0.05
5.8038 	EXP 	text: height = 0.05
5.8038 	EXP 	text: text = 'button_3'
5.8115 	EXP 	text: height = 0.05
5.8115 	EXP 	text: height = 0.05
5.8115 	EXP 	text: height = 0.05
5.8115 	EXP 	text: text = 'button_1'
5.8115 	EXP 	text: height = 0.05
5.8115 	EXP 	text: height = 0.05
5.8115 	EXP 	text: height = 0.05
5.8115 	EXP 	text: text = 'button_2'
5.8115 	EXP 	text: height = 0.05
5.8115 	EXP 	text: height = 0.05
5.8115 	EXP 	text: height = 0.05
5.8115 	EXP 	text: text = 'button_3'
5.8194 	EXP 	text: height = 0.05
5.8194 	EXP 	text: height = 0.05
5.8194 	EXP 	text: height = 0.05
5.8194 	EXP 	text: text = 'button_1'
5.8194 	EXP 	text: height = 0.05
5.8194 	EXP 	text: height = 0.05
5.8194 	EXP 	text: height = 0.05
5.8194 	EXP 	text: text = 'button_2'
5.8194 	EXP 	text: height = 0.05
5.8194 	EXP 	text: height = 0.05
5.8194 	EXP 	text: height = 0.05
5.8194 	EXP 	text: text = 'button_3'
5.8274 	EXP 	text: height = 0.05
5.8274 	EXP 	text: height = 0.05
5.8274 	EXP 	text: height = 0.05
5.8274 	EXP 	text: text = 'button_1'
5.8274 	EXP 	text: height = 0.05
5.8274 	EXP 	text: height = 0.05
5.8274 	EXP 	text: height = 0.05
5.8274 	EXP 	text: text = 'button_2'
5.8274 	EXP 	text: height = 0.05
5.8274 	EXP 	text: height = 0.05
5.8274 	EXP 	text: height = 0.05
5.8274 	EXP 	text: text = 'button_3'
5.8354 	EXP 	text: height = 0.05
5.8354 	EXP 	text: height = 0.05
5.8354 	EXP 	text: height = 0.05
5.8354 	EXP 	text: text = 'button_1'
5.8354 	EXP 	text: height = 0.05
5.8354 	EXP 	text: height = 0.05
5.8354 	EXP 	text: height = 0.05
5.8354 	EXP 	text: text = 'button_2'
5.8354 	EXP 	text: height = 0.05
5.8354 	EXP 	text: height = 0.05
5.8354 	EXP 	text: height = 0.05
5.8354 	EXP 	text: text = 'button_3'
5.8433 	EXP 	text: height = 0.05
5.8433 	EXP 	text: height = 0.05
5.8433 	EXP 	text: height = 0.05
5.8433 	EXP 	text: text = 'button_1'
5.8433 	EXP 	text: height = 0.05
5.8433 	EXP 	text: height = 0.05
5.8433 	EXP 	text: height = 0.05
5.8433 	EXP 	text: text = 'button_2'
5.8433 	EXP 	text: height = 0.05
5.8433 	EXP 	text: height = 0.05
5.8433 	EXP 	text: height = 0.05
5.8433 	EXP 	text: text = 'button_3'
5.8511 	EXP 	text: height = 0.05
5.8511 	EXP 	text: height = 0.05
5.8511 	EXP 	text: height = 0.05
5.8511 	EXP 	text: text = 'button_1'
5.8511 	EXP 	text: height = 0.05
5.8511 	EXP 	text: height = 0.05
5.8511 	EXP 	text: height = 0.05
5.8511 	EXP 	text: text = 'button_2'
5.8511 	EXP 	text: height = 0.05
5.8511 	EXP 	text: height = 0.05
5.8511 	EXP 	text: height = 0.05
5.8511 	EXP 	text: text = 'button_3'
5.8582 	DATA 	Mouse:  Left button up, pos=(1000,600)
5.8589 	EXP 	text: height = 0.05
5.8589 	EXP 	text: height = 0.05
5.8589 	EXP 	text: height = 0.05
5.8589 	EXP 	text: text = 'button_1'
5.8589 	EXP 	text: height = 0.05
5.8589 	EXP 	text: height = 0.05
5.8589 	EXP 	text: height = 0.05
5.8589 	EXP 	text: text = 'button_2'
5.8589 	EXP 	text: height = 0.05
5.8589 	EXP 	text: height = 0.05
5.8589 	EXP 	text: height = 0.05
5.8589 	EXP 	text: text = 'button_3'
5.8666 	EXP 	text: height = 0.05
5.8666 	EXP 	text: height = 0.05
5.8666 	EXP 	text: height = 0.05
5.8666 	EXP 	text: text = 'button_1'
5.8666 	EXP 	text: height = 0.05
5.8666 	EXP 	text: height = 0.05
5.8666 	EXP 	text: height = 0.05
5.8666 	EXP 	text: text = 'button_2'
5.8666 	EXP 	text: height = 0.05
5.8666 	EXP 	text: height = 0.05
5.8666 	EXP 	text: height = 0.05
5.8666 	EXP 	text: text = 'button_3'
5.8740 	EXP 	text: height = 0.05
5.8740 	EXP 	text: height = 0.05
5.8740 	EXP 	text: height = 0.05
5.8740 	EXP 	text: text = 'button_1'
5.8740 	EXP 	text: height = 0.05
5.8740 	EXP 	text: height = 0.05
5.8740 	EXP 	text: height = 0.05
5.8740 	EXP 	text: text = 'button_2'
5.8740 	EXP 	text: height = 0.05
5.8740 	EXP 	text: height = 0.05
5.8740 	EXP 	text: height = 0.05
5.8740 	EXP 	text: text = 'button_3'
5.8815 	EXP 	text: height = 0.05
5.8815 	EXP 	text: height = 0.05
5.8815 	EXP 	text: height = 0.05
5.8815 	EXP 	text: text = 'button_1'
5.8815 	EXP 	text: height = 0.05
5.8815 	EXP 	text: height = 0.05
5.8815 	EXP 	text: height = 0.05
5.8815 	EXP 	text: text = 'button_2'
5.8815 	EXP 	text: height = 0.05
5.8815 	EXP 	text: height = 0.05
5.8815 	EXP 	text: height = 0.05
5.8815 	EXP 	text: text = 'button_3'
5.8889 	EXP 	text: height = 0.05
5.8889 	EXP 	text: height = 0.05
5.8889 	EXP 	text: height = 0.05
5.8889 	EXP 	text: text = 'button_1'
5.8889 	EXP 	text: height = 0.05
5.8889 	EXP 	text: height = 0.05
5.8889 	EXP 	text: height = 0.05
5.8889 	EXP 	text: text = 'button_2'
5.8889 	EXP 	text: height = 0.05
5.8889 	EXP 	text: height = 0.05
5.8889 	EXP 	text: height = 0.05
5.8889 	EXP 	text: text = 'button_3'
5.8967 	EXP 	text: height = 0.05
5.8967 	EXP 	text: height = 0.05
5.8967 	EXP 	text: height = 0.05
5.8967 	EXP 	text: text = 'button_1'
5.8967 	EXP 	text: height = 0.05
5.8967 	EXP 	text: height = 0.05
5.8967 	EXP 	text: height = 0.05
5.8967 	EXP 	text: text = 'button_2'
5.8967 	EXP 	text: height = 0.05
5.8967 	EXP 	text: height = 0.05
5.8967 	EXP 	text: height = 0.05
5.8967 	EXP 	text: text = 'button_3'
5.9047 	EXP 	text: height = 0.05
5.9047 	EXP 	text: height = 0.05
5.9047 	EXP 	text: height = 0.05
5.9047 	EXP 	text: text = 'button_1'
5.9047 	EXP 	text: height = 0.05
5.9047 	EXP 	text: height = 0.05
5.9047 	EXP 	text: height = 0.05
5.9047 	EXP 	text: text = 'button_2'
5.9047 	EXP 	text: height = 0.05
5.9047 	EXP 	text: height = 0.05
5.9047 	EXP 	text: height = 0.05
5.9047 	EXP 	text: text = 'button_3'
5.9122 	EXP 	text: height = 0.05
5.9122 	EXP 	text: height = 0.05
5.9122 	EXP 	text: height = 0.05
5.9122 	EXP 	text: text = 'button_1'
5.9122 	EXP 	text: height = 0.05
5.9122 	EXP 	text: height = 0.05
5.9122 	EXP 	text: height = 0.05
5.9122 	EXP 	text: text = 'button_2'
5.9122 	EXP 	text: height = 0.05
5.9122 	EXP 	text: height = 0.05
5.9122 	EXP 	text: height = 0.05
5.9122 	EXP 	text: text = 'button_3'
5.9200 	EXP 	text: height = 0.05
5.9200 	EXP 	text: height = 0.05
5.9200 	EXP 	text: height = 0.05
5.9200 	EXP 	text: text = 'button_1'
5.9200 	EXP 	text: height = 0.05
5.9200 	EXP 	text: height = 0.05
5.9200 	EXP 	text: height = 0.05
5.9200 	EXP 	text: text = 'button_2'
5.9200 	EXP 	text: height = 0.05
5.9200 	EXP 	text: height = 0.05
5.9200 	EXP 	text: height = 0.05
5.9200 	EXP 	text: text = 'button_3'
5.9276 	EXP 	text: height = 0.05
5.9276 	EXP 	text: height = 0.05
5.9276 	EXP 	text: height = 0.05
5.9276 	EXP 	text: text = 'button_1'
5.9276 	EXP 	text: height = 0.05
5.9276 	EXP 	text: height = 0.05
5.9276 	EXP 	text: height = 0.05
5.9276 	EXP 	text: text = 'button_2'
5.9276 	EXP 	text: height = 0.05
5.9276 	EXP 	text: height = 0.05
5.9276 	EXP 	text: height = 0.05
5.9276 	EXP 	text: text = 'button_3'
5.9352 	EXP 	text: height = 0.05
5.9352 	EXP 	text: height = 0.05
5.9352 	EXP 	text: height = 0.05
5.9352 	EXP 	text: text = 'button_1'
5.9352 	EXP 	text: height = 0.05
5.9352 	EXP 	text: height = 0.05
5.9352 	EXP 	text: height = 0.05
5.9352 	EXP 	text: text = 'button_2'
5.9352 	EXP 	text: height = 0.05
5.9352 	EXP 	text: height = 0.05
5.9352 	EXP 	text: height = 0.05
5.9352 	EXP 	text: text = 'button_3'
5.9426 	EXP 	text: height = 0.05
5.9426 	EXP 	text: height = 0.05
5.9426 	EXP 	text: height = 0.05
5.9426 	EXP 	text: text = 'button_1'
5.9426 	EXP 	text: height = 0.05
5.9426 	EXP 	text: height = 0.05
5.9426 	EXP 	text: height = 0.05
5.9426 	EXP 	text: text = 'button_2'
5.9426 	EXP 	text: height = 0.05
5.9426 	EXP 	text: height = 0.05
5.9426 	EXP 	text: height = 0.05
5.9426 	EXP 	text: text = 'button_3'
5.9504 	EXP 	text: height = 0.05
5.9504 	EXP 	text: height = 0.05
5.9504 	EXP 	text: height = 0.05
5.9504 	EXP 	text: text = 'button_1'
5.9504 	EXP 	text: height = 0.05
5.9504 	EXP 	text: height = 0.05
5.9504 	EXP 	text: height = 0.05
5.9504 	EXP 	text: text = 'button_2'
5.9504 	EXP 	text: height = 0.05
5.9504 	EXP 	text: height = 0.05
5.9504 	EXP 	text: height = 0.05
5.9504 	EXP 	text: text = 'button_3'
5.9597 	EXP 	text: height = 0.05
5.9597 	EXP 	text: height = 0.05
5.9597 	EXP 	text: height = 0.05
5.9597 	EXP 	text: text = 'button_1'
5.9597 	EXP 	text: height = 0.05
5.9597 	EXP 	text: height = 0.05
5.9597 	EXP 	text: height = 0.05
5.9597 	EXP 	text: text = 'button_2'
5.9597 	EXP 	text: height = 0.05
5.9597 	EXP 	text: height = 0.05
5.9597 	EXP 	text: height = 0.05
5.9597 	EXP 	text: text = 'button_3'
5.9678 	EXP 	text: height = 0.05
5.9678 	EXP 	text: height = 0.05
5.9678 	EXP 	text: height = 0.05
5.9678 	EXP 	text: text = 'button_1'
5.9678 	EXP 	text: height = 0.05
5.9678 	EXP 	text: height = 0.05
5.9678 	EXP 	text: height = 0.05
5.9678 	EXP 	text: text = 'button_2'
5.9678 	EXP 	text: height = 0.05
5.9678 	EXP 	text: height = 0.05
5.9678 	EXP 	text: height = 0.05
5.9678 	EXP 	text: text = 'button_3'
5.9753 	EXP 	text: height = 0.05
5.9753 	EXP 	text: height = 0.05
5.9753 	EXP 	text: height = 0.05
5.9753 	EXP 	text: text = 'button_1'
5.9753 	EXP 	text: height = 0.05
5.9753 	EXP 	text: height = 0.05
5.9753 	EXP 	text: height = 0.05
5.9753 	EXP 	text: text = 'button_2'
5.9753 	EXP 	text: height = 0.05
5.9753 	EXP 	text: height = 0.05
5.9753 	EXP 	text: height = 0.05
5.9753 	EXP 	text: text = 'button_3'
5.9829 	EXP 	text: height = 0.05
5.9829 	EXP 	text: height = 0.05
5.9829 	EXP 	text: height = 0.05
5.9829 	EXP 	text: text = 'button_1'
5.9829 	EXP 	text: height = 0.05
5.9829 	EXP 	text: height = 0.05
5.9829 	EXP 	text: height = 0.05
5.9829 	EXP 	text: text = 'button_2'
5.9829 	EXP 	text: height = 0.05
5.9829 	EXP 	text: height = 0.05
5.9829 	EXP 	text: height = 0.05
5.9829 	EXP 	text: text = 'button_3'
5.9910 	EXP 	text: height = 0.05
5.9910 	EXP 	text: height = 0.05
5.9910 	EXP 	text: height = 0.05
5.9910 	EXP 	text: text = 'button_1'
5.9910 	EXP 	text: height = 0.05
5.9910 	EXP 	text: height = 0.05
5.9910 	EXP 	text: height = 0.05
5.9910 	EXP 	text: text = 'button_2'
5.9910 	EXP 	text: height = 0.05
5.9910 	EXP 	text: height = 0.05
5.9910 	EXP 	text: height = 0.05
5.9910 	EXP 	text: text = 'button_3'
5.9984 	EXP 	text: height = 0.05
5.9984 	EXP 	text: height = 0.05
5.9984 	EXP 	text: height = 0.05
5.9984 	EXP 	text: text = 'button_1'
5.9984 	EXP 	text: height = 0.05
5.9984 	EXP 	text: height = 0.05
5.9984 	EXP 	text: height = 0.05
5.9984 	EXP 	text: text = 'button_2'
5.9984 	EXP 	text: height = 0.05
5.9984 	EXP 	text: height = 0.05
5.9984 	EXP 	text: height = 0.05
5.9984 	EXP 	text: text = 'button_3'
6.0068 	EXP 	text: height = 0.05
6.0068 	EXP 	text: height = 0.05
6.0068 	EXP 	text: height = 0.05
6.0068 	EXP 	text: text = 'button_1'
6.0068 	EXP 	text: height = 0.05
6.0068 	EXP 	text: height = 0.05
6.0068 	EXP 	text: height = 0.05
6.0068 	EXP 	text: text = 'button_2'
6.0068 	EXP 	text: height = 0.05
6.0068 	EXP 	text: height = 0.05
6.0068 	EXP 	text: height = 0.05
6.0068 	EXP 	text: text = 'button_3'
6.0145 	EXP 	text: height = 0.05
6.0145 	EXP 	text: height = 0.05
6.0145 	EXP 	text: height = 0.05
6.0145 	EXP 	text: text = 'button_1'
6.0145 	EXP 	text: height = 0.05
6.0145 	EXP 	text: height = 0.05
6.0145 	EXP 	text: height = 0.05
6.0145 	EXP 	text: text = 'button_2'
6.0145 	EXP 	text: height = 0.05
6.0145 	EXP 	text: height = 0.05
6.0145 	EXP 	text: height = 0.05
6.0145 	EXP 	text: text = 'button_3'
6.0222 	EXP 	text: height = 0.05
6.0222 	EXP 	text: height = 0.05
6.0222 	EXP 	text: height = 0.05
6.0222 	EXP 	text: text = 'button_1'
6.0222 	EXP 	text: height = 0.05
6.0222 	EXP 	text: height = 0.05
6.0222 	EXP 	text: height = 0.05
6.0222 	EXP 	text: text = 'button_2'
6.0222 	EXP 	text: height = 0.05
6.0222 	EXP 	text: height = 0.05
6.0222 	EXP 	text: height = 0.05
6.0222 	EXP 	text: text = 'button_3'
6.0295 	EXP 	text: height = 0.05
6.0295 	EXP 	text: height = 0.05
6.0295 	EXP 	text: height = 0.05
6.0295 	EXP 	text: text = 'button_1'
6.0295 	EXP 	text: height = 0.05
6.0295 	EXP 	text: height = 0.05
6.0295 	EXP 	text: height = 0.05
6.0295 	EXP 	text: text = 'button_2'
6.0295 	EXP 	text: height = 0.05
6.0295 	EXP 	text: height = 0.05
6.0295 	EXP 	text: height = 0.05
6.0295 	EXP 	text: text = 'button_3'
6.0370 	EXP 	text: height = 0.05
6.0370 	EXP 	text: height = 0.05
6.0370 	EXP 	text: height = 0.05
6.0370 	EXP 	text: text = 'button_1'
6.0370 	EXP 	text: height = 0.05
6.0370 	EXP 	text: height = 0.05
6.0370 	EXP 	text: height = 0.05
6.0370 	EXP 	text: text = 'button_2'
6.0370 	EXP 	text: height = 0.05
6.0370 	EXP 	text: height = 0.05
6.0370 	EXP 	text: height = 0.05
6.0370 	EXP 	text: text = 'button_3'
6.0444 	EXP 	text: height = 0.05
6.0444 	EXP 	text: height = 0.05
6.0444 	EXP 	text: height = 0.05
6.0444 	EXP 	text: text = 'button_1'
6.0444 	EXP 	text: height = 0.05
6.0444 	EXP 	text: height = 0.05
6.0444 	EXP 	text: height = 0.05
6.0444 	EXP 	text: text = 'button_2'
6.0444 	EXP 	text: height = 0.05
6.0444 	EXP 	text: height = 0.05
6.0444 	EXP 	text: height = 0.05
6.0444 	EXP 	text: text = 'button_3'
6.0547 	EXP 	text: height = 0.05
6.0547 	EXP 	text: height = 0.05
6.0547 	EXP 	text: height = 0.05
6.0547 	EXP 	text: text = 'button_1'
6.0547 	EXP 	text: height = 0.05
6.0547 	EXP 	text: height = 0.05
6.0547 	EXP 	text: height = 0.05
6.0547 	EXP 	text: text = 'button_2'
6.0547 	EXP 	text: height = 0.05
6.0547 	EXP 	text: height = 0.05
6.0547 	EXP 	text: height = 0.05
6.0547 	EXP 	text: text = 'button_3'
6.0633 	EXP 	text: height = 0.05
6.0633 	EXP 	text: height = 0.05
6.0633 	EXP 	text: height = 0.05
6.0633 	EXP 	text: text = 'button_1'
6.0633 	EXP 	text: height = 0.05
6.0633 	EXP 	text: height = 0.05
6.0633 	EXP 	text: height = 0.05
6.0633 	EXP 	text: text = 'button_2'
6.0633 	EXP 	text: height = 0.05
6.0633 	EXP 	text: height = 0.05
6.0633 	EXP 	text: height = 0.05
6.0633 	EXP 	text: text = 'button_3'
6.0705 	EXP 	text: height = 0.05
6.0705 	EXP 	text: height = 0.05
6.0705 	EXP 	text: height = 0.05
6.0705 	EXP 	text: text = 'button_1'
6.0705 	EXP 	text: height = 0.05
6.0705 	EXP 	text: height = 0.05
6.0705 	EXP 	text: height = 0.05
6.0705 	EXP 	text: text = 'button_2'
6.0705 	EXP 	text: height = 0.05
6.0705 	EXP 	text: height = 0.05
6.0705 	EXP 	text: height = 0.05
6.0705 	EXP 	text: text = 'button_3'
6.0775 	DATA 	Mouse: Left button down, pos=(556,584)
6.0781 	EXP 	text: height = 0.05
6.0781 	EXP 	text: height = 0.05
6.0781 	EXP 	text: height = 0.05
6.0781 	EXP 	text: text = 'button_1'
6.0781 	EXP 	text: height = 0.05
6.0781 	EXP 	text: height = 0.05
6.0781 	EXP 	text: height = 0.05
6.0781 	EXP 	text: text = 'button_2'
6.0781 	EXP 	text: height = 0.05
6.0781 	EXP 	text: height = 0.05
6.0781 	EXP 	text: height = 0.05
6.0781 	EXP 	text: text = 'button_3'
6.0863 	EXP 	text: height = 0.05
6.0863 	EXP 	text: height = 0.05
6.0863 	EXP 	text: height = 0.05
6.0863 	EXP 	text: text = 'button_1'
6.0863 	EXP 	text: height = 0.05
6.0863 	EXP 	text: height = 0.05
6.0863 	EXP 	text: height = 0.05
6.0863 	EXP 	text: text = 'button_2'
6.0863 	EXP 	text: height = 0.05
6.0863 	EXP 	text: height = 0.05
6.0863 	EXP 	text: height = 0.05
6.0863 	EXP 	text: text = 'button_3'
6.0940 	EXP 	text: height = 0.05
6.0940 	EXP 	text: height = 0.05
6.0940 	EXP 	text: height = 0.05
6.0940 	EXP 	text: text = 'button_1'
6.0940 	EXP 	text: height = 0.05
6.0940 	EXP 	text: height = 0.05
6.0940 	EXP 	text: height = 0.05
6.0940 	EXP 	text: text = 'button_2'
6.0940 	EXP 	text: height = 0.05
6.0940 	EXP 	text: height = 0.05
6.0940 	EXP 	text: height = 0.05
6.0940 	EXP 	text: text = 'button_3'
6.1018 	EXP 	text: height = 0.05
6.1018 	EXP 	text: height = 0.05
6.1018 	EXP 	text: height = 0.05
6.1018 	EXP 	text: text = 'button_1'
6.1018 	EXP 	text: height = 0.05
6.1018 	EXP 	text: height = 0.05
6.1018 	EXP 	text: height = 0.05
6.1018 	EXP 	text: text = 'button_2'
6.1018 	EXP 	text: height = 0.05
6.1018 	EXP 	text: height = 0.05
6.1018 	EXP 	text: height = 0.05
6.1018 	EXP 	text: text = 'button_3'
6.1096 	EXP 	text: height = 0.05
6.1096 	EXP 	text: height = 0.05
6.1096 	EXP 	text: height = 0.05
6.1096 	EXP 	text: text = 'button_1'
6.1096 	EXP 	text: height = 0.05
6.1096 	EXP 	text: height = 0.05
6.1096 	EXP 	text: height = 0.05
6.1096 	EXP 	text: text = 'button_2'
6.1096 	EXP 	text: height = 0.05
6.1096 	EXP 	text: height = 0.05
6.1096 	EXP 	text: height = 0.05
6.1096 	EXP 	text: text = 'button_3'
6.1174 	EXP 	text: height = 0.05
6.1174 	EXP 	text: height = 0.05
6.1174 	EXP 	text: height = 0.05
6.1174 	EXP 	text: text = 'button_1'
6.1174 	EXP 	text: height = 0.05
6.1174 	EXP 	text: height = 0.05
6.1174 	EXP 	text: height = 0.05
6.1174 	EXP 	text: text = 'button_2'
6.1174 	EXP 	text: height = 0.05
6.1174 	EXP 	text: height = 0.05
6.1174 	EXP 	text: height = 0.05
6.1174 	EXP 	text: text = 'button_3'
6.1249 	EXP 	text: height = 0.05
6.1249 	EXP 	text: height = 0.05
6.1249 	EXP 	text: height = 0.05
6.1249 	EXP 	text: text = 'button_1'
6.1249 	EXP 	text: height = 0.05
6.1249 	EXP 	text: height = 0.05
6.1249 	EXP 	text: height = 0.05
6.1249 	EXP 	text: text = 'button_2'
6.1249 	EXP 	text: height = 0.05
6.1249 	EXP 	text: height = 0.05
6.1249 	EXP 	text: height = 0.05
6.1249 	EXP 	text: text = 'button_3'
6.1327 	EXP 	text: height = 0.05
6.1327 	EXP 	text: height = 0.05
6.1327 	EXP 	text: height = 0.05
6.1327 	EXP 	text: text = 'button_1'
6.1327 	EXP 	text: height = 0.05
6.1327 	EXP 	text: height = 0.05
6.1327 	EXP 	text: height = 0.05
6.1327 	EXP 	text: text = 'button_2'
6.1327 	EXP 	text: height = 0.05
6.1327 	EXP 	text: height = 0.05
6.1327 	EXP 	text: height = 0.05
6.1327 	EXP 	text: text = 'button_3'
6.1404 	EXP 	text: height = 0.05
6.1404 	EXP 	text: height = 0.05
6.1404 	EXP 	text: height = 0.05
6.1404 	EXP 	text: text = 'button_1'
6.1404 	EXP 	text: height = 0.05
6.1404 	EXP 	text: height = 0.05
6.1404 	EXP 	text: height = 0.05
6.1404 	EXP 	text: text = 'button_2'
6.1404 	EXP 	text: height = 0.05
6.1404 	EXP 	text: height = 0.05
6.1404 	EXP 	text: height = 0.05
6.1404 	EXP 	text: text = 'button_3'
6.1481 	EXP 	text: height = 0.05
6.1481 	EXP 	text: height = 0.05
6.1481 	EXP 	text: height = 0.05
6.1481 	EXP 	text: text = 'button_1'
6.1481 	EXP 	text: height = 0.05
6.1481 	EXP 	text: height = 0.05
6.1481 	EXP 	text: height = 0.05
6.1481 	EXP 	text: text = 'button_2'
6.1481 	EXP 	text: height = 0.05
6.1481 	EXP 	text: height = 0.05
6.1481 	EXP 	text: height = 0.05
6.1481 	EXP 	text: text = 'button_3'
6.1557 	EXP 	text: height = 0.05
6.1557 	EXP 	text: height = 0.05
6.1557 	EXP 	text: height = 0.05
6.1557 	EXP 	text: text = 'button_1'
6.1557 	EXP 	text: height = 0.05
6.1557 	EXP 	text: height = 0.05
6.1557 	EXP 	text: height = 0.05
6.1557 	EXP 	text: text = 'button_2'
6.1557 	EXP 	text: height = 0.05
6.1557 	EXP 	text: height = 0.05
6.1557 	EXP 	text: height = 0.05
6.1557 	EXP 	text: text = 'button_3'
6.1633 	EXP 	text: height = 0.05
6.1633 	EXP 	text: height = 0.05
6.1633 	EXP 	text: height = 0.05
6.1633 	EXP 	text: text = 'button_1'
6.1633 	EXP 	text: height = 0.05
6.1633 	EXP 	text: height = 0.05
6.1633 	EXP 	text: height = 0.05
6.1633 	EXP 	text: text = 'button_2'
6.1633 	EXP 	text: height = 0.05
6.1633 	EXP 	text: height = 0.05
6.1633 	EXP 	text: height = 0.05
6.1633 	EXP 	text: text = 'button_3'
6.1708 	EXP 	text: height = 0.05
6.1708 	EXP 	text: height = 0.05
6.1708 	EXP 	text: height = 0.05
6.1708 	EXP 	text: text = 'button_1'
6.1708 	EXP 	text: height = 0.05
6.1708 	EXP 	text: height = 0.05
6.1708 	EXP 	text: height = 0.05
6.1708 	EXP 	text: text = 'button_2'
6.1708 	EXP 	text: height = 0.05
6.1708 	EXP 	text: height = 0.05
6.1708 	EXP 	text: height = 0.05
6.1708 	EXP 	text: text = 'button_3'
6.1790 	EXP 	text: height = 0.05
6.1790 	EXP 	text: height = 0.05
6.1790 	EXP 	text: height = 0.05
6.1790 	EXP 	text: text = 'button_1'
6.1790 	EXP 	text: height = 0.05
6.1790 	EXP 	text: height = 0.05
6.1790 	EXP 	text: height = 0.05
6.1790 	EXP 	text: text = 'button_2'
6.1790 	EXP 	text: height = 0.05
6.1790 	EXP 	text: height = 0.05
6.1790 	EXP 	text: height = 0.05
6.1790 	EXP 	text: text = 'button_3'
6.1869 	EXP 	text: height = 0.05
6.1869 	EXP 	text: height = 0.05
6.1869 	EXP 	text: height = 0.05
6.1869 	EXP 	text: text = 'button_1'
6.1869 	EXP 	text: height = 0.05
6.1869 	EXP 	text: height = 0.05
6.1869 	EXP 	text: height = 0.05
6.1869 	EXP 	text: text = 'button_2'
6.1869 	EXP 	text: height = 0.05
6.1869 	EXP 	text: height = 0.05
6.1869 	EXP 	text: height = 0.05
6.1869 	EXP 	text: text = 'button_3'
6.1876 	DATA 	Mouse:  Left button up, pos=(556,584)
6.1948 	EXP 	text: height = 0.05
6.1948 	EXP 	text: height = 0.05
6.1948 	EXP 	text: height = 0.05
6.1948 	EXP 	text: text = 'button_1'
6.1948 	EXP 	text: height = 0.05
6.1948 	EXP 	text: height = 0.05
6.1948 	EXP 	text: height = 0.05
6.1948 	EXP 	text: text = 'button_2'
6.1948 	EXP 	text: height = 0.05
6.1948 	EXP 	text: height = 0.05
6.1948 	EXP 	text: height = 0.05
6.1948 	EXP 	text: text = 'button_3'
6.2023 	EXP 	text: height = 0.05
6.2023 	EXP 	text: height = 0.05
6.2023 	EXP 	text: height = 0.05
6.2023 	EXP 	text: text = 'button_1'
6.2023 	EXP 	text: height = 0.05
6.2023 	EXP 	text: height = 0.05
6.2023 	EXP 	text: height = 0.05
6.2023 	EXP 	text: text = 'button_2'
6.2023 	EXP 	text: height = 0.05
6.2023 	EXP 	text: height = 0.05
6.2023 	EXP 	text: height = 0.05
6.2023 	EXP 	text: text = 'button_3'
6.2098 	EXP 	text: height = 0.05
6.2098 	EXP 	text: height = 0.05
6.2098 	EXP 	text: height = 0.05
6.2098 	EXP 	text: text = 'button_1'
6.2098 	EXP 	text: height = 0.05
6.2098 	EXP 	text: height = 0.05
6.2098 	EXP 	text: height = 0.05
6.2098 	EXP 	text: text = 'button_2'
6.2098 	EXP 	text: height = 0.05
6.2098 	EXP 	text: height = 0.05
6.2098 	EXP 	text: height = 0.05
6.2098 	EXP 	text: text = 'button_3'
6.2175 	EXP 	text: height = 0.05
6.2175 	EXP 	text: height = 0.05
6.2175 	EXP 	text: height = 0.05
6.2175 	EXP 	text: text = 'button_1'
6.2175 	EXP 	text: height = 0.05
6.2175 	EXP 	text: height = 0.05
6.2175 	EXP 	text: height = 0.05
6.2175 	EXP 	text: text = 'button_2'
6.2175 	EXP 	text: height = 0.05
6.2175 	EXP 	text: height = 0.05
6.2175 	EXP 	text: height = 0.05
6.2175 	EXP 	text: text = 'button_3'
6.2247 	EXP 	text: height = 0.05
6.2247 	EXP 	text: height = 0.05
6.2247 	EXP 	text: height = 0.05
6.2247 	EXP 	text: text = 'button_1'
6.2247 	EXP 	text: height = 0.05
6.2247 	EXP 	text: height = 0.05
6.2247 	EXP 	text: height = 0.05
6.2247 	EXP 	text: text = 'button_2'
6.2247 	EXP 	text: height = 0.05
6.2247 	EXP 	text: height = 0.05
6.2247 	EXP 	text: height = 0.05
6.2247 	EXP 	text: text = 'button_3'
6.2320 	EXP 	text: height = 0.05
6.2320 	EXP 	text: height = 0.05
6.2320 	EXP 	text: height = 0.05
6.2320 	EXP 	text: text = 'button_1'
6.2320 	EXP 	text: height = 0.05
6.2320 	EXP 	text: height = 0.05
6.2320 	EXP 	text: height = 0.05
6.2320 	EXP 	text: text = 'button_2'
6.2320 	EXP 	text: height = 0.05
6.2320 	EXP 	text: height = 0.05
6.2320 	EXP 	text: height = 0.05
6.2320 	EXP 	text: text = 'button_3'
6.2401 	EXP 	text: height = 0.05
6.2401 	EXP 	text: height = 0.05
6.2401 	EXP 	text: height = 0.05
6.2401 	EXP 	text: text = 'button_1'
6.2401 	EXP 	text: height = 0.05
6.2401 	EXP 	text: height = 0.05
6.2401 	EXP 	text: height = 0.05
6.2401 	EXP 	text: text = 'button_2'
6.2401 	EXP 	text: height = 0.05
6.2401 	EXP 	text: height = 0.05
6.2401 	EXP 	text: height = 0.05
6.2401 	EXP 	text: text = 'button_3'
6.2478 	EXP 	text: height = 0.05
6.2478 	EXP 	text: height = 0.05
6.2478 	EXP 	text: height = 0.05
6.2478 	EXP 	text: text = 'button_1'
6.2478 	EXP 	text: height = 0.05
6.2478 	EXP 	text: height = 0.05
6.2478 	EXP 	text: height = 0.05
6.2478 	EXP 	text: text = 'button_2'
6.2478 	EXP 	text: height = 0.05
6.2478 	EXP 	text: height = 0.05
6.2478 	EXP 	text: height = 0.05
6.2478 	EXP 	text: text = 'button_3'
6.2552 	EXP 	text: height = 0.05
6.2552 	EXP 	text: height = 0.05
6.2552 	EXP 	text: height = 0.05
6.2552 	EXP 	text: text = 'button_1'
6.2552 	EXP 	text: height = 0.05
6.2552 	EXP 	text: height = 0.05
6.2552 	EXP 	text: height = 0.05
6.2552 	EXP 	text: text = 'button_2'
6.2552 	EXP 	text: height = 0.05
6.2552 	EXP 	text: height = 0.05
6.2552 	EXP 	text: height = 0.05
6.2552 	EXP 	text: text = 'button_3'
6.2627 	EXP 	text: height = 0.05
6.2627 	EXP 	text: height = 0.05
6.2627 	EXP 	text: height = 0.05
6.2627 	EXP 	text: text = 'button_1'
6.2627 	EXP 	text: height = 0.05
6.2627 	EXP 	text: height = 0.05
6.2627 	EXP 	text: height = 0.05
6.2627 	EXP 	text: text = 'button_2'
6.2627 	EXP 	text: height = 0.05
6.2627 	EXP 	text: height = 0.05
6.2627 	EXP 	text: height = 0.05
6.2627 	EXP 	text: text = 'button_3'
6.2719 	EXP 	text: height = 0.05
6.2719 	EXP 	text: height = 0.05
6.2719 	EXP 	text: height = 0.05
6.2719 	EXP 	text: text = 'button_1'
6.2719 	EXP 	text: height = 0.05
6.2719 	EXP 	text: height = 0.05
6.2719 	EXP 	text: height = 0.05
6.2719 	EXP 	text: text = 'button_2'
6.2719 	EXP 	text: height = 0.05
6.2719 	EXP 	text: height = 0.05
6.2719 	EXP 	text: height = 0.05
6.2719 	EXP 	text: text = 'button_3'
6.2800 	EXP 	text: height = 0.05
6.2800 	EXP 	text: height = 0.05
6.2800 	EXP 	text: height = 0.05
6.2800 	EXP 	text: text = 'button_1'
6.2800 	EXP 	text: height = 0.05
6.2800 	EXP 	text: height = 0.05
6.2800 	EXP 	text: height = 0.05
6.2800 	EXP 	text: text = 'button_2'
6.2800 	EXP 	text: height = 0.05
6.2800 	EXP 	text: height = 0.05
6.2800 	EXP 	text: height = 0.05
6.2800 	EXP 	text: text = 'button_3'
6.2874 	EXP 	text: height = 0.05
6.2874 	EXP 	text: height = 0.05
6.2874 	EXP 	text: height = 0.05
6.2874 	EXP 	text: text = 'button_1'
6.2874 	EXP 	text: height = 0.05
6.2874 	EXP 	text: height = 0.05
6.2874 	EXP 	text: height = 0.05
6.2874 	EXP 	text: text = 'button_2'
6.2874 	EXP 	text: height = 0.05
6.2874 	EXP 	text: height = 0.05
6.2874 	EXP 	text: height = 0.05
6.2874 	EXP 	text: text = 'button_3'
6.2947 	EXP 	text: height = 0.05
6.2947 	EXP 	text: height = 0.05
6.2947 	EXP 	text: height = 0.05
6.2947 	EXP 	text: text = 'button_1'
6.2947 	EXP 	text: height = 0.05
6.2947 	EXP 	text: height = 0.05
6.2947 	EXP 	text: height = 0.05
6.2947 	EXP 	text: text = 'button_2'
6.2947 	EXP 	text: height = 0.05
6.2947 	EXP 	text: height = 0.05
6.2947 	EXP 	text: height = 0.05
6.2947 	EXP 	text: text = 'button_3'
6.3030 	EXP 	text: height = 0.05
6.3030 	EXP 	text: height = 0.05
6.3030 	EXP 	text: height = 0.05
6.3030 	EXP 	text: text = 'button_1'
6.3030 	EXP 	text: height = 0.05
6.3030 	EXP 	text: height = 0.05
6.3030 	EXP 	text: height = 0.05
6.3030 	EXP 	text: text = 'button_2'
6.3030 	EXP 	text: height = 0.05
6.3030 	EXP 	text: height = 0.05
6.3030 	EXP 	text: height = 0.05
6.3030 	EXP 	text: text = 'button_3'
6.3108 	EXP 	text: height = 0.05
6.3108 	EXP 	text: height = 0.05
6.3108 	EXP 	text: height = 0.05
6.3108 	EXP 	text: text = 'button_1'
6.3108 	EXP 	text: height = 0.05
6.3108 	EXP 	text: height = 0.05
6.3108 	EXP 	text: height = 0.05
6.3108 	EXP 	text: text = 'button_2'
6.3108 	EXP 	text: height = 0.05
6.3108 	EXP 	text: height = 0.05
6.3108 	EXP 	text: height = 0.05
6.3108 	EXP 	text: text = 'button_3'
6.3183 	EXP 	text: height = 0.05
6.3183 	EXP 	text: height = 0.05
6.3183 	EXP 	text: height = 0.05
6.3183 	EXP 	text: text = 'button_1'
6.3183 	EXP 	text: height = 0.05
6.3183 	EXP 	text: height = 0.05
6.3183 	EXP 	text: height = 0.05
6.3183 	EXP 	text: text = 'button_2'
6.3183 	EXP 	text: height = 0.05
6.3183 	EXP 	text: height = 0.05
6.3183 	EXP 	text: height = 0.05
6.3183 	EXP 	text: text = 'button_3'
6.3256 	EXP 	text: height = 0.05
6.3256 	EXP 	text: height = 0.05
6.3256 	EXP 	text: height = 0.05
6.3256 	EXP 	text: text = 'button_1'
6.3256 	EXP 	text: height = 0.05
6.3256 	EXP 	text: height = 0.05
6.3256 	EXP 	text: height = 0.05
6.3256 	EXP 	text: text = 'button_2'
6.3256 	EXP 	text: height = 0.05
6.3256 	EXP 	text: height = 0.05
6.3256 	EXP 	text: height = 0.05
6.3256 	EXP 	text: text = 'button_3'
6.3350 	EXP 	text: height = 0.05
6.3350 	EXP 	text: height = 0.05
6.3350 	EXP 	text: height = 0.05
6.3350 	EXP 	text: text = 'button_1'
6.3350 	EXP 	text: height = 0.05
6.3350 	EXP 	text: height = 0.05
6.3350 	EXP 	text: height = 0.05
6.3350 	EXP 	text: text = 'button_2'
6.3350 	EXP 	text: height = 0.05
6.3350 	EXP 	text: height = 0.05
6.3350 	EXP 	text: height = 0.05
6.3350 	EXP 	text: text = 'button_3'
6.3433 	EXP 	text: height = 0.05
6.3433 	EXP 	text: height = 0.05
6.3433 	EXP 	text: height = 0.05
6.3433 	EXP 	text: text = 'button_1'
6.3433 	EXP 	text: height = 0.05
6.3433 	EXP 	text: height = 0.05
6.3433 	EXP 	text: height = 0.05
6.3433 	EXP 	text: text = 'button_2'
6.3433 	EXP 	text: height = 0.05
6.3433 	EXP 	text: height = 0.05
6.3433 	EXP 	text: height = 0.05
6.3433 	EXP 	text: text = 'button_3'
6.3507 	EXP 	text: height = 0.05
6.3507 	EXP 	text: height = 0.05
6.3507 	EXP 	text: height = 0.05
6.3507 	EXP 	text: text = 'button_1'
6.3507 	EXP 	text: height = 0.05
6.3507 	EXP 	text: height = 0.05
6.3507 	EXP 	text: height = 0.05
6.3507 	EXP 	text: text = 'button_2'
6.3507 	EXP 	text: height = 0.05
6.3507 	EXP 	text: height = 0.05
6.3507 	EXP 	text: height = 0.05
6.3507 	EXP 	text: text = 'button_3'
6.3580 	EXP 	text: height = 0.05
6.3580 	EXP 	text: height = 0.05
6.3580 	EXP 	text: height = 0.05
6.3580 	EXP 	text: text = 'button_1'
6.3580 	EXP 	text: height = 0.05
6.3580 	EXP 	text: height = 0.05
6.3580 	EXP 	text: height = 0.05
6.3580 	EXP 	text: text = 'button_2'
6.3580 	EXP 	text: height = 0.05
6.3580 	EXP 	text: height = 0.05
6.3580 	EXP 	text: height = 0.05
6.3580 	EXP 	text: text = 'button_3'
6.3672 	EXP 	text: height = 0.05
6.3672 	EXP 	text: height = 0.05
6.3672 	EXP 	text: height = 0.05
6.3672 	EXP 	text: text = 'button_1'
6.3672 	EXP 	text: height = 0.05
6.3672 	EXP 	text: height = 0.05
6.3672 	EXP 	text: height = 0.05
6.3672 	EXP 	text: text = 'button_2'
6.3672 	EXP 	text: height = 0.05
6.3672 	EXP 	text: height = 0.05
6.3672 	EXP 	text: height = 0.05
6.3672 	EXP 	text: text = 'button_3'
6.3752 	EXP 	text: height = 0.05
6.3752 	EXP 	text: height = 0.05
6.3752 	EXP 	text: height = 0.05
6.3752 	EXP 	text: text = 'button_1'
6.3752 	EXP 	text: height = 0.05
6.3752 	EXP 	text: height = 0.05
6.3752 	EXP 	text: height = 0.05
6.3752 	EXP 	text: text = 'button_2'
6.3752 	EXP 	text: height = 0.05
6.3752 	EXP 	text: height = 0.05
6.3752 	EXP 	text: height = 0.05
6.3752 	EXP 	text: text = 'button_3'
6.3827 	EXP 	text: height = 0.05
6.3827 	EXP 	text: height = 0.05
6.3827 	EXP 	text: height = 0.05
6.3827 	EXP 	text: text = 'button_1'
6.3827 	EXP 	text: height = 0.05
6.3827 	EXP 	text: height = 0.05
6.3827 	EXP 	text: height = 0.05
6.3827 	EXP 	text: text = 'button_2'
6.3827 	EXP 	text: height = 0.05
6.3827 	EXP 	text: height = 0.05
6.3827 	EXP 	text: height = 0.05
6.3827 	EXP 	text: text = 'button_3'
6.3900 	EXP 	text: height = 0.05
6.3900 	EXP 	text: height = 0.05
6.3900 	EXP 	text: height = 0.05
6.3900 	EXP 	text: text = 'button_1'
6.3900 	EXP 	text: height = 0.05
6.3900 	EXP 	text: height = 0.05
6.3900 	EXP 	text: height = 0.05
6.3900 	EXP 	text: text = 'button_2'
6.3900 	EXP 	text: height = 0.05
6.3900 	EXP 	text: height = 0.05
6.3900 	EXP 	text: height = 0.05
6.3900 	EXP 	text: text = 'button_3'
6.3976 	EXP 	text: height = 0.05
6.3976 	EXP 	text: height = 0.05
6.3976 	EXP 	text: height = 0.05
6.3976 	EXP 	text: text = 'button_1'
6.3976 	EXP 	text: height = 0.05
6.3976 	EXP 	text: height = 0.05
6.3976 	EXP 	text: height = 0.05
6.3976 	EXP 	text: text = 'button_2'
6.3976 	EXP 	text: height = 0.05
6.3976 	EXP 	text: height = 0.05
6.3976 	EXP 	text: height = 0.05
6.3976 	EXP 	text: text = 'button_3'
6.4054 	EXP 	text: height = 0.05
6.4054 	EXP 	text: height = 0.05
6.4054 	EXP 	text: height = 0.05
6.4054 	EXP 	text: text = 'button_1'
6.4054 	EXP 	text: height = 0.05
6.4054 	EXP 	text: height = 0.05
6.4054 	EXP 	text: height = 0.05
6.4054 	EXP 	text: text = 'button_2'
6.4054 	EXP 	text: height = 0.05
6.4054 	EXP 	text: height = 0.05
6.4054 	EXP 	text: height = 0.05
6.4054 	EXP 	text: text = 'button_3'
6.4129 	EXP 	text: height = 0.05
6.4129 	EXP 	text: height = 0.05
6.4129 	EXP 	text: height = 0.05
6.4129 	EXP 	text: text = 'button_1'
6.4129 	EXP 	text: height = 0.05
6.4129 	EXP 	text: height = 0.05
6.4129 	EXP 	text: height = 0.05
6.4129 	EXP 	text: text = 'button_2'
6.4129 	EXP 	text: height = 0.05
6.4129 	EXP 	text: height = 0.05
6.4129 	EXP 	text: height = 0.05
6.4129 	EXP 	text: text = 'button_3'
6.4201 	EXP 	text: height = 0.05
6.4201 	EXP 	text: height = 0.05
6.4201 	EXP 	text: height = 0.05
6.4201 	EXP 	text: text = 'button_1'
6.4201 	EXP 	text: height = 0.05
6.4201 	EXP 	text: height = 0.05
6.4201 	EXP 	text: height = 0.05
6.4201 	EXP 	text: text = 'button_2'
6.4201 	EXP 	text: height = 0.05
6.4201 	EXP 	text: height = 0.05
6.4201 	EXP 	text: height = 0.05
6.4201 	EXP 	text: text = 'button_3'
6.4287 	EXP 	text: height = 0.05
6.4287 	EXP 	text: height = 0.05
6.4287 	EXP 	text: height = 0.05
6.4287 	EXP 	text: text = 'button_1'
6.4287 	EXP 	text: height = 0.05
6.4287 	EXP 	text: height = 0.05
6.4287 	EXP 	text: height = 0.05
6.4287 	EXP 	text: text = 'button_2'
6.4287 	EXP 	text: height = 0.05
6.4287 	EXP 	text: height = 0.05
6.4287 	EXP 	text: height = 0.05
6.4287 	EXP 	text: text = 'button_3'
6.4368 	EXP 	text: height = 0.05
6.4368 	EXP 	text: height = 0.05
6.4368 	EXP 	text: height = 0.05
6.4368 	EXP 	text: text = 'button_1'
6.4368 	EXP 	text: height = 0.05
6.4368 	EXP 	text: height = 0.05
6.4368 	EXP 	text: height = 0.05
6.4368 	EXP 	text: text = 'button_2'
6.4368 	EXP 	text: height = 0.05
6.4368 	EXP 	text: height = 0.05
6.4368 	EXP 	text: height = 0.05
6.4368 	EXP 	text: text = 'button_3'
6.4445 	EXP 	text: height = 0.05
6.4445 	EXP 	text: height = 0.05
6.4445 	EXP 	text: height = 0.05
6.4445 	EXP 	text: text = 'button_1'
6.4445 	EXP 	text: height = 0.05
6.4445 	EXP 	text: height = 0.05
6.4445 	EXP 	text: height = 0.05
6.4445 	EXP 	text: text = 'button_2'
6.4445 	EXP 	text: height = 0.05
6.4445 	EXP 	text: height = 0.05
6.4445 	EXP 	text: height = 0.05
6.4445 	EXP 	text: text = 'button_3'
6.4522 	EXP 	text: height = 0.05
6.4522 	EXP 	text: height = 0.05
6.4522 	EXP 	text: height = 0.05
6.4522 	EXP 	text: text = 'button_1'
6.4522 	EXP 	text: height = 0.05
6.4522 	EXP 	text: height = 0.05
6.4522 	EXP 	text: height = 0.05
6.4522 	EXP 	text: text = 'button_2'
6.4522 	EXP 	text: height = 0.05
6.4522 	EXP 	text: height = 0.05
6.4522 	EXP 	text: height = 0.05
6.4522 	EXP 	text: text = 'button_3'
6.4597 	EXP 	text: height = 0.05
6.4597 	EXP 	text: height = 0.05
6.4597 	EXP 	text: height = 0.05
6.4597 	EXP 	text: text = 'button_1'
6.4597 	EXP 	text: height = 0.05
6.4597 	EXP 	text: height = 0.05
6.4597 	EXP 	text: height = 0.05
6.4597 	EXP 	text: text = 'button_2'
6.4597 	EXP 	text: height = 0.05
6.4597 	EXP 	text: height = 0.05
6.4597 	EXP 	text: height = 0.05
6.4597 	EXP 	text: text = 'button_3'
6.4671 	EXP 	text: height = 0.05
6.4671 	EXP 	text: height = 0.05
6.4671 	EXP 	text: height = 0.05
6.4671 	EXP 	text: text = 'button_1'
6.4671 	EXP 	text: height = 0.05
6.4671 	EXP 	text: height = 0.05
6.4671 	EXP 	text: height = 0.05
6.4671 	EXP 	text: text = 'button_2'
6.4671 	EXP 	text: height = 0.05
6.4671 	EXP 	text: height = 0.05
6.4671 	EXP 	text: height = 0.05
6.4671 	EXP 	text: text = 'button_3'
6.4744 	EXP 	text: height = 0.05
6.4744 	EXP 	text: height = 0.05
6.4744 	EXP 	text: height = 0.05
6.4744 	EXP 	text: text = 'button_1'
6.4744 	EXP 	text: height = 0.05
6.4744 	EXP 	text: height = 0.05
6.4744 	EXP 	text: height = 0.05
6.4744 	EXP 	text: text = 'button_2'
6.4744 	EXP 	text: height = 0.05
6.4744 	EXP 	text: height = 0.05
6.4744 	EXP 	text: height = 0.05
6.4744 	EXP 	text: text = 'button_3'
6.4818 	EXP 	text: height = 0.05
6.4818 	EXP 	text: height = 0.05
6.4818 	EXP 	text: height = 0.05
6.4818 	EXP 	text: text = 'button_1'
6.4818 	EXP 	text: height = 0.05
6.4818 	EXP 	text: height = 0.05
6.4818 	EXP 	text: height = 0.05
6.4818 	EXP 	text: text = 'button_2'
6.4818 	EXP 	text: height = 0.05
6.4818 	EXP 	text: height = 0.05
6.4818 	EXP 	text: height = 0.05
6.4818 	EXP 	text: text = 'button_3'
6.4912 	EXP 	text: height = 0.05
6.4912 	EXP 	text: height = 0.05
6.4912 	EXP 	text: height = 0.05
6.4912 	EXP 	text: text = 'button_1'
6.4912 	EXP 	text: height = 0.05
6.4912 	EXP 	text: height = 0.05
6.4912 	EXP 	text: height = 0.05
6.4912 	EXP 	text: text = 'button_2'
6.4912 	EXP 	text: height = 0.05
6.4912 	EXP 	text: height = 0.05
6.4912 	EXP 	text: height = 0.05
6.4912 	EXP 	text: text = 'button_3'
6.4993 	EXP 	text: height = 0.05
6.4993 	EXP 	text: height = 0.05
6.4993 	EXP 	text: height = 0.05
6.4993 	EXP 	text: text = 'button_1'
6.4993 	EXP 	text: height = 0.05
6.4993 	EXP 	text: height = 0.05
6.4993 	EXP 	text: height = 0.05
6.4993 	EXP 	text: text = 'button_2'
6.4993 	EXP 	text: height = 0.05
6.4993 	EXP 	text: height = 0.05
6.4993 	EXP 	text: height = 0.05
6.4993 	EXP 	text: text = 'button_3'
6.5066 	EXP 	text: height = 0.05
6.5066 	EXP 	text: height = 0.05
6.5066 	EXP 	text: height = 0.05
6.5066 	EXP 	text: text = 'button_1'
6.5066 	EXP 	text: height = 0.05
6.5066 	EXP 	text: height = 0.05
6.5066 	EXP 	text: height = 0.05
6.5066 	EXP 	text: text = 'button_2'
6.5066 	EXP 	text: height = 0.05
6.5066 	EXP 	text: height = 0.05
6.5066 	EXP 	text: height = 0.05
6.5066 	EXP 	text: text = 'button_3'
6.5140 	EXP 	text: height = 0.05
6.5140 	EXP 	text: height = 0.05
6.5140 	EXP 	text: height = 0.05
6.5140 	EXP 	text: text = 'button_1'
6.5140 	EXP 	text: height = 0.05
6.5140 	EXP 	text: height = 0.05
6.5140 	EXP 	text: height = 0.05
6.5140 	EXP 	text: text = 'button_2'
6.5140 	EXP 	text: height = 0.05
6.5140 	EXP 	text: height = 0.05
6.5140 	EXP 	text: height = 0.05
6.5140 	EXP 	text: text = 'button_3'
6.5215 	EXP 	text: height = 0.05
6.5215 	EXP 	text: height = 0.05
6.5215 	EXP 	text: height = 0.05
6.5215 	EXP 	text: text = 'button_1'
6.5215 	EXP 	text: height = 0.05
6.5215 	EXP 	text: height = 0.05
6.5215 	EXP 	text: height = 0.05
6.5215 	EXP 	text: text = 'button_2'
6.5215 	EXP 	text: height = 0.05
6.5215 	EXP 	text: height = 0.05
6.5215 	EXP 	text: height = 0.05
6.5215 	EXP 	text: text = 'button_3'
6.5287 	EXP 	text: height = 0.05
6.5287 	EXP 	text: height = 0.05
6.5287 	EXP 	text: height = 0.05
6.5287 	EXP 	text: text = 'button_1'
6.5287 	EXP 	text: height = 0.05
6.5287 	EXP 	text: height = 0.05
6.5287 	EXP 	text: height = 0.05
6.5287 	EXP 	text: text = 'button_2'
6.5287 	EXP 	text: height = 0.05
6.5287 	EXP 	text: height = 0.05
6.5287 	EXP 	text: height = 0.05
6.5287 	EXP 	text: text = 'button_3'
6.5376 	EXP 	text: height = 0.05
6.5376 	EXP 	text: height = 0.05
6.5376 	EXP 	text: height = 0.05
6.5376 	EXP 	text: text = 'button_1'
6.5376 	EXP 	text: height = 0.05
6.5376 	EXP 	text: height = 0.05
6.5376 	EXP 	text: height = 0.05
6.5376 	EXP 	text: text = 'button_2'
6.5376 	EXP 	text: height = 0.05
6.5376 	EXP 	text: height = 0.05
6.5376 	EXP 	text: height = 0.05
6.5376 	EXP 	text: text = 'button_3'
6.5457 	EXP 	text: height = 0.05
6.5457 	EXP 	text: height = 0.05
6.5457 	EXP 	text: height = 0.05
6.5457 	EXP 	text: text = 'button_1'
6.5457 	EXP 	text: height = 0.05
6.5457 	EXP 	text: height = 0.05
6.5457 	EXP 	text: height = 0.05
6.5457 	EXP 	text: text = 'button_2'
6.5457 	EXP 	text: height = 0.05
6.5457 	EXP 	text: height = 0.05
6.5457 	EXP 	text: height = 0.05
6.5457 	EXP 	text: text = 'button_3'
6.5530 	EXP 	text: height = 0.05
6.5530 	EXP 	text: height = 0.05
6.5530 	EXP 	text: height = 0.05
6.5530 	EXP 	text: text = 'button_1'
6.5530 	EXP 	text: height = 0.05
6.5530 	EXP 	text: height = 0.05
6.5530 	EXP 	text: height = 0.05
6.5530 	EXP 	text: text = 'button_2'
6.5530 	EXP 	text: height = 0.05
6.5530 	EXP 	text: height = 0.05
6.5530 	EXP 	text: height = 0.05
6.5530 	EXP 	text: text = 'button_3'
6.5603 	EXP 	text: height = 0.05
6.5603 	EXP 	text: height = 0.05
6.5603 	EXP 	text: height = 0.05
6.5603 	EXP 	text: text = 'button_1'
6.5603 	EXP 	text: height = 0.05
6.5603 	EXP 	text: height = 0.05
6.5603 	EXP 	text: height = 0.05
6.5603 	EXP 	text: text = 'button_2'
6.5603 	EXP 	text: height = 0.05
6.5603 	EXP 	text: height = 0.05
6.5603 	EXP 	text: height = 0.05
6.5603 	EXP 	text: text = 'button_3'
6.5676 	EXP 	text: height = 0.05
6.5676 	EXP 	text: height = 0.05
6.5676 	EXP 	text: height = 0.05
6.5676 	EXP 	text: text = 'button_1'
6.5676 	EXP 	text: height = 0.05
6.5676 	EXP 	text: height = 0.05
6.5676 	EXP 	text: height = 0.05
6.5676 	EXP 	text: text = 'button_2'
6.5676 	EXP 	text: height = 0.05
6.5676 	EXP 	text: height = 0.05
6.5676 	EXP 	text: height = 0.05
6.5676 	EXP 	text: text = 'button_3'
6.5750 	EXP 	text: height = 0.05
6.5750 	EXP 	text: height = 0.05
6.5750 	EXP 	text: height = 0.05
6.5750 	EXP 	text: text = 'button_1'
6.5750 	EXP 	text: height = 0.05
6.5750 	EXP 	text: height = 0.05
6.5750 	EXP 	text: height = 0.05
6.5750 	EXP 	text: text = 'button_2'
6.5750 	EXP 	text: height = 0.05
6.5750 	EXP 	text: height = 0.05
6.5750 	EXP 	text: height = 0.05
6.5750 	EXP 	text: text = 'button_3'
6.5822 	EXP 	text: height = 0.05
6.5822 	EXP 	text: height = 0.05
6.5822 	EXP 	text: height = 0.05
6.5822 	EXP 	text: text = 'button_1'
6.5822 	EXP 	text: height = 0.05
6.5822 	EXP 	text: height = 0.05
6.5822 	EXP 	text: height = 0.05
6.5822 	EXP 	text: text = 'button_2'
6.5822 	EXP 	text: height = 0.05
6.5822 	EXP 	text: height = 0.05
6.5822 	EXP 	text: height = 0.05
6.5822 	EXP 	text: text = 'button_3'
6.5895 	EXP 	text: height = 0.05
6.5895 	EXP 	text: height = 0.05
6.5895 	EXP 	text: height = 0.05
6.5895 	EXP 	text: text = 'button_1'
6.5895 	EXP 	text: height = 0.05
6.5895 	EXP 	text: height = 0.05
6.5895 	EXP 	text: height = 0.05
6.5895 	EXP 	text: text = 'button_2'
6.5895 	EXP 	text: height = 0.05
6.5895 	EXP 	text: height = 0.05
6.5895 	EXP 	text: height = 0.05
6.5895 	EXP 	text: text = 'button_3'
6.5966 	DATA 	Keypress: escape
6.5973 	EXP 	text: height = 0.05
6.5973 	EXP 	text: height = 0.05
6.5973 	EXP 	text: height = 0.05
6.5973 	EXP 	text: text = 'button_1'
6.5973 	EXP 	text: height = 0.05
6.5973 	EXP 	text: height = 0.05
6.5973 	EXP 	text: height = 0.05
6.5973 	EXP 	text: text = 'button_2'
6.5973 	EXP 	text: height = 0.05
6.5973 	EXP 	text: height = 0.05
6.5973 	EXP 	text: height = 0.05
6.5973 	EXP 	text: text = 'button_3'
6.6051 	EXP 	text: height = 0.05
6.6051 	EXP 	text: height = 0.05
6.6051 	EXP 	text: height = 0.05
6.6051 	EXP 	text: text = 'button_1'
6.6051 	EXP 	text: height = 0.05
6.6051 	EXP 	text: height = 0.05
6.6051 	EXP 	text: height = 0.05
6.6051 	EXP 	text: text = 'button_2'
6.6051 	EXP 	text: height = 0.05
6.6051 	EXP 	text: height = 0.05
6.6051 	EXP 	text: height = 0.05
6.6051 	EXP 	text: text = 'button_3'
6.6124 	EXP 	text: height = 0.05
6.6124 	EXP 	text: height = 0.05
6.6124 	EXP 	text: height = 0.05
6.6124 	EXP 	text: text = 'button_1'
6.6124 	EXP 	text: height = 0.05
6.6124 	EXP 	text: height = 0.05
6.6124 	EXP 	text: height = 0.05
6.6124 	EXP 	text: text = 'button_2'
6.6124 	EXP 	text: height = 0.05
6.6124 	EXP 	text: height = 0.05
6.6124 	EXP 	text: height = 0.05
6.6124 	EXP 	text: text = 'button_3'
6.6197 	EXP 	text: height = 0.05
6.6197 	EXP 	text: height = 0.05
6.6197 	EXP 	text: height = 0.05
6.6197 	EXP 	text: text = 'button_1'
6.6197 	EXP 	text: height = 0.05
6.6197 	EXP 	text: height = 0.05
6.6197 	EXP 	text: height = 0.05
6.6197 	EXP 	text: text = 'button_2'
6.6197 	EXP 	text: height = 0.05
6.6197 	EXP 	text: height = 0.05
6.6197 	EXP 	text: height = 0.05
6.6197 	EXP 	text: text = 'button_3'
6.6269 	EXP 	text: height = 0.05
6.6269 	EXP 	text: height = 0.05
6.6269 	EXP 	text: height = 0.05
6.6269 	EXP 	text: text = 'button_1'
6.6269 	EXP 	text: height = 0.05
6.6269 	EXP 	text: height = 0.05
6.6269 	EXP 	text: height = 0.05
6.6269 	EXP 	text: text = 'button_2'
6.6269 	EXP 	text: height = 0.05
6.6269 	EXP 	text: height = 0.05
6.6269 	EXP 	text: height = 0.05
6.6269 	EXP 	text: text = 'button_3'
6.6343 	EXP 	text: height = 0.05
6.6343 	EXP 	text: height = 0.05
6.6343 	EXP 	text: height = 0.05
6.6343 	EXP 	text: text = 'button_1'
6.6343 	EXP 	text: height = 0.05
6.6343 	EXP 	text: height = 0.05
6.6343 	EXP 	text: height = 0.05
6.6343 	EXP 	text: text = 'button_2'
6.6343 	EXP 	text: height = 0.05
6.6343 	EXP 	text: height = 0.05
6.6343 	EXP 	text: height = 0.05
6.6343 	EXP 	text: text = 'button_3'
6.6419 	EXP 	text: height = 0.05
6.6419 	EXP 	text: height = 0.05
6.6419 	EXP 	text: height = 0.05
6.6419 	EXP 	text: text = 'button_1'
6.6419 	EXP 	text: height = 0.05
6.6419 	EXP 	text: height = 0.05
6.6419 	EXP 	text: height = 0.05
6.6419 	EXP 	text: text = 'button_2'
6.6419 	EXP 	text: height = 0.05
6.6419 	EXP 	text: height = 0.05
6.6419 	EXP 	text: height = 0.05
6.6419 	EXP 	text: text = 'button_3'
6.6492 	EXP 	text: height = 0.05
6.6492 	EXP 	text: height = 0.05
6.6492 	EXP 	text: height = 0.05
6.6492 	EXP 	text: text = 'button_1'
6.6492 	EXP 	text: height = 0.05
6.6492 	EXP 	text: height = 0.05
6.6492 	EXP 	text: height = 0.05
6.6492 	EXP 	text: text = 'button_2'
6.6492 	EXP 	text: height = 0.05
6.6492 	EXP 	text: height = 0.05
6.6492 	EXP 	text: height = 0.05
6.6492 	EXP 	text: text = 'button_3'
6.6564 	EXP 	text: height = 0.05
6.6564 	EXP 	text: height = 0.05
6.6564 	EXP 	text: height = 0.05
6.6564 	EXP 	text: text = 'button_1'
6.6564 	EXP 	text: height = 0.05
6.6564 	EXP 	text: height = 0.05
6.6564 	EXP 	text: height = 0.05
6.6564 	EXP 	text: text = 'button_2'
6.6564 	EXP 	text: height = 0.05
6.6564 	EXP 	text: height = 0.05
6.6564 	EXP 	text: height = 0.05
6.6564 	EXP 	text: text = 'button_3'
6.6637 	EXP 	text: height = 0.05
6.6637 	EXP 	text: height = 0.05
6.6637 	EXP 	text: height = 0.05
6.6637 	EXP 	text: text = 'button_1'
6.6637 	EXP 	text: height = 0.05
6.6637 	EXP 	text: height = 0.05
6.6637 	EXP 	text: height = 0.05
6.6637 	EXP 	text: text = 'button_2'
6.6637 	EXP 	text: height = 0.05
6.6637 	EXP 	text: height = 0.05
6.6637 	EXP 	text: height = 0.05
6.6637 	EXP 	text: text = 'button_3'
6.6709 	EXP 	text: height = 0.05
6.6709 	EXP 	text: height = 0.05
6.6709 	EXP 	text: height = 0.05
6.6709 	EXP 	text: text = 'button_1'
6.6709 	EXP 	text: height = 0.05
6.6709 	EXP 	text: height = 0.05
6.6709 	EXP 	text: height = 0.05
6.6709 	EXP 	text: text = 'button_2'
6.6709 	EXP 	text: height = 0.05
6.6709 	EXP 	text: height = 0.05
6.6709 	EXP 	text: height = 0.05
6.6709 	EXP 	text: text = 'button_3'
6.6785 	EXP 	text: height = 0.05
6.6785 	EXP 	text: height = 0.05
6.6785 	EXP 	text: height = 0.05
6.6785 	EXP 	text: text = 'button_1'
6.6785 	EXP 	text: height = 0.05
6.6785 	EXP 	text: height = 0.05
6.6785 	EXP 	text: height = 0.05
6.6785 	EXP 	text: text = 'button_2'
6.6785 	EXP 	text: height = 0.05
6.6785 	EXP 	text: height = 0.05
6.6785 	EXP 	text: height = 0.05
6.6785 	EXP 	text: text = 'button_3'
6.6858 	EXP 	text: height = 0.05
6.6858 	EXP 	text: height = 0.05
6.6858 	EXP 	text: height = 0.05
6.6858 	EXP 	text: text = 'button_1'
6.6858 	EXP 	text: height = 0.05
6.6858 	EXP 	text: height = 0.05
6.6858 	EXP 	text: height = 0.05
6.6858 	EXP 	text: text = 'button_2'
6.6858 	EXP 	text: height = 0.05
6.6858 	EXP 	text: height = 0.05
6.6858 	EXP 	text: height = 0.05
6.6858 	EXP 	text: text = 'button_3'
6.6930 	EXP 	text: height = 0.05
6.6930 	EXP 	text: height = 0.05
6.6930 	EXP 	text: height = 0.05
6.6930 	EXP 	text: text = 'button_1'
6.6930 	EXP 	text: height = 0.05
6.6930 	EXP 	text: height = 0.05
6.6930 	EXP 	text: height = 0.05
6.6930 	EXP 	text: text = 'button_2'
6.6930 	EXP 	text: height = 0.05
6.6930 	EXP 	text: height = 0.05
6.6930 	EXP 	text: height = 0.05
6.6930 	EXP 	text: text = 'button_3'
6.7004 	EXP 	text: height = 0.05
6.7004 	EXP 	text: height = 0.05
6.7004 	EXP 	text: height = 0.05
6.7004 	EXP 	text: text = 'button_1'
6.7004 	EXP 	text: height = 0.05
6.7004 	EXP 	text: height = 0.05
6.7004 	EXP 	text: height = 0.05
6.7004 	EXP 	text: text = 'button_2'
6.7004 	EXP 	text: height = 0.05
6.7004 	EXP 	text: height = 0.05
6.7004 	EXP 	text: height = 0.05
6.7004 	EXP 	text: text = 'button_3'
6.7078 	EXP 	text: height = 0.05
6.7078 	EXP 	text: height = 0.05
6.7078 	EXP 	text: height = 0.05
6.7078 	EXP 	text: text = 'button_1'
6.7078 	EXP 	text: height = 0.05
6.7078 	EXP 	text: height = 0.05
6.7078 	EXP 	text: height = 0.05
6.7078 	EXP 	text: text = 'button_2'
6.7078 	EXP 	text: height = 0.05
6.7078 	EXP 	text: height = 0.05
6.7078 	EXP 	text: height = 0.05
6.7078 	EXP 	text: text = 'button_3'
7.1247 	EXP 	window1: mouseVisible = True
