3.2005 	WARNING 	User requested fullscreen with size [1024  768], but screen is actually [1920, 1080]. Using actual size
3.5025 	EXP 	Created window1 = Window(allowGUI=True, allowStencil=False, autoLog=True, backendConf=UNKNOWN, backgroundFit=<method-wrapper '__getattribute__' of attributeSetter object at 0x000001728CAA2130>, backgroundImage=<method-wrapper '__getattribute__' of attributeSetter object at 0x000001728CAA20D0>, bitsMode=UNKNOWN, blendMode='avg', bpc=(8, 8, 8), color=array([0, 0, 0]), colorSpace='rgb', depthBits=8, fullscr=<method-wrapper '__getattribute__' of attributeSetter object at 0x000001728CA91DF0>, gamma=None, gammaErrorPolicy='raise', lms=UNKNOWN, monitor=<psychopy.monitors.calibTools.Monitor object at 0x000001728E9B7430>, multiSample=False, name='window1', numSamples=2, pos=(0, 0), screen=0, size=array([1920, 1080]), stencilBits=0, stereo=False, units='height', useFBO=True, useRetina=False, viewOri=0.0, viewPos=None, viewScale=None, waitBlanking=True, winType='pyglet')
3.5026 	EXP 	window1: mouseVisible = True
3.5026 	EXP 	window1: backgroundImage = ''
3.5026 	EXP 	window1: backgroundFit = 'none'
3.5027 	EXP 	window1: mouseVisible = False
3.5027 	EXP 	window1: Attempting to measure frame rate of screen (0) ...
3.5027 	EXP 	window1: recordFrameIntervals = False
3.5440 	EXP 	window1: recordFrameIntervals = True
3.5901 	EXP 	Screen (0) actual frame rate measured at 242.17Hz
3.5901 	EXP 	window1: recordFrameIntervals = False
4.8566 	EXP 	window1: mouseVisible = True
4.8675 	EXP 	window1: mouseVisible = True
4.8783 	EXP 	window1: mouseVisible = True
5.1635 	DATA 	Mouse: Left button down, pos=(882,534)
5.2517 	DATA 	Mouse:  Left button up, pos=(882,532)
5.5694 	DATA 	Mouse: Left button down, pos=(1066,509)
5.6673 	DATA 	Mouse:  Left button up, pos=(1066,509)
5.9332 	DATA 	Mouse: Left button down, pos=(1467,498)
6.0680 	DATA 	Mouse:  Left button up, pos=(1467,498)
6.2181 	DATA 	Mouse: Left button down, pos=(1467,498)
6.3229 	DATA 	Mouse:  Left button up, pos=(1467,498)
6.4562 	DATA 	Mouse: Left button down, pos=(1467,498)
6.5612 	DATA 	Mouse:  Left button up, pos=(1467,498)
6.6572 	DATA 	Mouse: Left button down, pos=(1467,498)
6.7501 	DATA 	Mouse:  Left button up, pos=(1467,498)
6.8777 	DATA 	Mouse: Left button down, pos=(1467,498)
7.0086 	DATA 	Mouse:  Left button up, pos=(1467,498)
7.2405 	DATA 	Mouse: Left button down, pos=(470,503)
7.3061 	EXP 	window1: mouseVisible = True
