3.5173 	WARNING 	User requested fullscreen with size [1024  768], but screen is actually [1920, 1080]. Using actual size
3.8075 	EXP 	Created window1 = Window(allowGUI=True, allowStencil=False, autoLog=True, backendConf=UNKNOWN, backgroundFit=<method-wrapper '__getattribute__' of attributeSetter object at 0x0000019E2E80E4F0>, backgroundImage=<method-wrapper '__getattribute__' of attributeSetter object at 0x0000019E2E80E490>, bitsMode=UNKNOWN, blendMode='avg', bpc=(8, 8, 8), color=array([0, 0, 0]), colorSpace='rgb', depthBits=8, fullscr=<method-wrapper '__getattribute__' of attributeSetter object at 0x0000019E2E80E1C0>, gamma=None, gammaErrorPolicy='raise', lms=UNKNOWN, monitor=<psychopy.monitors.calibTools.Monitor object at 0x0000019E30729820>, multiSample=False, name='window1', numSamples=2, pos=(0, 0), screen=0, size=array([1920, 1080]), stencilBits=0, stereo=False, units='height', useFBO=True, useRetina=False, viewOri=0.0, viewPos=None, viewScale=None, waitBlanking=True, winType='pyglet')
3.8076 	EXP 	window1: mouseVisible = True
3.8076 	EXP 	window1: backgroundImage = ''
3.8076 	EXP 	window1: backgroundFit = 'none'
3.8077 	EXP 	window1: mouseVisible = False
3.8077 	EXP 	window1: Attempting to measure frame rate of screen (0) ...
3.8077 	EXP 	window1: recordFrameIntervals = False
3.8487 	EXP 	window1: recordFrameIntervals = True
3.8947 	EXP 	Screen (0) actual frame rate measured at 239.29Hz
3.8947 	EXP 	window1: recordFrameIntervals = False
5.1654 	EXP 	window1: mouseVisible = True
5.1769 	EXP 	window1: mouseVisible = True
5.1872 	EXP 	window1: mouseVisible = True
6.8445 	DATA 	Mouse: Left button down, pos=(614,463)
6.9386 	DATA 	Mouse:  Left button up, pos=(614,463)
7.2914 	DATA 	Mouse: Left button down, pos=(996,470)
7.3915 	DATA 	Mouse:  Left button up, pos=(996,470)
7.7509 	DATA 	Mouse: Left button down, pos=(1340,455)
7.8454 	DATA 	Mouse:  Left button up, pos=(1340,455)
8.4428 	DATA 	Mouse: Left button down, pos=(1033,470)
8.5303 	DATA 	Mouse:  Left button up, pos=(1033,470)
8.6805 	DATA 	Mouse: Left button down, pos=(602,448)
8.7652 	DATA 	Mouse:  Left button up, pos=(601,448)
9.0810 	DATA 	Mouse: Left button down, pos=(971,421)
9.1571 	DATA 	Mouse:  Left button up, pos=(971,421)
9.4316 	DATA 	Mouse: Left button down, pos=(1208,469)
9.4959 	DATA 	Mouse:  Left button up, pos=(1133,488)
9.6355 	DATA 	Mouse: Left button down, pos=(995,524)
9.7350 	DATA 	Mouse:  Left button up, pos=(1002,519)
10.0455 	DATA 	Mouse: Left button down, pos=(1347,452)
10.1314 	DATA 	Mouse:  Left button up, pos=(1347,452)
10.2800 	DATA 	Mouse: Left button down, pos=(1347,452)
10.4125 	DATA 	Mouse:  Left button up, pos=(1347,452)
10.8515 	DATA 	Mouse: Left button down, pos=(1329,460)
10.9275 	DATA 	Mouse:  Left button up, pos=(1329,460)
11.0846 	DATA 	Mouse: Left button down, pos=(992,454)
11.1710 	DATA 	Mouse:  Left button up, pos=(992,455)
11.3428 	DATA 	Mouse: Left button down, pos=(628,445)
11.4298 	DATA 	Mouse:  Left button up, pos=(626,445)
11.7492 	DATA 	Keypress: escape
12.0977 	EXP 	window1: mouseVisible = True
