3.1911 	WARNING 	User requested fullscreen with size [1024  768], but screen is actually [1920, 1080]. Using actual size
3.4750 	EXP 	Created window1 = Window(allowGUI=True, allowStencil=False, autoLog=True, backendConf=UNKNOWN, backgroundFit=<method-wrapper '__getattribute__' of attributeSetter object at 0x000001A01DEAF490>, backgroundImage=<method-wrapper '__getattribute__' of attributeSetter object at 0x000001A01DEAF430>, bitsMode=UNKNOWN, blendMode='avg', bpc=(8, 8, 8), color=array([0, 0, 0]), colorSpace='rgb', depthBits=8, fullscr=<method-wrapper '__getattribute__' of attributeSetter object at 0x000001A01DEAF160>, gamma=None, gammaErrorPolicy='raise', lms=UNKNOWN, monitor=<psychopy.monitors.calibTools.Monitor object at 0x000001A01FDC9700>, multiSample=False, name='window1', numSamples=2, pos=(0, 0), screen=0, size=array([1920, 1080]), stencilBits=0, stereo=False, units='height', useFBO=True, useRetina=False, viewOri=0.0, viewPos=None, viewScale=None, waitBlanking=True, winType='pyglet')
3.4751 	EXP 	window1: mouseVisible = True
3.4751 	EXP 	window1: backgroundImage = ''
3.4751 	EXP 	window1: backgroundFit = 'none'
3.4751 	EXP 	window1: mouseVisible = False
3.4752 	EXP 	window1: Attempting to measure frame rate of screen (0) ...
3.4752 	EXP 	window1: recordFrameIntervals = False
3.5167 	EXP 	window1: recordFrameIntervals = True
3.5625 	EXP 	Screen (0) actual frame rate measured at 239.71Hz
3.5625 	EXP 	window1: recordFrameIntervals = False
4.8309 	EXP 	window1: mouseVisible = True
4.8417 	EXP 	window1: mouseVisible = True
4.8522 	EXP 	window1: mouseVisible = True
4.8523 	EXP 	window1: mouseVisible = True
5.2175 	DATA 	Mouse: Left button down, pos=(869,568)
5.3229 	DATA 	Mouse:  Left button up, pos=(869,568)
5.5292 	DATA 	Mouse: Left button down, pos=(490,556)
5.6227 	DATA 	Mouse:  Left button up, pos=(490,556)
5.9394 	DATA 	Keypress: escape
6.2316 	EXP 	window1: mouseVisible = True
