3.2528 	WARNING 	User requested fullscreen with size [1024  768], but screen is actually [1920, 1080]. Using actual size
3.5527 	EXP 	Created window1 = Window(allowGUI=True, allowStencil=False, autoLog=True, backendConf=UNKNOWN, backgroundFit=<method-wrapper '__getattribute__' of attributeSetter object at 0x0000020BD383E340>, backgroundImage=<method-wrapper '__getattribute__' of attributeSetter object at 0x0000020BD383E2E0>, bitsMode=UNKNOWN, blendMode='avg', bpc=(8, 8, 8), color=array([0, 0, 0]), colorSpace='rgb', depthBits=8, fullscr=<method-wrapper '__getattribute__' of attributeSetter object at 0x0000020BD383E040>, gamma=None, gammaErrorPolicy='raise', lms=UNKNOWN, monitor=<psychopy.monitors.calibTools.Monitor object at 0x0000020BD57595B0>, multiSample=False, name='window1', numSamples=2, pos=(0, 0), screen=0, size=array([1920, 1080]), stencilBits=0, stereo=False, units='height', useFBO=True, useRetina=False, viewOri=0.0, viewPos=None, viewScale=None, waitBlanking=True, winType='pyglet')
3.5528 	EXP 	window1: mouseVisible = True
3.5528 	EXP 	window1: backgroundImage = ''
3.5528 	EXP 	window1: backgroundFit = 'none'
3.5528 	EXP 	window1: mouseVisible = False
3.5529 	EXP 	window1: Attempting to measure frame rate of screen (0) ...
3.5529 	EXP 	window1: recordFrameIntervals = False
3.5942 	EXP 	window1: recordFrameIntervals = True
3.6401 	EXP 	Screen (0) actual frame rate measured at 240.92Hz
3.6401 	EXP 	window1: recordFrameIntervals = False
4.9060 	EXP 	window1: mouseVisible = True
4.9165 	EXP 	window1: mouseVisible = True
4.9267 	EXP 	window1: mouseVisible = True
6.1759 	DATA 	Mouse: Left button down, pos=(1409,545)
6.2563 	DATA 	Mouse:  Left button up, pos=(1410,545)
6.9250 	DATA 	Mouse: Left button down, pos=(1069,467)
7.0115 	DATA 	Mouse:  Left button up, pos=(1069,467)
7.2447 	DATA 	Mouse: Left button down, pos=(520,479)
7.3162 	DATA 	Mouse:  Left button up, pos=(520,479)
7.6629 	DATA 	Keypress: escape
8.3280 	EXP 	window1: mouseVisible = True
