3.5271 	WARNING 	User requested fullscreen with size [1024  768], but screen is actually [1920, 1080]. Using actual size
3.8531 	EXP 	Created window1 = Window(allowGUI=True, allowStencil=False, autoLog=True, backendConf=UNKNOWN, backgroundFit=<method-wrapper '__getattribute__' of attributeSetter object at 0x0000014461F4E580>, backgroundImage=<method-wrapper '__getattribute__' of attributeSetter object at 0x0000014461F4E520>, bitsMode=UNKNOWN, blendMode='avg', bpc=(8, 8, 8), color=array([0, 0, 0]), colorSpace='rgb', depthBits=8, fullscr=<method-wrapper '__getattribute__' of attributeSetter object at 0x0000014461F4E250>, gamma=None, gammaErrorPolicy='raise', lms=UNKNOWN, monitor=<psychopy.monitors.calibTools.Monitor object at 0x0000014463E688B0>, multiSample=False, name='window1', numSamples=2, pos=(0, 0), screen=0, size=array([1920, 1080]), stencilBits=0, stereo=False, units='height', useFBO=True, useRetina=False, viewOri=0.0, viewPos=None, viewScale=None, waitBlanking=True, winType='pyglet')
3.8532 	EXP 	window1: mouseVisible = True
3.8532 	EXP 	window1: backgroundImage = ''
3.8532 	EXP 	window1: backgroundFit = 'none'
3.8533 	EXP 	window1: mouseVisible = False
3.8533 	EXP 	window1: Attempting to measure frame rate of screen (0) ...
3.8533 	EXP 	window1: recordFrameIntervals = False
3.8951 	EXP 	window1: recordFrameIntervals = True
3.9405 	EXP 	Screen (0) actual frame rate measured at 240.20Hz
3.9405 	EXP 	window1: recordFrameIntervals = False
5.2175 	EXP 	window1: mouseVisible = True
5.2291 	EXP 	window1: mouseVisible = True
5.2393 	EXP 	window1: mouseVisible = True
5.2394 	EXP 	window1: mouseVisible = True
5.6908 	DATA 	Mouse: Left button down, pos=(932,480)
5.8172 	DATA 	Mouse:  Left button up, pos=(932,480)
6.1030 	DATA 	Mouse: Left button down, pos=(518,499)
6.1986 	DATA 	Mouse:  Left button up, pos=(521,499)
6.3544 	DATA 	Mouse: Left button down, pos=(1061,493)
6.4339 	DATA 	Mouse:  Left button up, pos=(1055,492)
6.5899 	DATA 	Mouse: Left button down, pos=(1557,550)
6.6898 	DATA 	Mouse:  Left button up, pos=(1569,550)
6.9260 	DATA 	Keypress: escape
7.6262 	EXP 	window1: mouseVisible = True
