3.2095 	WARNING 	User requested fullscreen with size [1024  768], but screen is actually [1920, 1080]. Using actual size
3.5093 	EXP 	Created window1 = Window(allowGUI=True, allowStencil=False, autoLog=True, backendConf=UNKNOWN, backgroundFit=<method-wrapper '__getattribute__' of attributeSetter object at 0x000001A7C93FE460>, backgroundImage=<method-wrapper '__getattribute__' of attributeSetter object at 0x000001A7C93FE400>, bitsMode=UNKNOWN, blendMode='avg', bpc=(8, 8, 8), color=array([0, 0, 0]), colorSpace='rgb', depthBits=8, fullscr=<method-wrapper '__getattribute__' of attributeSetter object at 0x000001A7C93FE130>, gamma=None, gammaErrorPolicy='raise', lms=UNKNOWN, monitor=<psychopy.monitors.calibTools.Monitor object at 0x000001A7CB317730>, multiSample=False, name='window1', numSamples=2, pos=(0, 0), screen=0, size=array([1920, 1080]), stencilBits=0, stereo=False, units='height', useFBO=True, useRetina=False, viewOri=0.0, viewPos=None, viewScale=None, waitBlanking=True, winType='pyglet')
3.5094 	EXP 	window1: mouseVisible = True
3.5094 	EXP 	window1: backgroundImage = ''
3.5094 	EXP 	window1: backgroundFit = 'none'
3.5095 	EXP 	window1: mouseVisible = False
3.5095 	EXP 	window1: Attempting to measure frame rate of screen (0) ...
3.5095 	EXP 	window1: recordFrameIntervals = False
3.5509 	EXP 	window1: recordFrameIntervals = True
3.5968 	EXP 	Screen (0) actual frame rate measured at 240.23Hz
3.5968 	EXP 	window1: recordFrameIntervals = False
4.8627 	EXP 	window1: mouseVisible = True
4.8732 	EXP 	window1: mouseVisible = True
4.8840 	EXP 	window1: mouseVisible = True
5.1787 	DATA 	Mouse: Left button down, pos=(1012,497)
5.2652 	DATA 	Mouse:  Left button up, pos=(1012,497)
5.3598 	DATA 	Mouse: Left button down, pos=(1012,497)
5.4569 	DATA 	Mouse:  Left button up, pos=(1012,497)
5.5526 	DATA 	Mouse: Left button down, pos=(1012,497)
5.6435 	DATA 	Mouse:  Left button up, pos=(1012,497)
5.7403 	DATA 	Mouse: Left button down, pos=(1012,497)
5.8393 	DATA 	Mouse:  Left button up, pos=(1012,497)
5.9987 	DATA 	Mouse: Left button down, pos=(1575,502)
6.0947 	DATA 	Mouse:  Left button up, pos=(1567,499)
6.2376 	DATA 	Mouse: Left button down, pos=(880,524)
6.3399 	DATA 	Mouse:  Left button up, pos=(911,526)
6.4509 	DATA 	Mouse: Left button down, pos=(1518,525)
6.5365 	DATA 	Mouse:  Left button up, pos=(1478,521)
6.6563 	DATA 	Mouse: Left button down, pos=(925,535)
6.7552 	DATA 	Mouse:  Left button up, pos=(920,535)
6.8981 	DATA 	Mouse: Left button down, pos=(1482,539)
7.0032 	DATA 	Mouse:  Left button up, pos=(1480,539)
7.2321 	DATA 	Mouse: Left button down, pos=(404,575)
7.2973 	EXP 	window1: mouseVisible = True
