3.2218 	WARNING 	User requested fullscreen with size [1024  768], but screen is actually [1920, 1080]. Using actual size
3.5222 	EXP 	Created window1 = Window(allowGUI=True, allowStencil=False, autoLog=True, backendConf=UNKNOWN, backgroundFit=<method-wrapper '__getattribute__' of attributeSetter object at 0x000001D4E48EE520>, backgroundImage=<method-wrapper '__getattribute__' of attributeSetter object at 0x000001D4E48EE4C0>, bitsMode=UNKNOWN, blendMode='avg', bpc=(8, 8, 8), color=array([0, 0, 0]), colorSpace='rgb', depthBits=8, fullscr=<method-wrapper '__getattribute__' of attributeSetter object at 0x000001D4E48EE1F0>, gamma=None, gammaErrorPolicy='raise', lms=UNKNOWN, monitor=<psychopy.monitors.calibTools.Monitor object at 0x000001D4E682A7F0>, multiSample=False, name='window1', numSamples=2, pos=(0, 0), screen=0, size=array([1920, 1080]), stencilBits=0, stereo=False, units='height', useFBO=True, useRetina=False, viewOri=0.0, viewPos=None, viewScale=None, waitBlanking=True, winType='pyglet')
3.5223 	EXP 	window1: mouseVisible = True
3.5223 	EXP 	window1: backgroundImage = ''
3.5223 	EXP 	window1: backgroundFit = 'none'
3.5223 	EXP 	window1: mouseVisible = False
3.5223 	EXP 	window1: Attempting to measure frame rate of screen (0) ...
3.5224 	EXP 	window1: recordFrameIntervals = False
3.5643 	EXP 	window1: recordFrameIntervals = True
3.6103 	EXP 	Screen (0) actual frame rate measured at 239.44Hz
3.6103 	EXP 	window1: recordFrameIntervals = False
4.8781 	EXP 	window1: mouseVisible = True
4.8885 	EXP 	window1: mouseVisible = True
4.8991 	EXP 	window1: mouseVisible = True
4.8991 	EXP 	window1: mouseVisible = True
4.9517 	EXP 	Created text = TextStim(__class__=<class 'psychopy.visual.text.TextStim'>, alignHoriz=method-wrapper(...), alignText='center', alignVert=method-wrapper(...), anchorHoriz='center', anchorVert='center', antialias=True, autoDraw=False, autoLog=True, bold=False, color=array([1., 1., 1.]), colorSpace='rgb', contrast=1.0, depth=-5.0, flipHoriz=False, flipVert=False, font='Open Sans', fontFiles=[], height=0.05, italic=False, languageStyle='LTR', name='text', opacity=1.0, ori=0.0, pos=array([0., 0.]), rgb=UNKNOWN, text='', units='height', win=Window(...), wrapWidth=1)
4.9591 	EXP 	text: autoDraw = True
5.4316 	DATA 	Mouse: Left button down, pos=(834,625)
5.4594 	EXP 	text: height = 0.05
5.4594 	EXP 	text: height = 0.05
5.4594 	EXP 	text: height = 0.05
5.4594 	EXP 	text: text = <psychopy.event.Mouse object at 0x000001D4E86836A0>
5.4680 	EXP 	text: height = 0.05
5.4680 	EXP 	text: height = 0.05
5.4680 	EXP 	text: height = 0.05
5.4680 	EXP 	text: text = <psychopy.event.Mouse object at 0x000001D4E86836A0>
5.4797 	EXP 	text: height = 0.05
5.4797 	EXP 	text: height = 0.05
5.4797 	EXP 	text: height = 0.05
5.4797 	EXP 	text: text = <psychopy.event.Mouse object at 0x000001D4E86836A0>
5.4883 	EXP 	text: height = 0.05
5.4883 	EXP 	text: height = 0.05
5.4883 	EXP 	text: height = 0.05
5.4883 	EXP 	text: text = <psychopy.event.Mouse object at 0x000001D4E86836A0>
5.4997 	EXP 	text: height = 0.05
5.4997 	EXP 	text: height = 0.05
5.4997 	EXP 	text: height = 0.05
5.4997 	EXP 	text: text = <psychopy.event.Mouse object at 0x000001D4E86836A0>
5.5081 	EXP 	text: height = 0.05
5.5081 	EXP 	text: height = 0.05
5.5081 	EXP 	text: height = 0.05
5.5081 	EXP 	text: text = <psychopy.event.Mouse object at 0x000001D4E86836A0>
5.5192 	EXP 	text: height = 0.05
5.5192 	EXP 	text: height = 0.05
5.5192 	EXP 	text: height = 0.05
5.5192 	EXP 	text: text = <psychopy.event.Mouse object at 0x000001D4E86836A0>
5.5278 	EXP 	text: height = 0.05
5.5278 	EXP 	text: height = 0.05
5.5278 	EXP 	text: height = 0.05
5.5278 	EXP 	text: text = <psychopy.event.Mouse object at 0x000001D4E86836A0>
5.5393 	EXP 	text: height = 0.05
5.5393 	EXP 	text: height = 0.05
5.5393 	EXP 	text: height = 0.05
5.5393 	EXP 	text: text = <psychopy.event.Mouse object at 0x000001D4E86836A0>
5.5477 	EXP 	text: height = 0.05
5.5477 	EXP 	text: height = 0.05
5.5477 	EXP 	text: height = 0.05
5.5477 	EXP 	text: text = <psychopy.event.Mouse object at 0x000001D4E86836A0>
5.5481 	DATA 	Mouse:  Left button up, pos=(832,613)
5.5598 	EXP 	text: height = 0.05
5.5598 	EXP 	text: height = 0.05
5.5598 	EXP 	text: height = 0.05
5.5598 	EXP 	text: text = <psychopy.event.Mouse object at 0x000001D4E86836A0>
5.5679 	EXP 	text: height = 0.05
5.5679 	EXP 	text: height = 0.05
5.5679 	EXP 	text: height = 0.05
5.5679 	EXP 	text: text = <psychopy.event.Mouse object at 0x000001D4E86836A0>
5.5784 	EXP 	text: height = 0.05
5.5784 	EXP 	text: height = 0.05
5.5784 	EXP 	text: height = 0.05
5.5784 	EXP 	text: text = <psychopy.event.Mouse object at 0x000001D4E86836A0>
5.5862 	EXP 	text: height = 0.05
5.5862 	EXP 	text: height = 0.05
5.5862 	EXP 	text: height = 0.05
5.5862 	EXP 	text: text = <psychopy.event.Mouse object at 0x000001D4E86836A0>
5.5944 	EXP 	text: height = 0.05
5.5944 	EXP 	text: height = 0.05
5.5944 	EXP 	text: height = 0.05
5.5944 	EXP 	text: text = <psychopy.event.Mouse object at 0x000001D4E86836A0>
5.6023 	EXP 	text: height = 0.05
5.6023 	EXP 	text: height = 0.05
5.6023 	EXP 	text: height = 0.05
5.6023 	EXP 	text: text = <psychopy.event.Mouse object at 0x000001D4E86836A0>
5.6105 	EXP 	text: height = 0.05
5.6105 	EXP 	text: height = 0.05
5.6105 	EXP 	text: height = 0.05
5.6105 	EXP 	text: text = <psychopy.event.Mouse object at 0x000001D4E86836A0>
5.6182 	EXP 	text: height = 0.05
5.6182 	EXP 	text: height = 0.05
5.6182 	EXP 	text: height = 0.05
5.6182 	EXP 	text: text = <psychopy.event.Mouse object at 0x000001D4E86836A0>
5.6260 	EXP 	text: height = 0.05
5.6260 	EXP 	text: height = 0.05
5.6260 	EXP 	text: height = 0.05
5.6260 	EXP 	text: text = <psychopy.event.Mouse object at 0x000001D4E86836A0>
5.6337 	EXP 	text: height = 0.05
5.6337 	EXP 	text: height = 0.05
5.6337 	EXP 	text: height = 0.05
5.6337 	EXP 	text: text = <psychopy.event.Mouse object at 0x000001D4E86836A0>
5.6418 	EXP 	text: height = 0.05
5.6418 	EXP 	text: height = 0.05
5.6418 	EXP 	text: height = 0.05
5.6418 	EXP 	text: text = <psychopy.event.Mouse object at 0x000001D4E86836A0>
5.6495 	EXP 	text: height = 0.05
5.6495 	EXP 	text: height = 0.05
5.6495 	EXP 	text: height = 0.05
5.6495 	EXP 	text: text = <psychopy.event.Mouse object at 0x000001D4E86836A0>
5.6573 	EXP 	text: height = 0.05
5.6573 	EXP 	text: height = 0.05
5.6573 	EXP 	text: height = 0.05
5.6573 	EXP 	text: text = <psychopy.event.Mouse object at 0x000001D4E86836A0>
5.6651 	EXP 	text: height = 0.05
5.6651 	EXP 	text: height = 0.05
5.6651 	EXP 	text: height = 0.05
5.6651 	EXP 	text: text = <psychopy.event.Mouse object at 0x000001D4E86836A0>
5.6730 	EXP 	text: height = 0.05
5.6730 	EXP 	text: height = 0.05
5.6730 	EXP 	text: height = 0.05
5.6730 	EXP 	text: text = <psychopy.event.Mouse object at 0x000001D4E86836A0>
5.6810 	EXP 	text: height = 0.05
5.6810 	EXP 	text: height = 0.05
5.6810 	EXP 	text: height = 0.05
5.6810 	EXP 	text: text = <psychopy.event.Mouse object at 0x000001D4E86836A0>
5.6886 	EXP 	text: height = 0.05
5.6886 	EXP 	text: height = 0.05
5.6886 	EXP 	text: height = 0.05
5.6886 	EXP 	text: text = <psychopy.event.Mouse object at 0x000001D4E86836A0>
5.6963 	EXP 	text: height = 0.05
5.6963 	EXP 	text: height = 0.05
5.6963 	EXP 	text: height = 0.05
5.6963 	EXP 	text: text = <psychopy.event.Mouse object at 0x000001D4E86836A0>
5.7042 	EXP 	text: height = 0.05
5.7042 	EXP 	text: height = 0.05
5.7042 	EXP 	text: height = 0.05
5.7042 	EXP 	text: text = <psychopy.event.Mouse object at 0x000001D4E86836A0>
5.7120 	EXP 	text: height = 0.05
5.7120 	EXP 	text: height = 0.05
5.7120 	EXP 	text: height = 0.05
5.7120 	EXP 	text: text = <psychopy.event.Mouse object at 0x000001D4E86836A0>
5.7198 	EXP 	text: height = 0.05
5.7198 	EXP 	text: height = 0.05
5.7198 	EXP 	text: height = 0.05
5.7198 	EXP 	text: text = <psychopy.event.Mouse object at 0x000001D4E86836A0>
5.7274 	EXP 	text: height = 0.05
5.7274 	EXP 	text: height = 0.05
5.7274 	EXP 	text: height = 0.05
5.7274 	EXP 	text: text = <psychopy.event.Mouse object at 0x000001D4E86836A0>
5.7353 	EXP 	text: height = 0.05
5.7353 	EXP 	text: height = 0.05
5.7353 	EXP 	text: height = 0.05
5.7353 	EXP 	text: text = <psychopy.event.Mouse object at 0x000001D4E86836A0>
5.7434 	EXP 	text: height = 0.05
5.7434 	EXP 	text: height = 0.05
5.7434 	EXP 	text: height = 0.05
5.7434 	EXP 	text: text = <psychopy.event.Mouse object at 0x000001D4E86836A0>
5.7512 	EXP 	text: height = 0.05
5.7512 	EXP 	text: height = 0.05
5.7512 	EXP 	text: height = 0.05
5.7512 	EXP 	text: text = <psychopy.event.Mouse object at 0x000001D4E86836A0>
5.7591 	EXP 	text: height = 0.05
5.7591 	EXP 	text: height = 0.05
5.7591 	EXP 	text: height = 0.05
5.7591 	EXP 	text: text = <psychopy.event.Mouse object at 0x000001D4E86836A0>
5.7670 	EXP 	text: height = 0.05
5.7670 	EXP 	text: height = 0.05
5.7670 	EXP 	text: height = 0.05
5.7670 	EXP 	text: text = <psychopy.event.Mouse object at 0x000001D4E86836A0>
5.7753 	EXP 	text: height = 0.05
5.7753 	EXP 	text: height = 0.05
5.7753 	EXP 	text: height = 0.05
5.7753 	EXP 	text: text = <psychopy.event.Mouse object at 0x000001D4E86836A0>
5.7832 	EXP 	text: height = 0.05
5.7832 	EXP 	text: height = 0.05
5.7832 	EXP 	text: height = 0.05
5.7832 	EXP 	text: text = <psychopy.event.Mouse object at 0x000001D4E86836A0>
5.7911 	EXP 	text: height = 0.05
5.7911 	EXP 	text: height = 0.05
5.7911 	EXP 	text: height = 0.05
5.7911 	EXP 	text: text = <psychopy.event.Mouse object at 0x000001D4E86836A0>
5.7994 	EXP 	text: height = 0.05
5.7994 	EXP 	text: height = 0.05
5.7994 	EXP 	text: height = 0.05
5.7994 	EXP 	text: text = <psychopy.event.Mouse object at 0x000001D4E86836A0>
5.8072 	EXP 	text: height = 0.05
5.8072 	EXP 	text: height = 0.05
5.8072 	EXP 	text: height = 0.05
5.8072 	EXP 	text: text = <psychopy.event.Mouse object at 0x000001D4E86836A0>
5.8148 	EXP 	text: height = 0.05
5.8148 	EXP 	text: height = 0.05
5.8148 	EXP 	text: height = 0.05
5.8148 	EXP 	text: text = <psychopy.event.Mouse object at 0x000001D4E86836A0>
5.8225 	EXP 	text: height = 0.05
5.8225 	EXP 	text: height = 0.05
5.8225 	EXP 	text: height = 0.05
5.8225 	EXP 	text: text = <psychopy.event.Mouse object at 0x000001D4E86836A0>
5.8305 	EXP 	text: height = 0.05
5.8305 	EXP 	text: height = 0.05
5.8305 	EXP 	text: height = 0.05
5.8305 	EXP 	text: text = <psychopy.event.Mouse object at 0x000001D4E86836A0>
5.8381 	EXP 	text: height = 0.05
5.8381 	EXP 	text: height = 0.05
5.8381 	EXP 	text: height = 0.05
5.8381 	EXP 	text: text = <psychopy.event.Mouse object at 0x000001D4E86836A0>
5.8458 	EXP 	text: height = 0.05
5.8458 	EXP 	text: height = 0.05
5.8458 	EXP 	text: height = 0.05
5.8458 	EXP 	text: text = <psychopy.event.Mouse object at 0x000001D4E86836A0>
5.8540 	EXP 	text: height = 0.05
5.8540 	EXP 	text: height = 0.05
5.8540 	EXP 	text: height = 0.05
5.8540 	EXP 	text: text = <psychopy.event.Mouse object at 0x000001D4E86836A0>
5.8621 	EXP 	text: height = 0.05
5.8621 	EXP 	text: height = 0.05
5.8621 	EXP 	text: height = 0.05
5.8621 	EXP 	text: text = <psychopy.event.Mouse object at 0x000001D4E86836A0>
5.8696 	EXP 	text: height = 0.05
5.8696 	EXP 	text: height = 0.05
5.8696 	EXP 	text: height = 0.05
5.8696 	EXP 	text: text = <psychopy.event.Mouse object at 0x000001D4E86836A0>
5.8773 	EXP 	text: height = 0.05
5.8773 	EXP 	text: height = 0.05
5.8773 	EXP 	text: height = 0.05
5.8773 	EXP 	text: text = <psychopy.event.Mouse object at 0x000001D4E86836A0>
5.8848 	EXP 	text: height = 0.05
5.8848 	EXP 	text: height = 0.05
5.8848 	EXP 	text: height = 0.05
5.8848 	EXP 	text: text = <psychopy.event.Mouse object at 0x000001D4E86836A0>
5.8924 	EXP 	text: height = 0.05
5.8924 	EXP 	text: height = 0.05
5.8924 	EXP 	text: height = 0.05
5.8924 	EXP 	text: text = <psychopy.event.Mouse object at 0x000001D4E86836A0>
5.9002 	EXP 	text: height = 0.05
5.9002 	EXP 	text: height = 0.05
5.9002 	EXP 	text: height = 0.05
5.9002 	EXP 	text: text = <psychopy.event.Mouse object at 0x000001D4E86836A0>
5.9078 	EXP 	text: height = 0.05
5.9078 	EXP 	text: height = 0.05
5.9078 	EXP 	text: height = 0.05
5.9078 	EXP 	text: text = <psychopy.event.Mouse object at 0x000001D4E86836A0>
5.9155 	EXP 	text: height = 0.05
5.9155 	EXP 	text: height = 0.05
5.9155 	EXP 	text: height = 0.05
5.9155 	EXP 	text: text = <psychopy.event.Mouse object at 0x000001D4E86836A0>
5.9230 	EXP 	text: height = 0.05
5.9230 	EXP 	text: height = 0.05
5.9230 	EXP 	text: height = 0.05
5.9230 	EXP 	text: text = <psychopy.event.Mouse object at 0x000001D4E86836A0>
5.9308 	EXP 	text: height = 0.05
5.9308 	EXP 	text: height = 0.05
5.9308 	EXP 	text: height = 0.05
5.9308 	EXP 	text: text = <psychopy.event.Mouse object at 0x000001D4E86836A0>
5.9401 	EXP 	text: height = 0.05
5.9401 	EXP 	text: height = 0.05
5.9401 	EXP 	text: height = 0.05
5.9401 	EXP 	text: text = <psychopy.event.Mouse object at 0x000001D4E86836A0>
5.9477 	EXP 	text: height = 0.05
5.9477 	EXP 	text: height = 0.05
5.9477 	EXP 	text: height = 0.05
5.9477 	EXP 	text: text = <psychopy.event.Mouse object at 0x000001D4E86836A0>
5.9556 	EXP 	text: height = 0.05
5.9556 	EXP 	text: height = 0.05
5.9556 	EXP 	text: height = 0.05
5.9556 	EXP 	text: text = <psychopy.event.Mouse object at 0x000001D4E86836A0>
5.9636 	EXP 	text: height = 0.05
5.9636 	EXP 	text: height = 0.05
5.9636 	EXP 	text: height = 0.05
5.9636 	EXP 	text: text = <psychopy.event.Mouse object at 0x000001D4E86836A0>
5.9712 	EXP 	text: height = 0.05
5.9712 	EXP 	text: height = 0.05
5.9712 	EXP 	text: height = 0.05
5.9712 	EXP 	text: text = <psychopy.event.Mouse object at 0x000001D4E86836A0>
5.9791 	EXP 	text: height = 0.05
5.9791 	EXP 	text: height = 0.05
5.9791 	EXP 	text: height = 0.05
5.9791 	EXP 	text: text = <psychopy.event.Mouse object at 0x000001D4E86836A0>
5.9880 	EXP 	text: height = 0.05
5.9880 	EXP 	text: height = 0.05
5.9880 	EXP 	text: height = 0.05
5.9880 	EXP 	text: text = <psychopy.event.Mouse object at 0x000001D4E86836A0>
5.9963 	EXP 	text: height = 0.05
5.9963 	EXP 	text: height = 0.05
5.9963 	EXP 	text: height = 0.05
5.9963 	EXP 	text: text = <psychopy.event.Mouse object at 0x000001D4E86836A0>
6.0040 	EXP 	text: height = 0.05
6.0040 	EXP 	text: height = 0.05
6.0040 	EXP 	text: height = 0.05
6.0040 	EXP 	text: text = <psychopy.event.Mouse object at 0x000001D4E86836A0>
6.0119 	EXP 	text: height = 0.05
6.0119 	EXP 	text: height = 0.05
6.0119 	EXP 	text: height = 0.05
6.0119 	EXP 	text: text = <psychopy.event.Mouse object at 0x000001D4E86836A0>
6.0196 	EXP 	text: height = 0.05
6.0196 	EXP 	text: height = 0.05
6.0196 	EXP 	text: height = 0.05
6.0196 	EXP 	text: text = <psychopy.event.Mouse object at 0x000001D4E86836A0>
6.0273 	EXP 	text: height = 0.05
6.0273 	EXP 	text: height = 0.05
6.0273 	EXP 	text: height = 0.05
6.0273 	EXP 	text: text = <psychopy.event.Mouse object at 0x000001D4E86836A0>
6.0355 	EXP 	text: height = 0.05
6.0355 	EXP 	text: height = 0.05
6.0355 	EXP 	text: height = 0.05
6.0355 	EXP 	text: text = <psychopy.event.Mouse object at 0x000001D4E86836A0>
6.0439 	EXP 	text: height = 0.05
6.0439 	EXP 	text: height = 0.05
6.0439 	EXP 	text: height = 0.05
6.0439 	EXP 	text: text = <psychopy.event.Mouse object at 0x000001D4E86836A0>
6.0518 	EXP 	text: height = 0.05
6.0518 	EXP 	text: height = 0.05
6.0518 	EXP 	text: height = 0.05
6.0518 	EXP 	text: text = <psychopy.event.Mouse object at 0x000001D4E86836A0>
6.0596 	EXP 	text: height = 0.05
6.0596 	EXP 	text: height = 0.05
6.0596 	EXP 	text: height = 0.05
6.0596 	EXP 	text: text = <psychopy.event.Mouse object at 0x000001D4E86836A0>
6.0672 	EXP 	text: height = 0.05
6.0672 	EXP 	text: height = 0.05
6.0672 	EXP 	text: height = 0.05
6.0672 	EXP 	text: text = <psychopy.event.Mouse object at 0x000001D4E86836A0>
6.0752 	EXP 	text: height = 0.05
6.0752 	EXP 	text: height = 0.05
6.0752 	EXP 	text: height = 0.05
6.0752 	EXP 	text: text = <psychopy.event.Mouse object at 0x000001D4E86836A0>
6.0829 	EXP 	text: height = 0.05
6.0829 	EXP 	text: height = 0.05
6.0829 	EXP 	text: height = 0.05
6.0829 	EXP 	text: text = <psychopy.event.Mouse object at 0x000001D4E86836A0>
6.0908 	EXP 	text: height = 0.05
6.0908 	EXP 	text: height = 0.05
6.0908 	EXP 	text: height = 0.05
6.0908 	EXP 	text: text = <psychopy.event.Mouse object at 0x000001D4E86836A0>
6.0984 	EXP 	text: height = 0.05
6.0984 	EXP 	text: height = 0.05
6.0984 	EXP 	text: height = 0.05
6.0984 	EXP 	text: text = <psychopy.event.Mouse object at 0x000001D4E86836A0>
6.1062 	EXP 	text: height = 0.05
6.1062 	EXP 	text: height = 0.05
6.1062 	EXP 	text: height = 0.05
6.1062 	EXP 	text: text = <psychopy.event.Mouse object at 0x000001D4E86836A0>
6.1141 	EXP 	text: height = 0.05
6.1141 	EXP 	text: height = 0.05
6.1141 	EXP 	text: height = 0.05
6.1141 	EXP 	text: text = <psychopy.event.Mouse object at 0x000001D4E86836A0>
6.1217 	EXP 	text: height = 0.05
6.1217 	EXP 	text: height = 0.05
6.1217 	EXP 	text: height = 0.05
6.1217 	EXP 	text: text = <psychopy.event.Mouse object at 0x000001D4E86836A0>
6.1295 	EXP 	text: height = 0.05
6.1295 	EXP 	text: height = 0.05
6.1295 	EXP 	text: height = 0.05
6.1295 	EXP 	text: text = <psychopy.event.Mouse object at 0x000001D4E86836A0>
6.1373 	EXP 	text: height = 0.05
6.1373 	EXP 	text: height = 0.05
6.1373 	EXP 	text: height = 0.05
6.1373 	EXP 	text: text = <psychopy.event.Mouse object at 0x000001D4E86836A0>
6.1449 	EXP 	text: height = 0.05
6.1449 	EXP 	text: height = 0.05
6.1449 	EXP 	text: height = 0.05
6.1449 	EXP 	text: text = <psychopy.event.Mouse object at 0x000001D4E86836A0>
6.1533 	EXP 	text: height = 0.05
6.1533 	EXP 	text: height = 0.05
6.1533 	EXP 	text: height = 0.05
6.1533 	EXP 	text: text = <psychopy.event.Mouse object at 0x000001D4E86836A0>
6.1613 	EXP 	text: height = 0.05
6.1613 	EXP 	text: height = 0.05
6.1613 	EXP 	text: height = 0.05
6.1613 	EXP 	text: text = <psychopy.event.Mouse object at 0x000001D4E86836A0>
6.1690 	EXP 	text: height = 0.05
6.1690 	EXP 	text: height = 0.05
6.1690 	EXP 	text: height = 0.05
6.1690 	EXP 	text: text = <psychopy.event.Mouse object at 0x000001D4E86836A0>
6.1774 	EXP 	text: height = 0.05
6.1774 	EXP 	text: height = 0.05
6.1774 	EXP 	text: height = 0.05
6.1774 	EXP 	text: text = <psychopy.event.Mouse object at 0x000001D4E86836A0>
6.1853 	EXP 	text: height = 0.05
6.1853 	EXP 	text: height = 0.05
6.1853 	EXP 	text: height = 0.05
6.1853 	EXP 	text: text = <psychopy.event.Mouse object at 0x000001D4E86836A0>
6.1932 	EXP 	text: height = 0.05
6.1932 	EXP 	text: height = 0.05
6.1932 	EXP 	text: height = 0.05
6.1932 	EXP 	text: text = <psychopy.event.Mouse object at 0x000001D4E86836A0>
6.2008 	EXP 	text: height = 0.05
6.2008 	EXP 	text: height = 0.05
6.2008 	EXP 	text: height = 0.05
6.2008 	EXP 	text: text = <psychopy.event.Mouse object at 0x000001D4E86836A0>
6.2084 	EXP 	text: height = 0.05
6.2084 	EXP 	text: height = 0.05
6.2084 	EXP 	text: height = 0.05
6.2084 	EXP 	text: text = <psychopy.event.Mouse object at 0x000001D4E86836A0>
6.2161 	EXP 	text: height = 0.05
6.2161 	EXP 	text: height = 0.05
6.2161 	EXP 	text: height = 0.05
6.2161 	EXP 	text: text = <psychopy.event.Mouse object at 0x000001D4E86836A0>
6.2239 	EXP 	text: height = 0.05
6.2239 	EXP 	text: height = 0.05
6.2239 	EXP 	text: height = 0.05
6.2239 	EXP 	text: text = <psychopy.event.Mouse object at 0x000001D4E86836A0>
6.2319 	EXP 	text: height = 0.05
6.2319 	EXP 	text: height = 0.05
6.2319 	EXP 	text: height = 0.05
6.2319 	EXP 	text: text = <psychopy.event.Mouse object at 0x000001D4E86836A0>
6.2396 	EXP 	text: height = 0.05
6.2396 	EXP 	text: height = 0.05
6.2396 	EXP 	text: height = 0.05
6.2396 	EXP 	text: text = <psychopy.event.Mouse object at 0x000001D4E86836A0>
6.2472 	EXP 	text: height = 0.05
6.2472 	EXP 	text: height = 0.05
6.2472 	EXP 	text: height = 0.05
6.2472 	EXP 	text: text = <psychopy.event.Mouse object at 0x000001D4E86836A0>
6.2549 	EXP 	text: height = 0.05
6.2549 	EXP 	text: height = 0.05
6.2549 	EXP 	text: height = 0.05
6.2549 	EXP 	text: text = <psychopy.event.Mouse object at 0x000001D4E86836A0>
6.2624 	EXP 	text: height = 0.05
6.2624 	EXP 	text: height = 0.05
6.2624 	EXP 	text: height = 0.05
6.2624 	EXP 	text: text = <psychopy.event.Mouse object at 0x000001D4E86836A0>
6.2713 	EXP 	text: height = 0.05
6.2713 	EXP 	text: height = 0.05
6.2713 	EXP 	text: height = 0.05
6.2713 	EXP 	text: text = <psychopy.event.Mouse object at 0x000001D4E86836A0>
6.2790 	EXP 	text: height = 0.05
6.2790 	EXP 	text: height = 0.05
6.2790 	EXP 	text: height = 0.05
6.2790 	EXP 	text: text = <psychopy.event.Mouse object at 0x000001D4E86836A0>
6.2864 	EXP 	text: height = 0.05
6.2864 	EXP 	text: height = 0.05
6.2864 	EXP 	text: height = 0.05
6.2864 	EXP 	text: text = <psychopy.event.Mouse object at 0x000001D4E86836A0>
6.2942 	EXP 	text: height = 0.05
6.2942 	EXP 	text: height = 0.05
6.2942 	EXP 	text: height = 0.05
6.2942 	EXP 	text: text = <psychopy.event.Mouse object at 0x000001D4E86836A0>
6.3017 	EXP 	text: height = 0.05
6.3017 	EXP 	text: height = 0.05
6.3017 	EXP 	text: height = 0.05
6.3017 	EXP 	text: text = <psychopy.event.Mouse object at 0x000001D4E86836A0>
6.3095 	EXP 	text: height = 0.05
6.3095 	EXP 	text: height = 0.05
6.3095 	EXP 	text: height = 0.05
6.3095 	EXP 	text: text = <psychopy.event.Mouse object at 0x000001D4E86836A0>
6.3190 	EXP 	text: height = 0.05
6.3190 	EXP 	text: height = 0.05
6.3190 	EXP 	text: height = 0.05
6.3190 	EXP 	text: text = <psychopy.event.Mouse object at 0x000001D4E86836A0>
6.3268 	EXP 	text: height = 0.05
6.3268 	EXP 	text: height = 0.05
6.3268 	EXP 	text: height = 0.05
6.3268 	EXP 	text: text = <psychopy.event.Mouse object at 0x000001D4E86836A0>
6.3348 	EXP 	text: height = 0.05
6.3348 	EXP 	text: height = 0.05
6.3348 	EXP 	text: height = 0.05
6.3348 	EXP 	text: text = <psychopy.event.Mouse object at 0x000001D4E86836A0>
6.3421 	EXP 	text: height = 0.05
6.3421 	EXP 	text: height = 0.05
6.3421 	EXP 	text: height = 0.05
6.3421 	EXP 	text: text = <psychopy.event.Mouse object at 0x000001D4E86836A0>
6.3497 	EXP 	text: height = 0.05
6.3497 	EXP 	text: height = 0.05
6.3497 	EXP 	text: height = 0.05
6.3497 	EXP 	text: text = <psychopy.event.Mouse object at 0x000001D4E86836A0>
6.3573 	EXP 	text: height = 0.05
6.3573 	EXP 	text: height = 0.05
6.3573 	EXP 	text: height = 0.05
6.3573 	EXP 	text: text = <psychopy.event.Mouse object at 0x000001D4E86836A0>
6.3669 	EXP 	text: height = 0.05
6.3669 	EXP 	text: height = 0.05
6.3669 	EXP 	text: height = 0.05
6.3669 	EXP 	text: text = <psychopy.event.Mouse object at 0x000001D4E86836A0>
6.3748 	EXP 	text: height = 0.05
6.3748 	EXP 	text: height = 0.05
6.3748 	EXP 	text: height = 0.05
6.3748 	EXP 	text: text = <psychopy.event.Mouse object at 0x000001D4E86836A0>
6.3825 	EXP 	text: height = 0.05
6.3825 	EXP 	text: height = 0.05
6.3825 	EXP 	text: height = 0.05
6.3825 	EXP 	text: text = <psychopy.event.Mouse object at 0x000001D4E86836A0>
6.3901 	EXP 	text: height = 0.05
6.3901 	EXP 	text: height = 0.05
6.3901 	EXP 	text: height = 0.05
6.3901 	EXP 	text: text = <psychopy.event.Mouse object at 0x000001D4E86836A0>
6.3974 	EXP 	text: height = 0.05
6.3974 	EXP 	text: height = 0.05
6.3974 	EXP 	text: height = 0.05
6.3974 	EXP 	text: text = <psychopy.event.Mouse object at 0x000001D4E86836A0>
6.4049 	EXP 	text: height = 0.05
6.4049 	EXP 	text: height = 0.05
6.4049 	EXP 	text: height = 0.05
6.4049 	EXP 	text: text = <psychopy.event.Mouse object at 0x000001D4E86836A0>
6.4138 	EXP 	text: height = 0.05
6.4138 	EXP 	text: height = 0.05
6.4138 	EXP 	text: height = 0.05
6.4138 	EXP 	text: text = <psychopy.event.Mouse object at 0x000001D4E86836A0>
6.4214 	EXP 	text: height = 0.05
6.4214 	EXP 	text: height = 0.05
6.4214 	EXP 	text: height = 0.05
6.4214 	EXP 	text: text = <psychopy.event.Mouse object at 0x000001D4E86836A0>
6.4290 	EXP 	text: height = 0.05
6.4290 	EXP 	text: height = 0.05
6.4290 	EXP 	text: height = 0.05
6.4290 	EXP 	text: text = <psychopy.event.Mouse object at 0x000001D4E86836A0>
6.4363 	EXP 	text: height = 0.05
6.4363 	EXP 	text: height = 0.05
6.4363 	EXP 	text: height = 0.05
6.4363 	EXP 	text: text = <psychopy.event.Mouse object at 0x000001D4E86836A0>
6.4456 	EXP 	text: height = 0.05
6.4456 	EXP 	text: height = 0.05
6.4456 	EXP 	text: height = 0.05
6.4456 	EXP 	text: text = <psychopy.event.Mouse object at 0x000001D4E86836A0>
6.4532 	EXP 	text: height = 0.05
6.4532 	EXP 	text: height = 0.05
6.4532 	EXP 	text: height = 0.05
6.4532 	EXP 	text: text = <psychopy.event.Mouse object at 0x000001D4E86836A0>
6.4607 	EXP 	text: height = 0.05
6.4607 	EXP 	text: height = 0.05
6.4607 	EXP 	text: height = 0.05
6.4607 	EXP 	text: text = <psychopy.event.Mouse object at 0x000001D4E86836A0>
6.4681 	EXP 	text: height = 0.05
6.4681 	EXP 	text: height = 0.05
6.4681 	EXP 	text: height = 0.05
6.4681 	EXP 	text: text = <psychopy.event.Mouse object at 0x000001D4E86836A0>
6.4776 	EXP 	text: height = 0.05
6.4776 	EXP 	text: height = 0.05
6.4776 	EXP 	text: height = 0.05
6.4776 	EXP 	text: text = <psychopy.event.Mouse object at 0x000001D4E86836A0>
6.4854 	EXP 	text: height = 0.05
6.4854 	EXP 	text: height = 0.05
6.4854 	EXP 	text: height = 0.05
6.4854 	EXP 	text: text = <psychopy.event.Mouse object at 0x000001D4E86836A0>
6.4931 	EXP 	text: height = 0.05
6.4931 	EXP 	text: height = 0.05
6.4931 	EXP 	text: height = 0.05
6.4931 	EXP 	text: text = <psychopy.event.Mouse object at 0x000001D4E86836A0>
6.5003 	EXP 	text: height = 0.05
6.5003 	EXP 	text: height = 0.05
6.5003 	EXP 	text: height = 0.05
6.5003 	EXP 	text: text = <psychopy.event.Mouse object at 0x000001D4E86836A0>
6.5078 	EXP 	text: height = 0.05
6.5078 	EXP 	text: height = 0.05
6.5078 	EXP 	text: height = 0.05
6.5078 	EXP 	text: text = <psychopy.event.Mouse object at 0x000001D4E86836A0>
6.5150 	EXP 	text: height = 0.05
6.5150 	EXP 	text: height = 0.05
6.5150 	EXP 	text: height = 0.05
6.5150 	EXP 	text: text = <psychopy.event.Mouse object at 0x000001D4E86836A0>
6.5236 	EXP 	text: height = 0.05
6.5236 	EXP 	text: height = 0.05
6.5236 	EXP 	text: height = 0.05
6.5236 	EXP 	text: text = <psychopy.event.Mouse object at 0x000001D4E86836A0>
6.5312 	EXP 	text: height = 0.05
6.5312 	EXP 	text: height = 0.05
6.5312 	EXP 	text: height = 0.05
6.5312 	EXP 	text: text = <psychopy.event.Mouse object at 0x000001D4E86836A0>
6.5393 	EXP 	text: height = 0.05
6.5393 	EXP 	text: height = 0.05
6.5393 	EXP 	text: height = 0.05
6.5393 	EXP 	text: text = <psychopy.event.Mouse object at 0x000001D4E86836A0>
6.5471 	EXP 	text: height = 0.05
6.5471 	EXP 	text: height = 0.05
6.5471 	EXP 	text: height = 0.05
6.5471 	EXP 	text: text = <psychopy.event.Mouse object at 0x000001D4E86836A0>
6.5553 	EXP 	text: height = 0.05
6.5553 	EXP 	text: height = 0.05
6.5553 	EXP 	text: height = 0.05
6.5553 	EXP 	text: text = <psychopy.event.Mouse object at 0x000001D4E86836A0>
6.5632 	EXP 	text: height = 0.05
6.5632 	EXP 	text: height = 0.05
6.5632 	EXP 	text: height = 0.05
6.5632 	EXP 	text: text = <psychopy.event.Mouse object at 0x000001D4E86836A0>
6.5706 	EXP 	text: height = 0.05
6.5706 	EXP 	text: height = 0.05
6.5706 	EXP 	text: height = 0.05
6.5706 	EXP 	text: text = <psychopy.event.Mouse object at 0x000001D4E86836A0>
6.5781 	EXP 	text: height = 0.05
6.5781 	EXP 	text: height = 0.05
6.5781 	EXP 	text: height = 0.05
6.5781 	EXP 	text: text = <psychopy.event.Mouse object at 0x000001D4E86836A0>
6.5862 	EXP 	text: height = 0.05
6.5862 	EXP 	text: height = 0.05
6.5862 	EXP 	text: height = 0.05
6.5862 	EXP 	text: text = <psychopy.event.Mouse object at 0x000001D4E86836A0>
6.5939 	EXP 	text: height = 0.05
6.5939 	EXP 	text: height = 0.05
6.5939 	EXP 	text: height = 0.05
6.5939 	EXP 	text: text = <psychopy.event.Mouse object at 0x000001D4E86836A0>
6.6013 	EXP 	text: height = 0.05
6.6013 	EXP 	text: height = 0.05
6.6013 	EXP 	text: height = 0.05
6.6013 	EXP 	text: text = <psychopy.event.Mouse object at 0x000001D4E86836A0>
6.6090 	EXP 	text: height = 0.05
6.6090 	EXP 	text: height = 0.05
6.6090 	EXP 	text: height = 0.05
6.6090 	EXP 	text: text = <psychopy.event.Mouse object at 0x000001D4E86836A0>
6.6181 	EXP 	text: height = 0.05
6.6181 	EXP 	text: height = 0.05
6.6181 	EXP 	text: height = 0.05
6.6181 	EXP 	text: text = <psychopy.event.Mouse object at 0x000001D4E86836A0>
6.6260 	EXP 	text: height = 0.05
6.6260 	EXP 	text: height = 0.05
6.6260 	EXP 	text: height = 0.05
6.6260 	EXP 	text: text = <psychopy.event.Mouse object at 0x000001D4E86836A0>
6.6342 	EXP 	text: height = 0.05
6.6342 	EXP 	text: height = 0.05
6.6342 	EXP 	text: height = 0.05
6.6342 	EXP 	text: text = <psychopy.event.Mouse object at 0x000001D4E86836A0>
6.6413 	EXP 	text: height = 0.05
6.6413 	EXP 	text: height = 0.05
6.6413 	EXP 	text: height = 0.05
6.6413 	EXP 	text: text = <psychopy.event.Mouse object at 0x000001D4E86836A0>
6.6502 	EXP 	text: height = 0.05
6.6502 	EXP 	text: height = 0.05
6.6502 	EXP 	text: height = 0.05
6.6502 	EXP 	text: text = <psychopy.event.Mouse object at 0x000001D4E86836A0>
6.6579 	EXP 	text: height = 0.05
6.6579 	EXP 	text: height = 0.05
6.6579 	EXP 	text: height = 0.05
6.6579 	EXP 	text: text = <psychopy.event.Mouse object at 0x000001D4E86836A0>
6.6658 	EXP 	text: height = 0.05
6.6658 	EXP 	text: height = 0.05
6.6658 	EXP 	text: height = 0.05
6.6658 	EXP 	text: text = <psychopy.event.Mouse object at 0x000001D4E86836A0>
6.6733 	EXP 	text: height = 0.05
6.6733 	EXP 	text: height = 0.05
6.6733 	EXP 	text: height = 0.05
6.6733 	EXP 	text: text = <psychopy.event.Mouse object at 0x000001D4E86836A0>
6.6810 	EXP 	text: height = 0.05
6.6810 	EXP 	text: height = 0.05
6.6810 	EXP 	text: height = 0.05
6.6810 	EXP 	text: text = <psychopy.event.Mouse object at 0x000001D4E86836A0>
6.6885 	EXP 	text: height = 0.05
6.6885 	EXP 	text: height = 0.05
6.6885 	EXP 	text: height = 0.05
6.6885 	EXP 	text: text = <psychopy.event.Mouse object at 0x000001D4E86836A0>
6.6957 	EXP 	text: height = 0.05
6.6957 	EXP 	text: height = 0.05
6.6957 	EXP 	text: height = 0.05
6.6957 	EXP 	text: text = <psychopy.event.Mouse object at 0x000001D4E86836A0>
6.7034 	EXP 	text: height = 0.05
6.7034 	EXP 	text: height = 0.05
6.7034 	EXP 	text: height = 0.05
6.7034 	EXP 	text: text = <psychopy.event.Mouse object at 0x000001D4E86836A0>
6.7129 	EXP 	text: height = 0.05
6.7129 	EXP 	text: height = 0.05
6.7129 	EXP 	text: height = 0.05
6.7129 	EXP 	text: text = <psychopy.event.Mouse object at 0x000001D4E86836A0>
6.7205 	EXP 	text: height = 0.05
6.7205 	EXP 	text: height = 0.05
6.7205 	EXP 	text: height = 0.05
6.7205 	EXP 	text: text = <psychopy.event.Mouse object at 0x000001D4E86836A0>
6.7278 	EXP 	text: height = 0.05
6.7278 	EXP 	text: height = 0.05
6.7278 	EXP 	text: height = 0.05
6.7278 	EXP 	text: text = <psychopy.event.Mouse object at 0x000001D4E86836A0>
6.7351 	EXP 	text: height = 0.05
6.7351 	EXP 	text: height = 0.05
6.7351 	EXP 	text: height = 0.05
6.7351 	EXP 	text: text = <psychopy.event.Mouse object at 0x000001D4E86836A0>
6.7448 	EXP 	text: height = 0.05
6.7448 	EXP 	text: height = 0.05
6.7448 	EXP 	text: height = 0.05
6.7448 	EXP 	text: text = <psychopy.event.Mouse object at 0x000001D4E86836A0>
6.7523 	EXP 	text: height = 0.05
6.7523 	EXP 	text: height = 0.05
6.7523 	EXP 	text: height = 0.05
6.7523 	EXP 	text: text = <psychopy.event.Mouse object at 0x000001D4E86836A0>
6.7596 	EXP 	text: height = 0.05
6.7596 	EXP 	text: height = 0.05
6.7596 	EXP 	text: height = 0.05
6.7596 	EXP 	text: text = <psychopy.event.Mouse object at 0x000001D4E86836A0>
6.7670 	EXP 	text: height = 0.05
6.7670 	EXP 	text: height = 0.05
6.7670 	EXP 	text: height = 0.05
6.7670 	EXP 	text: text = <psychopy.event.Mouse object at 0x000001D4E86836A0>
6.7758 	EXP 	text: height = 0.05
6.7758 	EXP 	text: height = 0.05
6.7758 	EXP 	text: height = 0.05
6.7758 	EXP 	text: text = <psychopy.event.Mouse object at 0x000001D4E86836A0>
6.7834 	EXP 	text: height = 0.05
6.7834 	EXP 	text: height = 0.05
6.7834 	EXP 	text: height = 0.05
6.7834 	EXP 	text: text = <psychopy.event.Mouse object at 0x000001D4E86836A0>
6.7911 	EXP 	text: height = 0.05
6.7911 	EXP 	text: height = 0.05
6.7911 	EXP 	text: height = 0.05
6.7911 	EXP 	text: text = <psychopy.event.Mouse object at 0x000001D4E86836A0>
6.7983 	EXP 	text: height = 0.05
6.7983 	EXP 	text: height = 0.05
6.7983 	EXP 	text: height = 0.05
6.7983 	EXP 	text: text = <psychopy.event.Mouse object at 0x000001D4E86836A0>
6.8077 	EXP 	text: height = 0.05
6.8077 	EXP 	text: height = 0.05
6.8077 	EXP 	text: height = 0.05
6.8077 	EXP 	text: text = <psychopy.event.Mouse object at 0x000001D4E86836A0>
6.8152 	EXP 	text: height = 0.05
6.8152 	EXP 	text: height = 0.05
6.8152 	EXP 	text: height = 0.05
6.8152 	EXP 	text: text = <psychopy.event.Mouse object at 0x000001D4E86836A0>
6.8231 	EXP 	text: height = 0.05
6.8231 	EXP 	text: height = 0.05
6.8231 	EXP 	text: height = 0.05
6.8231 	EXP 	text: text = <psychopy.event.Mouse object at 0x000001D4E86836A0>
6.8303 	EXP 	text: height = 0.05
6.8303 	EXP 	text: height = 0.05
6.8303 	EXP 	text: height = 0.05
6.8303 	EXP 	text: text = <psychopy.event.Mouse object at 0x000001D4E86836A0>
6.8376 	EXP 	text: height = 0.05
6.8376 	EXP 	text: height = 0.05
6.8376 	EXP 	text: height = 0.05
6.8376 	EXP 	text: text = <psychopy.event.Mouse object at 0x000001D4E86836A0>
6.8451 	EXP 	text: height = 0.05
6.8451 	EXP 	text: height = 0.05
6.8451 	EXP 	text: height = 0.05
6.8451 	EXP 	text: text = <psychopy.event.Mouse object at 0x000001D4E86836A0>
6.8523 	EXP 	text: height = 0.05
6.8523 	EXP 	text: height = 0.05
6.8523 	EXP 	text: height = 0.05
6.8523 	EXP 	text: text = <psychopy.event.Mouse object at 0x000001D4E86836A0>
6.8603 	EXP 	text: height = 0.05
6.8603 	EXP 	text: height = 0.05
6.8603 	EXP 	text: height = 0.05
6.8603 	EXP 	text: text = <psychopy.event.Mouse object at 0x000001D4E86836A0>
6.8679 	EXP 	text: height = 0.05
6.8679 	EXP 	text: height = 0.05
6.8679 	EXP 	text: height = 0.05
6.8679 	EXP 	text: text = <psychopy.event.Mouse object at 0x000001D4E86836A0>
6.8751 	EXP 	text: height = 0.05
6.8751 	EXP 	text: height = 0.05
6.8751 	EXP 	text: height = 0.05
6.8751 	EXP 	text: text = <psychopy.event.Mouse object at 0x000001D4E86836A0>
6.8825 	EXP 	text: height = 0.05
6.8825 	EXP 	text: height = 0.05
6.8825 	EXP 	text: height = 0.05
6.8825 	EXP 	text: text = <psychopy.event.Mouse object at 0x000001D4E86836A0>
6.8897 	EXP 	text: height = 0.05
6.8897 	EXP 	text: height = 0.05
6.8897 	EXP 	text: height = 0.05
6.8897 	EXP 	text: text = <psychopy.event.Mouse object at 0x000001D4E86836A0>
6.8972 	EXP 	text: height = 0.05
6.8972 	EXP 	text: height = 0.05
6.8972 	EXP 	text: height = 0.05
6.8972 	EXP 	text: text = <psychopy.event.Mouse object at 0x000001D4E86836A0>
6.9047 	EXP 	text: height = 0.05
6.9047 	EXP 	text: height = 0.05
6.9047 	EXP 	text: height = 0.05
6.9047 	EXP 	text: text = <psychopy.event.Mouse object at 0x000001D4E86836A0>
6.9122 	EXP 	text: height = 0.05
6.9122 	EXP 	text: height = 0.05
6.9122 	EXP 	text: height = 0.05
6.9122 	EXP 	text: text = <psychopy.event.Mouse object at 0x000001D4E86836A0>
6.9196 	EXP 	text: height = 0.05
6.9196 	EXP 	text: height = 0.05
6.9196 	EXP 	text: height = 0.05
6.9196 	EXP 	text: text = <psychopy.event.Mouse object at 0x000001D4E86836A0>
6.9269 	EXP 	text: height = 0.05
6.9269 	EXP 	text: height = 0.05
6.9269 	EXP 	text: height = 0.05
6.9269 	EXP 	text: text = <psychopy.event.Mouse object at 0x000001D4E86836A0>
6.9344 	EXP 	text: height = 0.05
6.9344 	EXP 	text: height = 0.05
6.9344 	EXP 	text: height = 0.05
6.9344 	EXP 	text: text = <psychopy.event.Mouse object at 0x000001D4E86836A0>
6.9417 	EXP 	text: height = 0.05
6.9417 	EXP 	text: height = 0.05
6.9417 	EXP 	text: height = 0.05
6.9417 	EXP 	text: text = <psychopy.event.Mouse object at 0x000001D4E86836A0>
6.9491 	EXP 	text: height = 0.05
6.9491 	EXP 	text: height = 0.05
6.9491 	EXP 	text: height = 0.05
6.9491 	EXP 	text: text = <psychopy.event.Mouse object at 0x000001D4E86836A0>
6.9567 	EXP 	text: height = 0.05
6.9567 	EXP 	text: height = 0.05
6.9567 	EXP 	text: height = 0.05
6.9567 	EXP 	text: text = <psychopy.event.Mouse object at 0x000001D4E86836A0>
6.9641 	EXP 	text: height = 0.05
6.9641 	EXP 	text: height = 0.05
6.9641 	EXP 	text: height = 0.05
6.9641 	EXP 	text: text = <psychopy.event.Mouse object at 0x000001D4E86836A0>
6.9718 	EXP 	text: height = 0.05
6.9718 	EXP 	text: height = 0.05
6.9718 	EXP 	text: height = 0.05
6.9718 	EXP 	text: text = <psychopy.event.Mouse object at 0x000001D4E86836A0>
6.9792 	EXP 	text: height = 0.05
6.9792 	EXP 	text: height = 0.05
6.9792 	EXP 	text: height = 0.05
6.9792 	EXP 	text: text = <psychopy.event.Mouse object at 0x000001D4E86836A0>
6.9864 	EXP 	text: height = 0.05
6.9864 	EXP 	text: height = 0.05
6.9864 	EXP 	text: height = 0.05
6.9864 	EXP 	text: text = <psychopy.event.Mouse object at 0x000001D4E86836A0>
6.9948 	EXP 	text: height = 0.05
6.9948 	EXP 	text: height = 0.05
6.9948 	EXP 	text: height = 0.05
6.9948 	EXP 	text: text = <psychopy.event.Mouse object at 0x000001D4E86836A0>
7.0023 	EXP 	text: height = 0.05
7.0023 	EXP 	text: height = 0.05
7.0023 	EXP 	text: height = 0.05
7.0023 	EXP 	text: text = <psychopy.event.Mouse object at 0x000001D4E86836A0>
7.0102 	EXP 	text: height = 0.05
7.0102 	EXP 	text: height = 0.05
7.0102 	EXP 	text: height = 0.05
7.0102 	EXP 	text: text = <psychopy.event.Mouse object at 0x000001D4E86836A0>
7.0174 	EXP 	text: height = 0.05
7.0174 	EXP 	text: height = 0.05
7.0174 	EXP 	text: height = 0.05
7.0174 	EXP 	text: text = <psychopy.event.Mouse object at 0x000001D4E86836A0>
7.0250 	EXP 	text: height = 0.05
7.0250 	EXP 	text: height = 0.05
7.0250 	EXP 	text: height = 0.05
7.0250 	EXP 	text: text = <psychopy.event.Mouse object at 0x000001D4E86836A0>
7.0323 	EXP 	text: height = 0.05
7.0323 	EXP 	text: height = 0.05
7.0323 	EXP 	text: height = 0.05
7.0323 	EXP 	text: text = <psychopy.event.Mouse object at 0x000001D4E86836A0>
7.0399 	EXP 	text: height = 0.05
7.0399 	EXP 	text: height = 0.05
7.0399 	EXP 	text: height = 0.05
7.0399 	EXP 	text: text = <psychopy.event.Mouse object at 0x000001D4E86836A0>
7.0479 	EXP 	text: height = 0.05
7.0479 	EXP 	text: height = 0.05
7.0479 	EXP 	text: height = 0.05
7.0479 	EXP 	text: text = <psychopy.event.Mouse object at 0x000001D4E86836A0>
7.0552 	EXP 	text: height = 0.05
7.0552 	EXP 	text: height = 0.05
7.0552 	EXP 	text: height = 0.05
7.0552 	EXP 	text: text = <psychopy.event.Mouse object at 0x000001D4E86836A0>
7.0625 	EXP 	text: height = 0.05
7.0625 	EXP 	text: height = 0.05
7.0625 	EXP 	text: height = 0.05
7.0625 	EXP 	text: text = <psychopy.event.Mouse object at 0x000001D4E86836A0>
7.0702 	EXP 	text: height = 0.05
7.0702 	EXP 	text: height = 0.05
7.0702 	EXP 	text: height = 0.05
7.0702 	EXP 	text: text = <psychopy.event.Mouse object at 0x000001D4E86836A0>
7.0775 	EXP 	text: height = 0.05
7.0775 	EXP 	text: height = 0.05
7.0775 	EXP 	text: height = 0.05
7.0775 	EXP 	text: text = <psychopy.event.Mouse object at 0x000001D4E86836A0>
7.0851 	EXP 	text: height = 0.05
7.0851 	EXP 	text: height = 0.05
7.0851 	EXP 	text: height = 0.05
7.0851 	EXP 	text: text = <psychopy.event.Mouse object at 0x000001D4E86836A0>
7.0926 	EXP 	text: height = 0.05
7.0926 	EXP 	text: height = 0.05
7.0926 	EXP 	text: height = 0.05
7.0926 	EXP 	text: text = <psychopy.event.Mouse object at 0x000001D4E86836A0>
7.1001 	EXP 	text: height = 0.05
7.1001 	EXP 	text: height = 0.05
7.1001 	EXP 	text: height = 0.05
7.1001 	EXP 	text: text = <psychopy.event.Mouse object at 0x000001D4E86836A0>
7.1075 	EXP 	text: height = 0.05
7.1075 	EXP 	text: height = 0.05
7.1075 	EXP 	text: height = 0.05
7.1075 	EXP 	text: text = <psychopy.event.Mouse object at 0x000001D4E86836A0>
7.1149 	EXP 	text: height = 0.05
7.1149 	EXP 	text: height = 0.05
7.1149 	EXP 	text: height = 0.05
7.1149 	EXP 	text: text = <psychopy.event.Mouse object at 0x000001D4E86836A0>
7.1226 	EXP 	text: height = 0.05
7.1226 	EXP 	text: height = 0.05
7.1226 	EXP 	text: height = 0.05
7.1226 	EXP 	text: text = <psychopy.event.Mouse object at 0x000001D4E86836A0>
7.1306 	EXP 	text: height = 0.05
7.1306 	EXP 	text: height = 0.05
7.1306 	EXP 	text: height = 0.05
7.1306 	EXP 	text: text = <psychopy.event.Mouse object at 0x000001D4E86836A0>
7.1383 	EXP 	text: height = 0.05
7.1383 	EXP 	text: height = 0.05
7.1383 	EXP 	text: height = 0.05
7.1383 	EXP 	text: text = <psychopy.event.Mouse object at 0x000001D4E86836A0>
7.1461 	EXP 	text: height = 0.05
7.1461 	EXP 	text: height = 0.05
7.1461 	EXP 	text: height = 0.05
7.1461 	EXP 	text: text = <psychopy.event.Mouse object at 0x000001D4E86836A0>
7.1539 	EXP 	text: height = 0.05
7.1539 	EXP 	text: height = 0.05
7.1539 	EXP 	text: height = 0.05
7.1539 	EXP 	text: text = <psychopy.event.Mouse object at 0x000001D4E86836A0>
7.1616 	EXP 	text: height = 0.05
7.1616 	EXP 	text: height = 0.05
7.1616 	EXP 	text: height = 0.05
7.1616 	EXP 	text: text = <psychopy.event.Mouse object at 0x000001D4E86836A0>
7.1699 	EXP 	text: height = 0.05
7.1699 	EXP 	text: height = 0.05
7.1699 	EXP 	text: height = 0.05
7.1699 	EXP 	text: text = <psychopy.event.Mouse object at 0x000001D4E86836A0>
7.1778 	EXP 	text: height = 0.05
7.1778 	EXP 	text: height = 0.05
7.1778 	EXP 	text: height = 0.05
7.1778 	EXP 	text: text = <psychopy.event.Mouse object at 0x000001D4E86836A0>
7.1857 	EXP 	text: height = 0.05
7.1857 	EXP 	text: height = 0.05
7.1857 	EXP 	text: height = 0.05
7.1857 	EXP 	text: text = <psychopy.event.Mouse object at 0x000001D4E86836A0>
7.1936 	EXP 	text: height = 0.05
7.1936 	EXP 	text: height = 0.05
7.1936 	EXP 	text: height = 0.05
7.1936 	EXP 	text: text = <psychopy.event.Mouse object at 0x000001D4E86836A0>
7.2016 	EXP 	text: height = 0.05
7.2016 	EXP 	text: height = 0.05
7.2016 	EXP 	text: height = 0.05
7.2016 	EXP 	text: text = <psychopy.event.Mouse object at 0x000001D4E86836A0>
7.2095 	EXP 	text: height = 0.05
7.2095 	EXP 	text: height = 0.05
7.2095 	EXP 	text: height = 0.05
7.2095 	EXP 	text: text = <psychopy.event.Mouse object at 0x000001D4E86836A0>
7.2177 	EXP 	text: height = 0.05
7.2177 	EXP 	text: height = 0.05
7.2177 	EXP 	text: height = 0.05
7.2177 	EXP 	text: text = <psychopy.event.Mouse object at 0x000001D4E86836A0>
7.2256 	EXP 	text: height = 0.05
7.2256 	EXP 	text: height = 0.05
7.2256 	EXP 	text: height = 0.05
7.2256 	EXP 	text: text = <psychopy.event.Mouse object at 0x000001D4E86836A0>
7.2334 	EXP 	text: height = 0.05
7.2334 	EXP 	text: height = 0.05
7.2334 	EXP 	text: height = 0.05
7.2334 	EXP 	text: text = <psychopy.event.Mouse object at 0x000001D4E86836A0>
7.2413 	EXP 	text: height = 0.05
7.2413 	EXP 	text: height = 0.05
7.2413 	EXP 	text: height = 0.05
7.2413 	EXP 	text: text = <psychopy.event.Mouse object at 0x000001D4E86836A0>
7.2486 	EXP 	text: height = 0.05
7.2486 	EXP 	text: height = 0.05
7.2486 	EXP 	text: height = 0.05
7.2486 	EXP 	text: text = <psychopy.event.Mouse object at 0x000001D4E86836A0>
7.2561 	EXP 	text: height = 0.05
7.2561 	EXP 	text: height = 0.05
7.2561 	EXP 	text: height = 0.05
7.2561 	EXP 	text: text = <psychopy.event.Mouse object at 0x000001D4E86836A0>
7.2635 	EXP 	text: height = 0.05
7.2635 	EXP 	text: height = 0.05
7.2635 	EXP 	text: height = 0.05
7.2635 	EXP 	text: text = <psychopy.event.Mouse object at 0x000001D4E86836A0>
7.2708 	EXP 	text: height = 0.05
7.2708 	EXP 	text: height = 0.05
7.2708 	EXP 	text: height = 0.05
7.2708 	EXP 	text: text = <psychopy.event.Mouse object at 0x000001D4E86836A0>
7.2785 	EXP 	text: height = 0.05
7.2785 	EXP 	text: height = 0.05
7.2785 	EXP 	text: height = 0.05
7.2785 	EXP 	text: text = <psychopy.event.Mouse object at 0x000001D4E86836A0>
7.2860 	EXP 	text: height = 0.05
7.2860 	EXP 	text: height = 0.05
7.2860 	EXP 	text: height = 0.05
7.2860 	EXP 	text: text = <psychopy.event.Mouse object at 0x000001D4E86836A0>
7.2935 	EXP 	text: height = 0.05
7.2935 	EXP 	text: height = 0.05
7.2935 	EXP 	text: height = 0.05
7.2935 	EXP 	text: text = <psychopy.event.Mouse object at 0x000001D4E86836A0>
7.3009 	EXP 	text: height = 0.05
7.3009 	EXP 	text: height = 0.05
7.3009 	EXP 	text: height = 0.05
7.3009 	EXP 	text: text = <psychopy.event.Mouse object at 0x000001D4E86836A0>
7.3082 	EXP 	text: height = 0.05
7.3082 	EXP 	text: height = 0.05
7.3082 	EXP 	text: height = 0.05
7.3082 	EXP 	text: text = <psychopy.event.Mouse object at 0x000001D4E86836A0>
7.3158 	EXP 	text: height = 0.05
7.3158 	EXP 	text: height = 0.05
7.3158 	EXP 	text: height = 0.05
7.3158 	EXP 	text: text = <psychopy.event.Mouse object at 0x000001D4E86836A0>
7.3253 	EXP 	text: height = 0.05
7.3253 	EXP 	text: height = 0.05
7.3253 	EXP 	text: height = 0.05
7.3253 	EXP 	text: text = <psychopy.event.Mouse object at 0x000001D4E86836A0>
7.3328 	EXP 	text: height = 0.05
7.3328 	EXP 	text: height = 0.05
7.3328 	EXP 	text: height = 0.05
7.3328 	EXP 	text: text = <psychopy.event.Mouse object at 0x000001D4E86836A0>
7.3403 	EXP 	text: height = 0.05
7.3403 	EXP 	text: height = 0.05
7.3403 	EXP 	text: height = 0.05
7.3403 	EXP 	text: text = <psychopy.event.Mouse object at 0x000001D4E86836A0>
7.3476 	EXP 	text: height = 0.05
7.3476 	EXP 	text: height = 0.05
7.3476 	EXP 	text: height = 0.05
7.3476 	EXP 	text: text = <psychopy.event.Mouse object at 0x000001D4E86836A0>
7.3555 	EXP 	text: height = 0.05
7.3555 	EXP 	text: height = 0.05
7.3555 	EXP 	text: height = 0.05
7.3555 	EXP 	text: text = <psychopy.event.Mouse object at 0x000001D4E86836A0>
7.3629 	EXP 	text: height = 0.05
7.3629 	EXP 	text: height = 0.05
7.3629 	EXP 	text: height = 0.05
7.3629 	EXP 	text: text = <psychopy.event.Mouse object at 0x000001D4E86836A0>
7.3703 	EXP 	text: height = 0.05
7.3703 	EXP 	text: height = 0.05
7.3703 	EXP 	text: height = 0.05
7.3703 	EXP 	text: text = <psychopy.event.Mouse object at 0x000001D4E86836A0>
7.3780 	EXP 	text: height = 0.05
7.3780 	EXP 	text: height = 0.05
7.3780 	EXP 	text: height = 0.05
7.3780 	EXP 	text: text = <psychopy.event.Mouse object at 0x000001D4E86836A0>
7.3855 	EXP 	text: height = 0.05
7.3855 	EXP 	text: height = 0.05
7.3855 	EXP 	text: height = 0.05
7.3855 	EXP 	text: text = <psychopy.event.Mouse object at 0x000001D4E86836A0>
7.3930 	EXP 	text: height = 0.05
7.3930 	EXP 	text: height = 0.05
7.3930 	EXP 	text: height = 0.05
7.3930 	EXP 	text: text = <psychopy.event.Mouse object at 0x000001D4E86836A0>
7.4006 	EXP 	text: height = 0.05
7.4006 	EXP 	text: height = 0.05
7.4006 	EXP 	text: height = 0.05
7.4006 	EXP 	text: text = <psychopy.event.Mouse object at 0x000001D4E86836A0>
7.4080 	EXP 	text: height = 0.05
7.4080 	EXP 	text: height = 0.05
7.4080 	EXP 	text: height = 0.05
7.4080 	EXP 	text: text = <psychopy.event.Mouse object at 0x000001D4E86836A0>
7.4153 	EXP 	text: height = 0.05
7.4153 	EXP 	text: height = 0.05
7.4153 	EXP 	text: height = 0.05
7.4153 	EXP 	text: text = <psychopy.event.Mouse object at 0x000001D4E86836A0>
7.4231 	EXP 	text: height = 0.05
7.4231 	EXP 	text: height = 0.05
7.4231 	EXP 	text: height = 0.05
7.4231 	EXP 	text: text = <psychopy.event.Mouse object at 0x000001D4E86836A0>
7.4308 	EXP 	text: height = 0.05
7.4308 	EXP 	text: height = 0.05
7.4308 	EXP 	text: height = 0.05
7.4308 	EXP 	text: text = <psychopy.event.Mouse object at 0x000001D4E86836A0>
7.4381 	EXP 	text: height = 0.05
7.4381 	EXP 	text: height = 0.05
7.4381 	EXP 	text: height = 0.05
7.4381 	EXP 	text: text = <psychopy.event.Mouse object at 0x000001D4E86836A0>
7.4461 	EXP 	text: height = 0.05
7.4461 	EXP 	text: height = 0.05
7.4461 	EXP 	text: height = 0.05
7.4461 	EXP 	text: text = <psychopy.event.Mouse object at 0x000001D4E86836A0>
7.4540 	EXP 	text: height = 0.05
7.4540 	EXP 	text: height = 0.05
7.4540 	EXP 	text: height = 0.05
7.4540 	EXP 	text: text = <psychopy.event.Mouse object at 0x000001D4E86836A0>
7.4619 	EXP 	text: height = 0.05
7.4619 	EXP 	text: height = 0.05
7.4619 	EXP 	text: height = 0.05
7.4619 	EXP 	text: text = <psychopy.event.Mouse object at 0x000001D4E86836A0>
7.4711 	EXP 	text: height = 0.05
7.4711 	EXP 	text: height = 0.05
7.4711 	EXP 	text: height = 0.05
7.4711 	EXP 	text: text = <psychopy.event.Mouse object at 0x000001D4E86836A0>
7.4805 	EXP 	text: height = 0.05
7.4805 	EXP 	text: height = 0.05
7.4805 	EXP 	text: height = 0.05
7.4805 	EXP 	text: text = <psychopy.event.Mouse object at 0x000001D4E86836A0>
7.4883 	EXP 	text: height = 0.05
7.4883 	EXP 	text: height = 0.05
7.4883 	EXP 	text: height = 0.05
7.4883 	EXP 	text: text = <psychopy.event.Mouse object at 0x000001D4E86836A0>
7.4958 	EXP 	text: height = 0.05
7.4958 	EXP 	text: height = 0.05
7.4958 	EXP 	text: height = 0.05
7.4958 	EXP 	text: text = <psychopy.event.Mouse object at 0x000001D4E86836A0>
7.5052 	EXP 	text: height = 0.05
7.5052 	EXP 	text: height = 0.05
7.5052 	EXP 	text: height = 0.05
7.5052 	EXP 	text: text = <psychopy.event.Mouse object at 0x000001D4E86836A0>
7.5144 	EXP 	text: height = 0.05
7.5144 	EXP 	text: height = 0.05
7.5144 	EXP 	text: height = 0.05
7.5144 	EXP 	text: text = <psychopy.event.Mouse object at 0x000001D4E86836A0>
7.5223 	EXP 	text: height = 0.05
7.5223 	EXP 	text: height = 0.05
7.5223 	EXP 	text: height = 0.05
7.5223 	EXP 	text: text = <psychopy.event.Mouse object at 0x000001D4E86836A0>
7.5303 	EXP 	text: height = 0.05
7.5303 	EXP 	text: height = 0.05
7.5303 	EXP 	text: height = 0.05
7.5303 	EXP 	text: text = <psychopy.event.Mouse object at 0x000001D4E86836A0>
7.5381 	EXP 	text: height = 0.05
7.5381 	EXP 	text: height = 0.05
7.5381 	EXP 	text: height = 0.05
7.5381 	EXP 	text: text = <psychopy.event.Mouse object at 0x000001D4E86836A0>
7.5460 	EXP 	text: height = 0.05
7.5460 	EXP 	text: height = 0.05
7.5460 	EXP 	text: height = 0.05
7.5460 	EXP 	text: text = <psychopy.event.Mouse object at 0x000001D4E86836A0>
7.5544 	EXP 	text: height = 0.05
7.5544 	EXP 	text: height = 0.05
7.5544 	EXP 	text: height = 0.05
7.5544 	EXP 	text: text = <psychopy.event.Mouse object at 0x000001D4E86836A0>
7.5623 	EXP 	text: height = 0.05
7.5623 	EXP 	text: height = 0.05
7.5623 	EXP 	text: height = 0.05
7.5623 	EXP 	text: text = <psychopy.event.Mouse object at 0x000001D4E86836A0>
7.5700 	EXP 	text: height = 0.05
7.5700 	EXP 	text: height = 0.05
7.5700 	EXP 	text: height = 0.05
7.5700 	EXP 	text: text = <psychopy.event.Mouse object at 0x000001D4E86836A0>
7.5781 	EXP 	text: height = 0.05
7.5781 	EXP 	text: height = 0.05
7.5781 	EXP 	text: height = 0.05
7.5781 	EXP 	text: text = <psychopy.event.Mouse object at 0x000001D4E86836A0>
7.5863 	EXP 	text: height = 0.05
7.5863 	EXP 	text: height = 0.05
7.5863 	EXP 	text: height = 0.05
7.5863 	EXP 	text: text = <psychopy.event.Mouse object at 0x000001D4E86836A0>
7.5945 	EXP 	text: height = 0.05
7.5945 	EXP 	text: height = 0.05
7.5945 	EXP 	text: height = 0.05
7.5945 	EXP 	text: text = <psychopy.event.Mouse object at 0x000001D4E86836A0>
7.6028 	EXP 	text: height = 0.05
7.6028 	EXP 	text: height = 0.05
7.6028 	EXP 	text: height = 0.05
7.6028 	EXP 	text: text = <psychopy.event.Mouse object at 0x000001D4E86836A0>
7.6110 	EXP 	text: height = 0.05
7.6110 	EXP 	text: height = 0.05
7.6110 	EXP 	text: height = 0.05
7.6110 	EXP 	text: text = <psychopy.event.Mouse object at 0x000001D4E86836A0>
7.6191 	EXP 	text: height = 0.05
7.6191 	EXP 	text: height = 0.05
7.6191 	EXP 	text: height = 0.05
7.6191 	EXP 	text: text = <psychopy.event.Mouse object at 0x000001D4E86836A0>
7.6271 	EXP 	text: height = 0.05
7.6271 	EXP 	text: height = 0.05
7.6271 	EXP 	text: height = 0.05
7.6271 	EXP 	text: text = <psychopy.event.Mouse object at 0x000001D4E86836A0>
7.6353 	EXP 	text: height = 0.05
7.6353 	EXP 	text: height = 0.05
7.6353 	EXP 	text: height = 0.05
7.6353 	EXP 	text: text = <psychopy.event.Mouse object at 0x000001D4E86836A0>
7.6434 	EXP 	text: height = 0.05
7.6434 	EXP 	text: height = 0.05
7.6434 	EXP 	text: height = 0.05
7.6434 	EXP 	text: text = <psychopy.event.Mouse object at 0x000001D4E86836A0>
7.6513 	EXP 	text: height = 0.05
7.6513 	EXP 	text: height = 0.05
7.6513 	EXP 	text: height = 0.05
7.6513 	EXP 	text: text = <psychopy.event.Mouse object at 0x000001D4E86836A0>
7.6584 	DATA 	Mouse: Left button down, pos=(1278,619)
7.6592 	EXP 	text: height = 0.05
7.6592 	EXP 	text: height = 0.05
7.6592 	EXP 	text: height = 0.05
7.6592 	EXP 	text: text = <psychopy.event.Mouse object at 0x000001D4E86836A0>
7.6676 	EXP 	text: height = 0.05
7.6676 	EXP 	text: height = 0.05
7.6676 	EXP 	text: height = 0.05
7.6676 	EXP 	text: text = <psychopy.event.Mouse object at 0x000001D4E86836A0>
7.6758 	EXP 	text: height = 0.05
7.6758 	EXP 	text: height = 0.05
7.6758 	EXP 	text: height = 0.05
7.6758 	EXP 	text: text = <psychopy.event.Mouse object at 0x000001D4E86836A0>
7.6842 	EXP 	text: height = 0.05
7.6842 	EXP 	text: height = 0.05
7.6842 	EXP 	text: height = 0.05
7.6842 	EXP 	text: text = <psychopy.event.Mouse object at 0x000001D4E86836A0>
7.6923 	EXP 	text: height = 0.05
7.6923 	EXP 	text: height = 0.05
7.6923 	EXP 	text: height = 0.05
7.6923 	EXP 	text: text = <psychopy.event.Mouse object at 0x000001D4E86836A0>
7.7012 	EXP 	text: height = 0.05
7.7012 	EXP 	text: height = 0.05
7.7012 	EXP 	text: height = 0.05
7.7012 	EXP 	text: text = <psychopy.event.Mouse object at 0x000001D4E86836A0>
7.7096 	EXP 	text: height = 0.05
7.7096 	EXP 	text: height = 0.05
7.7096 	EXP 	text: height = 0.05
7.7096 	EXP 	text: text = <psychopy.event.Mouse object at 0x000001D4E86836A0>
7.7178 	EXP 	text: height = 0.05
7.7178 	EXP 	text: height = 0.05
7.7178 	EXP 	text: height = 0.05
7.7178 	EXP 	text: text = <psychopy.event.Mouse object at 0x000001D4E86836A0>
7.7259 	EXP 	text: height = 0.05
7.7259 	EXP 	text: height = 0.05
7.7259 	EXP 	text: height = 0.05
7.7259 	EXP 	text: text = <psychopy.event.Mouse object at 0x000001D4E86836A0>
7.7339 	EXP 	text: height = 0.05
7.7339 	EXP 	text: height = 0.05
7.7339 	EXP 	text: height = 0.05
7.7339 	EXP 	text: text = <psychopy.event.Mouse object at 0x000001D4E86836A0>
7.7420 	EXP 	text: height = 0.05
7.7420 	EXP 	text: height = 0.05
7.7420 	EXP 	text: height = 0.05
7.7420 	EXP 	text: text = <psychopy.event.Mouse object at 0x000001D4E86836A0>
7.7500 	EXP 	text: height = 0.05
7.7500 	EXP 	text: height = 0.05
7.7500 	EXP 	text: height = 0.05
7.7500 	EXP 	text: text = <psychopy.event.Mouse object at 0x000001D4E86836A0>
7.7585 	EXP 	text: height = 0.05
7.7585 	EXP 	text: height = 0.05
7.7585 	EXP 	text: height = 0.05
7.7585 	EXP 	text: text = <psychopy.event.Mouse object at 0x000001D4E86836A0>
7.7666 	EXP 	text: height = 0.05
7.7666 	EXP 	text: height = 0.05
7.7666 	EXP 	text: height = 0.05
7.7666 	EXP 	text: text = <psychopy.event.Mouse object at 0x000001D4E86836A0>
7.7746 	EXP 	text: height = 0.05
7.7746 	EXP 	text: height = 0.05
7.7746 	EXP 	text: height = 0.05
7.7746 	EXP 	text: text = <psychopy.event.Mouse object at 0x000001D4E86836A0>
7.7820 	DATA 	Mouse:  Left button up, pos=(1278,619)
7.7827 	EXP 	text: height = 0.05
7.7827 	EXP 	text: height = 0.05
7.7827 	EXP 	text: height = 0.05
7.7827 	EXP 	text: text = <psychopy.event.Mouse object at 0x000001D4E86836A0>
7.7907 	EXP 	text: height = 0.05
7.7907 	EXP 	text: height = 0.05
7.7907 	EXP 	text: height = 0.05
7.7907 	EXP 	text: text = <psychopy.event.Mouse object at 0x000001D4E86836A0>
7.7988 	EXP 	text: height = 0.05
7.7988 	EXP 	text: height = 0.05
7.7988 	EXP 	text: height = 0.05
7.7988 	EXP 	text: text = <psychopy.event.Mouse object at 0x000001D4E86836A0>
7.8069 	EXP 	text: height = 0.05
7.8069 	EXP 	text: height = 0.05
7.8069 	EXP 	text: height = 0.05
7.8069 	EXP 	text: text = <psychopy.event.Mouse object at 0x000001D4E86836A0>
7.8148 	EXP 	text: height = 0.05
7.8148 	EXP 	text: height = 0.05
7.8148 	EXP 	text: height = 0.05
7.8148 	EXP 	text: text = <psychopy.event.Mouse object at 0x000001D4E86836A0>
7.8227 	EXP 	text: height = 0.05
7.8227 	EXP 	text: height = 0.05
7.8227 	EXP 	text: height = 0.05
7.8227 	EXP 	text: text = <psychopy.event.Mouse object at 0x000001D4E86836A0>
7.8304 	EXP 	text: height = 0.05
7.8304 	EXP 	text: height = 0.05
7.8304 	EXP 	text: height = 0.05
7.8304 	EXP 	text: text = <psychopy.event.Mouse object at 0x000001D4E86836A0>
7.8385 	EXP 	text: height = 0.05
7.8385 	EXP 	text: height = 0.05
7.8385 	EXP 	text: height = 0.05
7.8385 	EXP 	text: text = <psychopy.event.Mouse object at 0x000001D4E86836A0>
7.8463 	EXP 	text: height = 0.05
7.8463 	EXP 	text: height = 0.05
7.8463 	EXP 	text: height = 0.05
7.8463 	EXP 	text: text = <psychopy.event.Mouse object at 0x000001D4E86836A0>
7.8542 	EXP 	text: height = 0.05
7.8542 	EXP 	text: height = 0.05
7.8542 	EXP 	text: height = 0.05
7.8542 	EXP 	text: text = <psychopy.event.Mouse object at 0x000001D4E86836A0>
7.8620 	EXP 	text: height = 0.05
7.8620 	EXP 	text: height = 0.05
7.8620 	EXP 	text: height = 0.05
7.8620 	EXP 	text: text = <psychopy.event.Mouse object at 0x000001D4E86836A0>
7.8700 	EXP 	text: height = 0.05
7.8700 	EXP 	text: height = 0.05
7.8700 	EXP 	text: height = 0.05
7.8700 	EXP 	text: text = <psychopy.event.Mouse object at 0x000001D4E86836A0>
7.8779 	EXP 	text: height = 0.05
7.8779 	EXP 	text: height = 0.05
7.8779 	EXP 	text: height = 0.05
7.8779 	EXP 	text: text = <psychopy.event.Mouse object at 0x000001D4E86836A0>
7.8859 	EXP 	text: height = 0.05
7.8859 	EXP 	text: height = 0.05
7.8859 	EXP 	text: height = 0.05
7.8859 	EXP 	text: text = <psychopy.event.Mouse object at 0x000001D4E86836A0>
7.8938 	EXP 	text: height = 0.05
7.8938 	EXP 	text: height = 0.05
7.8938 	EXP 	text: height = 0.05
7.8938 	EXP 	text: text = <psychopy.event.Mouse object at 0x000001D4E86836A0>
7.9037 	EXP 	text: height = 0.05
7.9037 	EXP 	text: height = 0.05
7.9037 	EXP 	text: height = 0.05
7.9037 	EXP 	text: text = <psychopy.event.Mouse object at 0x000001D4E86836A0>
7.9117 	EXP 	text: height = 0.05
7.9117 	EXP 	text: height = 0.05
7.9117 	EXP 	text: height = 0.05
7.9117 	EXP 	text: text = <psychopy.event.Mouse object at 0x000001D4E86836A0>
7.9197 	EXP 	text: height = 0.05
7.9197 	EXP 	text: height = 0.05
7.9197 	EXP 	text: height = 0.05
7.9197 	EXP 	text: text = <psychopy.event.Mouse object at 0x000001D4E86836A0>
7.9276 	EXP 	text: height = 0.05
7.9276 	EXP 	text: height = 0.05
7.9276 	EXP 	text: height = 0.05
7.9276 	EXP 	text: text = <psychopy.event.Mouse object at 0x000001D4E86836A0>
7.9358 	EXP 	text: height = 0.05
7.9358 	EXP 	text: height = 0.05
7.9358 	EXP 	text: height = 0.05
7.9358 	EXP 	text: text = <psychopy.event.Mouse object at 0x000001D4E86836A0>
7.9439 	EXP 	text: height = 0.05
7.9439 	EXP 	text: height = 0.05
7.9439 	EXP 	text: height = 0.05
7.9439 	EXP 	text: text = <psychopy.event.Mouse object at 0x000001D4E86836A0>
7.9517 	EXP 	text: height = 0.05
7.9517 	EXP 	text: height = 0.05
7.9517 	EXP 	text: height = 0.05
7.9517 	EXP 	text: text = <psychopy.event.Mouse object at 0x000001D4E86836A0>
7.9599 	EXP 	text: height = 0.05
7.9599 	EXP 	text: height = 0.05
7.9599 	EXP 	text: height = 0.05
7.9599 	EXP 	text: text = <psychopy.event.Mouse object at 0x000001D4E86836A0>
7.9679 	EXP 	text: height = 0.05
7.9679 	EXP 	text: height = 0.05
7.9679 	EXP 	text: height = 0.05
7.9679 	EXP 	text: text = <psychopy.event.Mouse object at 0x000001D4E86836A0>
7.9759 	EXP 	text: height = 0.05
7.9759 	EXP 	text: height = 0.05
7.9759 	EXP 	text: height = 0.05
7.9759 	EXP 	text: text = <psychopy.event.Mouse object at 0x000001D4E86836A0>
7.9838 	EXP 	text: height = 0.05
7.9838 	EXP 	text: height = 0.05
7.9838 	EXP 	text: height = 0.05
7.9838 	EXP 	text: text = <psychopy.event.Mouse object at 0x000001D4E86836A0>
7.9916 	EXP 	text: height = 0.05
7.9916 	EXP 	text: height = 0.05
7.9916 	EXP 	text: height = 0.05
7.9916 	EXP 	text: text = <psychopy.event.Mouse object at 0x000001D4E86836A0>
7.9999 	EXP 	text: height = 0.05
7.9999 	EXP 	text: height = 0.05
7.9999 	EXP 	text: height = 0.05
7.9999 	EXP 	text: text = <psychopy.event.Mouse object at 0x000001D4E86836A0>
8.0077 	EXP 	text: height = 0.05
8.0077 	EXP 	text: height = 0.05
8.0077 	EXP 	text: height = 0.05
8.0077 	EXP 	text: text = <psychopy.event.Mouse object at 0x000001D4E86836A0>
8.0156 	EXP 	text: height = 0.05
8.0156 	EXP 	text: height = 0.05
8.0156 	EXP 	text: height = 0.05
8.0156 	EXP 	text: text = <psychopy.event.Mouse object at 0x000001D4E86836A0>
8.0226 	DATA 	Mouse: Left button down, pos=(1376,624)
8.0238 	EXP 	text: height = 0.05
8.0238 	EXP 	text: height = 0.05
8.0238 	EXP 	text: height = 0.05
8.0238 	EXP 	text: text = <psychopy.event.Mouse object at 0x000001D4E86836A0>
8.0321 	EXP 	text: height = 0.05
8.0321 	EXP 	text: height = 0.05
8.0321 	EXP 	text: height = 0.05
8.0321 	EXP 	text: text = <psychopy.event.Mouse object at 0x000001D4E86836A0>
8.0406 	EXP 	text: height = 0.05
8.0406 	EXP 	text: height = 0.05
8.0406 	EXP 	text: height = 0.05
8.0406 	EXP 	text: text = <psychopy.event.Mouse object at 0x000001D4E86836A0>
8.0486 	EXP 	text: height = 0.05
8.0486 	EXP 	text: height = 0.05
8.0486 	EXP 	text: height = 0.05
8.0486 	EXP 	text: text = <psychopy.event.Mouse object at 0x000001D4E86836A0>
8.0570 	EXP 	text: height = 0.05
8.0570 	EXP 	text: height = 0.05
8.0570 	EXP 	text: height = 0.05
8.0570 	EXP 	text: text = <psychopy.event.Mouse object at 0x000001D4E86836A0>
8.0650 	EXP 	text: height = 0.05
8.0650 	EXP 	text: height = 0.05
8.0650 	EXP 	text: height = 0.05
8.0650 	EXP 	text: text = <psychopy.event.Mouse object at 0x000001D4E86836A0>
8.0736 	EXP 	text: height = 0.05
8.0736 	EXP 	text: height = 0.05
8.0736 	EXP 	text: height = 0.05
8.0736 	EXP 	text: text = <psychopy.event.Mouse object at 0x000001D4E86836A0>
8.0819 	EXP 	text: height = 0.05
8.0819 	EXP 	text: height = 0.05
8.0819 	EXP 	text: height = 0.05
8.0819 	EXP 	text: text = <psychopy.event.Mouse object at 0x000001D4E86836A0>
8.0907 	EXP 	text: height = 0.05
8.0907 	EXP 	text: height = 0.05
8.0907 	EXP 	text: height = 0.05
8.0907 	EXP 	text: text = <psychopy.event.Mouse object at 0x000001D4E86836A0>
8.0988 	EXP 	text: height = 0.05
8.0988 	EXP 	text: height = 0.05
8.0988 	EXP 	text: height = 0.05
8.0988 	EXP 	text: text = <psychopy.event.Mouse object at 0x000001D4E86836A0>
8.1070 	EXP 	text: height = 0.05
8.1070 	EXP 	text: height = 0.05
8.1070 	EXP 	text: height = 0.05
8.1070 	EXP 	text: text = <psychopy.event.Mouse object at 0x000001D4E86836A0>
8.1150 	EXP 	text: height = 0.05
8.1150 	EXP 	text: height = 0.05
8.1150 	EXP 	text: height = 0.05
8.1150 	EXP 	text: text = <psychopy.event.Mouse object at 0x000001D4E86836A0>
8.1237 	EXP 	text: height = 0.05
8.1237 	EXP 	text: height = 0.05
8.1237 	EXP 	text: height = 0.05
8.1237 	EXP 	text: text = <psychopy.event.Mouse object at 0x000001D4E86836A0>
8.1318 	EXP 	text: height = 0.05
8.1318 	EXP 	text: height = 0.05
8.1318 	EXP 	text: height = 0.05
8.1318 	EXP 	text: text = <psychopy.event.Mouse object at 0x000001D4E86836A0>
8.1404 	EXP 	text: height = 0.05
8.1404 	EXP 	text: height = 0.05
8.1404 	EXP 	text: height = 0.05
8.1404 	EXP 	text: text = <psychopy.event.Mouse object at 0x000001D4E86836A0>
8.1485 	EXP 	text: height = 0.05
8.1485 	EXP 	text: height = 0.05
8.1485 	EXP 	text: height = 0.05
8.1485 	EXP 	text: text = <psychopy.event.Mouse object at 0x000001D4E86836A0>
8.1487 	DATA 	Mouse:  Left button up, pos=(1376,624)
8.1566 	EXP 	text: height = 0.05
8.1566 	EXP 	text: height = 0.05
8.1566 	EXP 	text: height = 0.05
8.1566 	EXP 	text: text = <psychopy.event.Mouse object at 0x000001D4E86836A0>
8.1643 	EXP 	text: height = 0.05
8.1643 	EXP 	text: height = 0.05
8.1643 	EXP 	text: height = 0.05
8.1643 	EXP 	text: text = <psychopy.event.Mouse object at 0x000001D4E86836A0>
8.1726 	EXP 	text: height = 0.05
8.1726 	EXP 	text: height = 0.05
8.1726 	EXP 	text: height = 0.05
8.1726 	EXP 	text: text = <psychopy.event.Mouse object at 0x000001D4E86836A0>
8.1802 	EXP 	text: height = 0.05
8.1802 	EXP 	text: height = 0.05
8.1802 	EXP 	text: height = 0.05
8.1802 	EXP 	text: text = <psychopy.event.Mouse object at 0x000001D4E86836A0>
8.1879 	EXP 	text: height = 0.05
8.1879 	EXP 	text: height = 0.05
8.1879 	EXP 	text: height = 0.05
8.1879 	EXP 	text: text = <psychopy.event.Mouse object at 0x000001D4E86836A0>
8.1956 	EXP 	text: height = 0.05
8.1956 	EXP 	text: height = 0.05
8.1956 	EXP 	text: height = 0.05
8.1956 	EXP 	text: text = <psychopy.event.Mouse object at 0x000001D4E86836A0>
8.2034 	EXP 	text: height = 0.05
8.2034 	EXP 	text: height = 0.05
8.2034 	EXP 	text: height = 0.05
8.2034 	EXP 	text: text = <psychopy.event.Mouse object at 0x000001D4E86836A0>
8.2110 	EXP 	text: height = 0.05
8.2110 	EXP 	text: height = 0.05
8.2110 	EXP 	text: height = 0.05
8.2110 	EXP 	text: text = <psychopy.event.Mouse object at 0x000001D4E86836A0>
8.2186 	EXP 	text: height = 0.05
8.2186 	EXP 	text: height = 0.05
8.2186 	EXP 	text: height = 0.05
8.2186 	EXP 	text: text = <psychopy.event.Mouse object at 0x000001D4E86836A0>
8.2263 	EXP 	text: height = 0.05
8.2263 	EXP 	text: height = 0.05
8.2263 	EXP 	text: height = 0.05
8.2263 	EXP 	text: text = <psychopy.event.Mouse object at 0x000001D4E86836A0>
8.2341 	EXP 	text: height = 0.05
8.2341 	EXP 	text: height = 0.05
8.2341 	EXP 	text: height = 0.05
8.2341 	EXP 	text: text = <psychopy.event.Mouse object at 0x000001D4E86836A0>
8.2420 	EXP 	text: height = 0.05
8.2420 	EXP 	text: height = 0.05
8.2420 	EXP 	text: height = 0.05
8.2420 	EXP 	text: text = <psychopy.event.Mouse object at 0x000001D4E86836A0>
8.2496 	EXP 	text: height = 0.05
8.2496 	EXP 	text: height = 0.05
8.2496 	EXP 	text: height = 0.05
8.2496 	EXP 	text: text = <psychopy.event.Mouse object at 0x000001D4E86836A0>
8.2576 	EXP 	text: height = 0.05
8.2576 	EXP 	text: height = 0.05
8.2576 	EXP 	text: height = 0.05
8.2576 	EXP 	text: text = <psychopy.event.Mouse object at 0x000001D4E86836A0>
8.2655 	EXP 	text: height = 0.05
8.2655 	EXP 	text: height = 0.05
8.2655 	EXP 	text: height = 0.05
8.2655 	EXP 	text: text = <psychopy.event.Mouse object at 0x000001D4E86836A0>
8.2731 	EXP 	text: height = 0.05
8.2731 	EXP 	text: height = 0.05
8.2731 	EXP 	text: height = 0.05
8.2731 	EXP 	text: text = <psychopy.event.Mouse object at 0x000001D4E86836A0>
8.2813 	EXP 	text: height = 0.05
8.2813 	EXP 	text: height = 0.05
8.2813 	EXP 	text: height = 0.05
8.2813 	EXP 	text: text = <psychopy.event.Mouse object at 0x000001D4E86836A0>
8.2887 	EXP 	text: height = 0.05
8.2887 	EXP 	text: height = 0.05
8.2887 	EXP 	text: height = 0.05
8.2887 	EXP 	text: text = <psychopy.event.Mouse object at 0x000001D4E86836A0>
8.2965 	EXP 	text: height = 0.05
8.2965 	EXP 	text: height = 0.05
8.2965 	EXP 	text: height = 0.05
8.2965 	EXP 	text: text = <psychopy.event.Mouse object at 0x000001D4E86836A0>
8.3042 	EXP 	text: height = 0.05
8.3042 	EXP 	text: height = 0.05
8.3042 	EXP 	text: height = 0.05
8.3042 	EXP 	text: text = <psychopy.event.Mouse object at 0x000001D4E86836A0>
8.3123 	EXP 	text: height = 0.05
8.3123 	EXP 	text: height = 0.05
8.3123 	EXP 	text: height = 0.05
8.3123 	EXP 	text: text = <psychopy.event.Mouse object at 0x000001D4E86836A0>
8.3206 	EXP 	text: height = 0.05
8.3206 	EXP 	text: height = 0.05
8.3206 	EXP 	text: height = 0.05
8.3206 	EXP 	text: text = <psychopy.event.Mouse object at 0x000001D4E86836A0>
8.3286 	EXP 	text: height = 0.05
8.3286 	EXP 	text: height = 0.05
8.3286 	EXP 	text: height = 0.05
8.3286 	EXP 	text: text = <psychopy.event.Mouse object at 0x000001D4E86836A0>
8.3368 	EXP 	text: height = 0.05
8.3368 	EXP 	text: height = 0.05
8.3368 	EXP 	text: height = 0.05
8.3368 	EXP 	text: text = <psychopy.event.Mouse object at 0x000001D4E86836A0>
8.3447 	EXP 	text: height = 0.05
8.3447 	EXP 	text: height = 0.05
8.3447 	EXP 	text: height = 0.05
8.3447 	EXP 	text: text = <psychopy.event.Mouse object at 0x000001D4E86836A0>
8.3526 	EXP 	text: height = 0.05
8.3526 	EXP 	text: height = 0.05
8.3526 	EXP 	text: height = 0.05
8.3526 	EXP 	text: text = <psychopy.event.Mouse object at 0x000001D4E86836A0>
8.3609 	EXP 	text: height = 0.05
8.3609 	EXP 	text: height = 0.05
8.3609 	EXP 	text: height = 0.05
8.3609 	EXP 	text: text = <psychopy.event.Mouse object at 0x000001D4E86836A0>
8.3700 	EXP 	text: height = 0.05
8.3700 	EXP 	text: height = 0.05
8.3700 	EXP 	text: height = 0.05
8.3700 	EXP 	text: text = <psychopy.event.Mouse object at 0x000001D4E86836A0>
8.3782 	EXP 	text: height = 0.05
8.3782 	EXP 	text: height = 0.05
8.3782 	EXP 	text: height = 0.05
8.3782 	EXP 	text: text = <psychopy.event.Mouse object at 0x000001D4E86836A0>
8.3865 	EXP 	text: height = 0.05
8.3865 	EXP 	text: height = 0.05
8.3865 	EXP 	text: height = 0.05
8.3865 	EXP 	text: text = <psychopy.event.Mouse object at 0x000001D4E86836A0>
8.3947 	EXP 	text: height = 0.05
8.3947 	EXP 	text: height = 0.05
8.3947 	EXP 	text: height = 0.05
8.3947 	EXP 	text: text = <psychopy.event.Mouse object at 0x000001D4E86836A0>
8.4033 	EXP 	text: height = 0.05
8.4033 	EXP 	text: height = 0.05
8.4033 	EXP 	text: height = 0.05
8.4033 	EXP 	text: text = <psychopy.event.Mouse object at 0x000001D4E86836A0>
8.4117 	EXP 	text: height = 0.05
8.4117 	EXP 	text: height = 0.05
8.4117 	EXP 	text: height = 0.05
8.4117 	EXP 	text: text = <psychopy.event.Mouse object at 0x000001D4E86836A0>
8.4200 	EXP 	text: height = 0.05
8.4200 	EXP 	text: height = 0.05
8.4200 	EXP 	text: height = 0.05
8.4200 	EXP 	text: text = <psychopy.event.Mouse object at 0x000001D4E86836A0>
8.4281 	EXP 	text: height = 0.05
8.4281 	EXP 	text: height = 0.05
8.4281 	EXP 	text: height = 0.05
8.4281 	EXP 	text: text = <psychopy.event.Mouse object at 0x000001D4E86836A0>
8.4363 	EXP 	text: height = 0.05
8.4363 	EXP 	text: height = 0.05
8.4363 	EXP 	text: height = 0.05
8.4363 	EXP 	text: text = <psychopy.event.Mouse object at 0x000001D4E86836A0>
8.4445 	EXP 	text: height = 0.05
8.4445 	EXP 	text: height = 0.05
8.4445 	EXP 	text: height = 0.05
8.4445 	EXP 	text: text = <psychopy.event.Mouse object at 0x000001D4E86836A0>
8.4526 	EXP 	text: height = 0.05
8.4526 	EXP 	text: height = 0.05
8.4526 	EXP 	text: height = 0.05
8.4526 	EXP 	text: text = <psychopy.event.Mouse object at 0x000001D4E86836A0>
8.4604 	EXP 	text: height = 0.05
8.4604 	EXP 	text: height = 0.05
8.4604 	EXP 	text: height = 0.05
8.4604 	EXP 	text: text = <psychopy.event.Mouse object at 0x000001D4E86836A0>
8.4684 	EXP 	text: height = 0.05
8.4684 	EXP 	text: height = 0.05
8.4684 	EXP 	text: height = 0.05
8.4684 	EXP 	text: text = <psychopy.event.Mouse object at 0x000001D4E86836A0>
8.4761 	EXP 	text: height = 0.05
8.4761 	EXP 	text: height = 0.05
8.4761 	EXP 	text: height = 0.05
8.4761 	EXP 	text: text = <psychopy.event.Mouse object at 0x000001D4E86836A0>
8.4845 	EXP 	text: height = 0.05
8.4845 	EXP 	text: height = 0.05
8.4845 	EXP 	text: height = 0.05
8.4845 	EXP 	text: text = <psychopy.event.Mouse object at 0x000001D4E86836A0>
8.4921 	EXP 	text: height = 0.05
8.4921 	EXP 	text: height = 0.05
8.4921 	EXP 	text: height = 0.05
8.4921 	EXP 	text: text = <psychopy.event.Mouse object at 0x000001D4E86836A0>
8.4996 	EXP 	text: height = 0.05
8.4996 	EXP 	text: height = 0.05
8.4996 	EXP 	text: height = 0.05
8.4996 	EXP 	text: text = <psychopy.event.Mouse object at 0x000001D4E86836A0>
8.5077 	EXP 	text: height = 0.05
8.5077 	EXP 	text: height = 0.05
8.5077 	EXP 	text: height = 0.05
8.5077 	EXP 	text: text = <psychopy.event.Mouse object at 0x000001D4E86836A0>
8.5155 	EXP 	text: height = 0.05
8.5155 	EXP 	text: height = 0.05
8.5155 	EXP 	text: height = 0.05
8.5155 	EXP 	text: text = <psychopy.event.Mouse object at 0x000001D4E86836A0>
8.5233 	EXP 	text: height = 0.05
8.5233 	EXP 	text: height = 0.05
8.5233 	EXP 	text: height = 0.05
8.5233 	EXP 	text: text = <psychopy.event.Mouse object at 0x000001D4E86836A0>
8.5309 	EXP 	text: height = 0.05
8.5309 	EXP 	text: height = 0.05
8.5309 	EXP 	text: height = 0.05
8.5309 	EXP 	text: text = <psychopy.event.Mouse object at 0x000001D4E86836A0>
8.5384 	EXP 	text: height = 0.05
8.5384 	EXP 	text: height = 0.05
8.5384 	EXP 	text: height = 0.05
8.5384 	EXP 	text: text = <psychopy.event.Mouse object at 0x000001D4E86836A0>
8.5461 	EXP 	text: height = 0.05
8.5461 	EXP 	text: height = 0.05
8.5461 	EXP 	text: height = 0.05
8.5461 	EXP 	text: text = <psychopy.event.Mouse object at 0x000001D4E86836A0>
8.5537 	EXP 	text: height = 0.05
8.5537 	EXP 	text: height = 0.05
8.5537 	EXP 	text: height = 0.05
8.5537 	EXP 	text: text = <psychopy.event.Mouse object at 0x000001D4E86836A0>
8.5616 	EXP 	text: height = 0.05
8.5616 	EXP 	text: height = 0.05
8.5616 	EXP 	text: height = 0.05
8.5616 	EXP 	text: text = <psychopy.event.Mouse object at 0x000001D4E86836A0>
8.5690 	EXP 	text: height = 0.05
8.5690 	EXP 	text: height = 0.05
8.5690 	EXP 	text: height = 0.05
8.5690 	EXP 	text: text = <psychopy.event.Mouse object at 0x000001D4E86836A0>
8.5768 	EXP 	text: height = 0.05
8.5768 	EXP 	text: height = 0.05
8.5768 	EXP 	text: height = 0.05
8.5768 	EXP 	text: text = <psychopy.event.Mouse object at 0x000001D4E86836A0>
8.5847 	EXP 	text: height = 0.05
8.5847 	EXP 	text: height = 0.05
8.5847 	EXP 	text: height = 0.05
8.5847 	EXP 	text: text = <psychopy.event.Mouse object at 0x000001D4E86836A0>
8.5922 	EXP 	text: height = 0.05
8.5922 	EXP 	text: height = 0.05
8.5922 	EXP 	text: height = 0.05
8.5922 	EXP 	text: text = <psychopy.event.Mouse object at 0x000001D4E86836A0>
8.6000 	EXP 	text: height = 0.05
8.6000 	EXP 	text: height = 0.05
8.6000 	EXP 	text: height = 0.05
8.6000 	EXP 	text: text = <psychopy.event.Mouse object at 0x000001D4E86836A0>
8.6075 	EXP 	text: height = 0.05
8.6075 	EXP 	text: height = 0.05
8.6075 	EXP 	text: height = 0.05
8.6075 	EXP 	text: text = <psychopy.event.Mouse object at 0x000001D4E86836A0>
8.6152 	EXP 	text: height = 0.05
8.6152 	EXP 	text: height = 0.05
8.6152 	EXP 	text: height = 0.05
8.6152 	EXP 	text: text = <psychopy.event.Mouse object at 0x000001D4E86836A0>
8.6227 	EXP 	text: height = 0.05
8.6227 	EXP 	text: height = 0.05
8.6227 	EXP 	text: height = 0.05
8.6227 	EXP 	text: text = <psychopy.event.Mouse object at 0x000001D4E86836A0>
8.6303 	EXP 	text: height = 0.05
8.6303 	EXP 	text: height = 0.05
8.6303 	EXP 	text: height = 0.05
8.6303 	EXP 	text: text = <psychopy.event.Mouse object at 0x000001D4E86836A0>
8.6388 	EXP 	text: height = 0.05
8.6388 	EXP 	text: height = 0.05
8.6388 	EXP 	text: height = 0.05
8.6388 	EXP 	text: text = <psychopy.event.Mouse object at 0x000001D4E86836A0>
8.6462 	EXP 	text: height = 0.05
8.6462 	EXP 	text: height = 0.05
8.6462 	EXP 	text: height = 0.05
8.6462 	EXP 	text: text = <psychopy.event.Mouse object at 0x000001D4E86836A0>
8.6536 	EXP 	text: height = 0.05
8.6536 	EXP 	text: height = 0.05
8.6536 	EXP 	text: height = 0.05
8.6536 	EXP 	text: text = <psychopy.event.Mouse object at 0x000001D4E86836A0>
8.6614 	EXP 	text: height = 0.05
8.6614 	EXP 	text: height = 0.05
8.6614 	EXP 	text: height = 0.05
8.6614 	EXP 	text: text = <psychopy.event.Mouse object at 0x000001D4E86836A0>
8.6692 	EXP 	text: height = 0.05
8.6692 	EXP 	text: height = 0.05
8.6692 	EXP 	text: height = 0.05
8.6692 	EXP 	text: text = <psychopy.event.Mouse object at 0x000001D4E86836A0>
8.6775 	EXP 	text: height = 0.05
8.6775 	EXP 	text: height = 0.05
8.6775 	EXP 	text: height = 0.05
8.6775 	EXP 	text: text = <psychopy.event.Mouse object at 0x000001D4E86836A0>
8.6856 	EXP 	text: height = 0.05
8.6856 	EXP 	text: height = 0.05
8.6856 	EXP 	text: height = 0.05
8.6856 	EXP 	text: text = <psychopy.event.Mouse object at 0x000001D4E86836A0>
8.6939 	EXP 	text: height = 0.05
8.6939 	EXP 	text: height = 0.05
8.6939 	EXP 	text: height = 0.05
8.6939 	EXP 	text: text = <psychopy.event.Mouse object at 0x000001D4E86836A0>
8.7019 	EXP 	text: height = 0.05
8.7019 	EXP 	text: height = 0.05
8.7019 	EXP 	text: height = 0.05
8.7019 	EXP 	text: text = <psychopy.event.Mouse object at 0x000001D4E86836A0>
8.7097 	EXP 	text: height = 0.05
8.7097 	EXP 	text: height = 0.05
8.7097 	EXP 	text: height = 0.05
8.7097 	EXP 	text: text = <psychopy.event.Mouse object at 0x000001D4E86836A0>
8.7177 	EXP 	text: height = 0.05
8.7177 	EXP 	text: height = 0.05
8.7177 	EXP 	text: height = 0.05
8.7177 	EXP 	text: text = <psychopy.event.Mouse object at 0x000001D4E86836A0>
8.7251 	EXP 	text: height = 0.05
8.7251 	EXP 	text: height = 0.05
8.7251 	EXP 	text: height = 0.05
8.7251 	EXP 	text: text = <psychopy.event.Mouse object at 0x000001D4E86836A0>
8.7330 	EXP 	text: height = 0.05
8.7330 	EXP 	text: height = 0.05
8.7330 	EXP 	text: height = 0.05
8.7330 	EXP 	text: text = <psychopy.event.Mouse object at 0x000001D4E86836A0>
8.7407 	EXP 	text: height = 0.05
8.7407 	EXP 	text: height = 0.05
8.7407 	EXP 	text: height = 0.05
8.7407 	EXP 	text: text = <psychopy.event.Mouse object at 0x000001D4E86836A0>
8.7481 	EXP 	text: height = 0.05
8.7481 	EXP 	text: height = 0.05
8.7481 	EXP 	text: height = 0.05
8.7481 	EXP 	text: text = <psychopy.event.Mouse object at 0x000001D4E86836A0>
8.7560 	EXP 	text: height = 0.05
8.7560 	EXP 	text: height = 0.05
8.7560 	EXP 	text: height = 0.05
8.7560 	EXP 	text: text = <psychopy.event.Mouse object at 0x000001D4E86836A0>
8.7639 	EXP 	text: height = 0.05
8.7639 	EXP 	text: height = 0.05
8.7639 	EXP 	text: height = 0.05
8.7639 	EXP 	text: text = <psychopy.event.Mouse object at 0x000001D4E86836A0>
8.7716 	EXP 	text: height = 0.05
8.7716 	EXP 	text: height = 0.05
8.7716 	EXP 	text: height = 0.05
8.7716 	EXP 	text: text = <psychopy.event.Mouse object at 0x000001D4E86836A0>
8.7790 	EXP 	text: height = 0.05
8.7790 	EXP 	text: height = 0.05
8.7790 	EXP 	text: height = 0.05
8.7790 	EXP 	text: text = <psychopy.event.Mouse object at 0x000001D4E86836A0>
8.7864 	EXP 	text: height = 0.05
8.7864 	EXP 	text: height = 0.05
8.7864 	EXP 	text: height = 0.05
8.7864 	EXP 	text: text = <psychopy.event.Mouse object at 0x000001D4E86836A0>
8.7946 	EXP 	text: height = 0.05
8.7946 	EXP 	text: height = 0.05
8.7946 	EXP 	text: height = 0.05
8.7946 	EXP 	text: text = <psychopy.event.Mouse object at 0x000001D4E86836A0>
8.8022 	EXP 	text: height = 0.05
8.8022 	EXP 	text: height = 0.05
8.8022 	EXP 	text: height = 0.05
8.8022 	EXP 	text: text = <psychopy.event.Mouse object at 0x000001D4E86836A0>
8.8103 	EXP 	text: height = 0.05
8.8103 	EXP 	text: height = 0.05
8.8103 	EXP 	text: height = 0.05
8.8103 	EXP 	text: text = <psychopy.event.Mouse object at 0x000001D4E86836A0>
8.8182 	EXP 	text: height = 0.05
8.8182 	EXP 	text: height = 0.05
8.8182 	EXP 	text: height = 0.05
8.8182 	EXP 	text: text = <psychopy.event.Mouse object at 0x000001D4E86836A0>
8.8255 	EXP 	text: height = 0.05
8.8255 	EXP 	text: height = 0.05
8.8255 	EXP 	text: height = 0.05
8.8255 	EXP 	text: text = <psychopy.event.Mouse object at 0x000001D4E86836A0>
8.8336 	EXP 	text: height = 0.05
8.8336 	EXP 	text: height = 0.05
8.8336 	EXP 	text: height = 0.05
8.8336 	EXP 	text: text = <psychopy.event.Mouse object at 0x000001D4E86836A0>
8.8411 	EXP 	text: height = 0.05
8.8411 	EXP 	text: height = 0.05
8.8411 	EXP 	text: height = 0.05
8.8411 	EXP 	text: text = <psychopy.event.Mouse object at 0x000001D4E86836A0>
8.8485 	EXP 	text: height = 0.05
8.8485 	EXP 	text: height = 0.05
8.8485 	EXP 	text: height = 0.05
8.8485 	EXP 	text: text = <psychopy.event.Mouse object at 0x000001D4E86836A0>
8.8562 	EXP 	text: height = 0.05
8.8562 	EXP 	text: height = 0.05
8.8562 	EXP 	text: height = 0.05
8.8562 	EXP 	text: text = <psychopy.event.Mouse object at 0x000001D4E86836A0>
8.8637 	EXP 	text: height = 0.05
8.8637 	EXP 	text: height = 0.05
8.8637 	EXP 	text: height = 0.05
8.8637 	EXP 	text: text = <psychopy.event.Mouse object at 0x000001D4E86836A0>
8.8713 	EXP 	text: height = 0.05
8.8713 	EXP 	text: height = 0.05
8.8713 	EXP 	text: height = 0.05
8.8713 	EXP 	text: text = <psychopy.event.Mouse object at 0x000001D4E86836A0>
8.8791 	EXP 	text: height = 0.05
8.8791 	EXP 	text: height = 0.05
8.8791 	EXP 	text: height = 0.05
8.8791 	EXP 	text: text = <psychopy.event.Mouse object at 0x000001D4E86836A0>
8.8865 	EXP 	text: height = 0.05
8.8865 	EXP 	text: height = 0.05
8.8865 	EXP 	text: height = 0.05
8.8865 	EXP 	text: text = <psychopy.event.Mouse object at 0x000001D4E86836A0>
8.8939 	EXP 	text: height = 0.05
8.8939 	EXP 	text: height = 0.05
8.8939 	EXP 	text: height = 0.05
8.8939 	EXP 	text: text = <psychopy.event.Mouse object at 0x000001D4E86836A0>
8.9012 	EXP 	text: height = 0.05
8.9012 	EXP 	text: height = 0.05
8.9012 	EXP 	text: height = 0.05
8.9012 	EXP 	text: text = <psychopy.event.Mouse object at 0x000001D4E86836A0>
8.9091 	EXP 	text: height = 0.05
8.9091 	EXP 	text: height = 0.05
8.9091 	EXP 	text: height = 0.05
8.9091 	EXP 	text: text = <psychopy.event.Mouse object at 0x000001D4E86836A0>
8.9166 	EXP 	text: height = 0.05
8.9166 	EXP 	text: height = 0.05
8.9166 	EXP 	text: height = 0.05
8.9166 	EXP 	text: text = <psychopy.event.Mouse object at 0x000001D4E86836A0>
8.9239 	EXP 	text: height = 0.05
8.9239 	EXP 	text: height = 0.05
8.9239 	EXP 	text: height = 0.05
8.9239 	EXP 	text: text = <psychopy.event.Mouse object at 0x000001D4E86836A0>
8.9312 	EXP 	text: height = 0.05
8.9312 	EXP 	text: height = 0.05
8.9312 	EXP 	text: height = 0.05
8.9312 	EXP 	text: text = <psychopy.event.Mouse object at 0x000001D4E86836A0>
8.9385 	DATA 	Keypress: escape
8.9392 	EXP 	text: height = 0.05
8.9392 	EXP 	text: height = 0.05
8.9392 	EXP 	text: height = 0.05
8.9392 	EXP 	text: text = <psychopy.event.Mouse object at 0x000001D4E86836A0>
8.9473 	EXP 	text: height = 0.05
8.9473 	EXP 	text: height = 0.05
8.9473 	EXP 	text: height = 0.05
8.9473 	EXP 	text: text = <psychopy.event.Mouse object at 0x000001D4E86836A0>
8.9549 	EXP 	text: height = 0.05
8.9549 	EXP 	text: height = 0.05
8.9549 	EXP 	text: height = 0.05
8.9549 	EXP 	text: text = <psychopy.event.Mouse object at 0x000001D4E86836A0>
8.9627 	EXP 	text: height = 0.05
8.9627 	EXP 	text: height = 0.05
8.9627 	EXP 	text: height = 0.05
8.9627 	EXP 	text: text = <psychopy.event.Mouse object at 0x000001D4E86836A0>
8.9701 	EXP 	text: height = 0.05
8.9701 	EXP 	text: height = 0.05
8.9701 	EXP 	text: height = 0.05
8.9701 	EXP 	text: text = <psychopy.event.Mouse object at 0x000001D4E86836A0>
8.9775 	EXP 	text: height = 0.05
8.9775 	EXP 	text: height = 0.05
8.9775 	EXP 	text: height = 0.05
8.9775 	EXP 	text: text = <psychopy.event.Mouse object at 0x000001D4E86836A0>
8.9851 	EXP 	text: height = 0.05
8.9851 	EXP 	text: height = 0.05
8.9851 	EXP 	text: height = 0.05
8.9851 	EXP 	text: text = <psychopy.event.Mouse object at 0x000001D4E86836A0>
8.9925 	EXP 	text: height = 0.05
8.9925 	EXP 	text: height = 0.05
8.9925 	EXP 	text: height = 0.05
8.9925 	EXP 	text: text = <psychopy.event.Mouse object at 0x000001D4E86836A0>
9.0001 	EXP 	text: height = 0.05
9.0001 	EXP 	text: height = 0.05
9.0001 	EXP 	text: height = 0.05
9.0001 	EXP 	text: text = <psychopy.event.Mouse object at 0x000001D4E86836A0>
9.0077 	EXP 	text: height = 0.05
9.0077 	EXP 	text: height = 0.05
9.0077 	EXP 	text: height = 0.05
9.0077 	EXP 	text: text = <psychopy.event.Mouse object at 0x000001D4E86836A0>
9.0150 	EXP 	text: height = 0.05
9.0150 	EXP 	text: height = 0.05
9.0150 	EXP 	text: height = 0.05
9.0150 	EXP 	text: text = <psychopy.event.Mouse object at 0x000001D4E86836A0>
9.0227 	EXP 	text: height = 0.05
9.0227 	EXP 	text: height = 0.05
9.0227 	EXP 	text: height = 0.05
9.0227 	EXP 	text: text = <psychopy.event.Mouse object at 0x000001D4E86836A0>
9.0300 	EXP 	text: height = 0.05
9.0300 	EXP 	text: height = 0.05
9.0300 	EXP 	text: height = 0.05
9.0300 	EXP 	text: text = <psychopy.event.Mouse object at 0x000001D4E86836A0>
9.0375 	EXP 	text: height = 0.05
9.0375 	EXP 	text: height = 0.05
9.0375 	EXP 	text: height = 0.05
9.0375 	EXP 	text: text = <psychopy.event.Mouse object at 0x000001D4E86836A0>
9.2910 	EXP 	window1: mouseVisible = True
