3.5976 	WARNING 	User requested fullscreen with size [1024  768], but screen is actually [1920, 1080]. Using actual size
3.8776 	EXP 	Created window1 = Window(allowGUI=True, allowStencil=False, autoLog=True, backendConf=UNKNOWN, backgroundFit=<method-wrapper '__getattribute__' of attributeSetter object at 0x000001DC1BD5F460>, backgroundImage=<method-wrapper '__getattribute__' of attributeSetter object at 0x000001DC1BD5F400>, bitsMode=UNKNOWN, blendMode='avg', bpc=(8, 8, 8), color=array([0, 0, 0]), colorSpace='rgb', depthBits=8, fullscr=<method-wrapper '__getattribute__' of attributeSetter object at 0x000001DC1BD5F130>, gamma=None, gammaErrorPolicy='raise', lms=UNKNOWN, monitor=<psychopy.monitors.calibTools.Monitor object at 0x000001DC1DC79730>, multiSample=False, name='window1', numSamples=2, pos=(0, 0), screen=0, size=array([1920, 1080]), stencilBits=0, stereo=False, units='height', useFBO=True, useRetina=False, viewOri=0.0, viewPos=None, viewScale=None, waitBlanking=True, winType='pyglet')
3.8777 	EXP 	window1: mouseVisible = True
3.8778 	EXP 	window1: backgroundImage = ''
3.8778 	EXP 	window1: backgroundFit = 'none'
3.8779 	EXP 	window1: mouseVisible = False
3.8779 	EXP 	window1: Attempting to measure frame rate of screen (0) ...
3.8779 	EXP 	window1: recordFrameIntervals = False
3.9207 	EXP 	window1: recordFrameIntervals = True
3.9666 	EXP 	Screen (0) actual frame rate measured at 239.78Hz
3.9666 	EXP 	window1: recordFrameIntervals = False
5.2341 	EXP 	window1: mouseVisible = True
5.2448 	EXP 	window1: mouseVisible = True
5.2554 	EXP 	window1: mouseVisible = True
5.2554 	EXP 	window1: mouseVisible = True
5.6076 	DATA 	Mouse: Left button down, pos=(881,538)
5.6861 	DATA 	Mouse:  Left button up, pos=(881,538)
5.9250 	DATA 	Mouse: Left button down, pos=(463,498)
6.0362 	DATA 	Mouse:  Left button up, pos=(463,498)
6.2011 	DATA 	Mouse: Left button down, pos=(987,488)
6.2874 	DATA 	Mouse:  Left button up, pos=(996,487)
6.4203 	DATA 	Mouse: Left button down, pos=(1443,527)
6.5421 	DATA 	Mouse:  Left button up, pos=(1443,527)
6.6441 	DATA 	Keypress: escape
7.1157 	EXP 	window1: mouseVisible = True
