3.1186 	WARNING 	User requested fullscreen with size [1024  768], but screen is actually [1920, 1080]. Using actual size
3.4241 	EXP 	Created window1 = Window(allowGUI=True, allowStencil=False, autoLog=True, backendConf=UNKNOWN, backgroundFit=<method-wrapper '__getattribute__' of attributeSetter object at 0x000001942C83D3A0>, backgroundImage=<method-wrapper '__getattribute__' of attributeSetter object at 0x000001942C83D340>, bitsMode=UNKNOWN, blendMode='avg', bpc=(8, 8, 8), color=array([0, 0, 0]), colorSpace='rgb', depthBits=8, fullscr=<method-wrapper '__getattribute__' of attributeSetter object at 0x000001942C83D070>, gamma=None, gammaErrorPolicy='raise', lms=UNKNOWN, monitor=<psychopy.monitors.calibTools.Monitor object at 0x000001942E7596D0>, multiSample=False, name='window1', numSamples=2, pos=(0, 0), screen=0, size=array([1920, 1080]), stencilBits=0, stereo=False, units='height', useFBO=True, useRetina=False, viewOri=0.0, viewPos=None, viewScale=None, waitBlanking=True, winType='pyglet')
3.4242 	EXP 	window1: mouseVisible = True
3.4242 	EXP 	window1: backgroundImage = ''
3.4242 	EXP 	window1: backgroundFit = 'none'
3.4243 	EXP 	window1: mouseVisible = False
3.4243 	EXP 	window1: Attempting to measure frame rate of screen (0) ...
3.4243 	EXP 	window1: recordFrameIntervals = False
3.4665 	EXP 	window1: recordFrameIntervals = True
3.5125 	EXP 	Screen (0) actual frame rate measured at 240.03Hz
3.5125 	EXP 	window1: recordFrameIntervals = False
4.7823 	EXP 	window1: mouseVisible = True
4.7928 	EXP 	window1: mouseVisible = True
4.8031 	EXP 	window1: mouseVisible = True
5.1633 	DATA 	Mouse: Left button down, pos=(879,503)
5.2342 	DATA 	Mouse:  Left button up, pos=(879,503)
7.1981 	DATA 	Mouse: Left button down, pos=(950,494)
7.2675 	DATA 	Mouse:  Left button up, pos=(950,494)
9.0071 	DATA 	Mouse: Left button down, pos=(989,458)
9.0799 	DATA 	Mouse:  Left button up, pos=(989,458)
9.1653 	DATA 	Mouse: Left button down, pos=(989,458)
9.2720 	DATA 	Mouse:  Left button up, pos=(989,458)
9.3679 	DATA 	Mouse: Left button down, pos=(989,458)
9.4640 	DATA 	Mouse:  Left button up, pos=(989,458)
9.5427 	DATA 	Mouse: Left button down, pos=(989,458)
9.6401 	DATA 	Mouse:  Left button up, pos=(989,458)
9.7180 	DATA 	Mouse: Left button down, pos=(989,458)
9.8139 	DATA 	Mouse:  Left button up, pos=(989,458)
9.8968 	DATA 	Mouse: Left button down, pos=(989,458)
10.0019 	DATA 	Mouse:  Left button up, pos=(989,458)
10.0726 	DATA 	Mouse: Left button down, pos=(989,458)
10.1726 	DATA 	Mouse:  Left button up, pos=(989,458)
10.2457 	DATA 	Mouse: Left button down, pos=(989,458)
10.3555 	DATA 	Mouse:  Left button up, pos=(989,458)
10.8627 	DATA 	Mouse: Left button down, pos=(1413,493)
10.9696 	DATA 	Mouse:  Left button up, pos=(1413,493)
11.4541 	DATA 	Mouse: Left button down, pos=(1404,491)
11.4990 	DATA 	Mouse:  Left button up, pos=(1400,490)
11.6558 	DATA 	Mouse: Left button down, pos=(1013,494)
11.7434 	DATA 	Mouse:  Left button up, pos=(1013,494)
11.9487 	DATA 	Mouse: Left button down, pos=(1466,489)
12.0357 	DATA 	Mouse:  Left button up, pos=(1466,489)
12.2654 	DATA 	Mouse: Left button down, pos=(986,496)
12.3683 	DATA 	Mouse:  Left button up, pos=(986,496)
12.4620 	DATA 	Mouse: Left button down, pos=(986,496)
12.5541 	DATA 	Mouse:  Left button up, pos=(986,496)
12.7971 	DATA 	Mouse: Left button down, pos=(524,508)
12.8425 	EXP 	window1: mouseVisible = True
