3.2461 	WARNING 	User requested fullscreen with size [1024  768], but screen is actually [1920, 1080]. Using actual size
3.5634 	EXP 	Created window1 = Window(allowGUI=True, allowStencil=False, autoLog=True, backendConf=UNKNOWN, backgroundFit=<method-wrapper '__getattribute__' of attributeSetter object at 0x0000018F969F4FA0>, backgroundImage=<method-wrapper '__getattribute__' of attributeSetter object at 0x0000018F969F4F40>, bitsMode=UNKNOWN, blendMode='avg', bpc=(8, 8, 8), color=array([0, 0, 0]), colorSpace='rgb', depthBits=8, fullscr=<method-wrapper '__getattribute__' of attributeSetter object at 0x0000018F969F4C40>, gamma=None, gammaErrorPolicy='raise', lms=UNKNOWN, monitor=<psychopy.monitors.calibTools.Monitor object at 0x0000018F989192B0>, multiSample=False, name='window1', numSamples=2, pos=(0, 0), screen=0, size=array([1920, 1080]), stencilBits=0, stereo=False, units='height', useFBO=True, useRetina=False, viewOri=0.0, viewPos=None, viewScale=None, waitBlanking=True, winType='pyglet')
3.5635 	EXP 	window1: mouseVisible = True
3.5635 	EXP 	window1: backgroundImage = ''
3.5635 	EXP 	window1: backgroundFit = 'none'
3.5635 	EXP 	window1: mouseVisible = False
3.5635 	EXP 	window1: Attempting to measure frame rate of screen (0) ...
3.5636 	EXP 	window1: recordFrameIntervals = False
3.6049 	EXP 	window1: recordFrameIntervals = True
3.6515 	EXP 	Screen (0) actual frame rate measured at 236.10Hz
3.6515 	EXP 	window1: recordFrameIntervals = False
4.9186 	EXP 	window1: mouseVisible = True
4.9293 	EXP 	window1: mouseVisible = True
4.9395 	EXP 	window1: mouseVisible = True
5.2859 	DATA 	Mouse: Left button down, pos=(866,567)
5.3882 	DATA 	Mouse:  Left button up, pos=(866,567)
5.5979 	DATA 	Mouse: Left button down, pos=(1493,567)
5.6852 	DATA 	Mouse:  Left button up, pos=(1487,562)
5.8879 	DATA 	Mouse: Left button down, pos=(1486,562)
5.9981 	DATA 	Mouse:  Left button up, pos=(1486,562)
6.5297 	DATA 	Mouse: Left button down, pos=(436,594)
6.5858 	EXP 	window1: mouseVisible = True
