3.3022 	WARNING 	User requested fullscreen with size [1024  768], but screen is actually [1920, 1080]. Using actual size
3.6170 	EXP 	Created window1 = Window(allowGUI=True, allowStencil=False, autoLog=True, backendConf=UNKNOWN, backgroundFit=<method-wrapper '__getattribute__' of attributeSetter object at 0x0000016BFF94E310>, backgroundImage=<method-wrapper '__getattribute__' of attributeSetter object at 0x0000016BFF94E2B0>, bitsMode=UNKNOWN, blendMode='avg', bpc=(8, 8, 8), color=array([0, 0, 0]), colorSpace='rgb', depthBits=8, fullscr=<method-wrapper '__getattribute__' of attributeSetter object at 0x0000016BFF94E040>, gamma=None, gammaErrorPolicy='raise', lms=UNKNOWN, monitor=<psychopy.monitors.calibTools.Monitor object at 0x0000016B83A595B0>, multiSample=False, name='window1', numSamples=2, pos=(0, 0), screen=0, size=array([1920, 1080]), stencilBits=0, stereo=False, units='height', useFBO=True, useRetina=False, viewOri=0.0, viewPos=None, viewScale=None, waitBlanking=True, winType='pyglet')
3.6171 	EXP 	window1: mouseVisible = True
3.6171 	EXP 	window1: backgroundImage = ''
3.6171 	EXP 	window1: backgroundFit = 'none'
3.6172 	EXP 	window1: mouseVisible = False
3.6172 	EXP 	window1: Attempting to measure frame rate of screen (0) ...
3.6172 	EXP 	window1: recordFrameIntervals = False
3.6586 	EXP 	window1: recordFrameIntervals = True
3.7045 	EXP 	Screen (0) actual frame rate measured at 239.79Hz
3.7046 	EXP 	window1: recordFrameIntervals = False
4.9715 	EXP 	window1: mouseVisible = True
4.9818 	EXP 	window1: mouseVisible = True
4.9922 	EXP 	window1: mouseVisible = True
4.9923 	EXP 	window1: mouseVisible = True
5.3151 	DATA 	Mouse: Left button down, pos=(929,554)
5.4084 	DATA 	Mouse:  Left button up, pos=(928,553)
5.6427 	DATA 	Mouse: Left button down, pos=(1548,539)
5.7186 	DATA 	Mouse:  Left button up, pos=(1547,539)
5.9743 	DATA 	Mouse: Left button down, pos=(416,588)
6.0602 	DATA 	Mouse:  Left button up, pos=(416,588)
6.2898 	DATA 	Mouse: Left button down, pos=(983,544)
6.3839 	DATA 	Mouse:  Left button up, pos=(983,544)
6.5874 	DATA 	Mouse: Left button down, pos=(1469,536)
6.6608 	DATA 	Mouse:  Left button up, pos=(1469,536)
6.8613 	DATA 	Keypress: escape
7.3756 	EXP 	window1: mouseVisible = True
