3.2665 	WARNING 	User requested fullscreen with size [1024  768], but screen is actually [1920, 1080]. Using actual size
3.5559 	EXP 	Created window1 = Window(allowGUI=True, allowStencil=False, autoLog=True, backendConf=UNKNOWN, backgroundFit=<method-wrapper '__getattribute__' of attributeSetter object at 0x000002B26A494F40>, backgroundImage=<method-wrapper '__getattribute__' of attributeSetter object at 0x000002B26A494EE0>, bitsMode=UNKNOWN, blendMode='avg', bpc=(8, 8, 8), color=array([0, 0, 0]), colorSpace='rgb', depthBits=8, fullscr=<method-wrapper '__getattribute__' of attributeSetter object at 0x000002B26A494BE0>, gamma=None, gammaErrorPolicy='raise', lms=UNKNOWN, monitor=<psychopy.monitors.calibTools.Monitor object at 0x000002B26C3B9250>, multiSample=False, name='window1', numSamples=2, pos=(0, 0), screen=0, size=array([1920, 1080]), stencilBits=0, stereo=False, units='height', useFBO=True, useRetina=False, viewOri=0.0, viewPos=None, viewScale=None, waitBlanking=True, winType='pyglet')
3.5560 	EXP 	window1: mouseVisible = True
3.5560 	EXP 	window1: backgroundImage = ''
3.5560 	EXP 	window1: backgroundFit = 'none'
3.5561 	EXP 	window1: mouseVisible = False
3.5561 	EXP 	window1: Attempting to measure frame rate of screen (0) ...
3.5561 	EXP 	window1: recordFrameIntervals = False
3.5982 	EXP 	window1: recordFrameIntervals = True
3.6443 	EXP 	Screen (0) actual frame rate measured at 238.74Hz
3.6443 	EXP 	window1: recordFrameIntervals = False
4.9101 	EXP 	window1: mouseVisible = True
4.9214 	EXP 	window1: mouseVisible = True
4.9322 	EXP 	window1: mouseVisible = True
5.3446 	DATA 	Mouse: Left button down, pos=(965,485)
5.4267 	DATA 	Mouse:  Left button up, pos=(965,485)
5.8051 	DATA 	Mouse: Left button down, pos=(1373,506)
5.8762 	DATA 	Mouse:  Left button up, pos=(1373,506)
6.1005 	DATA 	Mouse: Left button down, pos=(1372,505)
6.2068 	DATA 	Mouse:  Left button up, pos=(1372,505)
6.5166 	DATA 	Mouse: Left button down, pos=(1018,489)
6.6199 	DATA 	Mouse:  Left button up, pos=(1018,489)
6.7270 	DATA 	Mouse: Left button down, pos=(1018,489)
6.8336 	DATA 	Mouse:  Left button up, pos=(1015,489)
7.0479 	DATA 	Mouse: Left button down, pos=(529,479)
7.0997 	EXP 	window1: mouseVisible = True
