3.1950 	WARNING 	User requested fullscreen with size [1024  768], but screen is actually [1920, 1080]. Using actual size
3.5004 	EXP 	Created window1 = Window(allowGUI=True, allowStencil=False, autoLog=True, backendConf=UNKNOWN, backgroundFit=<method-wrapper '__getattribute__' of attributeSetter object at 0x0000022BF5C321C0>, backgroundImage=<method-wrapper '__getattribute__' of attributeSetter object at 0x0000022BF5C32160>, bitsMode=UNKNOWN, blendMode='avg', bpc=(8, 8, 8), color=array([0, 0, 0]), colorSpace='rgb', depthBits=8, fullscr=<method-wrapper '__getattribute__' of attributeSetter object at 0x0000022BF5C25EE0>, gamma=None, gammaErrorPolicy='raise', lms=UNKNOWN, monitor=<psychopy.monitors.calibTools.Monitor object at 0x0000022BF7B49460>, multiSample=False, name='window1', numSamples=2, pos=(0, 0), screen=0, size=array([1920, 1080]), stencilBits=0, stereo=False, units='height', useFBO=True, useRetina=False, viewOri=0.0, viewPos=None, viewScale=None, waitBlanking=True, winType='pyglet')
3.5004 	EXP 	window1: mouseVisible = True
3.5004 	EXP 	window1: backgroundImage = ''
3.5004 	EXP 	window1: backgroundFit = 'none'
3.5005 	EXP 	window1: mouseVisible = False
3.5005 	EXP 	window1: Attempting to measure frame rate of screen (0) ...
3.5005 	EXP 	window1: recordFrameIntervals = False
3.5418 	EXP 	window1: recordFrameIntervals = True
3.5884 	EXP 	Screen (0) actual frame rate measured at 236.07Hz
3.5884 	EXP 	window1: recordFrameIntervals = False
4.9610 	EXP 	window1: mouseVisible = True
4.9725 	EXP 	window1: mouseVisible = True
4.9839 	EXP 	window1: mouseVisible = True
4.9840 	EXP 	window1: mouseVisible = True
5.2605 	DATA 	Mouse: Left button down, pos=(925,508)
5.3411 	DATA 	Mouse:  Left button up, pos=(925,508)
5.5337 	DATA 	Mouse: Left button down, pos=(1469,478)
5.6153 	DATA 	Mouse:  Left button up, pos=(1472,478)
5.7652 	DATA 	Mouse: Left button down, pos=(886,466)
5.8626 	DATA 	Mouse:  Left button up, pos=(884,473)
6.0071 	DATA 	Mouse: Left button down, pos=(486,517)
6.1014 	DATA 	Mouse:  Left button up, pos=(485,520)
6.3038 	DATA 	Keypress: escape
6.8439 	EXP 	window1: mouseVisible = True
