3.6935 	WARNING 	User requested fullscreen with size [1024  768], but screen is actually [1920, 1080]. Using actual size
3.9901 	EXP 	Created window1 = Window(allowGUI=True, allowStencil=False, autoLog=True, backendConf=UNKNOWN, backgroundFit=<method-wrapper '__getattribute__' of attributeSetter object at 0x000002A2B9215E20>, backgroundImage=<method-wrapper '__getattribute__' of attributeSetter object at 0x000002A2B9215FA0>, bitsMode=UNKNOWN, blendMode='avg', bpc=(8, 8, 8), color=array([0, 0, 0]), colorSpace='rgb', depthBits=8, fullscr=<method-wrapper '__getattribute__' of attributeSetter object at 0x000002A2B9215CA0>, gamma=None, gammaErrorPolicy='raise', lms=UNKNOWN, monitor=<psychopy.monitors.calibTools.Monitor object at 0x000002A2BB1392B0>, multiSample=False, name='window1', numSamples=2, pos=(0, 0), screen=0, size=array([1920, 1080]), stencilBits=0, stereo=False, units='height', useFBO=True, useRetina=False, viewOri=0.0, viewPos=None, viewScale=None, waitBlanking=True, winType='pyglet')
3.9902 	EXP 	window1: mouseVisible = True
3.9902 	EXP 	window1: backgroundImage = ''
3.9902 	EXP 	window1: backgroundFit = 'none'
3.9903 	EXP 	window1: mouseVisible = False
3.9903 	EXP 	window1: Attempting to measure frame rate of screen (0) ...
3.9903 	EXP 	window1: recordFrameIntervals = False
4.0316 	EXP 	window1: recordFrameIntervals = True
4.0776 	EXP 	Screen (0) actual frame rate measured at 239.09Hz
4.0776 	EXP 	window1: recordFrameIntervals = False
5.3473 	EXP 	window1: mouseVisible = True
5.3582 	EXP 	window1: mouseVisible = True
5.3685 	EXP 	window1: mouseVisible = True
5.3685 	EXP 	window1: mouseVisible = True
5.4201 	EXP 	Created text = TextStim(__class__=<class 'psychopy.visual.text.TextStim'>, alignHoriz=method-wrapper(...), alignText='center', alignVert=method-wrapper(...), anchorHoriz='center', anchorVert='center', antialias=True, autoDraw=False, autoLog=True, bold=False, color=array([1., 1., 1.]), colorSpace='rgb', contrast=1.0, depth=-5.0, flipHoriz=False, flipVert=False, font='Open Sans', fontFiles=[], height=0.05, italic=False, languageStyle='LTR', name='text', opacity=1.0, ori=0.0, pos=array([0., 0.]), rgb=UNKNOWN, text='', units='height', win=Window(...), wrapWidth=1)
5.4273 	EXP 	text: autoDraw = True
5.7553 	DATA 	Mouse: Left button down, pos=(1011,539)
5.8463 	DATA 	Mouse:  Left button up, pos=(1011,539)
6.2394 	DATA 	Mouse: Left button down, pos=(1509,528)
6.3561 	DATA 	Mouse:  Left button up, pos=(1509,528)
6.5883 	DATA 	Mouse: Left button down, pos=(1436,464)
6.6811 	DATA 	Mouse:  Left button up, pos=(1436,464)
6.8872 	DATA 	Mouse: Left button down, pos=(688,472)
6.9922 	DATA 	Mouse:  Left button up, pos=(688,472)
7.1564 	DATA 	Mouse: Left button down, pos=(434,493)
7.2635 	DATA 	Mouse:  Left button up, pos=(434,493)
7.3427 	DATA 	Mouse: Left button down, pos=(434,493)
7.4444 	DATA 	Mouse:  Left button up, pos=(435,493)
7.6252 	DATA 	Mouse: Left button down, pos=(953,494)
7.7324 	DATA 	Mouse:  Left button up, pos=(953,494)
8.0099 	DATA 	Mouse: Left button down, pos=(1386,480)
8.1158 	DATA 	Mouse:  Left button up, pos=(1386,480)
8.1750 	DATA 	Mouse: Left button down, pos=(1386,480)
8.2901 	DATA 	Mouse:  Left button up, pos=(1386,480)
8.4389 	DATA 	Keypress: escape
8.7390 	EXP 	window1: mouseVisible = True
