3.0422 	WARNING 	User requested fullscreen with size [1024  768], but screen is actually [1920, 1080]. Using actual size
3.3259 	EXP 	Created window1 = Window(allowGUI=True, allowStencil=False, autoLog=True, backendConf=UNKNOWN, backgroundFit=<method-wrapper '__getattribute__' of attributeSetter object at 0x000001D9589621F0>, backgroundImage=<method-wrapper '__getattribute__' of attributeSetter object at 0x000001D958962190>, bitsMode=UNKNOWN, blendMode='avg', bpc=(8, 8, 8), color=array([0, 0, 0]), colorSpace='rgb', depthBits=8, fullscr=<method-wrapper '__getattribute__' of attributeSetter object at 0x000001D958954F10>, gamma=None, gammaErrorPolicy='raise', lms=UNKNOWN, monitor=<psychopy.monitors.calibTools.Monitor object at 0x000001D95A878490>, multiSample=False, name='window1', numSamples=2, pos=(0, 0), screen=0, size=array([1920, 1080]), stencilBits=0, stereo=False, units='height', useFBO=True, useRetina=False, viewOri=0.0, viewPos=None, viewScale=None, waitBlanking=True, winType='pyglet')
3.3263 	EXP 	window1: mouseVisible = True
3.3263 	EXP 	window1: backgroundImage = ''
3.3263 	EXP 	window1: backgroundFit = 'none'
3.3263 	EXP 	window1: mouseVisible = False
3.3263 	EXP 	window1: Attempting to measure frame rate of screen (0) ...
3.3264 	EXP 	window1: recordFrameIntervals = False
3.3688 	EXP 	window1: recordFrameIntervals = True
3.4148 	EXP 	Screen (0) actual frame rate measured at 239.13Hz
3.4148 	EXP 	window1: recordFrameIntervals = False
4.6799 	EXP 	window1: mouseVisible = True
4.6903 	EXP 	window1: mouseVisible = True
4.7008 	EXP 	window1: mouseVisible = True
4.7009 	EXP 	window1: mouseVisible = True
4.7510 	EXP 	Created text = TextStim(__class__=<class 'psychopy.visual.text.TextStim'>, alignHoriz=method-wrapper(...), alignText='center', alignVert=method-wrapper(...), anchorHoriz='center', anchorVert='center', antialias=True, autoDraw=False, autoLog=True, bold=False, color=array([1., 1., 1.]), colorSpace='rgb', contrast=1.0, depth=-5.0, flipHoriz=False, flipVert=False, font='Open Sans', fontFiles=[], height=0.05, italic=False, languageStyle='LTR', name='text', opacity=1.0, ori=0.0, pos=array([0., 0.]), rgb=UNKNOWN, text='', units='height', win=Window(...), wrapWidth=1)
4.7584 	EXP 	text: autoDraw = True
5.0363 	DATA 	Mouse: Left button down, pos=(851,485)
5.1299 	DATA 	Mouse:  Left button up, pos=(851,485)
5.4503 	DATA 	Mouse: Left button down, pos=(1440,475)
5.5622 	DATA 	Mouse:  Left button up, pos=(1440,475)
5.8566 	DATA 	Mouse: Left button down, pos=(503,517)
5.9569 	DATA 	Mouse:  Left button up, pos=(507,516)
6.1296 	DATA 	Mouse: Left button down, pos=(1034,468)
6.2200 	DATA 	Mouse:  Left button up, pos=(1033,468)
6.3863 	DATA 	Mouse: Left button down, pos=(1487,480)
6.4822 	DATA 	Mouse:  Left button up, pos=(1487,480)
6.7412 	DATA 	Keypress: escape
7.0861 	EXP 	window1: mouseVisible = True
