3.2700 	WARNING 	User requested fullscreen with size [1024  768], but screen is actually [1920, 1080]. Using actual size
3.5795 	EXP 	Created window1 = Window(allowGUI=True, allowStencil=False, autoLog=True, backendConf=UNKNOWN, backgroundFit=<method-wrapper '__getattribute__' of attributeSetter object at 0x00000215092DE280>, backgroundImage=<method-wrapper '__getattribute__' of attributeSetter object at 0x00000215092DE220>, bitsMode=UNKNOWN, blendMode='avg', bpc=(8, 8, 8), color=array([0, 0, 0]), colorSpace='rgb', depthBits=8, fullscr=<method-wrapper '__getattribute__' of attributeSetter object at 0x00000215092D4FA0>, gamma=None, gammaErrorPolicy='raise', lms=UNKNOWN, monitor=<psychopy.monitors.calibTools.Monitor object at 0x000002150B1F9550>, multiSample=False, name='window1', numSamples=2, pos=(0, 0), screen=0, size=array([1920, 1080]), stencilBits=0, stereo=False, units='height', useFBO=True, useRetina=False, viewOri=0.0, viewPos=None, viewScale=None, waitBlanking=True, winType='pyglet')
3.5796 	EXP 	window1: mouseVisible = True
3.5796 	EXP 	window1: backgroundImage = ''
3.5796 	EXP 	window1: backgroundFit = 'none'
3.5797 	EXP 	window1: mouseVisible = False
3.5797 	EXP 	window1: Attempting to measure frame rate of screen (0) ...
3.5797 	EXP 	window1: recordFrameIntervals = False
3.6211 	EXP 	window1: recordFrameIntervals = True
3.6670 	EXP 	Screen (0) actual frame rate measured at 239.24Hz
3.6671 	EXP 	window1: recordFrameIntervals = False
4.9339 	EXP 	window1: mouseVisible = True
4.9445 	EXP 	window1: mouseVisible = True
4.9547 	EXP 	window1: mouseVisible = True
4.9548 	EXP 	window1: mouseVisible = True
5.0060 	EXP 	Created text = TextStim(__class__=<class 'psychopy.visual.text.TextStim'>, alignHoriz=method-wrapper(...), alignText='center', alignVert=method-wrapper(...), anchorHoriz='center', anchorVert='center', antialias=True, autoDraw=False, autoLog=True, bold=False, color=array([1., 1., 1.]), colorSpace='rgb', contrast=1.0, depth=-5.0, flipHoriz=False, flipVert=False, font='Open Sans', fontFiles=[], height=0.05, italic=False, languageStyle='LTR', name='text', opacity=1.0, ori=0.0, pos=array([0., 0.]), rgb=UNKNOWN, text='', units='height', win=Window(...), wrapWidth=1)
5.0164 	EXP 	text: autoDraw = True
5.2902 	DATA 	Mouse: Left button down, pos=(924,498)
5.3075 	EXP 	text: height = 0.05
5.3075 	EXP 	text: height = 0.05
5.3075 	EXP 	text: height = 0.05
5.3075 	EXP 	text: text = 'button_1'
5.3075 	EXP 	text: height = 0.05
5.3075 	EXP 	text: height = 0.05
5.3075 	EXP 	text: height = 0.05
5.3075 	EXP 	text: text = 'button_2'
5.3075 	EXP 	text: height = 0.05
5.3075 	EXP 	text: height = 0.05
5.3075 	EXP 	text: height = 0.05
5.3075 	EXP 	text: text = 'button_3'
5.3194 	EXP 	text: height = 0.05
5.3194 	EXP 	text: height = 0.05
5.3194 	EXP 	text: height = 0.05
5.3194 	EXP 	text: text = 'button_1'
5.3194 	EXP 	text: height = 0.05
5.3194 	EXP 	text: height = 0.05
5.3194 	EXP 	text: height = 0.05
5.3194 	EXP 	text: text = 'button_2'
5.3194 	EXP 	text: height = 0.05
5.3194 	EXP 	text: height = 0.05
5.3194 	EXP 	text: height = 0.05
5.3194 	EXP 	text: text = 'button_3'
5.3283 	EXP 	text: height = 0.05
5.3283 	EXP 	text: height = 0.05
5.3283 	EXP 	text: height = 0.05
5.3283 	EXP 	text: text = 'button_1'
5.3283 	EXP 	text: height = 0.05
5.3283 	EXP 	text: height = 0.05
5.3283 	EXP 	text: height = 0.05
5.3283 	EXP 	text: text = 'button_2'
5.3283 	EXP 	text: height = 0.05
5.3283 	EXP 	text: height = 0.05
5.3283 	EXP 	text: height = 0.05
5.3283 	EXP 	text: text = 'button_3'
5.3401 	EXP 	text: height = 0.05
5.3401 	EXP 	text: height = 0.05
5.3401 	EXP 	text: height = 0.05
5.3401 	EXP 	text: text = 'button_1'
5.3401 	EXP 	text: height = 0.05
5.3401 	EXP 	text: height = 0.05
5.3401 	EXP 	text: height = 0.05
5.3401 	EXP 	text: text = 'button_2'
5.3401 	EXP 	text: height = 0.05
5.3401 	EXP 	text: height = 0.05
5.3401 	EXP 	text: height = 0.05
5.3401 	EXP 	text: text = 'button_3'
5.3511 	EXP 	text: height = 0.05
5.3511 	EXP 	text: height = 0.05
5.3511 	EXP 	text: height = 0.05
5.3511 	EXP 	text: text = 'button_1'
5.3511 	EXP 	text: height = 0.05
5.3511 	EXP 	text: height = 0.05
5.3511 	EXP 	text: height = 0.05
5.3511 	EXP 	text: text = 'button_2'
5.3511 	EXP 	text: height = 0.05
5.3511 	EXP 	text: height = 0.05
5.3511 	EXP 	text: height = 0.05
5.3511 	EXP 	text: text = 'button_3'
5.3633 	EXP 	text: height = 0.05
5.3633 	EXP 	text: height = 0.05
5.3633 	EXP 	text: height = 0.05
5.3633 	EXP 	text: text = 'button_1'
5.3633 	EXP 	text: height = 0.05
5.3633 	EXP 	text: height = 0.05
5.3633 	EXP 	text: height = 0.05
5.3633 	EXP 	text: text = 'button_2'
5.3633 	EXP 	text: height = 0.05
5.3633 	EXP 	text: height = 0.05
5.3633 	EXP 	text: height = 0.05
5.3633 	EXP 	text: text = 'button_3'
5.3723 	EXP 	text: height = 0.05
5.3723 	EXP 	text: height = 0.05
5.3723 	EXP 	text: height = 0.05
5.3723 	EXP 	text: text = 'button_1'
5.3723 	EXP 	text: height = 0.05
5.3723 	EXP 	text: height = 0.05
5.3723 	EXP 	text: height = 0.05
5.3723 	EXP 	text: text = 'button_2'
5.3723 	EXP 	text: height = 0.05
5.3723 	EXP 	text: height = 0.05
5.3723 	EXP 	text: height = 0.05
5.3723 	EXP 	text: text = 'button_3'
5.3828 	EXP 	text: height = 0.05
5.3828 	EXP 	text: height = 0.05
5.3828 	EXP 	text: height = 0.05
5.3828 	EXP 	text: text = 'button_1'
5.3828 	EXP 	text: height = 0.05
5.3828 	EXP 	text: height = 0.05
5.3828 	EXP 	text: height = 0.05
5.3828 	EXP 	text: text = 'button_2'
5.3828 	EXP 	text: height = 0.05
5.3828 	EXP 	text: height = 0.05
5.3828 	EXP 	text: height = 0.05
5.3828 	EXP 	text: text = 'button_3'
5.3832 	DATA 	Mouse:  Left button up, pos=(924,498)
5.3917 	EXP 	text: height = 0.05
5.3917 	EXP 	text: height = 0.05
5.3917 	EXP 	text: height = 0.05
5.3917 	EXP 	text: text = 'button_1'
5.3917 	EXP 	text: height = 0.05
5.3917 	EXP 	text: height = 0.05
5.3917 	EXP 	text: height = 0.05
5.3917 	EXP 	text: text = 'button_2'
5.3917 	EXP 	text: height = 0.05
5.3917 	EXP 	text: height = 0.05
5.3917 	EXP 	text: height = 0.05
5.3917 	EXP 	text: text = 'button_3'
5.4009 	EXP 	text: height = 0.05
5.4009 	EXP 	text: height = 0.05
5.4009 	EXP 	text: height = 0.05
5.4009 	EXP 	text: text = 'button_1'
5.4009 	EXP 	text: height = 0.05
5.4009 	EXP 	text: height = 0.05
5.4009 	EXP 	text: height = 0.05
5.4009 	EXP 	text: text = 'button_2'
5.4009 	EXP 	text: height = 0.05
5.4009 	EXP 	text: height = 0.05
5.4009 	EXP 	text: height = 0.05
5.4009 	EXP 	text: text = 'button_3'
5.4100 	EXP 	text: height = 0.05
5.4100 	EXP 	text: height = 0.05
5.4100 	EXP 	text: height = 0.05
5.4100 	EXP 	text: text = 'button_1'
5.4100 	EXP 	text: height = 0.05
5.4100 	EXP 	text: height = 0.05
5.4100 	EXP 	text: height = 0.05
5.4100 	EXP 	text: text = 'button_2'
5.4100 	EXP 	text: height = 0.05
5.4100 	EXP 	text: height = 0.05
5.4100 	EXP 	text: height = 0.05
5.4100 	EXP 	text: text = 'button_3'
5.4191 	EXP 	text: height = 0.05
5.4191 	EXP 	text: height = 0.05
5.4191 	EXP 	text: height = 0.05
5.4191 	EXP 	text: text = 'button_1'
5.4191 	EXP 	text: height = 0.05
5.4191 	EXP 	text: height = 0.05
5.4191 	EXP 	text: height = 0.05
5.4191 	EXP 	text: text = 'button_2'
5.4191 	EXP 	text: height = 0.05
5.4191 	EXP 	text: height = 0.05
5.4191 	EXP 	text: height = 0.05
5.4191 	EXP 	text: text = 'button_3'
5.4277 	EXP 	text: height = 0.05
5.4277 	EXP 	text: height = 0.05
5.4277 	EXP 	text: height = 0.05
5.4277 	EXP 	text: text = 'button_1'
5.4277 	EXP 	text: height = 0.05
5.4277 	EXP 	text: height = 0.05
5.4277 	EXP 	text: height = 0.05
5.4277 	EXP 	text: text = 'button_2'
5.4277 	EXP 	text: height = 0.05
5.4277 	EXP 	text: height = 0.05
5.4277 	EXP 	text: height = 0.05
5.4277 	EXP 	text: text = 'button_3'
5.4364 	EXP 	text: height = 0.05
5.4364 	EXP 	text: height = 0.05
5.4364 	EXP 	text: height = 0.05
5.4364 	EXP 	text: text = 'button_1'
5.4364 	EXP 	text: height = 0.05
5.4364 	EXP 	text: height = 0.05
5.4364 	EXP 	text: height = 0.05
5.4364 	EXP 	text: text = 'button_2'
5.4364 	EXP 	text: height = 0.05
5.4364 	EXP 	text: height = 0.05
5.4364 	EXP 	text: height = 0.05
5.4364 	EXP 	text: text = 'button_3'
5.4460 	EXP 	text: height = 0.05
5.4460 	EXP 	text: height = 0.05
5.4460 	EXP 	text: height = 0.05
5.4460 	EXP 	text: text = 'button_1'
5.4460 	EXP 	text: height = 0.05
5.4460 	EXP 	text: height = 0.05
5.4460 	EXP 	text: height = 0.05
5.4460 	EXP 	text: text = 'button_2'
5.4460 	EXP 	text: height = 0.05
5.4460 	EXP 	text: height = 0.05
5.4460 	EXP 	text: height = 0.05
5.4460 	EXP 	text: text = 'button_3'
5.4559 	EXP 	text: height = 0.05
5.4559 	EXP 	text: height = 0.05
5.4559 	EXP 	text: height = 0.05
5.4559 	EXP 	text: text = 'button_1'
5.4559 	EXP 	text: height = 0.05
5.4559 	EXP 	text: height = 0.05
5.4559 	EXP 	text: height = 0.05
5.4559 	EXP 	text: text = 'button_2'
5.4559 	EXP 	text: height = 0.05
5.4559 	EXP 	text: height = 0.05
5.4559 	EXP 	text: height = 0.05
5.4559 	EXP 	text: text = 'button_3'
5.4645 	EXP 	text: height = 0.05
5.4645 	EXP 	text: height = 0.05
5.4645 	EXP 	text: height = 0.05
5.4645 	EXP 	text: text = 'button_1'
5.4645 	EXP 	text: height = 0.05
5.4645 	EXP 	text: height = 0.05
5.4645 	EXP 	text: height = 0.05
5.4645 	EXP 	text: text = 'button_2'
5.4645 	EXP 	text: height = 0.05
5.4645 	EXP 	text: height = 0.05
5.4645 	EXP 	text: height = 0.05
5.4645 	EXP 	text: text = 'button_3'
5.4730 	EXP 	text: height = 0.05
5.4730 	EXP 	text: height = 0.05
5.4730 	EXP 	text: height = 0.05
5.4730 	EXP 	text: text = 'button_1'
5.4730 	EXP 	text: height = 0.05
5.4730 	EXP 	text: height = 0.05
5.4730 	EXP 	text: height = 0.05
5.4730 	EXP 	text: text = 'button_2'
5.4730 	EXP 	text: height = 0.05
5.4730 	EXP 	text: height = 0.05
5.4730 	EXP 	text: height = 0.05
5.4730 	EXP 	text: text = 'button_3'
5.4822 	EXP 	text: height = 0.05
5.4822 	EXP 	text: height = 0.05
5.4822 	EXP 	text: height = 0.05
5.4822 	EXP 	text: text = 'button_1'
5.4822 	EXP 	text: height = 0.05
5.4822 	EXP 	text: height = 0.05
5.4822 	EXP 	text: height = 0.05
5.4822 	EXP 	text: text = 'button_2'
5.4822 	EXP 	text: height = 0.05
5.4822 	EXP 	text: height = 0.05
5.4822 	EXP 	text: height = 0.05
5.4822 	EXP 	text: text = 'button_3'
5.4929 	EXP 	text: height = 0.05
5.4929 	EXP 	text: height = 0.05
5.4929 	EXP 	text: height = 0.05
5.4929 	EXP 	text: text = 'button_1'
5.4929 	EXP 	text: height = 0.05
5.4929 	EXP 	text: height = 0.05
5.4929 	EXP 	text: height = 0.05
5.4929 	EXP 	text: text = 'button_2'
5.4929 	EXP 	text: height = 0.05
5.4929 	EXP 	text: height = 0.05
5.4929 	EXP 	text: height = 0.05
5.4929 	EXP 	text: text = 'button_3'
5.5021 	EXP 	text: height = 0.05
5.5021 	EXP 	text: height = 0.05
5.5021 	EXP 	text: height = 0.05
5.5021 	EXP 	text: text = 'button_1'
5.5021 	EXP 	text: height = 0.05
5.5021 	EXP 	text: height = 0.05
5.5021 	EXP 	text: height = 0.05
5.5021 	EXP 	text: text = 'button_2'
5.5021 	EXP 	text: height = 0.05
5.5021 	EXP 	text: height = 0.05
5.5021 	EXP 	text: height = 0.05
5.5021 	EXP 	text: text = 'button_3'
5.5112 	EXP 	text: height = 0.05
5.5112 	EXP 	text: height = 0.05
5.5112 	EXP 	text: height = 0.05
5.5112 	EXP 	text: text = 'button_1'
5.5112 	EXP 	text: height = 0.05
5.5112 	EXP 	text: height = 0.05
5.5112 	EXP 	text: height = 0.05
5.5112 	EXP 	text: text = 'button_2'
5.5112 	EXP 	text: height = 0.05
5.5112 	EXP 	text: height = 0.05
5.5112 	EXP 	text: height = 0.05
5.5112 	EXP 	text: text = 'button_3'
5.5200 	EXP 	text: height = 0.05
5.5200 	EXP 	text: height = 0.05
5.5200 	EXP 	text: height = 0.05
5.5200 	EXP 	text: text = 'button_1'
5.5200 	EXP 	text: height = 0.05
5.5200 	EXP 	text: height = 0.05
5.5200 	EXP 	text: height = 0.05
5.5200 	EXP 	text: text = 'button_2'
5.5200 	EXP 	text: height = 0.05
5.5200 	EXP 	text: height = 0.05
5.5200 	EXP 	text: height = 0.05
5.5200 	EXP 	text: text = 'button_3'
5.5287 	EXP 	text: height = 0.05
5.5287 	EXP 	text: height = 0.05
5.5287 	EXP 	text: height = 0.05
5.5287 	EXP 	text: text = 'button_1'
5.5287 	EXP 	text: height = 0.05
5.5287 	EXP 	text: height = 0.05
5.5287 	EXP 	text: height = 0.05
5.5287 	EXP 	text: text = 'button_2'
5.5287 	EXP 	text: height = 0.05
5.5287 	EXP 	text: height = 0.05
5.5287 	EXP 	text: height = 0.05
5.5287 	EXP 	text: text = 'button_3'
5.5377 	EXP 	text: height = 0.05
5.5377 	EXP 	text: height = 0.05
5.5377 	EXP 	text: height = 0.05
5.5377 	EXP 	text: text = 'button_1'
5.5377 	EXP 	text: height = 0.05
5.5377 	EXP 	text: height = 0.05
5.5377 	EXP 	text: height = 0.05
5.5377 	EXP 	text: text = 'button_2'
5.5377 	EXP 	text: height = 0.05
5.5377 	EXP 	text: height = 0.05
5.5377 	EXP 	text: height = 0.05
5.5377 	EXP 	text: text = 'button_3'
5.5470 	EXP 	text: height = 0.05
5.5470 	EXP 	text: height = 0.05
5.5470 	EXP 	text: height = 0.05
5.5470 	EXP 	text: text = 'button_1'
5.5470 	EXP 	text: height = 0.05
5.5470 	EXP 	text: height = 0.05
5.5470 	EXP 	text: height = 0.05
5.5470 	EXP 	text: text = 'button_2'
5.5470 	EXP 	text: height = 0.05
5.5470 	EXP 	text: height = 0.05
5.5470 	EXP 	text: height = 0.05
5.5470 	EXP 	text: text = 'button_3'
5.5560 	EXP 	text: height = 0.05
5.5560 	EXP 	text: height = 0.05
5.5560 	EXP 	text: height = 0.05
5.5560 	EXP 	text: text = 'button_1'
5.5560 	EXP 	text: height = 0.05
5.5560 	EXP 	text: height = 0.05
5.5560 	EXP 	text: height = 0.05
5.5560 	EXP 	text: text = 'button_2'
5.5560 	EXP 	text: height = 0.05
5.5560 	EXP 	text: height = 0.05
5.5560 	EXP 	text: height = 0.05
5.5560 	EXP 	text: text = 'button_3'
5.5648 	EXP 	text: height = 0.05
5.5648 	EXP 	text: height = 0.05
5.5648 	EXP 	text: height = 0.05
5.5648 	EXP 	text: text = 'button_1'
5.5648 	EXP 	text: height = 0.05
5.5648 	EXP 	text: height = 0.05
5.5648 	EXP 	text: height = 0.05
5.5648 	EXP 	text: text = 'button_2'
5.5648 	EXP 	text: height = 0.05
5.5648 	EXP 	text: height = 0.05
5.5648 	EXP 	text: height = 0.05
5.5648 	EXP 	text: text = 'button_3'
5.5742 	EXP 	text: height = 0.05
5.5742 	EXP 	text: height = 0.05
5.5742 	EXP 	text: height = 0.05
5.5742 	EXP 	text: text = 'button_1'
5.5742 	EXP 	text: height = 0.05
5.5742 	EXP 	text: height = 0.05
5.5742 	EXP 	text: height = 0.05
5.5742 	EXP 	text: text = 'button_2'
5.5742 	EXP 	text: height = 0.05
5.5742 	EXP 	text: height = 0.05
5.5742 	EXP 	text: height = 0.05
5.5742 	EXP 	text: text = 'button_3'
5.5835 	EXP 	text: height = 0.05
5.5835 	EXP 	text: height = 0.05
5.5835 	EXP 	text: height = 0.05
5.5835 	EXP 	text: text = 'button_1'
5.5835 	EXP 	text: height = 0.05
5.5835 	EXP 	text: height = 0.05
5.5835 	EXP 	text: height = 0.05
5.5835 	EXP 	text: text = 'button_2'
5.5835 	EXP 	text: height = 0.05
5.5835 	EXP 	text: height = 0.05
5.5835 	EXP 	text: height = 0.05
5.5835 	EXP 	text: text = 'button_3'
5.5925 	EXP 	text: height = 0.05
5.5925 	EXP 	text: height = 0.05
5.5925 	EXP 	text: height = 0.05
5.5925 	EXP 	text: text = 'button_1'
5.5925 	EXP 	text: height = 0.05
5.5925 	EXP 	text: height = 0.05
5.5925 	EXP 	text: height = 0.05
5.5925 	EXP 	text: text = 'button_2'
5.5925 	EXP 	text: height = 0.05
5.5925 	EXP 	text: height = 0.05
5.5925 	EXP 	text: height = 0.05
5.5925 	EXP 	text: text = 'button_3'
5.6016 	EXP 	text: height = 0.05
5.6016 	EXP 	text: height = 0.05
5.6016 	EXP 	text: height = 0.05
5.6016 	EXP 	text: text = 'button_1'
5.6016 	EXP 	text: height = 0.05
5.6016 	EXP 	text: height = 0.05
5.6016 	EXP 	text: height = 0.05
5.6016 	EXP 	text: text = 'button_2'
5.6016 	EXP 	text: height = 0.05
5.6016 	EXP 	text: height = 0.05
5.6016 	EXP 	text: height = 0.05
5.6016 	EXP 	text: text = 'button_3'
5.6106 	EXP 	text: height = 0.05
5.6106 	EXP 	text: height = 0.05
5.6106 	EXP 	text: height = 0.05
5.6106 	EXP 	text: text = 'button_1'
5.6106 	EXP 	text: height = 0.05
5.6106 	EXP 	text: height = 0.05
5.6106 	EXP 	text: height = 0.05
5.6106 	EXP 	text: text = 'button_2'
5.6106 	EXP 	text: height = 0.05
5.6106 	EXP 	text: height = 0.05
5.6106 	EXP 	text: height = 0.05
5.6106 	EXP 	text: text = 'button_3'
5.6205 	EXP 	text: height = 0.05
5.6205 	EXP 	text: height = 0.05
5.6205 	EXP 	text: height = 0.05
5.6205 	EXP 	text: text = 'button_1'
5.6205 	EXP 	text: height = 0.05
5.6205 	EXP 	text: height = 0.05
5.6205 	EXP 	text: height = 0.05
5.6205 	EXP 	text: text = 'button_2'
5.6205 	EXP 	text: height = 0.05
5.6205 	EXP 	text: height = 0.05
5.6205 	EXP 	text: height = 0.05
5.6205 	EXP 	text: text = 'button_3'
5.6293 	EXP 	text: height = 0.05
5.6293 	EXP 	text: height = 0.05
5.6293 	EXP 	text: height = 0.05
5.6293 	EXP 	text: text = 'button_1'
5.6293 	EXP 	text: height = 0.05
5.6293 	EXP 	text: height = 0.05
5.6293 	EXP 	text: height = 0.05
5.6293 	EXP 	text: text = 'button_2'
5.6293 	EXP 	text: height = 0.05
5.6293 	EXP 	text: height = 0.05
5.6293 	EXP 	text: height = 0.05
5.6293 	EXP 	text: text = 'button_3'
5.6381 	EXP 	text: height = 0.05
5.6381 	EXP 	text: height = 0.05
5.6381 	EXP 	text: height = 0.05
5.6381 	EXP 	text: text = 'button_1'
5.6381 	EXP 	text: height = 0.05
5.6381 	EXP 	text: height = 0.05
5.6381 	EXP 	text: height = 0.05
5.6381 	EXP 	text: text = 'button_2'
5.6381 	EXP 	text: height = 0.05
5.6381 	EXP 	text: height = 0.05
5.6381 	EXP 	text: height = 0.05
5.6381 	EXP 	text: text = 'button_3'
5.6478 	EXP 	text: height = 0.05
5.6478 	EXP 	text: height = 0.05
5.6478 	EXP 	text: height = 0.05
5.6478 	EXP 	text: text = 'button_1'
5.6478 	EXP 	text: height = 0.05
5.6478 	EXP 	text: height = 0.05
5.6478 	EXP 	text: height = 0.05
5.6478 	EXP 	text: text = 'button_2'
5.6478 	EXP 	text: height = 0.05
5.6478 	EXP 	text: height = 0.05
5.6478 	EXP 	text: height = 0.05
5.6478 	EXP 	text: text = 'button_3'
5.6571 	EXP 	text: height = 0.05
5.6571 	EXP 	text: height = 0.05
5.6571 	EXP 	text: height = 0.05
5.6571 	EXP 	text: text = 'button_1'
5.6571 	EXP 	text: height = 0.05
5.6571 	EXP 	text: height = 0.05
5.6571 	EXP 	text: height = 0.05
5.6571 	EXP 	text: text = 'button_2'
5.6571 	EXP 	text: height = 0.05
5.6571 	EXP 	text: height = 0.05
5.6571 	EXP 	text: height = 0.05
5.6571 	EXP 	text: text = 'button_3'
5.6659 	EXP 	text: height = 0.05
5.6659 	EXP 	text: height = 0.05
5.6659 	EXP 	text: height = 0.05
5.6659 	EXP 	text: text = 'button_1'
5.6659 	EXP 	text: height = 0.05
5.6659 	EXP 	text: height = 0.05
5.6659 	EXP 	text: height = 0.05
5.6659 	EXP 	text: text = 'button_2'
5.6659 	EXP 	text: height = 0.05
5.6659 	EXP 	text: height = 0.05
5.6659 	EXP 	text: height = 0.05
5.6659 	EXP 	text: text = 'button_3'
5.6745 	EXP 	text: height = 0.05
5.6745 	EXP 	text: height = 0.05
5.6745 	EXP 	text: height = 0.05
5.6745 	EXP 	text: text = 'button_1'
5.6745 	EXP 	text: height = 0.05
5.6745 	EXP 	text: height = 0.05
5.6745 	EXP 	text: height = 0.05
5.6745 	EXP 	text: text = 'button_2'
5.6745 	EXP 	text: height = 0.05
5.6745 	EXP 	text: height = 0.05
5.6745 	EXP 	text: height = 0.05
5.6745 	EXP 	text: text = 'button_3'
5.6835 	EXP 	text: height = 0.05
5.6835 	EXP 	text: height = 0.05
5.6835 	EXP 	text: height = 0.05
5.6835 	EXP 	text: text = 'button_1'
5.6835 	EXP 	text: height = 0.05
5.6835 	EXP 	text: height = 0.05
5.6835 	EXP 	text: height = 0.05
5.6835 	EXP 	text: text = 'button_2'
5.6835 	EXP 	text: height = 0.05
5.6835 	EXP 	text: height = 0.05
5.6835 	EXP 	text: height = 0.05
5.6835 	EXP 	text: text = 'button_3'
5.6924 	EXP 	text: height = 0.05
5.6924 	EXP 	text: height = 0.05
5.6924 	EXP 	text: height = 0.05
5.6924 	EXP 	text: text = 'button_1'
5.6924 	EXP 	text: height = 0.05
5.6924 	EXP 	text: height = 0.05
5.6924 	EXP 	text: height = 0.05
5.6924 	EXP 	text: text = 'button_2'
5.6924 	EXP 	text: height = 0.05
5.6924 	EXP 	text: height = 0.05
5.6924 	EXP 	text: height = 0.05
5.6924 	EXP 	text: text = 'button_3'
5.7010 	DATA 	Mouse: Left button down, pos=(1503,475)
5.7016 	EXP 	text: height = 0.05
5.7016 	EXP 	text: height = 0.05
5.7016 	EXP 	text: height = 0.05
5.7016 	EXP 	text: text = 'button_1'
5.7016 	EXP 	text: height = 0.05
5.7016 	EXP 	text: height = 0.05
5.7016 	EXP 	text: height = 0.05
5.7016 	EXP 	text: text = 'button_2'
5.7016 	EXP 	text: height = 0.05
5.7016 	EXP 	text: height = 0.05
5.7016 	EXP 	text: height = 0.05
5.7016 	EXP 	text: text = 'button_3'
5.7112 	EXP 	text: height = 0.05
5.7112 	EXP 	text: height = 0.05
5.7112 	EXP 	text: height = 0.05
5.7112 	EXP 	text: text = 'button_1'
5.7112 	EXP 	text: height = 0.05
5.7112 	EXP 	text: height = 0.05
5.7112 	EXP 	text: height = 0.05
5.7112 	EXP 	text: text = 'button_2'
5.7112 	EXP 	text: height = 0.05
5.7112 	EXP 	text: height = 0.05
5.7112 	EXP 	text: height = 0.05
5.7112 	EXP 	text: text = 'button_3'
5.7204 	EXP 	text: height = 0.05
5.7204 	EXP 	text: height = 0.05
5.7204 	EXP 	text: height = 0.05
5.7204 	EXP 	text: text = 'button_1'
5.7204 	EXP 	text: height = 0.05
5.7204 	EXP 	text: height = 0.05
5.7204 	EXP 	text: height = 0.05
5.7204 	EXP 	text: text = 'button_2'
5.7204 	EXP 	text: height = 0.05
5.7204 	EXP 	text: height = 0.05
5.7204 	EXP 	text: height = 0.05
5.7204 	EXP 	text: text = 'button_3'
5.7296 	EXP 	text: height = 0.05
5.7296 	EXP 	text: height = 0.05
5.7296 	EXP 	text: height = 0.05
5.7296 	EXP 	text: text = 'button_1'
5.7296 	EXP 	text: height = 0.05
5.7296 	EXP 	text: height = 0.05
5.7296 	EXP 	text: height = 0.05
5.7296 	EXP 	text: text = 'button_2'
5.7296 	EXP 	text: height = 0.05
5.7296 	EXP 	text: height = 0.05
5.7296 	EXP 	text: height = 0.05
5.7296 	EXP 	text: text = 'button_3'
5.7386 	EXP 	text: height = 0.05
5.7386 	EXP 	text: height = 0.05
5.7386 	EXP 	text: height = 0.05
5.7386 	EXP 	text: text = 'button_1'
5.7386 	EXP 	text: height = 0.05
5.7386 	EXP 	text: height = 0.05
5.7386 	EXP 	text: height = 0.05
5.7386 	EXP 	text: text = 'button_2'
5.7386 	EXP 	text: height = 0.05
5.7386 	EXP 	text: height = 0.05
5.7386 	EXP 	text: height = 0.05
5.7386 	EXP 	text: text = 'button_3'
5.7478 	EXP 	text: height = 0.05
5.7478 	EXP 	text: height = 0.05
5.7478 	EXP 	text: height = 0.05
5.7478 	EXP 	text: text = 'button_1'
5.7478 	EXP 	text: height = 0.05
5.7478 	EXP 	text: height = 0.05
5.7478 	EXP 	text: height = 0.05
5.7478 	EXP 	text: text = 'button_2'
5.7478 	EXP 	text: height = 0.05
5.7478 	EXP 	text: height = 0.05
5.7478 	EXP 	text: height = 0.05
5.7478 	EXP 	text: text = 'button_3'
5.7569 	EXP 	text: height = 0.05
5.7569 	EXP 	text: height = 0.05
5.7569 	EXP 	text: height = 0.05
5.7569 	EXP 	text: text = 'button_1'
5.7569 	EXP 	text: height = 0.05
5.7569 	EXP 	text: height = 0.05
5.7569 	EXP 	text: height = 0.05
5.7569 	EXP 	text: text = 'button_2'
5.7569 	EXP 	text: height = 0.05
5.7569 	EXP 	text: height = 0.05
5.7569 	EXP 	text: height = 0.05
5.7569 	EXP 	text: text = 'button_3'
5.7658 	EXP 	text: height = 0.05
5.7658 	EXP 	text: height = 0.05
5.7658 	EXP 	text: height = 0.05
5.7658 	EXP 	text: text = 'button_1'
5.7658 	EXP 	text: height = 0.05
5.7658 	EXP 	text: height = 0.05
5.7658 	EXP 	text: height = 0.05
5.7658 	EXP 	text: text = 'button_2'
5.7658 	EXP 	text: height = 0.05
5.7658 	EXP 	text: height = 0.05
5.7658 	EXP 	text: height = 0.05
5.7658 	EXP 	text: text = 'button_3'
5.7748 	EXP 	text: height = 0.05
5.7748 	EXP 	text: height = 0.05
5.7748 	EXP 	text: height = 0.05
5.7748 	EXP 	text: text = 'button_1'
5.7748 	EXP 	text: height = 0.05
5.7748 	EXP 	text: height = 0.05
5.7748 	EXP 	text: height = 0.05
5.7748 	EXP 	text: text = 'button_2'
5.7748 	EXP 	text: height = 0.05
5.7748 	EXP 	text: height = 0.05
5.7748 	EXP 	text: height = 0.05
5.7748 	EXP 	text: text = 'button_3'
5.7838 	EXP 	text: height = 0.05
5.7838 	EXP 	text: height = 0.05
5.7838 	EXP 	text: height = 0.05
5.7838 	EXP 	text: text = 'button_1'
5.7838 	EXP 	text: height = 0.05
5.7838 	EXP 	text: height = 0.05
5.7838 	EXP 	text: height = 0.05
5.7838 	EXP 	text: text = 'button_2'
5.7838 	EXP 	text: height = 0.05
5.7838 	EXP 	text: height = 0.05
5.7838 	EXP 	text: height = 0.05
5.7838 	EXP 	text: text = 'button_3'
5.7922 	DATA 	Mouse:  Left button up, pos=(1503,475)
5.7930 	EXP 	text: height = 0.05
5.7930 	EXP 	text: height = 0.05
5.7930 	EXP 	text: height = 0.05
5.7930 	EXP 	text: text = 'button_1'
5.7930 	EXP 	text: height = 0.05
5.7930 	EXP 	text: height = 0.05
5.7930 	EXP 	text: height = 0.05
5.7930 	EXP 	text: text = 'button_2'
5.7930 	EXP 	text: height = 0.05
5.7930 	EXP 	text: height = 0.05
5.7930 	EXP 	text: height = 0.05
5.7930 	EXP 	text: text = 'button_3'
5.8019 	EXP 	text: height = 0.05
5.8019 	EXP 	text: height = 0.05
5.8019 	EXP 	text: height = 0.05
5.8019 	EXP 	text: text = 'button_1'
5.8019 	EXP 	text: height = 0.05
5.8019 	EXP 	text: height = 0.05
5.8019 	EXP 	text: height = 0.05
5.8019 	EXP 	text: text = 'button_2'
5.8019 	EXP 	text: height = 0.05
5.8019 	EXP 	text: height = 0.05
5.8019 	EXP 	text: height = 0.05
5.8019 	EXP 	text: text = 'button_3'
5.8109 	EXP 	text: height = 0.05
5.8109 	EXP 	text: height = 0.05
5.8109 	EXP 	text: height = 0.05
5.8109 	EXP 	text: text = 'button_1'
5.8109 	EXP 	text: height = 0.05
5.8109 	EXP 	text: height = 0.05
5.8109 	EXP 	text: height = 0.05
5.8109 	EXP 	text: text = 'button_2'
5.8109 	EXP 	text: height = 0.05
5.8109 	EXP 	text: height = 0.05
5.8109 	EXP 	text: height = 0.05
5.8109 	EXP 	text: text = 'button_3'
5.8196 	EXP 	text: height = 0.05
5.8196 	EXP 	text: height = 0.05
5.8196 	EXP 	text: height = 0.05
5.8196 	EXP 	text: text = 'button_1'
5.8196 	EXP 	text: height = 0.05
5.8196 	EXP 	text: height = 0.05
5.8196 	EXP 	text: height = 0.05
5.8196 	EXP 	text: text = 'button_2'
5.8196 	EXP 	text: height = 0.05
5.8196 	EXP 	text: height = 0.05
5.8196 	EXP 	text: height = 0.05
5.8196 	EXP 	text: text = 'button_3'
5.8285 	EXP 	text: height = 0.05
5.8285 	EXP 	text: height = 0.05
5.8285 	EXP 	text: height = 0.05
5.8285 	EXP 	text: text = 'button_1'
5.8285 	EXP 	text: height = 0.05
5.8285 	EXP 	text: height = 0.05
5.8285 	EXP 	text: height = 0.05
5.8285 	EXP 	text: text = 'button_2'
5.8285 	EXP 	text: height = 0.05
5.8285 	EXP 	text: height = 0.05
5.8285 	EXP 	text: height = 0.05
5.8285 	EXP 	text: text = 'button_3'
5.8376 	EXP 	text: height = 0.05
5.8376 	EXP 	text: height = 0.05
5.8376 	EXP 	text: height = 0.05
5.8376 	EXP 	text: text = 'button_1'
5.8376 	EXP 	text: height = 0.05
5.8376 	EXP 	text: height = 0.05
5.8376 	EXP 	text: height = 0.05
5.8376 	EXP 	text: text = 'button_2'
5.8376 	EXP 	text: height = 0.05
5.8376 	EXP 	text: height = 0.05
5.8376 	EXP 	text: height = 0.05
5.8376 	EXP 	text: text = 'button_3'
5.8463 	EXP 	text: height = 0.05
5.8463 	EXP 	text: height = 0.05
5.8463 	EXP 	text: height = 0.05
5.8463 	EXP 	text: text = 'button_1'
5.8463 	EXP 	text: height = 0.05
5.8463 	EXP 	text: height = 0.05
5.8463 	EXP 	text: height = 0.05
5.8463 	EXP 	text: text = 'button_2'
5.8463 	EXP 	text: height = 0.05
5.8463 	EXP 	text: height = 0.05
5.8463 	EXP 	text: height = 0.05
5.8463 	EXP 	text: text = 'button_3'
5.8569 	EXP 	text: height = 0.05
5.8569 	EXP 	text: height = 0.05
5.8569 	EXP 	text: height = 0.05
5.8569 	EXP 	text: text = 'button_1'
5.8569 	EXP 	text: height = 0.05
5.8569 	EXP 	text: height = 0.05
5.8569 	EXP 	text: height = 0.05
5.8569 	EXP 	text: text = 'button_2'
5.8569 	EXP 	text: height = 0.05
5.8569 	EXP 	text: height = 0.05
5.8569 	EXP 	text: height = 0.05
5.8569 	EXP 	text: text = 'button_3'
5.8660 	EXP 	text: height = 0.05
5.8660 	EXP 	text: height = 0.05
5.8660 	EXP 	text: height = 0.05
5.8660 	EXP 	text: text = 'button_1'
5.8660 	EXP 	text: height = 0.05
5.8660 	EXP 	text: height = 0.05
5.8660 	EXP 	text: height = 0.05
5.8660 	EXP 	text: text = 'button_2'
5.8660 	EXP 	text: height = 0.05
5.8660 	EXP 	text: height = 0.05
5.8660 	EXP 	text: height = 0.05
5.8660 	EXP 	text: text = 'button_3'
5.8751 	EXP 	text: height = 0.05
5.8751 	EXP 	text: height = 0.05
5.8751 	EXP 	text: height = 0.05
5.8751 	EXP 	text: text = 'button_1'
5.8751 	EXP 	text: height = 0.05
5.8751 	EXP 	text: height = 0.05
5.8751 	EXP 	text: height = 0.05
5.8751 	EXP 	text: text = 'button_2'
5.8751 	EXP 	text: height = 0.05
5.8751 	EXP 	text: height = 0.05
5.8751 	EXP 	text: height = 0.05
5.8751 	EXP 	text: text = 'button_3'
5.8837 	EXP 	text: height = 0.05
5.8837 	EXP 	text: height = 0.05
5.8837 	EXP 	text: height = 0.05
5.8837 	EXP 	text: text = 'button_1'
5.8837 	EXP 	text: height = 0.05
5.8837 	EXP 	text: height = 0.05
5.8837 	EXP 	text: height = 0.05
5.8837 	EXP 	text: text = 'button_2'
5.8837 	EXP 	text: height = 0.05
5.8837 	EXP 	text: height = 0.05
5.8837 	EXP 	text: height = 0.05
5.8837 	EXP 	text: text = 'button_3'
5.8923 	EXP 	text: height = 0.05
5.8923 	EXP 	text: height = 0.05
5.8923 	EXP 	text: height = 0.05
5.8923 	EXP 	text: text = 'button_1'
5.8923 	EXP 	text: height = 0.05
5.8923 	EXP 	text: height = 0.05
5.8923 	EXP 	text: height = 0.05
5.8923 	EXP 	text: text = 'button_2'
5.8923 	EXP 	text: height = 0.05
5.8923 	EXP 	text: height = 0.05
5.8923 	EXP 	text: height = 0.05
5.8923 	EXP 	text: text = 'button_3'
5.9005 	EXP 	text: height = 0.05
5.9005 	EXP 	text: height = 0.05
5.9005 	EXP 	text: height = 0.05
5.9005 	EXP 	text: text = 'button_1'
5.9005 	EXP 	text: height = 0.05
5.9005 	EXP 	text: height = 0.05
5.9005 	EXP 	text: height = 0.05
5.9005 	EXP 	text: text = 'button_2'
5.9005 	EXP 	text: height = 0.05
5.9005 	EXP 	text: height = 0.05
5.9005 	EXP 	text: height = 0.05
5.9005 	EXP 	text: text = 'button_3'
5.9088 	EXP 	text: height = 0.05
5.9088 	EXP 	text: height = 0.05
5.9088 	EXP 	text: height = 0.05
5.9088 	EXP 	text: text = 'button_1'
5.9088 	EXP 	text: height = 0.05
5.9088 	EXP 	text: height = 0.05
5.9088 	EXP 	text: height = 0.05
5.9088 	EXP 	text: text = 'button_2'
5.9088 	EXP 	text: height = 0.05
5.9088 	EXP 	text: height = 0.05
5.9088 	EXP 	text: height = 0.05
5.9088 	EXP 	text: text = 'button_3'
5.9196 	EXP 	text: height = 0.05
5.9196 	EXP 	text: height = 0.05
5.9196 	EXP 	text: height = 0.05
5.9196 	EXP 	text: text = 'button_1'
5.9196 	EXP 	text: height = 0.05
5.9196 	EXP 	text: height = 0.05
5.9196 	EXP 	text: height = 0.05
5.9196 	EXP 	text: text = 'button_2'
5.9196 	EXP 	text: height = 0.05
5.9196 	EXP 	text: height = 0.05
5.9196 	EXP 	text: height = 0.05
5.9196 	EXP 	text: text = 'button_3'
5.9291 	EXP 	text: height = 0.05
5.9291 	EXP 	text: height = 0.05
5.9291 	EXP 	text: height = 0.05
5.9291 	EXP 	text: text = 'button_1'
5.9291 	EXP 	text: height = 0.05
5.9291 	EXP 	text: height = 0.05
5.9291 	EXP 	text: height = 0.05
5.9291 	EXP 	text: text = 'button_2'
5.9291 	EXP 	text: height = 0.05
5.9291 	EXP 	text: height = 0.05
5.9291 	EXP 	text: height = 0.05
5.9291 	EXP 	text: text = 'button_3'
5.9383 	EXP 	text: height = 0.05
5.9383 	EXP 	text: height = 0.05
5.9383 	EXP 	text: height = 0.05
5.9383 	EXP 	text: text = 'button_1'
5.9383 	EXP 	text: height = 0.05
5.9383 	EXP 	text: height = 0.05
5.9383 	EXP 	text: height = 0.05
5.9383 	EXP 	text: text = 'button_2'
5.9383 	EXP 	text: height = 0.05
5.9383 	EXP 	text: height = 0.05
5.9383 	EXP 	text: height = 0.05
5.9383 	EXP 	text: text = 'button_3'
5.9468 	EXP 	text: height = 0.05
5.9468 	EXP 	text: height = 0.05
5.9468 	EXP 	text: height = 0.05
5.9468 	EXP 	text: text = 'button_1'
5.9468 	EXP 	text: height = 0.05
5.9468 	EXP 	text: height = 0.05
5.9468 	EXP 	text: height = 0.05
5.9468 	EXP 	text: text = 'button_2'
5.9468 	EXP 	text: height = 0.05
5.9468 	EXP 	text: height = 0.05
5.9468 	EXP 	text: height = 0.05
5.9468 	EXP 	text: text = 'button_3'
5.9557 	EXP 	text: height = 0.05
5.9557 	EXP 	text: height = 0.05
5.9557 	EXP 	text: height = 0.05
5.9557 	EXP 	text: text = 'button_1'
5.9557 	EXP 	text: height = 0.05
5.9557 	EXP 	text: height = 0.05
5.9557 	EXP 	text: height = 0.05
5.9557 	EXP 	text: text = 'button_2'
5.9557 	EXP 	text: height = 0.05
5.9557 	EXP 	text: height = 0.05
5.9557 	EXP 	text: height = 0.05
5.9557 	EXP 	text: text = 'button_3'
5.9645 	EXP 	text: height = 0.05
5.9645 	EXP 	text: height = 0.05
5.9645 	EXP 	text: height = 0.05
5.9645 	EXP 	text: text = 'button_1'
5.9645 	EXP 	text: height = 0.05
5.9645 	EXP 	text: height = 0.05
5.9645 	EXP 	text: height = 0.05
5.9645 	EXP 	text: text = 'button_2'
5.9645 	EXP 	text: height = 0.05
5.9645 	EXP 	text: height = 0.05
5.9645 	EXP 	text: height = 0.05
5.9645 	EXP 	text: text = 'button_3'
5.9731 	EXP 	text: height = 0.05
5.9731 	EXP 	text: height = 0.05
5.9731 	EXP 	text: height = 0.05
5.9731 	EXP 	text: text = 'button_1'
5.9731 	EXP 	text: height = 0.05
5.9731 	EXP 	text: height = 0.05
5.9731 	EXP 	text: height = 0.05
5.9731 	EXP 	text: text = 'button_2'
5.9731 	EXP 	text: height = 0.05
5.9731 	EXP 	text: height = 0.05
5.9731 	EXP 	text: height = 0.05
5.9731 	EXP 	text: text = 'button_3'
5.9825 	EXP 	text: height = 0.05
5.9825 	EXP 	text: height = 0.05
5.9825 	EXP 	text: height = 0.05
5.9825 	EXP 	text: text = 'button_1'
5.9825 	EXP 	text: height = 0.05
5.9825 	EXP 	text: height = 0.05
5.9825 	EXP 	text: height = 0.05
5.9825 	EXP 	text: text = 'button_2'
5.9825 	EXP 	text: height = 0.05
5.9825 	EXP 	text: height = 0.05
5.9825 	EXP 	text: height = 0.05
5.9825 	EXP 	text: text = 'button_3'
5.9913 	EXP 	text: height = 0.05
5.9913 	EXP 	text: height = 0.05
5.9913 	EXP 	text: height = 0.05
5.9913 	EXP 	text: text = 'button_1'
5.9913 	EXP 	text: height = 0.05
5.9913 	EXP 	text: height = 0.05
5.9913 	EXP 	text: height = 0.05
5.9913 	EXP 	text: text = 'button_2'
5.9913 	EXP 	text: height = 0.05
5.9913 	EXP 	text: height = 0.05
5.9913 	EXP 	text: height = 0.05
5.9913 	EXP 	text: text = 'button_3'
6.0000 	EXP 	text: height = 0.05
6.0000 	EXP 	text: height = 0.05
6.0000 	EXP 	text: height = 0.05
6.0000 	EXP 	text: text = 'button_1'
6.0000 	EXP 	text: height = 0.05
6.0000 	EXP 	text: height = 0.05
6.0000 	EXP 	text: height = 0.05
6.0000 	EXP 	text: text = 'button_2'
6.0000 	EXP 	text: height = 0.05
6.0000 	EXP 	text: height = 0.05
6.0000 	EXP 	text: height = 0.05
6.0000 	EXP 	text: text = 'button_3'
6.0085 	EXP 	text: height = 0.05
6.0085 	EXP 	text: height = 0.05
6.0085 	EXP 	text: height = 0.05
6.0085 	EXP 	text: text = 'button_1'
6.0085 	EXP 	text: height = 0.05
6.0085 	EXP 	text: height = 0.05
6.0085 	EXP 	text: height = 0.05
6.0085 	EXP 	text: text = 'button_2'
6.0085 	EXP 	text: height = 0.05
6.0085 	EXP 	text: height = 0.05
6.0085 	EXP 	text: height = 0.05
6.0085 	EXP 	text: text = 'button_3'
6.0173 	EXP 	text: height = 0.05
6.0173 	EXP 	text: height = 0.05
6.0173 	EXP 	text: height = 0.05
6.0173 	EXP 	text: text = 'button_1'
6.0173 	EXP 	text: height = 0.05
6.0173 	EXP 	text: height = 0.05
6.0173 	EXP 	text: height = 0.05
6.0173 	EXP 	text: text = 'button_2'
6.0173 	EXP 	text: height = 0.05
6.0173 	EXP 	text: height = 0.05
6.0173 	EXP 	text: height = 0.05
6.0173 	EXP 	text: text = 'button_3'
6.0260 	EXP 	text: height = 0.05
6.0260 	EXP 	text: height = 0.05
6.0260 	EXP 	text: height = 0.05
6.0260 	EXP 	text: text = 'button_1'
6.0260 	EXP 	text: height = 0.05
6.0260 	EXP 	text: height = 0.05
6.0260 	EXP 	text: height = 0.05
6.0260 	EXP 	text: text = 'button_2'
6.0260 	EXP 	text: height = 0.05
6.0260 	EXP 	text: height = 0.05
6.0260 	EXP 	text: height = 0.05
6.0260 	EXP 	text: text = 'button_3'
6.0346 	EXP 	text: height = 0.05
6.0346 	EXP 	text: height = 0.05
6.0346 	EXP 	text: height = 0.05
6.0346 	EXP 	text: text = 'button_1'
6.0346 	EXP 	text: height = 0.05
6.0346 	EXP 	text: height = 0.05
6.0346 	EXP 	text: height = 0.05
6.0346 	EXP 	text: text = 'button_2'
6.0346 	EXP 	text: height = 0.05
6.0346 	EXP 	text: height = 0.05
6.0346 	EXP 	text: height = 0.05
6.0346 	EXP 	text: text = 'button_3'
6.0433 	EXP 	text: height = 0.05
6.0433 	EXP 	text: height = 0.05
6.0433 	EXP 	text: height = 0.05
6.0433 	EXP 	text: text = 'button_1'
6.0433 	EXP 	text: height = 0.05
6.0433 	EXP 	text: height = 0.05
6.0433 	EXP 	text: height = 0.05
6.0433 	EXP 	text: text = 'button_2'
6.0433 	EXP 	text: height = 0.05
6.0433 	EXP 	text: height = 0.05
6.0433 	EXP 	text: height = 0.05
6.0433 	EXP 	text: text = 'button_3'
6.0521 	EXP 	text: height = 0.05
6.0521 	EXP 	text: height = 0.05
6.0521 	EXP 	text: height = 0.05
6.0521 	EXP 	text: text = 'button_1'
6.0521 	EXP 	text: height = 0.05
6.0521 	EXP 	text: height = 0.05
6.0521 	EXP 	text: height = 0.05
6.0521 	EXP 	text: text = 'button_2'
6.0521 	EXP 	text: height = 0.05
6.0521 	EXP 	text: height = 0.05
6.0521 	EXP 	text: height = 0.05
6.0521 	EXP 	text: text = 'button_3'
6.0608 	EXP 	text: height = 0.05
6.0608 	EXP 	text: height = 0.05
6.0608 	EXP 	text: height = 0.05
6.0608 	EXP 	text: text = 'button_1'
6.0608 	EXP 	text: height = 0.05
6.0608 	EXP 	text: height = 0.05
6.0608 	EXP 	text: height = 0.05
6.0608 	EXP 	text: text = 'button_2'
6.0608 	EXP 	text: height = 0.05
6.0608 	EXP 	text: height = 0.05
6.0608 	EXP 	text: height = 0.05
6.0608 	EXP 	text: text = 'button_3'
6.0695 	EXP 	text: height = 0.05
6.0695 	EXP 	text: height = 0.05
6.0695 	EXP 	text: height = 0.05
6.0695 	EXP 	text: text = 'button_1'
6.0695 	EXP 	text: height = 0.05
6.0695 	EXP 	text: height = 0.05
6.0695 	EXP 	text: height = 0.05
6.0695 	EXP 	text: text = 'button_2'
6.0695 	EXP 	text: height = 0.05
6.0695 	EXP 	text: height = 0.05
6.0695 	EXP 	text: height = 0.05
6.0695 	EXP 	text: text = 'button_3'
6.0782 	EXP 	text: height = 0.05
6.0782 	EXP 	text: height = 0.05
6.0782 	EXP 	text: height = 0.05
6.0782 	EXP 	text: text = 'button_1'
6.0782 	EXP 	text: height = 0.05
6.0782 	EXP 	text: height = 0.05
6.0782 	EXP 	text: height = 0.05
6.0782 	EXP 	text: text = 'button_2'
6.0782 	EXP 	text: height = 0.05
6.0782 	EXP 	text: height = 0.05
6.0782 	EXP 	text: height = 0.05
6.0782 	EXP 	text: text = 'button_3'
6.0868 	EXP 	text: height = 0.05
6.0868 	EXP 	text: height = 0.05
6.0868 	EXP 	text: height = 0.05
6.0868 	EXP 	text: text = 'button_1'
6.0868 	EXP 	text: height = 0.05
6.0868 	EXP 	text: height = 0.05
6.0868 	EXP 	text: height = 0.05
6.0868 	EXP 	text: text = 'button_2'
6.0868 	EXP 	text: height = 0.05
6.0868 	EXP 	text: height = 0.05
6.0868 	EXP 	text: height = 0.05
6.0868 	EXP 	text: text = 'button_3'
6.0953 	EXP 	text: height = 0.05
6.0953 	EXP 	text: height = 0.05
6.0953 	EXP 	text: height = 0.05
6.0953 	EXP 	text: text = 'button_1'
6.0953 	EXP 	text: height = 0.05
6.0953 	EXP 	text: height = 0.05
6.0953 	EXP 	text: height = 0.05
6.0953 	EXP 	text: text = 'button_2'
6.0953 	EXP 	text: height = 0.05
6.0953 	EXP 	text: height = 0.05
6.0953 	EXP 	text: height = 0.05
6.0953 	EXP 	text: text = 'button_3'
6.1036 	EXP 	text: height = 0.05
6.1036 	EXP 	text: height = 0.05
6.1036 	EXP 	text: height = 0.05
6.1036 	EXP 	text: text = 'button_1'
6.1036 	EXP 	text: height = 0.05
6.1036 	EXP 	text: height = 0.05
6.1036 	EXP 	text: height = 0.05
6.1036 	EXP 	text: text = 'button_2'
6.1036 	EXP 	text: height = 0.05
6.1036 	EXP 	text: height = 0.05
6.1036 	EXP 	text: height = 0.05
6.1036 	EXP 	text: text = 'button_3'
6.1121 	EXP 	text: height = 0.05
6.1121 	EXP 	text: height = 0.05
6.1121 	EXP 	text: height = 0.05
6.1121 	EXP 	text: text = 'button_1'
6.1121 	EXP 	text: height = 0.05
6.1121 	EXP 	text: height = 0.05
6.1121 	EXP 	text: height = 0.05
6.1121 	EXP 	text: text = 'button_2'
6.1121 	EXP 	text: height = 0.05
6.1121 	EXP 	text: height = 0.05
6.1121 	EXP 	text: height = 0.05
6.1121 	EXP 	text: text = 'button_3'
6.1206 	EXP 	text: height = 0.05
6.1206 	EXP 	text: height = 0.05
6.1206 	EXP 	text: height = 0.05
6.1206 	EXP 	text: text = 'button_1'
6.1206 	EXP 	text: height = 0.05
6.1206 	EXP 	text: height = 0.05
6.1206 	EXP 	text: height = 0.05
6.1206 	EXP 	text: text = 'button_2'
6.1206 	EXP 	text: height = 0.05
6.1206 	EXP 	text: height = 0.05
6.1206 	EXP 	text: height = 0.05
6.1206 	EXP 	text: text = 'button_3'
6.1294 	EXP 	text: height = 0.05
6.1294 	EXP 	text: height = 0.05
6.1294 	EXP 	text: height = 0.05
6.1294 	EXP 	text: text = 'button_1'
6.1294 	EXP 	text: height = 0.05
6.1294 	EXP 	text: height = 0.05
6.1294 	EXP 	text: height = 0.05
6.1294 	EXP 	text: text = 'button_2'
6.1294 	EXP 	text: height = 0.05
6.1294 	EXP 	text: height = 0.05
6.1294 	EXP 	text: height = 0.05
6.1294 	EXP 	text: text = 'button_3'
6.1381 	EXP 	text: height = 0.05
6.1381 	EXP 	text: height = 0.05
6.1381 	EXP 	text: height = 0.05
6.1381 	EXP 	text: text = 'button_1'
6.1381 	EXP 	text: height = 0.05
6.1381 	EXP 	text: height = 0.05
6.1381 	EXP 	text: height = 0.05
6.1381 	EXP 	text: text = 'button_2'
6.1381 	EXP 	text: height = 0.05
6.1381 	EXP 	text: height = 0.05
6.1381 	EXP 	text: height = 0.05
6.1381 	EXP 	text: text = 'button_3'
6.1470 	EXP 	text: height = 0.05
6.1470 	EXP 	text: height = 0.05
6.1470 	EXP 	text: height = 0.05
6.1470 	EXP 	text: text = 'button_1'
6.1470 	EXP 	text: height = 0.05
6.1470 	EXP 	text: height = 0.05
6.1470 	EXP 	text: height = 0.05
6.1470 	EXP 	text: text = 'button_2'
6.1470 	EXP 	text: height = 0.05
6.1470 	EXP 	text: height = 0.05
6.1470 	EXP 	text: height = 0.05
6.1470 	EXP 	text: text = 'button_3'
6.1558 	EXP 	text: height = 0.05
6.1558 	EXP 	text: height = 0.05
6.1558 	EXP 	text: height = 0.05
6.1558 	EXP 	text: text = 'button_1'
6.1558 	EXP 	text: height = 0.05
6.1558 	EXP 	text: height = 0.05
6.1558 	EXP 	text: height = 0.05
6.1558 	EXP 	text: text = 'button_2'
6.1558 	EXP 	text: height = 0.05
6.1558 	EXP 	text: height = 0.05
6.1558 	EXP 	text: height = 0.05
6.1558 	EXP 	text: text = 'button_3'
6.1643 	EXP 	text: height = 0.05
6.1643 	EXP 	text: height = 0.05
6.1643 	EXP 	text: height = 0.05
6.1643 	EXP 	text: text = 'button_1'
6.1643 	EXP 	text: height = 0.05
6.1643 	EXP 	text: height = 0.05
6.1643 	EXP 	text: height = 0.05
6.1643 	EXP 	text: text = 'button_2'
6.1643 	EXP 	text: height = 0.05
6.1643 	EXP 	text: height = 0.05
6.1643 	EXP 	text: height = 0.05
6.1643 	EXP 	text: text = 'button_3'
6.1732 	EXP 	text: height = 0.05
6.1732 	EXP 	text: height = 0.05
6.1732 	EXP 	text: height = 0.05
6.1732 	EXP 	text: text = 'button_1'
6.1732 	EXP 	text: height = 0.05
6.1732 	EXP 	text: height = 0.05
6.1732 	EXP 	text: height = 0.05
6.1732 	EXP 	text: text = 'button_2'
6.1732 	EXP 	text: height = 0.05
6.1732 	EXP 	text: height = 0.05
6.1732 	EXP 	text: height = 0.05
6.1732 	EXP 	text: text = 'button_3'
6.1821 	EXP 	text: height = 0.05
6.1821 	EXP 	text: height = 0.05
6.1821 	EXP 	text: height = 0.05
6.1821 	EXP 	text: text = 'button_1'
6.1821 	EXP 	text: height = 0.05
6.1821 	EXP 	text: height = 0.05
6.1821 	EXP 	text: height = 0.05
6.1821 	EXP 	text: text = 'button_2'
6.1821 	EXP 	text: height = 0.05
6.1821 	EXP 	text: height = 0.05
6.1821 	EXP 	text: height = 0.05
6.1821 	EXP 	text: text = 'button_3'
6.1906 	EXP 	text: height = 0.05
6.1906 	EXP 	text: height = 0.05
6.1906 	EXP 	text: height = 0.05
6.1906 	EXP 	text: text = 'button_1'
6.1906 	EXP 	text: height = 0.05
6.1906 	EXP 	text: height = 0.05
6.1906 	EXP 	text: height = 0.05
6.1906 	EXP 	text: text = 'button_2'
6.1906 	EXP 	text: height = 0.05
6.1906 	EXP 	text: height = 0.05
6.1906 	EXP 	text: height = 0.05
6.1906 	EXP 	text: text = 'button_3'
6.1991 	EXP 	text: height = 0.05
6.1991 	EXP 	text: height = 0.05
6.1991 	EXP 	text: height = 0.05
6.1991 	EXP 	text: text = 'button_1'
6.1991 	EXP 	text: height = 0.05
6.1991 	EXP 	text: height = 0.05
6.1991 	EXP 	text: height = 0.05
6.1991 	EXP 	text: text = 'button_2'
6.1991 	EXP 	text: height = 0.05
6.1991 	EXP 	text: height = 0.05
6.1991 	EXP 	text: height = 0.05
6.1991 	EXP 	text: text = 'button_3'
6.2077 	EXP 	text: height = 0.05
6.2077 	EXP 	text: height = 0.05
6.2077 	EXP 	text: height = 0.05
6.2077 	EXP 	text: text = 'button_1'
6.2077 	EXP 	text: height = 0.05
6.2077 	EXP 	text: height = 0.05
6.2077 	EXP 	text: height = 0.05
6.2077 	EXP 	text: text = 'button_2'
6.2077 	EXP 	text: height = 0.05
6.2077 	EXP 	text: height = 0.05
6.2077 	EXP 	text: height = 0.05
6.2077 	EXP 	text: text = 'button_3'
6.2162 	EXP 	text: height = 0.05
6.2162 	EXP 	text: height = 0.05
6.2162 	EXP 	text: height = 0.05
6.2162 	EXP 	text: text = 'button_1'
6.2162 	EXP 	text: height = 0.05
6.2162 	EXP 	text: height = 0.05
6.2162 	EXP 	text: height = 0.05
6.2162 	EXP 	text: text = 'button_2'
6.2162 	EXP 	text: height = 0.05
6.2162 	EXP 	text: height = 0.05
6.2162 	EXP 	text: height = 0.05
6.2162 	EXP 	text: text = 'button_3'
6.2252 	EXP 	text: height = 0.05
6.2252 	EXP 	text: height = 0.05
6.2252 	EXP 	text: height = 0.05
6.2252 	EXP 	text: text = 'button_1'
6.2252 	EXP 	text: height = 0.05
6.2252 	EXP 	text: height = 0.05
6.2252 	EXP 	text: height = 0.05
6.2252 	EXP 	text: text = 'button_2'
6.2252 	EXP 	text: height = 0.05
6.2252 	EXP 	text: height = 0.05
6.2252 	EXP 	text: height = 0.05
6.2252 	EXP 	text: text = 'button_3'
6.2339 	EXP 	text: height = 0.05
6.2339 	EXP 	text: height = 0.05
6.2339 	EXP 	text: height = 0.05
6.2339 	EXP 	text: text = 'button_1'
6.2339 	EXP 	text: height = 0.05
6.2339 	EXP 	text: height = 0.05
6.2339 	EXP 	text: height = 0.05
6.2339 	EXP 	text: text = 'button_2'
6.2339 	EXP 	text: height = 0.05
6.2339 	EXP 	text: height = 0.05
6.2339 	EXP 	text: height = 0.05
6.2339 	EXP 	text: text = 'button_3'
6.2425 	EXP 	text: height = 0.05
6.2425 	EXP 	text: height = 0.05
6.2425 	EXP 	text: height = 0.05
6.2425 	EXP 	text: text = 'button_1'
6.2425 	EXP 	text: height = 0.05
6.2425 	EXP 	text: height = 0.05
6.2425 	EXP 	text: height = 0.05
6.2425 	EXP 	text: text = 'button_2'
6.2425 	EXP 	text: height = 0.05
6.2425 	EXP 	text: height = 0.05
6.2425 	EXP 	text: height = 0.05
6.2425 	EXP 	text: text = 'button_3'
6.2512 	EXP 	text: height = 0.05
6.2512 	EXP 	text: height = 0.05
6.2512 	EXP 	text: height = 0.05
6.2512 	EXP 	text: text = 'button_1'
6.2512 	EXP 	text: height = 0.05
6.2512 	EXP 	text: height = 0.05
6.2512 	EXP 	text: height = 0.05
6.2512 	EXP 	text: text = 'button_2'
6.2512 	EXP 	text: height = 0.05
6.2512 	EXP 	text: height = 0.05
6.2512 	EXP 	text: height = 0.05
6.2512 	EXP 	text: text = 'button_3'
6.2599 	EXP 	text: height = 0.05
6.2599 	EXP 	text: height = 0.05
6.2599 	EXP 	text: height = 0.05
6.2599 	EXP 	text: text = 'button_1'
6.2599 	EXP 	text: height = 0.05
6.2599 	EXP 	text: height = 0.05
6.2599 	EXP 	text: height = 0.05
6.2599 	EXP 	text: text = 'button_2'
6.2599 	EXP 	text: height = 0.05
6.2599 	EXP 	text: height = 0.05
6.2599 	EXP 	text: height = 0.05
6.2599 	EXP 	text: text = 'button_3'
6.2688 	EXP 	text: height = 0.05
6.2688 	EXP 	text: height = 0.05
6.2688 	EXP 	text: height = 0.05
6.2688 	EXP 	text: text = 'button_1'
6.2688 	EXP 	text: height = 0.05
6.2688 	EXP 	text: height = 0.05
6.2688 	EXP 	text: height = 0.05
6.2688 	EXP 	text: text = 'button_2'
6.2688 	EXP 	text: height = 0.05
6.2688 	EXP 	text: height = 0.05
6.2688 	EXP 	text: height = 0.05
6.2688 	EXP 	text: text = 'button_3'
6.2779 	EXP 	text: height = 0.05
6.2779 	EXP 	text: height = 0.05
6.2779 	EXP 	text: height = 0.05
6.2779 	EXP 	text: text = 'button_1'
6.2779 	EXP 	text: height = 0.05
6.2779 	EXP 	text: height = 0.05
6.2779 	EXP 	text: height = 0.05
6.2779 	EXP 	text: text = 'button_2'
6.2779 	EXP 	text: height = 0.05
6.2779 	EXP 	text: height = 0.05
6.2779 	EXP 	text: height = 0.05
6.2779 	EXP 	text: text = 'button_3'
6.2864 	EXP 	text: height = 0.05
6.2864 	EXP 	text: height = 0.05
6.2864 	EXP 	text: height = 0.05
6.2864 	EXP 	text: text = 'button_1'
6.2864 	EXP 	text: height = 0.05
6.2864 	EXP 	text: height = 0.05
6.2864 	EXP 	text: height = 0.05
6.2864 	EXP 	text: text = 'button_2'
6.2864 	EXP 	text: height = 0.05
6.2864 	EXP 	text: height = 0.05
6.2864 	EXP 	text: height = 0.05
6.2864 	EXP 	text: text = 'button_3'
6.2954 	EXP 	text: height = 0.05
6.2954 	EXP 	text: height = 0.05
6.2954 	EXP 	text: height = 0.05
6.2954 	EXP 	text: text = 'button_1'
6.2954 	EXP 	text: height = 0.05
6.2954 	EXP 	text: height = 0.05
6.2954 	EXP 	text: height = 0.05
6.2954 	EXP 	text: text = 'button_2'
6.2954 	EXP 	text: height = 0.05
6.2954 	EXP 	text: height = 0.05
6.2954 	EXP 	text: height = 0.05
6.2954 	EXP 	text: text = 'button_3'
6.3042 	EXP 	text: height = 0.05
6.3042 	EXP 	text: height = 0.05
6.3042 	EXP 	text: height = 0.05
6.3042 	EXP 	text: text = 'button_1'
6.3042 	EXP 	text: height = 0.05
6.3042 	EXP 	text: height = 0.05
6.3042 	EXP 	text: height = 0.05
6.3042 	EXP 	text: text = 'button_2'
6.3042 	EXP 	text: height = 0.05
6.3042 	EXP 	text: height = 0.05
6.3042 	EXP 	text: height = 0.05
6.3042 	EXP 	text: text = 'button_3'
6.3136 	EXP 	text: height = 0.05
6.3136 	EXP 	text: height = 0.05
6.3136 	EXP 	text: height = 0.05
6.3136 	EXP 	text: text = 'button_1'
6.3136 	EXP 	text: height = 0.05
6.3136 	EXP 	text: height = 0.05
6.3136 	EXP 	text: height = 0.05
6.3136 	EXP 	text: text = 'button_2'
6.3136 	EXP 	text: height = 0.05
6.3136 	EXP 	text: height = 0.05
6.3136 	EXP 	text: height = 0.05
6.3136 	EXP 	text: text = 'button_3'
6.3224 	EXP 	text: height = 0.05
6.3224 	EXP 	text: height = 0.05
6.3224 	EXP 	text: height = 0.05
6.3224 	EXP 	text: text = 'button_1'
6.3224 	EXP 	text: height = 0.05
6.3224 	EXP 	text: height = 0.05
6.3224 	EXP 	text: height = 0.05
6.3224 	EXP 	text: text = 'button_2'
6.3224 	EXP 	text: height = 0.05
6.3224 	EXP 	text: height = 0.05
6.3224 	EXP 	text: height = 0.05
6.3224 	EXP 	text: text = 'button_3'
6.3307 	EXP 	text: height = 0.05
6.3307 	EXP 	text: height = 0.05
6.3307 	EXP 	text: height = 0.05
6.3307 	EXP 	text: text = 'button_1'
6.3307 	EXP 	text: height = 0.05
6.3307 	EXP 	text: height = 0.05
6.3307 	EXP 	text: height = 0.05
6.3307 	EXP 	text: text = 'button_2'
6.3307 	EXP 	text: height = 0.05
6.3307 	EXP 	text: height = 0.05
6.3307 	EXP 	text: height = 0.05
6.3307 	EXP 	text: text = 'button_3'
6.3395 	EXP 	text: height = 0.05
6.3395 	EXP 	text: height = 0.05
6.3395 	EXP 	text: height = 0.05
6.3395 	EXP 	text: text = 'button_1'
6.3395 	EXP 	text: height = 0.05
6.3395 	EXP 	text: height = 0.05
6.3395 	EXP 	text: height = 0.05
6.3395 	EXP 	text: text = 'button_2'
6.3395 	EXP 	text: height = 0.05
6.3395 	EXP 	text: height = 0.05
6.3395 	EXP 	text: height = 0.05
6.3395 	EXP 	text: text = 'button_3'
6.3474 	DATA 	Mouse: Left button down, pos=(511,505)
6.3479 	EXP 	text: height = 0.05
6.3479 	EXP 	text: height = 0.05
6.3479 	EXP 	text: height = 0.05
6.3479 	EXP 	text: text = 'button_1'
6.3479 	EXP 	text: height = 0.05
6.3479 	EXP 	text: height = 0.05
6.3479 	EXP 	text: height = 0.05
6.3479 	EXP 	text: text = 'button_2'
6.3479 	EXP 	text: height = 0.05
6.3479 	EXP 	text: height = 0.05
6.3479 	EXP 	text: height = 0.05
6.3479 	EXP 	text: text = 'button_3'
6.3568 	EXP 	text: height = 0.05
6.3568 	EXP 	text: height = 0.05
6.3568 	EXP 	text: height = 0.05
6.3568 	EXP 	text: text = 'button_1'
6.3568 	EXP 	text: height = 0.05
6.3568 	EXP 	text: height = 0.05
6.3568 	EXP 	text: height = 0.05
6.3568 	EXP 	text: text = 'button_2'
6.3568 	EXP 	text: height = 0.05
6.3568 	EXP 	text: height = 0.05
6.3568 	EXP 	text: height = 0.05
6.3568 	EXP 	text: text = 'button_3'
6.3657 	EXP 	text: height = 0.05
6.3657 	EXP 	text: height = 0.05
6.3657 	EXP 	text: height = 0.05
6.3657 	EXP 	text: text = 'button_1'
6.3657 	EXP 	text: height = 0.05
6.3657 	EXP 	text: height = 0.05
6.3657 	EXP 	text: height = 0.05
6.3657 	EXP 	text: text = 'button_2'
6.3657 	EXP 	text: height = 0.05
6.3657 	EXP 	text: height = 0.05
6.3657 	EXP 	text: height = 0.05
6.3657 	EXP 	text: text = 'button_3'
6.3746 	EXP 	text: height = 0.05
6.3746 	EXP 	text: height = 0.05
6.3746 	EXP 	text: height = 0.05
6.3746 	EXP 	text: text = 'button_1'
6.3746 	EXP 	text: height = 0.05
6.3746 	EXP 	text: height = 0.05
6.3746 	EXP 	text: height = 0.05
6.3746 	EXP 	text: text = 'button_2'
6.3746 	EXP 	text: height = 0.05
6.3746 	EXP 	text: height = 0.05
6.3746 	EXP 	text: height = 0.05
6.3746 	EXP 	text: text = 'button_3'
6.3831 	EXP 	text: height = 0.05
6.3831 	EXP 	text: height = 0.05
6.3831 	EXP 	text: height = 0.05
6.3831 	EXP 	text: text = 'button_1'
6.3831 	EXP 	text: height = 0.05
6.3831 	EXP 	text: height = 0.05
6.3831 	EXP 	text: height = 0.05
6.3831 	EXP 	text: text = 'button_2'
6.3831 	EXP 	text: height = 0.05
6.3831 	EXP 	text: height = 0.05
6.3831 	EXP 	text: height = 0.05
6.3831 	EXP 	text: text = 'button_3'
6.3918 	EXP 	text: height = 0.05
6.3918 	EXP 	text: height = 0.05
6.3918 	EXP 	text: height = 0.05
6.3918 	EXP 	text: text = 'button_1'
6.3918 	EXP 	text: height = 0.05
6.3918 	EXP 	text: height = 0.05
6.3918 	EXP 	text: height = 0.05
6.3918 	EXP 	text: text = 'button_2'
6.3918 	EXP 	text: height = 0.05
6.3918 	EXP 	text: height = 0.05
6.3918 	EXP 	text: height = 0.05
6.3918 	EXP 	text: text = 'button_3'
6.4003 	EXP 	text: height = 0.05
6.4003 	EXP 	text: height = 0.05
6.4003 	EXP 	text: height = 0.05
6.4003 	EXP 	text: text = 'button_1'
6.4003 	EXP 	text: height = 0.05
6.4003 	EXP 	text: height = 0.05
6.4003 	EXP 	text: height = 0.05
6.4003 	EXP 	text: text = 'button_2'
6.4003 	EXP 	text: height = 0.05
6.4003 	EXP 	text: height = 0.05
6.4003 	EXP 	text: height = 0.05
6.4003 	EXP 	text: text = 'button_3'
6.4093 	EXP 	text: height = 0.05
6.4093 	EXP 	text: height = 0.05
6.4093 	EXP 	text: height = 0.05
6.4093 	EXP 	text: text = 'button_1'
6.4093 	EXP 	text: height = 0.05
6.4093 	EXP 	text: height = 0.05
6.4093 	EXP 	text: height = 0.05
6.4093 	EXP 	text: text = 'button_2'
6.4093 	EXP 	text: height = 0.05
6.4093 	EXP 	text: height = 0.05
6.4093 	EXP 	text: height = 0.05
6.4093 	EXP 	text: text = 'button_3'
6.4185 	EXP 	text: height = 0.05
6.4185 	EXP 	text: height = 0.05
6.4185 	EXP 	text: height = 0.05
6.4185 	EXP 	text: text = 'button_1'
6.4185 	EXP 	text: height = 0.05
6.4185 	EXP 	text: height = 0.05
6.4185 	EXP 	text: height = 0.05
6.4185 	EXP 	text: text = 'button_2'
6.4185 	EXP 	text: height = 0.05
6.4185 	EXP 	text: height = 0.05
6.4185 	EXP 	text: height = 0.05
6.4185 	EXP 	text: text = 'button_3'
6.4271 	EXP 	text: height = 0.05
6.4271 	EXP 	text: height = 0.05
6.4271 	EXP 	text: height = 0.05
6.4271 	EXP 	text: text = 'button_1'
6.4271 	EXP 	text: height = 0.05
6.4271 	EXP 	text: height = 0.05
6.4271 	EXP 	text: height = 0.05
6.4271 	EXP 	text: text = 'button_2'
6.4271 	EXP 	text: height = 0.05
6.4271 	EXP 	text: height = 0.05
6.4271 	EXP 	text: height = 0.05
6.4271 	EXP 	text: text = 'button_3'
6.4356 	EXP 	text: height = 0.05
6.4356 	EXP 	text: height = 0.05
6.4356 	EXP 	text: height = 0.05
6.4356 	EXP 	text: text = 'button_1'
6.4356 	EXP 	text: height = 0.05
6.4356 	EXP 	text: height = 0.05
6.4356 	EXP 	text: height = 0.05
6.4356 	EXP 	text: text = 'button_2'
6.4356 	EXP 	text: height = 0.05
6.4356 	EXP 	text: height = 0.05
6.4356 	EXP 	text: height = 0.05
6.4356 	EXP 	text: text = 'button_3'
6.4443 	EXP 	text: height = 0.05
6.4443 	EXP 	text: height = 0.05
6.4443 	EXP 	text: height = 0.05
6.4443 	EXP 	text: text = 'button_1'
6.4443 	EXP 	text: height = 0.05
6.4443 	EXP 	text: height = 0.05
6.4443 	EXP 	text: height = 0.05
6.4443 	EXP 	text: text = 'button_2'
6.4443 	EXP 	text: height = 0.05
6.4443 	EXP 	text: height = 0.05
6.4443 	EXP 	text: height = 0.05
6.4443 	EXP 	text: text = 'button_3'
6.4527 	EXP 	text: height = 0.05
6.4527 	EXP 	text: height = 0.05
6.4527 	EXP 	text: height = 0.05
6.4527 	EXP 	text: text = 'button_1'
6.4527 	EXP 	text: height = 0.05
6.4527 	EXP 	text: height = 0.05
6.4527 	EXP 	text: height = 0.05
6.4527 	EXP 	text: text = 'button_2'
6.4527 	EXP 	text: height = 0.05
6.4527 	EXP 	text: height = 0.05
6.4527 	EXP 	text: height = 0.05
6.4527 	EXP 	text: text = 'button_3'
6.4617 	EXP 	text: height = 0.05
6.4617 	EXP 	text: height = 0.05
6.4617 	EXP 	text: height = 0.05
6.4617 	EXP 	text: text = 'button_1'
6.4617 	EXP 	text: height = 0.05
6.4617 	EXP 	text: height = 0.05
6.4617 	EXP 	text: height = 0.05
6.4617 	EXP 	text: text = 'button_2'
6.4617 	EXP 	text: height = 0.05
6.4617 	EXP 	text: height = 0.05
6.4617 	EXP 	text: height = 0.05
6.4617 	EXP 	text: text = 'button_3'
6.4705 	EXP 	text: height = 0.05
6.4705 	EXP 	text: height = 0.05
6.4705 	EXP 	text: height = 0.05
6.4705 	EXP 	text: text = 'button_1'
6.4705 	EXP 	text: height = 0.05
6.4705 	EXP 	text: height = 0.05
6.4705 	EXP 	text: height = 0.05
6.4705 	EXP 	text: text = 'button_2'
6.4705 	EXP 	text: height = 0.05
6.4705 	EXP 	text: height = 0.05
6.4705 	EXP 	text: height = 0.05
6.4705 	EXP 	text: text = 'button_3'
6.4786 	DATA 	Mouse:  Left button up, pos=(511,505)
6.4792 	EXP 	text: height = 0.05
6.4792 	EXP 	text: height = 0.05
6.4792 	EXP 	text: height = 0.05
6.4792 	EXP 	text: text = 'button_1'
6.4792 	EXP 	text: height = 0.05
6.4792 	EXP 	text: height = 0.05
6.4792 	EXP 	text: height = 0.05
6.4792 	EXP 	text: text = 'button_2'
6.4792 	EXP 	text: height = 0.05
6.4792 	EXP 	text: height = 0.05
6.4792 	EXP 	text: height = 0.05
6.4792 	EXP 	text: text = 'button_3'
6.4876 	EXP 	text: height = 0.05
6.4876 	EXP 	text: height = 0.05
6.4876 	EXP 	text: height = 0.05
6.4876 	EXP 	text: text = 'button_1'
6.4876 	EXP 	text: height = 0.05
6.4876 	EXP 	text: height = 0.05
6.4876 	EXP 	text: height = 0.05
6.4876 	EXP 	text: text = 'button_2'
6.4876 	EXP 	text: height = 0.05
6.4876 	EXP 	text: height = 0.05
6.4876 	EXP 	text: height = 0.05
6.4876 	EXP 	text: text = 'button_3'
6.4959 	EXP 	text: height = 0.05
6.4959 	EXP 	text: height = 0.05
6.4959 	EXP 	text: height = 0.05
6.4959 	EXP 	text: text = 'button_1'
6.4959 	EXP 	text: height = 0.05
6.4959 	EXP 	text: height = 0.05
6.4959 	EXP 	text: height = 0.05
6.4959 	EXP 	text: text = 'button_2'
6.4959 	EXP 	text: height = 0.05
6.4959 	EXP 	text: height = 0.05
6.4959 	EXP 	text: height = 0.05
6.4959 	EXP 	text: text = 'button_3'
6.5044 	EXP 	text: height = 0.05
6.5044 	EXP 	text: height = 0.05
6.5044 	EXP 	text: height = 0.05
6.5044 	EXP 	text: text = 'button_1'
6.5044 	EXP 	text: height = 0.05
6.5044 	EXP 	text: height = 0.05
6.5044 	EXP 	text: height = 0.05
6.5044 	EXP 	text: text = 'button_2'
6.5044 	EXP 	text: height = 0.05
6.5044 	EXP 	text: height = 0.05
6.5044 	EXP 	text: height = 0.05
6.5044 	EXP 	text: text = 'button_3'
6.5129 	EXP 	text: height = 0.05
6.5129 	EXP 	text: height = 0.05
6.5129 	EXP 	text: height = 0.05
6.5129 	EXP 	text: text = 'button_1'
6.5129 	EXP 	text: height = 0.05
6.5129 	EXP 	text: height = 0.05
6.5129 	EXP 	text: height = 0.05
6.5129 	EXP 	text: text = 'button_2'
6.5129 	EXP 	text: height = 0.05
6.5129 	EXP 	text: height = 0.05
6.5129 	EXP 	text: height = 0.05
6.5129 	EXP 	text: text = 'button_3'
6.5213 	EXP 	text: height = 0.05
6.5213 	EXP 	text: height = 0.05
6.5213 	EXP 	text: height = 0.05
6.5213 	EXP 	text: text = 'button_1'
6.5213 	EXP 	text: height = 0.05
6.5213 	EXP 	text: height = 0.05
6.5213 	EXP 	text: height = 0.05
6.5213 	EXP 	text: text = 'button_2'
6.5213 	EXP 	text: height = 0.05
6.5213 	EXP 	text: height = 0.05
6.5213 	EXP 	text: height = 0.05
6.5213 	EXP 	text: text = 'button_3'
6.5294 	EXP 	text: height = 0.05
6.5294 	EXP 	text: height = 0.05
6.5294 	EXP 	text: height = 0.05
6.5294 	EXP 	text: text = 'button_1'
6.5294 	EXP 	text: height = 0.05
6.5294 	EXP 	text: height = 0.05
6.5294 	EXP 	text: height = 0.05
6.5294 	EXP 	text: text = 'button_2'
6.5294 	EXP 	text: height = 0.05
6.5294 	EXP 	text: height = 0.05
6.5294 	EXP 	text: height = 0.05
6.5294 	EXP 	text: text = 'button_3'
6.5376 	EXP 	text: height = 0.05
6.5376 	EXP 	text: height = 0.05
6.5376 	EXP 	text: height = 0.05
6.5376 	EXP 	text: text = 'button_1'
6.5376 	EXP 	text: height = 0.05
6.5376 	EXP 	text: height = 0.05
6.5376 	EXP 	text: height = 0.05
6.5376 	EXP 	text: text = 'button_2'
6.5376 	EXP 	text: height = 0.05
6.5376 	EXP 	text: height = 0.05
6.5376 	EXP 	text: height = 0.05
6.5376 	EXP 	text: text = 'button_3'
6.5457 	EXP 	text: height = 0.05
6.5457 	EXP 	text: height = 0.05
6.5457 	EXP 	text: height = 0.05
6.5457 	EXP 	text: text = 'button_1'
6.5457 	EXP 	text: height = 0.05
6.5457 	EXP 	text: height = 0.05
6.5457 	EXP 	text: height = 0.05
6.5457 	EXP 	text: text = 'button_2'
6.5457 	EXP 	text: height = 0.05
6.5457 	EXP 	text: height = 0.05
6.5457 	EXP 	text: height = 0.05
6.5457 	EXP 	text: text = 'button_3'
6.5544 	EXP 	text: height = 0.05
6.5544 	EXP 	text: height = 0.05
6.5544 	EXP 	text: height = 0.05
6.5544 	EXP 	text: text = 'button_1'
6.5544 	EXP 	text: height = 0.05
6.5544 	EXP 	text: height = 0.05
6.5544 	EXP 	text: height = 0.05
6.5544 	EXP 	text: text = 'button_2'
6.5544 	EXP 	text: height = 0.05
6.5544 	EXP 	text: height = 0.05
6.5544 	EXP 	text: height = 0.05
6.5544 	EXP 	text: text = 'button_3'
6.5627 	EXP 	text: height = 0.05
6.5627 	EXP 	text: height = 0.05
6.5627 	EXP 	text: height = 0.05
6.5627 	EXP 	text: text = 'button_1'
6.5627 	EXP 	text: height = 0.05
6.5627 	EXP 	text: height = 0.05
6.5627 	EXP 	text: height = 0.05
6.5627 	EXP 	text: text = 'button_2'
6.5627 	EXP 	text: height = 0.05
6.5627 	EXP 	text: height = 0.05
6.5627 	EXP 	text: height = 0.05
6.5627 	EXP 	text: text = 'button_3'
6.5711 	EXP 	text: height = 0.05
6.5711 	EXP 	text: height = 0.05
6.5711 	EXP 	text: height = 0.05
6.5711 	EXP 	text: text = 'button_1'
6.5711 	EXP 	text: height = 0.05
6.5711 	EXP 	text: height = 0.05
6.5711 	EXP 	text: height = 0.05
6.5711 	EXP 	text: text = 'button_2'
6.5711 	EXP 	text: height = 0.05
6.5711 	EXP 	text: height = 0.05
6.5711 	EXP 	text: height = 0.05
6.5711 	EXP 	text: text = 'button_3'
6.5794 	EXP 	text: height = 0.05
6.5794 	EXP 	text: height = 0.05
6.5794 	EXP 	text: height = 0.05
6.5794 	EXP 	text: text = 'button_1'
6.5794 	EXP 	text: height = 0.05
6.5794 	EXP 	text: height = 0.05
6.5794 	EXP 	text: height = 0.05
6.5794 	EXP 	text: text = 'button_2'
6.5794 	EXP 	text: height = 0.05
6.5794 	EXP 	text: height = 0.05
6.5794 	EXP 	text: height = 0.05
6.5794 	EXP 	text: text = 'button_3'
6.5876 	EXP 	text: height = 0.05
6.5876 	EXP 	text: height = 0.05
6.5876 	EXP 	text: height = 0.05
6.5876 	EXP 	text: text = 'button_1'
6.5876 	EXP 	text: height = 0.05
6.5876 	EXP 	text: height = 0.05
6.5876 	EXP 	text: height = 0.05
6.5876 	EXP 	text: text = 'button_2'
6.5876 	EXP 	text: height = 0.05
6.5876 	EXP 	text: height = 0.05
6.5876 	EXP 	text: height = 0.05
6.5876 	EXP 	text: text = 'button_3'
6.5980 	EXP 	text: height = 0.05
6.5980 	EXP 	text: height = 0.05
6.5980 	EXP 	text: height = 0.05
6.5980 	EXP 	text: text = 'button_1'
6.5980 	EXP 	text: height = 0.05
6.5980 	EXP 	text: height = 0.05
6.5980 	EXP 	text: height = 0.05
6.5980 	EXP 	text: text = 'button_2'
6.5980 	EXP 	text: height = 0.05
6.5980 	EXP 	text: height = 0.05
6.5980 	EXP 	text: height = 0.05
6.5980 	EXP 	text: text = 'button_3'
6.6067 	EXP 	text: height = 0.05
6.6067 	EXP 	text: height = 0.05
6.6067 	EXP 	text: height = 0.05
6.6067 	EXP 	text: text = 'button_1'
6.6067 	EXP 	text: height = 0.05
6.6067 	EXP 	text: height = 0.05
6.6067 	EXP 	text: height = 0.05
6.6067 	EXP 	text: text = 'button_2'
6.6067 	EXP 	text: height = 0.05
6.6067 	EXP 	text: height = 0.05
6.6067 	EXP 	text: height = 0.05
6.6067 	EXP 	text: text = 'button_3'
6.6150 	EXP 	text: height = 0.05
6.6150 	EXP 	text: height = 0.05
6.6150 	EXP 	text: height = 0.05
6.6150 	EXP 	text: text = 'button_1'
6.6150 	EXP 	text: height = 0.05
6.6150 	EXP 	text: height = 0.05
6.6150 	EXP 	text: height = 0.05
6.6150 	EXP 	text: text = 'button_2'
6.6150 	EXP 	text: height = 0.05
6.6150 	EXP 	text: height = 0.05
6.6150 	EXP 	text: height = 0.05
6.6150 	EXP 	text: text = 'button_3'
6.6233 	EXP 	text: height = 0.05
6.6233 	EXP 	text: height = 0.05
6.6233 	EXP 	text: height = 0.05
6.6233 	EXP 	text: text = 'button_1'
6.6233 	EXP 	text: height = 0.05
6.6233 	EXP 	text: height = 0.05
6.6233 	EXP 	text: height = 0.05
6.6233 	EXP 	text: text = 'button_2'
6.6233 	EXP 	text: height = 0.05
6.6233 	EXP 	text: height = 0.05
6.6233 	EXP 	text: height = 0.05
6.6233 	EXP 	text: text = 'button_3'
6.6316 	EXP 	text: height = 0.05
6.6316 	EXP 	text: height = 0.05
6.6316 	EXP 	text: height = 0.05
6.6316 	EXP 	text: text = 'button_1'
6.6316 	EXP 	text: height = 0.05
6.6316 	EXP 	text: height = 0.05
6.6316 	EXP 	text: height = 0.05
6.6316 	EXP 	text: text = 'button_2'
6.6316 	EXP 	text: height = 0.05
6.6316 	EXP 	text: height = 0.05
6.6316 	EXP 	text: height = 0.05
6.6316 	EXP 	text: text = 'button_3'
6.6397 	EXP 	text: height = 0.05
6.6397 	EXP 	text: height = 0.05
6.6397 	EXP 	text: height = 0.05
6.6397 	EXP 	text: text = 'button_1'
6.6397 	EXP 	text: height = 0.05
6.6397 	EXP 	text: height = 0.05
6.6397 	EXP 	text: height = 0.05
6.6397 	EXP 	text: text = 'button_2'
6.6397 	EXP 	text: height = 0.05
6.6397 	EXP 	text: height = 0.05
6.6397 	EXP 	text: height = 0.05
6.6397 	EXP 	text: text = 'button_3'
6.6480 	EXP 	text: height = 0.05
6.6480 	EXP 	text: height = 0.05
6.6480 	EXP 	text: height = 0.05
6.6480 	EXP 	text: text = 'button_1'
6.6480 	EXP 	text: height = 0.05
6.6480 	EXP 	text: height = 0.05
6.6480 	EXP 	text: height = 0.05
6.6480 	EXP 	text: text = 'button_2'
6.6480 	EXP 	text: height = 0.05
6.6480 	EXP 	text: height = 0.05
6.6480 	EXP 	text: height = 0.05
6.6480 	EXP 	text: text = 'button_3'
6.6564 	EXP 	text: height = 0.05
6.6564 	EXP 	text: height = 0.05
6.6564 	EXP 	text: height = 0.05
6.6564 	EXP 	text: text = 'button_1'
6.6564 	EXP 	text: height = 0.05
6.6564 	EXP 	text: height = 0.05
6.6564 	EXP 	text: height = 0.05
6.6564 	EXP 	text: text = 'button_2'
6.6564 	EXP 	text: height = 0.05
6.6564 	EXP 	text: height = 0.05
6.6564 	EXP 	text: height = 0.05
6.6564 	EXP 	text: text = 'button_3'
6.6649 	EXP 	text: height = 0.05
6.6649 	EXP 	text: height = 0.05
6.6649 	EXP 	text: height = 0.05
6.6649 	EXP 	text: text = 'button_1'
6.6649 	EXP 	text: height = 0.05
6.6649 	EXP 	text: height = 0.05
6.6649 	EXP 	text: height = 0.05
6.6649 	EXP 	text: text = 'button_2'
6.6649 	EXP 	text: height = 0.05
6.6649 	EXP 	text: height = 0.05
6.6649 	EXP 	text: height = 0.05
6.6649 	EXP 	text: text = 'button_3'
6.6730 	EXP 	text: height = 0.05
6.6730 	EXP 	text: height = 0.05
6.6730 	EXP 	text: height = 0.05
6.6730 	EXP 	text: text = 'button_1'
6.6730 	EXP 	text: height = 0.05
6.6730 	EXP 	text: height = 0.05
6.6730 	EXP 	text: height = 0.05
6.6730 	EXP 	text: text = 'button_2'
6.6730 	EXP 	text: height = 0.05
6.6730 	EXP 	text: height = 0.05
6.6730 	EXP 	text: height = 0.05
6.6730 	EXP 	text: text = 'button_3'
6.6812 	EXP 	text: height = 0.05
6.6812 	EXP 	text: height = 0.05
6.6812 	EXP 	text: height = 0.05
6.6812 	EXP 	text: text = 'button_1'
6.6812 	EXP 	text: height = 0.05
6.6812 	EXP 	text: height = 0.05
6.6812 	EXP 	text: height = 0.05
6.6812 	EXP 	text: text = 'button_2'
6.6812 	EXP 	text: height = 0.05
6.6812 	EXP 	text: height = 0.05
6.6812 	EXP 	text: height = 0.05
6.6812 	EXP 	text: text = 'button_3'
6.6917 	EXP 	text: height = 0.05
6.6917 	EXP 	text: height = 0.05
6.6917 	EXP 	text: height = 0.05
6.6917 	EXP 	text: text = 'button_1'
6.6917 	EXP 	text: height = 0.05
6.6917 	EXP 	text: height = 0.05
6.6917 	EXP 	text: height = 0.05
6.6917 	EXP 	text: text = 'button_2'
6.6917 	EXP 	text: height = 0.05
6.6917 	EXP 	text: height = 0.05
6.6917 	EXP 	text: height = 0.05
6.6917 	EXP 	text: text = 'button_3'
6.7001 	EXP 	text: height = 0.05
6.7001 	EXP 	text: height = 0.05
6.7001 	EXP 	text: height = 0.05
6.7001 	EXP 	text: text = 'button_1'
6.7001 	EXP 	text: height = 0.05
6.7001 	EXP 	text: height = 0.05
6.7001 	EXP 	text: height = 0.05
6.7001 	EXP 	text: text = 'button_2'
6.7001 	EXP 	text: height = 0.05
6.7001 	EXP 	text: height = 0.05
6.7001 	EXP 	text: height = 0.05
6.7001 	EXP 	text: text = 'button_3'
6.7088 	EXP 	text: height = 0.05
6.7088 	EXP 	text: height = 0.05
6.7088 	EXP 	text: height = 0.05
6.7088 	EXP 	text: text = 'button_1'
6.7088 	EXP 	text: height = 0.05
6.7088 	EXP 	text: height = 0.05
6.7088 	EXP 	text: height = 0.05
6.7088 	EXP 	text: text = 'button_2'
6.7088 	EXP 	text: height = 0.05
6.7088 	EXP 	text: height = 0.05
6.7088 	EXP 	text: height = 0.05
6.7088 	EXP 	text: text = 'button_3'
6.7169 	EXP 	text: height = 0.05
6.7169 	EXP 	text: height = 0.05
6.7169 	EXP 	text: height = 0.05
6.7169 	EXP 	text: text = 'button_1'
6.7169 	EXP 	text: height = 0.05
6.7169 	EXP 	text: height = 0.05
6.7169 	EXP 	text: height = 0.05
6.7169 	EXP 	text: text = 'button_2'
6.7169 	EXP 	text: height = 0.05
6.7169 	EXP 	text: height = 0.05
6.7169 	EXP 	text: height = 0.05
6.7169 	EXP 	text: text = 'button_3'
6.7253 	EXP 	text: height = 0.05
6.7253 	EXP 	text: height = 0.05
6.7253 	EXP 	text: height = 0.05
6.7253 	EXP 	text: text = 'button_1'
6.7253 	EXP 	text: height = 0.05
6.7253 	EXP 	text: height = 0.05
6.7253 	EXP 	text: height = 0.05
6.7253 	EXP 	text: text = 'button_2'
6.7253 	EXP 	text: height = 0.05
6.7253 	EXP 	text: height = 0.05
6.7253 	EXP 	text: height = 0.05
6.7253 	EXP 	text: text = 'button_3'
6.7339 	EXP 	text: height = 0.05
6.7339 	EXP 	text: height = 0.05
6.7339 	EXP 	text: height = 0.05
6.7339 	EXP 	text: text = 'button_1'
6.7339 	EXP 	text: height = 0.05
6.7339 	EXP 	text: height = 0.05
6.7339 	EXP 	text: height = 0.05
6.7339 	EXP 	text: text = 'button_2'
6.7339 	EXP 	text: height = 0.05
6.7339 	EXP 	text: height = 0.05
6.7339 	EXP 	text: height = 0.05
6.7339 	EXP 	text: text = 'button_3'
6.7422 	EXP 	text: height = 0.05
6.7422 	EXP 	text: height = 0.05
6.7422 	EXP 	text: height = 0.05
6.7422 	EXP 	text: text = 'button_1'
6.7422 	EXP 	text: height = 0.05
6.7422 	EXP 	text: height = 0.05
6.7422 	EXP 	text: height = 0.05
6.7422 	EXP 	text: text = 'button_2'
6.7422 	EXP 	text: height = 0.05
6.7422 	EXP 	text: height = 0.05
6.7422 	EXP 	text: height = 0.05
6.7422 	EXP 	text: text = 'button_3'
6.7504 	EXP 	text: height = 0.05
6.7504 	EXP 	text: height = 0.05
6.7504 	EXP 	text: height = 0.05
6.7504 	EXP 	text: text = 'button_1'
6.7504 	EXP 	text: height = 0.05
6.7504 	EXP 	text: height = 0.05
6.7504 	EXP 	text: height = 0.05
6.7504 	EXP 	text: text = 'button_2'
6.7504 	EXP 	text: height = 0.05
6.7504 	EXP 	text: height = 0.05
6.7504 	EXP 	text: height = 0.05
6.7504 	EXP 	text: text = 'button_3'
6.7586 	EXP 	text: height = 0.05
6.7586 	EXP 	text: height = 0.05
6.7586 	EXP 	text: height = 0.05
6.7586 	EXP 	text: text = 'button_1'
6.7586 	EXP 	text: height = 0.05
6.7586 	EXP 	text: height = 0.05
6.7586 	EXP 	text: height = 0.05
6.7586 	EXP 	text: text = 'button_2'
6.7586 	EXP 	text: height = 0.05
6.7586 	EXP 	text: height = 0.05
6.7586 	EXP 	text: height = 0.05
6.7586 	EXP 	text: text = 'button_3'
6.7670 	EXP 	text: height = 0.05
6.7670 	EXP 	text: height = 0.05
6.7670 	EXP 	text: height = 0.05
6.7670 	EXP 	text: text = 'button_1'
6.7670 	EXP 	text: height = 0.05
6.7670 	EXP 	text: height = 0.05
6.7670 	EXP 	text: height = 0.05
6.7670 	EXP 	text: text = 'button_2'
6.7670 	EXP 	text: height = 0.05
6.7670 	EXP 	text: height = 0.05
6.7670 	EXP 	text: height = 0.05
6.7670 	EXP 	text: text = 'button_3'
6.7753 	EXP 	text: height = 0.05
6.7753 	EXP 	text: height = 0.05
6.7753 	EXP 	text: height = 0.05
6.7753 	EXP 	text: text = 'button_1'
6.7753 	EXP 	text: height = 0.05
6.7753 	EXP 	text: height = 0.05
6.7753 	EXP 	text: height = 0.05
6.7753 	EXP 	text: text = 'button_2'
6.7753 	EXP 	text: height = 0.05
6.7753 	EXP 	text: height = 0.05
6.7753 	EXP 	text: height = 0.05
6.7753 	EXP 	text: text = 'button_3'
6.7836 	EXP 	text: height = 0.05
6.7836 	EXP 	text: height = 0.05
6.7836 	EXP 	text: height = 0.05
6.7836 	EXP 	text: text = 'button_1'
6.7836 	EXP 	text: height = 0.05
6.7836 	EXP 	text: height = 0.05
6.7836 	EXP 	text: height = 0.05
6.7836 	EXP 	text: text = 'button_2'
6.7836 	EXP 	text: height = 0.05
6.7836 	EXP 	text: height = 0.05
6.7836 	EXP 	text: height = 0.05
6.7836 	EXP 	text: text = 'button_3'
6.7919 	EXP 	text: height = 0.05
6.7919 	EXP 	text: height = 0.05
6.7919 	EXP 	text: height = 0.05
6.7919 	EXP 	text: text = 'button_1'
6.7919 	EXP 	text: height = 0.05
6.7919 	EXP 	text: height = 0.05
6.7919 	EXP 	text: height = 0.05
6.7919 	EXP 	text: text = 'button_2'
6.7919 	EXP 	text: height = 0.05
6.7919 	EXP 	text: height = 0.05
6.7919 	EXP 	text: height = 0.05
6.7919 	EXP 	text: text = 'button_3'
6.8023 	EXP 	text: height = 0.05
6.8023 	EXP 	text: height = 0.05
6.8023 	EXP 	text: height = 0.05
6.8023 	EXP 	text: text = 'button_1'
6.8023 	EXP 	text: height = 0.05
6.8023 	EXP 	text: height = 0.05
6.8023 	EXP 	text: height = 0.05
6.8023 	EXP 	text: text = 'button_2'
6.8023 	EXP 	text: height = 0.05
6.8023 	EXP 	text: height = 0.05
6.8023 	EXP 	text: height = 0.05
6.8023 	EXP 	text: text = 'button_3'
6.8117 	EXP 	text: height = 0.05
6.8117 	EXP 	text: height = 0.05
6.8117 	EXP 	text: height = 0.05
6.8117 	EXP 	text: text = 'button_1'
6.8117 	EXP 	text: height = 0.05
6.8117 	EXP 	text: height = 0.05
6.8117 	EXP 	text: height = 0.05
6.8117 	EXP 	text: text = 'button_2'
6.8117 	EXP 	text: height = 0.05
6.8117 	EXP 	text: height = 0.05
6.8117 	EXP 	text: height = 0.05
6.8117 	EXP 	text: text = 'button_3'
6.8215 	EXP 	text: height = 0.05
6.8215 	EXP 	text: height = 0.05
6.8215 	EXP 	text: height = 0.05
6.8215 	EXP 	text: text = 'button_1'
6.8215 	EXP 	text: height = 0.05
6.8215 	EXP 	text: height = 0.05
6.8215 	EXP 	text: height = 0.05
6.8215 	EXP 	text: text = 'button_2'
6.8215 	EXP 	text: height = 0.05
6.8215 	EXP 	text: height = 0.05
6.8215 	EXP 	text: height = 0.05
6.8215 	EXP 	text: text = 'button_3'
6.8302 	EXP 	text: height = 0.05
6.8302 	EXP 	text: height = 0.05
6.8302 	EXP 	text: height = 0.05
6.8302 	EXP 	text: text = 'button_1'
6.8302 	EXP 	text: height = 0.05
6.8302 	EXP 	text: height = 0.05
6.8302 	EXP 	text: height = 0.05
6.8302 	EXP 	text: text = 'button_2'
6.8302 	EXP 	text: height = 0.05
6.8302 	EXP 	text: height = 0.05
6.8302 	EXP 	text: height = 0.05
6.8302 	EXP 	text: text = 'button_3'
6.8393 	EXP 	text: height = 0.05
6.8393 	EXP 	text: height = 0.05
6.8393 	EXP 	text: height = 0.05
6.8393 	EXP 	text: text = 'button_1'
6.8393 	EXP 	text: height = 0.05
6.8393 	EXP 	text: height = 0.05
6.8393 	EXP 	text: height = 0.05
6.8393 	EXP 	text: text = 'button_2'
6.8393 	EXP 	text: height = 0.05
6.8393 	EXP 	text: height = 0.05
6.8393 	EXP 	text: height = 0.05
6.8393 	EXP 	text: text = 'button_3'
6.8483 	EXP 	text: height = 0.05
6.8483 	EXP 	text: height = 0.05
6.8483 	EXP 	text: height = 0.05
6.8483 	EXP 	text: text = 'button_1'
6.8483 	EXP 	text: height = 0.05
6.8483 	EXP 	text: height = 0.05
6.8483 	EXP 	text: height = 0.05
6.8483 	EXP 	text: text = 'button_2'
6.8483 	EXP 	text: height = 0.05
6.8483 	EXP 	text: height = 0.05
6.8483 	EXP 	text: height = 0.05
6.8483 	EXP 	text: text = 'button_3'
6.8570 	EXP 	text: height = 0.05
6.8570 	EXP 	text: height = 0.05
6.8570 	EXP 	text: height = 0.05
6.8570 	EXP 	text: text = 'button_1'
6.8570 	EXP 	text: height = 0.05
6.8570 	EXP 	text: height = 0.05
6.8570 	EXP 	text: height = 0.05
6.8570 	EXP 	text: text = 'button_2'
6.8570 	EXP 	text: height = 0.05
6.8570 	EXP 	text: height = 0.05
6.8570 	EXP 	text: height = 0.05
6.8570 	EXP 	text: text = 'button_3'
6.8661 	EXP 	text: height = 0.05
6.8661 	EXP 	text: height = 0.05
6.8661 	EXP 	text: height = 0.05
6.8661 	EXP 	text: text = 'button_1'
6.8661 	EXP 	text: height = 0.05
6.8661 	EXP 	text: height = 0.05
6.8661 	EXP 	text: height = 0.05
6.8661 	EXP 	text: text = 'button_2'
6.8661 	EXP 	text: height = 0.05
6.8661 	EXP 	text: height = 0.05
6.8661 	EXP 	text: height = 0.05
6.8661 	EXP 	text: text = 'button_3'
6.8755 	EXP 	text: height = 0.05
6.8755 	EXP 	text: height = 0.05
6.8755 	EXP 	text: height = 0.05
6.8755 	EXP 	text: text = 'button_1'
6.8755 	EXP 	text: height = 0.05
6.8755 	EXP 	text: height = 0.05
6.8755 	EXP 	text: height = 0.05
6.8755 	EXP 	text: text = 'button_2'
6.8755 	EXP 	text: height = 0.05
6.8755 	EXP 	text: height = 0.05
6.8755 	EXP 	text: height = 0.05
6.8755 	EXP 	text: text = 'button_3'
6.8845 	EXP 	text: height = 0.05
6.8845 	EXP 	text: height = 0.05
6.8845 	EXP 	text: height = 0.05
6.8845 	EXP 	text: text = 'button_1'
6.8845 	EXP 	text: height = 0.05
6.8845 	EXP 	text: height = 0.05
6.8845 	EXP 	text: height = 0.05
6.8845 	EXP 	text: text = 'button_2'
6.8845 	EXP 	text: height = 0.05
6.8845 	EXP 	text: height = 0.05
6.8845 	EXP 	text: height = 0.05
6.8845 	EXP 	text: text = 'button_3'
6.8933 	EXP 	text: height = 0.05
6.8933 	EXP 	text: height = 0.05
6.8933 	EXP 	text: height = 0.05
6.8933 	EXP 	text: text = 'button_1'
6.8933 	EXP 	text: height = 0.05
6.8933 	EXP 	text: height = 0.05
6.8933 	EXP 	text: height = 0.05
6.8933 	EXP 	text: text = 'button_2'
6.8933 	EXP 	text: height = 0.05
6.8933 	EXP 	text: height = 0.05
6.8933 	EXP 	text: height = 0.05
6.8933 	EXP 	text: text = 'button_3'
6.9021 	EXP 	text: height = 0.05
6.9021 	EXP 	text: height = 0.05
6.9021 	EXP 	text: height = 0.05
6.9021 	EXP 	text: text = 'button_1'
6.9021 	EXP 	text: height = 0.05
6.9021 	EXP 	text: height = 0.05
6.9021 	EXP 	text: height = 0.05
6.9021 	EXP 	text: text = 'button_2'
6.9021 	EXP 	text: height = 0.05
6.9021 	EXP 	text: height = 0.05
6.9021 	EXP 	text: height = 0.05
6.9021 	EXP 	text: text = 'button_3'
6.9107 	EXP 	text: height = 0.05
6.9107 	EXP 	text: height = 0.05
6.9107 	EXP 	text: height = 0.05
6.9107 	EXP 	text: text = 'button_1'
6.9107 	EXP 	text: height = 0.05
6.9107 	EXP 	text: height = 0.05
6.9107 	EXP 	text: height = 0.05
6.9107 	EXP 	text: text = 'button_2'
6.9107 	EXP 	text: height = 0.05
6.9107 	EXP 	text: height = 0.05
6.9107 	EXP 	text: height = 0.05
6.9107 	EXP 	text: text = 'button_3'
6.9190 	EXP 	text: height = 0.05
6.9190 	EXP 	text: height = 0.05
6.9190 	EXP 	text: height = 0.05
6.9190 	EXP 	text: text = 'button_1'
6.9190 	EXP 	text: height = 0.05
6.9190 	EXP 	text: height = 0.05
6.9190 	EXP 	text: height = 0.05
6.9190 	EXP 	text: text = 'button_2'
6.9190 	EXP 	text: height = 0.05
6.9190 	EXP 	text: height = 0.05
6.9190 	EXP 	text: height = 0.05
6.9190 	EXP 	text: text = 'button_3'
6.9281 	EXP 	text: height = 0.05
6.9281 	EXP 	text: height = 0.05
6.9281 	EXP 	text: height = 0.05
6.9281 	EXP 	text: text = 'button_1'
6.9281 	EXP 	text: height = 0.05
6.9281 	EXP 	text: height = 0.05
6.9281 	EXP 	text: height = 0.05
6.9281 	EXP 	text: text = 'button_2'
6.9281 	EXP 	text: height = 0.05
6.9281 	EXP 	text: height = 0.05
6.9281 	EXP 	text: height = 0.05
6.9281 	EXP 	text: text = 'button_3'
6.9287 	DATA 	Keypress: escape
6.9377 	EXP 	text: height = 0.05
6.9377 	EXP 	text: height = 0.05
6.9377 	EXP 	text: height = 0.05
6.9377 	EXP 	text: text = 'button_1'
6.9377 	EXP 	text: height = 0.05
6.9377 	EXP 	text: height = 0.05
6.9377 	EXP 	text: height = 0.05
6.9377 	EXP 	text: text = 'button_2'
6.9377 	EXP 	text: height = 0.05
6.9377 	EXP 	text: height = 0.05
6.9377 	EXP 	text: height = 0.05
6.9377 	EXP 	text: text = 'button_3'
6.9461 	EXP 	text: height = 0.05
6.9461 	EXP 	text: height = 0.05
6.9461 	EXP 	text: height = 0.05
6.9461 	EXP 	text: text = 'button_1'
6.9461 	EXP 	text: height = 0.05
6.9461 	EXP 	text: height = 0.05
6.9461 	EXP 	text: height = 0.05
6.9461 	EXP 	text: text = 'button_2'
6.9461 	EXP 	text: height = 0.05
6.9461 	EXP 	text: height = 0.05
6.9461 	EXP 	text: height = 0.05
6.9461 	EXP 	text: text = 'button_3'
6.9545 	EXP 	text: height = 0.05
6.9545 	EXP 	text: height = 0.05
6.9545 	EXP 	text: height = 0.05
6.9545 	EXP 	text: text = 'button_1'
6.9545 	EXP 	text: height = 0.05
6.9545 	EXP 	text: height = 0.05
6.9545 	EXP 	text: height = 0.05
6.9545 	EXP 	text: text = 'button_2'
6.9545 	EXP 	text: height = 0.05
6.9545 	EXP 	text: height = 0.05
6.9545 	EXP 	text: height = 0.05
6.9545 	EXP 	text: text = 'button_3'
6.9635 	EXP 	text: height = 0.05
6.9635 	EXP 	text: height = 0.05
6.9635 	EXP 	text: height = 0.05
6.9635 	EXP 	text: text = 'button_1'
6.9635 	EXP 	text: height = 0.05
6.9635 	EXP 	text: height = 0.05
6.9635 	EXP 	text: height = 0.05
6.9635 	EXP 	text: text = 'button_2'
6.9635 	EXP 	text: height = 0.05
6.9635 	EXP 	text: height = 0.05
6.9635 	EXP 	text: height = 0.05
6.9635 	EXP 	text: text = 'button_3'
6.9719 	EXP 	text: height = 0.05
6.9719 	EXP 	text: height = 0.05
6.9719 	EXP 	text: height = 0.05
6.9719 	EXP 	text: text = 'button_1'
6.9719 	EXP 	text: height = 0.05
6.9719 	EXP 	text: height = 0.05
6.9719 	EXP 	text: height = 0.05
6.9719 	EXP 	text: text = 'button_2'
6.9719 	EXP 	text: height = 0.05
6.9719 	EXP 	text: height = 0.05
6.9719 	EXP 	text: height = 0.05
6.9719 	EXP 	text: text = 'button_3'
6.9807 	EXP 	text: height = 0.05
6.9807 	EXP 	text: height = 0.05
6.9807 	EXP 	text: height = 0.05
6.9807 	EXP 	text: text = 'button_1'
6.9807 	EXP 	text: height = 0.05
6.9807 	EXP 	text: height = 0.05
6.9807 	EXP 	text: height = 0.05
6.9807 	EXP 	text: text = 'button_2'
6.9807 	EXP 	text: height = 0.05
6.9807 	EXP 	text: height = 0.05
6.9807 	EXP 	text: height = 0.05
6.9807 	EXP 	text: text = 'button_3'
6.9908 	EXP 	text: height = 0.05
6.9908 	EXP 	text: height = 0.05
6.9908 	EXP 	text: height = 0.05
6.9908 	EXP 	text: text = 'button_1'
6.9908 	EXP 	text: height = 0.05
6.9908 	EXP 	text: height = 0.05
6.9908 	EXP 	text: height = 0.05
6.9908 	EXP 	text: text = 'button_2'
6.9908 	EXP 	text: height = 0.05
6.9908 	EXP 	text: height = 0.05
6.9908 	EXP 	text: height = 0.05
6.9908 	EXP 	text: text = 'button_3'
6.9995 	EXP 	text: height = 0.05
6.9995 	EXP 	text: height = 0.05
6.9995 	EXP 	text: height = 0.05
6.9995 	EXP 	text: text = 'button_1'
6.9995 	EXP 	text: height = 0.05
6.9995 	EXP 	text: height = 0.05
6.9995 	EXP 	text: height = 0.05
6.9995 	EXP 	text: text = 'button_2'
6.9995 	EXP 	text: height = 0.05
6.9995 	EXP 	text: height = 0.05
6.9995 	EXP 	text: height = 0.05
6.9995 	EXP 	text: text = 'button_3'
7.0080 	EXP 	text: height = 0.05
7.0080 	EXP 	text: height = 0.05
7.0080 	EXP 	text: height = 0.05
7.0080 	EXP 	text: text = 'button_1'
7.0080 	EXP 	text: height = 0.05
7.0080 	EXP 	text: height = 0.05
7.0080 	EXP 	text: height = 0.05
7.0080 	EXP 	text: text = 'button_2'
7.0080 	EXP 	text: height = 0.05
7.0080 	EXP 	text: height = 0.05
7.0080 	EXP 	text: height = 0.05
7.0080 	EXP 	text: text = 'button_3'
7.0162 	EXP 	text: height = 0.05
7.0162 	EXP 	text: height = 0.05
7.0162 	EXP 	text: height = 0.05
7.0162 	EXP 	text: text = 'button_1'
7.0162 	EXP 	text: height = 0.05
7.0162 	EXP 	text: height = 0.05
7.0162 	EXP 	text: height = 0.05
7.0162 	EXP 	text: text = 'button_2'
7.0162 	EXP 	text: height = 0.05
7.0162 	EXP 	text: height = 0.05
7.0162 	EXP 	text: height = 0.05
7.0162 	EXP 	text: text = 'button_3'
7.0249 	EXP 	text: height = 0.05
7.0249 	EXP 	text: height = 0.05
7.0249 	EXP 	text: height = 0.05
7.0249 	EXP 	text: text = 'button_1'
7.0249 	EXP 	text: height = 0.05
7.0249 	EXP 	text: height = 0.05
7.0249 	EXP 	text: height = 0.05
7.0249 	EXP 	text: text = 'button_2'
7.0249 	EXP 	text: height = 0.05
7.0249 	EXP 	text: height = 0.05
7.0249 	EXP 	text: height = 0.05
7.0249 	EXP 	text: text = 'button_3'
7.0333 	EXP 	text: height = 0.05
7.0333 	EXP 	text: height = 0.05
7.0333 	EXP 	text: height = 0.05
7.0333 	EXP 	text: text = 'button_1'
7.0333 	EXP 	text: height = 0.05
7.0333 	EXP 	text: height = 0.05
7.0333 	EXP 	text: height = 0.05
7.0333 	EXP 	text: text = 'button_2'
7.0333 	EXP 	text: height = 0.05
7.0333 	EXP 	text: height = 0.05
7.0333 	EXP 	text: height = 0.05
7.0333 	EXP 	text: text = 'button_3'
7.0418 	EXP 	text: height = 0.05
7.0418 	EXP 	text: height = 0.05
7.0418 	EXP 	text: height = 0.05
7.0418 	EXP 	text: text = 'button_1'
7.0418 	EXP 	text: height = 0.05
7.0418 	EXP 	text: height = 0.05
7.0418 	EXP 	text: height = 0.05
7.0418 	EXP 	text: text = 'button_2'
7.0418 	EXP 	text: height = 0.05
7.0418 	EXP 	text: height = 0.05
7.0418 	EXP 	text: height = 0.05
7.0418 	EXP 	text: text = 'button_3'
7.3406 	EXP 	window1: mouseVisible = True
