3.3893 	WARNING 	User requested fullscreen with size [1024  768], but screen is actually [1920, 1080]. Using actual size
3.6881 	EXP 	Created window1 = Window(allowGUI=True, allowStencil=False, autoLog=True, backendConf=UNKNOWN, backgroundFit=<method-wrapper '__getattribute__' of attributeSetter object at 0x000002AB612E04C0>, backgroundImage=<method-wrapper '__getattribute__' of attributeSetter object at 0x000002AB612E0460>, bitsMode=UNKNOWN, blendMode='avg', bpc=(8, 8, 8), color=array([0, 0, 0]), colorSpace='rgb', depthBits=8, fullscr=<method-wrapper '__getattribute__' of attributeSetter object at 0x000002AB612E0190>, gamma=None, gammaErrorPolicy='raise', lms=UNKNOWN, monitor=<psychopy.monitors.calibTools.Monitor object at 0x000002AB631FA790>, multiSample=False, name='window1', numSamples=2, pos=(0, 0), screen=0, size=array([1920, 1080]), stencilBits=0, stereo=False, units='height', useFBO=True, useRetina=False, viewOri=0.0, viewPos=None, viewScale=None, waitBlanking=True, winType='pyglet')
3.6882 	EXP 	window1: mouseVisible = True
3.6882 	EXP 	window1: backgroundImage = ''
3.6882 	EXP 	window1: backgroundFit = 'none'
3.6882 	EXP 	window1: mouseVisible = False
3.6882 	EXP 	window1: Attempting to measure frame rate of screen (0) ...
3.6882 	EXP 	window1: recordFrameIntervals = False
3.7296 	EXP 	window1: recordFrameIntervals = True
3.7440 	WARNING 	t of last frame was 5.60ms (=1/178)
3.7762 	EXP 	Screen (0) actual frame rate measured at 241.75Hz
3.7762 	EXP 	window1: recordFrameIntervals = False
5.0422 	EXP 	window1: mouseVisible = True
5.0524 	EXP 	window1: mouseVisible = True
5.0625 	EXP 	window1: mouseVisible = True
5.0626 	EXP 	window1: mouseVisible = True
5.1138 	EXP 	Created text = TextStim(__class__=<class 'psychopy.visual.text.TextStim'>, alignHoriz=method-wrapper(...), alignText='center', alignVert=method-wrapper(...), anchorHoriz='center', anchorVert='center', antialias=True, autoDraw=False, autoLog=True, bold=False, color=array([1., 1., 1.]), colorSpace='rgb', contrast=1.0, depth=-5.0, flipHoriz=False, flipVert=False, font='Open Sans', fontFiles=[], height=0.05, italic=False, languageStyle='LTR', name='text', opacity=1.0, ori=0.0, pos=array([0., 0.]), rgb=UNKNOWN, text='', units='height', win=Window(...), wrapWidth=1)
5.1215 	EXP 	text: autoDraw = True
5.3846 	DATA 	Mouse: Left button down, pos=(1341,549)
5.4504 	EXP 	window1: mouseVisible = True
