3.3200 	WARNING 	User requested fullscreen with size [1024  768], but screen is actually [1920, 1080]. Using actual size
3.6163 	EXP 	Created window1 = Window(allowGUI=True, allowStencil=False, autoLog=True, backendConf=UNKNOWN, backgroundFit=<method-wrapper '__getattribute__' of attributeSetter object at 0x000002599F0AF5B0>, backgroundImage=<method-wrapper '__getattribute__' of attributeSetter object at 0x000002599F0AF550>, bitsMode=UNKNOWN, blendMode='avg', bpc=(8, 8, 8), color=array([0, 0, 0]), colorSpace='rgb', depthBits=8, fullscr=<method-wrapper '__getattribute__' of attributeSetter object at 0x000002599F0AF280>, gamma=None, gammaErrorPolicy='raise', lms=UNKNOWN, monitor=<psychopy.monitors.calibTools.Monitor object at 0x00000259A0FC98B0>, multiSample=False, name='window1', numSamples=2, pos=(0, 0), screen=0, size=array([1920, 1080]), stencilBits=0, stereo=False, units='height', useFBO=True, useRetina=False, viewOri=0.0, viewPos=None, viewScale=None, waitBlanking=True, winType='pyglet')
3.6163 	EXP 	window1: mouseVisible = True
3.6163 	EXP 	window1: backgroundImage = ''
3.6164 	EXP 	window1: backgroundFit = 'none'
3.6164 	EXP 	window1: mouseVisible = False
3.6164 	EXP 	window1: Attempting to measure frame rate of screen (0) ...
3.6164 	EXP 	window1: recordFrameIntervals = False
3.6584 	EXP 	window1: recordFrameIntervals = True
3.7044 	EXP 	Screen (0) actual frame rate measured at 239.82Hz
3.7044 	EXP 	window1: recordFrameIntervals = False
5.0780 	EXP 	window1: mouseVisible = True
5.0888 	EXP 	window1: mouseVisible = True
5.1000 	EXP 	window1: mouseVisible = True
5.1000 	EXP 	window1: mouseVisible = True
5.3341 	DATA 	Mouse: Left button down, pos=(532,593)
5.3899 	DATA 	Mouse:  Left button up, pos=(532,593)
5.5824 	DATA 	Mouse: Left button down, pos=(913,589)
5.6475 	DATA 	Mouse:  Left button up, pos=(913,589)
5.8338 	DATA 	Mouse: Left button down, pos=(1399,572)
5.9184 	DATA 	Mouse:  Left button up, pos=(1399,572)
6.1335 	DATA 	Keypress: escape
6.4563 	EXP 	window1: mouseVisible = True
