4.1920 	WARNING 	User requested fullscreen with size [1024  768], but screen is actually [1920, 1080]. Using actual size
4.4803 	EXP 	Created window1 = Window(allowGUI=True, allowStencil=False, autoLog=True, backendConf=UNKNOWN, backgroundFit=<method-wrapper '__getattribute__' of attributeSetter object at 0x000002E0F9F2A4C0>, backgroundImage=<method-wrapper '__getattribute__' of attributeSetter object at 0x000002E0F9F2A460>, bitsMode=UNKNOWN, blendMode='avg', bpc=(8, 8, 8), color=array([0, 0, 0]), colorSpace='rgb', depthBits=8, fullscr=<method-wrapper '__getattribute__' of attributeSetter object at 0x000002E0F9F2A310>, gamma=None, gammaErrorPolicy='raise', lms=UNKNOWN, monitor=<psychopy.monitors.calibTools.Monitor object at 0x000002E08020DCD0>, multiSample=False, name='window1', numSamples=2, pos=(0, 0), screen=0, size=array([1920, 1080]), stencilBits=0, stereo=False, units='height', useFBO=True, useRetina=False, viewOri=0.0, viewPos=None, viewScale=None, waitBlanking=True, winType='pyglet')
4.4803 	EXP 	window1: mouseVisible = True
4.4804 	EXP 	window1: backgroundImage = ''
4.4804 	EXP 	window1: backgroundFit = 'none'
4.4804 	EXP 	window1: mouseVisible = False
4.4804 	EXP 	window1: Attempting to measure frame rate of screen (0) ...
4.4804 	EXP 	window1: recordFrameIntervals = False
4.5219 	EXP 	window1: recordFrameIntervals = True
4.5677 	EXP 	Screen (0) actual frame rate measured at 239.26Hz
4.5678 	EXP 	window1: recordFrameIntervals = False
6.1828 	EXP 	Created shown_image = ImageStim(__class__=<class 'psychopy.visual.image.ImageStim'>, anchor=('center', 'center'), autoLog=True, color=array([1., 1., 1.]), colorSpace='rgb', contrast=1.0, depth=-1.0, flipHoriz=False, flipVert=False, image='default.png', interpolate=True, mask=None, maskParams=None, name='shown_image', opacity=1.0, ori=0.0, pos=array([0., 0.]), size=array([100., 100.]), texRes=128.0, units='pix', win=Window(...))
6.1865 	EXP 	Created image_black = ImageStim(__class__=<class 'psychopy.visual.image.ImageStim'>, anchor=('center', 'center'), autoLog=True, color=array([1., 1., 1.]), colorSpace='rgb', contrast=1.0, depth=-2.0, flipHoriz=False, flipVert=False, image='black.png', interpolate=True, mask=None, maskParams=None, name='image_black', opacity=1.0, ori=0.0, pos=array([ 600., -250.]), size=array([100., 100.]), texRes=128.0, units='pix', win=Window(...))
6.1902 	EXP 	Created image_green = ImageStim(__class__=<class 'psychopy.visual.image.ImageStim'>, anchor=('center', 'center'), autoLog=True, color=array([1., 1., 1.]), colorSpace='rgb', contrast=1.0, depth=-3.0, flipHoriz=False, flipVert=False, image='green.png', interpolate=True, mask=None, maskParams=None, name='image_green', opacity=1.0, ori=0.0, pos=array([ 200., -250.]), size=array([100., 100.]), texRes=128.0, units='pix', win=Window(...))
6.1940 	EXP 	Created image_red = ImageStim(__class__=<class 'psychopy.visual.image.ImageStim'>, anchor=('center', 'center'), autoLog=True, color=array([1., 1., 1.]), colorSpace='rgb', contrast=1.0, depth=-4.0, flipHoriz=False, flipVert=False, image='red.png', interpolate=True, mask=None, maskParams=None, name='image_red', opacity=1.0, ori=0.0, pos=array([-200., -250.]), size=array([100., 100.]), texRes=128.0, units='pix', win=Window(...))
6.1988 	EXP 	Created image_blue = ImageStim(__class__=<class 'psychopy.visual.image.ImageStim'>, anchor=('center', 'center'), autoLog=True, color=array([1., 1., 1.]), colorSpace='rgb', contrast=1.0, depth=-5.0, flipHoriz=False, flipVert=False, image='blue.png', interpolate=True, mask=None, maskParams=None, name='image_blue', opacity=1.0, ori=0.0, pos=array([-600., -250.]), size=array([100., 100.]), texRes=128.0, units='pix', win=Window(...))
6.1991 	EXP 	window1: mouseVisible = True
6.2252 	EXP 	Created text = TextStim(__class__=<class 'psychopy.visual.text.TextStim'>, alignHoriz=method-wrapper(...), alignText='center', alignVert=method-wrapper(...), anchorHoriz='center', anchorVert='center', antialias=True, autoDraw=False, autoLog=True, bold=False, color=array([1., 1., 1.]), colorSpace='rgb', contrast=1.0, depth=-7.0, flipHoriz=False, flipVert=False, font='Open Sans', fontFiles=[], height=0.05, italic=False, languageStyle='LTR', name='text', opacity=1.0, ori=0.0, pos=array([0. , 0.2]), rgb=UNKNOWN, text='', units='height', win=Window(...), wrapWidth=1)
6.2265 	EXP 	Created answer = TextStim(__class__=<class 'psychopy.visual.text.TextStim'>, alignHoriz=method-wrapper(...), alignText='center', alignVert=method-wrapper(...), anchorHoriz='center', anchorVert='center', antialias=True, autoDraw=False, autoLog=True, bold=False, color=array([1., 1., 1.]), colorSpace='rgb', contrast=1.0, depth=0.0, flipHoriz=False, flipVert=False, font='Open Sans', fontFiles=[], height=0.03, italic=False, languageStyle='LTR', name='answer', opacity=1.0, ori=0.0, pos=array([0., 0.]), rgb=UNKNOWN, text='', units='height', win=Window(...), wrapWidth=1)
6.2268 	EXP 	Created sequence: random, trialTypes=1, nReps=5, seed=None
6.2269 	EXP 	New trial (rep=0, index=0): None
6.2715 	EXP 	shown_image: image = 'black.png'
6.2715 	EXP 	text: height = 0.05
6.2715 	EXP 	text: height = 0.05
6.2715 	EXP 	text: height = 0.05
6.2715 	EXP 	text: text = 'Number Of Loop: 0'
6.2715 	EXP 	image_green: texRes = 128.0
6.2715 	EXP 	image_black: texRes = 128.0
6.2715 	EXP 	image_red: texRes = 128.0
6.2715 	EXP 	image_blue: texRes = 128.0
6.2715 	EXP 	shown_image: autoDraw = True
6.2715 	EXP 	image_black: autoDraw = True
6.2715 	EXP 	image_green: autoDraw = True
6.2715 	EXP 	image_red: autoDraw = True
6.2715 	EXP 	image_blue: autoDraw = True
6.2715 	EXP 	text: autoDraw = True
6.2777 	EXP 	image_green: texRes = 128.0
6.2777 	EXP 	image_black: texRes = 128.0
6.2777 	EXP 	image_red: texRes = 128.0
6.2777 	EXP 	image_blue: texRes = 128.0
6.2867 	EXP 	image_green: texRes = 128.0
6.2867 	EXP 	image_black: texRes = 128.0
6.2867 	EXP 	image_red: texRes = 128.0
6.2867 	EXP 	image_blue: texRes = 128.0
6.2933 	EXP 	image_green: texRes = 128.0
6.2933 	EXP 	image_black: texRes = 128.0
6.2933 	EXP 	image_red: texRes = 128.0
6.2933 	EXP 	image_blue: texRes = 128.0
6.3023 	EXP 	image_green: texRes = 128.0
6.3023 	EXP 	image_black: texRes = 128.0
6.3023 	EXP 	image_red: texRes = 128.0
6.3023 	EXP 	image_blue: texRes = 128.0
6.3089 	EXP 	image_green: texRes = 128.0
6.3089 	EXP 	image_black: texRes = 128.0
6.3089 	EXP 	image_red: texRes = 128.0
6.3089 	EXP 	image_blue: texRes = 128.0
6.3178 	EXP 	image_green: texRes = 128.0
6.3178 	EXP 	image_black: texRes = 128.0
6.3178 	EXP 	image_red: texRes = 128.0
6.3178 	EXP 	image_blue: texRes = 128.0
6.3243 	EXP 	image_green: texRes = 128.0
6.3243 	EXP 	image_black: texRes = 128.0
6.3243 	EXP 	image_red: texRes = 128.0
6.3243 	EXP 	image_blue: texRes = 128.0
6.3332 	EXP 	image_green: texRes = 128.0
6.3332 	EXP 	image_black: texRes = 128.0
6.3332 	EXP 	image_red: texRes = 128.0
6.3332 	EXP 	image_blue: texRes = 128.0
6.3390 	EXP 	image_green: texRes = 128.0
6.3390 	EXP 	image_black: texRes = 128.0
6.3390 	EXP 	image_red: texRes = 128.0
6.3390 	EXP 	image_blue: texRes = 128.0
6.3478 	EXP 	image_green: texRes = 128.0
6.3478 	EXP 	image_black: texRes = 128.0
6.3478 	EXP 	image_red: texRes = 128.0
6.3478 	EXP 	image_blue: texRes = 128.0
6.3546 	EXP 	image_green: texRes = 128.0
6.3546 	EXP 	image_black: texRes = 128.0
6.3546 	EXP 	image_red: texRes = 128.0
6.3546 	EXP 	image_blue: texRes = 128.0
6.3637 	EXP 	image_green: texRes = 128.0
6.3637 	EXP 	image_black: texRes = 128.0
6.3637 	EXP 	image_red: texRes = 128.0
6.3637 	EXP 	image_blue: texRes = 128.0
6.3695 	EXP 	image_green: texRes = 128.0
6.3695 	EXP 	image_black: texRes = 128.0
6.3695 	EXP 	image_red: texRes = 128.0
6.3695 	EXP 	image_blue: texRes = 128.0
6.3784 	EXP 	image_green: texRes = 128.0
6.3784 	EXP 	image_black: texRes = 128.0
6.3784 	EXP 	image_red: texRes = 128.0
6.3784 	EXP 	image_blue: texRes = 128.0
6.3855 	EXP 	image_green: texRes = 128.0
6.3855 	EXP 	image_black: texRes = 128.0
6.3855 	EXP 	image_red: texRes = 128.0
6.3855 	EXP 	image_blue: texRes = 128.0
6.3947 	EXP 	image_green: texRes = 128.0
6.3947 	EXP 	image_black: texRes = 128.0
6.3947 	EXP 	image_red: texRes = 128.0
6.3947 	EXP 	image_blue: texRes = 128.0
6.4007 	EXP 	image_green: texRes = 128.0
6.4007 	EXP 	image_black: texRes = 128.0
6.4007 	EXP 	image_red: texRes = 128.0
6.4007 	EXP 	image_blue: texRes = 128.0
6.4093 	EXP 	image_green: texRes = 128.0
6.4093 	EXP 	image_black: texRes = 128.0
6.4093 	EXP 	image_red: texRes = 128.0
6.4093 	EXP 	image_blue: texRes = 128.0
6.4173 	EXP 	image_green: texRes = 128.0
6.4173 	EXP 	image_black: texRes = 128.0
6.4173 	EXP 	image_red: texRes = 128.0
6.4173 	EXP 	image_blue: texRes = 128.0
6.4265 	EXP 	image_green: texRes = 128.0
6.4265 	EXP 	image_black: texRes = 128.0
6.4265 	EXP 	image_red: texRes = 128.0
6.4265 	EXP 	image_blue: texRes = 128.0
6.4327 	EXP 	image_green: texRes = 128.0
6.4327 	EXP 	image_black: texRes = 128.0
6.4327 	EXP 	image_red: texRes = 128.0
6.4327 	EXP 	image_blue: texRes = 128.0
6.4412 	EXP 	image_green: texRes = 128.0
6.4412 	EXP 	image_black: texRes = 128.0
6.4412 	EXP 	image_red: texRes = 128.0
6.4412 	EXP 	image_blue: texRes = 128.0
6.4470 	EXP 	image_green: texRes = 128.0
6.4470 	EXP 	image_black: texRes = 128.0
6.4470 	EXP 	image_red: texRes = 128.0
6.4470 	EXP 	image_blue: texRes = 128.0
6.4551 	EXP 	image_green: texRes = 128.0
6.4551 	EXP 	image_black: texRes = 128.0
6.4551 	EXP 	image_red: texRes = 128.0
6.4551 	EXP 	image_blue: texRes = 128.0
6.4609 	EXP 	image_green: texRes = 128.0
6.4609 	EXP 	image_black: texRes = 128.0
6.4609 	EXP 	image_red: texRes = 128.0
6.4609 	EXP 	image_blue: texRes = 128.0
6.4679 	EXP 	image_green: texRes = 128.0
6.4679 	EXP 	image_black: texRes = 128.0
6.4679 	EXP 	image_red: texRes = 128.0
6.4679 	EXP 	image_blue: texRes = 128.0
6.4735 	EXP 	image_green: texRes = 128.0
6.4735 	EXP 	image_black: texRes = 128.0
6.4735 	EXP 	image_red: texRes = 128.0
6.4735 	EXP 	image_blue: texRes = 128.0
6.4796 	EXP 	image_green: texRes = 128.0
6.4796 	EXP 	image_black: texRes = 128.0
6.4796 	EXP 	image_red: texRes = 128.0
6.4796 	EXP 	image_blue: texRes = 128.0
6.4852 	EXP 	image_green: texRes = 128.0
6.4852 	EXP 	image_black: texRes = 128.0
6.4852 	EXP 	image_red: texRes = 128.0
6.4852 	EXP 	image_blue: texRes = 128.0
6.4914 	EXP 	image_green: texRes = 128.0
6.4914 	EXP 	image_black: texRes = 128.0
6.4914 	EXP 	image_red: texRes = 128.0
6.4914 	EXP 	image_blue: texRes = 128.0
6.4971 	EXP 	image_green: texRes = 128.0
6.4971 	EXP 	image_black: texRes = 128.0
6.4971 	EXP 	image_red: texRes = 128.0
6.4971 	EXP 	image_blue: texRes = 128.0
6.5027 	EXP 	image_green: texRes = 128.0
6.5027 	EXP 	image_black: texRes = 128.0
6.5027 	EXP 	image_red: texRes = 128.0
6.5027 	EXP 	image_blue: texRes = 128.0
6.5094 	EXP 	image_green: texRes = 128.0
6.5094 	EXP 	image_black: texRes = 128.0
6.5094 	EXP 	image_red: texRes = 128.0
6.5094 	EXP 	image_blue: texRes = 128.0
6.5149 	EXP 	image_green: texRes = 128.0
6.5149 	EXP 	image_black: texRes = 128.0
6.5149 	EXP 	image_red: texRes = 128.0
6.5149 	EXP 	image_blue: texRes = 128.0
6.5206 	EXP 	image_green: texRes = 128.0
6.5206 	EXP 	image_black: texRes = 128.0
6.5206 	EXP 	image_red: texRes = 128.0
6.5206 	EXP 	image_blue: texRes = 128.0
6.5263 	EXP 	image_green: texRes = 128.0
6.5263 	EXP 	image_black: texRes = 128.0
6.5263 	EXP 	image_red: texRes = 128.0
6.5263 	EXP 	image_blue: texRes = 128.0
6.5321 	EXP 	image_green: texRes = 128.0
6.5321 	EXP 	image_black: texRes = 128.0
6.5321 	EXP 	image_red: texRes = 128.0
6.5321 	EXP 	image_blue: texRes = 128.0
6.5370 	EXP 	image_green: texRes = 128.0
6.5370 	EXP 	image_black: texRes = 128.0
6.5370 	EXP 	image_red: texRes = 128.0
6.5370 	EXP 	image_blue: texRes = 128.0
6.5421 	EXP 	image_green: texRes = 128.0
6.5421 	EXP 	image_black: texRes = 128.0
6.5421 	EXP 	image_red: texRes = 128.0
6.5421 	EXP 	image_blue: texRes = 128.0
6.5470 	EXP 	image_green: texRes = 128.0
6.5470 	EXP 	image_black: texRes = 128.0
6.5470 	EXP 	image_red: texRes = 128.0
6.5470 	EXP 	image_blue: texRes = 128.0
6.5520 	EXP 	image_green: texRes = 128.0
6.5520 	EXP 	image_black: texRes = 128.0
6.5520 	EXP 	image_red: texRes = 128.0
6.5520 	EXP 	image_blue: texRes = 128.0
6.5580 	EXP 	image_green: texRes = 128.0
6.5580 	EXP 	image_black: texRes = 128.0
6.5580 	EXP 	image_red: texRes = 128.0
6.5580 	EXP 	image_blue: texRes = 128.0
6.5637 	EXP 	image_green: texRes = 128.0
6.5637 	EXP 	image_black: texRes = 128.0
6.5637 	EXP 	image_red: texRes = 128.0
6.5637 	EXP 	image_blue: texRes = 128.0
6.5687 	EXP 	image_green: texRes = 128.0
6.5687 	EXP 	image_black: texRes = 128.0
6.5687 	EXP 	image_red: texRes = 128.0
6.5687 	EXP 	image_blue: texRes = 128.0
6.5738 	EXP 	image_green: texRes = 128.0
6.5738 	EXP 	image_black: texRes = 128.0
6.5738 	EXP 	image_red: texRes = 128.0
6.5738 	EXP 	image_blue: texRes = 128.0
6.5789 	EXP 	image_green: texRes = 128.0
6.5789 	EXP 	image_black: texRes = 128.0
6.5789 	EXP 	image_red: texRes = 128.0
6.5789 	EXP 	image_blue: texRes = 128.0
6.5840 	EXP 	image_green: texRes = 128.0
6.5840 	EXP 	image_black: texRes = 128.0
6.5840 	EXP 	image_red: texRes = 128.0
6.5840 	EXP 	image_blue: texRes = 128.0
6.5891 	EXP 	image_green: texRes = 128.0
6.5891 	EXP 	image_black: texRes = 128.0
6.5891 	EXP 	image_red: texRes = 128.0
6.5891 	EXP 	image_blue: texRes = 128.0
6.5943 	EXP 	image_green: texRes = 128.0
6.5943 	EXP 	image_black: texRes = 128.0
6.5943 	EXP 	image_red: texRes = 128.0
6.5943 	EXP 	image_blue: texRes = 128.0
6.5994 	EXP 	image_green: texRes = 128.0
6.5994 	EXP 	image_black: texRes = 128.0
6.5994 	EXP 	image_red: texRes = 128.0
6.5994 	EXP 	image_blue: texRes = 128.0
6.6052 	EXP 	image_green: texRes = 128.0
6.6052 	EXP 	image_black: texRes = 128.0
6.6052 	EXP 	image_red: texRes = 128.0
6.6052 	EXP 	image_blue: texRes = 128.0
6.6104 	EXP 	image_green: texRes = 128.0
6.6104 	EXP 	image_black: texRes = 128.0
6.6104 	EXP 	image_red: texRes = 128.0
6.6104 	EXP 	image_blue: texRes = 128.0
6.6155 	EXP 	image_green: texRes = 128.0
6.6155 	EXP 	image_black: texRes = 128.0
6.6155 	EXP 	image_red: texRes = 128.0
6.6155 	EXP 	image_blue: texRes = 128.0
6.6210 	EXP 	image_green: texRes = 128.0
6.6210 	EXP 	image_black: texRes = 128.0
6.6210 	EXP 	image_red: texRes = 128.0
6.6210 	EXP 	image_blue: texRes = 128.0
6.6262 	EXP 	image_green: texRes = 128.0
6.6262 	EXP 	image_black: texRes = 128.0
6.6262 	EXP 	image_red: texRes = 128.0
6.6262 	EXP 	image_blue: texRes = 128.0
6.6312 	EXP 	image_green: texRes = 128.0
6.6312 	EXP 	image_black: texRes = 128.0
6.6312 	EXP 	image_red: texRes = 128.0
6.6312 	EXP 	image_blue: texRes = 128.0
6.6362 	EXP 	image_green: texRes = 128.0
6.6362 	EXP 	image_black: texRes = 128.0
6.6362 	EXP 	image_red: texRes = 128.0
6.6362 	EXP 	image_blue: texRes = 128.0
6.6413 	EXP 	image_green: texRes = 128.0
6.6413 	EXP 	image_black: texRes = 128.0
6.6413 	EXP 	image_red: texRes = 128.0
6.6413 	EXP 	image_blue: texRes = 128.0
6.6462 	EXP 	image_green: texRes = 128.0
6.6462 	EXP 	image_black: texRes = 128.0
6.6462 	EXP 	image_red: texRes = 128.0
6.6462 	EXP 	image_blue: texRes = 128.0
6.6522 	EXP 	image_green: texRes = 128.0
6.6522 	EXP 	image_black: texRes = 128.0
6.6522 	EXP 	image_red: texRes = 128.0
6.6522 	EXP 	image_blue: texRes = 128.0
6.6577 	EXP 	image_green: texRes = 128.0
6.6577 	EXP 	image_black: texRes = 128.0
6.6577 	EXP 	image_red: texRes = 128.0
6.6577 	EXP 	image_blue: texRes = 128.0
6.6628 	EXP 	image_green: texRes = 128.0
6.6628 	EXP 	image_black: texRes = 128.0
6.6628 	EXP 	image_red: texRes = 128.0
6.6628 	EXP 	image_blue: texRes = 128.0
6.6677 	EXP 	image_green: texRes = 128.0
6.6677 	EXP 	image_black: texRes = 128.0
6.6677 	EXP 	image_red: texRes = 128.0
6.6677 	EXP 	image_blue: texRes = 128.0
6.6724 	EXP 	image_green: texRes = 128.0
6.6724 	EXP 	image_black: texRes = 128.0
6.6724 	EXP 	image_red: texRes = 128.0
6.6724 	EXP 	image_blue: texRes = 128.0
6.6771 	EXP 	image_green: texRes = 128.0
6.6771 	EXP 	image_black: texRes = 128.0
6.6771 	EXP 	image_red: texRes = 128.0
6.6771 	EXP 	image_blue: texRes = 128.0
6.6818 	EXP 	image_green: texRes = 128.0
6.6818 	EXP 	image_black: texRes = 128.0
6.6818 	EXP 	image_red: texRes = 128.0
6.6818 	EXP 	image_blue: texRes = 128.0
6.6867 	EXP 	image_green: texRes = 128.0
6.6867 	EXP 	image_black: texRes = 128.0
6.6867 	EXP 	image_red: texRes = 128.0
6.6867 	EXP 	image_blue: texRes = 128.0
6.6892 	DATA 	Mouse: Left button down, pos=(1168,423)
6.6921 	EXP 	image_green: texRes = 128.0
6.6921 	EXP 	image_black: texRes = 128.0
6.6921 	EXP 	image_red: texRes = 128.0
6.6921 	EXP 	image_blue: texRes = 128.0
6.6987 	EXP 	image_green: texRes = 128.0
6.6987 	EXP 	image_black: texRes = 128.0
6.6987 	EXP 	image_red: texRes = 128.0
6.6987 	EXP 	image_blue: texRes = 128.0
6.7038 	EXP 	image_green: texRes = 128.0
6.7038 	EXP 	image_black: texRes = 128.0
6.7038 	EXP 	image_red: texRes = 128.0
6.7038 	EXP 	image_blue: texRes = 128.0
6.7090 	EXP 	image_green: texRes = 128.0
6.7090 	EXP 	image_black: texRes = 128.0
6.7090 	EXP 	image_red: texRes = 128.0
6.7090 	EXP 	image_blue: texRes = 128.0
6.7139 	EXP 	image_green: texRes = 128.0
6.7139 	EXP 	image_black: texRes = 128.0
6.7139 	EXP 	image_red: texRes = 128.0
6.7139 	EXP 	image_blue: texRes = 128.0
6.7189 	EXP 	image_green: texRes = 128.0
6.7189 	EXP 	image_black: texRes = 128.0
6.7189 	EXP 	image_red: texRes = 128.0
6.7189 	EXP 	image_blue: texRes = 128.0
6.7238 	EXP 	image_green: texRes = 128.0
6.7238 	EXP 	image_black: texRes = 128.0
6.7238 	EXP 	image_red: texRes = 128.0
6.7238 	EXP 	image_blue: texRes = 128.0
6.7287 	EXP 	image_green: texRes = 128.0
6.7287 	EXP 	image_black: texRes = 128.0
6.7287 	EXP 	image_red: texRes = 128.0
6.7287 	EXP 	image_blue: texRes = 128.0
6.7336 	EXP 	image_green: texRes = 128.0
6.7336 	EXP 	image_black: texRes = 128.0
6.7336 	EXP 	image_red: texRes = 128.0
6.7336 	EXP 	image_blue: texRes = 128.0
6.7383 	EXP 	image_green: texRes = 128.0
6.7383 	EXP 	image_black: texRes = 128.0
6.7383 	EXP 	image_red: texRes = 128.0
6.7383 	EXP 	image_blue: texRes = 128.0
6.7444 	EXP 	image_green: texRes = 128.0
6.7444 	EXP 	image_black: texRes = 128.0
6.7444 	EXP 	image_red: texRes = 128.0
6.7444 	EXP 	image_blue: texRes = 128.0
6.7498 	EXP 	image_green: texRes = 128.0
6.7498 	EXP 	image_black: texRes = 128.0
6.7498 	EXP 	image_red: texRes = 128.0
6.7498 	EXP 	image_blue: texRes = 128.0
6.7549 	EXP 	image_green: texRes = 128.0
6.7549 	EXP 	image_black: texRes = 128.0
6.7549 	EXP 	image_red: texRes = 128.0
6.7549 	EXP 	image_blue: texRes = 128.0
6.7598 	EXP 	image_green: texRes = 128.0
6.7598 	EXP 	image_black: texRes = 128.0
6.7598 	EXP 	image_red: texRes = 128.0
6.7598 	EXP 	image_blue: texRes = 128.0
6.7653 	EXP 	image_green: texRes = 128.0
6.7653 	EXP 	image_black: texRes = 128.0
6.7653 	EXP 	image_red: texRes = 128.0
6.7653 	EXP 	image_blue: texRes = 128.0
6.7702 	EXP 	image_green: texRes = 128.0
6.7702 	EXP 	image_black: texRes = 128.0
6.7702 	EXP 	image_red: texRes = 128.0
6.7702 	EXP 	image_blue: texRes = 128.0
6.7726 	DATA 	Mouse:  Left button up, pos=(1168,423)
6.7758 	EXP 	image_green: texRes = 128.0
6.7758 	EXP 	image_black: texRes = 128.0
6.7758 	EXP 	image_red: texRes = 128.0
6.7758 	EXP 	image_blue: texRes = 128.0
6.7808 	EXP 	image_green: texRes = 128.0
6.7808 	EXP 	image_black: texRes = 128.0
6.7808 	EXP 	image_red: texRes = 128.0
6.7808 	EXP 	image_blue: texRes = 128.0
6.7857 	EXP 	image_green: texRes = 128.0
6.7857 	EXP 	image_black: texRes = 128.0
6.7857 	EXP 	image_red: texRes = 128.0
6.7857 	EXP 	image_blue: texRes = 128.0
6.7914 	EXP 	image_green: texRes = 128.0
6.7914 	EXP 	image_black: texRes = 128.0
6.7914 	EXP 	image_red: texRes = 128.0
6.7914 	EXP 	image_blue: texRes = 128.0
6.7968 	EXP 	image_green: texRes = 128.0
6.7968 	EXP 	image_black: texRes = 128.0
6.7968 	EXP 	image_red: texRes = 128.0
6.7968 	EXP 	image_blue: texRes = 128.0
6.8016 	EXP 	image_green: texRes = 128.0
6.8016 	EXP 	image_black: texRes = 128.0
6.8016 	EXP 	image_red: texRes = 128.0
6.8016 	EXP 	image_blue: texRes = 128.0
6.8063 	EXP 	image_green: texRes = 128.0
6.8063 	EXP 	image_black: texRes = 128.0
6.8063 	EXP 	image_red: texRes = 128.0
6.8063 	EXP 	image_blue: texRes = 128.0
6.8109 	EXP 	image_green: texRes = 128.0
6.8109 	EXP 	image_black: texRes = 128.0
6.8109 	EXP 	image_red: texRes = 128.0
6.8109 	EXP 	image_blue: texRes = 128.0
6.8156 	EXP 	image_green: texRes = 128.0
6.8156 	EXP 	image_black: texRes = 128.0
6.8156 	EXP 	image_red: texRes = 128.0
6.8156 	EXP 	image_blue: texRes = 128.0
6.8203 	EXP 	image_green: texRes = 128.0
6.8203 	EXP 	image_black: texRes = 128.0
6.8203 	EXP 	image_red: texRes = 128.0
6.8203 	EXP 	image_blue: texRes = 128.0
6.8251 	EXP 	image_green: texRes = 128.0
6.8251 	EXP 	image_black: texRes = 128.0
6.8251 	EXP 	image_red: texRes = 128.0
6.8251 	EXP 	image_blue: texRes = 128.0
6.8297 	EXP 	image_green: texRes = 128.0
6.8297 	EXP 	image_black: texRes = 128.0
6.8297 	EXP 	image_red: texRes = 128.0
6.8297 	EXP 	image_blue: texRes = 128.0
6.8345 	EXP 	image_green: texRes = 128.0
6.8345 	EXP 	image_black: texRes = 128.0
6.8345 	EXP 	image_red: texRes = 128.0
6.8345 	EXP 	image_blue: texRes = 128.0
6.8399 	EXP 	image_green: texRes = 128.0
6.8399 	EXP 	image_black: texRes = 128.0
6.8399 	EXP 	image_red: texRes = 128.0
6.8399 	EXP 	image_blue: texRes = 128.0
6.8446 	EXP 	image_green: texRes = 128.0
6.8446 	EXP 	image_black: texRes = 128.0
6.8446 	EXP 	image_red: texRes = 128.0
6.8446 	EXP 	image_blue: texRes = 128.0
6.8493 	EXP 	image_green: texRes = 128.0
6.8493 	EXP 	image_black: texRes = 128.0
6.8493 	EXP 	image_red: texRes = 128.0
6.8493 	EXP 	image_blue: texRes = 128.0
6.8544 	EXP 	image_green: texRes = 128.0
6.8544 	EXP 	image_black: texRes = 128.0
6.8544 	EXP 	image_red: texRes = 128.0
6.8544 	EXP 	image_blue: texRes = 128.0
6.8591 	EXP 	image_green: texRes = 128.0
6.8591 	EXP 	image_black: texRes = 128.0
6.8591 	EXP 	image_red: texRes = 128.0
6.8591 	EXP 	image_blue: texRes = 128.0
6.8639 	EXP 	image_green: texRes = 128.0
6.8639 	EXP 	image_black: texRes = 128.0
6.8639 	EXP 	image_red: texRes = 128.0
6.8639 	EXP 	image_blue: texRes = 128.0
6.8687 	EXP 	image_green: texRes = 128.0
6.8687 	EXP 	image_black: texRes = 128.0
6.8687 	EXP 	image_red: texRes = 128.0
6.8687 	EXP 	image_blue: texRes = 128.0
6.8739 	EXP 	image_green: texRes = 128.0
6.8739 	EXP 	image_black: texRes = 128.0
6.8739 	EXP 	image_red: texRes = 128.0
6.8739 	EXP 	image_blue: texRes = 128.0
6.8788 	EXP 	image_green: texRes = 128.0
6.8788 	EXP 	image_black: texRes = 128.0
6.8788 	EXP 	image_red: texRes = 128.0
6.8788 	EXP 	image_blue: texRes = 128.0
6.8848 	EXP 	image_green: texRes = 128.0
6.8848 	EXP 	image_black: texRes = 128.0
6.8848 	EXP 	image_red: texRes = 128.0
6.8848 	EXP 	image_blue: texRes = 128.0
6.8900 	EXP 	image_green: texRes = 128.0
6.8900 	EXP 	image_black: texRes = 128.0
6.8900 	EXP 	image_red: texRes = 128.0
6.8900 	EXP 	image_blue: texRes = 128.0
6.8948 	EXP 	image_green: texRes = 128.0
6.8948 	EXP 	image_black: texRes = 128.0
6.8948 	EXP 	image_red: texRes = 128.0
6.8948 	EXP 	image_blue: texRes = 128.0
6.8996 	EXP 	image_green: texRes = 128.0
6.8996 	EXP 	image_black: texRes = 128.0
6.8996 	EXP 	image_red: texRes = 128.0
6.8996 	EXP 	image_blue: texRes = 128.0
6.9050 	EXP 	image_green: texRes = 128.0
6.9050 	EXP 	image_black: texRes = 128.0
6.9050 	EXP 	image_red: texRes = 128.0
6.9050 	EXP 	image_blue: texRes = 128.0
6.9098 	EXP 	image_green: texRes = 128.0
6.9098 	EXP 	image_black: texRes = 128.0
6.9098 	EXP 	image_red: texRes = 128.0
6.9098 	EXP 	image_blue: texRes = 128.0
6.9149 	EXP 	image_green: texRes = 128.0
6.9149 	EXP 	image_black: texRes = 128.0
6.9149 	EXP 	image_red: texRes = 128.0
6.9149 	EXP 	image_blue: texRes = 128.0
6.9197 	EXP 	image_green: texRes = 128.0
6.9197 	EXP 	image_black: texRes = 128.0
6.9197 	EXP 	image_red: texRes = 128.0
6.9197 	EXP 	image_blue: texRes = 128.0
6.9246 	EXP 	image_green: texRes = 128.0
6.9246 	EXP 	image_black: texRes = 128.0
6.9246 	EXP 	image_red: texRes = 128.0
6.9246 	EXP 	image_blue: texRes = 128.0
6.9294 	EXP 	image_green: texRes = 128.0
6.9294 	EXP 	image_black: texRes = 128.0
6.9294 	EXP 	image_red: texRes = 128.0
6.9294 	EXP 	image_blue: texRes = 128.0
6.9350 	EXP 	image_green: texRes = 128.0
6.9350 	EXP 	image_black: texRes = 128.0
6.9350 	EXP 	image_red: texRes = 128.0
6.9350 	EXP 	image_blue: texRes = 128.0
6.9410 	EXP 	image_green: texRes = 128.0
6.9410 	EXP 	image_black: texRes = 128.0
6.9410 	EXP 	image_red: texRes = 128.0
6.9410 	EXP 	image_blue: texRes = 128.0
6.9458 	EXP 	image_green: texRes = 128.0
6.9458 	EXP 	image_black: texRes = 128.0
6.9458 	EXP 	image_red: texRes = 128.0
6.9458 	EXP 	image_blue: texRes = 128.0
6.9506 	EXP 	image_green: texRes = 128.0
6.9506 	EXP 	image_black: texRes = 128.0
6.9506 	EXP 	image_red: texRes = 128.0
6.9506 	EXP 	image_blue: texRes = 128.0
6.9558 	EXP 	image_green: texRes = 128.0
6.9558 	EXP 	image_black: texRes = 128.0
6.9558 	EXP 	image_red: texRes = 128.0
6.9558 	EXP 	image_blue: texRes = 128.0
6.9606 	EXP 	image_green: texRes = 128.0
6.9606 	EXP 	image_black: texRes = 128.0
6.9606 	EXP 	image_red: texRes = 128.0
6.9606 	EXP 	image_blue: texRes = 128.0
6.9656 	EXP 	image_green: texRes = 128.0
6.9656 	EXP 	image_black: texRes = 128.0
6.9656 	EXP 	image_red: texRes = 128.0
6.9656 	EXP 	image_blue: texRes = 128.0
6.9704 	EXP 	image_green: texRes = 128.0
6.9704 	EXP 	image_black: texRes = 128.0
6.9704 	EXP 	image_red: texRes = 128.0
6.9704 	EXP 	image_blue: texRes = 128.0
6.9753 	EXP 	image_green: texRes = 128.0
6.9753 	EXP 	image_black: texRes = 128.0
6.9753 	EXP 	image_red: texRes = 128.0
6.9753 	EXP 	image_blue: texRes = 128.0
6.9810 	EXP 	image_green: texRes = 128.0
6.9810 	EXP 	image_black: texRes = 128.0
6.9810 	EXP 	image_red: texRes = 128.0
6.9810 	EXP 	image_blue: texRes = 128.0
6.9865 	EXP 	image_green: texRes = 128.0
6.9865 	EXP 	image_black: texRes = 128.0
6.9865 	EXP 	image_red: texRes = 128.0
6.9865 	EXP 	image_blue: texRes = 128.0
6.9917 	EXP 	image_green: texRes = 128.0
6.9917 	EXP 	image_black: texRes = 128.0
6.9917 	EXP 	image_red: texRes = 128.0
6.9917 	EXP 	image_blue: texRes = 128.0
6.9965 	EXP 	image_green: texRes = 128.0
6.9965 	EXP 	image_black: texRes = 128.0
6.9965 	EXP 	image_red: texRes = 128.0
6.9965 	EXP 	image_blue: texRes = 128.0
7.0014 	EXP 	image_green: texRes = 128.0
7.0014 	EXP 	image_black: texRes = 128.0
7.0014 	EXP 	image_red: texRes = 128.0
7.0014 	EXP 	image_blue: texRes = 128.0
7.0063 	EXP 	image_green: texRes = 128.0
7.0063 	EXP 	image_black: texRes = 128.0
7.0063 	EXP 	image_red: texRes = 128.0
7.0063 	EXP 	image_blue: texRes = 128.0
7.0111 	EXP 	image_green: texRes = 128.0
7.0111 	EXP 	image_black: texRes = 128.0
7.0111 	EXP 	image_red: texRes = 128.0
7.0111 	EXP 	image_blue: texRes = 128.0
7.0160 	EXP 	image_green: texRes = 128.0
7.0160 	EXP 	image_black: texRes = 128.0
7.0160 	EXP 	image_red: texRes = 128.0
7.0160 	EXP 	image_blue: texRes = 128.0
7.0209 	EXP 	image_green: texRes = 128.0
7.0209 	EXP 	image_black: texRes = 128.0
7.0209 	EXP 	image_red: texRes = 128.0
7.0209 	EXP 	image_blue: texRes = 128.0
7.0256 	EXP 	image_green: texRes = 128.0
7.0256 	EXP 	image_black: texRes = 128.0
7.0256 	EXP 	image_red: texRes = 128.0
7.0256 	EXP 	image_blue: texRes = 128.0
7.0311 	EXP 	image_green: texRes = 128.0
7.0311 	EXP 	image_black: texRes = 128.0
7.0311 	EXP 	image_red: texRes = 128.0
7.0311 	EXP 	image_blue: texRes = 128.0
7.0359 	EXP 	image_green: texRes = 128.0
7.0359 	EXP 	image_black: texRes = 128.0
7.0359 	EXP 	image_red: texRes = 128.0
7.0359 	EXP 	image_blue: texRes = 128.0
7.0406 	EXP 	image_green: texRes = 128.0
7.0406 	EXP 	image_black: texRes = 128.0
7.0406 	EXP 	image_red: texRes = 128.0
7.0406 	EXP 	image_blue: texRes = 128.0
7.0456 	EXP 	image_green: texRes = 128.0
7.0456 	EXP 	image_black: texRes = 128.0
7.0456 	EXP 	image_red: texRes = 128.0
7.0456 	EXP 	image_blue: texRes = 128.0
7.0503 	EXP 	image_green: texRes = 128.0
7.0503 	EXP 	image_black: texRes = 128.0
7.0503 	EXP 	image_red: texRes = 128.0
7.0503 	EXP 	image_blue: texRes = 128.0
7.0552 	EXP 	image_green: texRes = 128.0
7.0552 	EXP 	image_black: texRes = 128.0
7.0552 	EXP 	image_red: texRes = 128.0
7.0552 	EXP 	image_blue: texRes = 128.0
7.0598 	EXP 	image_green: texRes = 128.0
7.0598 	EXP 	image_black: texRes = 128.0
7.0598 	EXP 	image_red: texRes = 128.0
7.0598 	EXP 	image_blue: texRes = 128.0
7.0646 	EXP 	image_green: texRes = 128.0
7.0646 	EXP 	image_black: texRes = 128.0
7.0646 	EXP 	image_red: texRes = 128.0
7.0646 	EXP 	image_blue: texRes = 128.0
7.0692 	EXP 	image_green: texRes = 128.0
7.0692 	EXP 	image_black: texRes = 128.0
7.0692 	EXP 	image_red: texRes = 128.0
7.0692 	EXP 	image_blue: texRes = 128.0
7.0749 	EXP 	image_green: texRes = 128.0
7.0749 	EXP 	image_black: texRes = 128.0
7.0749 	EXP 	image_red: texRes = 128.0
7.0749 	EXP 	image_blue: texRes = 128.0
7.0801 	EXP 	image_green: texRes = 128.0
7.0801 	EXP 	image_black: texRes = 128.0
7.0801 	EXP 	image_red: texRes = 128.0
7.0801 	EXP 	image_blue: texRes = 128.0
7.0848 	EXP 	image_green: texRes = 128.0
7.0848 	EXP 	image_black: texRes = 128.0
7.0848 	EXP 	image_red: texRes = 128.0
7.0848 	EXP 	image_blue: texRes = 128.0
7.0895 	EXP 	image_green: texRes = 128.0
7.0895 	EXP 	image_black: texRes = 128.0
7.0895 	EXP 	image_red: texRes = 128.0
7.0895 	EXP 	image_blue: texRes = 128.0
7.0941 	EXP 	image_green: texRes = 128.0
7.0941 	EXP 	image_black: texRes = 128.0
7.0941 	EXP 	image_red: texRes = 128.0
7.0941 	EXP 	image_blue: texRes = 128.0
7.0987 	EXP 	image_green: texRes = 128.0
7.0987 	EXP 	image_black: texRes = 128.0
7.0987 	EXP 	image_red: texRes = 128.0
7.0987 	EXP 	image_blue: texRes = 128.0
7.1034 	EXP 	image_green: texRes = 128.0
7.1034 	EXP 	image_black: texRes = 128.0
7.1034 	EXP 	image_red: texRes = 128.0
7.1034 	EXP 	image_blue: texRes = 128.0
7.1080 	EXP 	image_green: texRes = 128.0
7.1080 	EXP 	image_black: texRes = 128.0
7.1080 	EXP 	image_red: texRes = 128.0
7.1080 	EXP 	image_blue: texRes = 128.0
7.1127 	EXP 	image_green: texRes = 128.0
7.1127 	EXP 	image_black: texRes = 128.0
7.1127 	EXP 	image_red: texRes = 128.0
7.1127 	EXP 	image_blue: texRes = 128.0
7.1196 	EXP 	image_green: texRes = 128.0
7.1196 	EXP 	image_black: texRes = 128.0
7.1196 	EXP 	image_red: texRes = 128.0
7.1196 	EXP 	image_blue: texRes = 128.0
7.1244 	EXP 	image_green: texRes = 128.0
7.1244 	EXP 	image_black: texRes = 128.0
7.1244 	EXP 	image_red: texRes = 128.0
7.1244 	EXP 	image_blue: texRes = 128.0
7.1290 	EXP 	image_green: texRes = 128.0
7.1290 	EXP 	image_black: texRes = 128.0
7.1290 	EXP 	image_red: texRes = 128.0
7.1290 	EXP 	image_blue: texRes = 128.0
7.1337 	EXP 	image_green: texRes = 128.0
7.1337 	EXP 	image_black: texRes = 128.0
7.1337 	EXP 	image_red: texRes = 128.0
7.1337 	EXP 	image_blue: texRes = 128.0
7.1383 	EXP 	image_green: texRes = 128.0
7.1383 	EXP 	image_black: texRes = 128.0
7.1383 	EXP 	image_red: texRes = 128.0
7.1383 	EXP 	image_blue: texRes = 128.0
7.1430 	EXP 	image_green: texRes = 128.0
7.1430 	EXP 	image_black: texRes = 128.0
7.1430 	EXP 	image_red: texRes = 128.0
7.1430 	EXP 	image_blue: texRes = 128.0
7.1477 	EXP 	image_green: texRes = 128.0
7.1477 	EXP 	image_black: texRes = 128.0
7.1477 	EXP 	image_red: texRes = 128.0
7.1477 	EXP 	image_blue: texRes = 128.0
7.1530 	EXP 	image_green: texRes = 128.0
7.1530 	EXP 	image_black: texRes = 128.0
7.1530 	EXP 	image_red: texRes = 128.0
7.1530 	EXP 	image_blue: texRes = 128.0
7.1580 	EXP 	image_green: texRes = 128.0
7.1580 	EXP 	image_black: texRes = 128.0
7.1580 	EXP 	image_red: texRes = 128.0
7.1580 	EXP 	image_blue: texRes = 128.0
7.1626 	EXP 	image_green: texRes = 128.0
7.1626 	EXP 	image_black: texRes = 128.0
7.1626 	EXP 	image_red: texRes = 128.0
7.1626 	EXP 	image_blue: texRes = 128.0
7.1675 	EXP 	image_green: texRes = 128.0
7.1675 	EXP 	image_black: texRes = 128.0
7.1675 	EXP 	image_red: texRes = 128.0
7.1675 	EXP 	image_blue: texRes = 128.0
7.1721 	EXP 	image_green: texRes = 128.0
7.1721 	EXP 	image_black: texRes = 128.0
7.1721 	EXP 	image_red: texRes = 128.0
7.1721 	EXP 	image_blue: texRes = 128.0
7.1768 	EXP 	image_green: texRes = 128.0
7.1768 	EXP 	image_black: texRes = 128.0
7.1768 	EXP 	image_red: texRes = 128.0
7.1768 	EXP 	image_blue: texRes = 128.0
7.1832 	EXP 	image_green: texRes = 128.0
7.1832 	EXP 	image_black: texRes = 128.0
7.1832 	EXP 	image_red: texRes = 128.0
7.1832 	EXP 	image_blue: texRes = 128.0
7.1884 	EXP 	image_green: texRes = 128.0
7.1884 	EXP 	image_black: texRes = 128.0
7.1884 	EXP 	image_red: texRes = 128.0
7.1884 	EXP 	image_blue: texRes = 128.0
7.1931 	EXP 	image_green: texRes = 128.0
7.1931 	EXP 	image_black: texRes = 128.0
7.1931 	EXP 	image_red: texRes = 128.0
7.1931 	EXP 	image_blue: texRes = 128.0
7.1958 	DATA 	Mouse: Left button down, pos=(1164,317)
7.2046 	EXP 	image_green: texRes = 128.0
7.2046 	EXP 	image_black: texRes = 128.0
7.2046 	EXP 	image_red: texRes = 128.0
7.2046 	EXP 	image_blue: texRes = 128.0
7.2046 	EXP 	shown_image: autoDraw = False
7.2046 	EXP 	image_black: autoDraw = False
7.2046 	EXP 	image_green: autoDraw = False
7.2046 	EXP 	image_red: autoDraw = False
7.2046 	EXP 	image_blue: autoDraw = False
7.2046 	EXP 	text: autoDraw = False
7.2046 	EXP 	answer: foreColor = <psychopy.colors.Color: red, alpha=1.0>
7.2046 	EXP 	answer: height = 0.03
7.2046 	EXP 	answer: height = 0.03
7.2046 	EXP 	answer: height = 0.03
7.2046 	EXP 	answer: text = 'Wrong Answer'
7.2046 	EXP 	answer: autoDraw = True
7.3200 	DATA 	Mouse:  Left button up, pos=(1164,315)
8.2011 	EXP 	New trial (rep=1, index=0): None
8.2128 	EXP 	answer: autoDraw = False
8.2128 	EXP 	shown_image: image = 'blue.png'
8.2128 	EXP 	text: height = 0.05
8.2128 	EXP 	text: height = 0.05
8.2128 	EXP 	text: height = 0.05
8.2128 	EXP 	text: text = 'Number Of Loop: 1'
8.2128 	EXP 	image_green: texRes = 128.0
8.2128 	EXP 	image_black: texRes = 128.0
8.2128 	EXP 	image_red: texRes = 128.0
8.2128 	EXP 	image_blue: texRes = 128.0
8.2128 	EXP 	shown_image: autoDraw = True
8.2128 	EXP 	image_black: autoDraw = True
8.2128 	EXP 	image_green: autoDraw = True
8.2128 	EXP 	image_red: autoDraw = True
8.2128 	EXP 	image_blue: autoDraw = True
8.2128 	EXP 	text: autoDraw = True
8.2194 	EXP 	image_green: texRes = 128.0
8.2194 	EXP 	image_black: texRes = 128.0
8.2194 	EXP 	image_red: texRes = 128.0
8.2194 	EXP 	image_blue: texRes = 128.0
8.2244 	EXP 	image_green: texRes = 128.0
8.2244 	EXP 	image_black: texRes = 128.0
8.2244 	EXP 	image_red: texRes = 128.0
8.2244 	EXP 	image_blue: texRes = 128.0
8.2294 	EXP 	image_green: texRes = 128.0
8.2294 	EXP 	image_black: texRes = 128.0
8.2294 	EXP 	image_red: texRes = 128.0
8.2294 	EXP 	image_blue: texRes = 128.0
8.2343 	EXP 	image_green: texRes = 128.0
8.2343 	EXP 	image_black: texRes = 128.0
8.2343 	EXP 	image_red: texRes = 128.0
8.2343 	EXP 	image_blue: texRes = 128.0
8.2392 	EXP 	image_green: texRes = 128.0
8.2392 	EXP 	image_black: texRes = 128.0
8.2392 	EXP 	image_red: texRes = 128.0
8.2392 	EXP 	image_blue: texRes = 128.0
8.2447 	EXP 	image_green: texRes = 128.0
8.2447 	EXP 	image_black: texRes = 128.0
8.2447 	EXP 	image_red: texRes = 128.0
8.2447 	EXP 	image_blue: texRes = 128.0
8.2499 	EXP 	image_green: texRes = 128.0
8.2499 	EXP 	image_black: texRes = 128.0
8.2499 	EXP 	image_red: texRes = 128.0
8.2499 	EXP 	image_blue: texRes = 128.0
8.2546 	EXP 	image_green: texRes = 128.0
8.2546 	EXP 	image_black: texRes = 128.0
8.2546 	EXP 	image_red: texRes = 128.0
8.2546 	EXP 	image_blue: texRes = 128.0
8.2598 	EXP 	image_green: texRes = 128.0
8.2598 	EXP 	image_black: texRes = 128.0
8.2598 	EXP 	image_red: texRes = 128.0
8.2598 	EXP 	image_blue: texRes = 128.0
8.2644 	EXP 	image_green: texRes = 128.0
8.2644 	EXP 	image_black: texRes = 128.0
8.2644 	EXP 	image_red: texRes = 128.0
8.2644 	EXP 	image_blue: texRes = 128.0
8.2691 	EXP 	image_green: texRes = 128.0
8.2691 	EXP 	image_black: texRes = 128.0
8.2691 	EXP 	image_red: texRes = 128.0
8.2691 	EXP 	image_blue: texRes = 128.0
8.2751 	EXP 	image_green: texRes = 128.0
8.2751 	EXP 	image_black: texRes = 128.0
8.2751 	EXP 	image_red: texRes = 128.0
8.2751 	EXP 	image_blue: texRes = 128.0
8.2805 	EXP 	image_green: texRes = 128.0
8.2805 	EXP 	image_black: texRes = 128.0
8.2805 	EXP 	image_red: texRes = 128.0
8.2805 	EXP 	image_blue: texRes = 128.0
8.2852 	EXP 	image_green: texRes = 128.0
8.2852 	EXP 	image_black: texRes = 128.0
8.2852 	EXP 	image_red: texRes = 128.0
8.2852 	EXP 	image_blue: texRes = 128.0
8.2905 	EXP 	image_green: texRes = 128.0
8.2905 	EXP 	image_black: texRes = 128.0
8.2905 	EXP 	image_red: texRes = 128.0
8.2905 	EXP 	image_blue: texRes = 128.0
8.2962 	EXP 	image_green: texRes = 128.0
8.2962 	EXP 	image_black: texRes = 128.0
8.2962 	EXP 	image_red: texRes = 128.0
8.2962 	EXP 	image_blue: texRes = 128.0
8.3009 	EXP 	image_green: texRes = 128.0
8.3009 	EXP 	image_black: texRes = 128.0
8.3009 	EXP 	image_red: texRes = 128.0
8.3009 	EXP 	image_blue: texRes = 128.0
8.3070 	EXP 	image_green: texRes = 128.0
8.3070 	EXP 	image_black: texRes = 128.0
8.3070 	EXP 	image_red: texRes = 128.0
8.3070 	EXP 	image_blue: texRes = 128.0
8.3127 	EXP 	image_green: texRes = 128.0
8.3127 	EXP 	image_black: texRes = 128.0
8.3127 	EXP 	image_red: texRes = 128.0
8.3127 	EXP 	image_blue: texRes = 128.0
8.3176 	EXP 	image_green: texRes = 128.0
8.3176 	EXP 	image_black: texRes = 128.0
8.3176 	EXP 	image_red: texRes = 128.0
8.3176 	EXP 	image_blue: texRes = 128.0
8.3226 	EXP 	image_green: texRes = 128.0
8.3226 	EXP 	image_black: texRes = 128.0
8.3226 	EXP 	image_red: texRes = 128.0
8.3226 	EXP 	image_blue: texRes = 128.0
8.3278 	EXP 	image_green: texRes = 128.0
8.3278 	EXP 	image_black: texRes = 128.0
8.3278 	EXP 	image_red: texRes = 128.0
8.3278 	EXP 	image_blue: texRes = 128.0
8.3327 	EXP 	image_green: texRes = 128.0
8.3327 	EXP 	image_black: texRes = 128.0
8.3327 	EXP 	image_red: texRes = 128.0
8.3327 	EXP 	image_blue: texRes = 128.0
8.3388 	EXP 	image_green: texRes = 128.0
8.3388 	EXP 	image_black: texRes = 128.0
8.3388 	EXP 	image_red: texRes = 128.0
8.3388 	EXP 	image_blue: texRes = 128.0
8.3448 	EXP 	image_green: texRes = 128.0
8.3448 	EXP 	image_black: texRes = 128.0
8.3448 	EXP 	image_red: texRes = 128.0
8.3448 	EXP 	image_blue: texRes = 128.0
8.3497 	EXP 	image_green: texRes = 128.0
8.3497 	EXP 	image_black: texRes = 128.0
8.3497 	EXP 	image_red: texRes = 128.0
8.3497 	EXP 	image_blue: texRes = 128.0
8.3547 	EXP 	image_green: texRes = 128.0
8.3547 	EXP 	image_black: texRes = 128.0
8.3547 	EXP 	image_red: texRes = 128.0
8.3547 	EXP 	image_blue: texRes = 128.0
8.3602 	EXP 	image_green: texRes = 128.0
8.3602 	EXP 	image_black: texRes = 128.0
8.3602 	EXP 	image_red: texRes = 128.0
8.3602 	EXP 	image_blue: texRes = 128.0
8.3653 	EXP 	image_green: texRes = 128.0
8.3653 	EXP 	image_black: texRes = 128.0
8.3653 	EXP 	image_red: texRes = 128.0
8.3653 	EXP 	image_blue: texRes = 128.0
8.3708 	EXP 	image_green: texRes = 128.0
8.3708 	EXP 	image_black: texRes = 128.0
8.3708 	EXP 	image_red: texRes = 128.0
8.3708 	EXP 	image_blue: texRes = 128.0
8.3763 	EXP 	image_green: texRes = 128.0
8.3763 	EXP 	image_black: texRes = 128.0
8.3763 	EXP 	image_red: texRes = 128.0
8.3763 	EXP 	image_blue: texRes = 128.0
8.3812 	EXP 	image_green: texRes = 128.0
8.3812 	EXP 	image_black: texRes = 128.0
8.3812 	EXP 	image_red: texRes = 128.0
8.3812 	EXP 	image_blue: texRes = 128.0
8.3861 	EXP 	image_green: texRes = 128.0
8.3861 	EXP 	image_black: texRes = 128.0
8.3861 	EXP 	image_red: texRes = 128.0
8.3861 	EXP 	image_blue: texRes = 128.0
8.3910 	EXP 	image_green: texRes = 128.0
8.3910 	EXP 	image_black: texRes = 128.0
8.3910 	EXP 	image_red: texRes = 128.0
8.3910 	EXP 	image_blue: texRes = 128.0
8.3958 	EXP 	image_green: texRes = 128.0
8.3958 	EXP 	image_black: texRes = 128.0
8.3958 	EXP 	image_red: texRes = 128.0
8.3958 	EXP 	image_blue: texRes = 128.0
8.4012 	EXP 	image_green: texRes = 128.0
8.4012 	EXP 	image_black: texRes = 128.0
8.4012 	EXP 	image_red: texRes = 128.0
8.4012 	EXP 	image_blue: texRes = 128.0
8.4071 	EXP 	image_green: texRes = 128.0
8.4071 	EXP 	image_black: texRes = 128.0
8.4071 	EXP 	image_red: texRes = 128.0
8.4071 	EXP 	image_blue: texRes = 128.0
8.4122 	EXP 	image_green: texRes = 128.0
8.4122 	EXP 	image_black: texRes = 128.0
8.4122 	EXP 	image_red: texRes = 128.0
8.4122 	EXP 	image_blue: texRes = 128.0
8.4171 	EXP 	image_green: texRes = 128.0
8.4171 	EXP 	image_black: texRes = 128.0
8.4171 	EXP 	image_red: texRes = 128.0
8.4171 	EXP 	image_blue: texRes = 128.0
8.4221 	EXP 	image_green: texRes = 128.0
8.4221 	EXP 	image_black: texRes = 128.0
8.4221 	EXP 	image_red: texRes = 128.0
8.4221 	EXP 	image_blue: texRes = 128.0
8.4273 	EXP 	image_green: texRes = 128.0
8.4273 	EXP 	image_black: texRes = 128.0
8.4273 	EXP 	image_red: texRes = 128.0
8.4273 	EXP 	image_blue: texRes = 128.0
8.4299 	DATA 	Keypress: escape
8.4330 	EXP 	image_green: texRes = 128.0
8.4330 	EXP 	image_black: texRes = 128.0
8.4330 	EXP 	image_red: texRes = 128.0
8.4330 	EXP 	image_blue: texRes = 128.0
8.4383 	EXP 	image_green: texRes = 128.0
8.4383 	EXP 	image_black: texRes = 128.0
8.4383 	EXP 	image_red: texRes = 128.0
8.4383 	EXP 	image_blue: texRes = 128.0
8.4434 	EXP 	image_green: texRes = 128.0
8.4434 	EXP 	image_black: texRes = 128.0
8.4434 	EXP 	image_red: texRes = 128.0
8.4434 	EXP 	image_blue: texRes = 128.0
8.4486 	EXP 	image_green: texRes = 128.0
8.4486 	EXP 	image_black: texRes = 128.0
8.4486 	EXP 	image_red: texRes = 128.0
8.4486 	EXP 	image_blue: texRes = 128.0
8.4534 	EXP 	image_green: texRes = 128.0
8.4534 	EXP 	image_black: texRes = 128.0
8.4534 	EXP 	image_red: texRes = 128.0
8.4534 	EXP 	image_blue: texRes = 128.0
8.4586 	EXP 	image_green: texRes = 128.0
8.4586 	EXP 	image_black: texRes = 128.0
8.4586 	EXP 	image_red: texRes = 128.0
8.4586 	EXP 	image_blue: texRes = 128.0
8.4634 	EXP 	image_green: texRes = 128.0
8.4634 	EXP 	image_black: texRes = 128.0
8.4634 	EXP 	image_red: texRes = 128.0
8.4634 	EXP 	image_blue: texRes = 128.0
8.4681 	EXP 	image_green: texRes = 128.0
8.4681 	EXP 	image_black: texRes = 128.0
8.4681 	EXP 	image_red: texRes = 128.0
8.4681 	EXP 	image_blue: texRes = 128.0
8.4733 	EXP 	image_green: texRes = 128.0
8.4733 	EXP 	image_black: texRes = 128.0
8.4733 	EXP 	image_red: texRes = 128.0
8.4733 	EXP 	image_blue: texRes = 128.0
8.4791 	EXP 	image_green: texRes = 128.0
8.4791 	EXP 	image_black: texRes = 128.0
8.4791 	EXP 	image_red: texRes = 128.0
8.4791 	EXP 	image_blue: texRes = 128.0
8.4847 	EXP 	image_green: texRes = 128.0
8.4847 	EXP 	image_black: texRes = 128.0
8.4847 	EXP 	image_red: texRes = 128.0
8.4847 	EXP 	image_blue: texRes = 128.0
8.4902 	EXP 	image_green: texRes = 128.0
8.4902 	EXP 	image_black: texRes = 128.0
8.4902 	EXP 	image_red: texRes = 128.0
8.4902 	EXP 	image_blue: texRes = 128.0
8.4951 	EXP 	image_green: texRes = 128.0
8.4951 	EXP 	image_black: texRes = 128.0
8.4951 	EXP 	image_red: texRes = 128.0
8.4951 	EXP 	image_blue: texRes = 128.0
8.5000 	EXP 	image_green: texRes = 128.0
8.5000 	EXP 	image_black: texRes = 128.0
8.5000 	EXP 	image_red: texRes = 128.0
8.5000 	EXP 	image_blue: texRes = 128.0
8.5048 	EXP 	image_green: texRes = 128.0
8.5048 	EXP 	image_black: texRes = 128.0
8.5048 	EXP 	image_red: texRes = 128.0
8.5048 	EXP 	image_blue: texRes = 128.0
8.5099 	EXP 	image_green: texRes = 128.0
8.5099 	EXP 	image_black: texRes = 128.0
8.5099 	EXP 	image_red: texRes = 128.0
8.5099 	EXP 	image_blue: texRes = 128.0
8.5147 	EXP 	image_green: texRes = 128.0
8.5147 	EXP 	image_black: texRes = 128.0
8.5147 	EXP 	image_red: texRes = 128.0
8.5147 	EXP 	image_blue: texRes = 128.0
8.5195 	EXP 	image_green: texRes = 128.0
8.5195 	EXP 	image_black: texRes = 128.0
8.5195 	EXP 	image_red: texRes = 128.0
8.5195 	EXP 	image_blue: texRes = 128.0
9.0914 	EXP 	window1: mouseVisible = True
