4.5757 	WARNING 	User requested fullscreen with size [1024  768], but screen is actually [1920, 1080]. Using actual size
4.8649 	EXP 	Created window1 = Window(allowGUI=True, allowStencil=False, autoLog=True, backendConf=UNKNOWN, backgroundFit=<method-wrapper '__getattribute__' of attributeSetter object at 0x0000023717A8B460>, backgroundImage=<method-wrapper '__getattribute__' of attributeSetter object at 0x0000023717A8B400>, bitsMode=UNKNOWN, blendMode='avg', bpc=(8, 8, 8), color=array([0, 0, 0]), colorSpace='rgb', depthBits=8, fullscr=<method-wrapper '__getattribute__' of attributeSetter object at 0x0000023717A8B280>, gamma=None, gammaErrorPolicy='raise', lms=UNKNOWN, monitor=<psychopy.monitors.calibTools.Monitor object at 0x000002371D5DAD00>, multiSample=False, name='window1', numSamples=2, pos=(0, 0), screen=0, size=array([1920, 1080]), stencilBits=0, stereo=False, units='height', useFBO=True, useRetina=False, viewOri=0.0, viewPos=None, viewScale=None, waitBlanking=True, winType='pyglet')
4.8650 	EXP 	window1: mouseVisible = True
4.8650 	EXP 	window1: backgroundImage = ''
4.8650 	EXP 	window1: backgroundFit = 'none'
4.8651 	EXP 	window1: mouseVisible = False
4.8651 	EXP 	window1: Attempting to measure frame rate of screen (0) ...
4.8651 	EXP 	window1: recordFrameIntervals = False
4.9063 	EXP 	window1: recordFrameIntervals = True
4.9523 	EXP 	Screen (0) actual frame rate measured at 239.39Hz
4.9523 	EXP 	window1: recordFrameIntervals = False
6.5687 	EXP 	Created shown_image = ImageStim(__class__=<class 'psychopy.visual.image.ImageStim'>, anchor=('center', 'center'), autoLog=True, color=array([1., 1., 1.]), colorSpace='rgb', contrast=1.0, depth=-1.0, flipHoriz=False, flipVert=False, image='default.png', interpolate=True, mask=None, maskParams=None, name='shown_image', opacity=1.0, ori=0.0, pos=array([0., 0.]), size=array([100., 100.]), texRes=128.0, units='pix', win=Window(...))
6.5762 	EXP 	Created image_black = ImageStim(__class__=<class 'psychopy.visual.image.ImageStim'>, anchor=('center', 'center'), autoLog=True, color=array([1., 1., 1.]), colorSpace='rgb', contrast=1.0, depth=-2.0, flipHoriz=False, flipVert=False, image='black.png', interpolate=True, mask=None, maskParams=None, name='image_black', opacity=1.0, ori=0.0, pos=array([ 600., -250.]), size=array([100., 100.]), texRes=128.0, units='pix', win=Window(...))
6.5830 	EXP 	Created image_green = ImageStim(__class__=<class 'psychopy.visual.image.ImageStim'>, anchor=('center', 'center'), autoLog=True, color=array([1., 1., 1.]), colorSpace='rgb', contrast=1.0, depth=-3.0, flipHoriz=False, flipVert=False, image='green.png', interpolate=True, mask=None, maskParams=None, name='image_green', opacity=1.0, ori=0.0, pos=array([ 200., -250.]), size=array([100., 100.]), texRes=128.0, units='pix', win=Window(...))
6.5897 	EXP 	Created image_red = ImageStim(__class__=<class 'psychopy.visual.image.ImageStim'>, anchor=('center', 'center'), autoLog=True, color=array([1., 1., 1.]), colorSpace='rgb', contrast=1.0, depth=-4.0, flipHoriz=False, flipVert=False, image='red.png', interpolate=True, mask=None, maskParams=None, name='image_red', opacity=1.0, ori=0.0, pos=array([-200., -250.]), size=array([100., 100.]), texRes=128.0, units='pix', win=Window(...))
6.5971 	EXP 	Created image_blue = ImageStim(__class__=<class 'psychopy.visual.image.ImageStim'>, anchor=('center', 'center'), autoLog=True, color=array([1., 1., 1.]), colorSpace='rgb', contrast=1.0, depth=-5.0, flipHoriz=False, flipVert=False, image='blue.png', interpolate=True, mask=None, maskParams=None, name='image_blue', opacity=1.0, ori=0.0, pos=array([-600., -250.]), size=array([100., 100.]), texRes=128.0, units='pix', win=Window(...))
6.5975 	EXP 	window1: mouseVisible = True
6.6238 	EXP 	Created text = TextStim(__class__=<class 'psychopy.visual.text.TextStim'>, alignHoriz=method-wrapper(...), alignText='center', alignVert=method-wrapper(...), anchorHoriz='center', anchorVert='center', antialias=True, autoDraw=False, autoLog=True, bold=False, color=array([1., 1., 1.]), colorSpace='rgb', contrast=1.0, depth=-7.0, flipHoriz=False, flipVert=False, font='Open Sans', fontFiles=[], height=0.05, italic=False, languageStyle='LTR', name='text', opacity=1.0, ori=0.0, pos=array([0. , 0.2]), rgb=UNKNOWN, text='', units='height', win=Window(...), wrapWidth=1)
6.6251 	EXP 	Created answer = TextStim(__class__=<class 'psychopy.visual.text.TextStim'>, alignHoriz=method-wrapper(...), alignText='center', alignVert=method-wrapper(...), anchorHoriz='center', anchorVert='center', antialias=True, autoDraw=False, autoLog=True, bold=False, color=array([1., 1., 1.]), colorSpace='rgb', contrast=1.0, depth=0.0, flipHoriz=False, flipVert=False, font='Open Sans', fontFiles=[], height=0.03, italic=False, languageStyle='LTR', name='answer', opacity=1.0, ori=0.0, pos=array([0., 0.]), rgb=UNKNOWN, text='', units='height', win=Window(...), wrapWidth=1)
6.6257 	EXP 	Created sequence: random, trialTypes=1, nReps=5, seed=None
6.6259 	EXP 	New trial (rep=0, index=0): None
6.6692 	EXP 	shown_image: image = 'green.png'
6.6692 	EXP 	text: height = 0.05
6.6692 	EXP 	text: height = 0.05
6.6692 	EXP 	text: height = 0.05
6.6692 	EXP 	text: text = 'Number Of Loop: 0'
6.6692 	EXP 	image_green: texRes = 128.0
6.6692 	EXP 	image_black: texRes = 128.0
6.6692 	EXP 	image_red: texRes = 128.0
6.6692 	EXP 	image_blue: texRes = 128.0
6.6692 	EXP 	shown_image: autoDraw = True
6.6692 	EXP 	image_black: autoDraw = True
6.6692 	EXP 	image_green: autoDraw = True
6.6692 	EXP 	image_red: autoDraw = True
6.6692 	EXP 	image_blue: autoDraw = True
6.6692 	EXP 	text: autoDraw = True
6.6748 	EXP 	image_green: texRes = 128.0
6.6748 	EXP 	image_black: texRes = 128.0
6.6748 	EXP 	image_red: texRes = 128.0
6.6748 	EXP 	image_blue: texRes = 128.0
6.6841 	EXP 	image_green: texRes = 128.0
6.6841 	EXP 	image_black: texRes = 128.0
6.6841 	EXP 	image_red: texRes = 128.0
6.6841 	EXP 	image_blue: texRes = 128.0
6.6902 	EXP 	image_green: texRes = 128.0
6.6902 	EXP 	image_black: texRes = 128.0
6.6902 	EXP 	image_red: texRes = 128.0
6.6902 	EXP 	image_blue: texRes = 128.0
6.6988 	EXP 	image_green: texRes = 128.0
6.6988 	EXP 	image_black: texRes = 128.0
6.6988 	EXP 	image_red: texRes = 128.0
6.6988 	EXP 	image_blue: texRes = 128.0
6.7053 	EXP 	image_green: texRes = 128.0
6.7053 	EXP 	image_black: texRes = 128.0
6.7053 	EXP 	image_red: texRes = 128.0
6.7053 	EXP 	image_blue: texRes = 128.0
6.7142 	EXP 	image_green: texRes = 128.0
6.7142 	EXP 	image_black: texRes = 128.0
6.7142 	EXP 	image_red: texRes = 128.0
6.7142 	EXP 	image_blue: texRes = 128.0
6.7200 	EXP 	image_green: texRes = 128.0
6.7200 	EXP 	image_black: texRes = 128.0
6.7200 	EXP 	image_red: texRes = 128.0
6.7200 	EXP 	image_blue: texRes = 128.0
6.7286 	EXP 	image_green: texRes = 128.0
6.7286 	EXP 	image_black: texRes = 128.0
6.7286 	EXP 	image_red: texRes = 128.0
6.7286 	EXP 	image_blue: texRes = 128.0
6.7347 	EXP 	image_green: texRes = 128.0
6.7347 	EXP 	image_black: texRes = 128.0
6.7347 	EXP 	image_red: texRes = 128.0
6.7347 	EXP 	image_blue: texRes = 128.0
6.7435 	EXP 	image_green: texRes = 128.0
6.7435 	EXP 	image_black: texRes = 128.0
6.7435 	EXP 	image_red: texRes = 128.0
6.7435 	EXP 	image_blue: texRes = 128.0
6.7494 	EXP 	image_green: texRes = 128.0
6.7494 	EXP 	image_black: texRes = 128.0
6.7494 	EXP 	image_red: texRes = 128.0
6.7494 	EXP 	image_blue: texRes = 128.0
6.7580 	EXP 	image_green: texRes = 128.0
6.7580 	EXP 	image_black: texRes = 128.0
6.7580 	EXP 	image_red: texRes = 128.0
6.7580 	EXP 	image_blue: texRes = 128.0
6.7635 	EXP 	image_green: texRes = 128.0
6.7635 	EXP 	image_black: texRes = 128.0
6.7635 	EXP 	image_red: texRes = 128.0
6.7635 	EXP 	image_blue: texRes = 128.0
6.7721 	EXP 	image_green: texRes = 128.0
6.7721 	EXP 	image_black: texRes = 128.0
6.7721 	EXP 	image_red: texRes = 128.0
6.7721 	EXP 	image_blue: texRes = 128.0
6.7790 	EXP 	image_green: texRes = 128.0
6.7790 	EXP 	image_black: texRes = 128.0
6.7790 	EXP 	image_red: texRes = 128.0
6.7790 	EXP 	image_blue: texRes = 128.0
6.7879 	EXP 	image_green: texRes = 128.0
6.7879 	EXP 	image_black: texRes = 128.0
6.7879 	EXP 	image_red: texRes = 128.0
6.7879 	EXP 	image_blue: texRes = 128.0
6.7937 	EXP 	image_green: texRes = 128.0
6.7937 	EXP 	image_black: texRes = 128.0
6.7937 	EXP 	image_red: texRes = 128.0
6.7937 	EXP 	image_blue: texRes = 128.0
6.8022 	EXP 	image_green: texRes = 128.0
6.8022 	EXP 	image_black: texRes = 128.0
6.8022 	EXP 	image_red: texRes = 128.0
6.8022 	EXP 	image_blue: texRes = 128.0
6.8080 	EXP 	image_green: texRes = 128.0
6.8080 	EXP 	image_black: texRes = 128.0
6.8080 	EXP 	image_red: texRes = 128.0
6.8080 	EXP 	image_blue: texRes = 128.0
6.8168 	EXP 	image_green: texRes = 128.0
6.8168 	EXP 	image_black: texRes = 128.0
6.8168 	EXP 	image_red: texRes = 128.0
6.8168 	EXP 	image_blue: texRes = 128.0
6.8226 	EXP 	image_green: texRes = 128.0
6.8226 	EXP 	image_black: texRes = 128.0
6.8226 	EXP 	image_red: texRes = 128.0
6.8226 	EXP 	image_blue: texRes = 128.0
6.8314 	EXP 	image_green: texRes = 128.0
6.8314 	EXP 	image_black: texRes = 128.0
6.8314 	EXP 	image_red: texRes = 128.0
6.8314 	EXP 	image_blue: texRes = 128.0
6.8372 	EXP 	image_green: texRes = 128.0
6.8372 	EXP 	image_black: texRes = 128.0
6.8372 	EXP 	image_red: texRes = 128.0
6.8372 	EXP 	image_blue: texRes = 128.0
6.8457 	EXP 	image_green: texRes = 128.0
6.8457 	EXP 	image_black: texRes = 128.0
6.8457 	EXP 	image_red: texRes = 128.0
6.8457 	EXP 	image_blue: texRes = 128.0
6.8514 	EXP 	image_green: texRes = 128.0
6.8514 	EXP 	image_black: texRes = 128.0
6.8514 	EXP 	image_red: texRes = 128.0
6.8514 	EXP 	image_blue: texRes = 128.0
6.8600 	EXP 	image_green: texRes = 128.0
6.8600 	EXP 	image_black: texRes = 128.0
6.8600 	EXP 	image_red: texRes = 128.0
6.8600 	EXP 	image_blue: texRes = 128.0
6.8654 	EXP 	image_green: texRes = 128.0
6.8654 	EXP 	image_black: texRes = 128.0
6.8654 	EXP 	image_red: texRes = 128.0
6.8654 	EXP 	image_blue: texRes = 128.0
6.8742 	EXP 	image_green: texRes = 128.0
6.8742 	EXP 	image_black: texRes = 128.0
6.8742 	EXP 	image_red: texRes = 128.0
6.8742 	EXP 	image_blue: texRes = 128.0
6.8802 	EXP 	image_green: texRes = 128.0
6.8802 	EXP 	image_black: texRes = 128.0
6.8802 	EXP 	image_red: texRes = 128.0
6.8802 	EXP 	image_blue: texRes = 128.0
6.8893 	EXP 	image_green: texRes = 128.0
6.8893 	EXP 	image_black: texRes = 128.0
6.8893 	EXP 	image_red: texRes = 128.0
6.8893 	EXP 	image_blue: texRes = 128.0
6.8953 	EXP 	image_green: texRes = 128.0
6.8953 	EXP 	image_black: texRes = 128.0
6.8953 	EXP 	image_red: texRes = 128.0
6.8953 	EXP 	image_blue: texRes = 128.0
6.9038 	EXP 	image_green: texRes = 128.0
6.9038 	EXP 	image_black: texRes = 128.0
6.9038 	EXP 	image_red: texRes = 128.0
6.9038 	EXP 	image_blue: texRes = 128.0
6.9096 	EXP 	image_green: texRes = 128.0
6.9096 	EXP 	image_black: texRes = 128.0
6.9096 	EXP 	image_red: texRes = 128.0
6.9096 	EXP 	image_blue: texRes = 128.0
6.9183 	EXP 	image_green: texRes = 128.0
6.9183 	EXP 	image_black: texRes = 128.0
6.9183 	EXP 	image_red: texRes = 128.0
6.9183 	EXP 	image_blue: texRes = 128.0
6.9214 	DATA 	Mouse: Left button down, pos=(741,626)
6.9247 	EXP 	image_green: texRes = 128.0
6.9247 	EXP 	image_black: texRes = 128.0
6.9247 	EXP 	image_red: texRes = 128.0
6.9247 	EXP 	image_blue: texRes = 128.0
6.9325 	EXP 	image_green: texRes = 128.0
6.9325 	EXP 	image_black: texRes = 128.0
6.9325 	EXP 	image_red: texRes = 128.0
6.9325 	EXP 	image_blue: texRes = 128.0
6.9376 	EXP 	image_green: texRes = 128.0
6.9376 	EXP 	image_black: texRes = 128.0
6.9376 	EXP 	image_red: texRes = 128.0
6.9376 	EXP 	image_blue: texRes = 128.0
6.9456 	EXP 	image_green: texRes = 128.0
6.9456 	EXP 	image_black: texRes = 128.0
6.9456 	EXP 	image_red: texRes = 128.0
6.9456 	EXP 	image_blue: texRes = 128.0
6.9506 	EXP 	image_green: texRes = 128.0
6.9506 	EXP 	image_black: texRes = 128.0
6.9506 	EXP 	image_red: texRes = 128.0
6.9506 	EXP 	image_blue: texRes = 128.0
6.9585 	EXP 	image_green: texRes = 128.0
6.9585 	EXP 	image_black: texRes = 128.0
6.9585 	EXP 	image_red: texRes = 128.0
6.9585 	EXP 	image_blue: texRes = 128.0
6.9632 	EXP 	image_green: texRes = 128.0
6.9632 	EXP 	image_black: texRes = 128.0
6.9632 	EXP 	image_red: texRes = 128.0
6.9632 	EXP 	image_blue: texRes = 128.0
6.9720 	EXP 	image_green: texRes = 128.0
6.9720 	EXP 	image_black: texRes = 128.0
6.9720 	EXP 	image_red: texRes = 128.0
6.9720 	EXP 	image_blue: texRes = 128.0
6.9772 	EXP 	image_green: texRes = 128.0
6.9772 	EXP 	image_black: texRes = 128.0
6.9772 	EXP 	image_red: texRes = 128.0
6.9772 	EXP 	image_blue: texRes = 128.0
6.9851 	EXP 	image_green: texRes = 128.0
6.9851 	EXP 	image_black: texRes = 128.0
6.9851 	EXP 	image_red: texRes = 128.0
6.9851 	EXP 	image_blue: texRes = 128.0
6.9902 	EXP 	image_green: texRes = 128.0
6.9902 	EXP 	image_black: texRes = 128.0
6.9902 	EXP 	image_red: texRes = 128.0
6.9902 	EXP 	image_blue: texRes = 128.0
6.9978 	EXP 	image_green: texRes = 128.0
6.9978 	EXP 	image_black: texRes = 128.0
6.9978 	EXP 	image_red: texRes = 128.0
6.9978 	EXP 	image_blue: texRes = 128.0
7.0028 	EXP 	image_green: texRes = 128.0
7.0028 	EXP 	image_black: texRes = 128.0
7.0028 	EXP 	image_red: texRes = 128.0
7.0028 	EXP 	image_blue: texRes = 128.0
7.0108 	EXP 	image_green: texRes = 128.0
7.0108 	EXP 	image_black: texRes = 128.0
7.0108 	EXP 	image_red: texRes = 128.0
7.0108 	EXP 	image_blue: texRes = 128.0
7.0163 	EXP 	image_green: texRes = 128.0
7.0163 	EXP 	image_black: texRes = 128.0
7.0163 	EXP 	image_red: texRes = 128.0
7.0163 	EXP 	image_blue: texRes = 128.0
7.0188 	DATA 	Mouse:  Left button up, pos=(741,626)
7.0244 	EXP 	image_green: texRes = 128.0
7.0244 	EXP 	image_black: texRes = 128.0
7.0244 	EXP 	image_red: texRes = 128.0
7.0244 	EXP 	image_blue: texRes = 128.0
7.0293 	EXP 	image_green: texRes = 128.0
7.0293 	EXP 	image_black: texRes = 128.0
7.0293 	EXP 	image_red: texRes = 128.0
7.0293 	EXP 	image_blue: texRes = 128.0
7.0374 	EXP 	image_green: texRes = 128.0
7.0374 	EXP 	image_black: texRes = 128.0
7.0374 	EXP 	image_red: texRes = 128.0
7.0374 	EXP 	image_blue: texRes = 128.0
7.0424 	EXP 	image_green: texRes = 128.0
7.0424 	EXP 	image_black: texRes = 128.0
7.0424 	EXP 	image_red: texRes = 128.0
7.0424 	EXP 	image_blue: texRes = 128.0
7.0504 	EXP 	image_green: texRes = 128.0
7.0504 	EXP 	image_black: texRes = 128.0
7.0504 	EXP 	image_red: texRes = 128.0
7.0504 	EXP 	image_blue: texRes = 128.0
7.0553 	EXP 	image_green: texRes = 128.0
7.0553 	EXP 	image_black: texRes = 128.0
7.0553 	EXP 	image_red: texRes = 128.0
7.0553 	EXP 	image_blue: texRes = 128.0
7.0637 	EXP 	image_green: texRes = 128.0
7.0637 	EXP 	image_black: texRes = 128.0
7.0637 	EXP 	image_red: texRes = 128.0
7.0637 	EXP 	image_blue: texRes = 128.0
7.0692 	EXP 	image_green: texRes = 128.0
7.0692 	EXP 	image_black: texRes = 128.0
7.0692 	EXP 	image_red: texRes = 128.0
7.0692 	EXP 	image_blue: texRes = 128.0
7.0771 	EXP 	image_green: texRes = 128.0
7.0771 	EXP 	image_black: texRes = 128.0
7.0771 	EXP 	image_red: texRes = 128.0
7.0771 	EXP 	image_blue: texRes = 128.0
7.0821 	EXP 	image_green: texRes = 128.0
7.0821 	EXP 	image_black: texRes = 128.0
7.0821 	EXP 	image_red: texRes = 128.0
7.0821 	EXP 	image_blue: texRes = 128.0
7.0899 	EXP 	image_green: texRes = 128.0
7.0899 	EXP 	image_black: texRes = 128.0
7.0899 	EXP 	image_red: texRes = 128.0
7.0899 	EXP 	image_blue: texRes = 128.0
7.0950 	EXP 	image_green: texRes = 128.0
7.0950 	EXP 	image_black: texRes = 128.0
7.0950 	EXP 	image_red: texRes = 128.0
7.0950 	EXP 	image_blue: texRes = 128.0
7.1029 	EXP 	image_green: texRes = 128.0
7.1029 	EXP 	image_black: texRes = 128.0
7.1029 	EXP 	image_red: texRes = 128.0
7.1029 	EXP 	image_blue: texRes = 128.0
7.1089 	EXP 	image_green: texRes = 128.0
7.1089 	EXP 	image_black: texRes = 128.0
7.1089 	EXP 	image_red: texRes = 128.0
7.1089 	EXP 	image_blue: texRes = 128.0
7.1153 	EXP 	image_green: texRes = 128.0
7.1153 	EXP 	image_black: texRes = 128.0
7.1153 	EXP 	image_red: texRes = 128.0
7.1153 	EXP 	image_blue: texRes = 128.0
7.1204 	EXP 	image_green: texRes = 128.0
7.1204 	EXP 	image_black: texRes = 128.0
7.1204 	EXP 	image_red: texRes = 128.0
7.1204 	EXP 	image_blue: texRes = 128.0
7.1258 	EXP 	image_green: texRes = 128.0
7.1258 	EXP 	image_black: texRes = 128.0
7.1258 	EXP 	image_red: texRes = 128.0
7.1258 	EXP 	image_blue: texRes = 128.0
7.1308 	EXP 	image_green: texRes = 128.0
7.1308 	EXP 	image_black: texRes = 128.0
7.1308 	EXP 	image_red: texRes = 128.0
7.1308 	EXP 	image_blue: texRes = 128.0
7.1358 	EXP 	image_green: texRes = 128.0
7.1358 	EXP 	image_black: texRes = 128.0
7.1358 	EXP 	image_red: texRes = 128.0
7.1358 	EXP 	image_blue: texRes = 128.0
7.1415 	EXP 	image_green: texRes = 128.0
7.1415 	EXP 	image_black: texRes = 128.0
7.1415 	EXP 	image_red: texRes = 128.0
7.1415 	EXP 	image_blue: texRes = 128.0
7.1474 	EXP 	image_green: texRes = 128.0
7.1474 	EXP 	image_black: texRes = 128.0
7.1474 	EXP 	image_red: texRes = 128.0
7.1474 	EXP 	image_blue: texRes = 128.0
7.1525 	EXP 	image_green: texRes = 128.0
7.1525 	EXP 	image_black: texRes = 128.0
7.1525 	EXP 	image_red: texRes = 128.0
7.1525 	EXP 	image_blue: texRes = 128.0
7.1574 	EXP 	image_green: texRes = 128.0
7.1574 	EXP 	image_black: texRes = 128.0
7.1574 	EXP 	image_red: texRes = 128.0
7.1574 	EXP 	image_blue: texRes = 128.0
7.1623 	EXP 	image_green: texRes = 128.0
7.1623 	EXP 	image_black: texRes = 128.0
7.1623 	EXP 	image_red: texRes = 128.0
7.1623 	EXP 	image_blue: texRes = 128.0
7.1674 	EXP 	image_green: texRes = 128.0
7.1674 	EXP 	image_black: texRes = 128.0
7.1674 	EXP 	image_red: texRes = 128.0
7.1674 	EXP 	image_blue: texRes = 128.0
7.1725 	EXP 	image_green: texRes = 128.0
7.1725 	EXP 	image_black: texRes = 128.0
7.1725 	EXP 	image_red: texRes = 128.0
7.1725 	EXP 	image_blue: texRes = 128.0
7.1785 	EXP 	image_green: texRes = 128.0
7.1785 	EXP 	image_black: texRes = 128.0
7.1785 	EXP 	image_red: texRes = 128.0
7.1785 	EXP 	image_blue: texRes = 128.0
7.1855 	EXP 	image_green: texRes = 128.0
7.1855 	EXP 	image_black: texRes = 128.0
7.1855 	EXP 	image_red: texRes = 128.0
7.1855 	EXP 	image_blue: texRes = 128.0
7.1907 	EXP 	image_green: texRes = 128.0
7.1907 	EXP 	image_black: texRes = 128.0
7.1907 	EXP 	image_red: texRes = 128.0
7.1907 	EXP 	image_blue: texRes = 128.0
7.1956 	EXP 	image_green: texRes = 128.0
7.1956 	EXP 	image_black: texRes = 128.0
7.1956 	EXP 	image_red: texRes = 128.0
7.1956 	EXP 	image_blue: texRes = 128.0
7.2004 	EXP 	image_green: texRes = 128.0
7.2004 	EXP 	image_black: texRes = 128.0
7.2004 	EXP 	image_red: texRes = 128.0
7.2004 	EXP 	image_blue: texRes = 128.0
7.2057 	EXP 	image_green: texRes = 128.0
7.2057 	EXP 	image_black: texRes = 128.0
7.2057 	EXP 	image_red: texRes = 128.0
7.2057 	EXP 	image_blue: texRes = 128.0
7.2106 	EXP 	image_green: texRes = 128.0
7.2106 	EXP 	image_black: texRes = 128.0
7.2106 	EXP 	image_red: texRes = 128.0
7.2106 	EXP 	image_blue: texRes = 128.0
7.2176 	EXP 	image_green: texRes = 128.0
7.2176 	EXP 	image_black: texRes = 128.0
7.2176 	EXP 	image_red: texRes = 128.0
7.2176 	EXP 	image_blue: texRes = 128.0
7.2230 	EXP 	image_green: texRes = 128.0
7.2230 	EXP 	image_black: texRes = 128.0
7.2230 	EXP 	image_red: texRes = 128.0
7.2230 	EXP 	image_blue: texRes = 128.0
7.2280 	EXP 	image_green: texRes = 128.0
7.2280 	EXP 	image_black: texRes = 128.0
7.2280 	EXP 	image_red: texRes = 128.0
7.2280 	EXP 	image_blue: texRes = 128.0
7.2328 	EXP 	image_green: texRes = 128.0
7.2328 	EXP 	image_black: texRes = 128.0
7.2328 	EXP 	image_red: texRes = 128.0
7.2328 	EXP 	image_blue: texRes = 128.0
7.2379 	EXP 	image_green: texRes = 128.0
7.2379 	EXP 	image_black: texRes = 128.0
7.2379 	EXP 	image_red: texRes = 128.0
7.2379 	EXP 	image_blue: texRes = 128.0
7.2427 	EXP 	image_green: texRes = 128.0
7.2427 	EXP 	image_black: texRes = 128.0
7.2427 	EXP 	image_red: texRes = 128.0
7.2427 	EXP 	image_blue: texRes = 128.0
7.2485 	EXP 	image_green: texRes = 128.0
7.2485 	EXP 	image_black: texRes = 128.0
7.2485 	EXP 	image_red: texRes = 128.0
7.2485 	EXP 	image_blue: texRes = 128.0
7.2541 	EXP 	image_green: texRes = 128.0
7.2541 	EXP 	image_black: texRes = 128.0
7.2541 	EXP 	image_red: texRes = 128.0
7.2541 	EXP 	image_blue: texRes = 128.0
7.2589 	EXP 	image_green: texRes = 128.0
7.2589 	EXP 	image_black: texRes = 128.0
7.2589 	EXP 	image_red: texRes = 128.0
7.2589 	EXP 	image_blue: texRes = 128.0
7.2636 	EXP 	image_green: texRes = 128.0
7.2636 	EXP 	image_black: texRes = 128.0
7.2636 	EXP 	image_red: texRes = 128.0
7.2636 	EXP 	image_blue: texRes = 128.0
7.2685 	EXP 	image_green: texRes = 128.0
7.2685 	EXP 	image_black: texRes = 128.0
7.2685 	EXP 	image_red: texRes = 128.0
7.2685 	EXP 	image_blue: texRes = 128.0
7.2733 	EXP 	image_green: texRes = 128.0
7.2733 	EXP 	image_black: texRes = 128.0
7.2733 	EXP 	image_red: texRes = 128.0
7.2733 	EXP 	image_blue: texRes = 128.0
7.2789 	EXP 	image_green: texRes = 128.0
7.2789 	EXP 	image_black: texRes = 128.0
7.2789 	EXP 	image_red: texRes = 128.0
7.2789 	EXP 	image_blue: texRes = 128.0
7.2840 	EXP 	image_green: texRes = 128.0
7.2840 	EXP 	image_black: texRes = 128.0
7.2840 	EXP 	image_red: texRes = 128.0
7.2840 	EXP 	image_blue: texRes = 128.0
7.2888 	EXP 	image_green: texRes = 128.0
7.2888 	EXP 	image_black: texRes = 128.0
7.2888 	EXP 	image_red: texRes = 128.0
7.2888 	EXP 	image_blue: texRes = 128.0
7.2937 	EXP 	image_green: texRes = 128.0
7.2937 	EXP 	image_black: texRes = 128.0
7.2937 	EXP 	image_red: texRes = 128.0
7.2937 	EXP 	image_blue: texRes = 128.0
7.2987 	EXP 	image_green: texRes = 128.0
7.2987 	EXP 	image_black: texRes = 128.0
7.2987 	EXP 	image_red: texRes = 128.0
7.2987 	EXP 	image_blue: texRes = 128.0
7.3039 	EXP 	image_green: texRes = 128.0
7.3039 	EXP 	image_black: texRes = 128.0
7.3039 	EXP 	image_red: texRes = 128.0
7.3039 	EXP 	image_blue: texRes = 128.0
7.3095 	EXP 	image_green: texRes = 128.0
7.3095 	EXP 	image_black: texRes = 128.0
7.3095 	EXP 	image_red: texRes = 128.0
7.3095 	EXP 	image_blue: texRes = 128.0
7.3153 	EXP 	image_green: texRes = 128.0
7.3153 	EXP 	image_black: texRes = 128.0
7.3153 	EXP 	image_red: texRes = 128.0
7.3153 	EXP 	image_blue: texRes = 128.0
7.3201 	EXP 	image_green: texRes = 128.0
7.3201 	EXP 	image_black: texRes = 128.0
7.3201 	EXP 	image_red: texRes = 128.0
7.3201 	EXP 	image_blue: texRes = 128.0
7.3242 	DATA 	Mouse: Left button down, pos=(1244,344)
7.3249 	EXP 	image_green: texRes = 128.0
7.3249 	EXP 	image_black: texRes = 128.0
7.3249 	EXP 	image_red: texRes = 128.0
7.3249 	EXP 	image_blue: texRes = 128.0
7.3299 	EXP 	image_green: texRes = 128.0
7.3299 	EXP 	image_black: texRes = 128.0
7.3299 	EXP 	image_red: texRes = 128.0
7.3299 	EXP 	image_blue: texRes = 128.0
7.3346 	EXP 	image_green: texRes = 128.0
7.3346 	EXP 	image_black: texRes = 128.0
7.3346 	EXP 	image_red: texRes = 128.0
7.3346 	EXP 	image_blue: texRes = 128.0
7.3415 	EXP 	image_green: texRes = 128.0
7.3415 	EXP 	image_black: texRes = 128.0
7.3415 	EXP 	image_red: texRes = 128.0
7.3415 	EXP 	image_blue: texRes = 128.0
7.3470 	EXP 	image_green: texRes = 128.0
7.3470 	EXP 	image_black: texRes = 128.0
7.3470 	EXP 	image_red: texRes = 128.0
7.3470 	EXP 	image_blue: texRes = 128.0
7.3518 	EXP 	image_green: texRes = 128.0
7.3518 	EXP 	image_black: texRes = 128.0
7.3518 	EXP 	image_red: texRes = 128.0
7.3518 	EXP 	image_blue: texRes = 128.0
7.3566 	EXP 	image_green: texRes = 128.0
7.3566 	EXP 	image_black: texRes = 128.0
7.3566 	EXP 	image_red: texRes = 128.0
7.3566 	EXP 	image_blue: texRes = 128.0
7.3615 	EXP 	image_green: texRes = 128.0
7.3615 	EXP 	image_black: texRes = 128.0
7.3615 	EXP 	image_red: texRes = 128.0
7.3615 	EXP 	image_blue: texRes = 128.0
7.3662 	EXP 	image_green: texRes = 128.0
7.3662 	EXP 	image_black: texRes = 128.0
7.3662 	EXP 	image_red: texRes = 128.0
7.3662 	EXP 	image_blue: texRes = 128.0
7.3720 	EXP 	image_green: texRes = 128.0
7.3720 	EXP 	image_black: texRes = 128.0
7.3720 	EXP 	image_red: texRes = 128.0
7.3720 	EXP 	image_blue: texRes = 128.0
7.3769 	EXP 	image_green: texRes = 128.0
7.3769 	EXP 	image_black: texRes = 128.0
7.3769 	EXP 	image_red: texRes = 128.0
7.3769 	EXP 	image_blue: texRes = 128.0
7.3817 	EXP 	image_green: texRes = 128.0
7.3817 	EXP 	image_black: texRes = 128.0
7.3817 	EXP 	image_red: texRes = 128.0
7.3817 	EXP 	image_blue: texRes = 128.0
7.3864 	EXP 	image_green: texRes = 128.0
7.3864 	EXP 	image_black: texRes = 128.0
7.3864 	EXP 	image_red: texRes = 128.0
7.3864 	EXP 	image_blue: texRes = 128.0
7.3922 	EXP 	image_green: texRes = 128.0
7.3922 	EXP 	image_black: texRes = 128.0
7.3922 	EXP 	image_red: texRes = 128.0
7.3922 	EXP 	image_blue: texRes = 128.0
7.3969 	EXP 	image_green: texRes = 128.0
7.3969 	EXP 	image_black: texRes = 128.0
7.3969 	EXP 	image_red: texRes = 128.0
7.3969 	EXP 	image_blue: texRes = 128.0
7.4027 	EXP 	image_green: texRes = 128.0
7.4027 	EXP 	image_black: texRes = 128.0
7.4027 	EXP 	image_red: texRes = 128.0
7.4027 	EXP 	image_blue: texRes = 128.0
7.4076 	EXP 	image_green: texRes = 128.0
7.4076 	EXP 	image_black: texRes = 128.0
7.4076 	EXP 	image_red: texRes = 128.0
7.4076 	EXP 	image_blue: texRes = 128.0
7.4124 	EXP 	image_green: texRes = 128.0
7.4124 	EXP 	image_black: texRes = 128.0
7.4124 	EXP 	image_red: texRes = 128.0
7.4124 	EXP 	image_blue: texRes = 128.0
7.4171 	EXP 	image_green: texRes = 128.0
7.4171 	EXP 	image_black: texRes = 128.0
7.4171 	EXP 	image_red: texRes = 128.0
7.4171 	EXP 	image_blue: texRes = 128.0
7.4224 	EXP 	image_green: texRes = 128.0
7.4224 	EXP 	image_black: texRes = 128.0
7.4224 	EXP 	image_red: texRes = 128.0
7.4224 	EXP 	image_blue: texRes = 128.0
7.4271 	EXP 	image_green: texRes = 128.0
7.4271 	EXP 	image_black: texRes = 128.0
7.4271 	EXP 	image_red: texRes = 128.0
7.4271 	EXP 	image_blue: texRes = 128.0
7.4321 	EXP 	image_green: texRes = 128.0
7.4321 	EXP 	image_black: texRes = 128.0
7.4321 	EXP 	image_red: texRes = 128.0
7.4321 	EXP 	image_blue: texRes = 128.0
7.4377 	EXP 	image_green: texRes = 128.0
7.4377 	EXP 	image_black: texRes = 128.0
7.4377 	EXP 	image_red: texRes = 128.0
7.4377 	EXP 	image_blue: texRes = 128.0
7.4402 	DATA 	Mouse:  Left button up, pos=(1244,342)
7.4430 	EXP 	image_green: texRes = 128.0
7.4430 	EXP 	image_black: texRes = 128.0
7.4430 	EXP 	image_red: texRes = 128.0
7.4430 	EXP 	image_blue: texRes = 128.0
7.4477 	EXP 	image_green: texRes = 128.0
7.4477 	EXP 	image_black: texRes = 128.0
7.4477 	EXP 	image_red: texRes = 128.0
7.4477 	EXP 	image_blue: texRes = 128.0
7.4529 	EXP 	image_green: texRes = 128.0
7.4529 	EXP 	image_black: texRes = 128.0
7.4529 	EXP 	image_red: texRes = 128.0
7.4529 	EXP 	image_blue: texRes = 128.0
7.4577 	EXP 	image_green: texRes = 128.0
7.4577 	EXP 	image_black: texRes = 128.0
7.4577 	EXP 	image_red: texRes = 128.0
7.4577 	EXP 	image_blue: texRes = 128.0
7.4625 	EXP 	image_green: texRes = 128.0
7.4625 	EXP 	image_black: texRes = 128.0
7.4625 	EXP 	image_red: texRes = 128.0
7.4625 	EXP 	image_blue: texRes = 128.0
7.4686 	EXP 	image_green: texRes = 128.0
7.4686 	EXP 	image_black: texRes = 128.0
7.4686 	EXP 	image_red: texRes = 128.0
7.4686 	EXP 	image_blue: texRes = 128.0
7.4739 	EXP 	image_green: texRes = 128.0
7.4739 	EXP 	image_black: texRes = 128.0
7.4739 	EXP 	image_red: texRes = 128.0
7.4739 	EXP 	image_blue: texRes = 128.0
7.4787 	EXP 	image_green: texRes = 128.0
7.4787 	EXP 	image_black: texRes = 128.0
7.4787 	EXP 	image_red: texRes = 128.0
7.4787 	EXP 	image_blue: texRes = 128.0
7.4838 	EXP 	image_green: texRes = 128.0
7.4838 	EXP 	image_black: texRes = 128.0
7.4838 	EXP 	image_red: texRes = 128.0
7.4838 	EXP 	image_blue: texRes = 128.0
7.4886 	EXP 	image_green: texRes = 128.0
7.4886 	EXP 	image_black: texRes = 128.0
7.4886 	EXP 	image_red: texRes = 128.0
7.4886 	EXP 	image_blue: texRes = 128.0
7.4934 	EXP 	image_green: texRes = 128.0
7.4934 	EXP 	image_black: texRes = 128.0
7.4934 	EXP 	image_red: texRes = 128.0
7.4934 	EXP 	image_blue: texRes = 128.0
7.4982 	EXP 	image_green: texRes = 128.0
7.4982 	EXP 	image_black: texRes = 128.0
7.4982 	EXP 	image_red: texRes = 128.0
7.4982 	EXP 	image_blue: texRes = 128.0
7.5031 	EXP 	image_green: texRes = 128.0
7.5031 	EXP 	image_black: texRes = 128.0
7.5031 	EXP 	image_red: texRes = 128.0
7.5031 	EXP 	image_blue: texRes = 128.0
7.5079 	EXP 	image_green: texRes = 128.0
7.5079 	EXP 	image_black: texRes = 128.0
7.5079 	EXP 	image_red: texRes = 128.0
7.5079 	EXP 	image_blue: texRes = 128.0
7.5138 	EXP 	image_green: texRes = 128.0
7.5138 	EXP 	image_black: texRes = 128.0
7.5138 	EXP 	image_red: texRes = 128.0
7.5138 	EXP 	image_blue: texRes = 128.0
7.5189 	EXP 	image_green: texRes = 128.0
7.5189 	EXP 	image_black: texRes = 128.0
7.5189 	EXP 	image_red: texRes = 128.0
7.5189 	EXP 	image_blue: texRes = 128.0
7.5237 	EXP 	image_green: texRes = 128.0
7.5237 	EXP 	image_black: texRes = 128.0
7.5237 	EXP 	image_red: texRes = 128.0
7.5237 	EXP 	image_blue: texRes = 128.0
7.5292 	EXP 	image_green: texRes = 128.0
7.5292 	EXP 	image_black: texRes = 128.0
7.5292 	EXP 	image_red: texRes = 128.0
7.5292 	EXP 	image_blue: texRes = 128.0
7.5347 	EXP 	image_green: texRes = 128.0
7.5347 	EXP 	image_black: texRes = 128.0
7.5347 	EXP 	image_red: texRes = 128.0
7.5347 	EXP 	image_blue: texRes = 128.0
7.5396 	EXP 	image_green: texRes = 128.0
7.5396 	EXP 	image_black: texRes = 128.0
7.5396 	EXP 	image_red: texRes = 128.0
7.5396 	EXP 	image_blue: texRes = 128.0
7.5451 	EXP 	image_green: texRes = 128.0
7.5451 	EXP 	image_black: texRes = 128.0
7.5451 	EXP 	image_red: texRes = 128.0
7.5451 	EXP 	image_blue: texRes = 128.0
7.5500 	EXP 	image_green: texRes = 128.0
7.5500 	EXP 	image_black: texRes = 128.0
7.5500 	EXP 	image_red: texRes = 128.0
7.5500 	EXP 	image_blue: texRes = 128.0
7.5551 	EXP 	image_green: texRes = 128.0
7.5551 	EXP 	image_black: texRes = 128.0
7.5551 	EXP 	image_red: texRes = 128.0
7.5551 	EXP 	image_blue: texRes = 128.0
7.5617 	EXP 	image_green: texRes = 128.0
7.5617 	EXP 	image_black: texRes = 128.0
7.5617 	EXP 	image_red: texRes = 128.0
7.5617 	EXP 	image_blue: texRes = 128.0
7.5669 	EXP 	image_green: texRes = 128.0
7.5669 	EXP 	image_black: texRes = 128.0
7.5669 	EXP 	image_red: texRes = 128.0
7.5669 	EXP 	image_blue: texRes = 128.0
7.5718 	EXP 	image_green: texRes = 128.0
7.5718 	EXP 	image_black: texRes = 128.0
7.5718 	EXP 	image_red: texRes = 128.0
7.5718 	EXP 	image_blue: texRes = 128.0
7.5765 	EXP 	image_green: texRes = 128.0
7.5765 	EXP 	image_black: texRes = 128.0
7.5765 	EXP 	image_red: texRes = 128.0
7.5765 	EXP 	image_blue: texRes = 128.0
7.5812 	EXP 	image_green: texRes = 128.0
7.5812 	EXP 	image_black: texRes = 128.0
7.5812 	EXP 	image_red: texRes = 128.0
7.5812 	EXP 	image_blue: texRes = 128.0
7.5858 	EXP 	image_green: texRes = 128.0
7.5858 	EXP 	image_black: texRes = 128.0
7.5858 	EXP 	image_red: texRes = 128.0
7.5858 	EXP 	image_blue: texRes = 128.0
7.5903 	EXP 	image_green: texRes = 128.0
7.5903 	EXP 	image_black: texRes = 128.0
7.5903 	EXP 	image_red: texRes = 128.0
7.5903 	EXP 	image_blue: texRes = 128.0
7.5950 	EXP 	image_green: texRes = 128.0
7.5950 	EXP 	image_black: texRes = 128.0
7.5950 	EXP 	image_red: texRes = 128.0
7.5950 	EXP 	image_blue: texRes = 128.0
7.5974 	DATA 	Mouse: Left button down, pos=(1171,279)
7.5999 	EXP 	image_green: texRes = 128.0
7.5999 	EXP 	image_black: texRes = 128.0
7.5999 	EXP 	image_red: texRes = 128.0
7.5999 	EXP 	image_blue: texRes = 128.0
7.6046 	EXP 	image_green: texRes = 128.0
7.6046 	EXP 	image_black: texRes = 128.0
7.6046 	EXP 	image_red: texRes = 128.0
7.6046 	EXP 	image_blue: texRes = 128.0
7.6099 	EXP 	image_green: texRes = 128.0
7.6099 	EXP 	image_black: texRes = 128.0
7.6099 	EXP 	image_red: texRes = 128.0
7.6099 	EXP 	image_blue: texRes = 128.0
7.6147 	EXP 	image_green: texRes = 128.0
7.6147 	EXP 	image_black: texRes = 128.0
7.6147 	EXP 	image_red: texRes = 128.0
7.6147 	EXP 	image_blue: texRes = 128.0
7.6193 	EXP 	image_green: texRes = 128.0
7.6193 	EXP 	image_black: texRes = 128.0
7.6193 	EXP 	image_red: texRes = 128.0
7.6193 	EXP 	image_blue: texRes = 128.0
7.6243 	EXP 	image_green: texRes = 128.0
7.6243 	EXP 	image_black: texRes = 128.0
7.6243 	EXP 	image_red: texRes = 128.0
7.6243 	EXP 	image_blue: texRes = 128.0
7.6290 	EXP 	image_green: texRes = 128.0
7.6290 	EXP 	image_black: texRes = 128.0
7.6290 	EXP 	image_red: texRes = 128.0
7.6290 	EXP 	image_blue: texRes = 128.0
7.6338 	EXP 	image_green: texRes = 128.0
7.6338 	EXP 	image_black: texRes = 128.0
7.6338 	EXP 	image_red: texRes = 128.0
7.6338 	EXP 	image_blue: texRes = 128.0
7.6384 	EXP 	image_green: texRes = 128.0
7.6384 	EXP 	image_black: texRes = 128.0
7.6384 	EXP 	image_red: texRes = 128.0
7.6384 	EXP 	image_blue: texRes = 128.0
7.6431 	EXP 	image_green: texRes = 128.0
7.6431 	EXP 	image_black: texRes = 128.0
7.6431 	EXP 	image_red: texRes = 128.0
7.6431 	EXP 	image_blue: texRes = 128.0
7.6477 	EXP 	image_green: texRes = 128.0
7.6477 	EXP 	image_black: texRes = 128.0
7.6477 	EXP 	image_red: texRes = 128.0
7.6477 	EXP 	image_blue: texRes = 128.0
7.6535 	EXP 	image_green: texRes = 128.0
7.6535 	EXP 	image_black: texRes = 128.0
7.6535 	EXP 	image_red: texRes = 128.0
7.6535 	EXP 	image_blue: texRes = 128.0
7.6582 	EXP 	image_green: texRes = 128.0
7.6582 	EXP 	image_black: texRes = 128.0
7.6582 	EXP 	image_red: texRes = 128.0
7.6582 	EXP 	image_blue: texRes = 128.0
7.6629 	EXP 	image_green: texRes = 128.0
7.6629 	EXP 	image_black: texRes = 128.0
7.6629 	EXP 	image_red: texRes = 128.0
7.6629 	EXP 	image_blue: texRes = 128.0
7.6676 	EXP 	image_green: texRes = 128.0
7.6676 	EXP 	image_black: texRes = 128.0
7.6676 	EXP 	image_red: texRes = 128.0
7.6676 	EXP 	image_blue: texRes = 128.0
7.6728 	EXP 	image_green: texRes = 128.0
7.6728 	EXP 	image_black: texRes = 128.0
7.6728 	EXP 	image_red: texRes = 128.0
7.6728 	EXP 	image_blue: texRes = 128.0
7.6774 	EXP 	image_green: texRes = 128.0
7.6774 	EXP 	image_black: texRes = 128.0
7.6774 	EXP 	image_red: texRes = 128.0
7.6774 	EXP 	image_blue: texRes = 128.0
7.6822 	EXP 	image_green: texRes = 128.0
7.6822 	EXP 	image_black: texRes = 128.0
7.6822 	EXP 	image_red: texRes = 128.0
7.6822 	EXP 	image_blue: texRes = 128.0
7.6867 	EXP 	image_green: texRes = 128.0
7.6867 	EXP 	image_black: texRes = 128.0
7.6867 	EXP 	image_red: texRes = 128.0
7.6867 	EXP 	image_blue: texRes = 128.0
7.6906 	DATA 	Mouse:  Left button up, pos=(1171,279)
7.6916 	EXP 	image_green: texRes = 128.0
7.6916 	EXP 	image_black: texRes = 128.0
7.6916 	EXP 	image_red: texRes = 128.0
7.6916 	EXP 	image_blue: texRes = 128.0
7.6963 	EXP 	image_green: texRes = 128.0
7.6963 	EXP 	image_black: texRes = 128.0
7.6963 	EXP 	image_red: texRes = 128.0
7.6963 	EXP 	image_blue: texRes = 128.0
7.7017 	EXP 	image_green: texRes = 128.0
7.7017 	EXP 	image_black: texRes = 128.0
7.7017 	EXP 	image_red: texRes = 128.0
7.7017 	EXP 	image_blue: texRes = 128.0
7.7070 	EXP 	image_green: texRes = 128.0
7.7070 	EXP 	image_black: texRes = 128.0
7.7070 	EXP 	image_red: texRes = 128.0
7.7070 	EXP 	image_blue: texRes = 128.0
7.7117 	EXP 	image_green: texRes = 128.0
7.7117 	EXP 	image_black: texRes = 128.0
7.7117 	EXP 	image_red: texRes = 128.0
7.7117 	EXP 	image_blue: texRes = 128.0
7.7163 	EXP 	image_green: texRes = 128.0
7.7163 	EXP 	image_black: texRes = 128.0
7.7163 	EXP 	image_red: texRes = 128.0
7.7163 	EXP 	image_blue: texRes = 128.0
7.7211 	EXP 	image_green: texRes = 128.0
7.7211 	EXP 	image_black: texRes = 128.0
7.7211 	EXP 	image_red: texRes = 128.0
7.7211 	EXP 	image_blue: texRes = 128.0
7.7256 	EXP 	image_green: texRes = 128.0
7.7256 	EXP 	image_black: texRes = 128.0
7.7256 	EXP 	image_red: texRes = 128.0
7.7256 	EXP 	image_blue: texRes = 128.0
7.7305 	EXP 	image_green: texRes = 128.0
7.7305 	EXP 	image_black: texRes = 128.0
7.7305 	EXP 	image_red: texRes = 128.0
7.7305 	EXP 	image_blue: texRes = 128.0
7.7351 	EXP 	image_green: texRes = 128.0
7.7351 	EXP 	image_black: texRes = 128.0
7.7351 	EXP 	image_red: texRes = 128.0
7.7351 	EXP 	image_blue: texRes = 128.0
7.7396 	EXP 	image_green: texRes = 128.0
7.7396 	EXP 	image_black: texRes = 128.0
7.7396 	EXP 	image_red: texRes = 128.0
7.7396 	EXP 	image_blue: texRes = 128.0
7.7441 	EXP 	image_green: texRes = 128.0
7.7441 	EXP 	image_black: texRes = 128.0
7.7441 	EXP 	image_red: texRes = 128.0
7.7441 	EXP 	image_blue: texRes = 128.0
7.7495 	EXP 	image_green: texRes = 128.0
7.7495 	EXP 	image_black: texRes = 128.0
7.7495 	EXP 	image_red: texRes = 128.0
7.7495 	EXP 	image_blue: texRes = 128.0
7.7545 	EXP 	image_green: texRes = 128.0
7.7545 	EXP 	image_black: texRes = 128.0
7.7545 	EXP 	image_red: texRes = 128.0
7.7545 	EXP 	image_blue: texRes = 128.0
7.7591 	EXP 	image_green: texRes = 128.0
7.7591 	EXP 	image_black: texRes = 128.0
7.7591 	EXP 	image_red: texRes = 128.0
7.7591 	EXP 	image_blue: texRes = 128.0
7.7638 	EXP 	image_green: texRes = 128.0
7.7638 	EXP 	image_black: texRes = 128.0
7.7638 	EXP 	image_red: texRes = 128.0
7.7638 	EXP 	image_blue: texRes = 128.0
7.7684 	EXP 	image_green: texRes = 128.0
7.7684 	EXP 	image_black: texRes = 128.0
7.7684 	EXP 	image_red: texRes = 128.0
7.7684 	EXP 	image_blue: texRes = 128.0
7.7730 	EXP 	image_green: texRes = 128.0
7.7730 	EXP 	image_black: texRes = 128.0
7.7730 	EXP 	image_red: texRes = 128.0
7.7730 	EXP 	image_blue: texRes = 128.0
7.7776 	EXP 	image_green: texRes = 128.0
7.7776 	EXP 	image_black: texRes = 128.0
7.7776 	EXP 	image_red: texRes = 128.0
7.7776 	EXP 	image_blue: texRes = 128.0
7.7822 	EXP 	image_green: texRes = 128.0
7.7822 	EXP 	image_black: texRes = 128.0
7.7822 	EXP 	image_red: texRes = 128.0
7.7822 	EXP 	image_blue: texRes = 128.0
7.7868 	EXP 	image_green: texRes = 128.0
7.7868 	EXP 	image_black: texRes = 128.0
7.7868 	EXP 	image_red: texRes = 128.0
7.7868 	EXP 	image_blue: texRes = 128.0
7.7914 	EXP 	image_green: texRes = 128.0
7.7914 	EXP 	image_black: texRes = 128.0
7.7914 	EXP 	image_red: texRes = 128.0
7.7914 	EXP 	image_blue: texRes = 128.0
7.7970 	EXP 	image_green: texRes = 128.0
7.7970 	EXP 	image_black: texRes = 128.0
7.7970 	EXP 	image_red: texRes = 128.0
7.7970 	EXP 	image_blue: texRes = 128.0
7.8021 	EXP 	image_green: texRes = 128.0
7.8021 	EXP 	image_black: texRes = 128.0
7.8021 	EXP 	image_red: texRes = 128.0
7.8021 	EXP 	image_blue: texRes = 128.0
7.8066 	EXP 	image_green: texRes = 128.0
7.8066 	EXP 	image_black: texRes = 128.0
7.8066 	EXP 	image_red: texRes = 128.0
7.8066 	EXP 	image_blue: texRes = 128.0
7.8116 	EXP 	image_green: texRes = 128.0
7.8116 	EXP 	image_black: texRes = 128.0
7.8116 	EXP 	image_red: texRes = 128.0
7.8116 	EXP 	image_blue: texRes = 128.0
7.8161 	EXP 	image_green: texRes = 128.0
7.8161 	EXP 	image_black: texRes = 128.0
7.8161 	EXP 	image_red: texRes = 128.0
7.8161 	EXP 	image_blue: texRes = 128.0
7.8208 	EXP 	image_green: texRes = 128.0
7.8208 	EXP 	image_black: texRes = 128.0
7.8208 	EXP 	image_red: texRes = 128.0
7.8208 	EXP 	image_blue: texRes = 128.0
7.8255 	EXP 	image_green: texRes = 128.0
7.8255 	EXP 	image_black: texRes = 128.0
7.8255 	EXP 	image_red: texRes = 128.0
7.8255 	EXP 	image_blue: texRes = 128.0
7.8305 	EXP 	image_green: texRes = 128.0
7.8305 	EXP 	image_black: texRes = 128.0
7.8305 	EXP 	image_red: texRes = 128.0
7.8305 	EXP 	image_blue: texRes = 128.0
7.8353 	EXP 	image_green: texRes = 128.0
7.8353 	EXP 	image_black: texRes = 128.0
7.8353 	EXP 	image_red: texRes = 128.0
7.8353 	EXP 	image_blue: texRes = 128.0
7.8426 	EXP 	image_green: texRes = 128.0
7.8426 	EXP 	image_black: texRes = 128.0
7.8426 	EXP 	image_red: texRes = 128.0
7.8426 	EXP 	image_blue: texRes = 128.0
7.8477 	EXP 	image_green: texRes = 128.0
7.8477 	EXP 	image_black: texRes = 128.0
7.8477 	EXP 	image_red: texRes = 128.0
7.8477 	EXP 	image_blue: texRes = 128.0
7.8526 	EXP 	image_green: texRes = 128.0
7.8526 	EXP 	image_black: texRes = 128.0
7.8526 	EXP 	image_red: texRes = 128.0
7.8526 	EXP 	image_blue: texRes = 128.0
7.8575 	EXP 	image_green: texRes = 128.0
7.8575 	EXP 	image_black: texRes = 128.0
7.8575 	EXP 	image_red: texRes = 128.0
7.8575 	EXP 	image_blue: texRes = 128.0
7.8624 	EXP 	image_green: texRes = 128.0
7.8624 	EXP 	image_black: texRes = 128.0
7.8624 	EXP 	image_red: texRes = 128.0
7.8624 	EXP 	image_blue: texRes = 128.0
7.8670 	EXP 	image_green: texRes = 128.0
7.8670 	EXP 	image_black: texRes = 128.0
7.8670 	EXP 	image_red: texRes = 128.0
7.8670 	EXP 	image_blue: texRes = 128.0
7.8719 	EXP 	image_green: texRes = 128.0
7.8719 	EXP 	image_black: texRes = 128.0
7.8719 	EXP 	image_red: texRes = 128.0
7.8719 	EXP 	image_blue: texRes = 128.0
7.8766 	EXP 	image_green: texRes = 128.0
7.8766 	EXP 	image_black: texRes = 128.0
7.8766 	EXP 	image_red: texRes = 128.0
7.8766 	EXP 	image_blue: texRes = 128.0
7.8813 	EXP 	image_green: texRes = 128.0
7.8813 	EXP 	image_black: texRes = 128.0
7.8813 	EXP 	image_red: texRes = 128.0
7.8813 	EXP 	image_blue: texRes = 128.0
7.8862 	EXP 	image_green: texRes = 128.0
7.8862 	EXP 	image_black: texRes = 128.0
7.8862 	EXP 	image_red: texRes = 128.0
7.8862 	EXP 	image_blue: texRes = 128.0
7.8922 	EXP 	image_green: texRes = 128.0
7.8922 	EXP 	image_black: texRes = 128.0
7.8922 	EXP 	image_red: texRes = 128.0
7.8922 	EXP 	image_blue: texRes = 128.0
7.8970 	EXP 	image_green: texRes = 128.0
7.8970 	EXP 	image_black: texRes = 128.0
7.8970 	EXP 	image_red: texRes = 128.0
7.8970 	EXP 	image_blue: texRes = 128.0
7.9018 	EXP 	image_green: texRes = 128.0
7.9018 	EXP 	image_black: texRes = 128.0
7.9018 	EXP 	image_red: texRes = 128.0
7.9018 	EXP 	image_blue: texRes = 128.0
7.9071 	EXP 	image_green: texRes = 128.0
7.9071 	EXP 	image_black: texRes = 128.0
7.9071 	EXP 	image_red: texRes = 128.0
7.9071 	EXP 	image_blue: texRes = 128.0
7.9118 	EXP 	image_green: texRes = 128.0
7.9118 	EXP 	image_black: texRes = 128.0
7.9118 	EXP 	image_red: texRes = 128.0
7.9118 	EXP 	image_blue: texRes = 128.0
7.9167 	EXP 	image_green: texRes = 128.0
7.9167 	EXP 	image_black: texRes = 128.0
7.9167 	EXP 	image_red: texRes = 128.0
7.9167 	EXP 	image_blue: texRes = 128.0
7.9214 	EXP 	image_green: texRes = 128.0
7.9214 	EXP 	image_black: texRes = 128.0
7.9214 	EXP 	image_red: texRes = 128.0
7.9214 	EXP 	image_blue: texRes = 128.0
7.9264 	EXP 	image_green: texRes = 128.0
7.9264 	EXP 	image_black: texRes = 128.0
7.9264 	EXP 	image_red: texRes = 128.0
7.9264 	EXP 	image_blue: texRes = 128.0
7.9313 	EXP 	image_green: texRes = 128.0
7.9313 	EXP 	image_black: texRes = 128.0
7.9313 	EXP 	image_red: texRes = 128.0
7.9313 	EXP 	image_blue: texRes = 128.0
7.9379 	EXP 	image_green: texRes = 128.0
7.9379 	EXP 	image_black: texRes = 128.0
7.9379 	EXP 	image_red: texRes = 128.0
7.9379 	EXP 	image_blue: texRes = 128.0
7.9431 	EXP 	image_green: texRes = 128.0
7.9431 	EXP 	image_black: texRes = 128.0
7.9431 	EXP 	image_red: texRes = 128.0
7.9431 	EXP 	image_blue: texRes = 128.0
7.9481 	EXP 	image_green: texRes = 128.0
7.9481 	EXP 	image_black: texRes = 128.0
7.9481 	EXP 	image_red: texRes = 128.0
7.9481 	EXP 	image_blue: texRes = 128.0
7.9529 	EXP 	image_green: texRes = 128.0
7.9529 	EXP 	image_black: texRes = 128.0
7.9529 	EXP 	image_red: texRes = 128.0
7.9529 	EXP 	image_blue: texRes = 128.0
7.9580 	EXP 	image_green: texRes = 128.0
7.9580 	EXP 	image_black: texRes = 128.0
7.9580 	EXP 	image_red: texRes = 128.0
7.9580 	EXP 	image_blue: texRes = 128.0
7.9628 	EXP 	image_green: texRes = 128.0
7.9628 	EXP 	image_black: texRes = 128.0
7.9628 	EXP 	image_red: texRes = 128.0
7.9628 	EXP 	image_blue: texRes = 128.0
7.9678 	EXP 	image_green: texRes = 128.0
7.9678 	EXP 	image_black: texRes = 128.0
7.9678 	EXP 	image_red: texRes = 128.0
7.9678 	EXP 	image_blue: texRes = 128.0
7.9726 	EXP 	image_green: texRes = 128.0
7.9726 	EXP 	image_black: texRes = 128.0
7.9726 	EXP 	image_red: texRes = 128.0
7.9726 	EXP 	image_blue: texRes = 128.0
7.9775 	EXP 	image_green: texRes = 128.0
7.9775 	EXP 	image_black: texRes = 128.0
7.9775 	EXP 	image_red: texRes = 128.0
7.9775 	EXP 	image_blue: texRes = 128.0
7.9834 	EXP 	image_green: texRes = 128.0
7.9834 	EXP 	image_black: texRes = 128.0
7.9834 	EXP 	image_red: texRes = 128.0
7.9834 	EXP 	image_blue: texRes = 128.0
7.9885 	EXP 	image_green: texRes = 128.0
7.9885 	EXP 	image_black: texRes = 128.0
7.9885 	EXP 	image_red: texRes = 128.0
7.9885 	EXP 	image_blue: texRes = 128.0
7.9939 	EXP 	image_green: texRes = 128.0
7.9939 	EXP 	image_black: texRes = 128.0
7.9939 	EXP 	image_red: texRes = 128.0
7.9939 	EXP 	image_blue: texRes = 128.0
7.9987 	EXP 	image_green: texRes = 128.0
7.9987 	EXP 	image_black: texRes = 128.0
7.9987 	EXP 	image_red: texRes = 128.0
7.9987 	EXP 	image_blue: texRes = 128.0
8.0041 	EXP 	image_green: texRes = 128.0
8.0041 	EXP 	image_black: texRes = 128.0
8.0041 	EXP 	image_red: texRes = 128.0
8.0041 	EXP 	image_blue: texRes = 128.0
8.0089 	EXP 	image_green: texRes = 128.0
8.0089 	EXP 	image_black: texRes = 128.0
8.0089 	EXP 	image_red: texRes = 128.0
8.0089 	EXP 	image_blue: texRes = 128.0
8.0138 	EXP 	image_green: texRes = 128.0
8.0138 	EXP 	image_black: texRes = 128.0
8.0138 	EXP 	image_red: texRes = 128.0
8.0138 	EXP 	image_blue: texRes = 128.0
8.0186 	EXP 	image_green: texRes = 128.0
8.0186 	EXP 	image_black: texRes = 128.0
8.0186 	EXP 	image_red: texRes = 128.0
8.0186 	EXP 	image_blue: texRes = 128.0
8.0234 	EXP 	image_green: texRes = 128.0
8.0234 	EXP 	image_black: texRes = 128.0
8.0234 	EXP 	image_red: texRes = 128.0
8.0234 	EXP 	image_blue: texRes = 128.0
8.0281 	EXP 	image_green: texRes = 128.0
8.0281 	EXP 	image_black: texRes = 128.0
8.0281 	EXP 	image_red: texRes = 128.0
8.0281 	EXP 	image_blue: texRes = 128.0
8.0336 	EXP 	image_green: texRes = 128.0
8.0336 	EXP 	image_black: texRes = 128.0
8.0336 	EXP 	image_red: texRes = 128.0
8.0336 	EXP 	image_blue: texRes = 128.0
8.0384 	EXP 	image_green: texRes = 128.0
8.0384 	EXP 	image_black: texRes = 128.0
8.0384 	EXP 	image_red: texRes = 128.0
8.0384 	EXP 	image_blue: texRes = 128.0
8.0434 	EXP 	image_green: texRes = 128.0
8.0434 	EXP 	image_black: texRes = 128.0
8.0434 	EXP 	image_red: texRes = 128.0
8.0434 	EXP 	image_blue: texRes = 128.0
8.0487 	EXP 	image_green: texRes = 128.0
8.0487 	EXP 	image_black: texRes = 128.0
8.0487 	EXP 	image_red: texRes = 128.0
8.0487 	EXP 	image_blue: texRes = 128.0
8.0534 	EXP 	image_green: texRes = 128.0
8.0534 	EXP 	image_black: texRes = 128.0
8.0534 	EXP 	image_red: texRes = 128.0
8.0534 	EXP 	image_blue: texRes = 128.0
8.0582 	EXP 	image_green: texRes = 128.0
8.0582 	EXP 	image_black: texRes = 128.0
8.0582 	EXP 	image_red: texRes = 128.0
8.0582 	EXP 	image_blue: texRes = 128.0
8.0629 	EXP 	image_green: texRes = 128.0
8.0629 	EXP 	image_black: texRes = 128.0
8.0629 	EXP 	image_red: texRes = 128.0
8.0629 	EXP 	image_blue: texRes = 128.0
8.0680 	EXP 	image_green: texRes = 128.0
8.0680 	EXP 	image_black: texRes = 128.0
8.0680 	EXP 	image_red: texRes = 128.0
8.0680 	EXP 	image_blue: texRes = 128.0
8.0726 	EXP 	image_green: texRes = 128.0
8.0726 	EXP 	image_black: texRes = 128.0
8.0726 	EXP 	image_red: texRes = 128.0
8.0726 	EXP 	image_blue: texRes = 128.0
8.0796 	EXP 	image_green: texRes = 128.0
8.0796 	EXP 	image_black: texRes = 128.0
8.0796 	EXP 	image_red: texRes = 128.0
8.0796 	EXP 	image_blue: texRes = 128.0
8.0853 	EXP 	image_green: texRes = 128.0
8.0853 	EXP 	image_black: texRes = 128.0
8.0853 	EXP 	image_red: texRes = 128.0
8.0853 	EXP 	image_blue: texRes = 128.0
8.0901 	EXP 	image_green: texRes = 128.0
8.0901 	EXP 	image_black: texRes = 128.0
8.0901 	EXP 	image_red: texRes = 128.0
8.0901 	EXP 	image_blue: texRes = 128.0
8.0958 	EXP 	image_green: texRes = 128.0
8.0958 	EXP 	image_black: texRes = 128.0
8.0958 	EXP 	image_red: texRes = 128.0
8.0958 	EXP 	image_blue: texRes = 128.0
8.1017 	EXP 	image_green: texRes = 128.0
8.1017 	EXP 	image_black: texRes = 128.0
8.1017 	EXP 	image_red: texRes = 128.0
8.1017 	EXP 	image_blue: texRes = 128.0
8.1072 	EXP 	image_green: texRes = 128.0
8.1072 	EXP 	image_black: texRes = 128.0
8.1072 	EXP 	image_red: texRes = 128.0
8.1072 	EXP 	image_blue: texRes = 128.0
8.1123 	EXP 	image_green: texRes = 128.0
8.1123 	EXP 	image_black: texRes = 128.0
8.1123 	EXP 	image_red: texRes = 128.0
8.1123 	EXP 	image_blue: texRes = 128.0
8.1170 	EXP 	image_green: texRes = 128.0
8.1170 	EXP 	image_black: texRes = 128.0
8.1170 	EXP 	image_red: texRes = 128.0
8.1170 	EXP 	image_blue: texRes = 128.0
8.1221 	EXP 	image_green: texRes = 128.0
8.1221 	EXP 	image_black: texRes = 128.0
8.1221 	EXP 	image_red: texRes = 128.0
8.1221 	EXP 	image_blue: texRes = 128.0
8.1275 	EXP 	image_green: texRes = 128.0
8.1275 	EXP 	image_black: texRes = 128.0
8.1275 	EXP 	image_red: texRes = 128.0
8.1275 	EXP 	image_blue: texRes = 128.0
8.1329 	EXP 	image_green: texRes = 128.0
8.1329 	EXP 	image_black: texRes = 128.0
8.1329 	EXP 	image_red: texRes = 128.0
8.1329 	EXP 	image_blue: texRes = 128.0
8.1382 	EXP 	image_green: texRes = 128.0
8.1382 	EXP 	image_black: texRes = 128.0
8.1382 	EXP 	image_red: texRes = 128.0
8.1382 	EXP 	image_blue: texRes = 128.0
8.1436 	EXP 	image_green: texRes = 128.0
8.1436 	EXP 	image_black: texRes = 128.0
8.1436 	EXP 	image_red: texRes = 128.0
8.1436 	EXP 	image_blue: texRes = 128.0
8.1459 	DATA 	Mouse: Left button down, pos=(1570,341)
8.1490 	EXP 	image_green: texRes = 128.0
8.1490 	EXP 	image_black: texRes = 128.0
8.1490 	EXP 	image_red: texRes = 128.0
8.1490 	EXP 	image_blue: texRes = 128.0
8.1542 	EXP 	image_green: texRes = 128.0
8.1542 	EXP 	image_black: texRes = 128.0
8.1542 	EXP 	image_red: texRes = 128.0
8.1542 	EXP 	image_blue: texRes = 128.0
8.1596 	EXP 	image_green: texRes = 128.0
8.1596 	EXP 	image_black: texRes = 128.0
8.1596 	EXP 	image_red: texRes = 128.0
8.1596 	EXP 	image_blue: texRes = 128.0
8.1642 	EXP 	image_green: texRes = 128.0
8.1642 	EXP 	image_black: texRes = 128.0
8.1642 	EXP 	image_red: texRes = 128.0
8.1642 	EXP 	image_blue: texRes = 128.0
8.1689 	EXP 	image_green: texRes = 128.0
8.1689 	EXP 	image_black: texRes = 128.0
8.1689 	EXP 	image_red: texRes = 128.0
8.1689 	EXP 	image_blue: texRes = 128.0
8.1741 	EXP 	image_green: texRes = 128.0
8.1741 	EXP 	image_black: texRes = 128.0
8.1741 	EXP 	image_red: texRes = 128.0
8.1741 	EXP 	image_blue: texRes = 128.0
8.1789 	EXP 	image_green: texRes = 128.0
8.1789 	EXP 	image_black: texRes = 128.0
8.1789 	EXP 	image_red: texRes = 128.0
8.1789 	EXP 	image_blue: texRes = 128.0
8.1835 	EXP 	image_green: texRes = 128.0
8.1835 	EXP 	image_black: texRes = 128.0
8.1835 	EXP 	image_red: texRes = 128.0
8.1835 	EXP 	image_blue: texRes = 128.0
8.1905 	EXP 	image_green: texRes = 128.0
8.1905 	EXP 	image_black: texRes = 128.0
8.1905 	EXP 	image_red: texRes = 128.0
8.1905 	EXP 	image_blue: texRes = 128.0
8.1957 	EXP 	image_green: texRes = 128.0
8.1957 	EXP 	image_black: texRes = 128.0
8.1957 	EXP 	image_red: texRes = 128.0
8.1957 	EXP 	image_blue: texRes = 128.0
8.2004 	EXP 	image_green: texRes = 128.0
8.2004 	EXP 	image_black: texRes = 128.0
8.2004 	EXP 	image_red: texRes = 128.0
8.2004 	EXP 	image_blue: texRes = 128.0
8.2056 	EXP 	image_green: texRes = 128.0
8.2056 	EXP 	image_black: texRes = 128.0
8.2056 	EXP 	image_red: texRes = 128.0
8.2056 	EXP 	image_blue: texRes = 128.0
8.2107 	EXP 	image_green: texRes = 128.0
8.2107 	EXP 	image_black: texRes = 128.0
8.2107 	EXP 	image_red: texRes = 128.0
8.2107 	EXP 	image_blue: texRes = 128.0
8.2155 	EXP 	image_green: texRes = 128.0
8.2155 	EXP 	image_black: texRes = 128.0
8.2155 	EXP 	image_red: texRes = 128.0
8.2155 	EXP 	image_blue: texRes = 128.0
8.2217 	EXP 	image_green: texRes = 128.0
8.2217 	EXP 	image_black: texRes = 128.0
8.2217 	EXP 	image_red: texRes = 128.0
8.2217 	EXP 	image_blue: texRes = 128.0
8.2270 	EXP 	image_green: texRes = 128.0
8.2270 	EXP 	image_black: texRes = 128.0
8.2270 	EXP 	image_red: texRes = 128.0
8.2270 	EXP 	image_blue: texRes = 128.0
8.2317 	EXP 	image_green: texRes = 128.0
8.2317 	EXP 	image_black: texRes = 128.0
8.2317 	EXP 	image_red: texRes = 128.0
8.2317 	EXP 	image_blue: texRes = 128.0
8.2366 	EXP 	image_green: texRes = 128.0
8.2366 	EXP 	image_black: texRes = 128.0
8.2366 	EXP 	image_red: texRes = 128.0
8.2366 	EXP 	image_blue: texRes = 128.0
8.2416 	EXP 	image_green: texRes = 128.0
8.2416 	EXP 	image_black: texRes = 128.0
8.2416 	EXP 	image_red: texRes = 128.0
8.2416 	EXP 	image_blue: texRes = 128.0
8.2464 	EXP 	image_green: texRes = 128.0
8.2464 	EXP 	image_black: texRes = 128.0
8.2464 	EXP 	image_red: texRes = 128.0
8.2464 	EXP 	image_blue: texRes = 128.0
8.2511 	EXP 	image_green: texRes = 128.0
8.2511 	EXP 	image_black: texRes = 128.0
8.2511 	EXP 	image_red: texRes = 128.0
8.2511 	EXP 	image_blue: texRes = 128.0
8.2569 	EXP 	image_green: texRes = 128.0
8.2569 	EXP 	image_black: texRes = 128.0
8.2569 	EXP 	image_red: texRes = 128.0
8.2569 	EXP 	image_blue: texRes = 128.0
8.2619 	EXP 	image_green: texRes = 128.0
8.2619 	EXP 	image_black: texRes = 128.0
8.2619 	EXP 	image_red: texRes = 128.0
8.2619 	EXP 	image_blue: texRes = 128.0
8.2659 	DATA 	Mouse:  Left button up, pos=(1570,341)
8.2668 	EXP 	image_green: texRes = 128.0
8.2668 	EXP 	image_black: texRes = 128.0
8.2668 	EXP 	image_red: texRes = 128.0
8.2668 	EXP 	image_blue: texRes = 128.0
8.2725 	EXP 	image_green: texRes = 128.0
8.2725 	EXP 	image_black: texRes = 128.0
8.2725 	EXP 	image_red: texRes = 128.0
8.2725 	EXP 	image_blue: texRes = 128.0
8.2774 	EXP 	image_green: texRes = 128.0
8.2774 	EXP 	image_black: texRes = 128.0
8.2774 	EXP 	image_red: texRes = 128.0
8.2774 	EXP 	image_blue: texRes = 128.0
8.2834 	EXP 	image_green: texRes = 128.0
8.2834 	EXP 	image_black: texRes = 128.0
8.2834 	EXP 	image_red: texRes = 128.0
8.2834 	EXP 	image_blue: texRes = 128.0
8.2886 	EXP 	image_green: texRes = 128.0
8.2886 	EXP 	image_black: texRes = 128.0
8.2886 	EXP 	image_red: texRes = 128.0
8.2886 	EXP 	image_blue: texRes = 128.0
8.2943 	EXP 	image_green: texRes = 128.0
8.2943 	EXP 	image_black: texRes = 128.0
8.2943 	EXP 	image_red: texRes = 128.0
8.2943 	EXP 	image_blue: texRes = 128.0
8.2990 	EXP 	image_green: texRes = 128.0
8.2990 	EXP 	image_black: texRes = 128.0
8.2990 	EXP 	image_red: texRes = 128.0
8.2990 	EXP 	image_blue: texRes = 128.0
8.3046 	EXP 	image_green: texRes = 128.0
8.3046 	EXP 	image_black: texRes = 128.0
8.3046 	EXP 	image_red: texRes = 128.0
8.3046 	EXP 	image_blue: texRes = 128.0
8.3096 	EXP 	image_green: texRes = 128.0
8.3096 	EXP 	image_black: texRes = 128.0
8.3096 	EXP 	image_red: texRes = 128.0
8.3096 	EXP 	image_blue: texRes = 128.0
8.3160 	EXP 	image_green: texRes = 128.0
8.3160 	EXP 	image_black: texRes = 128.0
8.3160 	EXP 	image_red: texRes = 128.0
8.3160 	EXP 	image_blue: texRes = 128.0
8.3217 	EXP 	image_green: texRes = 128.0
8.3217 	EXP 	image_black: texRes = 128.0
8.3217 	EXP 	image_red: texRes = 128.0
8.3217 	EXP 	image_blue: texRes = 128.0
8.3271 	EXP 	image_green: texRes = 128.0
8.3271 	EXP 	image_black: texRes = 128.0
8.3271 	EXP 	image_red: texRes = 128.0
8.3271 	EXP 	image_blue: texRes = 128.0
8.3318 	EXP 	image_green: texRes = 128.0
8.3318 	EXP 	image_black: texRes = 128.0
8.3318 	EXP 	image_red: texRes = 128.0
8.3318 	EXP 	image_blue: texRes = 128.0
8.3372 	EXP 	image_green: texRes = 128.0
8.3372 	EXP 	image_black: texRes = 128.0
8.3372 	EXP 	image_red: texRes = 128.0
8.3372 	EXP 	image_blue: texRes = 128.0
8.3422 	EXP 	image_green: texRes = 128.0
8.3422 	EXP 	image_black: texRes = 128.0
8.3422 	EXP 	image_red: texRes = 128.0
8.3422 	EXP 	image_blue: texRes = 128.0
8.3480 	EXP 	image_green: texRes = 128.0
8.3480 	EXP 	image_black: texRes = 128.0
8.3480 	EXP 	image_red: texRes = 128.0
8.3480 	EXP 	image_blue: texRes = 128.0
8.3536 	EXP 	image_green: texRes = 128.0
8.3536 	EXP 	image_black: texRes = 128.0
8.3536 	EXP 	image_red: texRes = 128.0
8.3536 	EXP 	image_blue: texRes = 128.0
8.3588 	EXP 	image_green: texRes = 128.0
8.3588 	EXP 	image_black: texRes = 128.0
8.3588 	EXP 	image_red: texRes = 128.0
8.3588 	EXP 	image_blue: texRes = 128.0
8.3636 	EXP 	image_green: texRes = 128.0
8.3636 	EXP 	image_black: texRes = 128.0
8.3636 	EXP 	image_red: texRes = 128.0
8.3636 	EXP 	image_blue: texRes = 128.0
8.3683 	EXP 	image_green: texRes = 128.0
8.3683 	EXP 	image_black: texRes = 128.0
8.3683 	EXP 	image_red: texRes = 128.0
8.3683 	EXP 	image_blue: texRes = 128.0
8.3735 	EXP 	image_green: texRes = 128.0
8.3735 	EXP 	image_black: texRes = 128.0
8.3735 	EXP 	image_red: texRes = 128.0
8.3735 	EXP 	image_blue: texRes = 128.0
8.3801 	EXP 	image_green: texRes = 128.0
8.3801 	EXP 	image_black: texRes = 128.0
8.3801 	EXP 	image_red: texRes = 128.0
8.3801 	EXP 	image_blue: texRes = 128.0
8.3852 	EXP 	image_green: texRes = 128.0
8.3852 	EXP 	image_black: texRes = 128.0
8.3852 	EXP 	image_red: texRes = 128.0
8.3852 	EXP 	image_blue: texRes = 128.0
8.3910 	EXP 	image_green: texRes = 128.0
8.3910 	EXP 	image_black: texRes = 128.0
8.3910 	EXP 	image_red: texRes = 128.0
8.3910 	EXP 	image_blue: texRes = 128.0
8.3959 	EXP 	image_green: texRes = 128.0
8.3959 	EXP 	image_black: texRes = 128.0
8.3959 	EXP 	image_red: texRes = 128.0
8.3959 	EXP 	image_blue: texRes = 128.0
8.3986 	DATA 	Keypress: escape
8.4017 	EXP 	image_green: texRes = 128.0
8.4017 	EXP 	image_black: texRes = 128.0
8.4017 	EXP 	image_red: texRes = 128.0
8.4017 	EXP 	image_blue: texRes = 128.0
8.4072 	EXP 	image_green: texRes = 128.0
8.4072 	EXP 	image_black: texRes = 128.0
8.4072 	EXP 	image_red: texRes = 128.0
8.4072 	EXP 	image_blue: texRes = 128.0
8.4129 	EXP 	image_green: texRes = 128.0
8.4129 	EXP 	image_black: texRes = 128.0
8.4129 	EXP 	image_red: texRes = 128.0
8.4129 	EXP 	image_blue: texRes = 128.0
8.4182 	EXP 	image_green: texRes = 128.0
8.4182 	EXP 	image_black: texRes = 128.0
8.4182 	EXP 	image_red: texRes = 128.0
8.4182 	EXP 	image_blue: texRes = 128.0
8.4237 	EXP 	image_green: texRes = 128.0
8.4237 	EXP 	image_black: texRes = 128.0
8.4237 	EXP 	image_red: texRes = 128.0
8.4237 	EXP 	image_blue: texRes = 128.0
8.4296 	EXP 	image_green: texRes = 128.0
8.4296 	EXP 	image_black: texRes = 128.0
8.4296 	EXP 	image_red: texRes = 128.0
8.4296 	EXP 	image_blue: texRes = 128.0
8.4346 	EXP 	image_green: texRes = 128.0
8.4346 	EXP 	image_black: texRes = 128.0
8.4346 	EXP 	image_red: texRes = 128.0
8.4346 	EXP 	image_blue: texRes = 128.0
8.4402 	EXP 	image_green: texRes = 128.0
8.4402 	EXP 	image_black: texRes = 128.0
8.4402 	EXP 	image_red: texRes = 128.0
8.4402 	EXP 	image_blue: texRes = 128.0
8.4460 	EXP 	image_green: texRes = 128.0
8.4460 	EXP 	image_black: texRes = 128.0
8.4460 	EXP 	image_red: texRes = 128.0
8.4460 	EXP 	image_blue: texRes = 128.0
8.4510 	EXP 	image_green: texRes = 128.0
8.4510 	EXP 	image_black: texRes = 128.0
8.4510 	EXP 	image_red: texRes = 128.0
8.4510 	EXP 	image_blue: texRes = 128.0
8.4563 	EXP 	image_green: texRes = 128.0
8.4563 	EXP 	image_black: texRes = 128.0
8.4563 	EXP 	image_red: texRes = 128.0
8.4563 	EXP 	image_blue: texRes = 128.0
8.4620 	EXP 	image_green: texRes = 128.0
8.4620 	EXP 	image_black: texRes = 128.0
8.4620 	EXP 	image_red: texRes = 128.0
8.4620 	EXP 	image_blue: texRes = 128.0
8.4668 	EXP 	image_green: texRes = 128.0
8.4668 	EXP 	image_black: texRes = 128.0
8.4668 	EXP 	image_red: texRes = 128.0
8.4668 	EXP 	image_blue: texRes = 128.0
8.4734 	EXP 	image_green: texRes = 128.0
8.4734 	EXP 	image_black: texRes = 128.0
8.4734 	EXP 	image_red: texRes = 128.0
8.4734 	EXP 	image_blue: texRes = 128.0
8.4788 	EXP 	image_green: texRes = 128.0
8.4788 	EXP 	image_black: texRes = 128.0
8.4788 	EXP 	image_red: texRes = 128.0
8.4788 	EXP 	image_blue: texRes = 128.0
8.4837 	EXP 	image_green: texRes = 128.0
8.4837 	EXP 	image_black: texRes = 128.0
8.4837 	EXP 	image_red: texRes = 128.0
8.4837 	EXP 	image_blue: texRes = 128.0
8.4890 	EXP 	image_green: texRes = 128.0
8.4890 	EXP 	image_black: texRes = 128.0
8.4890 	EXP 	image_red: texRes = 128.0
8.4890 	EXP 	image_blue: texRes = 128.0
8.4951 	EXP 	image_green: texRes = 128.0
8.4951 	EXP 	image_black: texRes = 128.0
8.4951 	EXP 	image_red: texRes = 128.0
8.4951 	EXP 	image_blue: texRes = 128.0
8.9733 	EXP 	window1: mouseVisible = True
