4.1371 	WARNING 	User requested fullscreen with size [1024  768], but screen is actually [1920, 1080]. Using actual size
4.4809 	EXP 	Created window1 = Window(allowGUI=True, allowStencil=False, autoLog=True, backendConf=UNKNOWN, backgroundFit=<method-wrapper '__getattribute__' of attributeSetter object at 0x000001A2386BB3A0>, backgroundImage=<method-wrapper '__getattribute__' of attributeSetter object at 0x000001A2386BB340>, bitsMode=UNKNOWN, blendMode='avg', bpc=(8, 8, 8), color=array([0, 0, 0]), colorSpace='rgb', depthBits=8, fullscr=<method-wrapper '__getattribute__' of attributeSetter object at 0x000001A2386BB1C0>, gamma=None, gammaErrorPolicy='raise', lms=UNKNOWN, monitor=<psychopy.monitors.calibTools.Monitor object at 0x000001A23E20CCA0>, multiSample=False, name='window1', numSamples=2, pos=(0, 0), screen=0, size=array([1920, 1080]), stencilBits=0, stereo=False, units='height', useFBO=True, useRetina=False, viewOri=0.0, viewPos=None, viewScale=None, waitBlanking=True, winType='pyglet')
4.4809 	EXP 	window1: mouseVisible = True
4.4809 	EXP 	window1: backgroundImage = ''
4.4809 	EXP 	window1: backgroundFit = 'none'
4.4810 	EXP 	window1: mouseVisible = False
4.4810 	EXP 	window1: Attempting to measure frame rate of screen (0) ...
4.4810 	EXP 	window1: recordFrameIntervals = False
4.5224 	EXP 	window1: recordFrameIntervals = True
4.5683 	EXP 	Screen (0) actual frame rate measured at 239.33Hz
4.5684 	EXP 	window1: recordFrameIntervals = False
6.1832 	EXP 	Created shown_image = ImageStim(__class__=<class 'psychopy.visual.image.ImageStim'>, anchor=('center', 'center'), autoLog=True, color=array([1., 1., 1.]), colorSpace='rgb', contrast=1.0, depth=-1.0, flipHoriz=False, flipVert=False, image='default.png', interpolate=True, mask=None, maskParams=None, name='shown_image', opacity=1.0, ori=0.0, pos=array([0., 0.]), size=array([100., 100.]), texRes=128.0, units='pix', win=Window(...))
6.1870 	EXP 	Created image_black = ImageStim(__class__=<class 'psychopy.visual.image.ImageStim'>, anchor=('center', 'center'), autoLog=True, color=array([1., 1., 1.]), colorSpace='rgb', contrast=1.0, depth=-2.0, flipHoriz=False, flipVert=False, image='black.png', interpolate=True, mask=None, maskParams=None, name='image_black', opacity=1.0, ori=0.0, pos=array([ 600., -250.]), size=array([100., 100.]), texRes=128.0, units='pix', win=Window(...))
6.1908 	EXP 	Created image_green = ImageStim(__class__=<class 'psychopy.visual.image.ImageStim'>, anchor=('center', 'center'), autoLog=True, color=array([1., 1., 1.]), colorSpace='rgb', contrast=1.0, depth=-3.0, flipHoriz=False, flipVert=False, image='green.png', interpolate=True, mask=None, maskParams=None, name='image_green', opacity=1.0, ori=0.0, pos=array([ 200., -250.]), size=array([100., 100.]), texRes=128.0, units='pix', win=Window(...))
6.1946 	EXP 	Created image_red = ImageStim(__class__=<class 'psychopy.visual.image.ImageStim'>, anchor=('center', 'center'), autoLog=True, color=array([1., 1., 1.]), colorSpace='rgb', contrast=1.0, depth=-4.0, flipHoriz=False, flipVert=False, image='red.png', interpolate=True, mask=None, maskParams=None, name='image_red', opacity=1.0, ori=0.0, pos=array([-200., -250.]), size=array([100., 100.]), texRes=128.0, units='pix', win=Window(...))
6.1986 	EXP 	Created image_blue = ImageStim(__class__=<class 'psychopy.visual.image.ImageStim'>, anchor=('center', 'center'), autoLog=True, color=array([1., 1., 1.]), colorSpace='rgb', contrast=1.0, depth=-5.0, flipHoriz=False, flipVert=False, image='blue.png', interpolate=True, mask=None, maskParams=None, name='image_blue', opacity=1.0, ori=0.0, pos=array([-600., -250.]), size=array([100., 100.]), texRes=128.0, units='pix', win=Window(...))
6.1989 	EXP 	window1: mouseVisible = True
6.2264 	EXP 	Created text = TextStim(__class__=<class 'psychopy.visual.text.TextStim'>, alignHoriz=method-wrapper(...), alignText='center', alignVert=method-wrapper(...), anchorHoriz='center', anchorVert='center', antialias=True, autoDraw=False, autoLog=True, bold=False, color=array([1., 1., 1.]), colorSpace='rgb', contrast=1.0, depth=-7.0, flipHoriz=False, flipVert=False, font='Open Sans', fontFiles=[], height=0.05, italic=False, languageStyle='LTR', name='text', opacity=1.0, ori=0.0, pos=array([0. , 0.2]), rgb=UNKNOWN, text='', units='height', win=Window(...), wrapWidth=1)
6.2277 	EXP 	Created answer = TextStim(__class__=<class 'psychopy.visual.text.TextStim'>, alignHoriz=method-wrapper(...), alignText='center', alignVert=method-wrapper(...), anchorHoriz='center', anchorVert='center', antialias=True, autoDraw=False, autoLog=True, bold=False, color=array([1., 1., 1.]), colorSpace='rgb', contrast=1.0, depth=0.0, flipHoriz=False, flipVert=False, font='Open Sans', fontFiles=[], height=0.03, italic=False, languageStyle='LTR', name='answer', opacity=1.0, ori=0.0, pos=array([0., 0.]), rgb=UNKNOWN, text='', units='height', win=Window(...), wrapWidth=1)
6.2280 	EXP 	Created sequence: random, trialTypes=1, nReps=5, seed=None
6.2281 	EXP 	New trial (rep=0, index=0): None
6.2713 	EXP 	shown_image: image = 'green.png'
6.2713 	EXP 	text: height = 0.05
6.2713 	EXP 	text: height = 0.05
6.2713 	EXP 	text: height = 0.05
6.2713 	EXP 	text: text = 'Number Of Loop: 0'
6.2713 	EXP 	image_green: texRes = 128.0
6.2713 	EXP 	image_black: texRes = 128.0
6.2713 	EXP 	image_red: texRes = 128.0
6.2713 	EXP 	image_blue: texRes = 128.0
6.2713 	EXP 	shown_image: autoDraw = True
6.2713 	EXP 	image_black: autoDraw = True
6.2713 	EXP 	image_green: autoDraw = True
6.2713 	EXP 	image_red: autoDraw = True
6.2713 	EXP 	image_blue: autoDraw = True
6.2713 	EXP 	text: autoDraw = True
6.2769 	EXP 	image_green: texRes = 128.0
6.2769 	EXP 	image_black: texRes = 128.0
6.2769 	EXP 	image_red: texRes = 128.0
6.2769 	EXP 	image_blue: texRes = 128.0
6.2825 	EXP 	image_green: texRes = 128.0
6.2825 	EXP 	image_black: texRes = 128.0
6.2825 	EXP 	image_red: texRes = 128.0
6.2825 	EXP 	image_blue: texRes = 128.0
6.2914 	EXP 	image_green: texRes = 128.0
6.2914 	EXP 	image_black: texRes = 128.0
6.2914 	EXP 	image_red: texRes = 128.0
6.2914 	EXP 	image_blue: texRes = 128.0
6.2987 	EXP 	image_green: texRes = 128.0
6.2987 	EXP 	image_black: texRes = 128.0
6.2987 	EXP 	image_red: texRes = 128.0
6.2987 	EXP 	image_blue: texRes = 128.0
6.3072 	EXP 	image_green: texRes = 128.0
6.3072 	EXP 	image_black: texRes = 128.0
6.3072 	EXP 	image_red: texRes = 128.0
6.3072 	EXP 	image_blue: texRes = 128.0
6.3129 	EXP 	image_green: texRes = 128.0
6.3129 	EXP 	image_black: texRes = 128.0
6.3129 	EXP 	image_red: texRes = 128.0
6.3129 	EXP 	image_blue: texRes = 128.0
6.3200 	EXP 	image_green: texRes = 128.0
6.3200 	EXP 	image_black: texRes = 128.0
6.3200 	EXP 	image_red: texRes = 128.0
6.3200 	EXP 	image_blue: texRes = 128.0
6.3264 	EXP 	image_green: texRes = 128.0
6.3264 	EXP 	image_black: texRes = 128.0
6.3264 	EXP 	image_red: texRes = 128.0
6.3264 	EXP 	image_blue: texRes = 128.0
6.3330 	EXP 	image_green: texRes = 128.0
6.3330 	EXP 	image_black: texRes = 128.0
6.3330 	EXP 	image_red: texRes = 128.0
6.3330 	EXP 	image_blue: texRes = 128.0
6.3386 	EXP 	image_green: texRes = 128.0
6.3386 	EXP 	image_black: texRes = 128.0
6.3386 	EXP 	image_red: texRes = 128.0
6.3386 	EXP 	image_blue: texRes = 128.0
6.3459 	EXP 	image_green: texRes = 128.0
6.3459 	EXP 	image_black: texRes = 128.0
6.3459 	EXP 	image_red: texRes = 128.0
6.3459 	EXP 	image_blue: texRes = 128.0
6.3518 	EXP 	image_green: texRes = 128.0
6.3518 	EXP 	image_black: texRes = 128.0
6.3518 	EXP 	image_red: texRes = 128.0
6.3518 	EXP 	image_blue: texRes = 128.0
6.3573 	EXP 	image_green: texRes = 128.0
6.3573 	EXP 	image_black: texRes = 128.0
6.3573 	EXP 	image_red: texRes = 128.0
6.3573 	EXP 	image_blue: texRes = 128.0
6.3631 	EXP 	image_green: texRes = 128.0
6.3631 	EXP 	image_black: texRes = 128.0
6.3631 	EXP 	image_red: texRes = 128.0
6.3631 	EXP 	image_blue: texRes = 128.0
6.3691 	EXP 	image_green: texRes = 128.0
6.3691 	EXP 	image_black: texRes = 128.0
6.3691 	EXP 	image_red: texRes = 128.0
6.3691 	EXP 	image_blue: texRes = 128.0
6.3748 	EXP 	image_green: texRes = 128.0
6.3748 	EXP 	image_black: texRes = 128.0
6.3748 	EXP 	image_red: texRes = 128.0
6.3748 	EXP 	image_blue: texRes = 128.0
6.3804 	EXP 	image_green: texRes = 128.0
6.3804 	EXP 	image_black: texRes = 128.0
6.3804 	EXP 	image_red: texRes = 128.0
6.3804 	EXP 	image_blue: texRes = 128.0
6.3860 	EXP 	image_green: texRes = 128.0
6.3860 	EXP 	image_black: texRes = 128.0
6.3860 	EXP 	image_red: texRes = 128.0
6.3860 	EXP 	image_blue: texRes = 128.0
6.3922 	EXP 	image_green: texRes = 128.0
6.3922 	EXP 	image_black: texRes = 128.0
6.3922 	EXP 	image_red: texRes = 128.0
6.3922 	EXP 	image_blue: texRes = 128.0
6.3983 	EXP 	image_green: texRes = 128.0
6.3983 	EXP 	image_black: texRes = 128.0
6.3983 	EXP 	image_red: texRes = 128.0
6.3983 	EXP 	image_blue: texRes = 128.0
6.4042 	EXP 	image_green: texRes = 128.0
6.4042 	EXP 	image_black: texRes = 128.0
6.4042 	EXP 	image_red: texRes = 128.0
6.4042 	EXP 	image_blue: texRes = 128.0
6.4099 	EXP 	image_green: texRes = 128.0
6.4099 	EXP 	image_black: texRes = 128.0
6.4099 	EXP 	image_red: texRes = 128.0
6.4099 	EXP 	image_blue: texRes = 128.0
6.4154 	EXP 	image_green: texRes = 128.0
6.4154 	EXP 	image_black: texRes = 128.0
6.4154 	EXP 	image_red: texRes = 128.0
6.4154 	EXP 	image_blue: texRes = 128.0
6.4211 	EXP 	image_green: texRes = 128.0
6.4211 	EXP 	image_black: texRes = 128.0
6.4211 	EXP 	image_red: texRes = 128.0
6.4211 	EXP 	image_blue: texRes = 128.0
6.4266 	EXP 	image_green: texRes = 128.0
6.4266 	EXP 	image_black: texRes = 128.0
6.4266 	EXP 	image_red: texRes = 128.0
6.4266 	EXP 	image_blue: texRes = 128.0
6.4324 	EXP 	image_green: texRes = 128.0
6.4324 	EXP 	image_black: texRes = 128.0
6.4324 	EXP 	image_red: texRes = 128.0
6.4324 	EXP 	image_blue: texRes = 128.0
6.4391 	EXP 	image_green: texRes = 128.0
6.4391 	EXP 	image_black: texRes = 128.0
6.4391 	EXP 	image_red: texRes = 128.0
6.4391 	EXP 	image_blue: texRes = 128.0
6.4451 	EXP 	image_green: texRes = 128.0
6.4451 	EXP 	image_black: texRes = 128.0
6.4451 	EXP 	image_red: texRes = 128.0
6.4451 	EXP 	image_blue: texRes = 128.0
6.4506 	EXP 	image_green: texRes = 128.0
6.4506 	EXP 	image_black: texRes = 128.0
6.4506 	EXP 	image_red: texRes = 128.0
6.4506 	EXP 	image_blue: texRes = 128.0
6.4565 	EXP 	image_green: texRes = 128.0
6.4565 	EXP 	image_black: texRes = 128.0
6.4565 	EXP 	image_red: texRes = 128.0
6.4565 	EXP 	image_blue: texRes = 128.0
6.4620 	EXP 	image_green: texRes = 128.0
6.4620 	EXP 	image_black: texRes = 128.0
6.4620 	EXP 	image_red: texRes = 128.0
6.4620 	EXP 	image_blue: texRes = 128.0
6.4677 	EXP 	image_green: texRes = 128.0
6.4677 	EXP 	image_black: texRes = 128.0
6.4677 	EXP 	image_red: texRes = 128.0
6.4677 	EXP 	image_blue: texRes = 128.0
6.4735 	EXP 	image_green: texRes = 128.0
6.4735 	EXP 	image_black: texRes = 128.0
6.4735 	EXP 	image_red: texRes = 128.0
6.4735 	EXP 	image_blue: texRes = 128.0
6.4792 	EXP 	image_green: texRes = 128.0
6.4792 	EXP 	image_black: texRes = 128.0
6.4792 	EXP 	image_red: texRes = 128.0
6.4792 	EXP 	image_blue: texRes = 128.0
6.4865 	EXP 	image_green: texRes = 128.0
6.4865 	EXP 	image_black: texRes = 128.0
6.4865 	EXP 	image_red: texRes = 128.0
6.4865 	EXP 	image_blue: texRes = 128.0
6.4924 	EXP 	image_green: texRes = 128.0
6.4924 	EXP 	image_black: texRes = 128.0
6.4924 	EXP 	image_red: texRes = 128.0
6.4924 	EXP 	image_blue: texRes = 128.0
6.4982 	EXP 	image_green: texRes = 128.0
6.4982 	EXP 	image_black: texRes = 128.0
6.4982 	EXP 	image_red: texRes = 128.0
6.4982 	EXP 	image_blue: texRes = 128.0
6.5041 	EXP 	image_green: texRes = 128.0
6.5041 	EXP 	image_black: texRes = 128.0
6.5041 	EXP 	image_red: texRes = 128.0
6.5041 	EXP 	image_blue: texRes = 128.0
6.5099 	EXP 	image_green: texRes = 128.0
6.5099 	EXP 	image_black: texRes = 128.0
6.5099 	EXP 	image_red: texRes = 128.0
6.5099 	EXP 	image_blue: texRes = 128.0
6.5153 	EXP 	image_green: texRes = 128.0
6.5153 	EXP 	image_black: texRes = 128.0
6.5153 	EXP 	image_red: texRes = 128.0
6.5153 	EXP 	image_blue: texRes = 128.0
6.5204 	EXP 	image_green: texRes = 128.0
6.5204 	EXP 	image_black: texRes = 128.0
6.5204 	EXP 	image_red: texRes = 128.0
6.5204 	EXP 	image_blue: texRes = 128.0
6.5251 	EXP 	image_green: texRes = 128.0
6.5251 	EXP 	image_black: texRes = 128.0
6.5251 	EXP 	image_red: texRes = 128.0
6.5251 	EXP 	image_blue: texRes = 128.0
6.5305 	EXP 	image_green: texRes = 128.0
6.5305 	EXP 	image_black: texRes = 128.0
6.5305 	EXP 	image_red: texRes = 128.0
6.5305 	EXP 	image_blue: texRes = 128.0
6.5361 	EXP 	image_green: texRes = 128.0
6.5361 	EXP 	image_black: texRes = 128.0
6.5361 	EXP 	image_red: texRes = 128.0
6.5361 	EXP 	image_blue: texRes = 128.0
6.5413 	EXP 	image_green: texRes = 128.0
6.5413 	EXP 	image_black: texRes = 128.0
6.5413 	EXP 	image_red: texRes = 128.0
6.5413 	EXP 	image_blue: texRes = 128.0
6.5461 	EXP 	image_green: texRes = 128.0
6.5461 	EXP 	image_black: texRes = 128.0
6.5461 	EXP 	image_red: texRes = 128.0
6.5461 	EXP 	image_blue: texRes = 128.0
6.5513 	EXP 	image_green: texRes = 128.0
6.5513 	EXP 	image_black: texRes = 128.0
6.5513 	EXP 	image_red: texRes = 128.0
6.5513 	EXP 	image_blue: texRes = 128.0
6.5561 	EXP 	image_green: texRes = 128.0
6.5561 	EXP 	image_black: texRes = 128.0
6.5561 	EXP 	image_red: texRes = 128.0
6.5561 	EXP 	image_blue: texRes = 128.0
6.5612 	EXP 	image_green: texRes = 128.0
6.5612 	EXP 	image_black: texRes = 128.0
6.5612 	EXP 	image_red: texRes = 128.0
6.5612 	EXP 	image_blue: texRes = 128.0
6.5663 	EXP 	image_green: texRes = 128.0
6.5663 	EXP 	image_black: texRes = 128.0
6.5663 	EXP 	image_red: texRes = 128.0
6.5663 	EXP 	image_blue: texRes = 128.0
6.5714 	EXP 	image_green: texRes = 128.0
6.5714 	EXP 	image_black: texRes = 128.0
6.5714 	EXP 	image_red: texRes = 128.0
6.5714 	EXP 	image_blue: texRes = 128.0
6.5765 	EXP 	image_green: texRes = 128.0
6.5765 	EXP 	image_black: texRes = 128.0
6.5765 	EXP 	image_red: texRes = 128.0
6.5765 	EXP 	image_blue: texRes = 128.0
6.5816 	EXP 	image_green: texRes = 128.0
6.5816 	EXP 	image_black: texRes = 128.0
6.5816 	EXP 	image_red: texRes = 128.0
6.5816 	EXP 	image_blue: texRes = 128.0
6.5872 	EXP 	image_green: texRes = 128.0
6.5872 	EXP 	image_black: texRes = 128.0
6.5872 	EXP 	image_red: texRes = 128.0
6.5872 	EXP 	image_blue: texRes = 128.0
6.5924 	EXP 	image_green: texRes = 128.0
6.5924 	EXP 	image_black: texRes = 128.0
6.5924 	EXP 	image_red: texRes = 128.0
6.5924 	EXP 	image_blue: texRes = 128.0
6.5974 	EXP 	image_green: texRes = 128.0
6.5974 	EXP 	image_black: texRes = 128.0
6.5974 	EXP 	image_red: texRes = 128.0
6.5974 	EXP 	image_blue: texRes = 128.0
6.6025 	EXP 	image_green: texRes = 128.0
6.6025 	EXP 	image_black: texRes = 128.0
6.6025 	EXP 	image_red: texRes = 128.0
6.6025 	EXP 	image_blue: texRes = 128.0
6.6072 	EXP 	image_green: texRes = 128.0
6.6072 	EXP 	image_black: texRes = 128.0
6.6072 	EXP 	image_red: texRes = 128.0
6.6072 	EXP 	image_blue: texRes = 128.0
6.6123 	EXP 	image_green: texRes = 128.0
6.6123 	EXP 	image_black: texRes = 128.0
6.6123 	EXP 	image_red: texRes = 128.0
6.6123 	EXP 	image_blue: texRes = 128.0
6.6170 	EXP 	image_green: texRes = 128.0
6.6170 	EXP 	image_black: texRes = 128.0
6.6170 	EXP 	image_red: texRes = 128.0
6.6170 	EXP 	image_blue: texRes = 128.0
6.6218 	EXP 	image_green: texRes = 128.0
6.6218 	EXP 	image_black: texRes = 128.0
6.6218 	EXP 	image_red: texRes = 128.0
6.6218 	EXP 	image_blue: texRes = 128.0
6.6287 	EXP 	image_green: texRes = 128.0
6.6287 	EXP 	image_black: texRes = 128.0
6.6287 	EXP 	image_red: texRes = 128.0
6.6287 	EXP 	image_blue: texRes = 128.0
6.6341 	EXP 	image_green: texRes = 128.0
6.6341 	EXP 	image_black: texRes = 128.0
6.6341 	EXP 	image_red: texRes = 128.0
6.6341 	EXP 	image_blue: texRes = 128.0
6.6393 	EXP 	image_green: texRes = 128.0
6.6393 	EXP 	image_black: texRes = 128.0
6.6393 	EXP 	image_red: texRes = 128.0
6.6393 	EXP 	image_blue: texRes = 128.0
6.6442 	EXP 	image_green: texRes = 128.0
6.6442 	EXP 	image_black: texRes = 128.0
6.6442 	EXP 	image_red: texRes = 128.0
6.6442 	EXP 	image_blue: texRes = 128.0
6.6492 	EXP 	image_green: texRes = 128.0
6.6492 	EXP 	image_black: texRes = 128.0
6.6492 	EXP 	image_red: texRes = 128.0
6.6492 	EXP 	image_blue: texRes = 128.0
6.6540 	EXP 	image_green: texRes = 128.0
6.6540 	EXP 	image_black: texRes = 128.0
6.6540 	EXP 	image_red: texRes = 128.0
6.6540 	EXP 	image_blue: texRes = 128.0
6.6588 	EXP 	image_green: texRes = 128.0
6.6588 	EXP 	image_black: texRes = 128.0
6.6588 	EXP 	image_red: texRes = 128.0
6.6588 	EXP 	image_blue: texRes = 128.0
6.6637 	EXP 	image_green: texRes = 128.0
6.6637 	EXP 	image_black: texRes = 128.0
6.6637 	EXP 	image_red: texRes = 128.0
6.6637 	EXP 	image_blue: texRes = 128.0
6.6688 	EXP 	image_green: texRes = 128.0
6.6688 	EXP 	image_black: texRes = 128.0
6.6688 	EXP 	image_red: texRes = 128.0
6.6688 	EXP 	image_blue: texRes = 128.0
6.6756 	EXP 	image_green: texRes = 128.0
6.6756 	EXP 	image_black: texRes = 128.0
6.6756 	EXP 	image_red: texRes = 128.0
6.6756 	EXP 	image_blue: texRes = 128.0
6.6812 	EXP 	image_green: texRes = 128.0
6.6812 	EXP 	image_black: texRes = 128.0
6.6812 	EXP 	image_red: texRes = 128.0
6.6812 	EXP 	image_blue: texRes = 128.0
6.6864 	EXP 	image_green: texRes = 128.0
6.6864 	EXP 	image_black: texRes = 128.0
6.6864 	EXP 	image_red: texRes = 128.0
6.6864 	EXP 	image_blue: texRes = 128.0
6.6916 	EXP 	image_green: texRes = 128.0
6.6916 	EXP 	image_black: texRes = 128.0
6.6916 	EXP 	image_red: texRes = 128.0
6.6916 	EXP 	image_blue: texRes = 128.0
6.6970 	EXP 	image_green: texRes = 128.0
6.6970 	EXP 	image_black: texRes = 128.0
6.6970 	EXP 	image_red: texRes = 128.0
6.6970 	EXP 	image_blue: texRes = 128.0
6.7021 	EXP 	image_green: texRes = 128.0
6.7021 	EXP 	image_black: texRes = 128.0
6.7021 	EXP 	image_red: texRes = 128.0
6.7021 	EXP 	image_blue: texRes = 128.0
6.7078 	EXP 	image_green: texRes = 128.0
6.7078 	EXP 	image_black: texRes = 128.0
6.7078 	EXP 	image_red: texRes = 128.0
6.7078 	EXP 	image_blue: texRes = 128.0
6.7134 	EXP 	image_green: texRes = 128.0
6.7134 	EXP 	image_black: texRes = 128.0
6.7134 	EXP 	image_red: texRes = 128.0
6.7134 	EXP 	image_blue: texRes = 128.0
6.7186 	EXP 	image_green: texRes = 128.0
6.7186 	EXP 	image_black: texRes = 128.0
6.7186 	EXP 	image_red: texRes = 128.0
6.7186 	EXP 	image_blue: texRes = 128.0
6.7237 	EXP 	image_green: texRes = 128.0
6.7237 	EXP 	image_black: texRes = 128.0
6.7237 	EXP 	image_red: texRes = 128.0
6.7237 	EXP 	image_blue: texRes = 128.0
6.7290 	EXP 	image_green: texRes = 128.0
6.7290 	EXP 	image_black: texRes = 128.0
6.7290 	EXP 	image_red: texRes = 128.0
6.7290 	EXP 	image_blue: texRes = 128.0
6.7340 	EXP 	image_green: texRes = 128.0
6.7340 	EXP 	image_black: texRes = 128.0
6.7340 	EXP 	image_red: texRes = 128.0
6.7340 	EXP 	image_blue: texRes = 128.0
6.7394 	EXP 	image_green: texRes = 128.0
6.7394 	EXP 	image_black: texRes = 128.0
6.7394 	EXP 	image_red: texRes = 128.0
6.7394 	EXP 	image_blue: texRes = 128.0
6.7448 	EXP 	image_green: texRes = 128.0
6.7448 	EXP 	image_black: texRes = 128.0
6.7448 	EXP 	image_red: texRes = 128.0
6.7448 	EXP 	image_blue: texRes = 128.0
6.7498 	EXP 	image_green: texRes = 128.0
6.7498 	EXP 	image_black: texRes = 128.0
6.7498 	EXP 	image_red: texRes = 128.0
6.7498 	EXP 	image_blue: texRes = 128.0
6.7548 	EXP 	image_green: texRes = 128.0
6.7548 	EXP 	image_black: texRes = 128.0
6.7548 	EXP 	image_red: texRes = 128.0
6.7548 	EXP 	image_blue: texRes = 128.0
6.7599 	EXP 	image_green: texRes = 128.0
6.7599 	EXP 	image_black: texRes = 128.0
6.7599 	EXP 	image_red: texRes = 128.0
6.7599 	EXP 	image_blue: texRes = 128.0
6.7649 	EXP 	image_green: texRes = 128.0
6.7649 	EXP 	image_black: texRes = 128.0
6.7649 	EXP 	image_red: texRes = 128.0
6.7649 	EXP 	image_blue: texRes = 128.0
6.7702 	EXP 	image_green: texRes = 128.0
6.7702 	EXP 	image_black: texRes = 128.0
6.7702 	EXP 	image_red: texRes = 128.0
6.7702 	EXP 	image_blue: texRes = 128.0
6.7755 	EXP 	image_green: texRes = 128.0
6.7755 	EXP 	image_black: texRes = 128.0
6.7755 	EXP 	image_red: texRes = 128.0
6.7755 	EXP 	image_blue: texRes = 128.0
6.7801 	EXP 	image_green: texRes = 128.0
6.7801 	EXP 	image_black: texRes = 128.0
6.7801 	EXP 	image_red: texRes = 128.0
6.7801 	EXP 	image_blue: texRes = 128.0
6.7847 	EXP 	image_green: texRes = 128.0
6.7847 	EXP 	image_black: texRes = 128.0
6.7847 	EXP 	image_red: texRes = 128.0
6.7847 	EXP 	image_blue: texRes = 128.0
6.7896 	EXP 	image_green: texRes = 128.0
6.7896 	EXP 	image_black: texRes = 128.0
6.7896 	EXP 	image_red: texRes = 128.0
6.7896 	EXP 	image_blue: texRes = 128.0
6.7942 	EXP 	image_green: texRes = 128.0
6.7942 	EXP 	image_black: texRes = 128.0
6.7942 	EXP 	image_red: texRes = 128.0
6.7942 	EXP 	image_blue: texRes = 128.0
6.7990 	EXP 	image_green: texRes = 128.0
6.7990 	EXP 	image_black: texRes = 128.0
6.7990 	EXP 	image_red: texRes = 128.0
6.7990 	EXP 	image_blue: texRes = 128.0
6.8038 	EXP 	image_green: texRes = 128.0
6.8038 	EXP 	image_black: texRes = 128.0
6.8038 	EXP 	image_red: texRes = 128.0
6.8038 	EXP 	image_blue: texRes = 128.0
6.8085 	EXP 	image_green: texRes = 128.0
6.8085 	EXP 	image_black: texRes = 128.0
6.8085 	EXP 	image_red: texRes = 128.0
6.8085 	EXP 	image_blue: texRes = 128.0
6.8152 	EXP 	image_green: texRes = 128.0
6.8152 	EXP 	image_black: texRes = 128.0
6.8152 	EXP 	image_red: texRes = 128.0
6.8152 	EXP 	image_blue: texRes = 128.0
6.8202 	EXP 	image_green: texRes = 128.0
6.8202 	EXP 	image_black: texRes = 128.0
6.8202 	EXP 	image_red: texRes = 128.0
6.8202 	EXP 	image_blue: texRes = 128.0
6.8252 	EXP 	image_green: texRes = 128.0
6.8252 	EXP 	image_black: texRes = 128.0
6.8252 	EXP 	image_red: texRes = 128.0
6.8252 	EXP 	image_blue: texRes = 128.0
6.8299 	EXP 	image_green: texRes = 128.0
6.8299 	EXP 	image_black: texRes = 128.0
6.8299 	EXP 	image_red: texRes = 128.0
6.8299 	EXP 	image_blue: texRes = 128.0
6.8346 	EXP 	image_green: texRes = 128.0
6.8346 	EXP 	image_black: texRes = 128.0
6.8346 	EXP 	image_red: texRes = 128.0
6.8346 	EXP 	image_blue: texRes = 128.0
6.8393 	EXP 	image_green: texRes = 128.0
6.8393 	EXP 	image_black: texRes = 128.0
6.8393 	EXP 	image_red: texRes = 128.0
6.8393 	EXP 	image_blue: texRes = 128.0
6.8455 	EXP 	image_green: texRes = 128.0
6.8455 	EXP 	image_black: texRes = 128.0
6.8455 	EXP 	image_red: texRes = 128.0
6.8455 	EXP 	image_blue: texRes = 128.0
6.8504 	EXP 	image_green: texRes = 128.0
6.8504 	EXP 	image_black: texRes = 128.0
6.8504 	EXP 	image_red: texRes = 128.0
6.8504 	EXP 	image_blue: texRes = 128.0
6.8557 	EXP 	image_green: texRes = 128.0
6.8557 	EXP 	image_black: texRes = 128.0
6.8557 	EXP 	image_red: texRes = 128.0
6.8557 	EXP 	image_blue: texRes = 128.0
6.8604 	EXP 	image_green: texRes = 128.0
6.8604 	EXP 	image_black: texRes = 128.0
6.8604 	EXP 	image_red: texRes = 128.0
6.8604 	EXP 	image_blue: texRes = 128.0
6.8652 	EXP 	image_green: texRes = 128.0
6.8652 	EXP 	image_black: texRes = 128.0
6.8652 	EXP 	image_red: texRes = 128.0
6.8652 	EXP 	image_blue: texRes = 128.0
6.8699 	EXP 	image_green: texRes = 128.0
6.8699 	EXP 	image_black: texRes = 128.0
6.8699 	EXP 	image_red: texRes = 128.0
6.8699 	EXP 	image_blue: texRes = 128.0
6.8758 	EXP 	image_green: texRes = 128.0
6.8758 	EXP 	image_black: texRes = 128.0
6.8758 	EXP 	image_red: texRes = 128.0
6.8758 	EXP 	image_blue: texRes = 128.0
6.8809 	EXP 	image_green: texRes = 128.0
6.8809 	EXP 	image_black: texRes = 128.0
6.8809 	EXP 	image_red: texRes = 128.0
6.8809 	EXP 	image_blue: texRes = 128.0
6.8863 	EXP 	image_green: texRes = 128.0
6.8863 	EXP 	image_black: texRes = 128.0
6.8863 	EXP 	image_red: texRes = 128.0
6.8863 	EXP 	image_blue: texRes = 128.0
6.8910 	EXP 	image_green: texRes = 128.0
6.8910 	EXP 	image_black: texRes = 128.0
6.8910 	EXP 	image_red: texRes = 128.0
6.8910 	EXP 	image_blue: texRes = 128.0
6.8960 	EXP 	image_green: texRes = 128.0
6.8960 	EXP 	image_black: texRes = 128.0
6.8960 	EXP 	image_red: texRes = 128.0
6.8960 	EXP 	image_blue: texRes = 128.0
6.9007 	EXP 	image_green: texRes = 128.0
6.9007 	EXP 	image_black: texRes = 128.0
6.9007 	EXP 	image_red: texRes = 128.0
6.9007 	EXP 	image_blue: texRes = 128.0
6.9067 	EXP 	image_green: texRes = 128.0
6.9067 	EXP 	image_black: texRes = 128.0
6.9067 	EXP 	image_red: texRes = 128.0
6.9067 	EXP 	image_blue: texRes = 128.0
6.9125 	EXP 	image_green: texRes = 128.0
6.9125 	EXP 	image_black: texRes = 128.0
6.9125 	EXP 	image_red: texRes = 128.0
6.9125 	EXP 	image_blue: texRes = 128.0
6.9184 	EXP 	image_green: texRes = 128.0
6.9184 	EXP 	image_black: texRes = 128.0
6.9184 	EXP 	image_red: texRes = 128.0
6.9184 	EXP 	image_blue: texRes = 128.0
6.9235 	EXP 	image_green: texRes = 128.0
6.9235 	EXP 	image_black: texRes = 128.0
6.9235 	EXP 	image_red: texRes = 128.0
6.9235 	EXP 	image_blue: texRes = 128.0
6.9292 	EXP 	image_green: texRes = 128.0
6.9292 	EXP 	image_black: texRes = 128.0
6.9292 	EXP 	image_red: texRes = 128.0
6.9292 	EXP 	image_blue: texRes = 128.0
6.9339 	EXP 	image_green: texRes = 128.0
6.9339 	EXP 	image_black: texRes = 128.0
6.9339 	EXP 	image_red: texRes = 128.0
6.9339 	EXP 	image_blue: texRes = 128.0
6.9394 	EXP 	image_green: texRes = 128.0
6.9394 	EXP 	image_black: texRes = 128.0
6.9394 	EXP 	image_red: texRes = 128.0
6.9394 	EXP 	image_blue: texRes = 128.0
6.9441 	EXP 	image_green: texRes = 128.0
6.9441 	EXP 	image_black: texRes = 128.0
6.9441 	EXP 	image_red: texRes = 128.0
6.9441 	EXP 	image_blue: texRes = 128.0
6.9488 	EXP 	image_green: texRes = 128.0
6.9488 	EXP 	image_black: texRes = 128.0
6.9488 	EXP 	image_red: texRes = 128.0
6.9488 	EXP 	image_blue: texRes = 128.0
6.9536 	EXP 	image_green: texRes = 128.0
6.9536 	EXP 	image_black: texRes = 128.0
6.9536 	EXP 	image_red: texRes = 128.0
6.9536 	EXP 	image_blue: texRes = 128.0
6.9583 	EXP 	image_green: texRes = 128.0
6.9583 	EXP 	image_black: texRes = 128.0
6.9583 	EXP 	image_red: texRes = 128.0
6.9583 	EXP 	image_blue: texRes = 128.0
6.9630 	EXP 	image_green: texRes = 128.0
6.9630 	EXP 	image_black: texRes = 128.0
6.9630 	EXP 	image_red: texRes = 128.0
6.9630 	EXP 	image_blue: texRes = 128.0
6.9689 	EXP 	image_green: texRes = 128.0
6.9689 	EXP 	image_black: texRes = 128.0
6.9689 	EXP 	image_red: texRes = 128.0
6.9689 	EXP 	image_blue: texRes = 128.0
6.9738 	EXP 	image_green: texRes = 128.0
6.9738 	EXP 	image_black: texRes = 128.0
6.9738 	EXP 	image_red: texRes = 128.0
6.9738 	EXP 	image_blue: texRes = 128.0
6.9794 	EXP 	image_green: texRes = 128.0
6.9794 	EXP 	image_black: texRes = 128.0
6.9794 	EXP 	image_red: texRes = 128.0
6.9794 	EXP 	image_blue: texRes = 128.0
6.9844 	EXP 	image_green: texRes = 128.0
6.9844 	EXP 	image_black: texRes = 128.0
6.9844 	EXP 	image_red: texRes = 128.0
6.9844 	EXP 	image_blue: texRes = 128.0
6.9896 	EXP 	image_green: texRes = 128.0
6.9896 	EXP 	image_black: texRes = 128.0
6.9896 	EXP 	image_red: texRes = 128.0
6.9896 	EXP 	image_blue: texRes = 128.0
6.9945 	EXP 	image_green: texRes = 128.0
6.9945 	EXP 	image_black: texRes = 128.0
6.9945 	EXP 	image_red: texRes = 128.0
6.9945 	EXP 	image_blue: texRes = 128.0
7.0004 	EXP 	image_green: texRes = 128.0
7.0004 	EXP 	image_black: texRes = 128.0
7.0004 	EXP 	image_red: texRes = 128.0
7.0004 	EXP 	image_blue: texRes = 128.0
7.0053 	EXP 	image_green: texRes = 128.0
7.0053 	EXP 	image_black: texRes = 128.0
7.0053 	EXP 	image_red: texRes = 128.0
7.0053 	EXP 	image_blue: texRes = 128.0
7.0108 	EXP 	image_green: texRes = 128.0
7.0108 	EXP 	image_black: texRes = 128.0
7.0108 	EXP 	image_red: texRes = 128.0
7.0108 	EXP 	image_blue: texRes = 128.0
7.0171 	EXP 	image_green: texRes = 128.0
7.0171 	EXP 	image_black: texRes = 128.0
7.0171 	EXP 	image_red: texRes = 128.0
7.0171 	EXP 	image_blue: texRes = 128.0
7.0227 	EXP 	image_green: texRes = 128.0
7.0227 	EXP 	image_black: texRes = 128.0
7.0227 	EXP 	image_red: texRes = 128.0
7.0227 	EXP 	image_blue: texRes = 128.0
7.0274 	EXP 	image_green: texRes = 128.0
7.0274 	EXP 	image_black: texRes = 128.0
7.0274 	EXP 	image_red: texRes = 128.0
7.0274 	EXP 	image_blue: texRes = 128.0
7.0323 	EXP 	image_green: texRes = 128.0
7.0323 	EXP 	image_black: texRes = 128.0
7.0323 	EXP 	image_red: texRes = 128.0
7.0323 	EXP 	image_blue: texRes = 128.0
7.0375 	EXP 	image_green: texRes = 128.0
7.0375 	EXP 	image_black: texRes = 128.0
7.0375 	EXP 	image_red: texRes = 128.0
7.0375 	EXP 	image_blue: texRes = 128.0
7.0421 	EXP 	image_green: texRes = 128.0
7.0421 	EXP 	image_black: texRes = 128.0
7.0421 	EXP 	image_red: texRes = 128.0
7.0421 	EXP 	image_blue: texRes = 128.0
7.0470 	EXP 	image_green: texRes = 128.0
7.0470 	EXP 	image_black: texRes = 128.0
7.0470 	EXP 	image_red: texRes = 128.0
7.0470 	EXP 	image_blue: texRes = 128.0
7.0518 	EXP 	image_green: texRes = 128.0
7.0518 	EXP 	image_black: texRes = 128.0
7.0518 	EXP 	image_red: texRes = 128.0
7.0518 	EXP 	image_blue: texRes = 128.0
7.0566 	EXP 	image_green: texRes = 128.0
7.0566 	EXP 	image_black: texRes = 128.0
7.0566 	EXP 	image_red: texRes = 128.0
7.0566 	EXP 	image_blue: texRes = 128.0
7.0612 	EXP 	image_green: texRes = 128.0
7.0612 	EXP 	image_black: texRes = 128.0
7.0612 	EXP 	image_red: texRes = 128.0
7.0612 	EXP 	image_blue: texRes = 128.0
7.0667 	EXP 	image_green: texRes = 128.0
7.0667 	EXP 	image_black: texRes = 128.0
7.0667 	EXP 	image_red: texRes = 128.0
7.0667 	EXP 	image_blue: texRes = 128.0
7.0719 	EXP 	image_green: texRes = 128.0
7.0719 	EXP 	image_black: texRes = 128.0
7.0719 	EXP 	image_red: texRes = 128.0
7.0719 	EXP 	image_blue: texRes = 128.0
7.0765 	EXP 	image_green: texRes = 128.0
7.0765 	EXP 	image_black: texRes = 128.0
7.0765 	EXP 	image_red: texRes = 128.0
7.0765 	EXP 	image_blue: texRes = 128.0
7.0813 	EXP 	image_green: texRes = 128.0
7.0813 	EXP 	image_black: texRes = 128.0
7.0813 	EXP 	image_red: texRes = 128.0
7.0813 	EXP 	image_blue: texRes = 128.0
7.0859 	EXP 	image_green: texRes = 128.0
7.0859 	EXP 	image_black: texRes = 128.0
7.0859 	EXP 	image_red: texRes = 128.0
7.0859 	EXP 	image_blue: texRes = 128.0
7.0906 	EXP 	image_green: texRes = 128.0
7.0906 	EXP 	image_black: texRes = 128.0
7.0906 	EXP 	image_red: texRes = 128.0
7.0906 	EXP 	image_blue: texRes = 128.0
7.0952 	EXP 	image_green: texRes = 128.0
7.0952 	EXP 	image_black: texRes = 128.0
7.0952 	EXP 	image_red: texRes = 128.0
7.0952 	EXP 	image_blue: texRes = 128.0
7.0999 	EXP 	image_green: texRes = 128.0
7.0999 	EXP 	image_black: texRes = 128.0
7.0999 	EXP 	image_red: texRes = 128.0
7.0999 	EXP 	image_blue: texRes = 128.0
7.1045 	EXP 	image_green: texRes = 128.0
7.1045 	EXP 	image_black: texRes = 128.0
7.1045 	EXP 	image_red: texRes = 128.0
7.1045 	EXP 	image_blue: texRes = 128.0
7.1103 	EXP 	image_green: texRes = 128.0
7.1103 	EXP 	image_black: texRes = 128.0
7.1103 	EXP 	image_red: texRes = 128.0
7.1103 	EXP 	image_blue: texRes = 128.0
7.1153 	EXP 	image_green: texRes = 128.0
7.1153 	EXP 	image_black: texRes = 128.0
7.1153 	EXP 	image_red: texRes = 128.0
7.1153 	EXP 	image_blue: texRes = 128.0
7.1208 	EXP 	image_green: texRes = 128.0
7.1208 	EXP 	image_black: texRes = 128.0
7.1208 	EXP 	image_red: texRes = 128.0
7.1208 	EXP 	image_blue: texRes = 128.0
7.1257 	EXP 	image_green: texRes = 128.0
7.1257 	EXP 	image_black: texRes = 128.0
7.1257 	EXP 	image_red: texRes = 128.0
7.1257 	EXP 	image_blue: texRes = 128.0
7.1307 	EXP 	image_green: texRes = 128.0
7.1307 	EXP 	image_black: texRes = 128.0
7.1307 	EXP 	image_red: texRes = 128.0
7.1307 	EXP 	image_blue: texRes = 128.0
7.1354 	EXP 	image_green: texRes = 128.0
7.1354 	EXP 	image_black: texRes = 128.0
7.1354 	EXP 	image_red: texRes = 128.0
7.1354 	EXP 	image_blue: texRes = 128.0
7.1404 	EXP 	image_green: texRes = 128.0
7.1404 	EXP 	image_black: texRes = 128.0
7.1404 	EXP 	image_red: texRes = 128.0
7.1404 	EXP 	image_blue: texRes = 128.0
7.1453 	EXP 	image_green: texRes = 128.0
7.1453 	EXP 	image_black: texRes = 128.0
7.1453 	EXP 	image_red: texRes = 128.0
7.1453 	EXP 	image_blue: texRes = 128.0
7.1501 	EXP 	image_green: texRes = 128.0
7.1501 	EXP 	image_black: texRes = 128.0
7.1501 	EXP 	image_red: texRes = 128.0
7.1501 	EXP 	image_blue: texRes = 128.0
7.1548 	EXP 	image_green: texRes = 128.0
7.1548 	EXP 	image_black: texRes = 128.0
7.1548 	EXP 	image_red: texRes = 128.0
7.1548 	EXP 	image_blue: texRes = 128.0
7.1603 	EXP 	image_green: texRes = 128.0
7.1603 	EXP 	image_black: texRes = 128.0
7.1603 	EXP 	image_red: texRes = 128.0
7.1603 	EXP 	image_blue: texRes = 128.0
7.1651 	EXP 	image_green: texRes = 128.0
7.1651 	EXP 	image_black: texRes = 128.0
7.1651 	EXP 	image_red: texRes = 128.0
7.1651 	EXP 	image_blue: texRes = 128.0
7.1697 	EXP 	image_green: texRes = 128.0
7.1697 	EXP 	image_black: texRes = 128.0
7.1697 	EXP 	image_red: texRes = 128.0
7.1697 	EXP 	image_blue: texRes = 128.0
7.1746 	EXP 	image_green: texRes = 128.0
7.1746 	EXP 	image_black: texRes = 128.0
7.1746 	EXP 	image_red: texRes = 128.0
7.1746 	EXP 	image_blue: texRes = 128.0
7.1794 	EXP 	image_green: texRes = 128.0
7.1794 	EXP 	image_black: texRes = 128.0
7.1794 	EXP 	image_red: texRes = 128.0
7.1794 	EXP 	image_blue: texRes = 128.0
7.1842 	EXP 	image_green: texRes = 128.0
7.1842 	EXP 	image_black: texRes = 128.0
7.1842 	EXP 	image_red: texRes = 128.0
7.1842 	EXP 	image_blue: texRes = 128.0
7.1890 	EXP 	image_green: texRes = 128.0
7.1890 	EXP 	image_black: texRes = 128.0
7.1890 	EXP 	image_red: texRes = 128.0
7.1890 	EXP 	image_blue: texRes = 128.0
7.1937 	EXP 	image_green: texRes = 128.0
7.1937 	EXP 	image_black: texRes = 128.0
7.1937 	EXP 	image_red: texRes = 128.0
7.1937 	EXP 	image_blue: texRes = 128.0
7.1983 	EXP 	image_green: texRes = 128.0
7.1983 	EXP 	image_black: texRes = 128.0
7.1983 	EXP 	image_red: texRes = 128.0
7.1983 	EXP 	image_blue: texRes = 128.0
7.2031 	EXP 	image_green: texRes = 128.0
7.2031 	EXP 	image_black: texRes = 128.0
7.2031 	EXP 	image_red: texRes = 128.0
7.2031 	EXP 	image_blue: texRes = 128.0
7.2085 	EXP 	image_green: texRes = 128.0
7.2085 	EXP 	image_black: texRes = 128.0
7.2085 	EXP 	image_red: texRes = 128.0
7.2085 	EXP 	image_blue: texRes = 128.0
7.2132 	EXP 	image_green: texRes = 128.0
7.2132 	EXP 	image_black: texRes = 128.0
7.2132 	EXP 	image_red: texRes = 128.0
7.2132 	EXP 	image_blue: texRes = 128.0
7.2178 	EXP 	image_green: texRes = 128.0
7.2178 	EXP 	image_black: texRes = 128.0
7.2178 	EXP 	image_red: texRes = 128.0
7.2178 	EXP 	image_blue: texRes = 128.0
7.2229 	EXP 	image_green: texRes = 128.0
7.2229 	EXP 	image_black: texRes = 128.0
7.2229 	EXP 	image_red: texRes = 128.0
7.2229 	EXP 	image_blue: texRes = 128.0
7.2277 	EXP 	image_green: texRes = 128.0
7.2277 	EXP 	image_black: texRes = 128.0
7.2277 	EXP 	image_red: texRes = 128.0
7.2277 	EXP 	image_blue: texRes = 128.0
7.2325 	EXP 	image_green: texRes = 128.0
7.2325 	EXP 	image_black: texRes = 128.0
7.2325 	EXP 	image_red: texRes = 128.0
7.2325 	EXP 	image_blue: texRes = 128.0
7.2371 	EXP 	image_green: texRes = 128.0
7.2371 	EXP 	image_black: texRes = 128.0
7.2371 	EXP 	image_red: texRes = 128.0
7.2371 	EXP 	image_blue: texRes = 128.0
7.2420 	EXP 	image_green: texRes = 128.0
7.2420 	EXP 	image_black: texRes = 128.0
7.2420 	EXP 	image_red: texRes = 128.0
7.2420 	EXP 	image_blue: texRes = 128.0
7.2467 	EXP 	image_green: texRes = 128.0
7.2467 	EXP 	image_black: texRes = 128.0
7.2467 	EXP 	image_red: texRes = 128.0
7.2467 	EXP 	image_blue: texRes = 128.0
7.2525 	EXP 	image_green: texRes = 128.0
7.2525 	EXP 	image_black: texRes = 128.0
7.2525 	EXP 	image_red: texRes = 128.0
7.2525 	EXP 	image_blue: texRes = 128.0
7.2582 	EXP 	image_green: texRes = 128.0
7.2582 	EXP 	image_black: texRes = 128.0
7.2582 	EXP 	image_red: texRes = 128.0
7.2582 	EXP 	image_blue: texRes = 128.0
7.2630 	EXP 	image_green: texRes = 128.0
7.2630 	EXP 	image_black: texRes = 128.0
7.2630 	EXP 	image_red: texRes = 128.0
7.2630 	EXP 	image_blue: texRes = 128.0
7.2677 	EXP 	image_green: texRes = 128.0
7.2677 	EXP 	image_black: texRes = 128.0
7.2677 	EXP 	image_red: texRes = 128.0
7.2677 	EXP 	image_blue: texRes = 128.0
7.2724 	EXP 	image_green: texRes = 128.0
7.2724 	EXP 	image_black: texRes = 128.0
7.2724 	EXP 	image_red: texRes = 128.0
7.2724 	EXP 	image_blue: texRes = 128.0
7.2771 	EXP 	image_green: texRes = 128.0
7.2771 	EXP 	image_black: texRes = 128.0
7.2771 	EXP 	image_red: texRes = 128.0
7.2771 	EXP 	image_blue: texRes = 128.0
7.2819 	EXP 	image_green: texRes = 128.0
7.2819 	EXP 	image_black: texRes = 128.0
7.2819 	EXP 	image_red: texRes = 128.0
7.2819 	EXP 	image_blue: texRes = 128.0
7.2865 	EXP 	image_green: texRes = 128.0
7.2865 	EXP 	image_black: texRes = 128.0
7.2865 	EXP 	image_red: texRes = 128.0
7.2865 	EXP 	image_blue: texRes = 128.0
7.2913 	EXP 	image_green: texRes = 128.0
7.2913 	EXP 	image_black: texRes = 128.0
7.2913 	EXP 	image_red: texRes = 128.0
7.2913 	EXP 	image_blue: texRes = 128.0
7.2959 	EXP 	image_green: texRes = 128.0
7.2959 	EXP 	image_black: texRes = 128.0
7.2959 	EXP 	image_red: texRes = 128.0
7.2959 	EXP 	image_blue: texRes = 128.0
7.3013 	EXP 	image_green: texRes = 128.0
7.3013 	EXP 	image_black: texRes = 128.0
7.3013 	EXP 	image_red: texRes = 128.0
7.3013 	EXP 	image_blue: texRes = 128.0
7.3063 	EXP 	image_green: texRes = 128.0
7.3063 	EXP 	image_black: texRes = 128.0
7.3063 	EXP 	image_red: texRes = 128.0
7.3063 	EXP 	image_blue: texRes = 128.0
7.3110 	EXP 	image_green: texRes = 128.0
7.3110 	EXP 	image_black: texRes = 128.0
7.3110 	EXP 	image_red: texRes = 128.0
7.3110 	EXP 	image_blue: texRes = 128.0
7.3158 	EXP 	image_green: texRes = 128.0
7.3158 	EXP 	image_black: texRes = 128.0
7.3158 	EXP 	image_red: texRes = 128.0
7.3158 	EXP 	image_blue: texRes = 128.0
7.3207 	EXP 	image_green: texRes = 128.0
7.3207 	EXP 	image_black: texRes = 128.0
7.3207 	EXP 	image_red: texRes = 128.0
7.3207 	EXP 	image_blue: texRes = 128.0
7.3255 	EXP 	image_green: texRes = 128.0
7.3255 	EXP 	image_black: texRes = 128.0
7.3255 	EXP 	image_red: texRes = 128.0
7.3255 	EXP 	image_blue: texRes = 128.0
7.3304 	EXP 	image_green: texRes = 128.0
7.3304 	EXP 	image_black: texRes = 128.0
7.3304 	EXP 	image_red: texRes = 128.0
7.3304 	EXP 	image_blue: texRes = 128.0
7.3353 	EXP 	image_green: texRes = 128.0
7.3353 	EXP 	image_black: texRes = 128.0
7.3353 	EXP 	image_red: texRes = 128.0
7.3353 	EXP 	image_blue: texRes = 128.0
7.3400 	EXP 	image_green: texRes = 128.0
7.3400 	EXP 	image_black: texRes = 128.0
7.3400 	EXP 	image_red: texRes = 128.0
7.3400 	EXP 	image_blue: texRes = 128.0
7.3455 	EXP 	image_green: texRes = 128.0
7.3455 	EXP 	image_black: texRes = 128.0
7.3455 	EXP 	image_red: texRes = 128.0
7.3455 	EXP 	image_blue: texRes = 128.0
7.3508 	EXP 	image_green: texRes = 128.0
7.3508 	EXP 	image_black: texRes = 128.0
7.3508 	EXP 	image_red: texRes = 128.0
7.3508 	EXP 	image_blue: texRes = 128.0
7.3556 	EXP 	image_green: texRes = 128.0
7.3556 	EXP 	image_black: texRes = 128.0
7.3556 	EXP 	image_red: texRes = 128.0
7.3556 	EXP 	image_blue: texRes = 128.0
7.3603 	EXP 	image_green: texRes = 128.0
7.3603 	EXP 	image_black: texRes = 128.0
7.3603 	EXP 	image_red: texRes = 128.0
7.3603 	EXP 	image_blue: texRes = 128.0
7.3650 	EXP 	image_green: texRes = 128.0
7.3650 	EXP 	image_black: texRes = 128.0
7.3650 	EXP 	image_red: texRes = 128.0
7.3650 	EXP 	image_blue: texRes = 128.0
7.3696 	EXP 	image_green: texRes = 128.0
7.3696 	EXP 	image_black: texRes = 128.0
7.3696 	EXP 	image_red: texRes = 128.0
7.3696 	EXP 	image_blue: texRes = 128.0
7.3744 	EXP 	image_green: texRes = 128.0
7.3744 	EXP 	image_black: texRes = 128.0
7.3744 	EXP 	image_red: texRes = 128.0
7.3744 	EXP 	image_blue: texRes = 128.0
7.3791 	EXP 	image_green: texRes = 128.0
7.3791 	EXP 	image_black: texRes = 128.0
7.3791 	EXP 	image_red: texRes = 128.0
7.3791 	EXP 	image_blue: texRes = 128.0
7.3837 	EXP 	image_green: texRes = 128.0
7.3837 	EXP 	image_black: texRes = 128.0
7.3837 	EXP 	image_red: texRes = 128.0
7.3837 	EXP 	image_blue: texRes = 128.0
7.3884 	EXP 	image_green: texRes = 128.0
7.3884 	EXP 	image_black: texRes = 128.0
7.3884 	EXP 	image_red: texRes = 128.0
7.3884 	EXP 	image_blue: texRes = 128.0
7.3938 	EXP 	image_green: texRes = 128.0
7.3938 	EXP 	image_black: texRes = 128.0
7.3938 	EXP 	image_red: texRes = 128.0
7.3938 	EXP 	image_blue: texRes = 128.0
7.3985 	EXP 	image_green: texRes = 128.0
7.3985 	EXP 	image_black: texRes = 128.0
7.3985 	EXP 	image_red: texRes = 128.0
7.3985 	EXP 	image_blue: texRes = 128.0
7.4031 	EXP 	image_green: texRes = 128.0
7.4031 	EXP 	image_black: texRes = 128.0
7.4031 	EXP 	image_red: texRes = 128.0
7.4031 	EXP 	image_blue: texRes = 128.0
7.4083 	EXP 	image_green: texRes = 128.0
7.4083 	EXP 	image_black: texRes = 128.0
7.4083 	EXP 	image_red: texRes = 128.0
7.4083 	EXP 	image_blue: texRes = 128.0
7.4131 	EXP 	image_green: texRes = 128.0
7.4131 	EXP 	image_black: texRes = 128.0
7.4131 	EXP 	image_red: texRes = 128.0
7.4131 	EXP 	image_blue: texRes = 128.0
7.4177 	EXP 	image_green: texRes = 128.0
7.4177 	EXP 	image_black: texRes = 128.0
7.4177 	EXP 	image_red: texRes = 128.0
7.4177 	EXP 	image_blue: texRes = 128.0
7.4224 	EXP 	image_green: texRes = 128.0
7.4224 	EXP 	image_black: texRes = 128.0
7.4224 	EXP 	image_red: texRes = 128.0
7.4224 	EXP 	image_blue: texRes = 128.0
7.4272 	EXP 	image_green: texRes = 128.0
7.4272 	EXP 	image_black: texRes = 128.0
7.4272 	EXP 	image_red: texRes = 128.0
7.4272 	EXP 	image_blue: texRes = 128.0
7.4318 	EXP 	image_green: texRes = 128.0
7.4318 	EXP 	image_black: texRes = 128.0
7.4318 	EXP 	image_red: texRes = 128.0
7.4318 	EXP 	image_blue: texRes = 128.0
7.4365 	EXP 	image_green: texRes = 128.0
7.4365 	EXP 	image_black: texRes = 128.0
7.4365 	EXP 	image_red: texRes = 128.0
7.4365 	EXP 	image_blue: texRes = 128.0
7.4419 	EXP 	image_green: texRes = 128.0
7.4419 	EXP 	image_black: texRes = 128.0
7.4419 	EXP 	image_red: texRes = 128.0
7.4419 	EXP 	image_blue: texRes = 128.0
7.4467 	EXP 	image_green: texRes = 128.0
7.4467 	EXP 	image_black: texRes = 128.0
7.4467 	EXP 	image_red: texRes = 128.0
7.4467 	EXP 	image_blue: texRes = 128.0
7.4515 	EXP 	image_green: texRes = 128.0
7.4515 	EXP 	image_black: texRes = 128.0
7.4515 	EXP 	image_red: texRes = 128.0
7.4515 	EXP 	image_blue: texRes = 128.0
7.4565 	EXP 	image_green: texRes = 128.0
7.4565 	EXP 	image_black: texRes = 128.0
7.4565 	EXP 	image_red: texRes = 128.0
7.4565 	EXP 	image_blue: texRes = 128.0
7.4610 	EXP 	image_green: texRes = 128.0
7.4610 	EXP 	image_black: texRes = 128.0
7.4610 	EXP 	image_red: texRes = 128.0
7.4610 	EXP 	image_blue: texRes = 128.0
7.4659 	EXP 	image_green: texRes = 128.0
7.4659 	EXP 	image_black: texRes = 128.0
7.4659 	EXP 	image_red: texRes = 128.0
7.4659 	EXP 	image_blue: texRes = 128.0
7.4705 	EXP 	image_green: texRes = 128.0
7.4705 	EXP 	image_black: texRes = 128.0
7.4705 	EXP 	image_red: texRes = 128.0
7.4705 	EXP 	image_blue: texRes = 128.0
7.4753 	EXP 	image_green: texRes = 128.0
7.4753 	EXP 	image_black: texRes = 128.0
7.4753 	EXP 	image_red: texRes = 128.0
7.4753 	EXP 	image_blue: texRes = 128.0
7.4800 	EXP 	image_green: texRes = 128.0
7.4800 	EXP 	image_black: texRes = 128.0
7.4800 	EXP 	image_red: texRes = 128.0
7.4800 	EXP 	image_blue: texRes = 128.0
7.4858 	EXP 	image_green: texRes = 128.0
7.4858 	EXP 	image_black: texRes = 128.0
7.4858 	EXP 	image_red: texRes = 128.0
7.4858 	EXP 	image_blue: texRes = 128.0
7.4907 	EXP 	image_green: texRes = 128.0
7.4907 	EXP 	image_black: texRes = 128.0
7.4907 	EXP 	image_red: texRes = 128.0
7.4907 	EXP 	image_blue: texRes = 128.0
7.4953 	EXP 	image_green: texRes = 128.0
7.4953 	EXP 	image_black: texRes = 128.0
7.4953 	EXP 	image_red: texRes = 128.0
7.4953 	EXP 	image_blue: texRes = 128.0
7.5000 	EXP 	image_green: texRes = 128.0
7.5000 	EXP 	image_black: texRes = 128.0
7.5000 	EXP 	image_red: texRes = 128.0
7.5000 	EXP 	image_blue: texRes = 128.0
7.5053 	EXP 	image_green: texRes = 128.0
7.5053 	EXP 	image_black: texRes = 128.0
7.5053 	EXP 	image_red: texRes = 128.0
7.5053 	EXP 	image_blue: texRes = 128.0
7.5099 	EXP 	image_green: texRes = 128.0
7.5099 	EXP 	image_black: texRes = 128.0
7.5099 	EXP 	image_red: texRes = 128.0
7.5099 	EXP 	image_blue: texRes = 128.0
7.5148 	EXP 	image_green: texRes = 128.0
7.5148 	EXP 	image_black: texRes = 128.0
7.5148 	EXP 	image_red: texRes = 128.0
7.5148 	EXP 	image_blue: texRes = 128.0
7.5197 	EXP 	image_green: texRes = 128.0
7.5197 	EXP 	image_black: texRes = 128.0
7.5197 	EXP 	image_red: texRes = 128.0
7.5197 	EXP 	image_blue: texRes = 128.0
7.5244 	EXP 	image_green: texRes = 128.0
7.5244 	EXP 	image_black: texRes = 128.0
7.5244 	EXP 	image_red: texRes = 128.0
7.5244 	EXP 	image_blue: texRes = 128.0
7.5290 	EXP 	image_green: texRes = 128.0
7.5290 	EXP 	image_black: texRes = 128.0
7.5290 	EXP 	image_red: texRes = 128.0
7.5290 	EXP 	image_blue: texRes = 128.0
7.5343 	EXP 	image_green: texRes = 128.0
7.5343 	EXP 	image_black: texRes = 128.0
7.5343 	EXP 	image_red: texRes = 128.0
7.5343 	EXP 	image_blue: texRes = 128.0
7.5395 	EXP 	image_green: texRes = 128.0
7.5395 	EXP 	image_black: texRes = 128.0
7.5395 	EXP 	image_red: texRes = 128.0
7.5395 	EXP 	image_blue: texRes = 128.0
7.5444 	EXP 	image_green: texRes = 128.0
7.5444 	EXP 	image_black: texRes = 128.0
7.5444 	EXP 	image_red: texRes = 128.0
7.5444 	EXP 	image_blue: texRes = 128.0
7.5492 	EXP 	image_green: texRes = 128.0
7.5492 	EXP 	image_black: texRes = 128.0
7.5492 	EXP 	image_red: texRes = 128.0
7.5492 	EXP 	image_blue: texRes = 128.0
7.5540 	EXP 	image_green: texRes = 128.0
7.5540 	EXP 	image_black: texRes = 128.0
7.5540 	EXP 	image_red: texRes = 128.0
7.5540 	EXP 	image_blue: texRes = 128.0
7.5587 	EXP 	image_green: texRes = 128.0
7.5587 	EXP 	image_black: texRes = 128.0
7.5587 	EXP 	image_red: texRes = 128.0
7.5587 	EXP 	image_blue: texRes = 128.0
7.5635 	EXP 	image_green: texRes = 128.0
7.5635 	EXP 	image_black: texRes = 128.0
7.5635 	EXP 	image_red: texRes = 128.0
7.5635 	EXP 	image_blue: texRes = 128.0
7.5682 	EXP 	image_green: texRes = 128.0
7.5682 	EXP 	image_black: texRes = 128.0
7.5682 	EXP 	image_red: texRes = 128.0
7.5682 	EXP 	image_blue: texRes = 128.0
7.5729 	EXP 	image_green: texRes = 128.0
7.5729 	EXP 	image_black: texRes = 128.0
7.5729 	EXP 	image_red: texRes = 128.0
7.5729 	EXP 	image_blue: texRes = 128.0
7.5775 	EXP 	image_green: texRes = 128.0
7.5775 	EXP 	image_black: texRes = 128.0
7.5775 	EXP 	image_red: texRes = 128.0
7.5775 	EXP 	image_blue: texRes = 128.0
7.5832 	EXP 	image_green: texRes = 128.0
7.5832 	EXP 	image_black: texRes = 128.0
7.5832 	EXP 	image_red: texRes = 128.0
7.5832 	EXP 	image_blue: texRes = 128.0
7.5892 	EXP 	image_green: texRes = 128.0
7.5892 	EXP 	image_black: texRes = 128.0
7.5892 	EXP 	image_red: texRes = 128.0
7.5892 	EXP 	image_blue: texRes = 128.0
7.5944 	EXP 	image_green: texRes = 128.0
7.5944 	EXP 	image_black: texRes = 128.0
7.5944 	EXP 	image_red: texRes = 128.0
7.5944 	EXP 	image_blue: texRes = 128.0
7.5991 	EXP 	image_green: texRes = 128.0
7.5991 	EXP 	image_black: texRes = 128.0
7.5991 	EXP 	image_red: texRes = 128.0
7.5991 	EXP 	image_blue: texRes = 128.0
7.6037 	EXP 	image_green: texRes = 128.0
7.6037 	EXP 	image_black: texRes = 128.0
7.6037 	EXP 	image_red: texRes = 128.0
7.6037 	EXP 	image_blue: texRes = 128.0
7.6083 	EXP 	image_green: texRes = 128.0
7.6083 	EXP 	image_black: texRes = 128.0
7.6083 	EXP 	image_red: texRes = 128.0
7.6083 	EXP 	image_blue: texRes = 128.0
7.6131 	EXP 	image_green: texRes = 128.0
7.6131 	EXP 	image_black: texRes = 128.0
7.6131 	EXP 	image_red: texRes = 128.0
7.6131 	EXP 	image_blue: texRes = 128.0
7.6179 	EXP 	image_green: texRes = 128.0
7.6179 	EXP 	image_black: texRes = 128.0
7.6179 	EXP 	image_red: texRes = 128.0
7.6179 	EXP 	image_blue: texRes = 128.0
7.6225 	EXP 	image_green: texRes = 128.0
7.6225 	EXP 	image_black: texRes = 128.0
7.6225 	EXP 	image_red: texRes = 128.0
7.6225 	EXP 	image_blue: texRes = 128.0
7.6279 	EXP 	image_green: texRes = 128.0
7.6279 	EXP 	image_black: texRes = 128.0
7.6279 	EXP 	image_red: texRes = 128.0
7.6279 	EXP 	image_blue: texRes = 128.0
7.6327 	EXP 	image_green: texRes = 128.0
7.6327 	EXP 	image_black: texRes = 128.0
7.6327 	EXP 	image_red: texRes = 128.0
7.6327 	EXP 	image_blue: texRes = 128.0
7.6373 	EXP 	image_green: texRes = 128.0
7.6373 	EXP 	image_black: texRes = 128.0
7.6373 	EXP 	image_red: texRes = 128.0
7.6373 	EXP 	image_blue: texRes = 128.0
7.6421 	EXP 	image_green: texRes = 128.0
7.6421 	EXP 	image_black: texRes = 128.0
7.6421 	EXP 	image_red: texRes = 128.0
7.6421 	EXP 	image_blue: texRes = 128.0
7.6467 	EXP 	image_green: texRes = 128.0
7.6467 	EXP 	image_black: texRes = 128.0
7.6467 	EXP 	image_red: texRes = 128.0
7.6467 	EXP 	image_blue: texRes = 128.0
7.6517 	EXP 	image_green: texRes = 128.0
7.6517 	EXP 	image_black: texRes = 128.0
7.6517 	EXP 	image_red: texRes = 128.0
7.6517 	EXP 	image_blue: texRes = 128.0
7.6564 	EXP 	image_green: texRes = 128.0
7.6564 	EXP 	image_black: texRes = 128.0
7.6564 	EXP 	image_red: texRes = 128.0
7.6564 	EXP 	image_blue: texRes = 128.0
7.6611 	EXP 	image_green: texRes = 128.0
7.6611 	EXP 	image_black: texRes = 128.0
7.6611 	EXP 	image_red: texRes = 128.0
7.6611 	EXP 	image_blue: texRes = 128.0
7.6657 	EXP 	image_green: texRes = 128.0
7.6657 	EXP 	image_black: texRes = 128.0
7.6657 	EXP 	image_red: texRes = 128.0
7.6657 	EXP 	image_blue: texRes = 128.0
7.6704 	EXP 	image_green: texRes = 128.0
7.6704 	EXP 	image_black: texRes = 128.0
7.6704 	EXP 	image_red: texRes = 128.0
7.6704 	EXP 	image_blue: texRes = 128.0
7.6758 	EXP 	image_green: texRes = 128.0
7.6758 	EXP 	image_black: texRes = 128.0
7.6758 	EXP 	image_red: texRes = 128.0
7.6758 	EXP 	image_blue: texRes = 128.0
7.6805 	EXP 	image_green: texRes = 128.0
7.6805 	EXP 	image_black: texRes = 128.0
7.6805 	EXP 	image_red: texRes = 128.0
7.6805 	EXP 	image_blue: texRes = 128.0
7.6851 	EXP 	image_green: texRes = 128.0
7.6851 	EXP 	image_black: texRes = 128.0
7.6851 	EXP 	image_red: texRes = 128.0
7.6851 	EXP 	image_blue: texRes = 128.0
7.6900 	EXP 	image_green: texRes = 128.0
7.6900 	EXP 	image_black: texRes = 128.0
7.6900 	EXP 	image_red: texRes = 128.0
7.6900 	EXP 	image_blue: texRes = 128.0
7.6946 	EXP 	image_green: texRes = 128.0
7.6946 	EXP 	image_black: texRes = 128.0
7.6946 	EXP 	image_red: texRes = 128.0
7.6946 	EXP 	image_blue: texRes = 128.0
7.6993 	EXP 	image_green: texRes = 128.0
7.6993 	EXP 	image_black: texRes = 128.0
7.6993 	EXP 	image_red: texRes = 128.0
7.6993 	EXP 	image_blue: texRes = 128.0
7.7057 	EXP 	image_green: texRes = 128.0
7.7057 	EXP 	image_black: texRes = 128.0
7.7057 	EXP 	image_red: texRes = 128.0
7.7057 	EXP 	image_blue: texRes = 128.0
7.7107 	EXP 	image_green: texRes = 128.0
7.7107 	EXP 	image_black: texRes = 128.0
7.7107 	EXP 	image_red: texRes = 128.0
7.7107 	EXP 	image_blue: texRes = 128.0
7.7157 	EXP 	image_green: texRes = 128.0
7.7157 	EXP 	image_black: texRes = 128.0
7.7157 	EXP 	image_red: texRes = 128.0
7.7157 	EXP 	image_blue: texRes = 128.0
7.7205 	EXP 	image_green: texRes = 128.0
7.7205 	EXP 	image_black: texRes = 128.0
7.7205 	EXP 	image_red: texRes = 128.0
7.7205 	EXP 	image_blue: texRes = 128.0
7.7252 	EXP 	image_green: texRes = 128.0
7.7252 	EXP 	image_black: texRes = 128.0
7.7252 	EXP 	image_red: texRes = 128.0
7.7252 	EXP 	image_blue: texRes = 128.0
7.7298 	EXP 	image_green: texRes = 128.0
7.7298 	EXP 	image_black: texRes = 128.0
7.7298 	EXP 	image_red: texRes = 128.0
7.7298 	EXP 	image_blue: texRes = 128.0
7.7346 	EXP 	image_green: texRes = 128.0
7.7346 	EXP 	image_black: texRes = 128.0
7.7346 	EXP 	image_red: texRes = 128.0
7.7346 	EXP 	image_blue: texRes = 128.0
7.7399 	EXP 	image_green: texRes = 128.0
7.7399 	EXP 	image_black: texRes = 128.0
7.7399 	EXP 	image_red: texRes = 128.0
7.7399 	EXP 	image_blue: texRes = 128.0
7.7449 	EXP 	image_green: texRes = 128.0
7.7449 	EXP 	image_black: texRes = 128.0
7.7449 	EXP 	image_red: texRes = 128.0
7.7449 	EXP 	image_blue: texRes = 128.0
7.7498 	EXP 	image_green: texRes = 128.0
7.7498 	EXP 	image_black: texRes = 128.0
7.7498 	EXP 	image_red: texRes = 128.0
7.7498 	EXP 	image_blue: texRes = 128.0
7.7548 	EXP 	image_green: texRes = 128.0
7.7548 	EXP 	image_black: texRes = 128.0
7.7548 	EXP 	image_red: texRes = 128.0
7.7548 	EXP 	image_blue: texRes = 128.0
7.7594 	EXP 	image_green: texRes = 128.0
7.7594 	EXP 	image_black: texRes = 128.0
7.7594 	EXP 	image_red: texRes = 128.0
7.7594 	EXP 	image_blue: texRes = 128.0
7.7642 	EXP 	image_green: texRes = 128.0
7.7642 	EXP 	image_black: texRes = 128.0
7.7642 	EXP 	image_red: texRes = 128.0
7.7642 	EXP 	image_blue: texRes = 128.0
7.7696 	EXP 	image_green: texRes = 128.0
7.7696 	EXP 	image_black: texRes = 128.0
7.7696 	EXP 	image_red: texRes = 128.0
7.7696 	EXP 	image_blue: texRes = 128.0
7.7752 	EXP 	image_green: texRes = 128.0
7.7752 	EXP 	image_black: texRes = 128.0
7.7752 	EXP 	image_red: texRes = 128.0
7.7752 	EXP 	image_blue: texRes = 128.0
7.7799 	EXP 	image_green: texRes = 128.0
7.7799 	EXP 	image_black: texRes = 128.0
7.7799 	EXP 	image_red: texRes = 128.0
7.7799 	EXP 	image_blue: texRes = 128.0
7.7846 	EXP 	image_green: texRes = 128.0
7.7846 	EXP 	image_black: texRes = 128.0
7.7846 	EXP 	image_red: texRes = 128.0
7.7846 	EXP 	image_blue: texRes = 128.0
7.7895 	EXP 	image_green: texRes = 128.0
7.7895 	EXP 	image_black: texRes = 128.0
7.7895 	EXP 	image_red: texRes = 128.0
7.7895 	EXP 	image_blue: texRes = 128.0
7.7940 	EXP 	image_green: texRes = 128.0
7.7940 	EXP 	image_black: texRes = 128.0
7.7940 	EXP 	image_red: texRes = 128.0
7.7940 	EXP 	image_blue: texRes = 128.0
7.8005 	EXP 	image_green: texRes = 128.0
7.8005 	EXP 	image_black: texRes = 128.0
7.8005 	EXP 	image_red: texRes = 128.0
7.8005 	EXP 	image_blue: texRes = 128.0
7.8057 	EXP 	image_green: texRes = 128.0
7.8057 	EXP 	image_black: texRes = 128.0
7.8057 	EXP 	image_red: texRes = 128.0
7.8057 	EXP 	image_blue: texRes = 128.0
7.8104 	EXP 	image_green: texRes = 128.0
7.8104 	EXP 	image_black: texRes = 128.0
7.8104 	EXP 	image_red: texRes = 128.0
7.8104 	EXP 	image_blue: texRes = 128.0
7.8151 	EXP 	image_green: texRes = 128.0
7.8151 	EXP 	image_black: texRes = 128.0
7.8151 	EXP 	image_red: texRes = 128.0
7.8151 	EXP 	image_blue: texRes = 128.0
7.8202 	EXP 	image_green: texRes = 128.0
7.8202 	EXP 	image_black: texRes = 128.0
7.8202 	EXP 	image_red: texRes = 128.0
7.8202 	EXP 	image_blue: texRes = 128.0
7.8247 	EXP 	image_green: texRes = 128.0
7.8247 	EXP 	image_black: texRes = 128.0
7.8247 	EXP 	image_red: texRes = 128.0
7.8247 	EXP 	image_blue: texRes = 128.0
7.8315 	EXP 	image_green: texRes = 128.0
7.8315 	EXP 	image_black: texRes = 128.0
7.8315 	EXP 	image_red: texRes = 128.0
7.8315 	EXP 	image_blue: texRes = 128.0
7.8370 	EXP 	image_green: texRes = 128.0
7.8370 	EXP 	image_black: texRes = 128.0
7.8370 	EXP 	image_red: texRes = 128.0
7.8370 	EXP 	image_blue: texRes = 128.0
7.8418 	EXP 	image_green: texRes = 128.0
7.8418 	EXP 	image_black: texRes = 128.0
7.8418 	EXP 	image_red: texRes = 128.0
7.8418 	EXP 	image_blue: texRes = 128.0
7.8464 	EXP 	image_green: texRes = 128.0
7.8464 	EXP 	image_black: texRes = 128.0
7.8464 	EXP 	image_red: texRes = 128.0
7.8464 	EXP 	image_blue: texRes = 128.0
7.8513 	EXP 	image_green: texRes = 128.0
7.8513 	EXP 	image_black: texRes = 128.0
7.8513 	EXP 	image_red: texRes = 128.0
7.8513 	EXP 	image_blue: texRes = 128.0
7.8560 	EXP 	image_green: texRes = 128.0
7.8560 	EXP 	image_black: texRes = 128.0
7.8560 	EXP 	image_red: texRes = 128.0
7.8560 	EXP 	image_blue: texRes = 128.0
7.8624 	EXP 	image_green: texRes = 128.0
7.8624 	EXP 	image_black: texRes = 128.0
7.8624 	EXP 	image_red: texRes = 128.0
7.8624 	EXP 	image_blue: texRes = 128.0
7.8679 	EXP 	image_green: texRes = 128.0
7.8679 	EXP 	image_black: texRes = 128.0
7.8679 	EXP 	image_red: texRes = 128.0
7.8679 	EXP 	image_blue: texRes = 128.0
7.8726 	EXP 	image_green: texRes = 128.0
7.8726 	EXP 	image_black: texRes = 128.0
7.8726 	EXP 	image_red: texRes = 128.0
7.8726 	EXP 	image_blue: texRes = 128.0
7.8773 	EXP 	image_green: texRes = 128.0
7.8773 	EXP 	image_black: texRes = 128.0
7.8773 	EXP 	image_red: texRes = 128.0
7.8773 	EXP 	image_blue: texRes = 128.0
7.8824 	EXP 	image_green: texRes = 128.0
7.8824 	EXP 	image_black: texRes = 128.0
7.8824 	EXP 	image_red: texRes = 128.0
7.8824 	EXP 	image_blue: texRes = 128.0
7.8870 	EXP 	image_green: texRes = 128.0
7.8870 	EXP 	image_black: texRes = 128.0
7.8870 	EXP 	image_red: texRes = 128.0
7.8870 	EXP 	image_blue: texRes = 128.0
7.8927 	EXP 	image_green: texRes = 128.0
7.8927 	EXP 	image_black: texRes = 128.0
7.8927 	EXP 	image_red: texRes = 128.0
7.8927 	EXP 	image_blue: texRes = 128.0
7.8975 	EXP 	image_green: texRes = 128.0
7.8975 	EXP 	image_black: texRes = 128.0
7.8975 	EXP 	image_red: texRes = 128.0
7.8975 	EXP 	image_blue: texRes = 128.0
7.9022 	EXP 	image_green: texRes = 128.0
7.9022 	EXP 	image_black: texRes = 128.0
7.9022 	EXP 	image_red: texRes = 128.0
7.9022 	EXP 	image_blue: texRes = 128.0
7.9068 	EXP 	image_green: texRes = 128.0
7.9068 	EXP 	image_black: texRes = 128.0
7.9068 	EXP 	image_red: texRes = 128.0
7.9068 	EXP 	image_blue: texRes = 128.0
7.9120 	EXP 	image_green: texRes = 128.0
7.9120 	EXP 	image_black: texRes = 128.0
7.9120 	EXP 	image_red: texRes = 128.0
7.9120 	EXP 	image_blue: texRes = 128.0
7.9166 	EXP 	image_green: texRes = 128.0
7.9166 	EXP 	image_black: texRes = 128.0
7.9166 	EXP 	image_red: texRes = 128.0
7.9166 	EXP 	image_blue: texRes = 128.0
7.9216 	EXP 	image_green: texRes = 128.0
7.9216 	EXP 	image_black: texRes = 128.0
7.9216 	EXP 	image_red: texRes = 128.0
7.9216 	EXP 	image_blue: texRes = 128.0
7.9269 	EXP 	image_green: texRes = 128.0
7.9269 	EXP 	image_black: texRes = 128.0
7.9269 	EXP 	image_red: texRes = 128.0
7.9269 	EXP 	image_blue: texRes = 128.0
7.9318 	EXP 	image_green: texRes = 128.0
7.9318 	EXP 	image_black: texRes = 128.0
7.9318 	EXP 	image_red: texRes = 128.0
7.9318 	EXP 	image_blue: texRes = 128.0
7.9365 	EXP 	image_green: texRes = 128.0
7.9365 	EXP 	image_black: texRes = 128.0
7.9365 	EXP 	image_red: texRes = 128.0
7.9365 	EXP 	image_blue: texRes = 128.0
7.9417 	EXP 	image_green: texRes = 128.0
7.9417 	EXP 	image_black: texRes = 128.0
7.9417 	EXP 	image_red: texRes = 128.0
7.9417 	EXP 	image_blue: texRes = 128.0
7.9462 	EXP 	image_green: texRes = 128.0
7.9462 	EXP 	image_black: texRes = 128.0
7.9462 	EXP 	image_red: texRes = 128.0
7.9462 	EXP 	image_blue: texRes = 128.0
7.9510 	EXP 	image_green: texRes = 128.0
7.9510 	EXP 	image_black: texRes = 128.0
7.9510 	EXP 	image_red: texRes = 128.0
7.9510 	EXP 	image_blue: texRes = 128.0
7.9556 	EXP 	image_green: texRes = 128.0
7.9556 	EXP 	image_black: texRes = 128.0
7.9556 	EXP 	image_red: texRes = 128.0
7.9556 	EXP 	image_blue: texRes = 128.0
7.9602 	EXP 	image_green: texRes = 128.0
7.9602 	EXP 	image_black: texRes = 128.0
7.9602 	EXP 	image_red: texRes = 128.0
7.9602 	EXP 	image_blue: texRes = 128.0
7.9648 	EXP 	image_green: texRes = 128.0
7.9648 	EXP 	image_black: texRes = 128.0
7.9648 	EXP 	image_red: texRes = 128.0
7.9648 	EXP 	image_blue: texRes = 128.0
7.9701 	EXP 	image_green: texRes = 128.0
7.9701 	EXP 	image_black: texRes = 128.0
7.9701 	EXP 	image_red: texRes = 128.0
7.9701 	EXP 	image_blue: texRes = 128.0
7.9755 	EXP 	image_green: texRes = 128.0
7.9755 	EXP 	image_black: texRes = 128.0
7.9755 	EXP 	image_red: texRes = 128.0
7.9755 	EXP 	image_blue: texRes = 128.0
7.9801 	EXP 	image_green: texRes = 128.0
7.9801 	EXP 	image_black: texRes = 128.0
7.9801 	EXP 	image_red: texRes = 128.0
7.9801 	EXP 	image_blue: texRes = 128.0
7.9847 	EXP 	image_green: texRes = 128.0
7.9847 	EXP 	image_black: texRes = 128.0
7.9847 	EXP 	image_red: texRes = 128.0
7.9847 	EXP 	image_blue: texRes = 128.0
7.9895 	EXP 	image_green: texRes = 128.0
7.9895 	EXP 	image_black: texRes = 128.0
7.9895 	EXP 	image_red: texRes = 128.0
7.9895 	EXP 	image_blue: texRes = 128.0
7.9942 	EXP 	image_green: texRes = 128.0
7.9942 	EXP 	image_black: texRes = 128.0
7.9942 	EXP 	image_red: texRes = 128.0
7.9942 	EXP 	image_blue: texRes = 128.0
8.0000 	EXP 	image_green: texRes = 128.0
8.0000 	EXP 	image_black: texRes = 128.0
8.0000 	EXP 	image_red: texRes = 128.0
8.0000 	EXP 	image_blue: texRes = 128.0
8.0048 	EXP 	image_green: texRes = 128.0
8.0048 	EXP 	image_black: texRes = 128.0
8.0048 	EXP 	image_red: texRes = 128.0
8.0048 	EXP 	image_blue: texRes = 128.0
8.0096 	EXP 	image_green: texRes = 128.0
8.0096 	EXP 	image_black: texRes = 128.0
8.0096 	EXP 	image_red: texRes = 128.0
8.0096 	EXP 	image_blue: texRes = 128.0
8.0142 	EXP 	image_green: texRes = 128.0
8.0142 	EXP 	image_black: texRes = 128.0
8.0142 	EXP 	image_red: texRes = 128.0
8.0142 	EXP 	image_blue: texRes = 128.0
8.0193 	EXP 	image_green: texRes = 128.0
8.0193 	EXP 	image_black: texRes = 128.0
8.0193 	EXP 	image_red: texRes = 128.0
8.0193 	EXP 	image_blue: texRes = 128.0
8.0239 	EXP 	image_green: texRes = 128.0
8.0239 	EXP 	image_black: texRes = 128.0
8.0239 	EXP 	image_red: texRes = 128.0
8.0239 	EXP 	image_blue: texRes = 128.0
8.0296 	EXP 	image_green: texRes = 128.0
8.0296 	EXP 	image_black: texRes = 128.0
8.0296 	EXP 	image_red: texRes = 128.0
8.0296 	EXP 	image_blue: texRes = 128.0
8.0345 	EXP 	image_green: texRes = 128.0
8.0345 	EXP 	image_black: texRes = 128.0
8.0345 	EXP 	image_red: texRes = 128.0
8.0345 	EXP 	image_blue: texRes = 128.0
8.0393 	EXP 	image_green: texRes = 128.0
8.0393 	EXP 	image_black: texRes = 128.0
8.0393 	EXP 	image_red: texRes = 128.0
8.0393 	EXP 	image_blue: texRes = 128.0
8.0439 	EXP 	image_green: texRes = 128.0
8.0439 	EXP 	image_black: texRes = 128.0
8.0439 	EXP 	image_red: texRes = 128.0
8.0439 	EXP 	image_blue: texRes = 128.0
8.0491 	EXP 	image_green: texRes = 128.0
8.0491 	EXP 	image_black: texRes = 128.0
8.0491 	EXP 	image_red: texRes = 128.0
8.0491 	EXP 	image_blue: texRes = 128.0
8.0537 	EXP 	image_green: texRes = 128.0
8.0537 	EXP 	image_black: texRes = 128.0
8.0537 	EXP 	image_red: texRes = 128.0
8.0537 	EXP 	image_blue: texRes = 128.0
8.0587 	EXP 	image_green: texRes = 128.0
8.0587 	EXP 	image_black: texRes = 128.0
8.0587 	EXP 	image_red: texRes = 128.0
8.0587 	EXP 	image_blue: texRes = 128.0
8.0633 	EXP 	image_green: texRes = 128.0
8.0633 	EXP 	image_black: texRes = 128.0
8.0633 	EXP 	image_red: texRes = 128.0
8.0633 	EXP 	image_blue: texRes = 128.0
8.0680 	EXP 	image_green: texRes = 128.0
8.0680 	EXP 	image_black: texRes = 128.0
8.0680 	EXP 	image_red: texRes = 128.0
8.0680 	EXP 	image_blue: texRes = 128.0
8.0726 	EXP 	image_green: texRes = 128.0
8.0726 	EXP 	image_black: texRes = 128.0
8.0726 	EXP 	image_red: texRes = 128.0
8.0726 	EXP 	image_blue: texRes = 128.0
8.0776 	EXP 	image_green: texRes = 128.0
8.0776 	EXP 	image_black: texRes = 128.0
8.0776 	EXP 	image_red: texRes = 128.0
8.0776 	EXP 	image_blue: texRes = 128.0
8.0826 	EXP 	image_green: texRes = 128.0
8.0826 	EXP 	image_black: texRes = 128.0
8.0826 	EXP 	image_red: texRes = 128.0
8.0826 	EXP 	image_blue: texRes = 128.0
8.0873 	EXP 	image_green: texRes = 128.0
8.0873 	EXP 	image_black: texRes = 128.0
8.0873 	EXP 	image_red: texRes = 128.0
8.0873 	EXP 	image_blue: texRes = 128.0
8.0920 	EXP 	image_green: texRes = 128.0
8.0920 	EXP 	image_black: texRes = 128.0
8.0920 	EXP 	image_red: texRes = 128.0
8.0920 	EXP 	image_blue: texRes = 128.0
8.0966 	EXP 	image_green: texRes = 128.0
8.0966 	EXP 	image_black: texRes = 128.0
8.0966 	EXP 	image_red: texRes = 128.0
8.0966 	EXP 	image_blue: texRes = 128.0
8.1013 	EXP 	image_green: texRes = 128.0
8.1013 	EXP 	image_black: texRes = 128.0
8.1013 	EXP 	image_red: texRes = 128.0
8.1013 	EXP 	image_blue: texRes = 128.0
8.1062 	EXP 	image_green: texRes = 128.0
8.1062 	EXP 	image_black: texRes = 128.0
8.1062 	EXP 	image_red: texRes = 128.0
8.1062 	EXP 	image_blue: texRes = 128.0
8.1121 	EXP 	image_green: texRes = 128.0
8.1121 	EXP 	image_black: texRes = 128.0
8.1121 	EXP 	image_red: texRes = 128.0
8.1121 	EXP 	image_blue: texRes = 128.0
8.1176 	EXP 	image_green: texRes = 128.0
8.1176 	EXP 	image_black: texRes = 128.0
8.1176 	EXP 	image_red: texRes = 128.0
8.1176 	EXP 	image_blue: texRes = 128.0
8.1235 	EXP 	image_green: texRes = 128.0
8.1235 	EXP 	image_black: texRes = 128.0
8.1235 	EXP 	image_red: texRes = 128.0
8.1235 	EXP 	image_blue: texRes = 128.0
8.1288 	EXP 	image_green: texRes = 128.0
8.1288 	EXP 	image_black: texRes = 128.0
8.1288 	EXP 	image_red: texRes = 128.0
8.1288 	EXP 	image_blue: texRes = 128.0
8.1344 	EXP 	image_green: texRes = 128.0
8.1344 	EXP 	image_black: texRes = 128.0
8.1344 	EXP 	image_red: texRes = 128.0
8.1344 	EXP 	image_blue: texRes = 128.0
8.1391 	EXP 	image_green: texRes = 128.0
8.1391 	EXP 	image_black: texRes = 128.0
8.1391 	EXP 	image_red: texRes = 128.0
8.1391 	EXP 	image_blue: texRes = 128.0
8.1442 	EXP 	image_green: texRes = 128.0
8.1442 	EXP 	image_black: texRes = 128.0
8.1442 	EXP 	image_red: texRes = 128.0
8.1442 	EXP 	image_blue: texRes = 128.0
8.1494 	EXP 	image_green: texRes = 128.0
8.1494 	EXP 	image_black: texRes = 128.0
8.1494 	EXP 	image_red: texRes = 128.0
8.1494 	EXP 	image_blue: texRes = 128.0
8.1547 	EXP 	image_green: texRes = 128.0
8.1547 	EXP 	image_black: texRes = 128.0
8.1547 	EXP 	image_red: texRes = 128.0
8.1547 	EXP 	image_blue: texRes = 128.0
8.1593 	EXP 	image_green: texRes = 128.0
8.1593 	EXP 	image_black: texRes = 128.0
8.1593 	EXP 	image_red: texRes = 128.0
8.1593 	EXP 	image_blue: texRes = 128.0
8.1645 	EXP 	image_green: texRes = 128.0
8.1645 	EXP 	image_black: texRes = 128.0
8.1645 	EXP 	image_red: texRes = 128.0
8.1645 	EXP 	image_blue: texRes = 128.0
8.1716 	EXP 	image_green: texRes = 128.0
8.1716 	EXP 	image_black: texRes = 128.0
8.1716 	EXP 	image_red: texRes = 128.0
8.1716 	EXP 	image_blue: texRes = 128.0
8.1773 	EXP 	image_green: texRes = 128.0
8.1773 	EXP 	image_black: texRes = 128.0
8.1773 	EXP 	image_red: texRes = 128.0
8.1773 	EXP 	image_blue: texRes = 128.0
8.1825 	EXP 	image_green: texRes = 128.0
8.1825 	EXP 	image_black: texRes = 128.0
8.1825 	EXP 	image_red: texRes = 128.0
8.1825 	EXP 	image_blue: texRes = 128.0
8.1873 	EXP 	image_green: texRes = 128.0
8.1873 	EXP 	image_black: texRes = 128.0
8.1873 	EXP 	image_red: texRes = 128.0
8.1873 	EXP 	image_blue: texRes = 128.0
8.1921 	EXP 	image_green: texRes = 128.0
8.1921 	EXP 	image_black: texRes = 128.0
8.1921 	EXP 	image_red: texRes = 128.0
8.1921 	EXP 	image_blue: texRes = 128.0
8.1971 	EXP 	image_green: texRes = 128.0
8.1971 	EXP 	image_black: texRes = 128.0
8.1971 	EXP 	image_red: texRes = 128.0
8.1971 	EXP 	image_blue: texRes = 128.0
8.2022 	EXP 	image_green: texRes = 128.0
8.2022 	EXP 	image_black: texRes = 128.0
8.2022 	EXP 	image_red: texRes = 128.0
8.2022 	EXP 	image_blue: texRes = 128.0
8.2071 	EXP 	image_green: texRes = 128.0
8.2071 	EXP 	image_black: texRes = 128.0
8.2071 	EXP 	image_red: texRes = 128.0
8.2071 	EXP 	image_blue: texRes = 128.0
8.2124 	EXP 	image_green: texRes = 128.0
8.2124 	EXP 	image_black: texRes = 128.0
8.2124 	EXP 	image_red: texRes = 128.0
8.2124 	EXP 	image_blue: texRes = 128.0
8.2194 	EXP 	image_green: texRes = 128.0
8.2194 	EXP 	image_black: texRes = 128.0
8.2194 	EXP 	image_red: texRes = 128.0
8.2194 	EXP 	image_blue: texRes = 128.0
8.2246 	EXP 	image_green: texRes = 128.0
8.2246 	EXP 	image_black: texRes = 128.0
8.2246 	EXP 	image_red: texRes = 128.0
8.2246 	EXP 	image_blue: texRes = 128.0
8.2297 	EXP 	image_green: texRes = 128.0
8.2297 	EXP 	image_black: texRes = 128.0
8.2297 	EXP 	image_red: texRes = 128.0
8.2297 	EXP 	image_blue: texRes = 128.0
8.2744 	EXP 	window1: mouseVisible = True
