4.1268 	WARNING 	User requested fullscreen with size [1024  768], but screen is actually [1920, 1080]. Using actual size
4.4174 	EXP 	Created window1 = Window(allowGUI=True, allowStencil=False, autoLog=True, backendConf=UNKNOWN, backgroundFit=<method-wrapper '__getattribute__' of attributeSetter object at 0x000001A5FD3993A0>, backgroundImage=<method-wrapper '__getattribute__' of attributeSetter object at 0x000001A5FD399340>, bitsMode=UNKNOWN, blendMode='avg', bpc=(8, 8, 8), color=array([0, 0, 0]), colorSpace='rgb', depthBits=8, fullscr=<method-wrapper '__getattribute__' of attributeSetter object at 0x000001A5FD3991F0>, gamma=None, gammaErrorPolicy='raise', lms=UNKNOWN, monitor=<psychopy.monitors.calibTools.Monitor object at 0x000001A5836A7100>, multiSample=False, name='window1', numSamples=2, pos=(0, 0), screen=0, size=array([1920, 1080]), stencilBits=0, stereo=False, units='height', useFBO=True, useRetina=False, viewOri=0.0, viewPos=None, viewScale=None, waitBlanking=True, winType='pyglet')
4.4175 	EXP 	window1: mouseVisible = True
4.4175 	EXP 	window1: backgroundImage = ''
4.4175 	EXP 	window1: backgroundFit = 'none'
4.4176 	EXP 	window1: mouseVisible = False
4.4176 	EXP 	window1: Attempting to measure frame rate of screen (0) ...
4.4176 	EXP 	window1: recordFrameIntervals = False
4.4588 	EXP 	window1: recordFrameIntervals = True
4.5050 	EXP 	Screen (0) actual frame rate measured at 238.40Hz
4.5050 	EXP 	window1: recordFrameIntervals = False
6.0180 	EXP 	Created shown_image = ImageStim(__class__=<class 'psychopy.visual.image.ImageStim'>, anchor=('center', 'center'), autoLog=True, color=array([1., 1., 1.]), colorSpace='rgb', contrast=1.0, depth=-1.0, flipHoriz=False, flipVert=False, image='default.png', interpolate=True, mask=None, maskParams=None, name='shown_image', opacity=1.0, ori=0.0, pos=array([0., 0.]), size=array([100., 100.]), texRes=128.0, units='pix', win=Window(...))
6.0228 	EXP 	Created image_black = ImageStim(__class__=<class 'psychopy.visual.image.ImageStim'>, anchor=('center', 'center'), autoLog=True, color=array([1., 1., 1.]), colorSpace='rgb', contrast=1.0, depth=-2.0, flipHoriz=False, flipVert=False, image='black.png', interpolate=True, mask=None, maskParams=None, name='image_black', opacity=1.0, ori=0.0, pos=array([ 600., -250.]), size=array([100., 100.]), texRes=128.0, units='pix', win=Window(...))
6.0266 	EXP 	Created image_green = ImageStim(__class__=<class 'psychopy.visual.image.ImageStim'>, anchor=('center', 'center'), autoLog=True, color=array([1., 1., 1.]), colorSpace='rgb', contrast=1.0, depth=-3.0, flipHoriz=False, flipVert=False, image='green.png', interpolate=True, mask=None, maskParams=None, name='image_green', opacity=1.0, ori=0.0, pos=array([ 200., -250.]), size=array([100., 100.]), texRes=128.0, units='pix', win=Window(...))
6.0304 	EXP 	Created image_red = ImageStim(__class__=<class 'psychopy.visual.image.ImageStim'>, anchor=('center', 'center'), autoLog=True, color=array([1., 1., 1.]), colorSpace='rgb', contrast=1.0, depth=-4.0, flipHoriz=False, flipVert=False, image='red.png', interpolate=True, mask=None, maskParams=None, name='image_red', opacity=1.0, ori=0.0, pos=array([-200., -250.]), size=array([100., 100.]), texRes=128.0, units='pix', win=Window(...))
6.0345 	EXP 	Created image_blue = ImageStim(__class__=<class 'psychopy.visual.image.ImageStim'>, anchor=('center', 'center'), autoLog=True, color=array([1., 1., 1.]), colorSpace='rgb', contrast=1.0, depth=-5.0, flipHoriz=False, flipVert=False, image='blue.png', interpolate=True, mask=None, maskParams=None, name='image_blue', opacity=1.0, ori=0.0, pos=array([-600., -250.]), size=array([100., 100.]), texRes=128.0, units='pix', win=Window(...))
6.0348 	EXP 	window1: mouseVisible = True
6.0611 	EXP 	Created text = TextStim(__class__=<class 'psychopy.visual.text.TextStim'>, alignHoriz=method-wrapper(...), alignText='center', alignVert=method-wrapper(...), anchorHoriz='center', anchorVert='center', antialias=True, autoDraw=False, autoLog=True, bold=False, color=array([1., 1., 1.]), colorSpace='rgb', contrast=1.0, depth=-7.0, flipHoriz=False, flipVert=False, font='Open Sans', fontFiles=[], height=0.05, italic=False, languageStyle='LTR', name='text', opacity=1.0, ori=0.0, pos=array([0. , 0.2]), rgb=UNKNOWN, text='', units='height', win=Window(...), wrapWidth=1)
6.0623 	EXP 	Created answer = TextStim(__class__=<class 'psychopy.visual.text.TextStim'>, alignHoriz=method-wrapper(...), alignText='center', alignVert=method-wrapper(...), anchorHoriz='center', anchorVert='center', antialias=True, autoDraw=False, autoLog=True, bold=False, color=array([1., 1., 1.]), colorSpace='rgb', contrast=1.0, depth=0.0, flipHoriz=False, flipVert=False, font='Open Sans', fontFiles=[], height=0.03, italic=False, languageStyle='LTR', name='answer', opacity=1.0, ori=0.0, pos=array([0., 0.]), rgb=UNKNOWN, text='', units='height', win=Window(...), wrapWidth=1)
6.0626 	EXP 	Created sequence: random, trialTypes=1, nReps=5, seed=None
6.0627 	EXP 	New trial (rep=0, index=0): None
6.1168 	EXP 	shown_image: image = 'blue.png'
6.1168 	EXP 	text: height = 0.05
6.1168 	EXP 	text: height = 0.05
6.1168 	EXP 	text: height = 0.05
6.1168 	EXP 	text: text = 'Number Of Loop: 0'
6.1168 	EXP 	image_green: texRes = 128.0
6.1168 	EXP 	image_black: texRes = 128.0
6.1168 	EXP 	image_red: texRes = 128.0
6.1168 	EXP 	image_blue: texRes = 128.0
6.1168 	EXP 	shown_image: autoDraw = True
6.1168 	EXP 	image_black: autoDraw = True
6.1168 	EXP 	image_green: autoDraw = True
6.1168 	EXP 	image_red: autoDraw = True
6.1168 	EXP 	image_blue: autoDraw = True
6.1168 	EXP 	text: autoDraw = True
6.1261 	EXP 	image_green: texRes = 128.0
6.1261 	EXP 	image_black: texRes = 128.0
6.1261 	EXP 	image_red: texRes = 128.0
6.1261 	EXP 	image_blue: texRes = 128.0
6.1321 	EXP 	image_green: texRes = 128.0
6.1321 	EXP 	image_black: texRes = 128.0
6.1321 	EXP 	image_red: texRes = 128.0
6.1321 	EXP 	image_blue: texRes = 128.0
6.1408 	EXP 	image_green: texRes = 128.0
6.1408 	EXP 	image_black: texRes = 128.0
6.1408 	EXP 	image_red: texRes = 128.0
6.1408 	EXP 	image_blue: texRes = 128.0
6.1464 	EXP 	image_green: texRes = 128.0
6.1464 	EXP 	image_black: texRes = 128.0
6.1464 	EXP 	image_red: texRes = 128.0
6.1464 	EXP 	image_blue: texRes = 128.0
6.1554 	EXP 	image_green: texRes = 128.0
6.1554 	EXP 	image_black: texRes = 128.0
6.1554 	EXP 	image_red: texRes = 128.0
6.1554 	EXP 	image_blue: texRes = 128.0
6.1617 	EXP 	image_green: texRes = 128.0
6.1617 	EXP 	image_black: texRes = 128.0
6.1617 	EXP 	image_red: texRes = 128.0
6.1617 	EXP 	image_blue: texRes = 128.0
6.1706 	EXP 	image_green: texRes = 128.0
6.1706 	EXP 	image_black: texRes = 128.0
6.1706 	EXP 	image_red: texRes = 128.0
6.1706 	EXP 	image_blue: texRes = 128.0
6.1764 	EXP 	image_green: texRes = 128.0
6.1764 	EXP 	image_black: texRes = 128.0
6.1764 	EXP 	image_red: texRes = 128.0
6.1764 	EXP 	image_blue: texRes = 128.0
6.1851 	EXP 	image_green: texRes = 128.0
6.1851 	EXP 	image_black: texRes = 128.0
6.1851 	EXP 	image_red: texRes = 128.0
6.1851 	EXP 	image_blue: texRes = 128.0
6.1907 	EXP 	image_green: texRes = 128.0
6.1907 	EXP 	image_black: texRes = 128.0
6.1907 	EXP 	image_red: texRes = 128.0
6.1907 	EXP 	image_blue: texRes = 128.0
6.1993 	EXP 	image_green: texRes = 128.0
6.1993 	EXP 	image_black: texRes = 128.0
6.1993 	EXP 	image_red: texRes = 128.0
6.1993 	EXP 	image_blue: texRes = 128.0
6.2061 	EXP 	image_green: texRes = 128.0
6.2061 	EXP 	image_black: texRes = 128.0
6.2061 	EXP 	image_red: texRes = 128.0
6.2061 	EXP 	image_blue: texRes = 128.0
6.2151 	EXP 	image_green: texRes = 128.0
6.2151 	EXP 	image_black: texRes = 128.0
6.2151 	EXP 	image_red: texRes = 128.0
6.2151 	EXP 	image_blue: texRes = 128.0
6.2208 	EXP 	image_green: texRes = 128.0
6.2208 	EXP 	image_black: texRes = 128.0
6.2208 	EXP 	image_red: texRes = 128.0
6.2208 	EXP 	image_blue: texRes = 128.0
6.2284 	EXP 	image_green: texRes = 128.0
6.2284 	EXP 	image_black: texRes = 128.0
6.2284 	EXP 	image_red: texRes = 128.0
6.2284 	EXP 	image_blue: texRes = 128.0
6.2340 	EXP 	image_green: texRes = 128.0
6.2340 	EXP 	image_black: texRes = 128.0
6.2340 	EXP 	image_red: texRes = 128.0
6.2340 	EXP 	image_blue: texRes = 128.0
6.2407 	EXP 	image_green: texRes = 128.0
6.2407 	EXP 	image_black: texRes = 128.0
6.2407 	EXP 	image_red: texRes = 128.0
6.2407 	EXP 	image_blue: texRes = 128.0
6.2465 	EXP 	image_green: texRes = 128.0
6.2465 	EXP 	image_black: texRes = 128.0
6.2465 	EXP 	image_red: texRes = 128.0
6.2465 	EXP 	image_blue: texRes = 128.0
6.2536 	EXP 	image_green: texRes = 128.0
6.2536 	EXP 	image_black: texRes = 128.0
6.2536 	EXP 	image_red: texRes = 128.0
6.2536 	EXP 	image_blue: texRes = 128.0
6.2594 	EXP 	image_green: texRes = 128.0
6.2594 	EXP 	image_black: texRes = 128.0
6.2594 	EXP 	image_red: texRes = 128.0
6.2594 	EXP 	image_blue: texRes = 128.0
6.2660 	EXP 	image_green: texRes = 128.0
6.2660 	EXP 	image_black: texRes = 128.0
6.2660 	EXP 	image_red: texRes = 128.0
6.2660 	EXP 	image_blue: texRes = 128.0
6.2718 	EXP 	image_green: texRes = 128.0
6.2718 	EXP 	image_black: texRes = 128.0
6.2718 	EXP 	image_red: texRes = 128.0
6.2718 	EXP 	image_blue: texRes = 128.0
6.2782 	EXP 	image_green: texRes = 128.0
6.2782 	EXP 	image_black: texRes = 128.0
6.2782 	EXP 	image_red: texRes = 128.0
6.2782 	EXP 	image_blue: texRes = 128.0
6.2838 	EXP 	image_green: texRes = 128.0
6.2838 	EXP 	image_black: texRes = 128.0
6.2838 	EXP 	image_red: texRes = 128.0
6.2838 	EXP 	image_blue: texRes = 128.0
6.2896 	EXP 	image_green: texRes = 128.0
6.2896 	EXP 	image_black: texRes = 128.0
6.2896 	EXP 	image_red: texRes = 128.0
6.2896 	EXP 	image_blue: texRes = 128.0
6.2953 	EXP 	image_green: texRes = 128.0
6.2953 	EXP 	image_black: texRes = 128.0
6.2953 	EXP 	image_red: texRes = 128.0
6.2953 	EXP 	image_blue: texRes = 128.0
6.3014 	EXP 	image_green: texRes = 128.0
6.3014 	EXP 	image_black: texRes = 128.0
6.3014 	EXP 	image_red: texRes = 128.0
6.3014 	EXP 	image_blue: texRes = 128.0
6.3074 	EXP 	image_green: texRes = 128.0
6.3074 	EXP 	image_black: texRes = 128.0
6.3074 	EXP 	image_red: texRes = 128.0
6.3074 	EXP 	image_blue: texRes = 128.0
6.3133 	EXP 	image_green: texRes = 128.0
6.3133 	EXP 	image_black: texRes = 128.0
6.3133 	EXP 	image_red: texRes = 128.0
6.3133 	EXP 	image_blue: texRes = 128.0
6.3194 	EXP 	image_green: texRes = 128.0
6.3194 	EXP 	image_black: texRes = 128.0
6.3194 	EXP 	image_red: texRes = 128.0
6.3194 	EXP 	image_blue: texRes = 128.0
6.3252 	EXP 	image_green: texRes = 128.0
6.3252 	EXP 	image_black: texRes = 128.0
6.3252 	EXP 	image_red: texRes = 128.0
6.3252 	EXP 	image_blue: texRes = 128.0
6.3333 	EXP 	image_green: texRes = 128.0
6.3333 	EXP 	image_black: texRes = 128.0
6.3333 	EXP 	image_red: texRes = 128.0
6.3333 	EXP 	image_blue: texRes = 128.0
6.3403 	EXP 	image_green: texRes = 128.0
6.3403 	EXP 	image_black: texRes = 128.0
6.3403 	EXP 	image_red: texRes = 128.0
6.3403 	EXP 	image_blue: texRes = 128.0
6.3464 	EXP 	image_green: texRes = 128.0
6.3464 	EXP 	image_black: texRes = 128.0
6.3464 	EXP 	image_red: texRes = 128.0
6.3464 	EXP 	image_blue: texRes = 128.0
6.3517 	EXP 	image_green: texRes = 128.0
6.3517 	EXP 	image_black: texRes = 128.0
6.3517 	EXP 	image_red: texRes = 128.0
6.3517 	EXP 	image_blue: texRes = 128.0
6.3568 	EXP 	image_green: texRes = 128.0
6.3568 	EXP 	image_black: texRes = 128.0
6.3568 	EXP 	image_red: texRes = 128.0
6.3568 	EXP 	image_blue: texRes = 128.0
6.3616 	EXP 	image_green: texRes = 128.0
6.3616 	EXP 	image_black: texRes = 128.0
6.3616 	EXP 	image_red: texRes = 128.0
6.3616 	EXP 	image_blue: texRes = 128.0
6.3676 	EXP 	image_green: texRes = 128.0
6.3676 	EXP 	image_black: texRes = 128.0
6.3676 	EXP 	image_red: texRes = 128.0
6.3676 	EXP 	image_blue: texRes = 128.0
6.3733 	EXP 	image_green: texRes = 128.0
6.3733 	EXP 	image_black: texRes = 128.0
6.3733 	EXP 	image_red: texRes = 128.0
6.3733 	EXP 	image_blue: texRes = 128.0
6.3787 	EXP 	image_green: texRes = 128.0
6.3787 	EXP 	image_black: texRes = 128.0
6.3787 	EXP 	image_red: texRes = 128.0
6.3787 	EXP 	image_blue: texRes = 128.0
6.3840 	EXP 	image_green: texRes = 128.0
6.3840 	EXP 	image_black: texRes = 128.0
6.3840 	EXP 	image_red: texRes = 128.0
6.3840 	EXP 	image_blue: texRes = 128.0
6.3892 	EXP 	image_green: texRes = 128.0
6.3892 	EXP 	image_black: texRes = 128.0
6.3892 	EXP 	image_red: texRes = 128.0
6.3892 	EXP 	image_blue: texRes = 128.0
6.3961 	EXP 	image_green: texRes = 128.0
6.3961 	EXP 	image_black: texRes = 128.0
6.3961 	EXP 	image_red: texRes = 128.0
6.3961 	EXP 	image_blue: texRes = 128.0
6.4015 	EXP 	image_green: texRes = 128.0
6.4015 	EXP 	image_black: texRes = 128.0
6.4015 	EXP 	image_red: texRes = 128.0
6.4015 	EXP 	image_blue: texRes = 128.0
6.4067 	EXP 	image_green: texRes = 128.0
6.4067 	EXP 	image_black: texRes = 128.0
6.4067 	EXP 	image_red: texRes = 128.0
6.4067 	EXP 	image_blue: texRes = 128.0
6.4120 	EXP 	image_green: texRes = 128.0
6.4120 	EXP 	image_black: texRes = 128.0
6.4120 	EXP 	image_red: texRes = 128.0
6.4120 	EXP 	image_blue: texRes = 128.0
6.4177 	EXP 	image_green: texRes = 128.0
6.4177 	EXP 	image_black: texRes = 128.0
6.4177 	EXP 	image_red: texRes = 128.0
6.4177 	EXP 	image_blue: texRes = 128.0
6.4226 	EXP 	image_green: texRes = 128.0
6.4226 	EXP 	image_black: texRes = 128.0
6.4226 	EXP 	image_red: texRes = 128.0
6.4226 	EXP 	image_blue: texRes = 128.0
6.4282 	EXP 	image_green: texRes = 128.0
6.4282 	EXP 	image_black: texRes = 128.0
6.4282 	EXP 	image_red: texRes = 128.0
6.4282 	EXP 	image_blue: texRes = 128.0
6.4333 	EXP 	image_green: texRes = 128.0
6.4333 	EXP 	image_black: texRes = 128.0
6.4333 	EXP 	image_red: texRes = 128.0
6.4333 	EXP 	image_blue: texRes = 128.0
6.4384 	EXP 	image_green: texRes = 128.0
6.4384 	EXP 	image_black: texRes = 128.0
6.4384 	EXP 	image_red: texRes = 128.0
6.4384 	EXP 	image_blue: texRes = 128.0
6.4439 	EXP 	image_green: texRes = 128.0
6.4439 	EXP 	image_black: texRes = 128.0
6.4439 	EXP 	image_red: texRes = 128.0
6.4439 	EXP 	image_blue: texRes = 128.0
6.4491 	EXP 	image_green: texRes = 128.0
6.4491 	EXP 	image_black: texRes = 128.0
6.4491 	EXP 	image_red: texRes = 128.0
6.4491 	EXP 	image_blue: texRes = 128.0
6.4543 	EXP 	image_green: texRes = 128.0
6.4543 	EXP 	image_black: texRes = 128.0
6.4543 	EXP 	image_red: texRes = 128.0
6.4543 	EXP 	image_blue: texRes = 128.0
6.4595 	EXP 	image_green: texRes = 128.0
6.4595 	EXP 	image_black: texRes = 128.0
6.4595 	EXP 	image_red: texRes = 128.0
6.4595 	EXP 	image_blue: texRes = 128.0
6.4651 	EXP 	image_green: texRes = 128.0
6.4651 	EXP 	image_black: texRes = 128.0
6.4651 	EXP 	image_red: texRes = 128.0
6.4651 	EXP 	image_blue: texRes = 128.0
6.4704 	EXP 	image_green: texRes = 128.0
6.4704 	EXP 	image_black: texRes = 128.0
6.4704 	EXP 	image_red: texRes = 128.0
6.4704 	EXP 	image_blue: texRes = 128.0
6.4756 	EXP 	image_green: texRes = 128.0
6.4756 	EXP 	image_black: texRes = 128.0
6.4756 	EXP 	image_red: texRes = 128.0
6.4756 	EXP 	image_blue: texRes = 128.0
6.4808 	EXP 	image_green: texRes = 128.0
6.4808 	EXP 	image_black: texRes = 128.0
6.4808 	EXP 	image_red: texRes = 128.0
6.4808 	EXP 	image_blue: texRes = 128.0
6.4861 	EXP 	image_green: texRes = 128.0
6.4861 	EXP 	image_black: texRes = 128.0
6.4861 	EXP 	image_red: texRes = 128.0
6.4861 	EXP 	image_blue: texRes = 128.0
6.4918 	EXP 	image_green: texRes = 128.0
6.4918 	EXP 	image_black: texRes = 128.0
6.4918 	EXP 	image_red: texRes = 128.0
6.4918 	EXP 	image_blue: texRes = 128.0
6.4974 	EXP 	image_green: texRes = 128.0
6.4974 	EXP 	image_black: texRes = 128.0
6.4974 	EXP 	image_red: texRes = 128.0
6.4974 	EXP 	image_blue: texRes = 128.0
6.5025 	EXP 	image_green: texRes = 128.0
6.5025 	EXP 	image_black: texRes = 128.0
6.5025 	EXP 	image_red: texRes = 128.0
6.5025 	EXP 	image_blue: texRes = 128.0
6.5078 	EXP 	image_green: texRes = 128.0
6.5078 	EXP 	image_black: texRes = 128.0
6.5078 	EXP 	image_red: texRes = 128.0
6.5078 	EXP 	image_blue: texRes = 128.0
6.5131 	EXP 	image_green: texRes = 128.0
6.5131 	EXP 	image_black: texRes = 128.0
6.5131 	EXP 	image_red: texRes = 128.0
6.5131 	EXP 	image_blue: texRes = 128.0
6.5184 	EXP 	image_green: texRes = 128.0
6.5184 	EXP 	image_black: texRes = 128.0
6.5184 	EXP 	image_red: texRes = 128.0
6.5184 	EXP 	image_blue: texRes = 128.0
6.5243 	EXP 	image_green: texRes = 128.0
6.5243 	EXP 	image_black: texRes = 128.0
6.5243 	EXP 	image_red: texRes = 128.0
6.5243 	EXP 	image_blue: texRes = 128.0
6.5294 	EXP 	image_green: texRes = 128.0
6.5294 	EXP 	image_black: texRes = 128.0
6.5294 	EXP 	image_red: texRes = 128.0
6.5294 	EXP 	image_blue: texRes = 128.0
6.5345 	EXP 	image_green: texRes = 128.0
6.5345 	EXP 	image_black: texRes = 128.0
6.5345 	EXP 	image_red: texRes = 128.0
6.5345 	EXP 	image_blue: texRes = 128.0
6.5398 	EXP 	image_green: texRes = 128.0
6.5398 	EXP 	image_black: texRes = 128.0
6.5398 	EXP 	image_red: texRes = 128.0
6.5398 	EXP 	image_blue: texRes = 128.0
6.5449 	EXP 	image_green: texRes = 128.0
6.5449 	EXP 	image_black: texRes = 128.0
6.5449 	EXP 	image_red: texRes = 128.0
6.5449 	EXP 	image_blue: texRes = 128.0
6.5501 	EXP 	image_green: texRes = 128.0
6.5501 	EXP 	image_black: texRes = 128.0
6.5501 	EXP 	image_red: texRes = 128.0
6.5501 	EXP 	image_blue: texRes = 128.0
6.5559 	EXP 	image_green: texRes = 128.0
6.5559 	EXP 	image_black: texRes = 128.0
6.5559 	EXP 	image_red: texRes = 128.0
6.5559 	EXP 	image_blue: texRes = 128.0
6.5612 	EXP 	image_green: texRes = 128.0
6.5612 	EXP 	image_black: texRes = 128.0
6.5612 	EXP 	image_red: texRes = 128.0
6.5612 	EXP 	image_blue: texRes = 128.0
6.5663 	EXP 	image_green: texRes = 128.0
6.5663 	EXP 	image_black: texRes = 128.0
6.5663 	EXP 	image_red: texRes = 128.0
6.5663 	EXP 	image_blue: texRes = 128.0
6.5716 	EXP 	image_green: texRes = 128.0
6.5716 	EXP 	image_black: texRes = 128.0
6.5716 	EXP 	image_red: texRes = 128.0
6.5716 	EXP 	image_blue: texRes = 128.0
6.5767 	EXP 	image_green: texRes = 128.0
6.5767 	EXP 	image_black: texRes = 128.0
6.5767 	EXP 	image_red: texRes = 128.0
6.5767 	EXP 	image_blue: texRes = 128.0
6.5821 	EXP 	image_green: texRes = 128.0
6.5821 	EXP 	image_black: texRes = 128.0
6.5821 	EXP 	image_red: texRes = 128.0
6.5821 	EXP 	image_blue: texRes = 128.0
6.5879 	EXP 	image_green: texRes = 128.0
6.5879 	EXP 	image_black: texRes = 128.0
6.5879 	EXP 	image_red: texRes = 128.0
6.5879 	EXP 	image_blue: texRes = 128.0
6.5931 	EXP 	image_green: texRes = 128.0
6.5931 	EXP 	image_black: texRes = 128.0
6.5931 	EXP 	image_red: texRes = 128.0
6.5931 	EXP 	image_blue: texRes = 128.0
6.5981 	EXP 	image_green: texRes = 128.0
6.5981 	EXP 	image_black: texRes = 128.0
6.5981 	EXP 	image_red: texRes = 128.0
6.5981 	EXP 	image_blue: texRes = 128.0
6.6036 	EXP 	image_green: texRes = 128.0
6.6036 	EXP 	image_black: texRes = 128.0
6.6036 	EXP 	image_red: texRes = 128.0
6.6036 	EXP 	image_blue: texRes = 128.0
6.6089 	EXP 	image_green: texRes = 128.0
6.6089 	EXP 	image_black: texRes = 128.0
6.6089 	EXP 	image_red: texRes = 128.0
6.6089 	EXP 	image_blue: texRes = 128.0
6.6142 	EXP 	image_green: texRes = 128.0
6.6142 	EXP 	image_black: texRes = 128.0
6.6142 	EXP 	image_red: texRes = 128.0
6.6142 	EXP 	image_blue: texRes = 128.0
6.6199 	EXP 	image_green: texRes = 128.0
6.6199 	EXP 	image_black: texRes = 128.0
6.6199 	EXP 	image_red: texRes = 128.0
6.6199 	EXP 	image_blue: texRes = 128.0
6.6251 	EXP 	image_green: texRes = 128.0
6.6251 	EXP 	image_black: texRes = 128.0
6.6251 	EXP 	image_red: texRes = 128.0
6.6251 	EXP 	image_blue: texRes = 128.0
6.6302 	EXP 	image_green: texRes = 128.0
6.6302 	EXP 	image_black: texRes = 128.0
6.6302 	EXP 	image_red: texRes = 128.0
6.6302 	EXP 	image_blue: texRes = 128.0
6.6361 	EXP 	image_green: texRes = 128.0
6.6361 	EXP 	image_black: texRes = 128.0
6.6361 	EXP 	image_red: texRes = 128.0
6.6361 	EXP 	image_blue: texRes = 128.0
6.6410 	EXP 	image_green: texRes = 128.0
6.6410 	EXP 	image_black: texRes = 128.0
6.6410 	EXP 	image_red: texRes = 128.0
6.6410 	EXP 	image_blue: texRes = 128.0
6.6461 	EXP 	image_green: texRes = 128.0
6.6461 	EXP 	image_black: texRes = 128.0
6.6461 	EXP 	image_red: texRes = 128.0
6.6461 	EXP 	image_blue: texRes = 128.0
6.6517 	EXP 	image_green: texRes = 128.0
6.6517 	EXP 	image_black: texRes = 128.0
6.6517 	EXP 	image_red: texRes = 128.0
6.6517 	EXP 	image_blue: texRes = 128.0
6.6568 	EXP 	image_green: texRes = 128.0
6.6568 	EXP 	image_black: texRes = 128.0
6.6568 	EXP 	image_red: texRes = 128.0
6.6568 	EXP 	image_blue: texRes = 128.0
6.6616 	EXP 	image_green: texRes = 128.0
6.6616 	EXP 	image_black: texRes = 128.0
6.6616 	EXP 	image_red: texRes = 128.0
6.6616 	EXP 	image_blue: texRes = 128.0
6.6670 	EXP 	image_green: texRes = 128.0
6.6670 	EXP 	image_black: texRes = 128.0
6.6670 	EXP 	image_red: texRes = 128.0
6.6670 	EXP 	image_blue: texRes = 128.0
6.6720 	EXP 	image_green: texRes = 128.0
6.6720 	EXP 	image_black: texRes = 128.0
6.6720 	EXP 	image_red: texRes = 128.0
6.6720 	EXP 	image_blue: texRes = 128.0
6.6771 	EXP 	image_green: texRes = 128.0
6.6771 	EXP 	image_black: texRes = 128.0
6.6771 	EXP 	image_red: texRes = 128.0
6.6771 	EXP 	image_blue: texRes = 128.0
6.6823 	EXP 	image_green: texRes = 128.0
6.6823 	EXP 	image_black: texRes = 128.0
6.6823 	EXP 	image_red: texRes = 128.0
6.6823 	EXP 	image_blue: texRes = 128.0
6.6873 	EXP 	image_green: texRes = 128.0
6.6873 	EXP 	image_black: texRes = 128.0
6.6873 	EXP 	image_red: texRes = 128.0
6.6873 	EXP 	image_blue: texRes = 128.0
6.6922 	EXP 	image_green: texRes = 128.0
6.6922 	EXP 	image_black: texRes = 128.0
6.6922 	EXP 	image_red: texRes = 128.0
6.6922 	EXP 	image_blue: texRes = 128.0
6.6978 	EXP 	image_green: texRes = 128.0
6.6978 	EXP 	image_black: texRes = 128.0
6.6978 	EXP 	image_red: texRes = 128.0
6.6978 	EXP 	image_blue: texRes = 128.0
6.7033 	EXP 	image_green: texRes = 128.0
6.7033 	EXP 	image_black: texRes = 128.0
6.7033 	EXP 	image_red: texRes = 128.0
6.7033 	EXP 	image_blue: texRes = 128.0
6.7093 	EXP 	image_green: texRes = 128.0
6.7093 	EXP 	image_black: texRes = 128.0
6.7093 	EXP 	image_red: texRes = 128.0
6.7093 	EXP 	image_blue: texRes = 128.0
6.7150 	EXP 	image_green: texRes = 128.0
6.7150 	EXP 	image_black: texRes = 128.0
6.7150 	EXP 	image_red: texRes = 128.0
6.7150 	EXP 	image_blue: texRes = 128.0
6.7200 	EXP 	image_green: texRes = 128.0
6.7200 	EXP 	image_black: texRes = 128.0
6.7200 	EXP 	image_red: texRes = 128.0
6.7200 	EXP 	image_blue: texRes = 128.0
6.7253 	EXP 	image_green: texRes = 128.0
6.7253 	EXP 	image_black: texRes = 128.0
6.7253 	EXP 	image_red: texRes = 128.0
6.7253 	EXP 	image_blue: texRes = 128.0
6.7303 	EXP 	image_green: texRes = 128.0
6.7303 	EXP 	image_black: texRes = 128.0
6.7303 	EXP 	image_red: texRes = 128.0
6.7303 	EXP 	image_blue: texRes = 128.0
6.7356 	EXP 	image_green: texRes = 128.0
6.7356 	EXP 	image_black: texRes = 128.0
6.7356 	EXP 	image_red: texRes = 128.0
6.7356 	EXP 	image_blue: texRes = 128.0
6.7432 	EXP 	image_green: texRes = 128.0
6.7432 	EXP 	image_black: texRes = 128.0
6.7432 	EXP 	image_red: texRes = 128.0
6.7432 	EXP 	image_blue: texRes = 128.0
6.7494 	EXP 	image_green: texRes = 128.0
6.7494 	EXP 	image_black: texRes = 128.0
6.7494 	EXP 	image_red: texRes = 128.0
6.7494 	EXP 	image_blue: texRes = 128.0
6.7542 	EXP 	image_green: texRes = 128.0
6.7542 	EXP 	image_black: texRes = 128.0
6.7542 	EXP 	image_red: texRes = 128.0
6.7542 	EXP 	image_blue: texRes = 128.0
6.7591 	EXP 	image_green: texRes = 128.0
6.7591 	EXP 	image_black: texRes = 128.0
6.7591 	EXP 	image_red: texRes = 128.0
6.7591 	EXP 	image_blue: texRes = 128.0
6.7641 	EXP 	image_green: texRes = 128.0
6.7641 	EXP 	image_black: texRes = 128.0
6.7641 	EXP 	image_red: texRes = 128.0
6.7641 	EXP 	image_blue: texRes = 128.0
6.7689 	EXP 	image_green: texRes = 128.0
6.7689 	EXP 	image_black: texRes = 128.0
6.7689 	EXP 	image_red: texRes = 128.0
6.7689 	EXP 	image_blue: texRes = 128.0
6.7738 	EXP 	image_green: texRes = 128.0
6.7738 	EXP 	image_black: texRes = 128.0
6.7738 	EXP 	image_red: texRes = 128.0
6.7738 	EXP 	image_blue: texRes = 128.0
6.7787 	EXP 	image_green: texRes = 128.0
6.7787 	EXP 	image_black: texRes = 128.0
6.7787 	EXP 	image_red: texRes = 128.0
6.7787 	EXP 	image_blue: texRes = 128.0
6.7835 	EXP 	image_green: texRes = 128.0
6.7835 	EXP 	image_black: texRes = 128.0
6.7835 	EXP 	image_red: texRes = 128.0
6.7835 	EXP 	image_blue: texRes = 128.0
6.7883 	EXP 	image_green: texRes = 128.0
6.7883 	EXP 	image_black: texRes = 128.0
6.7883 	EXP 	image_red: texRes = 128.0
6.7883 	EXP 	image_blue: texRes = 128.0
6.7940 	EXP 	image_green: texRes = 128.0
6.7940 	EXP 	image_black: texRes = 128.0
6.7940 	EXP 	image_red: texRes = 128.0
6.7940 	EXP 	image_blue: texRes = 128.0
6.7992 	EXP 	image_green: texRes = 128.0
6.7992 	EXP 	image_black: texRes = 128.0
6.7992 	EXP 	image_red: texRes = 128.0
6.7992 	EXP 	image_blue: texRes = 128.0
6.8040 	EXP 	image_green: texRes = 128.0
6.8040 	EXP 	image_black: texRes = 128.0
6.8040 	EXP 	image_red: texRes = 128.0
6.8040 	EXP 	image_blue: texRes = 128.0
6.8089 	EXP 	image_green: texRes = 128.0
6.8089 	EXP 	image_black: texRes = 128.0
6.8089 	EXP 	image_red: texRes = 128.0
6.8089 	EXP 	image_blue: texRes = 128.0
6.8140 	EXP 	image_green: texRes = 128.0
6.8140 	EXP 	image_black: texRes = 128.0
6.8140 	EXP 	image_red: texRes = 128.0
6.8140 	EXP 	image_blue: texRes = 128.0
6.8190 	EXP 	image_green: texRes = 128.0
6.8190 	EXP 	image_black: texRes = 128.0
6.8190 	EXP 	image_red: texRes = 128.0
6.8190 	EXP 	image_blue: texRes = 128.0
6.8237 	EXP 	image_green: texRes = 128.0
6.8237 	EXP 	image_black: texRes = 128.0
6.8237 	EXP 	image_red: texRes = 128.0
6.8237 	EXP 	image_blue: texRes = 128.0
6.8283 	EXP 	image_green: texRes = 128.0
6.8283 	EXP 	image_black: texRes = 128.0
6.8283 	EXP 	image_red: texRes = 128.0
6.8283 	EXP 	image_blue: texRes = 128.0
6.8331 	EXP 	image_green: texRes = 128.0
6.8331 	EXP 	image_black: texRes = 128.0
6.8331 	EXP 	image_red: texRes = 128.0
6.8331 	EXP 	image_blue: texRes = 128.0
6.8385 	EXP 	image_green: texRes = 128.0
6.8385 	EXP 	image_black: texRes = 128.0
6.8385 	EXP 	image_red: texRes = 128.0
6.8385 	EXP 	image_blue: texRes = 128.0
6.8433 	EXP 	image_green: texRes = 128.0
6.8433 	EXP 	image_black: texRes = 128.0
6.8433 	EXP 	image_red: texRes = 128.0
6.8433 	EXP 	image_blue: texRes = 128.0
6.8481 	EXP 	image_green: texRes = 128.0
6.8481 	EXP 	image_black: texRes = 128.0
6.8481 	EXP 	image_red: texRes = 128.0
6.8481 	EXP 	image_blue: texRes = 128.0
6.8531 	EXP 	image_green: texRes = 128.0
6.8531 	EXP 	image_black: texRes = 128.0
6.8531 	EXP 	image_red: texRes = 128.0
6.8531 	EXP 	image_blue: texRes = 128.0
6.8579 	EXP 	image_green: texRes = 128.0
6.8579 	EXP 	image_black: texRes = 128.0
6.8579 	EXP 	image_red: texRes = 128.0
6.8579 	EXP 	image_blue: texRes = 128.0
6.8627 	EXP 	image_green: texRes = 128.0
6.8627 	EXP 	image_black: texRes = 128.0
6.8627 	EXP 	image_red: texRes = 128.0
6.8627 	EXP 	image_blue: texRes = 128.0
6.8674 	EXP 	image_green: texRes = 128.0
6.8674 	EXP 	image_black: texRes = 128.0
6.8674 	EXP 	image_red: texRes = 128.0
6.8674 	EXP 	image_blue: texRes = 128.0
6.8729 	EXP 	image_green: texRes = 128.0
6.8729 	EXP 	image_black: texRes = 128.0
6.8729 	EXP 	image_red: texRes = 128.0
6.8729 	EXP 	image_blue: texRes = 128.0
6.8779 	EXP 	image_green: texRes = 128.0
6.8779 	EXP 	image_black: texRes = 128.0
6.8779 	EXP 	image_red: texRes = 128.0
6.8779 	EXP 	image_blue: texRes = 128.0
6.8829 	EXP 	image_green: texRes = 128.0
6.8829 	EXP 	image_black: texRes = 128.0
6.8829 	EXP 	image_red: texRes = 128.0
6.8829 	EXP 	image_blue: texRes = 128.0
6.8887 	EXP 	image_green: texRes = 128.0
6.8887 	EXP 	image_black: texRes = 128.0
6.8887 	EXP 	image_red: texRes = 128.0
6.8887 	EXP 	image_blue: texRes = 128.0
6.8937 	EXP 	image_green: texRes = 128.0
6.8937 	EXP 	image_black: texRes = 128.0
6.8937 	EXP 	image_red: texRes = 128.0
6.8937 	EXP 	image_blue: texRes = 128.0
6.8983 	EXP 	image_green: texRes = 128.0
6.8983 	EXP 	image_black: texRes = 128.0
6.8983 	EXP 	image_red: texRes = 128.0
6.8983 	EXP 	image_blue: texRes = 128.0
6.9031 	EXP 	image_green: texRes = 128.0
6.9031 	EXP 	image_black: texRes = 128.0
6.9031 	EXP 	image_red: texRes = 128.0
6.9031 	EXP 	image_blue: texRes = 128.0
6.9077 	EXP 	image_green: texRes = 128.0
6.9077 	EXP 	image_black: texRes = 128.0
6.9077 	EXP 	image_red: texRes = 128.0
6.9077 	EXP 	image_blue: texRes = 128.0
6.9127 	EXP 	image_green: texRes = 128.0
6.9127 	EXP 	image_black: texRes = 128.0
6.9127 	EXP 	image_red: texRes = 128.0
6.9127 	EXP 	image_blue: texRes = 128.0
6.9177 	EXP 	image_green: texRes = 128.0
6.9177 	EXP 	image_black: texRes = 128.0
6.9177 	EXP 	image_red: texRes = 128.0
6.9177 	EXP 	image_blue: texRes = 128.0
6.9224 	EXP 	image_green: texRes = 128.0
6.9224 	EXP 	image_black: texRes = 128.0
6.9224 	EXP 	image_red: texRes = 128.0
6.9224 	EXP 	image_blue: texRes = 128.0
6.9271 	EXP 	image_green: texRes = 128.0
6.9271 	EXP 	image_black: texRes = 128.0
6.9271 	EXP 	image_red: texRes = 128.0
6.9271 	EXP 	image_blue: texRes = 128.0
6.9327 	EXP 	image_green: texRes = 128.0
6.9327 	EXP 	image_black: texRes = 128.0
6.9327 	EXP 	image_red: texRes = 128.0
6.9327 	EXP 	image_blue: texRes = 128.0
6.9382 	EXP 	image_green: texRes = 128.0
6.9382 	EXP 	image_black: texRes = 128.0
6.9382 	EXP 	image_red: texRes = 128.0
6.9382 	EXP 	image_blue: texRes = 128.0
6.9429 	EXP 	image_green: texRes = 128.0
6.9429 	EXP 	image_black: texRes = 128.0
6.9429 	EXP 	image_red: texRes = 128.0
6.9429 	EXP 	image_blue: texRes = 128.0
6.9475 	EXP 	image_green: texRes = 128.0
6.9475 	EXP 	image_black: texRes = 128.0
6.9475 	EXP 	image_red: texRes = 128.0
6.9475 	EXP 	image_blue: texRes = 128.0
6.9523 	EXP 	image_green: texRes = 128.0
6.9523 	EXP 	image_black: texRes = 128.0
6.9523 	EXP 	image_red: texRes = 128.0
6.9523 	EXP 	image_blue: texRes = 128.0
6.9570 	EXP 	image_green: texRes = 128.0
6.9570 	EXP 	image_black: texRes = 128.0
6.9570 	EXP 	image_red: texRes = 128.0
6.9570 	EXP 	image_blue: texRes = 128.0
6.9621 	EXP 	image_green: texRes = 128.0
6.9621 	EXP 	image_black: texRes = 128.0
6.9621 	EXP 	image_red: texRes = 128.0
6.9621 	EXP 	image_blue: texRes = 128.0
6.9670 	EXP 	image_green: texRes = 128.0
6.9670 	EXP 	image_black: texRes = 128.0
6.9670 	EXP 	image_red: texRes = 128.0
6.9670 	EXP 	image_blue: texRes = 128.0
6.9716 	EXP 	image_green: texRes = 128.0
6.9716 	EXP 	image_black: texRes = 128.0
6.9716 	EXP 	image_red: texRes = 128.0
6.9716 	EXP 	image_blue: texRes = 128.0
6.9762 	EXP 	image_green: texRes = 128.0
6.9762 	EXP 	image_black: texRes = 128.0
6.9762 	EXP 	image_red: texRes = 128.0
6.9762 	EXP 	image_blue: texRes = 128.0
6.9817 	EXP 	image_green: texRes = 128.0
6.9817 	EXP 	image_black: texRes = 128.0
6.9817 	EXP 	image_red: texRes = 128.0
6.9817 	EXP 	image_blue: texRes = 128.0
6.9868 	EXP 	image_green: texRes = 128.0
6.9868 	EXP 	image_black: texRes = 128.0
6.9868 	EXP 	image_red: texRes = 128.0
6.9868 	EXP 	image_blue: texRes = 128.0
6.9913 	EXP 	image_green: texRes = 128.0
6.9913 	EXP 	image_black: texRes = 128.0
6.9913 	EXP 	image_red: texRes = 128.0
6.9913 	EXP 	image_blue: texRes = 128.0
6.9961 	EXP 	image_green: texRes = 128.0
6.9961 	EXP 	image_black: texRes = 128.0
6.9961 	EXP 	image_red: texRes = 128.0
6.9961 	EXP 	image_blue: texRes = 128.0
7.0007 	EXP 	image_green: texRes = 128.0
7.0007 	EXP 	image_black: texRes = 128.0
7.0007 	EXP 	image_red: texRes = 128.0
7.0007 	EXP 	image_blue: texRes = 128.0
7.0053 	EXP 	image_green: texRes = 128.0
7.0053 	EXP 	image_black: texRes = 128.0
7.0053 	EXP 	image_red: texRes = 128.0
7.0053 	EXP 	image_blue: texRes = 128.0
7.0099 	EXP 	image_green: texRes = 128.0
7.0099 	EXP 	image_black: texRes = 128.0
7.0099 	EXP 	image_red: texRes = 128.0
7.0099 	EXP 	image_blue: texRes = 128.0
7.0146 	EXP 	image_green: texRes = 128.0
7.0146 	EXP 	image_black: texRes = 128.0
7.0146 	EXP 	image_red: texRes = 128.0
7.0146 	EXP 	image_blue: texRes = 128.0
7.0192 	EXP 	image_green: texRes = 128.0
7.0192 	EXP 	image_black: texRes = 128.0
7.0192 	EXP 	image_red: texRes = 128.0
7.0192 	EXP 	image_blue: texRes = 128.0
7.0250 	EXP 	image_green: texRes = 128.0
7.0250 	EXP 	image_black: texRes = 128.0
7.0250 	EXP 	image_red: texRes = 128.0
7.0250 	EXP 	image_blue: texRes = 128.0
7.0299 	EXP 	image_green: texRes = 128.0
7.0299 	EXP 	image_black: texRes = 128.0
7.0299 	EXP 	image_red: texRes = 128.0
7.0299 	EXP 	image_blue: texRes = 128.0
7.0352 	EXP 	image_green: texRes = 128.0
7.0352 	EXP 	image_black: texRes = 128.0
7.0352 	EXP 	image_red: texRes = 128.0
7.0352 	EXP 	image_blue: texRes = 128.0
7.0399 	EXP 	image_green: texRes = 128.0
7.0399 	EXP 	image_black: texRes = 128.0
7.0399 	EXP 	image_red: texRes = 128.0
7.0399 	EXP 	image_blue: texRes = 128.0
7.0448 	EXP 	image_green: texRes = 128.0
7.0448 	EXP 	image_black: texRes = 128.0
7.0448 	EXP 	image_red: texRes = 128.0
7.0448 	EXP 	image_blue: texRes = 128.0
7.0495 	EXP 	image_green: texRes = 128.0
7.0495 	EXP 	image_black: texRes = 128.0
7.0495 	EXP 	image_red: texRes = 128.0
7.0495 	EXP 	image_blue: texRes = 128.0
7.0544 	EXP 	image_green: texRes = 128.0
7.0544 	EXP 	image_black: texRes = 128.0
7.0544 	EXP 	image_red: texRes = 128.0
7.0544 	EXP 	image_blue: texRes = 128.0
7.0591 	EXP 	image_green: texRes = 128.0
7.0591 	EXP 	image_black: texRes = 128.0
7.0591 	EXP 	image_red: texRes = 128.0
7.0591 	EXP 	image_blue: texRes = 128.0
7.0639 	EXP 	image_green: texRes = 128.0
7.0639 	EXP 	image_black: texRes = 128.0
7.0639 	EXP 	image_red: texRes = 128.0
7.0639 	EXP 	image_blue: texRes = 128.0
7.0684 	EXP 	image_green: texRes = 128.0
7.0684 	EXP 	image_black: texRes = 128.0
7.0684 	EXP 	image_red: texRes = 128.0
7.0684 	EXP 	image_blue: texRes = 128.0
7.0744 	EXP 	image_green: texRes = 128.0
7.0744 	EXP 	image_black: texRes = 128.0
7.0744 	EXP 	image_red: texRes = 128.0
7.0744 	EXP 	image_blue: texRes = 128.0
7.0794 	EXP 	image_green: texRes = 128.0
7.0794 	EXP 	image_black: texRes = 128.0
7.0794 	EXP 	image_red: texRes = 128.0
7.0794 	EXP 	image_blue: texRes = 128.0
7.0845 	EXP 	image_green: texRes = 128.0
7.0845 	EXP 	image_black: texRes = 128.0
7.0845 	EXP 	image_red: texRes = 128.0
7.0845 	EXP 	image_blue: texRes = 128.0
7.0891 	EXP 	image_green: texRes = 128.0
7.0891 	EXP 	image_black: texRes = 128.0
7.0891 	EXP 	image_red: texRes = 128.0
7.0891 	EXP 	image_blue: texRes = 128.0
7.0939 	EXP 	image_green: texRes = 128.0
7.0939 	EXP 	image_black: texRes = 128.0
7.0939 	EXP 	image_red: texRes = 128.0
7.0939 	EXP 	image_blue: texRes = 128.0
7.0985 	EXP 	image_green: texRes = 128.0
7.0985 	EXP 	image_black: texRes = 128.0
7.0985 	EXP 	image_red: texRes = 128.0
7.0985 	EXP 	image_blue: texRes = 128.0
7.1032 	EXP 	image_green: texRes = 128.0
7.1032 	EXP 	image_black: texRes = 128.0
7.1032 	EXP 	image_red: texRes = 128.0
7.1032 	EXP 	image_blue: texRes = 128.0
7.1078 	EXP 	image_green: texRes = 128.0
7.1078 	EXP 	image_black: texRes = 128.0
7.1078 	EXP 	image_red: texRes = 128.0
7.1078 	EXP 	image_blue: texRes = 128.0
7.1125 	EXP 	image_green: texRes = 128.0
7.1125 	EXP 	image_black: texRes = 128.0
7.1125 	EXP 	image_red: texRes = 128.0
7.1125 	EXP 	image_blue: texRes = 128.0
7.1173 	EXP 	image_green: texRes = 128.0
7.1173 	EXP 	image_black: texRes = 128.0
7.1173 	EXP 	image_red: texRes = 128.0
7.1173 	EXP 	image_blue: texRes = 128.0
7.1227 	EXP 	image_green: texRes = 128.0
7.1227 	EXP 	image_black: texRes = 128.0
7.1227 	EXP 	image_red: texRes = 128.0
7.1227 	EXP 	image_blue: texRes = 128.0
7.1274 	EXP 	image_green: texRes = 128.0
7.1274 	EXP 	image_black: texRes = 128.0
7.1274 	EXP 	image_red: texRes = 128.0
7.1274 	EXP 	image_blue: texRes = 128.0
7.1320 	EXP 	image_green: texRes = 128.0
7.1320 	EXP 	image_black: texRes = 128.0
7.1320 	EXP 	image_red: texRes = 128.0
7.1320 	EXP 	image_blue: texRes = 128.0
7.1369 	EXP 	image_green: texRes = 128.0
7.1369 	EXP 	image_black: texRes = 128.0
7.1369 	EXP 	image_red: texRes = 128.0
7.1369 	EXP 	image_blue: texRes = 128.0
7.1415 	EXP 	image_green: texRes = 128.0
7.1415 	EXP 	image_black: texRes = 128.0
7.1415 	EXP 	image_red: texRes = 128.0
7.1415 	EXP 	image_blue: texRes = 128.0
7.1462 	EXP 	image_green: texRes = 128.0
7.1462 	EXP 	image_black: texRes = 128.0
7.1462 	EXP 	image_red: texRes = 128.0
7.1462 	EXP 	image_blue: texRes = 128.0
7.1508 	EXP 	image_green: texRes = 128.0
7.1508 	EXP 	image_black: texRes = 128.0
7.1508 	EXP 	image_red: texRes = 128.0
7.1508 	EXP 	image_blue: texRes = 128.0
7.1554 	EXP 	image_green: texRes = 128.0
7.1554 	EXP 	image_black: texRes = 128.0
7.1554 	EXP 	image_red: texRes = 128.0
7.1554 	EXP 	image_blue: texRes = 128.0
7.1600 	EXP 	image_green: texRes = 128.0
7.1600 	EXP 	image_black: texRes = 128.0
7.1600 	EXP 	image_red: texRes = 128.0
7.1600 	EXP 	image_blue: texRes = 128.0
7.1645 	EXP 	image_green: texRes = 128.0
7.1645 	EXP 	image_black: texRes = 128.0
7.1645 	EXP 	image_red: texRes = 128.0
7.1645 	EXP 	image_blue: texRes = 128.0
7.1699 	EXP 	image_green: texRes = 128.0
7.1699 	EXP 	image_black: texRes = 128.0
7.1699 	EXP 	image_red: texRes = 128.0
7.1699 	EXP 	image_blue: texRes = 128.0
7.1746 	EXP 	image_green: texRes = 128.0
7.1746 	EXP 	image_black: texRes = 128.0
7.1746 	EXP 	image_red: texRes = 128.0
7.1746 	EXP 	image_blue: texRes = 128.0
7.1794 	EXP 	image_green: texRes = 128.0
7.1794 	EXP 	image_black: texRes = 128.0
7.1794 	EXP 	image_red: texRes = 128.0
7.1794 	EXP 	image_blue: texRes = 128.0
7.1842 	EXP 	image_green: texRes = 128.0
7.1842 	EXP 	image_black: texRes = 128.0
7.1842 	EXP 	image_red: texRes = 128.0
7.1842 	EXP 	image_blue: texRes = 128.0
7.1888 	EXP 	image_green: texRes = 128.0
7.1888 	EXP 	image_black: texRes = 128.0
7.1888 	EXP 	image_red: texRes = 128.0
7.1888 	EXP 	image_blue: texRes = 128.0
7.1936 	EXP 	image_green: texRes = 128.0
7.1936 	EXP 	image_black: texRes = 128.0
7.1936 	EXP 	image_red: texRes = 128.0
7.1936 	EXP 	image_blue: texRes = 128.0
7.1982 	EXP 	image_green: texRes = 128.0
7.1982 	EXP 	image_black: texRes = 128.0
7.1982 	EXP 	image_red: texRes = 128.0
7.1982 	EXP 	image_blue: texRes = 128.0
7.2028 	EXP 	image_green: texRes = 128.0
7.2028 	EXP 	image_black: texRes = 128.0
7.2028 	EXP 	image_red: texRes = 128.0
7.2028 	EXP 	image_blue: texRes = 128.0
7.2074 	EXP 	image_green: texRes = 128.0
7.2074 	EXP 	image_black: texRes = 128.0
7.2074 	EXP 	image_red: texRes = 128.0
7.2074 	EXP 	image_blue: texRes = 128.0
7.2121 	EXP 	image_green: texRes = 128.0
7.2121 	EXP 	image_black: texRes = 128.0
7.2121 	EXP 	image_red: texRes = 128.0
7.2121 	EXP 	image_blue: texRes = 128.0
7.2174 	EXP 	image_green: texRes = 128.0
7.2174 	EXP 	image_black: texRes = 128.0
7.2174 	EXP 	image_red: texRes = 128.0
7.2174 	EXP 	image_blue: texRes = 128.0
7.2223 	EXP 	image_green: texRes = 128.0
7.2223 	EXP 	image_black: texRes = 128.0
7.2223 	EXP 	image_red: texRes = 128.0
7.2223 	EXP 	image_blue: texRes = 128.0
7.2270 	EXP 	image_green: texRes = 128.0
7.2270 	EXP 	image_black: texRes = 128.0
7.2270 	EXP 	image_red: texRes = 128.0
7.2270 	EXP 	image_blue: texRes = 128.0
7.2319 	EXP 	image_green: texRes = 128.0
7.2319 	EXP 	image_black: texRes = 128.0
7.2319 	EXP 	image_red: texRes = 128.0
7.2319 	EXP 	image_blue: texRes = 128.0
7.2365 	EXP 	image_green: texRes = 128.0
7.2365 	EXP 	image_black: texRes = 128.0
7.2365 	EXP 	image_red: texRes = 128.0
7.2365 	EXP 	image_blue: texRes = 128.0
7.2411 	EXP 	image_green: texRes = 128.0
7.2411 	EXP 	image_black: texRes = 128.0
7.2411 	EXP 	image_red: texRes = 128.0
7.2411 	EXP 	image_blue: texRes = 128.0
7.2458 	EXP 	image_green: texRes = 128.0
7.2458 	EXP 	image_black: texRes = 128.0
7.2458 	EXP 	image_red: texRes = 128.0
7.2458 	EXP 	image_blue: texRes = 128.0
7.2505 	EXP 	image_green: texRes = 128.0
7.2505 	EXP 	image_black: texRes = 128.0
7.2505 	EXP 	image_red: texRes = 128.0
7.2505 	EXP 	image_blue: texRes = 128.0
7.2551 	EXP 	image_green: texRes = 128.0
7.2551 	EXP 	image_black: texRes = 128.0
7.2551 	EXP 	image_red: texRes = 128.0
7.2551 	EXP 	image_blue: texRes = 128.0
7.2597 	EXP 	image_green: texRes = 128.0
7.2597 	EXP 	image_black: texRes = 128.0
7.2597 	EXP 	image_red: texRes = 128.0
7.2597 	EXP 	image_blue: texRes = 128.0
7.2649 	EXP 	image_green: texRes = 128.0
7.2649 	EXP 	image_black: texRes = 128.0
7.2649 	EXP 	image_red: texRes = 128.0
7.2649 	EXP 	image_blue: texRes = 128.0
7.2696 	EXP 	image_green: texRes = 128.0
7.2696 	EXP 	image_black: texRes = 128.0
7.2696 	EXP 	image_red: texRes = 128.0
7.2696 	EXP 	image_blue: texRes = 128.0
7.2743 	EXP 	image_green: texRes = 128.0
7.2743 	EXP 	image_black: texRes = 128.0
7.2743 	EXP 	image_red: texRes = 128.0
7.2743 	EXP 	image_blue: texRes = 128.0
7.2791 	EXP 	image_green: texRes = 128.0
7.2791 	EXP 	image_black: texRes = 128.0
7.2791 	EXP 	image_red: texRes = 128.0
7.2791 	EXP 	image_blue: texRes = 128.0
7.2837 	EXP 	image_green: texRes = 128.0
7.2837 	EXP 	image_black: texRes = 128.0
7.2837 	EXP 	image_red: texRes = 128.0
7.2837 	EXP 	image_blue: texRes = 128.0
7.2884 	EXP 	image_green: texRes = 128.0
7.2884 	EXP 	image_black: texRes = 128.0
7.2884 	EXP 	image_red: texRes = 128.0
7.2884 	EXP 	image_blue: texRes = 128.0
7.2948 	EXP 	image_green: texRes = 128.0
7.2948 	EXP 	image_black: texRes = 128.0
7.2948 	EXP 	image_red: texRes = 128.0
7.2948 	EXP 	image_blue: texRes = 128.0
7.2997 	EXP 	image_green: texRes = 128.0
7.2997 	EXP 	image_black: texRes = 128.0
7.2997 	EXP 	image_red: texRes = 128.0
7.2997 	EXP 	image_blue: texRes = 128.0
7.3047 	EXP 	image_green: texRes = 128.0
7.3047 	EXP 	image_black: texRes = 128.0
7.3047 	EXP 	image_red: texRes = 128.0
7.3047 	EXP 	image_blue: texRes = 128.0
7.3094 	EXP 	image_green: texRes = 128.0
7.3094 	EXP 	image_black: texRes = 128.0
7.3094 	EXP 	image_red: texRes = 128.0
7.3094 	EXP 	image_blue: texRes = 128.0
7.3143 	EXP 	image_green: texRes = 128.0
7.3143 	EXP 	image_black: texRes = 128.0
7.3143 	EXP 	image_red: texRes = 128.0
7.3143 	EXP 	image_blue: texRes = 128.0
7.3188 	EXP 	image_green: texRes = 128.0
7.3188 	EXP 	image_black: texRes = 128.0
7.3188 	EXP 	image_red: texRes = 128.0
7.3188 	EXP 	image_blue: texRes = 128.0
7.3234 	EXP 	image_green: texRes = 128.0
7.3234 	EXP 	image_black: texRes = 128.0
7.3234 	EXP 	image_red: texRes = 128.0
7.3234 	EXP 	image_blue: texRes = 128.0
7.3287 	EXP 	image_green: texRes = 128.0
7.3287 	EXP 	image_black: texRes = 128.0
7.3287 	EXP 	image_red: texRes = 128.0
7.3287 	EXP 	image_blue: texRes = 128.0
7.3337 	EXP 	image_green: texRes = 128.0
7.3337 	EXP 	image_black: texRes = 128.0
7.3337 	EXP 	image_red: texRes = 128.0
7.3337 	EXP 	image_blue: texRes = 128.0
7.3383 	EXP 	image_green: texRes = 128.0
7.3383 	EXP 	image_black: texRes = 128.0
7.3383 	EXP 	image_red: texRes = 128.0
7.3383 	EXP 	image_blue: texRes = 128.0
7.3430 	EXP 	image_green: texRes = 128.0
7.3430 	EXP 	image_black: texRes = 128.0
7.3430 	EXP 	image_red: texRes = 128.0
7.3430 	EXP 	image_blue: texRes = 128.0
7.3476 	EXP 	image_green: texRes = 128.0
7.3476 	EXP 	image_black: texRes = 128.0
7.3476 	EXP 	image_red: texRes = 128.0
7.3476 	EXP 	image_blue: texRes = 128.0
7.3522 	EXP 	image_green: texRes = 128.0
7.3522 	EXP 	image_black: texRes = 128.0
7.3522 	EXP 	image_red: texRes = 128.0
7.3522 	EXP 	image_blue: texRes = 128.0
7.3567 	EXP 	image_green: texRes = 128.0
7.3567 	EXP 	image_black: texRes = 128.0
7.3567 	EXP 	image_red: texRes = 128.0
7.3567 	EXP 	image_blue: texRes = 128.0
7.3613 	EXP 	image_green: texRes = 128.0
7.3613 	EXP 	image_black: texRes = 128.0
7.3613 	EXP 	image_red: texRes = 128.0
7.3613 	EXP 	image_blue: texRes = 128.0
7.3661 	EXP 	image_green: texRes = 128.0
7.3661 	EXP 	image_black: texRes = 128.0
7.3661 	EXP 	image_red: texRes = 128.0
7.3661 	EXP 	image_blue: texRes = 128.0
7.3720 	EXP 	image_green: texRes = 128.0
7.3720 	EXP 	image_black: texRes = 128.0
7.3720 	EXP 	image_red: texRes = 128.0
7.3720 	EXP 	image_blue: texRes = 128.0
7.3768 	EXP 	image_green: texRes = 128.0
7.3768 	EXP 	image_black: texRes = 128.0
7.3768 	EXP 	image_red: texRes = 128.0
7.3768 	EXP 	image_blue: texRes = 128.0
7.3821 	EXP 	image_green: texRes = 128.0
7.3821 	EXP 	image_black: texRes = 128.0
7.3821 	EXP 	image_red: texRes = 128.0
7.3821 	EXP 	image_blue: texRes = 128.0
7.3868 	EXP 	image_green: texRes = 128.0
7.3868 	EXP 	image_black: texRes = 128.0
7.3868 	EXP 	image_red: texRes = 128.0
7.3868 	EXP 	image_blue: texRes = 128.0
7.3918 	EXP 	image_green: texRes = 128.0
7.3918 	EXP 	image_black: texRes = 128.0
7.3918 	EXP 	image_red: texRes = 128.0
7.3918 	EXP 	image_blue: texRes = 128.0
7.3963 	EXP 	image_green: texRes = 128.0
7.3963 	EXP 	image_black: texRes = 128.0
7.3963 	EXP 	image_red: texRes = 128.0
7.3963 	EXP 	image_blue: texRes = 128.0
7.4011 	EXP 	image_green: texRes = 128.0
7.4011 	EXP 	image_black: texRes = 128.0
7.4011 	EXP 	image_red: texRes = 128.0
7.4011 	EXP 	image_blue: texRes = 128.0
7.4066 	EXP 	image_green: texRes = 128.0
7.4066 	EXP 	image_black: texRes = 128.0
7.4066 	EXP 	image_red: texRes = 128.0
7.4066 	EXP 	image_blue: texRes = 128.0
7.4120 	EXP 	image_green: texRes = 128.0
7.4120 	EXP 	image_black: texRes = 128.0
7.4120 	EXP 	image_red: texRes = 128.0
7.4120 	EXP 	image_blue: texRes = 128.0
7.4166 	EXP 	image_green: texRes = 128.0
7.4166 	EXP 	image_black: texRes = 128.0
7.4166 	EXP 	image_red: texRes = 128.0
7.4166 	EXP 	image_blue: texRes = 128.0
7.4214 	EXP 	image_green: texRes = 128.0
7.4214 	EXP 	image_black: texRes = 128.0
7.4214 	EXP 	image_red: texRes = 128.0
7.4214 	EXP 	image_blue: texRes = 128.0
7.4261 	EXP 	image_green: texRes = 128.0
7.4261 	EXP 	image_black: texRes = 128.0
7.4261 	EXP 	image_red: texRes = 128.0
7.4261 	EXP 	image_blue: texRes = 128.0
7.4317 	EXP 	image_green: texRes = 128.0
7.4317 	EXP 	image_black: texRes = 128.0
7.4317 	EXP 	image_red: texRes = 128.0
7.4317 	EXP 	image_blue: texRes = 128.0
7.4365 	EXP 	image_green: texRes = 128.0
7.4365 	EXP 	image_black: texRes = 128.0
7.4365 	EXP 	image_red: texRes = 128.0
7.4365 	EXP 	image_blue: texRes = 128.0
7.4412 	EXP 	image_green: texRes = 128.0
7.4412 	EXP 	image_black: texRes = 128.0
7.4412 	EXP 	image_red: texRes = 128.0
7.4412 	EXP 	image_blue: texRes = 128.0
7.4461 	EXP 	image_green: texRes = 128.0
7.4461 	EXP 	image_black: texRes = 128.0
7.4461 	EXP 	image_red: texRes = 128.0
7.4461 	EXP 	image_blue: texRes = 128.0
7.4519 	EXP 	image_green: texRes = 128.0
7.4519 	EXP 	image_black: texRes = 128.0
7.4519 	EXP 	image_red: texRes = 128.0
7.4519 	EXP 	image_blue: texRes = 128.0
7.4570 	EXP 	image_green: texRes = 128.0
7.4570 	EXP 	image_black: texRes = 128.0
7.4570 	EXP 	image_red: texRes = 128.0
7.4570 	EXP 	image_blue: texRes = 128.0
7.4617 	EXP 	image_green: texRes = 128.0
7.4617 	EXP 	image_black: texRes = 128.0
7.4617 	EXP 	image_red: texRes = 128.0
7.4617 	EXP 	image_blue: texRes = 128.0
7.4667 	EXP 	image_green: texRes = 128.0
7.4667 	EXP 	image_black: texRes = 128.0
7.4667 	EXP 	image_red: texRes = 128.0
7.4667 	EXP 	image_blue: texRes = 128.0
7.4714 	EXP 	image_green: texRes = 128.0
7.4714 	EXP 	image_black: texRes = 128.0
7.4714 	EXP 	image_red: texRes = 128.0
7.4714 	EXP 	image_blue: texRes = 128.0
7.4763 	EXP 	image_green: texRes = 128.0
7.4763 	EXP 	image_black: texRes = 128.0
7.4763 	EXP 	image_red: texRes = 128.0
7.4763 	EXP 	image_blue: texRes = 128.0
7.4812 	EXP 	image_green: texRes = 128.0
7.4812 	EXP 	image_black: texRes = 128.0
7.4812 	EXP 	image_red: texRes = 128.0
7.4812 	EXP 	image_blue: texRes = 128.0
7.4865 	EXP 	image_green: texRes = 128.0
7.4865 	EXP 	image_black: texRes = 128.0
7.4865 	EXP 	image_red: texRes = 128.0
7.4865 	EXP 	image_blue: texRes = 128.0
7.4911 	EXP 	image_green: texRes = 128.0
7.4911 	EXP 	image_black: texRes = 128.0
7.4911 	EXP 	image_red: texRes = 128.0
7.4911 	EXP 	image_blue: texRes = 128.0
7.4957 	EXP 	image_green: texRes = 128.0
7.4957 	EXP 	image_black: texRes = 128.0
7.4957 	EXP 	image_red: texRes = 128.0
7.4957 	EXP 	image_blue: texRes = 128.0
7.5003 	EXP 	image_green: texRes = 128.0
7.5003 	EXP 	image_black: texRes = 128.0
7.5003 	EXP 	image_red: texRes = 128.0
7.5003 	EXP 	image_blue: texRes = 128.0
7.5049 	EXP 	image_green: texRes = 128.0
7.5049 	EXP 	image_black: texRes = 128.0
7.5049 	EXP 	image_red: texRes = 128.0
7.5049 	EXP 	image_blue: texRes = 128.0
7.5095 	EXP 	image_green: texRes = 128.0
7.5095 	EXP 	image_black: texRes = 128.0
7.5095 	EXP 	image_red: texRes = 128.0
7.5095 	EXP 	image_blue: texRes = 128.0
7.5150 	EXP 	image_green: texRes = 128.0
7.5150 	EXP 	image_black: texRes = 128.0
7.5150 	EXP 	image_red: texRes = 128.0
7.5150 	EXP 	image_blue: texRes = 128.0
7.5200 	EXP 	image_green: texRes = 128.0
7.5200 	EXP 	image_black: texRes = 128.0
7.5200 	EXP 	image_red: texRes = 128.0
7.5200 	EXP 	image_blue: texRes = 128.0
7.5245 	EXP 	image_green: texRes = 128.0
7.5245 	EXP 	image_black: texRes = 128.0
7.5245 	EXP 	image_red: texRes = 128.0
7.5245 	EXP 	image_blue: texRes = 128.0
7.5293 	EXP 	image_green: texRes = 128.0
7.5293 	EXP 	image_black: texRes = 128.0
7.5293 	EXP 	image_red: texRes = 128.0
7.5293 	EXP 	image_blue: texRes = 128.0
7.5340 	EXP 	image_green: texRes = 128.0
7.5340 	EXP 	image_black: texRes = 128.0
7.5340 	EXP 	image_red: texRes = 128.0
7.5340 	EXP 	image_blue: texRes = 128.0
7.5386 	EXP 	image_green: texRes = 128.0
7.5386 	EXP 	image_black: texRes = 128.0
7.5386 	EXP 	image_red: texRes = 128.0
7.5386 	EXP 	image_blue: texRes = 128.0
7.5442 	EXP 	image_green: texRes = 128.0
7.5442 	EXP 	image_black: texRes = 128.0
7.5442 	EXP 	image_red: texRes = 128.0
7.5442 	EXP 	image_blue: texRes = 128.0
7.5498 	EXP 	image_green: texRes = 128.0
7.5498 	EXP 	image_black: texRes = 128.0
7.5498 	EXP 	image_red: texRes = 128.0
7.5498 	EXP 	image_blue: texRes = 128.0
7.5545 	EXP 	image_green: texRes = 128.0
7.5545 	EXP 	image_black: texRes = 128.0
7.5545 	EXP 	image_red: texRes = 128.0
7.5545 	EXP 	image_blue: texRes = 128.0
7.5592 	EXP 	image_green: texRes = 128.0
7.5592 	EXP 	image_black: texRes = 128.0
7.5592 	EXP 	image_red: texRes = 128.0
7.5592 	EXP 	image_blue: texRes = 128.0
7.5641 	EXP 	image_green: texRes = 128.0
7.5641 	EXP 	image_black: texRes = 128.0
7.5641 	EXP 	image_red: texRes = 128.0
7.5641 	EXP 	image_blue: texRes = 128.0
7.5687 	EXP 	image_green: texRes = 128.0
7.5687 	EXP 	image_black: texRes = 128.0
7.5687 	EXP 	image_red: texRes = 128.0
7.5687 	EXP 	image_blue: texRes = 128.0
7.5745 	EXP 	image_green: texRes = 128.0
7.5745 	EXP 	image_black: texRes = 128.0
7.5745 	EXP 	image_red: texRes = 128.0
7.5745 	EXP 	image_blue: texRes = 128.0
7.5795 	EXP 	image_green: texRes = 128.0
7.5795 	EXP 	image_black: texRes = 128.0
7.5795 	EXP 	image_red: texRes = 128.0
7.5795 	EXP 	image_blue: texRes = 128.0
7.5841 	EXP 	image_green: texRes = 128.0
7.5841 	EXP 	image_black: texRes = 128.0
7.5841 	EXP 	image_red: texRes = 128.0
7.5841 	EXP 	image_blue: texRes = 128.0
7.5888 	EXP 	image_green: texRes = 128.0
7.5888 	EXP 	image_black: texRes = 128.0
7.5888 	EXP 	image_red: texRes = 128.0
7.5888 	EXP 	image_blue: texRes = 128.0
7.5942 	EXP 	image_green: texRes = 128.0
7.5942 	EXP 	image_black: texRes = 128.0
7.5942 	EXP 	image_red: texRes = 128.0
7.5942 	EXP 	image_blue: texRes = 128.0
7.5988 	EXP 	image_green: texRes = 128.0
7.5988 	EXP 	image_black: texRes = 128.0
7.5988 	EXP 	image_red: texRes = 128.0
7.5988 	EXP 	image_blue: texRes = 128.0
7.6037 	EXP 	image_green: texRes = 128.0
7.6037 	EXP 	image_black: texRes = 128.0
7.6037 	EXP 	image_red: texRes = 128.0
7.6037 	EXP 	image_blue: texRes = 128.0
7.6092 	EXP 	image_green: texRes = 128.0
7.6092 	EXP 	image_black: texRes = 128.0
7.6092 	EXP 	image_red: texRes = 128.0
7.6092 	EXP 	image_blue: texRes = 128.0
7.6141 	EXP 	image_green: texRes = 128.0
7.6141 	EXP 	image_black: texRes = 128.0
7.6141 	EXP 	image_red: texRes = 128.0
7.6141 	EXP 	image_blue: texRes = 128.0
7.6187 	EXP 	image_green: texRes = 128.0
7.6187 	EXP 	image_black: texRes = 128.0
7.6187 	EXP 	image_red: texRes = 128.0
7.6187 	EXP 	image_blue: texRes = 128.0
7.6239 	EXP 	image_green: texRes = 128.0
7.6239 	EXP 	image_black: texRes = 128.0
7.6239 	EXP 	image_red: texRes = 128.0
7.6239 	EXP 	image_blue: texRes = 128.0
7.6286 	EXP 	image_green: texRes = 128.0
7.6286 	EXP 	image_black: texRes = 128.0
7.6286 	EXP 	image_red: texRes = 128.0
7.6286 	EXP 	image_blue: texRes = 128.0
7.6334 	EXP 	image_green: texRes = 128.0
7.6334 	EXP 	image_black: texRes = 128.0
7.6334 	EXP 	image_red: texRes = 128.0
7.6334 	EXP 	image_blue: texRes = 128.0
7.6388 	EXP 	image_green: texRes = 128.0
7.6388 	EXP 	image_black: texRes = 128.0
7.6388 	EXP 	image_red: texRes = 128.0
7.6388 	EXP 	image_blue: texRes = 128.0
7.6436 	EXP 	image_green: texRes = 128.0
7.6436 	EXP 	image_black: texRes = 128.0
7.6436 	EXP 	image_red: texRes = 128.0
7.6436 	EXP 	image_blue: texRes = 128.0
7.6485 	EXP 	image_green: texRes = 128.0
7.6485 	EXP 	image_black: texRes = 128.0
7.6485 	EXP 	image_red: texRes = 128.0
7.6485 	EXP 	image_blue: texRes = 128.0
7.6544 	EXP 	image_green: texRes = 128.0
7.6544 	EXP 	image_black: texRes = 128.0
7.6544 	EXP 	image_red: texRes = 128.0
7.6544 	EXP 	image_blue: texRes = 128.0
7.6597 	EXP 	image_green: texRes = 128.0
7.6597 	EXP 	image_black: texRes = 128.0
7.6597 	EXP 	image_red: texRes = 128.0
7.6597 	EXP 	image_blue: texRes = 128.0
7.6645 	EXP 	image_green: texRes = 128.0
7.6645 	EXP 	image_black: texRes = 128.0
7.6645 	EXP 	image_red: texRes = 128.0
7.6645 	EXP 	image_blue: texRes = 128.0
7.6694 	EXP 	image_green: texRes = 128.0
7.6694 	EXP 	image_black: texRes = 128.0
7.6694 	EXP 	image_red: texRes = 128.0
7.6694 	EXP 	image_blue: texRes = 128.0
7.6745 	EXP 	image_green: texRes = 128.0
7.6745 	EXP 	image_black: texRes = 128.0
7.6745 	EXP 	image_red: texRes = 128.0
7.6745 	EXP 	image_blue: texRes = 128.0
7.6791 	EXP 	image_green: texRes = 128.0
7.6791 	EXP 	image_black: texRes = 128.0
7.6791 	EXP 	image_red: texRes = 128.0
7.6791 	EXP 	image_blue: texRes = 128.0
7.6839 	EXP 	image_green: texRes = 128.0
7.6839 	EXP 	image_black: texRes = 128.0
7.6839 	EXP 	image_red: texRes = 128.0
7.6839 	EXP 	image_blue: texRes = 128.0
7.6885 	EXP 	image_green: texRes = 128.0
7.6885 	EXP 	image_black: texRes = 128.0
7.6885 	EXP 	image_red: texRes = 128.0
7.6885 	EXP 	image_blue: texRes = 128.0
7.6932 	EXP 	image_green: texRes = 128.0
7.6932 	EXP 	image_black: texRes = 128.0
7.6932 	EXP 	image_red: texRes = 128.0
7.6932 	EXP 	image_blue: texRes = 128.0
7.7000 	EXP 	image_green: texRes = 128.0
7.7000 	EXP 	image_black: texRes = 128.0
7.7000 	EXP 	image_red: texRes = 128.0
7.7000 	EXP 	image_blue: texRes = 128.0
7.7050 	EXP 	image_green: texRes = 128.0
7.7050 	EXP 	image_black: texRes = 128.0
7.7050 	EXP 	image_red: texRes = 128.0
7.7050 	EXP 	image_blue: texRes = 128.0
7.7096 	EXP 	image_green: texRes = 128.0
7.7096 	EXP 	image_black: texRes = 128.0
7.7096 	EXP 	image_red: texRes = 128.0
7.7096 	EXP 	image_blue: texRes = 128.0
7.7142 	EXP 	image_green: texRes = 128.0
7.7142 	EXP 	image_black: texRes = 128.0
7.7142 	EXP 	image_red: texRes = 128.0
7.7142 	EXP 	image_blue: texRes = 128.0
7.7190 	EXP 	image_green: texRes = 128.0
7.7190 	EXP 	image_black: texRes = 128.0
7.7190 	EXP 	image_red: texRes = 128.0
7.7190 	EXP 	image_blue: texRes = 128.0
7.7236 	EXP 	image_green: texRes = 128.0
7.7236 	EXP 	image_black: texRes = 128.0
7.7236 	EXP 	image_red: texRes = 128.0
7.7236 	EXP 	image_blue: texRes = 128.0
7.7281 	EXP 	image_green: texRes = 128.0
7.7281 	EXP 	image_black: texRes = 128.0
7.7281 	EXP 	image_red: texRes = 128.0
7.7281 	EXP 	image_blue: texRes = 128.0
7.7329 	EXP 	image_green: texRes = 128.0
7.7329 	EXP 	image_black: texRes = 128.0
7.7329 	EXP 	image_red: texRes = 128.0
7.7329 	EXP 	image_blue: texRes = 128.0
7.7376 	EXP 	image_green: texRes = 128.0
7.7376 	EXP 	image_black: texRes = 128.0
7.7376 	EXP 	image_red: texRes = 128.0
7.7376 	EXP 	image_blue: texRes = 128.0
7.7422 	EXP 	image_green: texRes = 128.0
7.7422 	EXP 	image_black: texRes = 128.0
7.7422 	EXP 	image_red: texRes = 128.0
7.7422 	EXP 	image_blue: texRes = 128.0
7.7481 	EXP 	image_green: texRes = 128.0
7.7481 	EXP 	image_black: texRes = 128.0
7.7481 	EXP 	image_red: texRes = 128.0
7.7481 	EXP 	image_blue: texRes = 128.0
7.7533 	EXP 	image_green: texRes = 128.0
7.7533 	EXP 	image_black: texRes = 128.0
7.7533 	EXP 	image_red: texRes = 128.0
7.7533 	EXP 	image_blue: texRes = 128.0
7.7580 	EXP 	image_green: texRes = 128.0
7.7580 	EXP 	image_black: texRes = 128.0
7.7580 	EXP 	image_red: texRes = 128.0
7.7580 	EXP 	image_blue: texRes = 128.0
7.7629 	EXP 	image_green: texRes = 128.0
7.7629 	EXP 	image_black: texRes = 128.0
7.7629 	EXP 	image_red: texRes = 128.0
7.7629 	EXP 	image_blue: texRes = 128.0
7.7676 	EXP 	image_green: texRes = 128.0
7.7676 	EXP 	image_black: texRes = 128.0
7.7676 	EXP 	image_red: texRes = 128.0
7.7676 	EXP 	image_blue: texRes = 128.0
7.7722 	EXP 	image_green: texRes = 128.0
7.7722 	EXP 	image_black: texRes = 128.0
7.7722 	EXP 	image_red: texRes = 128.0
7.7722 	EXP 	image_blue: texRes = 128.0
7.7769 	EXP 	image_green: texRes = 128.0
7.7769 	EXP 	image_black: texRes = 128.0
7.7769 	EXP 	image_red: texRes = 128.0
7.7769 	EXP 	image_blue: texRes = 128.0
7.7816 	EXP 	image_green: texRes = 128.0
7.7816 	EXP 	image_black: texRes = 128.0
7.7816 	EXP 	image_red: texRes = 128.0
7.7816 	EXP 	image_blue: texRes = 128.0
7.7862 	EXP 	image_green: texRes = 128.0
7.7862 	EXP 	image_black: texRes = 128.0
7.7862 	EXP 	image_red: texRes = 128.0
7.7862 	EXP 	image_blue: texRes = 128.0
7.7908 	EXP 	image_green: texRes = 128.0
7.7908 	EXP 	image_black: texRes = 128.0
7.7908 	EXP 	image_red: texRes = 128.0
7.7908 	EXP 	image_blue: texRes = 128.0
7.7963 	EXP 	image_green: texRes = 128.0
7.7963 	EXP 	image_black: texRes = 128.0
7.7963 	EXP 	image_red: texRes = 128.0
7.7963 	EXP 	image_blue: texRes = 128.0
7.8010 	EXP 	image_green: texRes = 128.0
7.8010 	EXP 	image_black: texRes = 128.0
7.8010 	EXP 	image_red: texRes = 128.0
7.8010 	EXP 	image_blue: texRes = 128.0
7.8056 	EXP 	image_green: texRes = 128.0
7.8056 	EXP 	image_black: texRes = 128.0
7.8056 	EXP 	image_red: texRes = 128.0
7.8056 	EXP 	image_blue: texRes = 128.0
7.8106 	EXP 	image_green: texRes = 128.0
7.8106 	EXP 	image_black: texRes = 128.0
7.8106 	EXP 	image_red: texRes = 128.0
7.8106 	EXP 	image_blue: texRes = 128.0
7.8159 	EXP 	image_green: texRes = 128.0
7.8159 	EXP 	image_black: texRes = 128.0
7.8159 	EXP 	image_red: texRes = 128.0
7.8159 	EXP 	image_blue: texRes = 128.0
7.8208 	EXP 	image_green: texRes = 128.0
7.8208 	EXP 	image_black: texRes = 128.0
7.8208 	EXP 	image_red: texRes = 128.0
7.8208 	EXP 	image_blue: texRes = 128.0
7.8254 	EXP 	image_green: texRes = 128.0
7.8254 	EXP 	image_black: texRes = 128.0
7.8254 	EXP 	image_red: texRes = 128.0
7.8254 	EXP 	image_blue: texRes = 128.0
7.8305 	EXP 	image_green: texRes = 128.0
7.8305 	EXP 	image_black: texRes = 128.0
7.8305 	EXP 	image_red: texRes = 128.0
7.8305 	EXP 	image_blue: texRes = 128.0
7.8352 	EXP 	image_green: texRes = 128.0
7.8352 	EXP 	image_black: texRes = 128.0
7.8352 	EXP 	image_red: texRes = 128.0
7.8352 	EXP 	image_blue: texRes = 128.0
7.8412 	EXP 	image_green: texRes = 128.0
7.8412 	EXP 	image_black: texRes = 128.0
7.8412 	EXP 	image_red: texRes = 128.0
7.8412 	EXP 	image_blue: texRes = 128.0
7.8462 	EXP 	image_green: texRes = 128.0
7.8462 	EXP 	image_black: texRes = 128.0
7.8462 	EXP 	image_red: texRes = 128.0
7.8462 	EXP 	image_blue: texRes = 128.0
7.8512 	EXP 	image_green: texRes = 128.0
7.8512 	EXP 	image_black: texRes = 128.0
7.8512 	EXP 	image_red: texRes = 128.0
7.8512 	EXP 	image_blue: texRes = 128.0
7.8558 	EXP 	image_green: texRes = 128.0
7.8558 	EXP 	image_black: texRes = 128.0
7.8558 	EXP 	image_red: texRes = 128.0
7.8558 	EXP 	image_blue: texRes = 128.0
7.8613 	EXP 	image_green: texRes = 128.0
7.8613 	EXP 	image_black: texRes = 128.0
7.8613 	EXP 	image_red: texRes = 128.0
7.8613 	EXP 	image_blue: texRes = 128.0
7.8660 	EXP 	image_green: texRes = 128.0
7.8660 	EXP 	image_black: texRes = 128.0
7.8660 	EXP 	image_red: texRes = 128.0
7.8660 	EXP 	image_blue: texRes = 128.0
7.8708 	EXP 	image_green: texRes = 128.0
7.8708 	EXP 	image_black: texRes = 128.0
7.8708 	EXP 	image_red: texRes = 128.0
7.8708 	EXP 	image_blue: texRes = 128.0
7.8754 	EXP 	image_green: texRes = 128.0
7.8754 	EXP 	image_black: texRes = 128.0
7.8754 	EXP 	image_red: texRes = 128.0
7.8754 	EXP 	image_blue: texRes = 128.0
7.8801 	EXP 	image_green: texRes = 128.0
7.8801 	EXP 	image_black: texRes = 128.0
7.8801 	EXP 	image_red: texRes = 128.0
7.8801 	EXP 	image_blue: texRes = 128.0
7.8846 	EXP 	image_green: texRes = 128.0
7.8846 	EXP 	image_black: texRes = 128.0
7.8846 	EXP 	image_red: texRes = 128.0
7.8846 	EXP 	image_blue: texRes = 128.0
7.8896 	EXP 	image_green: texRes = 128.0
7.8896 	EXP 	image_black: texRes = 128.0
7.8896 	EXP 	image_red: texRes = 128.0
7.8896 	EXP 	image_blue: texRes = 128.0
7.8946 	EXP 	image_green: texRes = 128.0
7.8946 	EXP 	image_black: texRes = 128.0
7.8946 	EXP 	image_red: texRes = 128.0
7.8946 	EXP 	image_blue: texRes = 128.0
7.8993 	EXP 	image_green: texRes = 128.0
7.8993 	EXP 	image_black: texRes = 128.0
7.8993 	EXP 	image_red: texRes = 128.0
7.8993 	EXP 	image_blue: texRes = 128.0
7.9042 	EXP 	image_green: texRes = 128.0
7.9042 	EXP 	image_black: texRes = 128.0
7.9042 	EXP 	image_red: texRes = 128.0
7.9042 	EXP 	image_blue: texRes = 128.0
7.9089 	EXP 	image_green: texRes = 128.0
7.9089 	EXP 	image_black: texRes = 128.0
7.9089 	EXP 	image_red: texRes = 128.0
7.9089 	EXP 	image_blue: texRes = 128.0
7.9136 	EXP 	image_green: texRes = 128.0
7.9136 	EXP 	image_black: texRes = 128.0
7.9136 	EXP 	image_red: texRes = 128.0
7.9136 	EXP 	image_blue: texRes = 128.0
7.9183 	EXP 	image_green: texRes = 128.0
7.9183 	EXP 	image_black: texRes = 128.0
7.9183 	EXP 	image_red: texRes = 128.0
7.9183 	EXP 	image_blue: texRes = 128.0
7.9230 	EXP 	image_green: texRes = 128.0
7.9230 	EXP 	image_black: texRes = 128.0
7.9230 	EXP 	image_red: texRes = 128.0
7.9230 	EXP 	image_blue: texRes = 128.0
7.9275 	EXP 	image_green: texRes = 128.0
7.9275 	EXP 	image_black: texRes = 128.0
7.9275 	EXP 	image_red: texRes = 128.0
7.9275 	EXP 	image_blue: texRes = 128.0
7.9321 	EXP 	image_green: texRes = 128.0
7.9321 	EXP 	image_black: texRes = 128.0
7.9321 	EXP 	image_red: texRes = 128.0
7.9321 	EXP 	image_blue: texRes = 128.0
7.9376 	EXP 	image_green: texRes = 128.0
7.9376 	EXP 	image_black: texRes = 128.0
7.9376 	EXP 	image_red: texRes = 128.0
7.9376 	EXP 	image_blue: texRes = 128.0
7.9431 	EXP 	image_green: texRes = 128.0
7.9431 	EXP 	image_black: texRes = 128.0
7.9431 	EXP 	image_red: texRes = 128.0
7.9431 	EXP 	image_blue: texRes = 128.0
7.9477 	EXP 	image_green: texRes = 128.0
7.9477 	EXP 	image_black: texRes = 128.0
7.9477 	EXP 	image_red: texRes = 128.0
7.9477 	EXP 	image_blue: texRes = 128.0
7.9523 	EXP 	image_green: texRes = 128.0
7.9523 	EXP 	image_black: texRes = 128.0
7.9523 	EXP 	image_red: texRes = 128.0
7.9523 	EXP 	image_blue: texRes = 128.0
7.9572 	EXP 	image_green: texRes = 128.0
7.9572 	EXP 	image_black: texRes = 128.0
7.9572 	EXP 	image_red: texRes = 128.0
7.9572 	EXP 	image_blue: texRes = 128.0
7.9618 	EXP 	image_green: texRes = 128.0
7.9618 	EXP 	image_black: texRes = 128.0
7.9618 	EXP 	image_red: texRes = 128.0
7.9618 	EXP 	image_blue: texRes = 128.0
7.9665 	EXP 	image_green: texRes = 128.0
7.9665 	EXP 	image_black: texRes = 128.0
7.9665 	EXP 	image_red: texRes = 128.0
7.9665 	EXP 	image_blue: texRes = 128.0
7.9713 	EXP 	image_green: texRes = 128.0
7.9713 	EXP 	image_black: texRes = 128.0
7.9713 	EXP 	image_red: texRes = 128.0
7.9713 	EXP 	image_blue: texRes = 128.0
7.9760 	EXP 	image_green: texRes = 128.0
7.9760 	EXP 	image_black: texRes = 128.0
7.9760 	EXP 	image_red: texRes = 128.0
7.9760 	EXP 	image_blue: texRes = 128.0
7.9819 	EXP 	image_green: texRes = 128.0
7.9819 	EXP 	image_black: texRes = 128.0
7.9819 	EXP 	image_red: texRes = 128.0
7.9819 	EXP 	image_blue: texRes = 128.0
7.9870 	EXP 	image_green: texRes = 128.0
7.9870 	EXP 	image_black: texRes = 128.0
7.9870 	EXP 	image_red: texRes = 128.0
7.9870 	EXP 	image_blue: texRes = 128.0
7.9923 	EXP 	image_green: texRes = 128.0
7.9923 	EXP 	image_black: texRes = 128.0
7.9923 	EXP 	image_red: texRes = 128.0
7.9923 	EXP 	image_blue: texRes = 128.0
7.9969 	EXP 	image_green: texRes = 128.0
7.9969 	EXP 	image_black: texRes = 128.0
7.9969 	EXP 	image_red: texRes = 128.0
7.9969 	EXP 	image_blue: texRes = 128.0
8.0017 	EXP 	image_green: texRes = 128.0
8.0017 	EXP 	image_black: texRes = 128.0
8.0017 	EXP 	image_red: texRes = 128.0
8.0017 	EXP 	image_blue: texRes = 128.0
8.0063 	EXP 	image_green: texRes = 128.0
8.0063 	EXP 	image_black: texRes = 128.0
8.0063 	EXP 	image_red: texRes = 128.0
8.0063 	EXP 	image_blue: texRes = 128.0
8.0109 	EXP 	image_green: texRes = 128.0
8.0109 	EXP 	image_black: texRes = 128.0
8.0109 	EXP 	image_red: texRes = 128.0
8.0109 	EXP 	image_blue: texRes = 128.0
8.0155 	EXP 	image_green: texRes = 128.0
8.0155 	EXP 	image_black: texRes = 128.0
8.0155 	EXP 	image_red: texRes = 128.0
8.0155 	EXP 	image_blue: texRes = 128.0
8.0203 	EXP 	image_green: texRes = 128.0
8.0203 	EXP 	image_black: texRes = 128.0
8.0203 	EXP 	image_red: texRes = 128.0
8.0203 	EXP 	image_blue: texRes = 128.0
8.0249 	EXP 	image_green: texRes = 128.0
8.0249 	EXP 	image_black: texRes = 128.0
8.0249 	EXP 	image_red: texRes = 128.0
8.0249 	EXP 	image_blue: texRes = 128.0
8.0301 	EXP 	image_green: texRes = 128.0
8.0301 	EXP 	image_black: texRes = 128.0
8.0301 	EXP 	image_red: texRes = 128.0
8.0301 	EXP 	image_blue: texRes = 128.0
8.0348 	EXP 	image_green: texRes = 128.0
8.0348 	EXP 	image_black: texRes = 128.0
8.0348 	EXP 	image_red: texRes = 128.0
8.0348 	EXP 	image_blue: texRes = 128.0
8.0394 	EXP 	image_green: texRes = 128.0
8.0394 	EXP 	image_black: texRes = 128.0
8.0394 	EXP 	image_red: texRes = 128.0
8.0394 	EXP 	image_blue: texRes = 128.0
8.0442 	EXP 	image_green: texRes = 128.0
8.0442 	EXP 	image_black: texRes = 128.0
8.0442 	EXP 	image_red: texRes = 128.0
8.0442 	EXP 	image_blue: texRes = 128.0
8.0490 	EXP 	image_green: texRes = 128.0
8.0490 	EXP 	image_black: texRes = 128.0
8.0490 	EXP 	image_red: texRes = 128.0
8.0490 	EXP 	image_blue: texRes = 128.0
8.0539 	EXP 	image_green: texRes = 128.0
8.0539 	EXP 	image_black: texRes = 128.0
8.0539 	EXP 	image_red: texRes = 128.0
8.0539 	EXP 	image_blue: texRes = 128.0
8.0584 	EXP 	image_green: texRes = 128.0
8.0584 	EXP 	image_black: texRes = 128.0
8.0584 	EXP 	image_red: texRes = 128.0
8.0584 	EXP 	image_blue: texRes = 128.0
8.0631 	EXP 	image_green: texRes = 128.0
8.0631 	EXP 	image_black: texRes = 128.0
8.0631 	EXP 	image_red: texRes = 128.0
8.0631 	EXP 	image_blue: texRes = 128.0
8.0708 	EXP 	shown_image: autoDraw = False
8.0708 	EXP 	image_black: autoDraw = False
8.0708 	EXP 	image_green: autoDraw = False
8.0708 	EXP 	image_red: autoDraw = False
8.0708 	EXP 	image_blue: autoDraw = False
8.0708 	EXP 	text: autoDraw = False
8.0708 	EXP 	answer: foreColor = <psychopy.colors.Color: red, alpha=1.0>
8.0708 	EXP 	answer: height = 0.03
8.0708 	EXP 	answer: height = 0.03
8.0708 	EXP 	answer: height = 0.03
8.0708 	EXP 	answer: text = 'Wrong Answer'
8.0708 	EXP 	answer: autoDraw = True
9.0637 	EXP 	New trial (rep=1, index=0): None
9.0752 	EXP 	answer: autoDraw = False
9.0752 	EXP 	shown_image: image = 'blue.png'
9.0752 	EXP 	text: height = 0.05
9.0752 	EXP 	text: height = 0.05
9.0752 	EXP 	text: height = 0.05
9.0752 	EXP 	text: text = 'Number Of Loop: 1'
9.0752 	EXP 	image_green: texRes = 128.0
9.0752 	EXP 	image_black: texRes = 128.0
9.0752 	EXP 	image_red: texRes = 128.0
9.0752 	EXP 	image_blue: texRes = 128.0
9.0752 	EXP 	shown_image: autoDraw = True
9.0752 	EXP 	image_black: autoDraw = True
9.0752 	EXP 	image_green: autoDraw = True
9.0752 	EXP 	image_red: autoDraw = True
9.0752 	EXP 	image_blue: autoDraw = True
9.0752 	EXP 	text: autoDraw = True
9.0819 	EXP 	image_green: texRes = 128.0
9.0819 	EXP 	image_black: texRes = 128.0
9.0819 	EXP 	image_red: texRes = 128.0
9.0819 	EXP 	image_blue: texRes = 128.0
9.0874 	EXP 	image_green: texRes = 128.0
9.0874 	EXP 	image_black: texRes = 128.0
9.0874 	EXP 	image_red: texRes = 128.0
9.0874 	EXP 	image_blue: texRes = 128.0
9.0926 	EXP 	image_green: texRes = 128.0
9.0926 	EXP 	image_black: texRes = 128.0
9.0926 	EXP 	image_red: texRes = 128.0
9.0926 	EXP 	image_blue: texRes = 128.0
9.0974 	EXP 	image_green: texRes = 128.0
9.0974 	EXP 	image_black: texRes = 128.0
9.0974 	EXP 	image_red: texRes = 128.0
9.0974 	EXP 	image_blue: texRes = 128.0
9.1023 	EXP 	image_green: texRes = 128.0
9.1023 	EXP 	image_black: texRes = 128.0
9.1023 	EXP 	image_red: texRes = 128.0
9.1023 	EXP 	image_blue: texRes = 128.0
9.1075 	EXP 	image_green: texRes = 128.0
9.1075 	EXP 	image_black: texRes = 128.0
9.1075 	EXP 	image_red: texRes = 128.0
9.1075 	EXP 	image_blue: texRes = 128.0
9.1123 	EXP 	image_green: texRes = 128.0
9.1123 	EXP 	image_black: texRes = 128.0
9.1123 	EXP 	image_red: texRes = 128.0
9.1123 	EXP 	image_blue: texRes = 128.0
9.1170 	EXP 	image_green: texRes = 128.0
9.1170 	EXP 	image_black: texRes = 128.0
9.1170 	EXP 	image_red: texRes = 128.0
9.1170 	EXP 	image_blue: texRes = 128.0
9.1239 	EXP 	image_green: texRes = 128.0
9.1239 	EXP 	image_black: texRes = 128.0
9.1239 	EXP 	image_red: texRes = 128.0
9.1239 	EXP 	image_blue: texRes = 128.0
9.1289 	EXP 	image_green: texRes = 128.0
9.1289 	EXP 	image_black: texRes = 128.0
9.1289 	EXP 	image_red: texRes = 128.0
9.1289 	EXP 	image_blue: texRes = 128.0
9.1337 	EXP 	image_green: texRes = 128.0
9.1337 	EXP 	image_black: texRes = 128.0
9.1337 	EXP 	image_red: texRes = 128.0
9.1337 	EXP 	image_blue: texRes = 128.0
9.1386 	EXP 	image_green: texRes = 128.0
9.1386 	EXP 	image_black: texRes = 128.0
9.1386 	EXP 	image_red: texRes = 128.0
9.1386 	EXP 	image_blue: texRes = 128.0
9.1436 	EXP 	image_green: texRes = 128.0
9.1436 	EXP 	image_black: texRes = 128.0
9.1436 	EXP 	image_red: texRes = 128.0
9.1436 	EXP 	image_blue: texRes = 128.0
9.1483 	EXP 	image_green: texRes = 128.0
9.1483 	EXP 	image_black: texRes = 128.0
9.1483 	EXP 	image_red: texRes = 128.0
9.1483 	EXP 	image_blue: texRes = 128.0
9.1532 	EXP 	image_green: texRes = 128.0
9.1532 	EXP 	image_black: texRes = 128.0
9.1532 	EXP 	image_red: texRes = 128.0
9.1532 	EXP 	image_blue: texRes = 128.0
9.1579 	EXP 	image_green: texRes = 128.0
9.1579 	EXP 	image_black: texRes = 128.0
9.1579 	EXP 	image_red: texRes = 128.0
9.1579 	EXP 	image_blue: texRes = 128.0
9.1627 	EXP 	image_green: texRes = 128.0
9.1627 	EXP 	image_black: texRes = 128.0
9.1627 	EXP 	image_red: texRes = 128.0
9.1627 	EXP 	image_blue: texRes = 128.0
9.1676 	EXP 	image_green: texRes = 128.0
9.1676 	EXP 	image_black: texRes = 128.0
9.1676 	EXP 	image_red: texRes = 128.0
9.1676 	EXP 	image_blue: texRes = 128.0
9.1734 	EXP 	image_green: texRes = 128.0
9.1734 	EXP 	image_black: texRes = 128.0
9.1734 	EXP 	image_red: texRes = 128.0
9.1734 	EXP 	image_blue: texRes = 128.0
9.1782 	EXP 	image_green: texRes = 128.0
9.1782 	EXP 	image_black: texRes = 128.0
9.1782 	EXP 	image_red: texRes = 128.0
9.1782 	EXP 	image_blue: texRes = 128.0
9.1829 	EXP 	image_green: texRes = 128.0
9.1829 	EXP 	image_black: texRes = 128.0
9.1829 	EXP 	image_red: texRes = 128.0
9.1829 	EXP 	image_blue: texRes = 128.0
9.1879 	EXP 	image_green: texRes = 128.0
9.1879 	EXP 	image_black: texRes = 128.0
9.1879 	EXP 	image_red: texRes = 128.0
9.1879 	EXP 	image_blue: texRes = 128.0
9.1926 	EXP 	image_green: texRes = 128.0
9.1926 	EXP 	image_black: texRes = 128.0
9.1926 	EXP 	image_red: texRes = 128.0
9.1926 	EXP 	image_blue: texRes = 128.0
9.1974 	EXP 	image_green: texRes = 128.0
9.1974 	EXP 	image_black: texRes = 128.0
9.1974 	EXP 	image_red: texRes = 128.0
9.1974 	EXP 	image_blue: texRes = 128.0
9.2021 	EXP 	image_green: texRes = 128.0
9.2021 	EXP 	image_black: texRes = 128.0
9.2021 	EXP 	image_red: texRes = 128.0
9.2021 	EXP 	image_blue: texRes = 128.0
9.2071 	EXP 	image_green: texRes = 128.0
9.2071 	EXP 	image_black: texRes = 128.0
9.2071 	EXP 	image_red: texRes = 128.0
9.2071 	EXP 	image_blue: texRes = 128.0
9.2121 	EXP 	image_green: texRes = 128.0
9.2121 	EXP 	image_black: texRes = 128.0
9.2121 	EXP 	image_red: texRes = 128.0
9.2121 	EXP 	image_blue: texRes = 128.0
9.2186 	EXP 	image_green: texRes = 128.0
9.2186 	EXP 	image_black: texRes = 128.0
9.2186 	EXP 	image_red: texRes = 128.0
9.2186 	EXP 	image_blue: texRes = 128.0
9.2240 	EXP 	image_green: texRes = 128.0
9.2240 	EXP 	image_black: texRes = 128.0
9.2240 	EXP 	image_red: texRes = 128.0
9.2240 	EXP 	image_blue: texRes = 128.0
9.2286 	EXP 	image_green: texRes = 128.0
9.2286 	EXP 	image_black: texRes = 128.0
9.2286 	EXP 	image_red: texRes = 128.0
9.2286 	EXP 	image_blue: texRes = 128.0
9.2334 	EXP 	image_green: texRes = 128.0
9.2334 	EXP 	image_black: texRes = 128.0
9.2334 	EXP 	image_red: texRes = 128.0
9.2334 	EXP 	image_blue: texRes = 128.0
9.2385 	EXP 	image_green: texRes = 128.0
9.2385 	EXP 	image_black: texRes = 128.0
9.2385 	EXP 	image_red: texRes = 128.0
9.2385 	EXP 	image_blue: texRes = 128.0
9.2432 	EXP 	image_green: texRes = 128.0
9.2432 	EXP 	image_black: texRes = 128.0
9.2432 	EXP 	image_red: texRes = 128.0
9.2432 	EXP 	image_blue: texRes = 128.0
9.2482 	EXP 	image_green: texRes = 128.0
9.2482 	EXP 	image_black: texRes = 128.0
9.2482 	EXP 	image_red: texRes = 128.0
9.2482 	EXP 	image_blue: texRes = 128.0
9.2529 	EXP 	image_green: texRes = 128.0
9.2529 	EXP 	image_black: texRes = 128.0
9.2529 	EXP 	image_red: texRes = 128.0
9.2529 	EXP 	image_blue: texRes = 128.0
9.2577 	EXP 	image_green: texRes = 128.0
9.2577 	EXP 	image_black: texRes = 128.0
9.2577 	EXP 	image_red: texRes = 128.0
9.2577 	EXP 	image_blue: texRes = 128.0
9.2624 	EXP 	image_green: texRes = 128.0
9.2624 	EXP 	image_black: texRes = 128.0
9.2624 	EXP 	image_red: texRes = 128.0
9.2624 	EXP 	image_blue: texRes = 128.0
9.2678 	EXP 	image_green: texRes = 128.0
9.2678 	EXP 	image_black: texRes = 128.0
9.2678 	EXP 	image_red: texRes = 128.0
9.2678 	EXP 	image_blue: texRes = 128.0
9.2728 	EXP 	image_green: texRes = 128.0
9.2728 	EXP 	image_black: texRes = 128.0
9.2728 	EXP 	image_red: texRes = 128.0
9.2728 	EXP 	image_blue: texRes = 128.0
9.2775 	EXP 	image_green: texRes = 128.0
9.2775 	EXP 	image_black: texRes = 128.0
9.2775 	EXP 	image_red: texRes = 128.0
9.2775 	EXP 	image_blue: texRes = 128.0
9.2824 	EXP 	image_green: texRes = 128.0
9.2824 	EXP 	image_black: texRes = 128.0
9.2824 	EXP 	image_red: texRes = 128.0
9.2824 	EXP 	image_blue: texRes = 128.0
9.2871 	EXP 	image_green: texRes = 128.0
9.2871 	EXP 	image_black: texRes = 128.0
9.2871 	EXP 	image_red: texRes = 128.0
9.2871 	EXP 	image_blue: texRes = 128.0
9.2918 	EXP 	image_green: texRes = 128.0
9.2918 	EXP 	image_black: texRes = 128.0
9.2918 	EXP 	image_red: texRes = 128.0
9.2918 	EXP 	image_blue: texRes = 128.0
9.2966 	EXP 	image_green: texRes = 128.0
9.2966 	EXP 	image_black: texRes = 128.0
9.2966 	EXP 	image_red: texRes = 128.0
9.2966 	EXP 	image_blue: texRes = 128.0
9.3014 	EXP 	image_green: texRes = 128.0
9.3014 	EXP 	image_black: texRes = 128.0
9.3014 	EXP 	image_red: texRes = 128.0
9.3014 	EXP 	image_blue: texRes = 128.0
9.3061 	EXP 	image_green: texRes = 128.0
9.3061 	EXP 	image_black: texRes = 128.0
9.3061 	EXP 	image_red: texRes = 128.0
9.3061 	EXP 	image_blue: texRes = 128.0
9.3119 	EXP 	image_green: texRes = 128.0
9.3119 	EXP 	image_black: texRes = 128.0
9.3119 	EXP 	image_red: texRes = 128.0
9.3119 	EXP 	image_blue: texRes = 128.0
9.3171 	EXP 	image_green: texRes = 128.0
9.3171 	EXP 	image_black: texRes = 128.0
9.3171 	EXP 	image_red: texRes = 128.0
9.3171 	EXP 	image_blue: texRes = 128.0
9.3226 	EXP 	image_green: texRes = 128.0
9.3226 	EXP 	image_black: texRes = 128.0
9.3226 	EXP 	image_red: texRes = 128.0
9.3226 	EXP 	image_blue: texRes = 128.0
9.3273 	EXP 	image_green: texRes = 128.0
9.3273 	EXP 	image_black: texRes = 128.0
9.3273 	EXP 	image_red: texRes = 128.0
9.3273 	EXP 	image_blue: texRes = 128.0
9.3323 	EXP 	image_green: texRes = 128.0
9.3323 	EXP 	image_black: texRes = 128.0
9.3323 	EXP 	image_red: texRes = 128.0
9.3323 	EXP 	image_blue: texRes = 128.0
9.3371 	EXP 	image_green: texRes = 128.0
9.3371 	EXP 	image_black: texRes = 128.0
9.3371 	EXP 	image_red: texRes = 128.0
9.3371 	EXP 	image_blue: texRes = 128.0
9.3421 	EXP 	image_green: texRes = 128.0
9.3421 	EXP 	image_black: texRes = 128.0
9.3421 	EXP 	image_red: texRes = 128.0
9.3421 	EXP 	image_blue: texRes = 128.0
9.3478 	EXP 	image_green: texRes = 128.0
9.3478 	EXP 	image_black: texRes = 128.0
9.3478 	EXP 	image_red: texRes = 128.0
9.3478 	EXP 	image_blue: texRes = 128.0
9.3536 	EXP 	image_green: texRes = 128.0
9.3536 	EXP 	image_black: texRes = 128.0
9.3536 	EXP 	image_red: texRes = 128.0
9.3536 	EXP 	image_blue: texRes = 128.0
9.3585 	EXP 	image_green: texRes = 128.0
9.3585 	EXP 	image_black: texRes = 128.0
9.3585 	EXP 	image_red: texRes = 128.0
9.3585 	EXP 	image_blue: texRes = 128.0
9.3634 	EXP 	image_green: texRes = 128.0
9.3634 	EXP 	image_black: texRes = 128.0
9.3634 	EXP 	image_red: texRes = 128.0
9.3634 	EXP 	image_blue: texRes = 128.0
9.3684 	EXP 	image_green: texRes = 128.0
9.3684 	EXP 	image_black: texRes = 128.0
9.3684 	EXP 	image_red: texRes = 128.0
9.3684 	EXP 	image_blue: texRes = 128.0
9.3746 	EXP 	image_green: texRes = 128.0
9.3746 	EXP 	image_black: texRes = 128.0
9.3746 	EXP 	image_red: texRes = 128.0
9.3746 	EXP 	image_blue: texRes = 128.0
9.3795 	EXP 	image_green: texRes = 128.0
9.3795 	EXP 	image_black: texRes = 128.0
9.3795 	EXP 	image_red: texRes = 128.0
9.3795 	EXP 	image_blue: texRes = 128.0
9.3852 	EXP 	image_green: texRes = 128.0
9.3852 	EXP 	image_black: texRes = 128.0
9.3852 	EXP 	image_red: texRes = 128.0
9.3852 	EXP 	image_blue: texRes = 128.0
9.3900 	EXP 	image_green: texRes = 128.0
9.3900 	EXP 	image_black: texRes = 128.0
9.3900 	EXP 	image_red: texRes = 128.0
9.3900 	EXP 	image_blue: texRes = 128.0
9.3952 	EXP 	image_green: texRes = 128.0
9.3952 	EXP 	image_black: texRes = 128.0
9.3952 	EXP 	image_red: texRes = 128.0
9.3952 	EXP 	image_blue: texRes = 128.0
9.4000 	EXP 	image_green: texRes = 128.0
9.4000 	EXP 	image_black: texRes = 128.0
9.4000 	EXP 	image_red: texRes = 128.0
9.4000 	EXP 	image_blue: texRes = 128.0
9.4060 	EXP 	image_green: texRes = 128.0
9.4060 	EXP 	image_black: texRes = 128.0
9.4060 	EXP 	image_red: texRes = 128.0
9.4060 	EXP 	image_blue: texRes = 128.0
9.4112 	EXP 	image_green: texRes = 128.0
9.4112 	EXP 	image_black: texRes = 128.0
9.4112 	EXP 	image_red: texRes = 128.0
9.4112 	EXP 	image_blue: texRes = 128.0
9.4169 	EXP 	image_green: texRes = 128.0
9.4169 	EXP 	image_black: texRes = 128.0
9.4169 	EXP 	image_red: texRes = 128.0
9.4169 	EXP 	image_blue: texRes = 128.0
9.4221 	EXP 	image_green: texRes = 128.0
9.4221 	EXP 	image_black: texRes = 128.0
9.4221 	EXP 	image_red: texRes = 128.0
9.4221 	EXP 	image_blue: texRes = 128.0
9.4275 	EXP 	image_green: texRes = 128.0
9.4275 	EXP 	image_black: texRes = 128.0
9.4275 	EXP 	image_red: texRes = 128.0
9.4275 	EXP 	image_blue: texRes = 128.0
9.4323 	EXP 	image_green: texRes = 128.0
9.4323 	EXP 	image_black: texRes = 128.0
9.4323 	EXP 	image_red: texRes = 128.0
9.4323 	EXP 	image_blue: texRes = 128.0
9.4382 	EXP 	image_green: texRes = 128.0
9.4382 	EXP 	image_black: texRes = 128.0
9.4382 	EXP 	image_red: texRes = 128.0
9.4382 	EXP 	image_blue: texRes = 128.0
9.4436 	EXP 	image_green: texRes = 128.0
9.4436 	EXP 	image_black: texRes = 128.0
9.4436 	EXP 	image_red: texRes = 128.0
9.4436 	EXP 	image_blue: texRes = 128.0
9.4485 	EXP 	image_green: texRes = 128.0
9.4485 	EXP 	image_black: texRes = 128.0
9.4485 	EXP 	image_red: texRes = 128.0
9.4485 	EXP 	image_blue: texRes = 128.0
9.4534 	EXP 	image_green: texRes = 128.0
9.4534 	EXP 	image_black: texRes = 128.0
9.4534 	EXP 	image_red: texRes = 128.0
9.4534 	EXP 	image_blue: texRes = 128.0
9.4582 	EXP 	image_green: texRes = 128.0
9.4582 	EXP 	image_black: texRes = 128.0
9.4582 	EXP 	image_red: texRes = 128.0
9.4582 	EXP 	image_blue: texRes = 128.0
9.4631 	EXP 	image_green: texRes = 128.0
9.4631 	EXP 	image_black: texRes = 128.0
9.4631 	EXP 	image_red: texRes = 128.0
9.4631 	EXP 	image_blue: texRes = 128.0
9.4699 	EXP 	image_green: texRes = 128.0
9.4699 	EXP 	image_black: texRes = 128.0
9.4699 	EXP 	image_red: texRes = 128.0
9.4699 	EXP 	image_blue: texRes = 128.0
9.4750 	EXP 	image_green: texRes = 128.0
9.4750 	EXP 	image_black: texRes = 128.0
9.4750 	EXP 	image_red: texRes = 128.0
9.4750 	EXP 	image_blue: texRes = 128.0
9.4800 	EXP 	image_green: texRes = 128.0
9.4800 	EXP 	image_black: texRes = 128.0
9.4800 	EXP 	image_red: texRes = 128.0
9.4800 	EXP 	image_blue: texRes = 128.0
9.4848 	EXP 	image_green: texRes = 128.0
9.4848 	EXP 	image_black: texRes = 128.0
9.4848 	EXP 	image_red: texRes = 128.0
9.4848 	EXP 	image_blue: texRes = 128.0
9.4897 	EXP 	image_green: texRes = 128.0
9.4897 	EXP 	image_black: texRes = 128.0
9.4897 	EXP 	image_red: texRes = 128.0
9.4897 	EXP 	image_blue: texRes = 128.0
9.4945 	EXP 	image_green: texRes = 128.0
9.4945 	EXP 	image_black: texRes = 128.0
9.4945 	EXP 	image_red: texRes = 128.0
9.4945 	EXP 	image_blue: texRes = 128.0
9.5008 	EXP 	image_green: texRes = 128.0
9.5008 	EXP 	image_black: texRes = 128.0
9.5008 	EXP 	image_red: texRes = 128.0
9.5008 	EXP 	image_blue: texRes = 128.0
9.5059 	EXP 	image_green: texRes = 128.0
9.5059 	EXP 	image_black: texRes = 128.0
9.5059 	EXP 	image_red: texRes = 128.0
9.5059 	EXP 	image_blue: texRes = 128.0
9.5110 	EXP 	image_green: texRes = 128.0
9.5110 	EXP 	image_black: texRes = 128.0
9.5110 	EXP 	image_red: texRes = 128.0
9.5110 	EXP 	image_blue: texRes = 128.0
9.5159 	EXP 	image_green: texRes = 128.0
9.5159 	EXP 	image_black: texRes = 128.0
9.5159 	EXP 	image_red: texRes = 128.0
9.5159 	EXP 	image_blue: texRes = 128.0
9.5210 	EXP 	image_green: texRes = 128.0
9.5210 	EXP 	image_black: texRes = 128.0
9.5210 	EXP 	image_red: texRes = 128.0
9.5210 	EXP 	image_blue: texRes = 128.0
9.5258 	EXP 	image_green: texRes = 128.0
9.5258 	EXP 	image_black: texRes = 128.0
9.5258 	EXP 	image_red: texRes = 128.0
9.5258 	EXP 	image_blue: texRes = 128.0
9.5314 	EXP 	image_green: texRes = 128.0
9.5314 	EXP 	image_black: texRes = 128.0
9.5314 	EXP 	image_red: texRes = 128.0
9.5314 	EXP 	image_blue: texRes = 128.0
9.5368 	EXP 	image_green: texRes = 128.0
9.5368 	EXP 	image_black: texRes = 128.0
9.5368 	EXP 	image_red: texRes = 128.0
9.5368 	EXP 	image_blue: texRes = 128.0
9.5416 	EXP 	image_green: texRes = 128.0
9.5416 	EXP 	image_black: texRes = 128.0
9.5416 	EXP 	image_red: texRes = 128.0
9.5416 	EXP 	image_blue: texRes = 128.0
9.5464 	EXP 	image_green: texRes = 128.0
9.5464 	EXP 	image_black: texRes = 128.0
9.5464 	EXP 	image_red: texRes = 128.0
9.5464 	EXP 	image_blue: texRes = 128.0
9.5513 	EXP 	image_green: texRes = 128.0
9.5513 	EXP 	image_black: texRes = 128.0
9.5513 	EXP 	image_red: texRes = 128.0
9.5513 	EXP 	image_blue: texRes = 128.0
9.5560 	EXP 	image_green: texRes = 128.0
9.5560 	EXP 	image_black: texRes = 128.0
9.5560 	EXP 	image_red: texRes = 128.0
9.5560 	EXP 	image_blue: texRes = 128.0
9.5618 	EXP 	image_green: texRes = 128.0
9.5618 	EXP 	image_black: texRes = 128.0
9.5618 	EXP 	image_red: texRes = 128.0
9.5618 	EXP 	image_blue: texRes = 128.0
9.5666 	EXP 	image_green: texRes = 128.0
9.5666 	EXP 	image_black: texRes = 128.0
9.5666 	EXP 	image_red: texRes = 128.0
9.5666 	EXP 	image_blue: texRes = 128.0
9.5718 	EXP 	image_green: texRes = 128.0
9.5718 	EXP 	image_black: texRes = 128.0
9.5718 	EXP 	image_red: texRes = 128.0
9.5718 	EXP 	image_blue: texRes = 128.0
9.5766 	EXP 	image_green: texRes = 128.0
9.5766 	EXP 	image_black: texRes = 128.0
9.5766 	EXP 	image_red: texRes = 128.0
9.5766 	EXP 	image_blue: texRes = 128.0
9.5817 	EXP 	image_green: texRes = 128.0
9.5817 	EXP 	image_black: texRes = 128.0
9.5817 	EXP 	image_red: texRes = 128.0
9.5817 	EXP 	image_blue: texRes = 128.0
9.5863 	EXP 	image_green: texRes = 128.0
9.5863 	EXP 	image_black: texRes = 128.0
9.5863 	EXP 	image_red: texRes = 128.0
9.5863 	EXP 	image_blue: texRes = 128.0
9.5911 	EXP 	image_green: texRes = 128.0
9.5911 	EXP 	image_black: texRes = 128.0
9.5911 	EXP 	image_red: texRes = 128.0
9.5911 	EXP 	image_blue: texRes = 128.0
9.5965 	EXP 	image_green: texRes = 128.0
9.5965 	EXP 	image_black: texRes = 128.0
9.5965 	EXP 	image_red: texRes = 128.0
9.5965 	EXP 	image_blue: texRes = 128.0
9.6016 	EXP 	image_green: texRes = 128.0
9.6016 	EXP 	image_black: texRes = 128.0
9.6016 	EXP 	image_red: texRes = 128.0
9.6016 	EXP 	image_blue: texRes = 128.0
9.6063 	EXP 	image_green: texRes = 128.0
9.6063 	EXP 	image_black: texRes = 128.0
9.6063 	EXP 	image_red: texRes = 128.0
9.6063 	EXP 	image_blue: texRes = 128.0
9.6112 	EXP 	image_green: texRes = 128.0
9.6112 	EXP 	image_black: texRes = 128.0
9.6112 	EXP 	image_red: texRes = 128.0
9.6112 	EXP 	image_blue: texRes = 128.0
9.6159 	EXP 	image_green: texRes = 128.0
9.6159 	EXP 	image_black: texRes = 128.0
9.6159 	EXP 	image_red: texRes = 128.0
9.6159 	EXP 	image_blue: texRes = 128.0
9.6206 	EXP 	image_green: texRes = 128.0
9.6206 	EXP 	image_black: texRes = 128.0
9.6206 	EXP 	image_red: texRes = 128.0
9.6206 	EXP 	image_blue: texRes = 128.0
9.6259 	EXP 	image_green: texRes = 128.0
9.6259 	EXP 	image_black: texRes = 128.0
9.6259 	EXP 	image_red: texRes = 128.0
9.6259 	EXP 	image_blue: texRes = 128.0
9.6312 	EXP 	image_green: texRes = 128.0
9.6312 	EXP 	image_black: texRes = 128.0
9.6312 	EXP 	image_red: texRes = 128.0
9.6312 	EXP 	image_blue: texRes = 128.0
9.6360 	EXP 	image_green: texRes = 128.0
9.6360 	EXP 	image_black: texRes = 128.0
9.6360 	EXP 	image_red: texRes = 128.0
9.6360 	EXP 	image_blue: texRes = 128.0
9.6408 	EXP 	image_green: texRes = 128.0
9.6408 	EXP 	image_black: texRes = 128.0
9.6408 	EXP 	image_red: texRes = 128.0
9.6408 	EXP 	image_blue: texRes = 128.0
9.6454 	EXP 	image_green: texRes = 128.0
9.6454 	EXP 	image_black: texRes = 128.0
9.6454 	EXP 	image_red: texRes = 128.0
9.6454 	EXP 	image_blue: texRes = 128.0
9.6501 	EXP 	image_green: texRes = 128.0
9.6501 	EXP 	image_black: texRes = 128.0
9.6501 	EXP 	image_red: texRes = 128.0
9.6501 	EXP 	image_blue: texRes = 128.0
9.6565 	EXP 	image_green: texRes = 128.0
9.6565 	EXP 	image_black: texRes = 128.0
9.6565 	EXP 	image_red: texRes = 128.0
9.6565 	EXP 	image_blue: texRes = 128.0
9.6619 	EXP 	image_green: texRes = 128.0
9.6619 	EXP 	image_black: texRes = 128.0
9.6619 	EXP 	image_red: texRes = 128.0
9.6619 	EXP 	image_blue: texRes = 128.0
9.6668 	EXP 	image_green: texRes = 128.0
9.6668 	EXP 	image_black: texRes = 128.0
9.6668 	EXP 	image_red: texRes = 128.0
9.6668 	EXP 	image_blue: texRes = 128.0
9.6717 	EXP 	image_green: texRes = 128.0
9.6717 	EXP 	image_black: texRes = 128.0
9.6717 	EXP 	image_red: texRes = 128.0
9.6717 	EXP 	image_blue: texRes = 128.0
9.6771 	EXP 	image_green: texRes = 128.0
9.6771 	EXP 	image_black: texRes = 128.0
9.6771 	EXP 	image_red: texRes = 128.0
9.6771 	EXP 	image_blue: texRes = 128.0
9.6822 	EXP 	image_green: texRes = 128.0
9.6822 	EXP 	image_black: texRes = 128.0
9.6822 	EXP 	image_red: texRes = 128.0
9.6822 	EXP 	image_blue: texRes = 128.0
9.6871 	EXP 	image_green: texRes = 128.0
9.6871 	EXP 	image_black: texRes = 128.0
9.6871 	EXP 	image_red: texRes = 128.0
9.6871 	EXP 	image_blue: texRes = 128.0
9.6917 	EXP 	image_green: texRes = 128.0
9.6917 	EXP 	image_black: texRes = 128.0
9.6917 	EXP 	image_red: texRes = 128.0
9.6917 	EXP 	image_blue: texRes = 128.0
9.6966 	EXP 	image_green: texRes = 128.0
9.6966 	EXP 	image_black: texRes = 128.0
9.6966 	EXP 	image_red: texRes = 128.0
9.6966 	EXP 	image_blue: texRes = 128.0
9.7034 	EXP 	image_green: texRes = 128.0
9.7034 	EXP 	image_black: texRes = 128.0
9.7034 	EXP 	image_red: texRes = 128.0
9.7034 	EXP 	image_blue: texRes = 128.0
9.7086 	EXP 	image_green: texRes = 128.0
9.7086 	EXP 	image_black: texRes = 128.0
9.7086 	EXP 	image_red: texRes = 128.0
9.7086 	EXP 	image_blue: texRes = 128.0
9.7135 	EXP 	image_green: texRes = 128.0
9.7135 	EXP 	image_black: texRes = 128.0
9.7135 	EXP 	image_red: texRes = 128.0
9.7135 	EXP 	image_blue: texRes = 128.0
9.7182 	EXP 	image_green: texRes = 128.0
9.7182 	EXP 	image_black: texRes = 128.0
9.7182 	EXP 	image_red: texRes = 128.0
9.7182 	EXP 	image_blue: texRes = 128.0
9.7228 	EXP 	image_green: texRes = 128.0
9.7228 	EXP 	image_black: texRes = 128.0
9.7228 	EXP 	image_red: texRes = 128.0
9.7228 	EXP 	image_blue: texRes = 128.0
9.7276 	EXP 	image_green: texRes = 128.0
9.7276 	EXP 	image_black: texRes = 128.0
9.7276 	EXP 	image_red: texRes = 128.0
9.7276 	EXP 	image_blue: texRes = 128.0
9.7324 	EXP 	image_green: texRes = 128.0
9.7324 	EXP 	image_black: texRes = 128.0
9.7324 	EXP 	image_red: texRes = 128.0
9.7324 	EXP 	image_blue: texRes = 128.0
9.7372 	EXP 	image_green: texRes = 128.0
9.7372 	EXP 	image_black: texRes = 128.0
9.7372 	EXP 	image_red: texRes = 128.0
9.7372 	EXP 	image_blue: texRes = 128.0
9.7414 	DATA 	Keypress: escape
9.7424 	EXP 	image_green: texRes = 128.0
9.7424 	EXP 	image_black: texRes = 128.0
9.7424 	EXP 	image_red: texRes = 128.0
9.7424 	EXP 	image_blue: texRes = 128.0
9.7473 	EXP 	image_green: texRes = 128.0
9.7473 	EXP 	image_black: texRes = 128.0
9.7473 	EXP 	image_red: texRes = 128.0
9.7473 	EXP 	image_blue: texRes = 128.0
9.7526 	EXP 	image_green: texRes = 128.0
9.7526 	EXP 	image_black: texRes = 128.0
9.7526 	EXP 	image_red: texRes = 128.0
9.7526 	EXP 	image_blue: texRes = 128.0
9.7576 	EXP 	image_green: texRes = 128.0
9.7576 	EXP 	image_black: texRes = 128.0
9.7576 	EXP 	image_red: texRes = 128.0
9.7576 	EXP 	image_blue: texRes = 128.0
9.7623 	EXP 	image_green: texRes = 128.0
9.7623 	EXP 	image_black: texRes = 128.0
9.7623 	EXP 	image_red: texRes = 128.0
9.7623 	EXP 	image_blue: texRes = 128.0
9.7676 	EXP 	image_green: texRes = 128.0
9.7676 	EXP 	image_black: texRes = 128.0
9.7676 	EXP 	image_red: texRes = 128.0
9.7676 	EXP 	image_blue: texRes = 128.0
9.7723 	EXP 	image_green: texRes = 128.0
9.7723 	EXP 	image_black: texRes = 128.0
9.7723 	EXP 	image_red: texRes = 128.0
9.7723 	EXP 	image_blue: texRes = 128.0
9.7771 	EXP 	image_green: texRes = 128.0
9.7771 	EXP 	image_black: texRes = 128.0
9.7771 	EXP 	image_red: texRes = 128.0
9.7771 	EXP 	image_blue: texRes = 128.0
9.7819 	EXP 	image_green: texRes = 128.0
9.7819 	EXP 	image_black: texRes = 128.0
9.7819 	EXP 	image_red: texRes = 128.0
9.7819 	EXP 	image_blue: texRes = 128.0
9.7867 	EXP 	image_green: texRes = 128.0
9.7867 	EXP 	image_black: texRes = 128.0
9.7867 	EXP 	image_red: texRes = 128.0
9.7867 	EXP 	image_blue: texRes = 128.0
9.7914 	EXP 	image_green: texRes = 128.0
9.7914 	EXP 	image_black: texRes = 128.0
9.7914 	EXP 	image_red: texRes = 128.0
9.7914 	EXP 	image_blue: texRes = 128.0
9.7968 	EXP 	image_green: texRes = 128.0
9.7968 	EXP 	image_black: texRes = 128.0
9.7968 	EXP 	image_red: texRes = 128.0
9.7968 	EXP 	image_blue: texRes = 128.0
9.8023 	EXP 	image_green: texRes = 128.0
9.8023 	EXP 	image_black: texRes = 128.0
9.8023 	EXP 	image_red: texRes = 128.0
9.8023 	EXP 	image_blue: texRes = 128.0
9.8072 	EXP 	image_green: texRes = 128.0
9.8072 	EXP 	image_black: texRes = 128.0
9.8072 	EXP 	image_red: texRes = 128.0
9.8072 	EXP 	image_blue: texRes = 128.0
9.8119 	EXP 	image_green: texRes = 128.0
9.8119 	EXP 	image_black: texRes = 128.0
9.8119 	EXP 	image_red: texRes = 128.0
9.8119 	EXP 	image_blue: texRes = 128.0
9.8168 	EXP 	image_green: texRes = 128.0
9.8168 	EXP 	image_black: texRes = 128.0
9.8168 	EXP 	image_red: texRes = 128.0
9.8168 	EXP 	image_blue: texRes = 128.0
9.8214 	EXP 	image_green: texRes = 128.0
9.8214 	EXP 	image_black: texRes = 128.0
9.8214 	EXP 	image_red: texRes = 128.0
9.8214 	EXP 	image_blue: texRes = 128.0
9.8262 	EXP 	image_green: texRes = 128.0
9.8262 	EXP 	image_black: texRes = 128.0
9.8262 	EXP 	image_red: texRes = 128.0
9.8262 	EXP 	image_blue: texRes = 128.0
9.8309 	EXP 	image_green: texRes = 128.0
9.8309 	EXP 	image_black: texRes = 128.0
9.8309 	EXP 	image_red: texRes = 128.0
9.8309 	EXP 	image_blue: texRes = 128.0
9.8357 	EXP 	image_green: texRes = 128.0
9.8357 	EXP 	image_black: texRes = 128.0
9.8357 	EXP 	image_red: texRes = 128.0
9.8357 	EXP 	image_blue: texRes = 128.0
9.8403 	EXP 	image_green: texRes = 128.0
9.8403 	EXP 	image_black: texRes = 128.0
9.8403 	EXP 	image_red: texRes = 128.0
9.8403 	EXP 	image_blue: texRes = 128.0
9.8460 	EXP 	image_green: texRes = 128.0
9.8460 	EXP 	image_black: texRes = 128.0
9.8460 	EXP 	image_red: texRes = 128.0
9.8460 	EXP 	image_blue: texRes = 128.0
10.0220 	EXP 	window1: mouseVisible = True
