3.6703 	WARNING 	User requested fullscreen with size [1024  768], but screen is actually [1920, 1080]. Using actual size
3.9964 	EXP 	Created window1 = Window(allowGUI=True, allowStencil=False, autoLog=True, backendConf=UNKNOWN, backgroundFit=<method-wrapper '__getattribute__' of attributeSetter object at 0x00000236650C4100>, backgroundImage=<method-wrapper '__getattribute__' of attributeSetter object at 0x00000236650C40A0>, bitsMode=UNKNOWN, blendMode='avg', bpc=(8, 8, 8), color=array([0, 0, 0]), colorSpace='rgb', depthBits=8, fullscr=<method-wrapper '__getattribute__' of attributeSetter object at 0x00000236650AFDC0>, gamma=None, gammaErrorPolicy='raise', lms=UNKNOWN, monitor=<psychopy.monitors.calibTools.Monitor object at 0x0000023666FD83D0>, multiSample=False, name='window1', numSamples=2, pos=(0, 0), screen=0, size=array([1920, 1080]), stencilBits=0, stereo=False, units='height', useFBO=True, useRetina=False, viewOri=0.0, viewPos=None, viewScale=None, waitBlanking=True, winType='pyglet')
3.9965 	EXP 	window1: mouseVisible = True
3.9965 	EXP 	window1: backgroundImage = ''
3.9965 	EXP 	window1: backgroundFit = 'none'
3.9965 	EXP 	window1: mouseVisible = False
3.9965 	EXP 	window1: Attempting to measure frame rate of screen (0) ...
3.9966 	EXP 	window1: recordFrameIntervals = False
4.0380 	EXP 	window1: recordFrameIntervals = True
4.0807 	WARNING 	t of last frame was 5.24ms (=1/190)
4.0853 	EXP 	Screen (0) actual frame rate measured at 232.14Hz
4.0853 	EXP 	window1: recordFrameIntervals = False
5.4491 	EXP 	window1: mouseVisible = True
5.4492 	EXP 	window1: mouseVisible = True
6.0500 	DATA 	Mouse: Left button down, pos=(861,620)
6.1527 	DATA 	Mouse:  Left button up, pos=(861,620)
6.5783 	DATA 	Mouse: Left button down, pos=(861,620)
6.6929 	DATA 	Mouse:  Left button up, pos=(861,620)
7.0038 	DATA 	Mouse: Left button down, pos=(861,620)
7.1166 	DATA 	Mouse:  Left button up, pos=(861,620)
7.6213 	DATA 	Mouse: Left button down, pos=(861,620)
7.7010 	DATA 	Mouse:  Left button up, pos=(861,620)
7.8176 	DATA 	Mouse: Left button down, pos=(861,620)
7.9031 	DATA 	Mouse:  Left button up, pos=(861,620)
8.0099 	DATA 	Mouse: Left button down, pos=(861,620)
8.1210 	DATA 	Mouse:  Left button up, pos=(861,620)
8.5866 	DATA 	Keypress: escape
8.8649 	EXP 	window1: mouseVisible = True
