6.1911 	WARNING 	User requested fullscreen with size [1024  768], but screen is actually [1920, 1080]. Using actual size
6.5031 	EXP 	Created window1 = Window(allowGUI=True, allowStencil=False, autoLog=True, backendConf=UNKNOWN, backgroundFit=<method-wrapper '__getattribute__' of attributeSetter object at 0x00000229BFA49490>, backgroundImage=<method-wrapper '__getattribute__' of attributeSetter object at 0x00000229BFA49430>, bitsMode=UNKNOWN, blendMode='avg', bpc=(8, 8, 8), color=array([0, 0, 0]), colorSpace='rgb', depthBits=8, fullscr=<method-wrapper '__getattribute__' of attributeSetter object at 0x00000229BFA49160>, gamma=None, gammaErrorPolicy='raise', lms=UNKNOWN, monitor=<psychopy.monitors.calibTools.Monitor object at 0x00000229C19A7790>, multiSample=False, name='window1', numSamples=2, pos=(0, 0), screen=0, size=array([1920, 1080]), stencilBits=0, stereo=False, units='height', useFBO=True, useRetina=False, viewOri=0.0, viewPos=None, viewScale=None, waitBlanking=True, winType='pyglet')
6.5032 	EXP 	window1: mouseVisible = True
6.5032 	EXP 	window1: backgroundImage = ''
6.5032 	EXP 	window1: backgroundFit = 'none'
6.5033 	EXP 	window1: mouseVisible = False
6.5033 	EXP 	window1: Attempting to measure frame rate of screen (0) ...
6.5033 	EXP 	window1: recordFrameIntervals = False
6.5464 	EXP 	window1: recordFrameIntervals = True
6.5925 	EXP 	Screen (0) actual frame rate measured at 239.09Hz
6.5925 	EXP 	window1: recordFrameIntervals = False
7.9694 	EXP 	window1: mouseVisible = True
7.9694 	EXP 	window1: mouseVisible = True
8.6026 	DATA 	Mouse: Left button down, pos=(1085,440)
8.7008 	DATA 	Mouse:  Left button up, pos=(1085,440)
8.9714 	DATA 	Mouse: Left button down, pos=(1452,471)
9.0698 	DATA 	Mouse:  Left button up, pos=(1452,471)
9.2282 	DATA 	Mouse: Left button down, pos=(1450,471)
9.3242 	DATA 	Mouse:  Left button up, pos=(1450,471)
9.4926 	DATA 	Mouse: Left button down, pos=(1111,494)
9.5970 	DATA 	Mouse:  Left button up, pos=(1111,494)
9.6830 	DATA 	Mouse: Left button down, pos=(1111,494)
9.7708 	DATA 	Mouse:  Left button up, pos=(1111,494)
9.8540 	DATA 	Mouse: Left button down, pos=(1111,494)
9.9542 	DATA 	Mouse:  Left button up, pos=(1111,494)
10.1482 	DATA 	Keypress: escape
10.8947 	EXP 	window1: mouseVisible = True
