3.6784 	WARNING 	User requested fullscreen with size [1024  768], but screen is actually [1920, 1080]. Using actual size
3.9907 	EXP 	Created window1 = Window(allowGUI=True, allowStencil=False, autoLog=True, backendConf=UNKNOWN, backgroundFit=<method-wrapper '__getattribute__' of attributeSetter object at 0x0000018CF470C310>, backgroundImage=<method-wrapper '__getattribute__' of attributeSetter object at 0x0000018CF470C2B0>, bitsMode=UNKNOWN, blendMode='avg', bpc=(8, 8, 8), color=array([0, 0, 0]), colorSpace='rgb', depthBits=8, fullscr=<method-wrapper '__getattribute__' of attributeSetter object at 0x0000018CF470C040>, gamma=None, gammaErrorPolicy='raise', lms=UNKNOWN, monitor=<psychopy.monitors.calibTools.Monitor object at 0x0000018CF66665E0>, multiSample=False, name='window1', numSamples=2, pos=(0, 0), screen=0, size=array([1920, 1080]), stencilBits=0, stereo=False, units='height', useFBO=True, useRetina=False, viewOri=0.0, viewPos=None, viewScale=None, waitBlanking=True, winType='pyglet')
3.9908 	EXP 	window1: mouseVisible = True
3.9908 	EXP 	window1: backgroundImage = ''
3.9908 	EXP 	window1: backgroundFit = 'none'
3.9909 	EXP 	window1: mouseVisible = False
3.9909 	EXP 	window1: Attempting to measure frame rate of screen (0) ...
3.9909 	EXP 	window1: recordFrameIntervals = False
4.0322 	EXP 	window1: recordFrameIntervals = True
4.0788 	EXP 	Screen (0) actual frame rate measured at 236.38Hz
4.0788 	EXP 	window1: recordFrameIntervals = False
5.4545 	EXP 	window1: mouseVisible = True
5.4546 	EXP 	window1: mouseVisible = True
5.6947 	DATA 	Mouse: Left button down, pos=(872,613)
5.7968 	DATA 	Mouse:  Left button up, pos=(872,613)
6.0261 	DATA 	Mouse: Left button down, pos=(872,613)
6.1263 	DATA 	Mouse:  Left button up, pos=(872,613)
6.3604 	DATA 	Mouse: Left button down, pos=(1439,513)
6.4617 	DATA 	Mouse:  Left button up, pos=(1439,513)
6.5685 	DATA 	Mouse: Left button down, pos=(1439,513)
6.6603 	DATA 	Mouse:  Left button up, pos=(1439,513)
6.8526 	DATA 	Mouse: Left button down, pos=(1072,601)
6.9736 	DATA 	Mouse:  Left button up, pos=(1072,601)
7.1419 	DATA 	Mouse: Left button down, pos=(1351,571)
7.2698 	DATA 	Mouse:  Left button up, pos=(1354,570)
7.5494 	DATA 	Keypress: escape
7.8641 	EXP 	window1: mouseVisible = True
