5.1939 	WARNING 	User requested fullscreen with size [1024  768], but screen is actually [1920, 1080]. Using actual size
5.4983 	EXP 	Created window1 = Window(allowGUI=True, allowStencil=False, autoLog=True, backendConf=UNKNOWN, backgroundFit=<method-wrapper '__getattribute__' of attributeSetter object at 0x000002356AFDD310>, backgroundImage=<method-wrapper '__getattribute__' of attributeSetter object at 0x000002356AFDD2B0>, bitsMode=UNKNOWN, blendMode='avg', bpc=(8, 8, 8), color=array([0, 0, 0]), colorSpace='rgb', depthBits=8, fullscr=<method-wrapper '__getattribute__' of attributeSetter object at 0x000002356AFDD040>, gamma=None, gammaErrorPolicy='raise', lms=UNKNOWN, monitor=<psychopy.monitors.calibTools.Monitor object at 0x000002356CEF85E0>, multiSample=False, name='window1', numSamples=2, pos=(0, 0), screen=0, size=array([1920, 1080]), stencilBits=0, stereo=False, units='height', useFBO=True, useRetina=False, viewOri=0.0, viewPos=None, viewScale=None, waitBlanking=True, winType='pyglet')
5.4983 	EXP 	window1: mouseVisible = True
5.4984 	EXP 	window1: backgroundImage = ''
5.4984 	EXP 	window1: backgroundFit = 'none'
5.4984 	EXP 	window1: mouseVisible = False
5.4984 	EXP 	window1: Attempting to measure frame rate of screen (0) ...
5.4984 	EXP 	window1: recordFrameIntervals = False
5.5399 	EXP 	window1: recordFrameIntervals = True
5.5873 	EXP 	Screen (0) actual frame rate measured at 231.53Hz
5.5873 	EXP 	window1: recordFrameIntervals = False
6.9481 	EXP 	window1: mouseVisible = True
6.9482 	EXP 	window1: mouseVisible = True
7.7530 	DATA 	Mouse: Left button down, pos=(864,527)
7.8530 	DATA 	Mouse:  Left button up, pos=(864,527)
8.1874 	DATA 	Mouse: Left button down, pos=(862,502)
8.2944 	DATA 	Mouse:  Left button up, pos=(862,502)
9.1908 	DATA 	Mouse: Left button down, pos=(824,439)
9.2842 	DATA 	Mouse:  Left button up, pos=(824,439)
9.7136 	DATA 	Mouse: Left button down, pos=(881,422)
9.8135 	DATA 	Mouse:  Left button up, pos=(881,421)
10.2624 	DATA 	Mouse: Left button down, pos=(897,416)
10.3765 	DATA 	Mouse:  Left button up, pos=(897,416)
10.5881 	DATA 	Mouse: Left button down, pos=(878,413)
10.6882 	DATA 	Mouse:  Left button up, pos=(878,413)
10.7675 	DATA 	Mouse: Left button down, pos=(878,413)
10.8717 	DATA 	Mouse:  Left button up, pos=(878,413)
11.0570 	DATA 	Keypress: escape
11.3812 	EXP 	window1: mouseVisible = True
