3.5008 	WARNING 	User requested fullscreen with size [1024  768], but screen is actually [1920, 1080]. Using actual size
3.8367 	EXP 	Created window1 = Window(allowGUI=True, allowStencil=False, autoLog=True, backendConf=UNKNOWN, backgroundFit=<method-wrapper '__getattribute__' of attributeSetter object at 0x000001F402991130>, backgroundImage=<method-wrapper '__getattribute__' of attributeSetter object at 0x000001F4029910D0>, bitsMode=UNKNOWN, blendMode='avg', bpc=(8, 8, 8), color=array([0, 0, 0]), colorSpace='rgb', depthBits=8, fullscr=<method-wrapper '__getattribute__' of attributeSetter object at 0x000001F40297FDF0>, gamma=None, gammaErrorPolicy='raise', lms=UNKNOWN, monitor=<psychopy.monitors.calibTools.Monitor object at 0x000001F4048C7490>, multiSample=False, name='window1', numSamples=2, pos=(0, 0), screen=0, size=array([1920, 1080]), stencilBits=0, stereo=False, units='height', useFBO=True, useRetina=False, viewOri=0.0, viewPos=None, viewScale=None, waitBlanking=True, winType='pyglet')
3.8368 	EXP 	window1: mouseVisible = True
3.8368 	EXP 	window1: backgroundImage = ''
3.8368 	EXP 	window1: backgroundFit = 'none'
3.8369 	EXP 	window1: mouseVisible = False
3.8369 	EXP 	window1: Attempting to measure frame rate of screen (0) ...
3.8369 	EXP 	window1: recordFrameIntervals = False
3.8786 	EXP 	window1: recordFrameIntervals = True
3.9257 	EXP 	Screen (0) actual frame rate measured at 235.59Hz
3.9258 	EXP 	window1: recordFrameIntervals = False
5.3048 	EXP 	window1: mouseVisible = True
5.3049 	EXP 	window1: mouseVisible = True
5.7431 	DATA 	Mouse: Left button down, pos=(512,357)
5.8372 	DATA 	Mouse:  Left button up, pos=(512,357)
6.0273 	DATA 	Mouse: Left button down, pos=(854,390)
6.1464 	DATA 	Mouse:  Left button up, pos=(854,390)
6.4175 	DATA 	Mouse: Left button down, pos=(835,386)
6.5467 	DATA 	Mouse:  Left button up, pos=(835,386)
6.8360 	DATA 	Mouse: Left button down, pos=(835,386)
6.9309 	DATA 	Mouse:  Left button up, pos=(835,386)
7.2187 	DATA 	Mouse: Left button down, pos=(835,386)
7.3230 	DATA 	Mouse:  Left button up, pos=(835,386)
7.6450 	DATA 	Mouse: Left button down, pos=(835,386)
7.7528 	DATA 	Mouse:  Left button up, pos=(835,386)
8.0199 	DATA 	Mouse: Left button down, pos=(835,386)
8.1405 	DATA 	Mouse:  Left button up, pos=(835,386)
8.2281 	DATA 	Mouse: Left button down, pos=(835,386)
8.3330 	DATA 	Mouse:  Left button up, pos=(835,386)
8.4302 	DATA 	Mouse: Left button down, pos=(835,386)
8.5618 	DATA 	Mouse:  Left button up, pos=(835,386)
8.6452 	DATA 	Mouse: Left button down, pos=(835,386)
8.7746 	DATA 	Mouse:  Left button up, pos=(835,386)
8.8496 	DATA 	Mouse: Left button down, pos=(835,386)
8.9748 	DATA 	Mouse:  Left button up, pos=(835,386)
9.2000 	DATA 	Mouse: Left button down, pos=(835,386)
9.3085 	DATA 	Mouse:  Left button up, pos=(835,386)
9.4060 	DATA 	Mouse: Left button down, pos=(835,386)
9.4899 	DATA 	Mouse:  Left button up, pos=(835,386)
9.5921 	DATA 	Mouse: Left button down, pos=(835,386)
9.6981 	DATA 	Mouse:  Left button up, pos=(835,386)
9.7799 	DATA 	Mouse: Left button down, pos=(835,386)
9.9093 	DATA 	Mouse:  Left button up, pos=(835,386)
9.9800 	DATA 	Mouse: Left button down, pos=(835,386)
10.1109 	DATA 	Mouse:  Left button up, pos=(835,386)
10.3558 	DATA 	Mouse: Left button down, pos=(835,386)
10.4489 	DATA 	Mouse:  Left button up, pos=(835,386)
10.5681 	DATA 	Mouse: Left button down, pos=(835,386)
10.6494 	DATA 	Mouse:  Left button up, pos=(835,386)
10.7312 	DATA 	Keypress: escape
11.2878 	EXP 	window1: mouseVisible = True
