3.5532 	WARNING 	User requested fullscreen with size [1024  768], but screen is actually [1920, 1080]. Using actual size
3.8718 	EXP 	Created window1 = Window(allowGUI=True, allowStencil=False, autoLog=True, backendConf=UNKNOWN, backgroundFit=<method-wrapper '__getattribute__' of attributeSetter object at 0x00000291D0FB6040>, backgroundImage=<method-wrapper '__getattribute__' of attributeSetter object at 0x00000291D0FA0E80>, bitsMode=UNKNOWN, blendMode='avg', bpc=(8, 8, 8), color=array([0, 0, 0]), colorSpace='rgb', depthBits=8, fullscr=<method-wrapper '__getattribute__' of attributeSetter object at 0x00000291D0FA0D00>, gamma=None, gammaErrorPolicy='raise', lms=UNKNOWN, monitor=<psychopy.monitors.calibTools.Monitor object at 0x00000291D2EC7340>, multiSample=False, name='window1', numSamples=2, pos=(0, 0), screen=0, size=array([1920, 1080]), stencilBits=0, stereo=False, units='height', useFBO=True, useRetina=False, viewOri=0.0, viewPos=None, viewScale=None, waitBlanking=True, winType='pyglet')
3.8719 	EXP 	window1: mouseVisible = True
3.8719 	EXP 	window1: backgroundImage = ''
3.8719 	EXP 	window1: backgroundFit = 'none'
3.8719 	EXP 	window1: mouseVisible = False
3.8720 	EXP 	window1: Attempting to measure frame rate of screen (0) ...
3.8720 	EXP 	window1: recordFrameIntervals = False
3.9128 	EXP 	window1: recordFrameIntervals = True
3.9592 	EXP 	Screen (0) actual frame rate measured at 237.69Hz
3.9592 	EXP 	window1: recordFrameIntervals = False
5.3391 	EXP 	window1: mouseVisible = True
5.3392 	EXP 	window1: mouseVisible = True
5.6202 	DATA 	Mouse: Left button down, pos=(960,447)
5.7036 	DATA 	Mouse:  Left button up, pos=(960,447)
6.3838 	DATA 	Mouse: Left button down, pos=(1102,423)
6.4530 	DATA 	Mouse:  Left button up, pos=(1102,423)
6.9594 	DATA 	Mouse: Left button down, pos=(1156,402)
7.0143 	DATA 	Mouse:  Left button up, pos=(1156,402)
7.4599 	DATA 	Mouse: Left button down, pos=(1162,387)
7.5183 	DATA 	Mouse:  Left button up, pos=(1162,387)
7.9664 	DATA 	Mouse: Left button down, pos=(1102,398)
8.0449 	DATA 	Mouse:  Left button up, pos=(1102,398)
8.5385 	DATA 	Mouse: Left button down, pos=(1128,392)
9.0402 	DATA 	Mouse:  Left button up, pos=(1128,392)
9.2506 	DATA 	Mouse: Left button down, pos=(1128,392)
9.4698 	DATA 	Mouse:  Left button up, pos=(1128,392)
9.8955 	DATA 	Keypress: escape
10.2746 	EXP 	window1: mouseVisible = True
