3.5601 	WARNING 	User requested fullscreen with size [1024  768], but screen is actually [1920, 1080]. Using actual size
3.8655 	EXP 	Created window1 = Window(allowGUI=True, allowStencil=False, autoLog=True, backendConf=UNKNOWN, backgroundFit=<method-wrapper '__getattribute__' of attributeSetter object at 0x00000203BF821130>, backgroundImage=<method-wrapper '__getattribute__' of attributeSetter object at 0x00000203BF8210D0>, bitsMode=UNKNOWN, blendMode='avg', bpc=(8, 8, 8), color=array([0, 0, 0]), colorSpace='rgb', depthBits=8, fullscr=<method-wrapper '__getattribute__' of attributeSetter object at 0x00000203BF80FDF0>, gamma=None, gammaErrorPolicy='raise', lms=UNKNOWN, monitor=<psychopy.monitors.calibTools.Monitor object at 0x00000203C17383A0>, multiSample=False, name='window1', numSamples=2, pos=(0, 0), screen=0, size=array([1920, 1080]), stencilBits=0, stereo=False, units='height', useFBO=True, useRetina=False, viewOri=0.0, viewPos=None, viewScale=None, waitBlanking=True, winType='pyglet')
3.8656 	EXP 	window1: mouseVisible = True
3.8656 	EXP 	window1: backgroundImage = ''
3.8656 	EXP 	window1: backgroundFit = 'none'
3.8657 	EXP 	window1: mouseVisible = False
3.8657 	EXP 	window1: Attempting to measure frame rate of screen (0) ...
3.8657 	EXP 	window1: recordFrameIntervals = False
3.9070 	EXP 	window1: recordFrameIntervals = True
3.9531 	EXP 	Screen (0) actual frame rate measured at 239.60Hz
3.9531 	EXP 	window1: recordFrameIntervals = False
5.3209 	EXP 	window1: mouseVisible = True
5.3210 	EXP 	window1: mouseVisible = True
5.6709 	DATA 	Mouse: Left button down, pos=(841,518)
5.7527 	DATA 	Mouse:  Left button up, pos=(841,518)
5.9990 	DATA 	Mouse: Left button down, pos=(841,518)
6.1090 	DATA 	Mouse:  Left button up, pos=(841,518)
6.4953 	DATA 	Mouse: Left button down, pos=(778,473)
6.6053 	DATA 	Mouse:  Left button up, pos=(778,473)
6.8793 	DATA 	Mouse: Left button down, pos=(422,528)
6.9083 	DATA 	Mouse:  Left button up, pos=(431,527)
7.1085 	DATA 	Mouse: Left button down, pos=(765,493)
7.2228 	DATA 	Mouse:  Left button up, pos=(765,493)
7.3233 	DATA 	Mouse: Left button down, pos=(765,493)
7.4257 	DATA 	Mouse:  Left button up, pos=(765,493)
7.5101 	DATA 	Mouse: Left button down, pos=(765,493)
7.5723 	DATA 	Mouse:  Left button up, pos=(765,493)
7.7541 	DATA 	Mouse: Left button down, pos=(523,509)
7.8735 	DATA 	Mouse:  Left button up, pos=(523,509)
8.1014 	DATA 	Mouse: Left button down, pos=(792,505)
8.2061 	DATA 	Mouse:  Left button up, pos=(792,505)
8.3047 	DATA 	Mouse: Left button down, pos=(792,505)
8.4007 	DATA 	Mouse:  Left button up, pos=(792,505)
8.5383 	DATA 	Keypress: escape
9.2318 	EXP 	window1: mouseVisible = True
