3.4349 	WARNING 	User requested fullscreen with size [1024  768], but screen is actually [1920, 1080]. Using actual size
3.7328 	EXP 	Created window1 = Window(allowGUI=True, allowStencil=False, autoLog=True, backendConf=UNKNOWN, backgroundFit=<method-wrapper '__getattribute__' of attributeSetter object at 0x0000026C4F9FB3A0>, backgroundImage=<method-wrapper '__getattribute__' of attributeSetter object at 0x0000026C4F9FB340>, bitsMode=UNKNOWN, blendMode='avg', bpc=(8, 8, 8), color=array([0, 0, 0]), colorSpace='rgb', depthBits=8, fullscr=<method-wrapper '__getattribute__' of attributeSetter object at 0x0000026C4F9FB070>, gamma=None, gammaErrorPolicy='raise', lms=UNKNOWN, monitor=<psychopy.monitors.calibTools.Monitor object at 0x0000026C51916670>, multiSample=False, name='window1', numSamples=2, pos=(0, 0), screen=0, size=array([1920, 1080]), stencilBits=0, stereo=False, units='height', useFBO=True, useRetina=False, viewOri=0.0, viewPos=None, viewScale=None, waitBlanking=True, winType='pyglet')
3.7328 	EXP 	window1: mouseVisible = True
3.7329 	EXP 	window1: backgroundImage = ''
3.7329 	EXP 	window1: backgroundFit = 'none'
3.7329 	EXP 	window1: mouseVisible = False
3.7329 	EXP 	window1: Attempting to measure frame rate of screen (0) ...
3.7329 	EXP 	window1: recordFrameIntervals = False
3.7743 	EXP 	window1: recordFrameIntervals = True
3.8208 	EXP 	Screen (0) actual frame rate measured at 237.38Hz
3.8208 	EXP 	window1: recordFrameIntervals = False
5.2006 	EXP 	window1: mouseVisible = True
5.2007 	EXP 	window1: mouseVisible = True
5.4653 	DATA 	Mouse: Left button down, pos=(872,566)
5.5512 	DATA 	Mouse:  Left button up, pos=(872,566)
6.3359 	DATA 	Mouse: Left button down, pos=(1144,491)
6.3903 	DATA 	Mouse:  Left button up, pos=(1144,491)
6.9339 	DATA 	Mouse: Left button down, pos=(1123,445)
6.9745 	DATA 	Mouse:  Left button up, pos=(1129,443)
7.4806 	DATA 	Mouse: Left button down, pos=(1108,426)
7.5478 	DATA 	Mouse:  Left button up, pos=(1108,426)
7.9762 	DATA 	Mouse: Left button down, pos=(1101,426)
8.3305 	DATA 	Mouse:  Left button up, pos=(1101,426)
8.5683 	DATA 	Mouse: Left button down, pos=(1101,426)
8.8603 	DATA 	Mouse:  Left button up, pos=(1101,426)
9.0771 	DATA 	Mouse: Left button down, pos=(1101,426)
9.2565 	DATA 	Mouse:  Left button up, pos=(1101,426)
9.4291 	DATA 	Mouse: Left button down, pos=(1101,426)
9.5235 	DATA 	Mouse:  Left button up, pos=(1101,426)
9.6403 	DATA 	Mouse: Left button down, pos=(1101,426)
9.7152 	DATA 	Mouse:  Left button up, pos=(1101,426)
9.8071 	DATA 	Mouse: Left button down, pos=(1101,426)
9.8946 	DATA 	Mouse:  Left button up, pos=(1101,426)
10.1873 	DATA 	Keypress: escape
10.6388 	EXP 	window1: mouseVisible = True
