3.7656 	WARNING 	User requested fullscreen with size [1024  768], but screen is actually [1920, 1080]. Using actual size
4.0969 	EXP 	Created window1 = Window(allowGUI=True, allowStencil=False, autoLog=True, backendConf=UNKNOWN, backgroundFit=<method-wrapper '__getattribute__' of attributeSetter object at 0x0000018C24DBC2E0>, backgroundImage=<method-wrapper '__getattribute__' of attributeSetter object at 0x0000018C24DBC280>, bitsMode=UNKNOWN, blendMode='avg', bpc=(8, 8, 8), color=array([0, 0, 0]), colorSpace='rgb', depthBits=8, fullscr=<method-wrapper '__getattribute__' of attributeSetter object at 0x0000018C24DBC0D0>, gamma=None, gammaErrorPolicy='raise', lms=UNKNOWN, monitor=<psychopy.monitors.calibTools.Monitor object at 0x0000018C26CD7580>, multiSample=False, name='window1', numSamples=2, pos=(0, 0), screen=0, size=array([1920, 1080]), stencilBits=0, stereo=False, units='height', useFBO=True, useRetina=False, viewOri=0.0, viewPos=None, viewScale=None, waitBlanking=True, winType='pyglet')
4.0970 	EXP 	window1: mouseVisible = True
4.0970 	EXP 	window1: backgroundImage = ''
4.0970 	EXP 	window1: backgroundFit = 'none'
4.0971 	EXP 	window1: mouseVisible = False
4.0971 	EXP 	window1: Attempting to measure frame rate of screen (0) ...
4.0971 	EXP 	window1: recordFrameIntervals = False
4.1393 	EXP 	window1: recordFrameIntervals = True
4.1853 	EXP 	Screen (0) actual frame rate measured at 239.69Hz
4.1853 	EXP 	window1: recordFrameIntervals = False
5.5594 	EXP 	window1: mouseVisible = True
5.5594 	EXP 	window1: mouseVisible = True
5.8317 	DATA 	Mouse: Left button down, pos=(967,433)
5.9137 	DATA 	Mouse:  Left button up, pos=(967,433)
6.3101 	DATA 	Mouse: Left button down, pos=(769,451)
6.4144 	DATA 	Mouse:  Left button up, pos=(769,451)
6.6064 	DATA 	Mouse: Left button down, pos=(559,475)
6.7164 	DATA 	Mouse:  Left button up, pos=(559,475)
6.9361 	DATA 	Mouse: Left button down, pos=(890,481)
7.0346 	DATA 	Mouse:  Left button up, pos=(890,481)
7.1196 	DATA 	Mouse: Left button down, pos=(890,481)
7.2364 	DATA 	Mouse:  Left button up, pos=(890,481)
7.3956 	DATA 	Keypress: escape
7.9761 	EXP 	window1: mouseVisible = True
