3.4093 	WARNING 	User requested fullscreen with size [1024  768], but screen is actually [1920, 1080]. Using actual size
3.7256 	EXP 	Created window1 = Window(allowGUI=True, allowStencil=False, autoLog=True, backendConf=UNKNOWN, backgroundFit=<method-wrapper '__getattribute__' of attributeSetter object at 0x000001AC4EF23F70>, backgroundImage=<method-wrapper '__getattribute__' of attributeSetter object at 0x000001AC4EF23F10>, bitsMode=UNKNOWN, blendMode='avg', bpc=(8, 8, 8), color=array([0, 0, 0]), colorSpace='rgb', depthBits=8, fullscr=<method-wrapper '__getattribute__' of attributeSetter object at 0x000001AC4EF23C10>, gamma=None, gammaErrorPolicy='raise', lms=UNKNOWN, monitor=<psychopy.monitors.calibTools.Monitor object at 0x000001AC50E472B0>, multiSample=False, name='window1', numSamples=2, pos=(0, 0), screen=0, size=array([1920, 1080]), stencilBits=0, stereo=False, units='height', useFBO=True, useRetina=False, viewOri=0.0, viewPos=None, viewScale=None, waitBlanking=True, winType='pyglet')
3.7257 	EXP 	window1: mouseVisible = True
3.7257 	EXP 	window1: backgroundImage = ''
3.7257 	EXP 	window1: backgroundFit = 'none'
3.7258 	EXP 	window1: mouseVisible = False
3.7258 	EXP 	window1: Attempting to measure frame rate of screen (0) ...
3.7258 	EXP 	window1: recordFrameIntervals = False
3.7673 	EXP 	window1: recordFrameIntervals = True
3.8152 	EXP 	Screen (0) actual frame rate measured at 228.75Hz
3.8152 	EXP 	window1: recordFrameIntervals = False
5.1919 	EXP 	window1: mouseVisible = True
5.1920 	EXP 	window1: mouseVisible = True
5.5013 	DATA 	Mouse: Left button down, pos=(1054,626)
5.5954 	DATA 	Mouse:  Left button up, pos=(1054,626)
5.7917 	DATA 	Mouse: Left button down, pos=(1055,626)
5.9051 	DATA 	Mouse:  Left button up, pos=(1055,626)
6.1070 	DATA 	Mouse: Left button down, pos=(1420,593)
6.2202 	DATA 	Mouse:  Left button up, pos=(1420,593)
6.4031 	DATA 	Mouse: Left button down, pos=(1147,621)
6.5272 	DATA 	Mouse:  Left button up, pos=(1147,621)
6.6521 	DATA 	Keypress: escape
7.1106 	EXP 	window1: mouseVisible = True
