3.3784 	WARNING 	User requested fullscreen with size [1024  768], but screen is actually [1920, 1080]. Using actual size
3.6865 	EXP 	Created window1 = Window(allowGUI=True, allowStencil=False, autoLog=True, backendConf=UNKNOWN, backgroundFit=<method-wrapper '__getattribute__' of attributeSetter object at 0x000002C3BAF3D340>, backgroundImage=<method-wrapper '__getattribute__' of attributeSetter object at 0x000002C3BAF3D2E0>, bitsMode=UNKNOWN, blendMode='avg', bpc=(8, 8, 8), color=array([0, 0, 0]), colorSpace='rgb', depthBits=8, fullscr=<method-wrapper '__getattribute__' of attributeSetter object at 0x000002C3BAF3D040>, gamma=None, gammaErrorPolicy='raise', lms=UNKNOWN, monitor=<psychopy.monitors.calibTools.Monitor object at 0x000002C3BCE57640>, multiSample=False, name='window1', numSamples=2, pos=(0, 0), screen=0, size=array([1920, 1080]), stencilBits=0, stereo=False, units='height', useFBO=True, useRetina=False, viewOri=0.0, viewPos=None, viewScale=None, waitBlanking=True, winType='pyglet')
3.6866 	EXP 	window1: mouseVisible = True
3.6866 	EXP 	window1: backgroundImage = ''
3.6866 	EXP 	window1: backgroundFit = 'none'
3.6867 	EXP 	window1: mouseVisible = False
3.6867 	EXP 	window1: Attempting to measure frame rate of screen (0) ...
3.6867 	EXP 	window1: recordFrameIntervals = False
3.7279 	EXP 	window1: recordFrameIntervals = True
3.7742 	EXP 	Screen (0) actual frame rate measured at 237.60Hz
3.7742 	EXP 	window1: recordFrameIntervals = False
5.1514 	EXP 	window1: mouseVisible = True
5.1514 	EXP 	window1: mouseVisible = True
5.4522 	DATA 	Mouse: Left button down, pos=(802,478)
5.5504 	DATA 	Mouse:  Left button up, pos=(802,478)
5.8880 	DATA 	Mouse: Left button down, pos=(516,493)
5.9988 	DATA 	Mouse:  Left button up, pos=(516,493)
6.1448 	DATA 	Mouse: Left button down, pos=(818,456)
6.2550 	DATA 	Mouse:  Left button up, pos=(818,456)
6.5660 	DATA 	Mouse: Left button down, pos=(818,456)
6.6744 	DATA 	Mouse:  Left button up, pos=(818,456)
6.7663 	DATA 	Mouse: Left button down, pos=(818,456)
6.8764 	DATA 	Mouse:  Left button up, pos=(818,456)
7.0848 	DATA 	Mouse: Left button down, pos=(583,461)
7.2041 	DATA 	Mouse:  Left button up, pos=(583,461)
7.2878 	DATA 	Mouse: Left button down, pos=(583,461)
7.3561 	DATA 	Mouse:  Left button up, pos=(583,461)
7.6640 	DATA 	Mouse: Left button down, pos=(779,432)
7.7720 	DATA 	Mouse:  Left button up, pos=(779,432)
7.8777 	DATA 	Mouse: Left button down, pos=(779,432)
7.9889 	DATA 	Mouse:  Left button up, pos=(779,432)
8.0889 	DATA 	Mouse: Left button down, pos=(779,432)
8.2057 	DATA 	Mouse:  Left button up, pos=(779,432)
8.8314 	DATA 	Mouse: Left button down, pos=(758,423)
8.9356 	DATA 	Mouse:  Left button up, pos=(758,423)
9.1401 	DATA 	Mouse: Left button down, pos=(758,423)
9.2573 	DATA 	Mouse:  Left button up, pos=(758,423)
9.3653 	DATA 	Mouse: Left button down, pos=(758,423)
9.4673 	DATA 	Mouse:  Left button up, pos=(758,423)
9.5885 	DATA 	Keypress: escape
10.0510 	EXP 	window1: mouseVisible = True
