3.3334 	WARNING 	User requested fullscreen with size [1024  768], but screen is actually [1920, 1080]. Using actual size
3.6501 	EXP 	Created window1 = Window(allowGUI=True, allowStencil=False, autoLog=True, backendConf=UNKNOWN, backgroundFit=<method-wrapper '__getattribute__' of attributeSetter object at 0x000002865EDEB250>, backgroundImage=<method-wrapper '__getattribute__' of attributeSetter object at 0x000002865EDEB1F0>, bitsMode=UNKNOWN, blendMode='avg', bpc=(8, 8, 8), color=array([0, 0, 0]), colorSpace='rgb', depthBits=8, fullscr=<method-wrapper '__getattribute__' of attributeSetter object at 0x000002865EDDEF70>, gamma=None, gammaErrorPolicy='raise', lms=UNKNOWN, monitor=<psychopy.monitors.calibTools.Monitor object at 0x0000028660D06550>, multiSample=False, name='window1', numSamples=2, pos=(0, 0), screen=0, size=array([1920, 1080]), stencilBits=0, stereo=False, units='height', useFBO=True, useRetina=False, viewOri=0.0, viewPos=None, viewScale=None, waitBlanking=True, winType='pyglet')
3.6502 	EXP 	window1: mouseVisible = True
3.6502 	EXP 	window1: backgroundImage = ''
3.6502 	EXP 	window1: backgroundFit = 'none'
3.6503 	EXP 	window1: mouseVisible = False
3.6503 	EXP 	window1: Attempting to measure frame rate of screen (0) ...
3.6503 	EXP 	window1: recordFrameIntervals = False
3.6914 	EXP 	window1: recordFrameIntervals = True
3.7373 	EXP 	Screen (0) actual frame rate measured at 239.69Hz
3.7373 	EXP 	window1: recordFrameIntervals = False
5.1129 	EXP 	window1: mouseVisible = True
5.1130 	EXP 	window1: mouseVisible = True
5.3347 	DATA 	Mouse: Left button down, pos=(840,632)
5.4285 	DATA 	Mouse:  Left button up, pos=(838,629)
5.7108 	DATA 	Mouse: Left button down, pos=(1307,490)
5.8273 	DATA 	Mouse:  Left button up, pos=(1313,488)
5.9916 	DATA 	Mouse: Left button down, pos=(1090,509)
6.1000 	DATA 	Mouse:  Left button up, pos=(1090,509)
6.3466 	DATA 	Keypress: escape
7.0242 	EXP 	window1: mouseVisible = True
