10.0943 	WARNING 	User requested fullscreen with size [1024  768], but screen is actually [1920, 1080]. Using actual size
10.4187 	EXP 	Created window1 = Window(allowGUI=True, allowStencil=False, autoLog=True, backendConf=UNKNOWN, backgroundFit=<method-wrapper '__getattribute__' of attributeSetter object at 0x0000020CCE378490>, backgroundImage=<method-wrapper '__getattribute__' of attributeSetter object at 0x0000020CCE378430>, bitsMode=UNKNOWN, blendMode='avg', bpc=(8, 8, 8), color=array([0, 0, 0]), colorSpace='rgb', depthBits=8, fullscr=<method-wrapper '__getattribute__' of attributeSetter object at 0x0000020CCE378160>, gamma=None, gammaErrorPolicy='raise', lms=UNKNOWN, monitor=<psychopy.monitors.calibTools.Monitor object at 0x0000020CD02977F0>, multiSample=False, name='window1', numSamples=2, pos=(0, 0), screen=0, size=array([1920, 1080]), stencilBits=0, stereo=False, units='height', useFBO=True, useRetina=False, viewOri=0.0, viewPos=None, viewScale=None, waitBlanking=True, winType='pyglet')
10.4188 	EXP 	window1: mouseVisible = True
10.4188 	EXP 	window1: backgroundImage = ''
10.4188 	EXP 	window1: backgroundFit = 'none'
10.4189 	EXP 	window1: mouseVisible = False
10.4189 	EXP 	window1: Attempting to measure frame rate of screen (0) ...
10.4189 	EXP 	window1: recordFrameIntervals = False
10.4597 	EXP 	window1: recordFrameIntervals = True
10.5058 	EXP 	Screen (0) actual frame rate measured at 239.42Hz
10.5059 	EXP 	window1: recordFrameIntervals = False
11.8875 	EXP 	window1: mouseVisible = True
11.8875 	EXP 	window1: mouseVisible = True
12.1977 	DATA 	Mouse: Left button down, pos=(845,372)
12.3008 	DATA 	Mouse:  Left button up, pos=(845,372)
12.4816 	DATA 	Mouse: Left button down, pos=(845,372)
12.6055 	DATA 	Mouse:  Left button up, pos=(845,372)
13.0100 	DATA 	Mouse: Left button down, pos=(493,402)
13.1101 	DATA 	Mouse:  Left button up, pos=(493,402)
13.3438 	DATA 	Mouse: Left button down, pos=(835,372)
13.4940 	DATA 	Mouse:  Left button up, pos=(835,372)
13.6163 	DATA 	Mouse: Left button down, pos=(835,372)
13.7376 	DATA 	Mouse:  Left button up, pos=(835,372)
13.8209 	DATA 	Keypress: escape
14.3053 	EXP 	window1: mouseVisible = True
