3.7865 	WARNING 	User requested fullscreen with size [1024  768], but screen is actually [1920, 1080]. Using actual size
4.0876 	EXP 	Created window1 = Window(allowGUI=True, allowStencil=False, autoLog=True, backendConf=UNKNOWN, backgroundFit=<method-wrapper '__getattribute__' of attributeSetter object at 0x000001BFE3333C70>, backgroundImage=<method-wrapper '__getattribute__' of attributeSetter object at 0x000001BFE3333C10>, bitsMode=UNKNOWN, blendMode='avg', bpc=(8, 8, 8), color=array([0, 0, 0]), colorSpace='rgb', depthBits=8, fullscr=<method-wrapper '__getattribute__' of attributeSetter object at 0x000001BFE3333940>, gamma=None, gammaErrorPolicy='raise', lms=UNKNOWN, monitor=<psychopy.monitors.calibTools.Monitor object at 0x000001BFE5255FD0>, multiSample=False, name='window1', numSamples=2, pos=(0, 0), screen=0, size=array([1920, 1080]), stencilBits=0, stereo=False, units='height', useFBO=True, useRetina=False, viewOri=0.0, viewPos=None, viewScale=None, waitBlanking=True, winType='pyglet')
4.0877 	EXP 	window1: mouseVisible = True
4.0877 	EXP 	window1: backgroundImage = ''
4.0877 	EXP 	window1: backgroundFit = 'none'
4.0878 	EXP 	window1: mouseVisible = False
4.0878 	EXP 	window1: Attempting to measure frame rate of screen (0) ...
4.0878 	EXP 	window1: recordFrameIntervals = False
4.1291 	EXP 	window1: recordFrameIntervals = True
4.1758 	EXP 	Screen (0) actual frame rate measured at 235.98Hz
4.1758 	EXP 	window1: recordFrameIntervals = False
5.5544 	EXP 	window1: mouseVisible = True
5.5544 	EXP 	window1: mouseVisible = True
6.0989 	DATA 	Mouse: Left button down, pos=(962,422)
6.2198 	DATA 	Mouse:  Left button up, pos=(962,422)
6.7873 	DATA 	Mouse: Left button down, pos=(1328,454)
6.8931 	DATA 	Mouse:  Left button up, pos=(1328,454)
7.0878 	DATA 	Mouse: Left button down, pos=(1105,434)
7.2000 	DATA 	Mouse:  Left button up, pos=(1105,434)
7.2961 	DATA 	Mouse: Left button down, pos=(1105,434)
7.4216 	DATA 	Mouse:  Left button up, pos=(1105,434)
7.4560 	DATA 	Mouse: Left button down, pos=(1105,434)
7.5881 	DATA 	Mouse:  Left button up, pos=(1105,434)
7.7924 	DATA 	Mouse: Left button down, pos=(756,597)
7.9065 	DATA 	Mouse:  Left button up, pos=(756,597)
7.9967 	DATA 	Mouse: Left button down, pos=(756,597)
8.1051 	DATA 	Mouse:  Left button up, pos=(756,597)
8.2594 	DATA 	Mouse: Left button down, pos=(495,613)
8.4028 	DATA 	Mouse:  Left button up, pos=(495,613)
8.6072 	DATA 	Mouse: Left button down, pos=(815,591)
8.7224 	DATA 	Mouse:  Left button up, pos=(815,591)
8.8072 	DATA 	Mouse: Left button down, pos=(815,591)
8.9077 	DATA 	Mouse:  Left button up, pos=(815,591)
8.9895 	DATA 	Mouse: Left button down, pos=(815,591)
9.1021 	DATA 	Mouse:  Left button up, pos=(815,591)
9.3193 	DATA 	Keypress: escape
9.9809 	EXP 	window1: mouseVisible = True
