3.3827 	WARNING 	User requested fullscreen with size [1024  768], but screen is actually [1920, 1080]. Using actual size
3.6933 	EXP 	Created window1 = Window(allowGUI=True, allowStencil=False, autoLog=True, backendConf=UNKNOWN, backgroundFit=<method-wrapper '__getattribute__' of attributeSetter object at 0x0000021F973EB370>, backgroundImage=<method-wrapper '__getattribute__' of attributeSetter object at 0x0000021F973EB310>, bitsMode=UNKNOWN, blendMode='avg', bpc=(8, 8, 8), color=array([0, 0, 0]), colorSpace='rgb', depthBits=8, fullscr=<method-wrapper '__getattribute__' of attributeSetter object at 0x0000021F973EB040>, gamma=None, gammaErrorPolicy='raise', lms=UNKNOWN, monitor=<psychopy.monitors.calibTools.Monitor object at 0x0000021F993066A0>, multiSample=False, name='window1', numSamples=2, pos=(0, 0), screen=0, size=array([1920, 1080]), stencilBits=0, stereo=False, units='height', useFBO=True, useRetina=False, viewOri=0.0, viewPos=None, viewScale=None, waitBlanking=True, winType='pyglet')
3.6934 	EXP 	window1: mouseVisible = True
3.6934 	EXP 	window1: backgroundImage = ''
3.6934 	EXP 	window1: backgroundFit = 'none'
3.6935 	EXP 	window1: mouseVisible = False
3.6935 	EXP 	window1: Attempting to measure frame rate of screen (0) ...
3.6935 	EXP 	window1: recordFrameIntervals = False
3.7363 	EXP 	window1: recordFrameIntervals = True
3.7827 	EXP 	Screen (0) actual frame rate measured at 237.62Hz
3.7827 	EXP 	window1: recordFrameIntervals = False
5.1613 	EXP 	window1: mouseVisible = True
5.1614 	EXP 	window1: mouseVisible = True
5.3953 	DATA 	Mouse: Left button down, pos=(891,416)
5.4927 	DATA 	Mouse:  Left button up, pos=(891,416)
5.8824 	DATA 	Mouse: Left button down, pos=(1217,396)
5.9950 	DATA 	Mouse:  Left button up, pos=(1217,396)
6.1826 	DATA 	Mouse: Left button down, pos=(1354,406)
6.2744 	DATA 	Mouse:  Left button up, pos=(1355,406)
6.4412 	DATA 	Mouse: Left button down, pos=(1099,423)
6.5414 	DATA 	Mouse:  Left button up, pos=(1099,423)
6.6122 	DATA 	Mouse: Left button down, pos=(1099,423)
6.7142 	DATA 	Mouse:  Left button up, pos=(1099,423)
6.8128 	DATA 	Keypress: escape
7.5709 	EXP 	window1: mouseVisible = True
