3.5362 	WARNING 	User requested fullscreen with size [1024  768], but screen is actually [1920, 1080]. Using actual size
3.8529 	EXP 	Created window1 = Window(allowGUI=True, allowStencil=False, autoLog=True, backendConf=UNKNOWN, backgroundFit=<method-wrapper '__getattribute__' of attributeSetter object at 0x000001E15FCAB310>, backgroundImage=<method-wrapper '__getattribute__' of attributeSetter object at 0x000001E15FCAB2B0>, bitsMode=UNKNOWN, blendMode='avg', bpc=(8, 8, 8), color=array([0, 0, 0]), colorSpace='rgb', depthBits=8, fullscr=<method-wrapper '__getattribute__' of attributeSetter object at 0x000001E15FCAB040>, gamma=None, gammaErrorPolicy='raise', lms=UNKNOWN, monitor=<psychopy.monitors.calibTools.Monitor object at 0x000001E161BC65E0>, multiSample=False, name='window1', numSamples=2, pos=(0, 0), screen=0, size=array([1920, 1080]), stencilBits=0, stereo=False, units='height', useFBO=True, useRetina=False, viewOri=0.0, viewPos=None, viewScale=None, waitBlanking=True, winType='pyglet')
3.8529 	EXP 	window1: mouseVisible = True
3.8529 	EXP 	window1: backgroundImage = ''
3.8530 	EXP 	window1: backgroundFit = 'none'
3.8530 	EXP 	window1: mouseVisible = False
3.8530 	EXP 	window1: Attempting to measure frame rate of screen (0) ...
3.8530 	EXP 	window1: recordFrameIntervals = False
3.8939 	EXP 	window1: recordFrameIntervals = True
3.9399 	EXP 	Screen (0) actual frame rate measured at 239.60Hz
3.9400 	EXP 	window1: recordFrameIntervals = False
5.3029 	EXP 	window1: mouseVisible = True
5.3030 	EXP 	window1: mouseVisible = True
5.7586 	DATA 	Mouse: Left button down, pos=(876,538)
5.8715 	DATA 	Mouse:  Left button up, pos=(876,538)
6.1484 	DATA 	Mouse: Left button down, pos=(903,482)
6.2468 	DATA 	Mouse:  Left button up, pos=(903,482)
7.0659 	DATA 	Mouse: Left button down, pos=(1184,481)
7.1602 	DATA 	Mouse:  Left button up, pos=(1184,481)
7.6150 	DATA 	Mouse: Left button down, pos=(1181,501)
7.6875 	DATA 	Mouse:  Left button up, pos=(1181,501)
8.0917 	DATA 	Mouse: Left button down, pos=(1135,521)
8.1801 	DATA 	Mouse:  Left button up, pos=(1135,521)
8.6308 	DATA 	Mouse: Left button down, pos=(1165,515)
8.7086 	DATA 	Mouse:  Left button up, pos=(1165,515)
9.2327 	DATA 	Mouse: Left button down, pos=(1097,448)
9.3286 	DATA 	Mouse:  Left button up, pos=(1097,448)
9.4124 	DATA 	Mouse: Left button down, pos=(1097,448)
9.5027 	DATA 	Mouse:  Left button up, pos=(1097,448)
9.5961 	DATA 	Mouse: Left button down, pos=(1097,448)
9.6862 	DATA 	Mouse:  Left button up, pos=(1097,448)
10.0803 	DATA 	Mouse: Left button down, pos=(1103,437)
10.1953 	DATA 	Mouse:  Left button up, pos=(1103,437)
10.4680 	DATA 	Keypress: escape
11.2191 	EXP 	window1: mouseVisible = True
