3.5562 	WARNING 	User requested fullscreen with size [1024  768], but screen is actually [1920, 1080]. Using actual size
3.8517 	EXP 	Created window1 = Window(allowGUI=True, allowStencil=False, autoLog=True, backendConf=UNKNOWN, backgroundFit=<method-wrapper '__getattribute__' of attributeSetter object at 0x000001A0265E1190>, backgroundImage=<method-wrapper '__getattribute__' of attributeSetter object at 0x000001A0265E1130>, bitsMode=UNKNOWN, blendMode='avg', bpc=(8, 8, 8), color=array([0, 0, 0]), colorSpace='rgb', depthBits=8, fullscr=<method-wrapper '__getattribute__' of attributeSetter object at 0x000001A0265CEEB0>, gamma=None, gammaErrorPolicy='raise', lms=UNKNOWN, monitor=<psychopy.monitors.calibTools.Monitor object at 0x000001A0284F64F0>, multiSample=False, name='window1', numSamples=2, pos=(0, 0), screen=0, size=array([1920, 1080]), stencilBits=0, stereo=False, units='height', useFBO=True, useRetina=False, viewOri=0.0, viewPos=None, viewScale=None, waitBlanking=True, winType='pyglet')
3.8518 	EXP 	window1: mouseVisible = True
3.8518 	EXP 	window1: backgroundImage = ''
3.8518 	EXP 	window1: backgroundFit = 'none'
3.8518 	EXP 	window1: mouseVisible = False
3.8519 	EXP 	window1: Attempting to measure frame rate of screen (0) ...
3.8519 	EXP 	window1: recordFrameIntervals = False
3.8935 	EXP 	window1: recordFrameIntervals = True
3.9394 	EXP 	Screen (0) actual frame rate measured at 239.76Hz
3.9395 	EXP 	window1: recordFrameIntervals = False
5.3128 	EXP 	window1: mouseVisible = True
5.3129 	EXP 	window1: mouseVisible = True
5.6061 	DATA 	Mouse: Left button down, pos=(1060,419)
5.6770 	DATA 	Mouse:  Left button up, pos=(1060,419)
5.8498 	DATA 	Mouse: Left button down, pos=(1060,419)
5.9575 	DATA 	Mouse:  Left button up, pos=(1060,419)
6.4245 	DATA 	Mouse: Left button down, pos=(1060,419)
6.5056 	DATA 	Mouse:  Left button up, pos=(1060,419)
6.8257 	DATA 	Mouse: Left button down, pos=(1060,419)
6.9269 	DATA 	Mouse:  Left button up, pos=(1060,419)
7.2884 	DATA 	Mouse: Left button down, pos=(1423,450)
7.3885 	DATA 	Mouse:  Left button up, pos=(1423,450)
7.6592 	DATA 	Mouse: Left button down, pos=(1135,443)
7.7384 	DATA 	Mouse:  Left button up, pos=(1135,443)
8.1555 	DATA 	Mouse: Left button down, pos=(1135,443)
8.2532 	DATA 	Mouse:  Left button up, pos=(1135,443)
8.5768 	DATA 	Mouse: Left button down, pos=(1135,443)
8.6894 	DATA 	Mouse:  Left button up, pos=(1135,443)
9.0231 	DATA 	Mouse: Left button down, pos=(1135,443)
9.1190 	DATA 	Mouse:  Left button up, pos=(1135,443)
9.6362 	DATA 	Mouse: Left button down, pos=(1135,443)
9.6905 	DATA 	Mouse:  Left button up, pos=(1135,443)
10.5414 	DATA 	Mouse: Left button down, pos=(1147,423)
10.5899 	DATA 	Mouse:  Left button up, pos=(1148,423)
11.1005 	DATA 	Mouse: Left button down, pos=(1110,423)
11.1604 	DATA 	Mouse:  Left button up, pos=(1110,423)
11.6550 	DATA 	Mouse: Left button down, pos=(1116,419)
11.6884 	DATA 	Mouse:  Left button up, pos=(1116,419)
12.1319 	DATA 	Mouse: Left button down, pos=(1039,447)
12.1808 	DATA 	Mouse:  Left button up, pos=(1069,443)
12.5934 	DATA 	Mouse: Left button down, pos=(1086,438)
12.6495 	DATA 	Mouse:  Left button up, pos=(1118,436)
13.9217 	DATA 	Mouse: Left button down, pos=(1162,381)
14.8295 	DATA 	Mouse:  Left button up, pos=(1162,381)
15.2073 	DATA 	Mouse: Left button down, pos=(1162,381)
15.9872 	DATA 	Mouse:  Left button up, pos=(1162,381)
16.2337 	DATA 	Mouse: Left button down, pos=(1162,381)
16.6365 	DATA 	Mouse:  Left button up, pos=(1162,381)
16.9352 	DATA 	Mouse: Left button down, pos=(1162,381)
17.2056 	DATA 	Mouse:  Left button up, pos=(1162,381)
17.8416 	DATA 	Mouse: Left button down, pos=(1023,389)
17.8918 	DATA 	Mouse:  Left button up, pos=(1025,389)
18.7575 	DATA 	Mouse: Left button down, pos=(961,353)
18.8770 	DATA 	Mouse:  Left button up, pos=(961,353)
19.3208 	DATA 	Mouse: Left button down, pos=(896,378)
19.6534 	DATA 	Mouse:  Left button up, pos=(896,378)
20.0397 	DATA 	Mouse: Left button down, pos=(863,400)
20.2736 	DATA 	Mouse:  Left button up, pos=(863,400)
20.6714 	DATA 	Mouse: Left button down, pos=(866,431)
20.7699 	DATA 	Mouse:  Left button up, pos=(866,431)
20.8658 	DATA 	Mouse: Left button down, pos=(866,431)
20.9597 	DATA 	Mouse:  Left button up, pos=(866,431)
21.0467 	DATA 	Mouse: Left button down, pos=(866,431)
21.1347 	DATA 	Mouse:  Left button up, pos=(866,431)
21.2221 	DATA 	Mouse: Left button down, pos=(866,431)
21.3164 	DATA 	Mouse:  Left button up, pos=(866,431)
21.3874 	DATA 	Mouse: Left button down, pos=(866,431)
21.4812 	DATA 	Mouse:  Left button up, pos=(866,431)
21.8670 	DATA 	Mouse: Left button down, pos=(832,407)
21.9841 	DATA 	Mouse:  Left button up, pos=(832,407)
22.0505 	DATA 	Mouse: Left button down, pos=(832,407)
22.1257 	DATA 	Mouse:  Left button up, pos=(832,407)
22.3026 	DATA 	Keypress: escape
22.7398 	EXP 	window1: mouseVisible = True
