3.5305 	WARNING 	User requested fullscreen with size [1024  768], but screen is actually [1920, 1080]. Using actual size
3.8498 	EXP 	Created window1 = Window(allowGUI=True, allowStencil=False, autoLog=True, backendConf=UNKNOWN, backgroundFit=<method-wrapper '__getattribute__' of attributeSetter object at 0x0000028E7FC57400>, backgroundImage=<method-wrapper '__getattribute__' of attributeSetter object at 0x0000028E7FC573A0>, bitsMode=UNKNOWN, blendMode='avg', bpc=(8, 8, 8), color=array([0, 0, 0]), colorSpace='rgb', depthBits=8, fullscr=<method-wrapper '__getattribute__' of attributeSetter object at 0x0000028E7FC570D0>, gamma=None, gammaErrorPolicy='raise', lms=UNKNOWN, monitor=<psychopy.monitors.calibTools.Monitor object at 0x0000028E01BD8700>, multiSample=False, name='window1', numSamples=2, pos=(0, 0), screen=0, size=array([1920, 1080]), stencilBits=0, stereo=False, units='height', useFBO=True, useRetina=False, viewOri=0.0, viewPos=None, viewScale=None, waitBlanking=True, winType='pyglet')
3.8499 	EXP 	window1: mouseVisible = True
3.8499 	EXP 	window1: backgroundImage = ''
3.8499 	EXP 	window1: backgroundFit = 'none'
3.8500 	EXP 	window1: mouseVisible = False
3.8500 	EXP 	window1: Attempting to measure frame rate of screen (0) ...
3.8500 	EXP 	window1: recordFrameIntervals = False
3.8919 	EXP 	window1: recordFrameIntervals = True
3.9381 	EXP 	Screen (0) actual frame rate measured at 239.74Hz
3.9382 	EXP 	window1: recordFrameIntervals = False
5.3156 	EXP 	window1: mouseVisible = True
5.3157 	EXP 	window1: mouseVisible = True
5.6629 	DATA 	Mouse: Left button down, pos=(520,433)
5.7476 	DATA 	Mouse:  Left button up, pos=(526,430)
5.8971 	DATA 	Mouse: Left button down, pos=(892,454)
5.9978 	DATA 	Mouse:  Left button up, pos=(892,454)
6.2624 	DATA 	Mouse: Left button down, pos=(932,414)
6.3667 	DATA 	Mouse:  Left button up, pos=(932,414)
6.4975 	DATA 	Mouse: Left button down, pos=(932,414)
6.5734 	DATA 	Mouse:  Left button up, pos=(932,414)
6.6631 	DATA 	Mouse: Left button down, pos=(932,414)
6.7342 	DATA 	Mouse:  Left button up, pos=(932,414)
6.8049 	DATA 	Mouse: Left button down, pos=(932,414)
6.9133 	DATA 	Mouse:  Left button up, pos=(932,414)
7.0846 	DATA 	Keypress: escape
7.7209 	EXP 	window1: mouseVisible = True
