7.1315 	EXP 	Created window1 = Window(allowGUI=True, allowStencil=False, autoLog=True, backendConf=UNKNOWN, bitsMode=UNKNOWN, blendMode='avg', bpc=(8, 8, 8), color=array([0, 0, 0]), colorSpace='rgb', depthBits=8, fullscr=<method-wrapper '__getattribute__' of attributeSetter object at 0x000002D4037557C0>, gamma=None, gammaErrorPolicy='raise', lms=UNKNOWN, monitor=<psychopy.monitors.calibTools.Monitor object at 0x000002D4056128E0>, multiSample=False, name='window1', numSamples=2, pos=(0, 0), screen=0, size=array([1920, 1080]), stencilBits=0, stereo=False, units='height', useFBO=True, useRetina=False, viewOri=0.0, viewPos=None, viewScale=None, waitBlanking=True, winType='pyglet')
7.1316 	EXP 	window1: mouseVisible = True
7.1317 	EXP 	window1: mouseVisible = False
7.1317 	EXP 	window1: Attempting to measure frame rate of screen (0) ...
7.1317 	EXP 	window1: recordFrameIntervals = False
7.1731 	EXP 	window1: recordFrameIntervals = True
7.2190 	EXP 	Screen (0) actual frame rate measured at 240.24Hz
7.2191 	EXP 	window1: recordFrameIntervals = False
8.4627 	EXP 	window1: mouseVisible = True
8.4852 	EXP 	Created slider = Slider(__class__=<class 'psychopy.visual.slider.Slider'>, autoDraw=False, autoLog=True, borderColor=None, color=None, colorSpace='rgb', depth=0, fillColor=None, flip=False, font='Open Sans', granularity=0.0, labelColor=None, labelHeight=0.05, labelWrapWidth=None, labels=None, lineColor=None, markerColor=None, name='slider', opacity=None, ori=0.0, pos=array([ 0. , -0.4]), readOnly=False, self=UNKNOWN, size=array([1. , 0.1]), startValue=None, style='rating', styleTweaks=[], ticks=array([1, 2, 3, 4, 5]), units='height', win=Window(...))
8.5499 	EXP 	Created text = TextStim(__class__=<class 'psychopy.visual.text.TextStim'>, alignHoriz=method-wrapper(...), alignText='center', alignVert=method-wrapper(...), anchorHoriz='center', anchorVert='center', antialias=True, autoDraw=False, autoLog=True, bold=False, color=array([1., 1., 1.]), colorSpace='rgb', contrast=1.0, depth=-2.0, flipHoriz=False, flipVert=False, font='Open Sans', fontFiles=[], height=0.05, italic=False, languageStyle='LTR', name='text', opacity=1.0, ori=0.0, pos=array([0., 0.]), rgb=UNKNOWN, text=str(...), units='height', win=Window(...), wrapWidth=1)
8.5626 	EXP 	slider: autoLog = True
8.5626 	EXP 	slider: markerPos = None
8.5626 	EXP 	slider: styleTweaks = []
8.5626 	EXP 	slider: styleTweaks = []
8.5626 	EXP 	slider: styleTweaks = []
8.5626 	EXP 	slider: styleTweaks = []
8.5626 	EXP 	slider: contrast = 1.0
8.5626 	EXP 	slider: autoLog = True
8.5626 	EXP 	slider: markerPos = None
8.5626 	EXP 	slider: markerPos = None
8.5626 	EXP 	slider: autoDraw = True
8.5626 	EXP 	text: autoDraw = True
9.4290 	DATA 	Keypress: space
10.0168 	DATA 	Mouse: Left button down, pos=(1143,125)
10.0219 	EXP 	slider: markerPos = 3.677777777777778
10.0261 	EXP 	slider: markerPos = 3.677777777777778
10.0305 	EXP 	slider: markerPos = 3.677777777777778
10.0358 	EXP 	slider: markerPos = 3.677777777777778
10.0412 	EXP 	slider: markerPos = 3.677777777777778
10.0453 	EXP 	slider: markerPos = 3.677777777777778
10.0495 	EXP 	slider: markerPos = 3.677777777777778
10.0537 	EXP 	slider: markerPos = 3.677777777777778
10.0578 	EXP 	slider: markerPos = 3.677777777777778
10.0620 	EXP 	slider: markerPos = 3.677777777777778
10.0662 	EXP 	slider: markerPos = 3.677777777777778
10.0703 	EXP 	slider: markerPos = 3.677777777777778
10.0745 	EXP 	slider: markerPos = 3.677777777777778
10.0787 	EXP 	slider: markerPos = 3.677777777777778
10.0829 	EXP 	slider: markerPos = 3.677777777777778
10.0871 	EXP 	slider: markerPos = 3.677777777777778
10.0912 	EXP 	slider: markerPos = 3.677777777777778
10.0954 	EXP 	slider: markerPos = 3.677777777777778
10.0995 	EXP 	slider: markerPos = 3.6703703703703705
10.1037 	EXP 	slider: markerPos = 3.6703703703703705
10.1079 	EXP 	slider: markerPos = 3.6703703703703705
10.1125 	EXP 	slider: markerPos = 3.6666666666666665
10.1168 	EXP 	slider: markerPos = 3.6555555555555554
10.1210 	EXP 	slider: markerPos = 3.648148148148148
10.1252 	EXP 	slider: markerPos = 3.637037037037037
10.1307 	EXP 	slider: markerPos = 3.6222222222222222
10.1349 	EXP 	slider: markerPos = 3.6037037037037036
10.1390 	EXP 	slider: markerPos = 3.588888888888889
10.1437 	EXP 	slider: markerPos = 3.5592592592592593
10.1478 	EXP 	slider: markerPos = 3.5444444444444443
10.1520 	EXP 	slider: markerPos = 3.533333333333333
10.1562 	EXP 	slider: markerPos = 3.514814814814815
10.1604 	EXP 	slider: markerPos = 3.5037037037037035
10.1646 	EXP 	slider: markerPos = 3.488888888888889
10.1688 	EXP 	slider: markerPos = 3.477777777777778
10.1730 	EXP 	slider: markerPos = 3.466666666666667
10.1774 	EXP 	slider: markerPos = 3.4555555555555557
10.1816 	EXP 	slider: markerPos = 3.4444444444444446
10.1857 	EXP 	slider: markerPos = 3.437037037037037
10.1899 	EXP 	slider: markerPos = 3.437037037037037
10.1941 	EXP 	slider: markerPos = 3.4333333333333336
10.1982 	EXP 	slider: markerPos = 3.425925925925926
10.2024 	EXP 	slider: markerPos = 3.425925925925926
10.2066 	EXP 	slider: markerPos = 3.425925925925926
10.2108 	EXP 	slider: markerPos = 3.425925925925926
10.2149 	EXP 	slider: markerPos = 3.425925925925926
10.2191 	EXP 	slider: markerPos = 3.425925925925926
10.2233 	EXP 	slider: markerPos = 3.425925925925926
10.2276 	EXP 	slider: markerPos = 3.425925925925926
10.2318 	EXP 	slider: markerPos = 3.425925925925926
10.2359 	EXP 	slider: markerPos = 3.425925925925926
10.2401 	EXP 	slider: markerPos = 3.425925925925926
10.2443 	EXP 	slider: markerPos = 3.425925925925926
10.2485 	EXP 	slider: markerPos = 3.425925925925926
10.2526 	EXP 	slider: markerPos = 3.425925925925926
10.2568 	EXP 	slider: markerPos = 3.425925925925926
10.2609 	EXP 	slider: markerPos = 3.425925925925926
10.2651 	EXP 	slider: markerPos = 3.425925925925926
10.2709 	EXP 	slider: markerPos = 3.425925925925926
10.2753 	EXP 	slider: markerPos = 3.422222222222222
10.2795 	EXP 	slider: markerPos = 3.422222222222222
10.2836 	EXP 	slider: markerPos = 3.422222222222222
10.2881 	EXP 	slider: markerPos = 3.422222222222222
10.2923 	EXP 	slider: markerPos = 3.422222222222222
10.2966 	EXP 	slider: markerPos = 3.422222222222222
10.3007 	EXP 	slider: markerPos = 3.422222222222222
10.3050 	EXP 	slider: markerPos = 3.422222222222222
10.3092 	EXP 	slider: markerPos = 3.422222222222222
10.3133 	EXP 	slider: markerPos = 3.422222222222222
10.3182 	EXP 	slider: markerPos = 3.422222222222222
10.3229 	EXP 	slider: markerPos = 3.422222222222222
10.3269 	EXP 	slider: markerPos = 3.422222222222222
10.3311 	EXP 	slider: markerPos = 3.422222222222222
10.3352 	EXP 	slider: markerPos = 3.422222222222222
10.3395 	DATA 	Mouse:  Left button up, pos=(1074,124)
10.3400 	EXP 	slider: markerPos = 3.422222222222222
10.3441 	EXP 	slider: markerPos = 3.422222222222222
10.7078 	DATA 	Mouse: Left button down, pos=(783,125)
10.7125 	EXP 	slider: markerPos = 2.3444444444444446
10.7166 	EXP 	slider: markerPos = 2.3444444444444446
10.7208 	EXP 	slider: markerPos = 2.3444444444444446
10.7253 	EXP 	slider: markerPos = 2.3444444444444446
10.7295 	EXP 	slider: markerPos = 2.3444444444444446
10.7338 	EXP 	slider: markerPos = 2.3444444444444446
10.7397 	EXP 	slider: markerPos = 2.3444444444444446
10.7441 	EXP 	slider: markerPos = 2.337037037037037
10.7485 	EXP 	slider: markerPos = 2.3333333333333335
10.7528 	EXP 	slider: markerPos = 2.325925925925926
10.7570 	EXP 	slider: markerPos = 2.314814814814815
10.7612 	EXP 	slider: markerPos = 2.311111111111111
10.7654 	EXP 	slider: markerPos = 2.3
10.7706 	EXP 	slider: markerPos = 2.2925925925925927
10.7750 	EXP 	slider: markerPos = 2.2777777777777777
10.7792 	EXP 	slider: markerPos = 2.2666666666666666
10.7834 	EXP 	slider: markerPos = 2.2592592592592595
10.7881 	EXP 	slider: markerPos = 2.2444444444444445
10.7923 	EXP 	slider: markerPos = 2.2333333333333334
10.7968 	EXP 	slider: markerPos = 2.2222222222222223
10.8024 	EXP 	slider: markerPos = 2.2111111111111112
10.8071 	EXP 	slider: markerPos = 2.188888888888889
10.8119 	EXP 	slider: markerPos = 2.1703703703703705
10.8161 	EXP 	slider: markerPos = 2.1555555555555554
10.8204 	EXP 	slider: markerPos = 2.137037037037037
10.8246 	EXP 	slider: markerPos = 2.1222222222222222
10.8289 	EXP 	slider: markerPos = 2.1
10.8337 	EXP 	slider: markerPos = 2.0814814814814815
10.8384 	EXP 	slider: markerPos = 2.0592592592592593
10.8425 	EXP 	slider: markerPos = 2.037037037037037
10.8467 	EXP 	slider: markerPos = 2.022222222222222
10.8509 	EXP 	slider: markerPos = 2.011111111111111
10.8550 	EXP 	slider: markerPos = 1.9925925925925927
10.8594 	EXP 	slider: markerPos = 1.9777777777777779
10.8648 	EXP 	slider: markerPos = 1.9592592592592593
10.8691 	EXP 	slider: markerPos = 1.9481481481481482
10.8732 	EXP 	slider: markerPos = 1.9444444444444444
10.8778 	EXP 	slider: markerPos = 1.9333333333333333
10.8820 	EXP 	slider: markerPos = 1.9259259259259258
10.8862 	EXP 	slider: markerPos = 1.9259259259259258
10.8904 	EXP 	slider: markerPos = 1.9222222222222223
10.8946 	EXP 	slider: markerPos = 1.9222222222222223
10.8987 	EXP 	slider: markerPos = 1.9222222222222223
10.9029 	EXP 	slider: markerPos = 1.9222222222222223
10.9070 	EXP 	slider: markerPos = 1.9222222222222223
10.9124 	EXP 	slider: markerPos = 1.9222222222222223
10.9167 	EXP 	slider: markerPos = 1.9222222222222223
10.9208 	EXP 	slider: markerPos = 1.9222222222222223
10.9250 	EXP 	slider: markerPos = 1.9222222222222223
10.9295 	EXP 	slider: markerPos = 1.9222222222222223
10.9337 	EXP 	slider: markerPos = 1.9222222222222223
10.9383 	EXP 	slider: markerPos = 1.9222222222222223
10.9425 	EXP 	slider: markerPos = 1.9222222222222223
10.9466 	DATA 	Mouse:  Left button up, pos=(669,116)
10.9471 	EXP 	slider: markerPos = 1.9222222222222223
10.9512 	EXP 	slider: markerPos = 1.9222222222222223
11.1562 	DATA 	Keypress: space
11.2515 	EXP 	slider: autoDraw = False
11.2515 	EXP 	text: autoDraw = False
11.3235 	EXP 	window1: mouseVisible = True
