3.2388 	WARNING 	User requested fullscreen with size [1024  768], but screen is actually [1920, 1080]. Using actual size
3.5310 	EXP 	Created window1 = Window(allowGUI=True, allowStencil=False, autoLog=True, backendConf=UNKNOWN, backgroundFit=<method-wrapper '__getattribute__' of attributeSetter object at 0x000001F37963B3D0>, backgroundImage=<method-wrapper '__getattribute__' of attributeSetter object at 0x000001F37963B370>, bitsMode=UNKNOWN, blendMode='avg', bpc=(8, 8, 8), color=array([0, 0, 0]), colorSpace='rgb', depthBits=8, fullscr=<method-wrapper '__getattribute__' of attributeSetter object at 0x000001F37963B0A0>, gamma=None, gammaErrorPolicy='raise', lms=UNKNOWN, monitor=<psychopy.monitors.calibTools.Monitor object at 0x000001F37B5596A0>, multiSample=False, name='window1', numSamples=2, pos=(0, 0), screen=0, size=array([1920, 1080]), stencilBits=0, stereo=False, units='height', useFBO=True, useRetina=False, viewOri=0.0, viewPos=None, viewScale=None, waitBlanking=True, winType='pyglet')
3.5310 	EXP 	window1: mouseVisible = True
3.5310 	EXP 	window1: backgroundImage = ''
3.5311 	EXP 	window1: backgroundFit = 'none'
3.5311 	EXP 	window1: mouseVisible = False
3.5311 	EXP 	window1: Attempting to measure frame rate of screen (0) ...
3.5311 	EXP 	window1: recordFrameIntervals = False
3.5724 	EXP 	window1: recordFrameIntervals = True
3.6183 	EXP 	Screen (0) actual frame rate measured at 239.87Hz
3.6183 	EXP 	window1: recordFrameIntervals = False
4.8433 	EXP 	window1: mouseVisible = True
4.8655 	EXP 	Created slider = Slider(__class__=<class 'psychopy.visual.slider.Slider'>, autoDraw=False, autoLog=True, borderColor=None, color=None, colorSpace='rgb', depth=0, fillColor=None, flip=False, font='Open Sans', granularity=0.0, labelColor=None, labelHeight=0.05, labelWrapWidth=None, labels=None, lineColor=None, markerColor=None, name='slider', opacity=None, ori=0.0, pos=array([ 0. , -0.4]), readOnly=False, self=UNKNOWN, size=array([1. , 0.1]), startValue=None, style='rating', styleTweaks=[], ticks=array([1, 2, 3, 4, 5]), units='height', win=Window(...))
4.8780 	EXP 	slider: autoLog = True
4.8780 	EXP 	slider: markerPos = None
4.8780 	EXP 	slider: styleTweaks = []
4.8780 	EXP 	slider: styleTweaks = []
4.8780 	EXP 	slider: styleTweaks = []
4.8780 	EXP 	slider: styleTweaks = []
4.8780 	EXP 	slider: contrast = 1.0
4.8780 	EXP 	slider: autoLog = True
4.8780 	EXP 	slider: markerPos = None
4.8780 	EXP 	slider: markerPos = None
4.8780 	EXP 	slider: autoDraw = True
5.1534 	DATA 	Keypress: space
5.6091 	DATA 	Keypress: space
6.0321 	DATA 	Keypress: escape
6.3004 	EXP 	window1: mouseVisible = True
