6.7533 	WARNING 	User requested fullscreen with size [1024  768], but screen is actually [1920, 1080]. Using actual size
7.0773 	EXP 	Created window1 = Window(allowGUI=True, allowStencil=False, autoLog=True, backendConf=UNKNOWN, backgroundFit=<method-wrapper '__getattribute__' of attributeSetter object at 0x000001D634CB5F40>, backgroundImage=<method-wrapper '__getattribute__' of attributeSetter object at 0x000001D634CB5EE0>, bitsMode=UNKNOWN, blendMode='avg', bpc=(8, 8, 8), color=array([0, 0, 0]), colorSpace='rgb', depthBits=8, fullscr=<method-wrapper '__getattribute__' of attributeSetter object at 0x000001D634CB5BE0>, gamma=None, gammaErrorPolicy='raise', lms=UNKNOWN, monitor=<psychopy.monitors.calibTools.Monitor object at 0x000001D636BD7220>, multiSample=False, name='window1', numSamples=2, pos=(0, 0), screen=0, size=array([1920, 1080]), stencilBits=0, stereo=False, units='height', useFBO=True, useRetina=False, viewOri=0.0, viewPos=None, viewScale=None, waitBlanking=True, winType='pyglet')
7.0775 	EXP 	window1: mouseVisible = True
7.0775 	EXP 	window1: backgroundImage = ''
7.0775 	EXP 	window1: backgroundFit = 'none'
7.0775 	EXP 	window1: mouseVisible = False
7.0775 	EXP 	window1: Attempting to measure frame rate of screen (0) ...
7.0776 	EXP 	window1: recordFrameIntervals = False
7.1203 	EXP 	window1: recordFrameIntervals = True
7.1662 	EXP 	Screen (0) actual frame rate measured at 240.69Hz
7.1663 	EXP 	window1: recordFrameIntervals = False
8.3955 	EXP 	window1: mouseVisible = True
8.4176 	EXP 	Created slider = Slider(__class__=<class 'psychopy.visual.slider.Slider'>, autoDraw=False, autoLog=True, borderColor=None, color=None, colorSpace='rgb', depth=0, fillColor=None, flip=False, font='Open Sans', granularity=0.0, labelColor=None, labelHeight=0.05, labelWrapWidth=None, labels=None, lineColor=None, markerColor=None, name='slider', opacity=None, ori=0.0, pos=array([ 0. , -0.4]), readOnly=False, self=UNKNOWN, size=array([1. , 0.1]), startValue=None, style='rating', styleTweaks=[], ticks=array([1, 2, 3, 4, 5]), units='height', win=Window(...))
8.4831 	EXP 	Created text = TextStim(__class__=<class 'psychopy.visual.text.TextStim'>, alignHoriz=method-wrapper(...), alignText='center', alignVert=method-wrapper(...), anchorHoriz='center', anchorVert='center', antialias=True, autoDraw=False, autoLog=True, bold=False, color=array([1., 1., 1.]), colorSpace='rgb', contrast=1.0, depth=-2.0, flipHoriz=False, flipVert=False, font='Open Sans', fontFiles=[], height=0.05, italic=False, languageStyle='LTR', name='text', opacity=1.0, ori=0.0, pos=array([0., 0.]), rgb=UNKNOWN, text=str(...), units='height', win=Window(...), wrapWidth=1)
8.4930 	EXP 	slider: autoLog = True
8.4930 	EXP 	slider: markerPos = None
8.4930 	EXP 	slider: styleTweaks = []
8.4930 	EXP 	slider: styleTweaks = []
8.4930 	EXP 	slider: styleTweaks = []
8.4930 	EXP 	slider: styleTweaks = []
8.4930 	EXP 	slider: contrast = 1.0
8.4930 	EXP 	slider: autoLog = True
8.4930 	EXP 	slider: markerPos = None
8.4930 	EXP 	slider: markerPos = None
8.4930 	EXP 	slider: autoDraw = True
8.4930 	EXP 	text: autoDraw = True
9.4758 	DATA 	Keypress: space
9.4775 	EXP 	slider: autoDraw = False
9.4775 	EXP 	text: autoDraw = False
9.5293 	EXP 	window1: mouseVisible = True
