1.2553 	ERROR 	Support for the `sounddevice` audio backend is not available this session. Please install `psychopy-sounddevice` and restart the session to enable support.
4.7486 	WARNING 	User requested fullscreen with size [1024  768], but screen is actually [1920, 1080]. Using actual size
5.0519 	EXP 	Created window1 = Window(allowGUI=True, allowStencil=False, autoLog=True, backendConf=UNKNOWN, backgroundFit=<method-wrapper '__getattribute__' of attributeSetter object at 0x000001B8D1E91130>, backgroundImage=<method-wrapper '__getattribute__' of attributeSetter object at 0x000001B8D1E910D0>, bitsMode=UNKNOWN, blendMode='avg', bpc=(8, 8, 8), color=array([0, 0, 0]), colorSpace='rgb', depthBits=8, fullscr=<method-wrapper '__getattribute__' of attributeSetter object at 0x000001B8D1E83DF0>, gamma=None, gammaErrorPolicy='raise', lms=UNKNOWN, monitor=<psychopy.monitors.calibTools.Monitor object at 0x000001B8D3DA8400>, multiSample=False, name='window1', numSamples=2, pos=(0, 0), screen=0, size=array([1920, 1080]), stencilBits=0, stereo=False, units='height', useFBO=True, useRetina=False, viewOri=0.0, viewPos=None, viewScale=None, waitBlanking=True, winType='pyglet')
5.0520 	EXP 	window1: mouseVisible = True
5.0520 	EXP 	window1: backgroundImage = ''
5.0520 	EXP 	window1: backgroundFit = 'none'
5.0521 	EXP 	window1: mouseVisible = False
5.0521 	EXP 	window1: Attempting to measure frame rate of screen (0) ...
5.0521 	EXP 	window1: recordFrameIntervals = False
5.0933 	EXP 	window1: recordFrameIntervals = True
5.1406 	EXP 	Screen (0) actual frame rate measured at 233.42Hz
5.1406 	EXP 	window1: recordFrameIntervals = False
6.4324 	EXP 	Created rate_text = TextStim(__class__=<class 'psychopy.visual.text.TextStim'>, alignHoriz=method-wrapper(...), alignText='center', alignVert=method-wrapper(...), anchorHoriz='center', anchorVert='center', antialias=True, autoDraw=False, autoLog=True, bold=False, color=array([1., 1., 1.]), colorSpace='rgb', contrast=1.0, depth=0.0, flipHoriz=False, flipVert=False, font='Open Sans', fontFiles=[], height=0.05, italic=False, languageStyle='LTR', name='rate_text', opacity=1.0, ori=0.0, pos=array([0. , 0.1]), rgb=UNKNOWN, text='', units='height', win=Window(...), wrapWidth=1)
6.4387 	EXP 	window1: mouseVisible = True
6.4631 	EXP 	Created rate = Slider(__class__=<class 'psychopy.visual.slider.Slider'>, autoDraw=False, autoLog=True, borderColor=None, color=None, colorSpace='rgb', depth=-1, fillColor=None, flip=False, font='Open Sans', granularity=0.0, labelColor=None, labelHeight=0.05, labelWrapWidth=None, labels=None, lineColor=None, markerColor=None, name='rate', opacity=None, ori=0.0, pos=array([0., 0.]), readOnly=False, self=UNKNOWN, size=array([1. , 0.1]), startValue=None, style='rating', styleTweaks=[], ticks=array([1, 2, 3, 4, 5]), units='height', win=Window(...))
6.4643 	EXP 	Created showArraies = TextStim(__class__=<class 'psychopy.visual.text.TextStim'>, alignHoriz=method-wrapper(...), alignText='center', alignVert=method-wrapper(...), anchorHoriz='center', anchorVert='center', antialias=True, autoDraw=False, autoLog=True, bold=False, color=array([1., 1., 1.]), colorSpace='rgb', contrast=1.0, depth=0.0, flipHoriz=False, flipVert=False, font='Open Sans', fontFiles=[], height=0.05, italic=False, languageStyle='LTR', name='showArraies', opacity=1.0, ori=0.0, pos=array([0., 0.]), rgb=UNKNOWN, text='', units='height', win=Window(...), wrapWidth=1)
6.4645 	EXP 	Created sequence: sequential, trialTypes=1, nReps=5, seed=None
6.4646 	EXP 	New trial (rep=0, index=0): None
6.4884 	EXP 	rate: autoLog = True
6.4884 	EXP 	rate: markerPos = None
6.4884 	EXP 	rate: styleTweaks = []
6.4884 	EXP 	rate: styleTweaks = []
6.4884 	EXP 	rate: styleTweaks = []
6.4884 	EXP 	rate: styleTweaks = []
6.4884 	EXP 	rate: contrast = 1.0
6.4884 	EXP 	rate: autoLog = True
6.4884 	EXP 	rate: markerPos = None
6.4884 	EXP 	rate: markerPos = None
6.4884 	EXP 	rate_text: height = 0.05
6.4884 	EXP 	rate_text: height = 0.05
6.4884 	EXP 	rate_text: height = 0.05
6.4884 	EXP 	rate_text: text = 'Stimuli number #1'
6.4884 	EXP 	rate_text: autoDraw = True
6.4884 	EXP 	rate: autoDraw = True
7.2336 	DATA 	Mouse: Left button down, pos=(977,540)
7.2398 	EXP 	rate: markerPos = 3.062962962962963
7.2440 	EXP 	rate: markerPos = 3.062962962962963
7.2481 	EXP 	rate: markerPos = 3.062962962962963
7.2523 	EXP 	rate: markerPos = 3.062962962962963
7.2565 	EXP 	rate: markerPos = 3.062962962962963
7.2607 	EXP 	rate: markerPos = 3.062962962962963
7.2649 	EXP 	rate: markerPos = 3.062962962962963
7.2690 	EXP 	rate: markerPos = 3.066666666666667
7.2732 	EXP 	rate: markerPos = 3.066666666666667
7.2774 	EXP 	rate: markerPos = 3.074074074074074
7.2815 	EXP 	rate: markerPos = 3.077777777777778
7.2858 	EXP 	rate: markerPos = 3.085185185185185
7.2901 	EXP 	rate: markerPos = 3.085185185185185
7.2943 	EXP 	rate: markerPos = 3.096296296296296
7.2988 	EXP 	rate: markerPos = 3.1
7.3030 	EXP 	rate: markerPos = 3.111111111111111
7.3074 	EXP 	rate: markerPos = 3.1222222222222222
7.3117 	EXP 	rate: markerPos = 3.140740740740741
7.3159 	EXP 	rate: markerPos = 3.151851851851852
7.3205 	EXP 	rate: markerPos = 3.162962962962963
7.3246 	EXP 	rate: markerPos = 3.1777777777777776
7.3289 	EXP 	rate: markerPos = 3.196296296296296
7.3331 	EXP 	rate: markerPos = 3.2111111111111112
7.3373 	EXP 	rate: markerPos = 3.2296296296296294
7.3415 	EXP 	rate: markerPos = 3.2555555555555555
7.3456 	EXP 	rate: markerPos = 3.2777777777777777
7.3501 	EXP 	rate: markerPos = 3.2962962962962963
7.3543 	EXP 	rate: markerPos = 3.3185185185185184
7.3585 	EXP 	rate: markerPos = 3.3333333333333335
7.3630 	EXP 	rate: markerPos = 3.3555555555555556
7.3673 	EXP 	rate: markerPos = 3.3851851851851853
7.3715 	EXP 	rate: markerPos = 3.4
7.3756 	EXP 	rate: markerPos = 3.422222222222222
7.3798 	EXP 	rate: markerPos = 3.4407407407407407
7.3840 	EXP 	rate: markerPos = 3.4555555555555557
7.3881 	EXP 	rate: markerPos = 3.474074074074074
7.3923 	EXP 	rate: markerPos = 3.4962962962962965
7.3965 	EXP 	rate: markerPos = 3.511111111111111
7.4006 	EXP 	rate: markerPos = 3.5296296296296297
7.4048 	EXP 	rate: markerPos = 3.551851851851852
7.4090 	EXP 	rate: markerPos = 3.5777777777777775
7.4132 	EXP 	rate: markerPos = 3.6
7.4173 	EXP 	rate: markerPos = 3.6222222222222222
7.4215 	EXP 	rate: markerPos = 3.6444444444444444
7.4265 	EXP 	rate: markerPos = 3.6666666666666665
7.4305 	EXP 	rate: markerPos = 3.688888888888889
7.4347 	EXP 	rate: markerPos = 3.7185185185185183
7.4388 	EXP 	rate: markerPos = 3.7555555555555555
7.4430 	EXP 	rate: markerPos = 3.7777777777777777
7.4473 	EXP 	rate: markerPos = 3.8074074074074074
7.4514 	EXP 	rate: markerPos = 3.8296296296296295
7.4556 	EXP 	rate: markerPos = 3.8555555555555556
7.4598 	EXP 	rate: markerPos = 3.8777777777777778
7.4639 	EXP 	rate: markerPos = 3.9
7.4681 	EXP 	rate: markerPos = 3.9222222222222225
7.4736 	EXP 	rate: markerPos = 3.9407407407407407
7.4781 	EXP 	rate: markerPos = 3.962962962962963
7.4822 	EXP 	rate: markerPos = 3.974074074074074
7.4864 	EXP 	rate: markerPos = 3.988888888888889
7.4909 	EXP 	rate: markerPos = 3.9962962962962965
7.4950 	EXP 	rate: markerPos = 4.0
7.4992 	EXP 	rate: markerPos = 4.011111111111111
7.5034 	EXP 	rate: markerPos = 4.018518518518519
7.5076 	EXP 	rate: markerPos = 4.018518518518519
7.5118 	EXP 	rate: markerPos = 4.022222222222222
7.5160 	EXP 	rate: markerPos = 4.022222222222222
7.5208 	EXP 	rate: markerPos = 4.022222222222222
7.5254 	EXP 	rate: markerPos = 4.02962962962963
7.5293 	EXP 	rate: markerPos = 4.02962962962963
7.5334 	EXP 	rate: markerPos = 4.02962962962963
7.5376 	EXP 	rate: markerPos = 4.02962962962963
7.5419 	EXP 	rate: markerPos = 4.02962962962963
7.5460 	EXP 	rate: markerPos = 4.02962962962963
7.5513 	EXP 	rate: markerPos = 4.02962962962963
7.5558 	EXP 	rate: markerPos = 4.02962962962963
7.5605 	EXP 	rate: markerPos = 4.02962962962963
7.5654 	EXP 	rate: markerPos = 4.02962962962963
7.5696 	EXP 	rate: markerPos = 4.02962962962963
7.5740 	EXP 	rate: markerPos = 4.02962962962963
7.5782 	EXP 	rate: markerPos = 4.02962962962963
7.5824 	EXP 	rate: markerPos = 4.02962962962963
7.5866 	EXP 	rate: markerPos = 4.02962962962963
7.5908 	EXP 	rate: markerPos = 4.02962962962963
7.5950 	EXP 	rate: markerPos = 4.02962962962963
7.5991 	EXP 	rate: markerPos = 4.02962962962963
7.6033 	EXP 	rate: markerPos = 4.02962962962963
7.6075 	EXP 	rate: markerPos = 4.02962962962963
7.6116 	EXP 	rate: markerPos = 4.02962962962963
7.6158 	EXP 	rate: markerPos = 4.02962962962963
7.6200 	EXP 	rate: markerPos = 4.02962962962963
7.6242 	EXP 	rate: markerPos = 4.02962962962963
7.6283 	EXP 	rate: markerPos = 4.02962962962963
7.6325 	EXP 	rate: markerPos = 4.02962962962963
7.6367 	EXP 	rate: markerPos = 4.02962962962963
7.6408 	EXP 	rate: markerPos = 4.02962962962963
7.6450 	EXP 	rate: markerPos = 4.02962962962963
7.6492 	EXP 	rate: markerPos = 4.02962962962963
7.6533 	EXP 	rate: markerPos = 4.02962962962963
7.6575 	EXP 	rate: markerPos = 4.02962962962963
7.6627 	EXP 	rate: markerPos = 4.02962962962963
7.6670 	EXP 	rate: markerPos = 4.02962962962963
7.6712 	EXP 	rate: markerPos = 4.02962962962963
7.6753 	EXP 	rate: markerPos = 4.02962962962963
7.6800 	EXP 	rate: markerPos = 4.02962962962963
7.6842 	EXP 	rate: markerPos = 4.02962962962963
7.6885 	EXP 	rate: markerPos = 4.02962962962963
7.6943 	EXP 	rate: markerPos = 4.02962962962963
7.6987 	EXP 	rate: markerPos = 4.02962962962963
7.7024 	DATA 	Mouse:  Left button up, pos=(1238,548)
7.7029 	EXP 	rate: markerPos = 4.02962962962963
7.7070 	EXP 	rate: markerPos = 4.02962962962963
7.7093 	EXP 	New trial (rep=1, index=0): None
7.7189 	EXP 	rate_text: autoDraw = False
7.7189 	EXP 	rate: autoDraw = False
7.7189 	EXP 	rate: markerPos = None
7.7189 	EXP 	rate: markerPos = None
7.7189 	EXP 	rate_text: height = 0.05
7.7189 	EXP 	rate_text: height = 0.05
7.7189 	EXP 	rate_text: height = 0.05
7.7189 	EXP 	rate_text: text = 'Stimuli number #2'
7.7189 	EXP 	rate_text: autoDraw = True
7.7189 	EXP 	rate: autoDraw = True
8.1077 	DATA 	Mouse: Left button down, pos=(1403,542)
8.1128 	EXP 	rate: markerPos = 4.640740740740741
8.1170 	EXP 	rate: markerPos = 4.640740740740741
8.1218 	EXP 	rate: markerPos = 4.640740740740741
8.1260 	EXP 	rate: markerPos = 4.640740740740741
8.1303 	EXP 	rate: markerPos = 4.640740740740741
8.1345 	EXP 	rate: markerPos = 4.640740740740741
8.1390 	EXP 	rate: markerPos = 4.640740740740741
8.1432 	EXP 	rate: markerPos = 4.640740740740741
8.1473 	EXP 	rate: markerPos = 4.640740740740741
8.1525 	EXP 	rate: markerPos = 4.640740740740741
8.1567 	EXP 	rate: markerPos = 4.640740740740741
8.1609 	EXP 	rate: markerPos = 4.637037037037037
8.1655 	EXP 	rate: markerPos = 4.62962962962963
8.1697 	EXP 	rate: markerPos = 4.625925925925926
8.1740 	EXP 	rate: markerPos = 4.618518518518519
8.1782 	EXP 	rate: markerPos = 4.607407407407408
8.1825 	EXP 	rate: markerPos = 4.5962962962962965
8.1866 	EXP 	rate: markerPos = 4.574074074074074
8.1909 	EXP 	rate: markerPos = 4.559259259259259
8.1955 	EXP 	rate: markerPos = 4.540740740740741
8.1998 	EXP 	rate: markerPos = 4.518518518518519
8.2039 	EXP 	rate: markerPos = 4.496296296296296
8.2084 	EXP 	rate: markerPos = 4.47037037037037
8.2129 	EXP 	rate: markerPos = 4.4148148148148145
8.2172 	EXP 	rate: markerPos = 4.381481481481481
8.2218 	EXP 	rate: markerPos = 4.337037037037037
8.2261 	EXP 	rate: markerPos = 4.292592592592593
8.2307 	EXP 	rate: markerPos = 4.2407407407407405
8.2351 	EXP 	rate: markerPos = 4.185185185185185
8.2396 	EXP 	rate: markerPos = 4.12962962962963
8.2439 	EXP 	rate: markerPos = 4.048148148148148
8.2487 	EXP 	rate: markerPos = 3.985185185185185
8.2531 	EXP 	rate: markerPos = 3.9296296296296296
8.2572 	EXP 	rate: markerPos = 3.862962962962963
8.2616 	EXP 	rate: markerPos = 3.774074074074074
8.2658 	EXP 	rate: markerPos = 3.7185185185185183
8.2700 	EXP 	rate: markerPos = 3.659259259259259
8.2742 	EXP 	rate: markerPos = 3.6037037037037036
8.2783 	EXP 	rate: markerPos = 3.5407407407407407
8.2825 	EXP 	rate: markerPos = 3.485185185185185
8.2867 	EXP 	rate: markerPos = 3.4296296296296296
8.2909 	EXP 	rate: markerPos = 3.3814814814814813
8.2951 	EXP 	rate: markerPos = 3.325925925925926
8.2993 	EXP 	rate: markerPos = 3.248148148148148
8.3035 	EXP 	rate: markerPos = 3.1925925925925926
8.3076 	EXP 	rate: markerPos = 3.137037037037037
8.3118 	EXP 	rate: markerPos = 3.085185185185185
8.3160 	EXP 	rate: markerPos = 3.037037037037037
8.3201 	EXP 	rate: markerPos = 2.985185185185185
8.3243 	EXP 	rate: markerPos = 2.937037037037037
8.3285 	EXP 	rate: markerPos = 2.8851851851851853
8.3327 	EXP 	rate: markerPos = 2.840740740740741
8.3368 	EXP 	rate: markerPos = 2.7925925925925927
8.3418 	EXP 	rate: markerPos = 2.7481481481481485
8.3459 	EXP 	rate: markerPos = 2.674074074074074
8.3503 	EXP 	rate: markerPos = 2.6296296296296298
8.3546 	EXP 	rate: markerPos = 2.5851851851851855
8.3587 	EXP 	rate: markerPos = 2.5481481481481483
8.3631 	EXP 	rate: markerPos = 2.503703703703704
8.3672 	EXP 	rate: markerPos = 2.448148148148148
8.3720 	EXP 	rate: markerPos = 2.4074074074074074
8.3761 	EXP 	rate: markerPos = 2.3740740740740742
8.3802 	EXP 	rate: markerPos = 2.337037037037037
8.3844 	EXP 	rate: markerPos = 2.303703703703704
8.3900 	EXP 	rate: markerPos = 2.274074074074074
8.3947 	EXP 	rate: markerPos = 2.2185185185185183
8.3988 	EXP 	rate: markerPos = 2.1925925925925926
8.4030 	EXP 	rate: markerPos = 2.159259259259259
8.4072 	EXP 	rate: markerPos = 2.1148148148148147
8.4113 	EXP 	rate: markerPos = 2.0814814814814815
8.4155 	EXP 	rate: markerPos = 2.051851851851852
8.4197 	EXP 	rate: markerPos = 2.0296296296296297
8.4238 	EXP 	rate: markerPos = 2.0037037037037035
8.4280 	EXP 	rate: markerPos = 1.9814814814814814
8.4322 	EXP 	rate: markerPos = 1.9592592592592593
8.4364 	EXP 	rate: markerPos = 1.9370370370370371
8.4405 	EXP 	rate: markerPos = 1.9185185185185185
8.4447 	EXP 	rate: markerPos = 1.9074074074074074
8.4489 	EXP 	rate: markerPos = 1.8925925925925926
8.4531 	EXP 	rate: markerPos = 1.874074074074074
8.4573 	EXP 	rate: markerPos = 1.862962962962963
8.4616 	EXP 	rate: markerPos = 1.8592592592592592
8.4660 	EXP 	rate: markerPos = 1.8518518518518519
8.4708 	EXP 	rate: markerPos = 1.848148148148148
8.4754 	EXP 	rate: markerPos = 1.8407407407407408
8.4796 	EXP 	rate: markerPos = 1.837037037037037
8.4839 	EXP 	rate: markerPos = 1.8296296296296297
8.4881 	EXP 	rate: markerPos = 1.8296296296296297
8.4922 	EXP 	rate: markerPos = 1.825925925925926
8.4964 	EXP 	rate: markerPos = 1.825925925925926
8.5006 	EXP 	rate: markerPos = 1.8185185185185184
8.5058 	EXP 	rate: markerPos = 1.8185185185185184
8.5100 	EXP 	rate: markerPos = 1.8148148148148149
8.5142 	EXP 	rate: markerPos = 1.8148148148148149
8.5184 	EXP 	rate: markerPos = 1.8074074074074074
8.5228 	EXP 	rate: markerPos = 1.8074074074074074
8.5279 	EXP 	rate: markerPos = 1.8074074074074074
8.5324 	EXP 	rate: markerPos = 1.8074074074074074
8.5366 	EXP 	rate: markerPos = 1.8074074074074074
8.5409 	EXP 	rate: markerPos = 1.8074074074074074
8.5457 	EXP 	rate: markerPos = 1.8074074074074074
8.5498 	EXP 	rate: markerPos = 1.8074074074074074
8.5550 	EXP 	rate: markerPos = 1.8074074074074074
8.5591 	EXP 	rate: markerPos = 1.8074074074074074
8.5633 	EXP 	rate: markerPos = 1.8074074074074074
8.5674 	EXP 	rate: markerPos = 1.8074074074074074
8.5719 	EXP 	rate: markerPos = 1.8074074074074074
8.5774 	EXP 	rate: markerPos = 1.8074074074074074
8.5815 	EXP 	rate: markerPos = 1.8074074074074074
8.5859 	EXP 	rate: markerPos = 1.8074074074074074
8.5931 	EXP 	rate: markerPos = 1.8074074074074074
8.5979 	EXP 	rate: markerPos = 1.8074074074074074
8.6020 	EXP 	rate: markerPos = 1.8074074074074074
8.6064 	EXP 	rate: markerPos = 1.8074074074074074
8.6105 	EXP 	rate: markerPos = 1.8074074074074074
8.6147 	EXP 	rate: markerPos = 1.8074074074074074
8.6189 	EXP 	rate: markerPos = 1.8074074074074074
8.6249 	EXP 	rate: markerPos = 1.8074074074074074
8.6293 	EXP 	rate: markerPos = 1.8074074074074074
8.6336 	EXP 	rate: markerPos = 1.8074074074074074
8.6378 	EXP 	rate: markerPos = 1.8074074074074074
8.6420 	EXP 	rate: markerPos = 1.8074074074074074
8.6462 	EXP 	rate: markerPos = 1.8074074074074074
8.6504 	EXP 	rate: markerPos = 1.8074074074074074
8.6545 	EXP 	rate: markerPos = 1.8074074074074074
8.6587 	EXP 	rate: markerPos = 1.8074074074074074
8.6629 	EXP 	rate: markerPos = 1.8074074074074074
8.6671 	EXP 	rate: markerPos = 1.8074074074074074
8.6720 	EXP 	rate: markerPos = 1.8074074074074074
8.6767 	EXP 	rate: markerPos = 1.8074074074074074
8.6807 	EXP 	rate: markerPos = 1.8074074074074074
8.6849 	EXP 	rate: markerPos = 1.8074074074074074
8.6891 	EXP 	rate: markerPos = 1.8074074074074074
8.6932 	EXP 	rate: markerPos = 1.8074074074074074
8.6974 	EXP 	rate: markerPos = 1.8074074074074074
8.7011 	DATA 	Mouse:  Left button up, pos=(638,546)
8.7036 	EXP 	rate: markerPos = 1.8074074074074074
8.7083 	EXP 	rate: markerPos = 1.8074074074074074
8.7105 	EXP 	New trial (rep=2, index=0): None
8.7203 	EXP 	rate_text: autoDraw = False
8.7203 	EXP 	rate: autoDraw = False
8.7203 	EXP 	rate: markerPos = None
8.7203 	EXP 	rate: markerPos = None
8.7203 	EXP 	rate_text: height = 0.05
8.7203 	EXP 	rate_text: height = 0.05
8.7203 	EXP 	rate_text: height = 0.05
8.7203 	EXP 	rate_text: text = 'Stimuli number #3'
8.7203 	EXP 	rate_text: autoDraw = True
8.7203 	EXP 	rate: autoDraw = True
8.9535 	DATA 	Mouse: Left button down, pos=(770,536)
8.9570 	EXP 	rate: markerPos = 2.3074074074074074
8.9631 	EXP 	rate: markerPos = 2.311111111111111
8.9673 	EXP 	rate: markerPos = 2.3296296296296295
8.9728 	EXP 	rate: markerPos = 2.351851851851852
8.9773 	EXP 	rate: markerPos = 2.362962962962963
8.9820 	EXP 	rate: markerPos = 2.388888888888889
8.9862 	EXP 	rate: markerPos = 2.4074074074074074
8.9907 	EXP 	rate: markerPos = 2.4296296296296296
8.9948 	EXP 	rate: markerPos = 2.4444444444444446
8.9991 	EXP 	rate: markerPos = 2.466666666666667
9.0033 	EXP 	rate: markerPos = 2.488888888888889
9.0078 	EXP 	rate: markerPos = 2.522222222222222
9.0119 	EXP 	rate: markerPos = 2.5444444444444443
9.0161 	EXP 	rate: markerPos = 2.574074074074074
9.0203 	EXP 	rate: markerPos = 2.5962962962962965
9.0247 	EXP 	rate: markerPos = 2.6222222222222222
9.0288 	EXP 	rate: markerPos = 2.651851851851852
9.0347 	EXP 	rate: markerPos = 2.685185185185185
9.0392 	EXP 	rate: markerPos = 2.7296296296296294
9.0433 	EXP 	rate: markerPos = 2.7777777777777777
9.0475 	EXP 	rate: markerPos = 2.811111111111111
9.0518 	EXP 	rate: markerPos = 2.8444444444444446
9.0560 	EXP 	rate: markerPos = 2.8851851851851853
9.0603 	EXP 	rate: markerPos = 2.9185185185185185
9.0647 	EXP 	rate: markerPos = 2.9555555555555557
9.0689 	EXP 	rate: markerPos = 2.996296296296296
9.0730 	EXP 	rate: markerPos = 3.0407407407407407
9.0772 	EXP 	rate: markerPos = 3.085185185185185
9.0814 	EXP 	rate: markerPos = 3.1444444444444444
9.0856 	EXP 	rate: markerPos = 3.196296296296296
9.0897 	EXP 	rate: markerPos = 3.240740740740741
9.0939 	EXP 	rate: markerPos = 3.2888888888888888
9.0981 	EXP 	rate: markerPos = 3.3407407407407406
9.1022 	EXP 	rate: markerPos = 3.388888888888889
9.1064 	EXP 	rate: markerPos = 3.4407407407407407
9.1125 	EXP 	rate: markerPos = 3.488888888888889
9.1171 	EXP 	rate: markerPos = 3.562962962962963
9.1213 	EXP 	rate: markerPos = 3.6333333333333333
9.1254 	EXP 	rate: markerPos = 3.677777777777778
9.1299 	EXP 	rate: markerPos = 3.7222222222222223
9.1344 	EXP 	rate: markerPos = 3.762962962962963
9.1386 	EXP 	rate: markerPos = 3.8
9.1428 	EXP 	rate: markerPos = 3.840740740740741
9.1470 	EXP 	rate: markerPos = 3.8740740740740742
9.1512 	EXP 	rate: markerPos = 3.9222222222222225
9.1554 	EXP 	rate: markerPos = 3.9555555555555557
9.1596 	EXP 	rate: markerPos = 3.988888888888889
9.1639 	EXP 	rate: markerPos = 4.022222222222222
9.1680 	EXP 	rate: markerPos = 4.051851851851852
9.1722 	EXP 	rate: markerPos = 4.0777777777777775
9.1764 	EXP 	rate: markerPos = 4.1
9.1806 	EXP 	rate: markerPos = 4.12962962962963
9.1848 	EXP 	rate: markerPos = 4.151851851851852
9.1890 	EXP 	rate: markerPos = 4.185185185185185
9.1931 	EXP 	rate: markerPos = 4.207407407407407
9.1973 	EXP 	rate: markerPos = 4.211111111111111
9.2015 	EXP 	rate: markerPos = 4.233333333333333
9.2060 	EXP 	rate: markerPos = 4.2555555555555555
9.2101 	EXP 	rate: markerPos = 4.266666666666667
9.2143 	EXP 	rate: markerPos = 4.277777777777778
9.2184 	EXP 	rate: markerPos = 4.288888888888889
9.2226 	EXP 	rate: markerPos = 4.296296296296296
9.2268 	EXP 	rate: markerPos = 4.3
9.2310 	EXP 	rate: markerPos = 4.307407407407407
9.2352 	EXP 	rate: markerPos = 4.307407407407407
9.2394 	EXP 	rate: markerPos = 4.307407407407407
9.2435 	EXP 	rate: markerPos = 4.307407407407407
9.2477 	EXP 	rate: markerPos = 4.307407407407407
9.2528 	EXP 	rate: markerPos = 4.307407407407407
9.2574 	EXP 	rate: markerPos = 4.307407407407407
9.2619 	EXP 	rate: markerPos = 4.307407407407407
9.2661 	EXP 	rate: markerPos = 4.307407407407407
9.2704 	EXP 	rate: markerPos = 4.307407407407407
9.2745 	EXP 	rate: markerPos = 4.307407407407407
9.2787 	EXP 	rate: markerPos = 4.307407407407407
9.2829 	EXP 	rate: markerPos = 4.307407407407407
9.2871 	EXP 	rate: markerPos = 4.307407407407407
9.2913 	EXP 	rate: markerPos = 4.307407407407407
9.2954 	EXP 	rate: markerPos = 4.307407407407407
9.2997 	EXP 	rate: markerPos = 4.307407407407407
9.3040 	EXP 	rate: markerPos = 4.307407407407407
9.3081 	EXP 	rate: markerPos = 4.307407407407407
9.3123 	EXP 	rate: markerPos = 4.307407407407407
9.3165 	EXP 	rate: markerPos = 4.307407407407407
9.3206 	EXP 	rate: markerPos = 4.307407407407407
9.3214 	DATA 	Mouse:  Left button up, pos=(1313,539)
9.3248 	EXP 	rate: markerPos = 4.307407407407407
9.3270 	EXP 	New trial (rep=3, index=0): None
9.3366 	EXP 	rate_text: autoDraw = False
9.3366 	EXP 	rate: autoDraw = False
9.3366 	EXP 	rate: markerPos = None
9.3366 	EXP 	rate: markerPos = None
9.3366 	EXP 	rate_text: height = 0.05
9.3366 	EXP 	rate_text: height = 0.05
9.3366 	EXP 	rate_text: height = 0.05
9.3366 	EXP 	rate_text: text = 'Stimuli number #4'
9.3366 	EXP 	rate_text: autoDraw = True
9.3366 	EXP 	rate: autoDraw = True
9.5814 	DATA 	Mouse: Left button down, pos=(1058,535)
9.5876 	EXP 	rate: markerPos = 3.3296296296296295
9.5918 	EXP 	rate: markerPos = 3.262962962962963
9.5968 	EXP 	rate: markerPos = 3.2296296296296294
9.6010 	EXP 	rate: markerPos = 3.2037037037037037
9.6057 	EXP 	rate: markerPos = 3.1703703703703705
9.6098 	EXP 	rate: markerPos = 3.1259259259259258
9.6142 	EXP 	rate: markerPos = 3.0925925925925926
9.6184 	EXP 	rate: markerPos = 3.0592592592592593
9.6227 	EXP 	rate: markerPos = 3.0296296296296297
9.6270 	EXP 	rate: markerPos = 3.0037037037037035
9.6312 	EXP 	rate: markerPos = 2.9703703703703703
9.6355 	EXP 	rate: markerPos = 2.925925925925926
9.6397 	EXP 	rate: markerPos = 2.8962962962962964
9.6439 	EXP 	rate: markerPos = 2.8703703703703702
9.6480 	EXP 	rate: markerPos = 2.840740740740741
9.6522 	EXP 	rate: markerPos = 2.814814814814815
9.6566 	EXP 	rate: markerPos = 2.785185185185185
9.6608 	EXP 	rate: markerPos = 2.7518518518518515
9.6651 	EXP 	rate: markerPos = 2.725925925925926
9.6693 	EXP 	rate: markerPos = 2.696296296296296
9.6737 	EXP 	rate: markerPos = 2.659259259259259
9.6778 	EXP 	rate: markerPos = 2.6296296296296298
9.6820 	EXP 	rate: markerPos = 2.5962962962962965
9.6861 	EXP 	rate: markerPos = 2.5851851851851855
9.6903 	EXP 	rate: markerPos = 2.5481481481481483
9.6945 	EXP 	rate: markerPos = 2.5185185185185186
9.6986 	EXP 	rate: markerPos = 2.4925925925925925
9.7035 	EXP 	rate: markerPos = 2.448148148148148
9.7077 	EXP 	rate: markerPos = 2.4185185185185185
9.7118 	EXP 	rate: markerPos = 2.3925925925925924
9.7161 	EXP 	rate: markerPos = 2.359259259259259
9.7205 	EXP 	rate: markerPos = 2.3296296296296295
9.7251 	EXP 	rate: markerPos = 2.2962962962962963
9.7292 	EXP 	rate: markerPos = 2.248148148148148
9.7333 	EXP 	rate: markerPos = 2.2185185185185183
9.7377 	EXP 	rate: markerPos = 2.185185185185185
9.7419 	EXP 	rate: markerPos = 2.1703703703703705
9.7460 	EXP 	rate: markerPos = 2.1185185185185187
9.7511 	EXP 	rate: markerPos = 2.085185185185185
9.7557 	EXP 	rate: markerPos = 2.0481481481481483
9.7600 	EXP 	rate: markerPos = 2.014814814814815
9.7642 	EXP 	rate: markerPos = 1.9851851851851852
9.7690 	EXP 	rate: markerPos = 1.962962962962963
9.7731 	EXP 	rate: markerPos = 1.9259259259259258
9.7775 	EXP 	rate: markerPos = 1.9148148148148147
9.7817 	EXP 	rate: markerPos = 1.8814814814814815
9.7863 	EXP 	rate: markerPos = 1.862962962962963
9.7904 	EXP 	rate: markerPos = 1.848148148148148
9.7948 	EXP 	rate: markerPos = 1.8296296296296297
9.7989 	EXP 	rate: markerPos = 1.8074074074074074
9.8032 	EXP 	rate: markerPos = 1.7962962962962963
9.8073 	EXP 	rate: markerPos = 1.7925925925925925
9.8115 	EXP 	rate: markerPos = 1.7851851851851852
9.8157 	EXP 	rate: markerPos = 1.7740740740740741
9.8198 	EXP 	rate: markerPos = 1.7703703703703704
9.8240 	EXP 	rate: markerPos = 1.762962962962963
9.8301 	EXP 	rate: markerPos = 1.762962962962963
9.8347 	EXP 	rate: markerPos = 1.762962962962963
9.8389 	EXP 	rate: markerPos = 1.762962962962963
9.8430 	EXP 	rate: markerPos = 1.762962962962963
9.8473 	EXP 	rate: markerPos = 1.762962962962963
9.8515 	EXP 	rate: markerPos = 1.762962962962963
9.8557 	EXP 	rate: markerPos = 1.762962962962963
9.8611 	EXP 	rate: markerPos = 1.762962962962963
9.8656 	EXP 	rate: markerPos = 1.762962962962963
9.8697 	EXP 	rate: markerPos = 1.762962962962963
9.8739 	EXP 	rate: markerPos = 1.762962962962963
9.8781 	EXP 	rate: markerPos = 1.762962962962963
9.8823 	EXP 	rate: markerPos = 1.762962962962963
9.8865 	EXP 	rate: markerPos = 1.762962962962963
9.8921 	EXP 	rate: markerPos = 1.762962962962963
9.8968 	EXP 	rate: markerPos = 1.762962962962963
9.9010 	EXP 	rate: markerPos = 1.762962962962963
9.9053 	EXP 	rate: markerPos = 1.762962962962963
9.9095 	EXP 	rate: markerPos = 1.762962962962963
9.9137 	EXP 	rate: markerPos = 1.762962962962963
9.9179 	EXP 	rate: markerPos = 1.762962962962963
9.9230 	EXP 	rate: markerPos = 1.762962962962963
9.9277 	EXP 	rate: markerPos = 1.762962962962963
9.9320 	EXP 	rate: markerPos = 1.762962962962963
9.9362 	EXP 	rate: markerPos = 1.762962962962963
9.9398 	DATA 	Mouse:  Left button up, pos=(626,536)
9.9404 	EXP 	rate: markerPos = 1.762962962962963
9.9446 	EXP 	rate: markerPos = 1.762962962962963
9.9468 	EXP 	New trial (rep=4, index=0): None
9.9564 	EXP 	rate_text: autoDraw = False
9.9564 	EXP 	rate: autoDraw = False
9.9564 	EXP 	rate: markerPos = None
9.9564 	EXP 	rate: markerPos = None
9.9564 	EXP 	rate_text: height = 0.05
9.9564 	EXP 	rate_text: height = 0.05
9.9564 	EXP 	rate_text: height = 0.05
9.9564 	EXP 	rate_text: text = 'Stimuli number #5'
9.9564 	EXP 	rate_text: autoDraw = True
9.9564 	EXP 	rate: autoDraw = True
10.2143 	DATA 	Mouse: Left button down, pos=(452,547)
10.2202 	EXP 	rate: markerPos = 1.1185185185185185
10.2270 	EXP 	rate: markerPos = 1.1074074074074074
10.2313 	EXP 	rate: markerPos = 1.0962962962962963
10.2368 	EXP 	rate: markerPos = 1.0851851851851853
10.2411 	EXP 	rate: markerPos = 1.0740740740740742
10.2459 	EXP 	rate: markerPos = 1.0629629629629629
10.2501 	EXP 	rate: markerPos = 1.0518518518518518
10.2545 	EXP 	rate: markerPos = 1.037037037037037
10.2586 	EXP 	rate: markerPos = 1.025925925925926
10.2629 	EXP 	rate: markerPos = 0.9962962962962965
10.2672 	EXP 	rate: markerPos = 0.9814814814814814
10.2716 	EXP 	rate: markerPos = 0.9629629629629628
10.2757 	EXP 	rate: markerPos = 0.9518518518518517
10.2799 	EXP 	rate: markerPos = 0.9370370370370371
10.2841 	EXP 	rate: markerPos = 0.9185185185185185
10.2882 	EXP 	rate: markerPos = 0.9037037037037039
10.2924 	EXP 	rate: markerPos = 0.8925925925925924
10.2966 	EXP 	rate: markerPos = 0.8740740740740742
10.3007 	EXP 	rate: markerPos = 0.8592592592592592
10.3049 	EXP 	rate: markerPos = 0.8481481481481481
10.3091 	EXP 	rate: markerPos = 0.8296296296296295
10.3148 	EXP 	rate: markerPos = 0.8185185185185184
10.3194 	EXP 	rate: markerPos = 0.8037037037037038
10.3235 	EXP 	rate: markerPos = 0.7962962962962963
10.3277 	EXP 	rate: markerPos = 0.7851851851851852
10.3321 	EXP 	rate: markerPos = 0.7740740740740741
10.3363 	EXP 	rate: markerPos = 0.7703703703703701
10.3406 	EXP 	rate: markerPos = 0.7629629629629631
10.3448 	EXP 	rate: markerPos = 0.7592592592592591
10.3490 	EXP 	rate: markerPos = 0.751851851851852
10.3532 	EXP 	rate: markerPos = 0.748148148148148
10.3573 	EXP 	rate: markerPos = 0.7407407407407409
10.3621 	EXP 	rate: markerPos = 0.7407407407407409
10.3663 	EXP 	rate: markerPos = 0.7370370370370369
10.3705 	EXP 	rate: markerPos = 0.7370370370370369
10.3746 	EXP 	rate: markerPos = 0.7370370370370369
10.3788 	EXP 	rate: markerPos = 0.7370370370370369
10.3830 	EXP 	rate: markerPos = 0.7370370370370369
10.3872 	EXP 	rate: markerPos = 0.7370370370370369
10.3913 	EXP 	rate: markerPos = 0.7370370370370369
10.3955 	EXP 	rate: markerPos = 0.7370370370370369
10.3997 	EXP 	rate: markerPos = 0.7370370370370369
10.4038 	EXP 	rate: markerPos = 0.7370370370370369
10.4097 	EXP 	rate: markerPos = 0.7370370370370369
10.4143 	EXP 	rate: markerPos = 0.7370370370370369
10.4184 	EXP 	rate: markerPos = 0.7370370370370369
10.4226 	EXP 	rate: markerPos = 0.7370370370370369
10.4270 	EXP 	rate: markerPos = 0.7370370370370369
10.4311 	EXP 	rate: markerPos = 0.7370370370370369
10.4353 	EXP 	rate: markerPos = 0.7370370370370369
10.4395 	EXP 	rate: markerPos = 0.7370370370370369
10.4437 	EXP 	rate: markerPos = 0.7370370370370369
10.4478 	EXP 	rate: markerPos = 0.7370370370370369
10.4520 	EXP 	rate: markerPos = 0.7370370370370369
10.4569 	EXP 	rate: markerPos = 0.7370370370370369
10.4611 	EXP 	rate: markerPos = 0.7370370370370369
10.4653 	EXP 	rate: markerPos = 0.7370370370370369
10.4696 	EXP 	rate: markerPos = 0.7370370370370369
10.4738 	EXP 	rate: markerPos = 0.7370370370370369
10.4780 	EXP 	rate: markerPos = 0.7370370370370369
10.4821 	EXP 	rate: markerPos = 0.7370370370370369
10.4863 	EXP 	rate: markerPos = 0.7370370370370369
10.4905 	EXP 	rate: markerPos = 0.7370370370370369
10.4947 	EXP 	rate: markerPos = 0.7370370370370369
10.4988 	EXP 	rate: markerPos = 0.7370370370370369
10.5040 	EXP 	rate: markerPos = 0.7370370370370369
10.5082 	EXP 	rate: markerPos = 0.7370370370370369
10.5123 	EXP 	rate: markerPos = 0.7370370370370369
10.5165 	EXP 	rate: markerPos = 0.7370370370370369
10.5207 	EXP 	rate: markerPos = 0.7370370370370369
10.5248 	EXP 	rate: markerPos = 0.7370370370370369
10.5290 	EXP 	rate: markerPos = 0.7370370370370369
10.5332 	EXP 	rate: markerPos = 0.7370370370370369
10.5373 	EXP 	rate: markerPos = 0.7370370370370369
10.5415 	EXP 	rate: markerPos = 0.7370370370370369
10.5457 	EXP 	rate: markerPos = 0.7370370370370369
10.5515 	EXP 	rate: markerPos = 0.7370370370370369
10.5557 	EXP 	rate: markerPos = 0.7370370370370369
10.5599 	EXP 	rate: markerPos = 0.7370370370370369
10.5640 	EXP 	rate: markerPos = 0.7370370370370369
10.5684 	EXP 	rate: markerPos = 0.7370370370370369
10.5725 	EXP 	rate: markerPos = 0.7370370370370369
10.5770 	EXP 	rate: markerPos = 0.7370370370370369
10.5811 	EXP 	rate: markerPos = 0.7370370370370369
10.5853 	EXP 	rate: markerPos = 0.7370370370370369
10.5895 	EXP 	rate: markerPos = 0.7370370370370369
10.5937 	EXP 	rate: markerPos = 0.7370370370370369
10.5990 	EXP 	rate: markerPos = 0.7370370370370369
10.6033 	EXP 	rate: markerPos = 0.7370370370370369
10.6075 	EXP 	rate: markerPos = 0.7370370370370369
10.6117 	EXP 	rate: markerPos = 0.7370370370370369
10.6161 	EXP 	rate: markerPos = 0.7370370370370369
10.6169 	DATA 	Mouse:  Left button up, pos=(349,542)
10.6203 	EXP 	rate: markerPos = 1
10.6275 	EXP 	rate_text: autoDraw = False
10.6275 	EXP 	rate: autoDraw = False
10.6275 	EXP 	showArraies: height = 0.05
10.6275 	EXP 	showArraies: height = 0.05
10.6275 	EXP 	showArraies: height = 0.05
10.6275 	EXP 	showArraies: text = 4.307407407407407
10.6275 	EXP 	showArraies: autoDraw = True
13.7609 	DATA 	Keypress: escape
14.3678 	EXP 	window1: mouseVisible = True
