1.5226 	WARNING 	We strongly recommend you activate the PTB sound engine in PsychoPy prefs as the preferred audio engine. Its timing is vastly superior. Your prefs are currently set to use ['sounddevice', 'PTB', 'pyo', 'pygame'] (in that order).
3.8153 	WARNING 	User requested fullscreen with size [1024  768], but screen is actually [1920, 1080]. Using actual size
4.1400 	EXP 	Created window1 = Window(allowGUI=True, allowStencil=False, autoLog=True, backendConf=UNKNOWN, bitsMode=UNKNOWN, blendMode='avg', bpc=(8, 8, 8), color=array([0, 0, 0]), colorSpace='rgb', depthBits=8, fullscr=<method-wrapper '__getattribute__' of attributeSetter object at 0x000002CBD7EAD1F0>, gamma=None, gammaErrorPolicy='raise', lms=UNKNOWN, monitor=<psychopy.monitors.calibTools.Monitor object at 0x000002CBD8201730>, multiSample=False, name='window1', numSamples=2, pos=(0, 0), screen=0, size=array([1920, 1080]), stencilBits=0, stereo=False, units='height', useFBO=True, useRetina=False, viewOri=0.0, viewPos=None, viewScale=None, waitBlanking=True, winType='pyglet')
4.1404 	EXP 	window1: mouseVisible = True
4.1404 	EXP 	window1: mouseVisible = False
4.1404 	EXP 	window1: Attempting to measure frame rate of screen (0) ...
4.1405 	EXP 	window1: recordFrameIntervals = False
4.1817 	EXP 	window1: recordFrameIntervals = True
4.2159 	WARNING 	t of last frame was 5.11ms (=1/195)
4.2285 	EXP 	Screen (0) actual frame rate measured at 235.04Hz
4.2286 	EXP 	window1: recordFrameIntervals = False
5.8310 	EXP 	window1: mouseVisible = True
5.8840 	EXP 	Created text = TextStim(__class__=<class 'psychopy.visual.text.TextStim'>, alignHoriz=method-wrapper(...), alignText='center', alignVert=method-wrapper(...), anchorHoriz='center', anchorVert='center', antialias=True, autoDraw=False, autoLog=True, bold=False, color=array([1, 1, 1]), colorSpace='rgb', contrast=1.0, depth=-1.0, flipHoriz=False, flipVert=False, font='Open Sans', fontFiles=[], height=0.05, italic=False, languageStyle='LTR', name='text', opacity=1.0, ori=0.0, pos=array([0., 0.]), rgb=UNKNOWN, text='Timer', units='height', win=Window(...), wrapWidth=1)
5.8920 	EXP 	text: autoDraw = True
5.8920 	EXP 	text: height = 0.05
5.8920 	EXP 	text: height = 0.05
5.8920 	EXP 	text: height = 0.05
5.8920 	EXP 	text: text = -1.0003534000024956
5.8997 	EXP 	text: height = 0.05
5.8997 	EXP 	text: height = 0.05
5.8997 	EXP 	text: height = 0.05
5.8997 	EXP 	text: text = -1.0080698000019765
5.9029 	EXP 	text: height = 0.05
5.9029 	EXP 	text: height = 0.05
5.9029 	EXP 	text: height = 0.05
5.9029 	EXP 	text: text = -1.0157801000023028
5.9088 	EXP 	text: height = 0.05
5.9088 	EXP 	text: height = 0.05
5.9088 	EXP 	text: height = 0.05
5.9088 	EXP 	text: text = -1.0190308000019286
5.9130 	EXP 	text: height = 0.05
5.9130 	EXP 	text: height = 0.05
5.9130 	EXP 	text: height = 0.05
5.9130 	EXP 	text: text = -1.0249077000007674
5.9184 	EXP 	text: height = 0.05
5.9184 	EXP 	text: height = 0.05
5.9184 	EXP 	text: height = 0.05
5.9184 	EXP 	text: text = -1.0290416999996523
5.9226 	EXP 	text: height = 0.05
5.9226 	EXP 	text: height = 0.05
5.9226 	EXP 	text: height = 0.05
5.9226 	EXP 	text: text = -1.0344435000006342
5.9283 	EXP 	text: height = 0.05
5.9283 	EXP 	text: height = 0.05
5.9283 	EXP 	text: height = 0.05
5.9283 	EXP 	text: text = -1.0386369000007107
5.9325 	EXP 	text: height = 0.05
5.9325 	EXP 	text: height = 0.05
5.9325 	EXP 	text: height = 0.05
5.9325 	EXP 	text: text = -1.0443668000007165
5.9378 	EXP 	text: height = 0.05
5.9378 	EXP 	text: height = 0.05
5.9378 	EXP 	text: height = 0.05
5.9378 	EXP 	text: text = -1.0484986000010394
5.9419 	EXP 	text: height = 0.05
5.9419 	EXP 	text: height = 0.05
5.9419 	EXP 	text: height = 0.05
5.9419 	EXP 	text: text = -1.053968399999576
5.9491 	EXP 	text: height = 0.05
5.9491 	EXP 	text: height = 0.05
5.9491 	EXP 	text: height = 0.05
5.9491 	EXP 	text: text = -1.0579686000019137
5.9532 	EXP 	text: height = 0.05
5.9532 	EXP 	text: height = 0.05
5.9532 	EXP 	text: height = 0.05
5.9532 	EXP 	text: text = -1.065150000002177
5.9588 	EXP 	text: height = 0.05
5.9588 	EXP 	text: height = 0.05
5.9588 	EXP 	text: height = 0.05
5.9588 	EXP 	text: text = -1.0692229000014777
5.9630 	EXP 	text: height = 0.05
5.9630 	EXP 	text: height = 0.05
5.9630 	EXP 	text: height = 0.05
5.9630 	EXP 	text: text = -1.074856400002318
5.9683 	EXP 	text: height = 0.05
5.9683 	EXP 	text: height = 0.05
5.9683 	EXP 	text: height = 0.05
5.9683 	EXP 	text: text = -1.0790448000007018
5.9725 	EXP 	text: height = 0.05
5.9725 	EXP 	text: height = 0.05
5.9725 	EXP 	text: height = 0.05
5.9725 	EXP 	text: text = -1.084358500000235
5.9781 	EXP 	text: height = 0.05
5.9781 	EXP 	text: height = 0.05
5.9781 	EXP 	text: height = 0.05
5.9781 	EXP 	text: text = -1.088651199999731
5.9822 	EXP 	text: height = 0.05
5.9822 	EXP 	text: height = 0.05
5.9822 	EXP 	text: height = 0.05
5.9822 	EXP 	text: text = -1.0940914000020712
5.9875 	EXP 	text: height = 0.05
5.9875 	EXP 	text: height = 0.05
5.9875 	EXP 	text: height = 0.05
5.9875 	EXP 	text: text = -1.098252700001467
5.9916 	EXP 	text: height = 0.05
5.9916 	EXP 	text: height = 0.05
5.9916 	EXP 	text: height = 0.05
5.9916 	EXP 	text: text = -1.1035058000015852
5.9977 	EXP 	text: height = 0.05
5.9977 	EXP 	text: height = 0.05
5.9977 	EXP 	text: height = 0.05
5.9977 	EXP 	text: text = -1.1077635000001465
6.0018 	EXP 	text: height = 0.05
6.0018 	EXP 	text: height = 0.05
6.0018 	EXP 	text: height = 0.05
6.0018 	EXP 	text: text = -1.1137565999997605
6.0070 	EXP 	text: height = 0.05
6.0070 	EXP 	text: height = 0.05
6.0070 	EXP 	text: height = 0.05
6.0070 	EXP 	text: text = -1.1177960000022722
6.0112 	EXP 	text: height = 0.05
6.0112 	EXP 	text: height = 0.05
6.0112 	EXP 	text: height = 0.05
6.0112 	EXP 	text: text = -1.1230963000016345
6.0163 	EXP 	text: height = 0.05
6.0163 	EXP 	text: height = 0.05
6.0163 	EXP 	text: height = 0.05
6.0163 	EXP 	text: text = -1.127233700000943
6.0204 	EXP 	text: height = 0.05
6.0204 	EXP 	text: height = 0.05
6.0204 	EXP 	text: height = 0.05
6.0204 	EXP 	text: text = -1.132292000002053
6.0247 	EXP 	text: height = 0.05
6.0247 	EXP 	text: height = 0.05
6.0247 	EXP 	text: height = 0.05
6.0247 	EXP 	text: text = -1.1364410000023781
6.0289 	EXP 	text: height = 0.05
6.0289 	EXP 	text: height = 0.05
6.0289 	EXP 	text: height = 0.05
6.0289 	EXP 	text: text = -1.1407433000022138
6.0330 	EXP 	text: height = 0.05
6.0330 	EXP 	text: height = 0.05
6.0330 	EXP 	text: height = 0.05
6.0330 	EXP 	text: text = -1.1448931000013545
6.0372 	EXP 	text: height = 0.05
6.0372 	EXP 	text: height = 0.05
6.0372 	EXP 	text: height = 0.05
6.0372 	EXP 	text: text = -1.14906289999999
6.0417 	EXP 	text: height = 0.05
6.0417 	EXP 	text: height = 0.05
6.0417 	EXP 	text: height = 0.05
6.0417 	EXP 	text: text = -1.153231300002517
6.0458 	EXP 	text: height = 0.05
6.0458 	EXP 	text: height = 0.05
6.0458 	EXP 	text: height = 0.05
6.0458 	EXP 	text: text = -1.1577834000017901
6.0502 	EXP 	text: height = 0.05
6.0502 	EXP 	text: height = 0.05
6.0502 	EXP 	text: height = 0.05
6.0502 	EXP 	text: text = -1.1619236000005913
6.0543 	EXP 	text: height = 0.05
6.0543 	EXP 	text: height = 0.05
6.0543 	EXP 	text: height = 0.05
6.0543 	EXP 	text: text = -1.1661874000019452
6.0585 	EXP 	text: height = 0.05
6.0585 	EXP 	text: height = 0.05
6.0585 	EXP 	text: height = 0.05
6.0585 	EXP 	text: text = -1.1703470000029483
6.0627 	EXP 	text: height = 0.05
6.0627 	EXP 	text: height = 0.05
6.0627 	EXP 	text: height = 0.05
6.0627 	EXP 	text: text = -1.174511100001837
6.0668 	EXP 	text: height = 0.05
6.0668 	EXP 	text: height = 0.05
6.0668 	EXP 	text: height = 0.05
6.0668 	EXP 	text: text = -1.1786818000000494
6.0710 	EXP 	text: height = 0.05
6.0710 	EXP 	text: height = 0.05
6.0710 	EXP 	text: height = 0.05
6.0710 	EXP 	text: text = -1.1828557000008004
6.0752 	EXP 	text: height = 0.05
6.0752 	EXP 	text: height = 0.05
6.0752 	EXP 	text: height = 0.05
6.0752 	EXP 	text: text = -1.1870574000022316
6.0794 	EXP 	text: height = 0.05
6.0794 	EXP 	text: height = 0.05
6.0794 	EXP 	text: height = 0.05
6.0794 	EXP 	text: text = -1.1912083000024722
6.0835 	EXP 	text: height = 0.05
6.0835 	EXP 	text: height = 0.05
6.0835 	EXP 	text: height = 0.05
6.0835 	EXP 	text: text = -1.1953917000028014
6.0878 	EXP 	text: height = 0.05
6.0878 	EXP 	text: height = 0.05
6.0878 	EXP 	text: height = 0.05
6.0878 	EXP 	text: text = -1.1995720000013534
6.0919 	EXP 	text: height = 0.05
6.0919 	EXP 	text: height = 0.05
6.0919 	EXP 	text: height = 0.05
6.0919 	EXP 	text: text = -1.203850699999748
6.0961 	EXP 	text: height = 0.05
6.0961 	EXP 	text: height = 0.05
6.0961 	EXP 	text: height = 0.05
6.0961 	EXP 	text: text = -1.2079126000026008
6.1003 	EXP 	text: height = 0.05
6.1003 	EXP 	text: height = 0.05
6.1003 	EXP 	text: height = 0.05
6.1003 	EXP 	text: text = -1.2120804000005592
6.1044 	EXP 	text: height = 0.05
6.1044 	EXP 	text: height = 0.05
6.1044 	EXP 	text: height = 0.05
6.1044 	EXP 	text: text = -1.2164164000023447
6.1086 	EXP 	text: height = 0.05
6.1086 	EXP 	text: height = 0.05
6.1086 	EXP 	text: height = 0.05
6.1086 	EXP 	text: text = -1.2204237000005378
6.1127 	EXP 	text: height = 0.05
6.1127 	EXP 	text: height = 0.05
6.1127 	EXP 	text: height = 0.05
6.1127 	EXP 	text: text = -1.2246024000014586
6.1169 	EXP 	text: height = 0.05
6.1169 	EXP 	text: height = 0.05
6.1169 	EXP 	text: height = 0.05
6.1169 	EXP 	text: text = -1.2288375999996788
6.1211 	EXP 	text: height = 0.05
6.1211 	EXP 	text: height = 0.05
6.1211 	EXP 	text: height = 0.05
6.1211 	EXP 	text: text = -1.2330266000026313
6.1253 	EXP 	text: height = 0.05
6.1253 	EXP 	text: height = 0.05
6.1253 	EXP 	text: height = 0.05
6.1253 	EXP 	text: text = -1.23711490000278
6.1294 	EXP 	text: height = 0.05
6.1294 	EXP 	text: height = 0.05
6.1294 	EXP 	text: height = 0.05
6.1294 	EXP 	text: text = -1.241341700002522
6.1341 	EXP 	text: height = 0.05
6.1341 	EXP 	text: height = 0.05
6.1341 	EXP 	text: height = 0.05
6.1341 	EXP 	text: text = -1.2454477999999654
6.1378 	EXP 	text: height = 0.05
6.1378 	EXP 	text: height = 0.05
6.1378 	EXP 	text: height = 0.05
6.1378 	EXP 	text: text = -1.2501484000022174
6.1419 	EXP 	text: height = 0.05
6.1419 	EXP 	text: height = 0.05
6.1419 	EXP 	text: height = 0.05
6.1419 	EXP 	text: text = -1.2537990000018908
6.1461 	EXP 	text: height = 0.05
6.1461 	EXP 	text: height = 0.05
6.1461 	EXP 	text: height = 0.05
6.1461 	EXP 	text: text = -1.258063500001299
6.1503 	EXP 	text: height = 0.05
6.1503 	EXP 	text: height = 0.05
6.1503 	EXP 	text: height = 0.05
6.1503 	EXP 	text: text = -1.2622093000027235
6.1544 	EXP 	text: height = 0.05
6.1544 	EXP 	text: height = 0.05
6.1544 	EXP 	text: height = 0.05
6.1544 	EXP 	text: text = -1.266389899999922
6.1586 	EXP 	text: height = 0.05
6.1586 	EXP 	text: height = 0.05
6.1586 	EXP 	text: height = 0.05
6.1586 	EXP 	text: text = -1.2704802000007476
6.1628 	EXP 	text: height = 0.05
6.1628 	EXP 	text: height = 0.05
6.1628 	EXP 	text: height = 0.05
6.1628 	EXP 	text: text = -1.2746334000003117
6.1670 	EXP 	text: height = 0.05
6.1670 	EXP 	text: height = 0.05
6.1670 	EXP 	text: height = 0.05
6.1670 	EXP 	text: text = -1.278932299999724
6.1711 	EXP 	text: height = 0.05
6.1711 	EXP 	text: height = 0.05
6.1711 	EXP 	text: height = 0.05
6.1711 	EXP 	text: text = -1.2831041000026744
6.1753 	EXP 	text: height = 0.05
6.1753 	EXP 	text: height = 0.05
6.1753 	EXP 	text: height = 0.05
6.1753 	EXP 	text: text = -1.2871615000003658
6.1801 	EXP 	text: height = 0.05
6.1801 	EXP 	text: height = 0.05
6.1801 	EXP 	text: height = 0.05
6.1801 	EXP 	text: text = -1.2913384000021324
6.1844 	EXP 	text: height = 0.05
6.1844 	EXP 	text: height = 0.05
6.1844 	EXP 	text: height = 0.05
6.1844 	EXP 	text: text = -1.2961580000010144
6.1885 	EXP 	text: height = 0.05
6.1885 	EXP 	text: height = 0.05
6.1885 	EXP 	text: height = 0.05
6.1885 	EXP 	text: text = -1.3004806999997527
6.1926 	EXP 	text: height = 0.05
6.1926 	EXP 	text: height = 0.05
6.1926 	EXP 	text: height = 0.05
6.1926 	EXP 	text: text = -1.304583700002695
6.1968 	EXP 	text: height = 0.05
6.1968 	EXP 	text: height = 0.05
6.1968 	EXP 	text: height = 0.05
6.1968 	EXP 	text: text = -1.3087450000020908
6.2010 	EXP 	text: height = 0.05
6.2010 	EXP 	text: height = 0.05
6.2010 	EXP 	text: height = 0.05
6.2010 	EXP 	text: text = -1.3129345000015746
6.2051 	EXP 	text: height = 0.05
6.2051 	EXP 	text: height = 0.05
6.2051 	EXP 	text: height = 0.05
6.2051 	EXP 	text: text = -1.3172489999997197
6.2093 	EXP 	text: height = 0.05
6.2093 	EXP 	text: height = 0.05
6.2093 	EXP 	text: height = 0.05
6.2093 	EXP 	text: text = -1.3212587000016356
6.2135 	EXP 	text: height = 0.05
6.2135 	EXP 	text: height = 0.05
6.2135 	EXP 	text: height = 0.05
6.2135 	EXP 	text: text = -1.325465100002475
6.2177 	EXP 	text: height = 0.05
6.2177 	EXP 	text: height = 0.05
6.2177 	EXP 	text: height = 0.05
6.2177 	EXP 	text: text = -1.329626200000348
6.2218 	EXP 	text: height = 0.05
6.2218 	EXP 	text: height = 0.05
6.2218 	EXP 	text: height = 0.05
6.2218 	EXP 	text: text = -1.3337573000026168
6.2269 	EXP 	text: height = 0.05
6.2269 	EXP 	text: height = 0.05
6.2269 	EXP 	text: height = 0.05
6.2269 	EXP 	text: text = -1.3379225000026054
6.2302 	EXP 	text: height = 0.05
6.2302 	EXP 	text: height = 0.05
6.2302 	EXP 	text: height = 0.05
6.2302 	EXP 	text: text = -1.3429867000013473
6.2343 	EXP 	text: height = 0.05
6.2343 	EXP 	text: height = 0.05
6.2343 	EXP 	text: height = 0.05
6.2343 	EXP 	text: text = -1.3461912000020675
6.2385 	EXP 	text: height = 0.05
6.2385 	EXP 	text: height = 0.05
6.2385 	EXP 	text: height = 0.05
6.2385 	EXP 	text: text = -1.3504358999998658
6.2427 	EXP 	text: height = 0.05
6.2427 	EXP 	text: height = 0.05
6.2427 	EXP 	text: height = 0.05
6.2427 	EXP 	text: text = -1.354586700002983
6.2469 	EXP 	text: height = 0.05
6.2469 	EXP 	text: height = 0.05
6.2469 	EXP 	text: height = 0.05
6.2469 	EXP 	text: text = -1.358783499999845
6.2510 	EXP 	text: height = 0.05
6.2510 	EXP 	text: height = 0.05
6.2510 	EXP 	text: height = 0.05
6.2510 	EXP 	text: text = -1.3629569000004267
6.2552 	EXP 	text: height = 0.05
6.2552 	EXP 	text: height = 0.05
6.2552 	EXP 	text: height = 0.05
6.2552 	EXP 	text: text = -1.3670521000021836
6.2594 	EXP 	text: height = 0.05
6.2594 	EXP 	text: height = 0.05
6.2594 	EXP 	text: height = 0.05
6.2594 	EXP 	text: text = -1.371271700001671
6.2635 	EXP 	text: height = 0.05
6.2635 	EXP 	text: height = 0.05
6.2635 	EXP 	text: height = 0.05
6.2635 	EXP 	text: text = -1.375457300000562
6.2677 	EXP 	text: height = 0.05
6.2677 	EXP 	text: height = 0.05
6.2677 	EXP 	text: height = 0.05
6.2677 	EXP 	text: text = -1.3797875000018394
6.2719 	EXP 	text: height = 0.05
6.2719 	EXP 	text: height = 0.05
6.2719 	EXP 	text: height = 0.05
6.2719 	EXP 	text: text = -1.3838414000019839
6.2765 	EXP 	text: height = 0.05
6.2765 	EXP 	text: height = 0.05
6.2765 	EXP 	text: height = 0.05
6.2765 	EXP 	text: text = -1.3879734000001918
6.2806 	EXP 	text: height = 0.05
6.2806 	EXP 	text: height = 0.05
6.2806 	EXP 	text: height = 0.05
6.2806 	EXP 	text: text = -1.3926210999998148
6.2847 	EXP 	text: height = 0.05
6.2847 	EXP 	text: height = 0.05
6.2847 	EXP 	text: height = 0.05
6.2847 	EXP 	text: text = -1.396618300001137
6.2889 	EXP 	text: height = 0.05
6.2889 	EXP 	text: height = 0.05
6.2889 	EXP 	text: height = 0.05
6.2889 	EXP 	text: text = -1.4008458999996947
6.2931 	EXP 	text: height = 0.05
6.2931 	EXP 	text: height = 0.05
6.2931 	EXP 	text: height = 0.05
6.2931 	EXP 	text: text = -1.404952200002299
6.2972 	EXP 	text: height = 0.05
6.2972 	EXP 	text: height = 0.05
6.2972 	EXP 	text: height = 0.05
6.2972 	EXP 	text: text = -1.4091755000008561
6.3014 	EXP 	text: height = 0.05
6.3014 	EXP 	text: height = 0.05
6.3014 	EXP 	text: height = 0.05
6.3014 	EXP 	text: text = -1.4133801000025414
6.3056 	EXP 	text: height = 0.05
6.3056 	EXP 	text: height = 0.05
6.3056 	EXP 	text: height = 0.05
6.3056 	EXP 	text: text = -1.417578600001434
6.3098 	EXP 	text: height = 0.05
6.3098 	EXP 	text: height = 0.05
6.3098 	EXP 	text: height = 0.05
6.3098 	EXP 	text: text = -1.4216293999998015
6.3139 	EXP 	text: height = 0.05
6.3139 	EXP 	text: height = 0.05
6.3139 	EXP 	text: height = 0.05
6.3139 	EXP 	text: text = -1.4258719000026758
6.3181 	EXP 	text: height = 0.05
6.3181 	EXP 	text: height = 0.05
6.3181 	EXP 	text: height = 0.05
6.3181 	EXP 	text: text = -1.4302884000026097
6.3224 	EXP 	text: height = 0.05
6.3224 	EXP 	text: height = 0.05
6.3224 	EXP 	text: height = 0.05
6.3224 	EXP 	text: text = -1.4341945000014675
6.3265 	EXP 	text: height = 0.05
6.3265 	EXP 	text: height = 0.05
6.3265 	EXP 	text: height = 0.05
6.3265 	EXP 	text: text = -1.4384968000013032
6.3306 	EXP 	text: height = 0.05
6.3306 	EXP 	text: height = 0.05
6.3306 	EXP 	text: height = 0.05
6.3306 	EXP 	text: text = -1.4424888000030478
6.3348 	EXP 	text: height = 0.05
6.3348 	EXP 	text: height = 0.05
6.3348 	EXP 	text: height = 0.05
6.3348 	EXP 	text: text = -1.4466627000001608
6.3390 	EXP 	text: height = 0.05
6.3390 	EXP 	text: height = 0.05
6.3390 	EXP 	text: height = 0.05
6.3390 	EXP 	text: text = -1.450830699999642
6.3431 	EXP 	text: height = 0.05
6.3431 	EXP 	text: height = 0.05
6.3431 	EXP 	text: height = 0.05
6.3431 	EXP 	text: text = -1.4549963999998
6.3473 	EXP 	text: height = 0.05
6.3473 	EXP 	text: height = 0.05
6.3473 	EXP 	text: height = 0.05
6.3473 	EXP 	text: text = -1.4592494999997143
6.3515 	EXP 	text: height = 0.05
6.3515 	EXP 	text: height = 0.05
6.3515 	EXP 	text: height = 0.05
6.3515 	EXP 	text: text = -1.4633482999997796
6.3557 	EXP 	text: height = 0.05
6.3557 	EXP 	text: height = 0.05
6.3557 	EXP 	text: height = 0.05
6.3557 	EXP 	text: text = -1.4675337000007858
6.3598 	EXP 	text: height = 0.05
6.3598 	EXP 	text: height = 0.05
6.3598 	EXP 	text: height = 0.05
6.3598 	EXP 	text: text = -1.4717810000001919
6.3640 	EXP 	text: height = 0.05
6.3640 	EXP 	text: height = 0.05
6.3640 	EXP 	text: height = 0.05
6.3640 	EXP 	text: text = -1.4758494000016071
6.3687 	EXP 	text: height = 0.05
6.3687 	EXP 	text: height = 0.05
6.3687 	EXP 	text: height = 0.05
6.3687 	EXP 	text: text = -1.4800944000016898
6.3723 	EXP 	text: height = 0.05
6.3723 	EXP 	text: height = 0.05
6.3723 	EXP 	text: height = 0.05
6.3723 	EXP 	text: text = -1.4848146000003908
6.3765 	EXP 	text: height = 0.05
6.3765 	EXP 	text: height = 0.05
6.3765 	EXP 	text: height = 0.05
6.3765 	EXP 	text: text = -1.4883710000030987
6.3807 	EXP 	text: height = 0.05
6.3807 	EXP 	text: height = 0.05
6.3807 	EXP 	text: height = 0.05
6.3807 	EXP 	text: text = -1.4926274999997986
6.3849 	EXP 	text: height = 0.05
6.3849 	EXP 	text: height = 0.05
6.3849 	EXP 	text: height = 0.05
6.3849 	EXP 	text: text = -1.4967853000016476
6.3890 	EXP 	text: height = 0.05
6.3890 	EXP 	text: height = 0.05
6.3890 	EXP 	text: height = 0.05
6.3890 	EXP 	text: text = -1.5009492999997747
6.3932 	EXP 	text: height = 0.05
6.3932 	EXP 	text: height = 0.05
6.3932 	EXP 	text: height = 0.05
6.3932 	EXP 	text: text = -1.5050454000011086
6.3974 	EXP 	text: height = 0.05
6.3974 	EXP 	text: height = 0.05
6.3974 	EXP 	text: height = 0.05
6.3974 	EXP 	text: text = -1.5092094999999972
6.4015 	EXP 	text: height = 0.05
6.4015 	EXP 	text: height = 0.05
6.4015 	EXP 	text: height = 0.05
6.4015 	EXP 	text: text = -1.5133897000014258
6.4057 	EXP 	text: height = 0.05
6.4057 	EXP 	text: height = 0.05
6.4057 	EXP 	text: height = 0.05
6.4057 	EXP 	text: text = -1.5175629000004847
6.4098 	EXP 	text: height = 0.05
6.4098 	EXP 	text: height = 0.05
6.4098 	EXP 	text: height = 0.05
6.4098 	EXP 	text: text = -1.5217068000019935
6.4144 	EXP 	text: height = 0.05
6.4144 	EXP 	text: height = 0.05
6.4144 	EXP 	text: height = 0.05
6.4144 	EXP 	text: text = -1.5258836000029987
6.4182 	EXP 	text: height = 0.05
6.4182 	EXP 	text: height = 0.05
6.4182 	EXP 	text: height = 0.05
6.4182 	EXP 	text: text = -1.5305310000003374
6.4223 	EXP 	text: height = 0.05
6.4223 	EXP 	text: height = 0.05
6.4223 	EXP 	text: height = 0.05
6.4223 	EXP 	text: text = -1.5342036000001826
6.4265 	EXP 	text: height = 0.05
6.4265 	EXP 	text: height = 0.05
6.4265 	EXP 	text: height = 0.05
6.4265 	EXP 	text: text = -1.538367000001017
6.4307 	EXP 	text: height = 0.05
6.4307 	EXP 	text: height = 0.05
6.4307 	EXP 	text: height = 0.05
6.4307 	EXP 	text: text = -1.5425399000014295
6.4349 	EXP 	text: height = 0.05
6.4349 	EXP 	text: height = 0.05
6.4349 	EXP 	text: height = 0.05
6.4349 	EXP 	text: text = -1.546709300000657
6.4390 	EXP 	text: height = 0.05
6.4390 	EXP 	text: height = 0.05
6.4390 	EXP 	text: height = 0.05
6.4390 	EXP 	text: text = -1.5508802000003925
6.4432 	EXP 	text: height = 0.05
6.4432 	EXP 	text: height = 0.05
6.4432 	EXP 	text: height = 0.05
6.4432 	EXP 	text: text = -1.5550503000013123
6.4474 	EXP 	text: height = 0.05
6.4474 	EXP 	text: height = 0.05
6.4474 	EXP 	text: height = 0.05
6.4474 	EXP 	text: text = -1.5592791000017314
6.4516 	EXP 	text: height = 0.05
6.4516 	EXP 	text: height = 0.05
6.4516 	EXP 	text: height = 0.05
6.4516 	EXP 	text: text = -1.563428000001295
6.4557 	EXP 	text: height = 0.05
6.4557 	EXP 	text: height = 0.05
6.4557 	EXP 	text: height = 0.05
6.4557 	EXP 	text: text = -1.5675963000030606
6.4606 	EXP 	text: height = 0.05
6.4606 	EXP 	text: height = 0.05
6.4606 	EXP 	text: height = 0.05
6.4606 	EXP 	text: text = -1.571762800002034
6.4641 	EXP 	text: height = 0.05
6.4641 	EXP 	text: height = 0.05
6.4641 	EXP 	text: height = 0.05
6.4641 	EXP 	text: text = -1.5766015000008338
6.4683 	EXP 	text: height = 0.05
6.4683 	EXP 	text: height = 0.05
6.4683 	EXP 	text: height = 0.05
6.4683 	EXP 	text: text = -1.5801090000022668
6.4724 	EXP 	text: height = 0.05
6.4724 	EXP 	text: height = 0.05
6.4724 	EXP 	text: height = 0.05
6.4724 	EXP 	text: text = -1.584284700002172
6.4766 	EXP 	text: height = 0.05
6.4766 	EXP 	text: height = 0.05
6.4766 	EXP 	text: height = 0.05
6.4766 	EXP 	text: text = -1.5884559000005538
6.4808 	EXP 	text: height = 0.05
6.4808 	EXP 	text: height = 0.05
6.4808 	EXP 	text: height = 0.05
6.4808 	EXP 	text: text = -1.5926204999996116
6.4849 	EXP 	text: height = 0.05
6.4849 	EXP 	text: height = 0.05
6.4849 	EXP 	text: height = 0.05
6.4849 	EXP 	text: text = -1.5967922000018007
6.4891 	EXP 	text: height = 0.05
6.4891 	EXP 	text: height = 0.05
6.4891 	EXP 	text: height = 0.05
6.4891 	EXP 	text: text = -1.6009588000015356
6.4933 	EXP 	text: height = 0.05
6.4933 	EXP 	text: height = 0.05
6.4933 	EXP 	text: height = 0.05
6.4933 	EXP 	text: text = -1.6051318000027095
6.4975 	EXP 	text: height = 0.05
6.4975 	EXP 	text: height = 0.05
6.4975 	EXP 	text: height = 0.05
6.4975 	EXP 	text: text = -1.6093411000001652
6.5017 	EXP 	text: height = 0.05
6.5017 	EXP 	text: height = 0.05
6.5017 	EXP 	text: height = 0.05
6.5017 	EXP 	text: text = -1.6135095000026922
6.5058 	EXP 	text: height = 0.05
6.5058 	EXP 	text: height = 0.05
6.5058 	EXP 	text: height = 0.05
6.5058 	EXP 	text: text = -1.6176790000026813
6.5101 	EXP 	text: height = 0.05
6.5101 	EXP 	text: height = 0.05
6.5101 	EXP 	text: height = 0.05
6.5101 	EXP 	text: text = -1.6218746000013198
6.5142 	EXP 	text: height = 0.05
6.5142 	EXP 	text: height = 0.05
6.5142 	EXP 	text: height = 0.05
6.5142 	EXP 	text: text = -1.6261269000024186
6.5183 	EXP 	text: height = 0.05
6.5183 	EXP 	text: height = 0.05
6.5183 	EXP 	text: height = 0.05
6.5183 	EXP 	text: text = -1.6301941000019724
6.5225 	EXP 	text: height = 0.05
6.5225 	EXP 	text: height = 0.05
6.5225 	EXP 	text: height = 0.05
6.5225 	EXP 	text: text = -1.6343637999998464
6.5267 	EXP 	text: height = 0.05
6.5267 	EXP 	text: height = 0.05
6.5267 	EXP 	text: height = 0.05
6.5267 	EXP 	text: text = -1.6385389999995823
6.5308 	EXP 	text: height = 0.05
6.5308 	EXP 	text: height = 0.05
6.5308 	EXP 	text: height = 0.05
6.5308 	EXP 	text: text = -1.6427077000007557
6.5350 	EXP 	text: height = 0.05
6.5350 	EXP 	text: height = 0.05
6.5350 	EXP 	text: height = 0.05
6.5350 	EXP 	text: text = -1.646859600001335
6.5392 	EXP 	text: height = 0.05
6.5392 	EXP 	text: height = 0.05
6.5392 	EXP 	text: height = 0.05
6.5392 	EXP 	text: text = -1.651047400002426
6.5434 	EXP 	text: height = 0.05
6.5434 	EXP 	text: height = 0.05
6.5434 	EXP 	text: height = 0.05
6.5434 	EXP 	text: text = -1.6552276000002166
6.5475 	EXP 	text: height = 0.05
6.5475 	EXP 	text: height = 0.05
6.5475 	EXP 	text: height = 0.05
6.5475 	EXP 	text: text = -1.6593912999996974
6.5517 	EXP 	text: height = 0.05
6.5517 	EXP 	text: height = 0.05
6.5517 	EXP 	text: height = 0.05
6.5517 	EXP 	text: text = -1.6635600000008708
6.5560 	EXP 	text: height = 0.05
6.5560 	EXP 	text: height = 0.05
6.5560 	EXP 	text: height = 0.05
6.5560 	EXP 	text: text = -1.6677530000015395
6.5601 	EXP 	text: height = 0.05
6.5601 	EXP 	text: height = 0.05
6.5601 	EXP 	text: height = 0.05
6.5601 	EXP 	text: text = -1.6720108000008622
6.5642 	EXP 	text: height = 0.05
6.5642 	EXP 	text: height = 0.05
6.5642 	EXP 	text: height = 0.05
6.5642 	EXP 	text: text = -1.6760783000027004
6.5684 	EXP 	text: height = 0.05
6.5684 	EXP 	text: height = 0.05
6.5684 	EXP 	text: height = 0.05
6.5684 	EXP 	text: text = -1.6802612000028603
6.5726 	EXP 	text: height = 0.05
6.5726 	EXP 	text: height = 0.05
6.5726 	EXP 	text: height = 0.05
6.5726 	EXP 	text: text = -1.6844330000021728
6.5767 	EXP 	text: height = 0.05
6.5767 	EXP 	text: height = 0.05
6.5767 	EXP 	text: height = 0.05
6.5767 	EXP 	text: text = -1.6885894000006374
6.5809 	EXP 	text: height = 0.05
6.5809 	EXP 	text: height = 0.05
6.5809 	EXP 	text: height = 0.05
6.5809 	EXP 	text: text = -1.6927386999996088
6.5853 	EXP 	text: height = 0.05
6.5853 	EXP 	text: height = 0.05
6.5853 	EXP 	text: height = 0.05
6.5853 	EXP 	text: text = -1.6969312000001082
6.5892 	EXP 	text: height = 0.05
6.5892 	EXP 	text: height = 0.05
6.5892 	EXP 	text: height = 0.05
6.5892 	EXP 	text: text = -1.7013251000025775
6.5934 	EXP 	text: height = 0.05
6.5934 	EXP 	text: height = 0.05
6.5934 	EXP 	text: height = 0.05
6.5934 	EXP 	text: text = -1.705272100000002
6.5976 	EXP 	text: height = 0.05
6.5976 	EXP 	text: height = 0.05
6.5976 	EXP 	text: height = 0.05
6.5976 	EXP 	text: text = -1.7094488000002457
6.6018 	EXP 	text: height = 0.05
6.6018 	EXP 	text: height = 0.05
6.6018 	EXP 	text: height = 0.05
6.6018 	EXP 	text: text = -1.7136162000024342
6.6059 	EXP 	text: height = 0.05
6.6059 	EXP 	text: height = 0.05
6.6059 	EXP 	text: height = 0.05
6.6059 	EXP 	text: text = -1.717792900002678
6.6101 	EXP 	text: height = 0.05
6.6101 	EXP 	text: height = 0.05
6.6101 	EXP 	text: height = 0.05
6.6101 	EXP 	text: text = -1.721965700002329
6.6143 	EXP 	text: height = 0.05
6.6143 	EXP 	text: height = 0.05
6.6143 	EXP 	text: height = 0.05
6.6143 	EXP 	text: text = -1.726125299999694
6.6186 	EXP 	text: height = 0.05
6.6186 	EXP 	text: height = 0.05
6.6186 	EXP 	text: height = 0.05
6.6186 	EXP 	text: text = -1.730296300000191
6.6226 	EXP 	text: height = 0.05
6.6226 	EXP 	text: height = 0.05
6.6226 	EXP 	text: height = 0.05
6.6226 	EXP 	text: text = -1.7345736999996006
6.6268 	EXP 	text: height = 0.05
6.6268 	EXP 	text: height = 0.05
6.6268 	EXP 	text: height = 0.05
6.6268 	EXP 	text: text = -1.7386420000002545
6.6309 	EXP 	text: height = 0.05
6.6309 	EXP 	text: height = 0.05
6.6309 	EXP 	text: height = 0.05
6.6309 	EXP 	text: text = -1.74281140000312
6.6351 	EXP 	text: height = 0.05
6.6351 	EXP 	text: height = 0.05
6.6351 	EXP 	text: height = 0.05
6.6351 	EXP 	text: text = -1.7469874000016716
6.6393 	EXP 	text: height = 0.05
6.6393 	EXP 	text: height = 0.05
6.6393 	EXP 	text: height = 0.05
6.6393 	EXP 	text: text = -1.7511556000026758
6.6435 	EXP 	text: height = 0.05
6.6435 	EXP 	text: height = 0.05
6.6435 	EXP 	text: height = 0.05
6.6435 	EXP 	text: text = -1.7553265999995347
6.6481 	EXP 	text: height = 0.05
6.6481 	EXP 	text: height = 0.05
6.6481 	EXP 	text: height = 0.05
6.6481 	EXP 	text: text = -1.7595084000022325
6.6518 	EXP 	text: height = 0.05
6.6518 	EXP 	text: height = 0.05
6.6518 	EXP 	text: height = 0.05
6.6518 	EXP 	text: text = -1.764109499999904
6.6560 	EXP 	text: height = 0.05
6.6560 	EXP 	text: height = 0.05
6.6560 	EXP 	text: height = 0.05
6.6560 	EXP 	text: text = -1.7678379000026325
6.6602 	EXP 	text: height = 0.05
6.6602 	EXP 	text: height = 0.05
6.6602 	EXP 	text: height = 0.05
6.6602 	EXP 	text: text = -1.7720081000006758
6.6643 	EXP 	text: height = 0.05
6.6643 	EXP 	text: height = 0.05
6.6643 	EXP 	text: height = 0.05
6.6643 	EXP 	text: text = -1.776182700003119
6.6685 	EXP 	text: height = 0.05
6.6685 	EXP 	text: height = 0.05
6.6685 	EXP 	text: height = 0.05
6.6685 	EXP 	text: text = -1.7803507000026002
6.6727 	EXP 	text: height = 0.05
6.6727 	EXP 	text: height = 0.05
6.6727 	EXP 	text: height = 0.05
6.6727 	EXP 	text: text = -1.7845207000027585
6.6768 	EXP 	text: height = 0.05
6.6768 	EXP 	text: height = 0.05
6.6768 	EXP 	text: height = 0.05
6.6768 	EXP 	text: text = -1.788691600002494
6.6811 	EXP 	text: height = 0.05
6.6811 	EXP 	text: height = 0.05
6.6811 	EXP 	text: height = 0.05
6.6811 	EXP 	text: text = -1.7928630000023986
6.6852 	EXP 	text: height = 0.05
6.6852 	EXP 	text: height = 0.05
6.6852 	EXP 	text: height = 0.05
6.6852 	EXP 	text: text = -1.797165700001642
6.6894 	EXP 	text: height = 0.05
6.6894 	EXP 	text: height = 0.05
6.6894 	EXP 	text: height = 0.05
6.6894 	EXP 	text: text = -1.8012099000006856
6.6935 	EXP 	text: height = 0.05
6.6935 	EXP 	text: height = 0.05
6.6935 	EXP 	text: height = 0.05
6.6935 	EXP 	text: text = -1.805375300002197
6.6977 	EXP 	text: height = 0.05
6.6977 	EXP 	text: height = 0.05
6.6977 	EXP 	text: height = 0.05
6.6977 	EXP 	text: text = -1.8095773000022746
6.7019 	EXP 	text: height = 0.05
6.7019 	EXP 	text: height = 0.05
6.7019 	EXP 	text: height = 0.05
6.7019 	EXP 	text: text = -1.8137188000000606
6.7060 	EXP 	text: height = 0.05
6.7060 	EXP 	text: height = 0.05
6.7060 	EXP 	text: height = 0.05
6.7060 	EXP 	text: text = -1.817887500001234
6.7111 	EXP 	text: height = 0.05
6.7111 	EXP 	text: height = 0.05
6.7111 	EXP 	text: height = 0.05
6.7111 	EXP 	text: text = -1.8220590000019001
6.7144 	EXP 	text: height = 0.05
6.7144 	EXP 	text: height = 0.05
6.7144 	EXP 	text: height = 0.05
6.7144 	EXP 	text: text = -1.8270747999995365
6.7185 	EXP 	text: height = 0.05
6.7185 	EXP 	text: height = 0.05
6.7185 	EXP 	text: height = 0.05
6.7185 	EXP 	text: text = -1.8304296000023896
6.7227 	EXP 	text: height = 0.05
6.7227 	EXP 	text: height = 0.05
6.7227 	EXP 	text: height = 0.05
6.7227 	EXP 	text: text = -1.8345700000027136
6.7269 	EXP 	text: height = 0.05
6.7269 	EXP 	text: height = 0.05
6.7269 	EXP 	text: height = 0.05
6.7269 	EXP 	text: text = -1.838775500000338
6.7311 	EXP 	text: height = 0.05
6.7311 	EXP 	text: height = 0.05
6.7311 	EXP 	text: height = 0.05
6.7311 	EXP 	text: text = -1.8429137000021
6.7353 	EXP 	text: height = 0.05
6.7353 	EXP 	text: height = 0.05
6.7353 	EXP 	text: height = 0.05
6.7353 	EXP 	text: text = -1.8470907000009902
6.7394 	EXP 	text: height = 0.05
6.7394 	EXP 	text: height = 0.05
6.7394 	EXP 	text: height = 0.05
6.7394 	EXP 	text: text = -1.8512735000003886
6.7437 	EXP 	text: height = 0.05
6.7437 	EXP 	text: height = 0.05
6.7437 	EXP 	text: height = 0.05
6.7437 	EXP 	text: text = -1.8554253000002063
6.7477 	EXP 	text: height = 0.05
6.7477 	EXP 	text: height = 0.05
6.7477 	EXP 	text: height = 0.05
6.7477 	EXP 	text: text = -1.8597272000006342
6.7519 	EXP 	text: height = 0.05
6.7519 	EXP 	text: height = 0.05
6.7519 	EXP 	text: height = 0.05
6.7519 	EXP 	text: text = -1.8637707000016235
6.7561 	EXP 	text: height = 0.05
6.7561 	EXP 	text: height = 0.05
6.7561 	EXP 	text: height = 0.05
6.7561 	EXP 	text: text = -1.8679380000030505
6.7603 	EXP 	text: height = 0.05
6.7603 	EXP 	text: height = 0.05
6.7603 	EXP 	text: height = 0.05
6.7603 	EXP 	text: text = -1.8721308000021963
6.7644 	EXP 	text: height = 0.05
6.7644 	EXP 	text: height = 0.05
6.7644 	EXP 	text: height = 0.05
6.7644 	EXP 	text: text = -1.8762959000014234
6.7686 	EXP 	text: height = 0.05
6.7686 	EXP 	text: height = 0.05
6.7686 	EXP 	text: height = 0.05
6.7686 	EXP 	text: text = -1.880454699999973
6.7737 	EXP 	text: height = 0.05
6.7737 	EXP 	text: height = 0.05
6.7737 	EXP 	text: height = 0.05
6.7737 	EXP 	text: text = -1.884633900001063
6.7769 	EXP 	text: height = 0.05
6.7769 	EXP 	text: height = 0.05
6.7769 	EXP 	text: height = 0.05
6.7769 	EXP 	text: text = -1.889714200002345
6.7811 	EXP 	text: height = 0.05
6.7811 	EXP 	text: height = 0.05
6.7811 	EXP 	text: height = 0.05
6.7811 	EXP 	text: text = -1.8929642000002787
6.7853 	EXP 	text: height = 0.05
6.7853 	EXP 	text: height = 0.05
6.7853 	EXP 	text: height = 0.05
6.7853 	EXP 	text: text = -1.8971553000010317
6.7895 	EXP 	text: height = 0.05
6.7895 	EXP 	text: height = 0.05
6.7895 	EXP 	text: height = 0.05
6.7895 	EXP 	text: text = -1.901310100001865
6.7936 	EXP 	text: height = 0.05
6.7936 	EXP 	text: height = 0.05
6.7936 	EXP 	text: height = 0.05
6.7936 	EXP 	text: text = -1.9054772000017692
6.7978 	EXP 	text: height = 0.05
6.7978 	EXP 	text: height = 0.05
6.7978 	EXP 	text: height = 0.05
6.7978 	EXP 	text: text = -1.9096497999998974
6.8020 	EXP 	text: height = 0.05
6.8020 	EXP 	text: height = 0.05
6.8020 	EXP 	text: height = 0.05
6.8020 	EXP 	text: text = -1.9138204000009864
6.8062 	EXP 	text: height = 0.05
6.8062 	EXP 	text: height = 0.05
6.8062 	EXP 	text: height = 0.05
6.8062 	EXP 	text: text = -1.917991100002837
6.8103 	EXP 	text: height = 0.05
6.8103 	EXP 	text: height = 0.05
6.8103 	EXP 	text: height = 0.05
6.8103 	EXP 	text: text = -1.9222694000018237
6.8145 	EXP 	text: height = 0.05
6.8145 	EXP 	text: height = 0.05
6.8145 	EXP 	text: height = 0.05
6.8145 	EXP 	text: text = -1.9263366000013775
6.8187 	EXP 	text: height = 0.05
6.8187 	EXP 	text: height = 0.05
6.8187 	EXP 	text: height = 0.05
6.8187 	EXP 	text: text = -1.9304767000030552
6.8228 	EXP 	text: height = 0.05
6.8228 	EXP 	text: height = 0.05
6.8228 	EXP 	text: height = 0.05
6.8228 	EXP 	text: text = -1.9346758000028785
6.8270 	EXP 	text: height = 0.05
6.8270 	EXP 	text: height = 0.05
6.8270 	EXP 	text: height = 0.05
6.8270 	EXP 	text: text = -1.9388439000031212
6.8311 	EXP 	text: height = 0.05
6.8311 	EXP 	text: height = 0.05
6.8311 	EXP 	text: height = 0.05
6.8311 	EXP 	text: text = -1.9429892000007385
6.8354 	EXP 	text: height = 0.05
6.8354 	EXP 	text: height = 0.05
6.8354 	EXP 	text: height = 0.05
6.8354 	EXP 	text: text = -1.947159700001066
6.8396 	EXP 	text: height = 0.05
6.8396 	EXP 	text: height = 0.05
6.8396 	EXP 	text: height = 0.05
6.8396 	EXP 	text: text = -1.9514492000016617
6.8437 	EXP 	text: height = 0.05
6.8437 	EXP 	text: height = 0.05
6.8437 	EXP 	text: height = 0.05
6.8437 	EXP 	text: text = -1.9556317000024137
6.8478 	EXP 	text: height = 0.05
6.8478 	EXP 	text: height = 0.05
6.8478 	EXP 	text: height = 0.05
6.8478 	EXP 	text: text = -1.9596977000001061
6.8526 	EXP 	text: height = 0.05
6.8526 	EXP 	text: height = 0.05
6.8526 	EXP 	text: height = 0.05
6.8526 	EXP 	text: text = -1.9638723999996728
6.8541 	DATA 	Mouse: Left button down, pos=(992,371)
6.8562 	EXP 	text: height = 0.05
6.8562 	EXP 	text: height = 0.05
6.8562 	EXP 	text: height = 0.05
6.8562 	EXP 	text: text = -1.9685881000004883
6.8604 	EXP 	text: height = 0.05
6.8604 	EXP 	text: height = 0.05
6.8604 	EXP 	text: height = 0.05
6.8604 	EXP 	text: text = -1.9722538000023633
6.8645 	EXP 	text: height = 0.05
6.8645 	EXP 	text: height = 0.05
6.8645 	EXP 	text: height = 0.05
6.8645 	EXP 	text: text = -1.9763813000026857
6.8687 	EXP 	text: height = 0.05
6.8687 	EXP 	text: height = 0.05
6.8687 	EXP 	text: height = 0.05
6.8687 	EXP 	text: text = -1.980550200001744
6.8729 	EXP 	text: height = 0.05
6.8729 	EXP 	text: height = 0.05
6.8729 	EXP 	text: height = 0.05
6.8729 	EXP 	text: text = -1.9847259000016493
6.8770 	EXP 	text: height = 0.05
6.8770 	EXP 	text: height = 0.05
6.8770 	EXP 	text: height = 0.05
6.8770 	EXP 	text: text = -1.988899300002231
6.8812 	EXP 	text: height = 0.05
6.8812 	EXP 	text: height = 0.05
6.8812 	EXP 	text: height = 0.05
6.8812 	EXP 	text: text = -1.9930717999995977
6.8854 	EXP 	text: height = 0.05
6.8854 	EXP 	text: height = 0.05
6.8854 	EXP 	text: height = 0.05
6.8854 	EXP 	text: text = -1.997235400001955
6.8896 	EXP 	text: height = 0.05
6.8896 	EXP 	text: height = 0.05
6.8896 	EXP 	text: height = 0.05
6.8896 	EXP 	text: text = -2.001403600002959
6.8937 	EXP 	text: height = 0.05
6.8937 	EXP 	text: height = 0.05
6.8937 	EXP 	text: height = 0.05
6.8937 	EXP 	text: text = -2.005578800002695
6.8980 	EXP 	text: height = 0.05
6.8980 	EXP 	text: height = 0.05
6.8980 	EXP 	text: height = 0.05
6.8980 	EXP 	text: text = -2.009748500000569
6.9022 	EXP 	text: height = 0.05
6.9022 	EXP 	text: height = 0.05
6.9022 	EXP 	text: height = 0.05
6.9022 	EXP 	text: text = -2.013977000002342
6.9062 	EXP 	text: height = 0.05
6.9062 	EXP 	text: height = 0.05
6.9062 	EXP 	text: height = 0.05
6.9062 	EXP 	text: text = -2.018193900003098
6.9104 	EXP 	text: height = 0.05
6.9104 	EXP 	text: height = 0.05
6.9104 	EXP 	text: height = 0.05
6.9104 	EXP 	text: text = -2.0222619000014674
6.9146 	EXP 	text: height = 0.05
6.9146 	EXP 	text: height = 0.05
6.9146 	EXP 	text: height = 0.05
6.9146 	EXP 	text: text = -2.02643110000281
6.9188 	EXP 	text: height = 0.05
6.9188 	EXP 	text: height = 0.05
6.9188 	EXP 	text: height = 0.05
6.9188 	EXP 	text: text = -2.030603000002884
6.9229 	EXP 	text: height = 0.05
6.9229 	EXP 	text: height = 0.05
6.9229 	EXP 	text: height = 0.05
6.9229 	EXP 	text: text = -2.0347825000026205
6.9271 	EXP 	text: height = 0.05
6.9271 	EXP 	text: height = 0.05
6.9271 	EXP 	text: height = 0.05
6.9271 	EXP 	text: text = -2.03894500000024
6.9313 	EXP 	text: height = 0.05
6.9313 	EXP 	text: height = 0.05
6.9313 	EXP 	text: height = 0.05
6.9313 	EXP 	text: text = -2.043128600002092
6.9354 	EXP 	text: height = 0.05
6.9354 	EXP 	text: height = 0.05
6.9354 	EXP 	text: height = 0.05
6.9354 	EXP 	text: text = -2.0472857000022486
6.9396 	EXP 	text: height = 0.05
6.9396 	EXP 	text: height = 0.05
6.9396 	EXP 	text: height = 0.05
6.9396 	EXP 	text: text = -2.051459000002069
6.9438 	EXP 	text: height = 0.05
6.9438 	EXP 	text: height = 0.05
6.9438 	EXP 	text: height = 0.05
6.9438 	EXP 	text: text = -2.055633400002989
6.9481 	EXP 	text: height = 0.05
6.9481 	EXP 	text: height = 0.05
6.9481 	EXP 	text: height = 0.05
6.9481 	EXP 	text: text = -2.0597985000022163
6.9521 	EXP 	text: height = 0.05
6.9521 	EXP 	text: height = 0.05
6.9521 	EXP 	text: height = 0.05
6.9521 	EXP 	text: text = -2.0640745000018796
6.9563 	EXP 	text: height = 0.05
6.9563 	EXP 	text: height = 0.05
6.9563 	EXP 	text: height = 0.05
6.9563 	EXP 	text: text = -2.0681461000021955
6.9605 	EXP 	text: height = 0.05
6.9605 	EXP 	text: height = 0.05
6.9605 	EXP 	text: height = 0.05
6.9605 	EXP 	text: text = -2.0723151000020152
6.9622 	DATA 	Mouse:  Left button up, pos=(992,371)
6.9646 	EXP 	text: height = 0.05
6.9646 	EXP 	text: height = 0.05
6.9646 	EXP 	text: height = 0.05
6.9646 	EXP 	text: text = -2.076482100001158
6.9688 	EXP 	text: height = 0.05
6.9688 	EXP 	text: height = 0.05
6.9688 	EXP 	text: height = 0.05
6.9688 	EXP 	text: text = -2.0806890000021667
6.9730 	EXP 	text: height = 0.05
6.9730 	EXP 	text: height = 0.05
6.9730 	EXP 	text: height = 0.05
6.9730 	EXP 	text: text = -2.084890900001483
6.9771 	EXP 	text: height = 0.05
6.9771 	EXP 	text: height = 0.05
6.9771 	EXP 	text: height = 0.05
6.9771 	EXP 	text: text = -2.0889942000030715
6.9813 	EXP 	text: height = 0.05
6.9813 	EXP 	text: height = 0.05
6.9813 	EXP 	text: height = 0.05
6.9813 	EXP 	text: text = -2.0931729000003543
6.9855 	EXP 	text: height = 0.05
6.9855 	EXP 	text: height = 0.05
6.9855 	EXP 	text: height = 0.05
6.9855 	EXP 	text: text = -2.0973376000001736
6.9897 	EXP 	text: height = 0.05
6.9897 	EXP 	text: height = 0.05
6.9897 	EXP 	text: height = 0.05
6.9897 	EXP 	text: text = -2.1015445000011823
6.9941 	EXP 	text: height = 0.05
6.9941 	EXP 	text: height = 0.05
6.9941 	EXP 	text: height = 0.05
6.9941 	EXP 	text: text = -2.1056792000017595
6.9980 	EXP 	text: height = 0.05
6.9980 	EXP 	text: height = 0.05
6.9980 	EXP 	text: height = 0.05
6.9980 	EXP 	text: text = -2.1101272000014433
7.0022 	EXP 	text: height = 0.05
7.0022 	EXP 	text: height = 0.05
7.0022 	EXP 	text: height = 0.05
7.0022 	EXP 	text: text = -2.1140408999999636
7.0063 	EXP 	text: height = 0.05
7.0063 	EXP 	text: height = 0.05
7.0063 	EXP 	text: height = 0.05
7.0063 	EXP 	text: text = -2.118194000002404
7.0105 	EXP 	text: height = 0.05
7.0105 	EXP 	text: height = 0.05
7.0105 	EXP 	text: height = 0.05
7.0105 	EXP 	text: text = -2.1223631000029854
7.0147 	EXP 	text: height = 0.05
7.0147 	EXP 	text: height = 0.05
7.0147 	EXP 	text: height = 0.05
7.0147 	EXP 	text: text = -2.126557999999932
7.0189 	EXP 	text: height = 0.05
7.0189 	EXP 	text: height = 0.05
7.0189 	EXP 	text: height = 0.05
7.0189 	EXP 	text: text = -2.1307212000028812
7.0230 	EXP 	text: height = 0.05
7.0230 	EXP 	text: height = 0.05
7.0230 	EXP 	text: height = 0.05
7.0230 	EXP 	text: text = -2.1348870000001625
7.0272 	EXP 	text: height = 0.05
7.0272 	EXP 	text: height = 0.05
7.0272 	EXP 	text: height = 0.05
7.0272 	EXP 	text: text = -2.139065400002437
7.0314 	EXP 	text: height = 0.05
7.0314 	EXP 	text: height = 0.05
7.0314 	EXP 	text: height = 0.05
7.0314 	EXP 	text: text = -2.143219900000986
7.0355 	EXP 	text: height = 0.05
7.0355 	EXP 	text: height = 0.05
7.0355 	EXP 	text: height = 0.05
7.0355 	EXP 	text: text = -2.1474169000030088
7.0401 	EXP 	text: height = 0.05
7.0401 	EXP 	text: height = 0.05
7.0401 	EXP 	text: height = 0.05
7.0401 	EXP 	text: text = -2.1515940000026603
7.0439 	EXP 	text: height = 0.05
7.0439 	EXP 	text: height = 0.05
7.0439 	EXP 	text: height = 0.05
7.0439 	EXP 	text: text = -2.1561058000006597
7.0481 	EXP 	text: height = 0.05
7.0481 	EXP 	text: height = 0.05
7.0481 	EXP 	text: height = 0.05
7.0481 	EXP 	text: text = -2.159931800000777
7.0522 	EXP 	text: height = 0.05
7.0522 	EXP 	text: height = 0.05
7.0522 	EXP 	text: height = 0.05
7.0522 	EXP 	text: text = -2.1640760000009323
7.0564 	EXP 	text: height = 0.05
7.0564 	EXP 	text: height = 0.05
7.0564 	EXP 	text: height = 0.05
7.0564 	EXP 	text: text = -2.1682484000011755
7.0606 	EXP 	text: height = 0.05
7.0606 	EXP 	text: height = 0.05
7.0606 	EXP 	text: height = 0.05
7.0606 	EXP 	text: text = -2.1724296000029426
7.0647 	EXP 	text: height = 0.05
7.0647 	EXP 	text: height = 0.05
7.0647 	EXP 	text: height = 0.05
7.0647 	EXP 	text: text = -2.176589500002592
7.0689 	EXP 	text: height = 0.05
7.0689 	EXP 	text: height = 0.05
7.0689 	EXP 	text: height = 0.05
7.0689 	EXP 	text: text = -2.1807637000019895
7.0731 	EXP 	text: height = 0.05
7.0731 	EXP 	text: height = 0.05
7.0731 	EXP 	text: height = 0.05
7.0731 	EXP 	text: text = -2.1849292000006244
7.0773 	EXP 	text: height = 0.05
7.0773 	EXP 	text: height = 0.05
7.0773 	EXP 	text: height = 0.05
7.0773 	EXP 	text: text = -2.1891077000000223
7.0814 	EXP 	text: height = 0.05
7.0814 	EXP 	text: height = 0.05
7.0814 	EXP 	text: height = 0.05
7.0814 	EXP 	text: text = -2.1933004000020446
7.0856 	EXP 	text: height = 0.05
7.0856 	EXP 	text: height = 0.05
7.0856 	EXP 	text: height = 0.05
7.0856 	EXP 	text: text = -2.1974663000000874
7.0899 	EXP 	text: height = 0.05
7.0899 	EXP 	text: height = 0.05
7.0899 	EXP 	text: height = 0.05
7.0899 	EXP 	text: text = -2.2016369000011764
7.0939 	EXP 	text: height = 0.05
7.0939 	EXP 	text: height = 0.05
7.0939 	EXP 	text: height = 0.05
7.0939 	EXP 	text: text = -2.205915200000163
7.0981 	EXP 	text: height = 0.05
7.0981 	EXP 	text: height = 0.05
7.0981 	EXP 	text: height = 0.05
7.0981 	EXP 	text: text = -2.209956200000306
7.1023 	EXP 	text: height = 0.05
7.1023 	EXP 	text: height = 0.05
7.1023 	EXP 	text: height = 0.05
7.1023 	EXP 	text: text = -2.214130500000465
7.1065 	EXP 	text: height = 0.05
7.1065 	EXP 	text: height = 0.05
7.1065 	EXP 	text: height = 0.05
7.1065 	EXP 	text: text = -2.218302200002654
7.1106 	EXP 	text: height = 0.05
7.1106 	EXP 	text: height = 0.05
7.1106 	EXP 	text: height = 0.05
7.1106 	EXP 	text: text = -2.222472299999936
7.1148 	EXP 	text: height = 0.05
7.1148 	EXP 	text: height = 0.05
7.1148 	EXP 	text: height = 0.05
7.1148 	EXP 	text: text = -2.226643800000602
7.1190 	EXP 	text: height = 0.05
7.1190 	EXP 	text: height = 0.05
7.1190 	EXP 	text: height = 0.05
7.1190 	EXP 	text: text = -2.2308145000024524
7.1231 	EXP 	text: height = 0.05
7.1231 	EXP 	text: height = 0.05
7.1231 	EXP 	text: height = 0.05
7.1231 	EXP 	text: text = -2.234982400001172
7.1273 	EXP 	text: height = 0.05
7.1273 	EXP 	text: height = 0.05
7.1273 	EXP 	text: height = 0.05
7.1273 	EXP 	text: text = -2.2391912000020966
7.1315 	EXP 	text: height = 0.05
7.1315 	EXP 	text: height = 0.05
7.1315 	EXP 	text: height = 0.05
7.1315 	EXP 	text: text = -2.2433261000005587
7.1358 	EXP 	text: height = 0.05
7.1358 	EXP 	text: height = 0.05
7.1358 	EXP 	text: height = 0.05
7.1358 	EXP 	text: text = -2.2474947000009706
7.1398 	EXP 	text: height = 0.05
7.1398 	EXP 	text: height = 0.05
7.1398 	EXP 	text: height = 0.05
7.1398 	EXP 	text: text = -2.2517783000002964
7.1440 	EXP 	text: height = 0.05
7.1440 	EXP 	text: height = 0.05
7.1440 	EXP 	text: height = 0.05
7.1440 	EXP 	text: text = -2.2558629000013752
7.1482 	EXP 	text: height = 0.05
7.1482 	EXP 	text: height = 0.05
7.1482 	EXP 	text: height = 0.05
7.1482 	EXP 	text: text = -2.260020900001109
7.1523 	EXP 	text: height = 0.05
7.1523 	EXP 	text: height = 0.05
7.1523 	EXP 	text: height = 0.05
7.1523 	EXP 	text: text = -2.264267700000346
7.1568 	EXP 	text: height = 0.05
7.1568 	EXP 	text: height = 0.05
7.1568 	EXP 	text: height = 0.05
7.1568 	EXP 	text: text = -2.2683544999999867
7.1607 	EXP 	text: height = 0.05
7.1607 	EXP 	text: height = 0.05
7.1607 	EXP 	text: height = 0.05
7.1607 	EXP 	text: text = -2.272857300002215
7.1648 	EXP 	text: height = 0.05
7.1648 	EXP 	text: height = 0.05
7.1648 	EXP 	text: height = 0.05
7.1648 	EXP 	text: text = -2.276691800001572
7.1690 	EXP 	text: height = 0.05
7.1690 	EXP 	text: height = 0.05
7.1690 	EXP 	text: height = 0.05
7.1690 	EXP 	text: text = -2.2808672999999544
7.1732 	EXP 	text: height = 0.05
7.1732 	EXP 	text: height = 0.05
7.1732 	EXP 	text: height = 0.05
7.1732 	EXP 	text: text = -2.2851320000008855
7.1774 	EXP 	text: height = 0.05
7.1774 	EXP 	text: height = 0.05
7.1774 	EXP 	text: height = 0.05
7.1774 	EXP 	text: text = -2.289203800002724
7.1826 	EXP 	text: height = 0.05
7.1826 	EXP 	text: height = 0.05
7.1826 	EXP 	text: height = 0.05
7.1826 	EXP 	text: text = -2.293375900000683
7.1865 	EXP 	text: height = 0.05
7.1865 	EXP 	text: height = 0.05
7.1865 	EXP 	text: height = 0.05
7.1865 	EXP 	text: text = -2.2986108000004606
7.1904 	EXP 	text: height = 0.05
7.1904 	EXP 	text: height = 0.05
7.1904 	EXP 	text: height = 0.05
7.1904 	EXP 	text: text = -2.3025024000016856
7.1946 	EXP 	text: height = 0.05
7.1946 	EXP 	text: height = 0.05
7.1946 	EXP 	text: height = 0.05
7.1946 	EXP 	text: text = -2.3063913000005414
7.1987 	EXP 	text: height = 0.05
7.1987 	EXP 	text: height = 0.05
7.1987 	EXP 	text: height = 0.05
7.1987 	EXP 	text: text = -2.3105749000023934
7.2029 	EXP 	text: height = 0.05
7.2029 	EXP 	text: height = 0.05
7.2029 	EXP 	text: height = 0.05
7.2029 	EXP 	text: text = -2.3147349000028044
7.2071 	EXP 	text: height = 0.05
7.2071 	EXP 	text: height = 0.05
7.2071 	EXP 	text: height = 0.05
7.2071 	EXP 	text: text = -2.3189307000029658
7.2112 	EXP 	text: height = 0.05
7.2112 	EXP 	text: height = 0.05
7.2112 	EXP 	text: height = 0.05
7.2112 	EXP 	text: text = -2.3230805000021064
7.2154 	EXP 	text: height = 0.05
7.2154 	EXP 	text: height = 0.05
7.2154 	EXP 	text: height = 0.05
7.2154 	EXP 	text: text = -2.3272346000012476
7.2196 	EXP 	text: height = 0.05
7.2196 	EXP 	text: height = 0.05
7.2196 	EXP 	text: height = 0.05
7.2196 	EXP 	text: text = -2.3314190000019153
7.2238 	EXP 	text: height = 0.05
7.2238 	EXP 	text: height = 0.05
7.2238 	EXP 	text: height = 0.05
7.2238 	EXP 	text: text = -2.3355910000027507
7.2284 	EXP 	text: height = 0.05
7.2284 	EXP 	text: height = 0.05
7.2284 	EXP 	text: height = 0.05
7.2284 	EXP 	text: text = -2.339772900002572
7.2321 	EXP 	text: height = 0.05
7.2321 	EXP 	text: height = 0.05
7.2321 	EXP 	text: height = 0.05
7.2321 	EXP 	text: text = -2.344463400000677
7.2363 	EXP 	text: height = 0.05
7.2363 	EXP 	text: height = 0.05
7.2363 	EXP 	text: height = 0.05
7.2363 	EXP 	text: text = -2.3481314000018756
7.2404 	EXP 	text: height = 0.05
7.2404 	EXP 	text: height = 0.05
7.2404 	EXP 	text: height = 0.05
7.2404 	EXP 	text: text = -2.3522872000030475
7.2446 	EXP 	text: height = 0.05
7.2446 	EXP 	text: height = 0.05
7.2446 	EXP 	text: height = 0.05
7.2446 	EXP 	text: text = -2.35645420000219
7.2488 	EXP 	text: height = 0.05
7.2488 	EXP 	text: height = 0.05
7.2488 	EXP 	text: height = 0.05
7.2488 	EXP 	text: text = -2.3606156000023475
7.2529 	EXP 	text: height = 0.05
7.2529 	EXP 	text: height = 0.05
7.2529 	EXP 	text: height = 0.05
7.2529 	EXP 	text: text = -2.364807000001747
7.2571 	EXP 	text: height = 0.05
7.2571 	EXP 	text: height = 0.05
7.2571 	EXP 	text: height = 0.05
7.2571 	EXP 	text: text = -2.3689632000023266
7.2573 	DATA 	Mouse: Left button down, pos=(992,371)
7.2613 	EXP 	text: height = 0.05
7.2613 	EXP 	text: height = 0.05
7.2613 	EXP 	text: height = 0.05
7.2613 	EXP 	text: text = -2.3733667000014975
7.2654 	EXP 	text: height = 0.05
7.2654 	EXP 	text: height = 0.05
7.2654 	EXP 	text: height = 0.05
7.2654 	EXP 	text: text = -2.3773249000005308
7.2696 	EXP 	text: height = 0.05
7.2696 	EXP 	text: height = 0.05
7.2696 	EXP 	text: height = 0.05
7.2696 	EXP 	text: text = -2.381467600000178
7.2746 	EXP 	text: height = 0.05
7.2746 	EXP 	text: height = 0.05
7.2746 	EXP 	text: height = 0.05
7.2746 	EXP 	text: text = -2.3856382000012673
7.2780 	EXP 	text: height = 0.05
7.2780 	EXP 	text: height = 0.05
7.2780 	EXP 	text: height = 0.05
7.2780 	EXP 	text: text = -2.3906079000007594
7.2822 	EXP 	text: height = 0.05
7.2822 	EXP 	text: height = 0.05
7.2822 	EXP 	text: height = 0.05
7.2822 	EXP 	text: text = -2.3940984000000753
7.2864 	EXP 	text: height = 0.05
7.2864 	EXP 	text: height = 0.05
7.2864 	EXP 	text: height = 0.05
7.2864 	EXP 	text: text = -2.398222600000736
7.2905 	EXP 	text: height = 0.05
7.2905 	EXP 	text: height = 0.05
7.2905 	EXP 	text: height = 0.05
7.2905 	EXP 	text: text = -2.4023931000010634
7.2947 	EXP 	text: height = 0.05
7.2947 	EXP 	text: height = 0.05
7.2947 	EXP 	text: height = 0.05
7.2947 	EXP 	text: text = -2.406566000001476
7.2989 	EXP 	text: height = 0.05
7.2989 	EXP 	text: height = 0.05
7.2989 	EXP 	text: height = 0.05
7.2989 	EXP 	text: text = -2.4107376000029035
7.3031 	EXP 	text: height = 0.05
7.3031 	EXP 	text: height = 0.05
7.3031 	EXP 	text: height = 0.05
7.3031 	EXP 	text: text = -2.414905200002977
7.3072 	EXP 	text: height = 0.05
7.3072 	EXP 	text: height = 0.05
7.3072 	EXP 	text: height = 0.05
7.3072 	EXP 	text: text = -2.4190774000016972
7.3114 	EXP 	text: height = 0.05
7.3114 	EXP 	text: height = 0.05
7.3114 	EXP 	text: height = 0.05
7.3114 	EXP 	text: text = -2.4232504999999946
7.3156 	EXP 	text: height = 0.05
7.3156 	EXP 	text: height = 0.05
7.3156 	EXP 	text: height = 0.05
7.3156 	EXP 	text: text = -2.427422900000238
7.3198 	EXP 	text: height = 0.05
7.3198 	EXP 	text: height = 0.05
7.3198 	EXP 	text: height = 0.05
7.3198 	EXP 	text: text = -2.431612000000314
7.3240 	EXP 	text: height = 0.05
7.3240 	EXP 	text: height = 0.05
7.3240 	EXP 	text: height = 0.05
7.3240 	EXP 	text: text = -2.435883800000738
7.3281 	EXP 	text: height = 0.05
7.3281 	EXP 	text: height = 0.05
7.3281 	EXP 	text: height = 0.05
7.3281 	EXP 	text: text = -2.440063400001236
7.3323 	EXP 	text: height = 0.05
7.3323 	EXP 	text: height = 0.05
7.3323 	EXP 	text: height = 0.05
7.3323 	EXP 	text: text = -2.4441003000029013
7.3364 	EXP 	text: height = 0.05
7.3364 	EXP 	text: height = 0.05
7.3364 	EXP 	text: height = 0.05
7.3364 	EXP 	text: text = -2.4482747000001837
7.3406 	EXP 	text: height = 0.05
7.3406 	EXP 	text: height = 0.05
7.3406 	EXP 	text: height = 0.05
7.3406 	EXP 	text: text = -2.4524439000015263
7.3408 	DATA 	Mouse:  Left button up, pos=(992,371)
7.3448 	EXP 	text: height = 0.05
7.3448 	EXP 	text: height = 0.05
7.3448 	EXP 	text: height = 0.05
7.3448 	EXP 	text: text = -2.4567707999995037
7.3489 	EXP 	text: height = 0.05
7.3489 	EXP 	text: height = 0.05
7.3489 	EXP 	text: height = 0.05
7.3489 	EXP 	text: text = -2.4608490000027814
7.3531 	EXP 	text: height = 0.05
7.3531 	EXP 	text: height = 0.05
7.3531 	EXP 	text: height = 0.05
7.3531 	EXP 	text: text = -2.4649573000024247
7.3573 	EXP 	text: height = 0.05
7.3573 	EXP 	text: height = 0.05
7.3573 	EXP 	text: height = 0.05
7.3573 	EXP 	text: text = -2.4691272000018216
7.3614 	EXP 	text: height = 0.05
7.3614 	EXP 	text: height = 0.05
7.3614 	EXP 	text: height = 0.05
7.3614 	EXP 	text: text = -2.4732980000007956
7.3656 	EXP 	text: height = 0.05
7.3656 	EXP 	text: height = 0.05
7.3656 	EXP 	text: height = 0.05
7.3656 	EXP 	text: text = -2.477471100002731
7.3701 	EXP 	text: height = 0.05
7.3701 	EXP 	text: height = 0.05
7.3701 	EXP 	text: height = 0.05
7.3701 	EXP 	text: text = -2.4816513000005216
7.3740 	EXP 	text: height = 0.05
7.3740 	EXP 	text: height = 0.05
7.3740 	EXP 	text: height = 0.05
7.3740 	EXP 	text: text = -2.486110500001814
7.3781 	EXP 	text: height = 0.05
7.3781 	EXP 	text: height = 0.05
7.3781 	EXP 	text: height = 0.05
7.3781 	EXP 	text: text = -2.4899825000029523
7.3823 	EXP 	text: height = 0.05
7.3823 	EXP 	text: height = 0.05
7.3823 	EXP 	text: height = 0.05
7.3823 	EXP 	text: text = -2.494152800001757
7.3865 	EXP 	text: height = 0.05
7.3865 	EXP 	text: height = 0.05
7.3865 	EXP 	text: height = 0.05
7.3865 	EXP 	text: text = -2.4983391000023403
7.3906 	EXP 	text: height = 0.05
7.3906 	EXP 	text: height = 0.05
7.3906 	EXP 	text: height = 0.05
7.3906 	EXP 	text: text = -2.5025031000004674
7.3948 	EXP 	text: height = 0.05
7.3948 	EXP 	text: height = 0.05
7.3948 	EXP 	text: height = 0.05
7.3948 	EXP 	text: text = -2.5066645000006247
7.3990 	EXP 	text: height = 0.05
7.3990 	EXP 	text: height = 0.05
7.3990 	EXP 	text: height = 0.05
7.3990 	EXP 	text: text = -2.5108366000022215
7.4032 	EXP 	text: height = 0.05
7.4032 	EXP 	text: height = 0.05
7.4032 	EXP 	text: height = 0.05
7.4032 	EXP 	text: text = -2.5150087000001804
7.4073 	EXP 	text: height = 0.05
7.4073 	EXP 	text: height = 0.05
7.4073 	EXP 	text: height = 0.05
7.4073 	EXP 	text: text = -2.519179200000508
7.4115 	EXP 	text: height = 0.05
7.4115 	EXP 	text: height = 0.05
7.4115 	EXP 	text: height = 0.05
7.4115 	EXP 	text: text = -2.523351300002105
7.4161 	EXP 	text: height = 0.05
7.4161 	EXP 	text: height = 0.05
7.4161 	EXP 	text: height = 0.05
7.4161 	EXP 	text: text = -2.5275266999997257
7.4198 	EXP 	text: height = 0.05
7.4198 	EXP 	text: height = 0.05
7.4198 	EXP 	text: height = 0.05
7.4198 	EXP 	text: text = -2.5320774000028905
7.4240 	EXP 	text: height = 0.05
7.4240 	EXP 	text: height = 0.05
7.4240 	EXP 	text: height = 0.05
7.4240 	EXP 	text: text = -2.5358630000009725
7.4282 	EXP 	text: height = 0.05
7.4282 	EXP 	text: height = 0.05
7.4282 	EXP 	text: height = 0.05
7.4282 	EXP 	text: text = -2.5400337999999465
7.4324 	EXP 	text: height = 0.05
7.4324 	EXP 	text: height = 0.05
7.4324 	EXP 	text: height = 0.05
7.4324 	EXP 	text: text = -2.544206900001882
7.4365 	EXP 	text: height = 0.05
7.4365 	EXP 	text: height = 0.05
7.4365 	EXP 	text: height = 0.05
7.4365 	EXP 	text: text = -2.5483908999995037
7.4368 	DATA 	Mouse: Left button down, pos=(992,371)
7.4407 	EXP 	text: height = 0.05
7.4407 	EXP 	text: height = 0.05
7.4407 	EXP 	text: height = 0.05
7.4407 	EXP 	text: text = -2.552827100000286
7.4449 	EXP 	text: height = 0.05
7.4449 	EXP 	text: height = 0.05
7.4449 	EXP 	text: height = 0.05
7.4449 	EXP 	text: text = -2.556717400002526
7.4490 	EXP 	text: height = 0.05
7.4490 	EXP 	text: height = 0.05
7.4490 	EXP 	text: height = 0.05
7.4490 	EXP 	text: text = -2.5608900000006543
7.4532 	EXP 	text: height = 0.05
7.4532 	EXP 	text: height = 0.05
7.4532 	EXP 	text: height = 0.05
7.4532 	EXP 	text: text = -2.5650607000025047
7.4574 	EXP 	text: height = 0.05
7.4574 	EXP 	text: height = 0.05
7.4574 	EXP 	text: height = 0.05
7.4574 	EXP 	text: text = -2.5692330000019865
7.4616 	EXP 	text: height = 0.05
7.4616 	EXP 	text: height = 0.05
7.4616 	EXP 	text: height = 0.05
7.4616 	EXP 	text: text = -2.5734095000007073
7.4658 	EXP 	text: height = 0.05
7.4658 	EXP 	text: height = 0.05
7.4658 	EXP 	text: height = 0.05
7.4658 	EXP 	text: text = -2.5775751000001037
7.4699 	EXP 	text: height = 0.05
7.4699 	EXP 	text: height = 0.05
7.4699 	EXP 	text: height = 0.05
7.4699 	EXP 	text: text = -2.5818499000015436
7.4741 	EXP 	text: height = 0.05
7.4741 	EXP 	text: height = 0.05
7.4741 	EXP 	text: height = 0.05
7.4741 	EXP 	text: text = -2.585914100000082
7.4782 	EXP 	text: height = 0.05
7.4782 	EXP 	text: height = 0.05
7.4782 	EXP 	text: height = 0.05
7.4782 	EXP 	text: text = -2.5900884000002407
7.4824 	EXP 	text: height = 0.05
7.4824 	EXP 	text: height = 0.05
7.4824 	EXP 	text: height = 0.05
7.4824 	EXP 	text: text = -2.594259900000907
7.4866 	EXP 	text: height = 0.05
7.4866 	EXP 	text: height = 0.05
7.4866 	EXP 	text: height = 0.05
7.4866 	EXP 	text: text = -2.598425700001826
7.4907 	EXP 	text: height = 0.05
7.4907 	EXP 	text: height = 0.05
7.4907 	EXP 	text: height = 0.05
7.4907 	EXP 	text: text = -2.602597400000377
7.4949 	EXP 	text: height = 0.05
7.4949 	EXP 	text: height = 0.05
7.4949 	EXP 	text: height = 0.05
7.4949 	EXP 	text: text = -2.6067709000017203
7.4991 	EXP 	text: height = 0.05
7.4991 	EXP 	text: height = 0.05
7.4991 	EXP 	text: height = 0.05
7.4991 	EXP 	text: text = -2.610942100000102
7.5033 	EXP 	text: height = 0.05
7.5033 	EXP 	text: height = 0.05
7.5033 	EXP 	text: height = 0.05
7.5033 	EXP 	text: text = -2.61511000000246
7.5074 	EXP 	text: height = 0.05
7.5074 	EXP 	text: height = 0.05
7.5074 	EXP 	text: height = 0.05
7.5074 	EXP 	text: text = -2.6192834000030416
7.5117 	EXP 	text: height = 0.05
7.5117 	EXP 	text: height = 0.05
7.5117 	EXP 	text: height = 0.05
7.5117 	EXP 	text: text = -2.623450800001592
7.5158 	EXP 	text: height = 0.05
7.5158 	EXP 	text: height = 0.05
7.5158 	EXP 	text: height = 0.05
7.5158 	EXP 	text: text = -2.62775529999999
7.5199 	EXP 	text: height = 0.05
7.5199 	EXP 	text: height = 0.05
7.5199 	EXP 	text: height = 0.05
7.5199 	EXP 	text: text = -2.6317928999997093
7.5241 	EXP 	text: height = 0.05
7.5241 	EXP 	text: height = 0.05
7.5241 	EXP 	text: height = 0.05
7.5241 	EXP 	text: text = -2.6359666000025754
7.5283 	EXP 	text: height = 0.05
7.5283 	EXP 	text: height = 0.05
7.5283 	EXP 	text: height = 0.05
7.5283 	EXP 	text: text = -2.6401346000020567
7.5325 	EXP 	text: height = 0.05
7.5325 	EXP 	text: height = 0.05
7.5325 	EXP 	text: height = 0.05
7.5325 	EXP 	text: text = -2.644306100002723
7.5366 	EXP 	text: height = 0.05
7.5366 	EXP 	text: height = 0.05
7.5366 	EXP 	text: height = 0.05
7.5366 	EXP 	text: text = -2.648474699999497
7.5418 	EXP 	text: height = 0.05
7.5418 	EXP 	text: height = 0.05
7.5418 	EXP 	text: height = 0.05
7.5418 	EXP 	text: text = -2.6526487000010093
7.5436 	DATA 	Mouse:  Left button up, pos=(992,371)
7.5457 	EXP 	text: height = 0.05
7.5457 	EXP 	text: height = 0.05
7.5457 	EXP 	text: height = 0.05
7.5457 	EXP 	text: text = -2.657850999999937
7.5495 	EXP 	text: height = 0.05
7.5495 	EXP 	text: height = 0.05
7.5495 	EXP 	text: height = 0.05
7.5495 	EXP 	text: text = -2.661798200002522
7.5537 	EXP 	text: height = 0.05
7.5537 	EXP 	text: height = 0.05
7.5537 	EXP 	text: height = 0.05
7.5537 	EXP 	text: text = -2.6655482000023767
7.5579 	EXP 	text: height = 0.05
7.5579 	EXP 	text: height = 0.05
7.5579 	EXP 	text: height = 0.05
7.5579 	EXP 	text: text = -2.669716399999743
7.5620 	EXP 	text: height = 0.05
7.5620 	EXP 	text: height = 0.05
7.5620 	EXP 	text: height = 0.05
7.5620 	EXP 	text: text = -2.673886800002947
7.5662 	EXP 	text: height = 0.05
7.5662 	EXP 	text: height = 0.05
7.5662 	EXP 	text: height = 0.05
7.5662 	EXP 	text: text = -2.6780568000031053
7.5704 	EXP 	text: height = 0.05
7.5704 	EXP 	text: height = 0.05
7.5704 	EXP 	text: height = 0.05
7.5704 	EXP 	text: text = -2.682227299999795
7.5745 	EXP 	text: height = 0.05
7.5745 	EXP 	text: height = 0.05
7.5745 	EXP 	text: height = 0.05
7.5745 	EXP 	text: text = -2.6864051000011386
7.5787 	EXP 	text: height = 0.05
7.5787 	EXP 	text: height = 0.05
7.5787 	EXP 	text: height = 0.05
7.5787 	EXP 	text: text = -2.690571400002227
7.5829 	EXP 	text: height = 0.05
7.5829 	EXP 	text: height = 0.05
7.5829 	EXP 	text: height = 0.05
7.5829 	EXP 	text: text = -2.694756900000357
7.5875 	EXP 	text: height = 0.05
7.5875 	EXP 	text: height = 0.05
7.5875 	EXP 	text: height = 0.05
7.5875 	EXP 	text: text = -2.698911200001021
7.5912 	EXP 	text: height = 0.05
7.5912 	EXP 	text: height = 0.05
7.5912 	EXP 	text: height = 0.05
7.5912 	EXP 	text: text = -2.7035462000021653
7.5954 	EXP 	text: height = 0.05
7.5954 	EXP 	text: height = 0.05
7.5954 	EXP 	text: height = 0.05
7.5954 	EXP 	text: text = -2.707251300002099
7.5996 	EXP 	text: height = 0.05
7.5996 	EXP 	text: height = 0.05
7.5996 	EXP 	text: height = 0.05
7.5996 	EXP 	text: text = -2.7114271000027657
7.6037 	EXP 	text: height = 0.05
7.6037 	EXP 	text: height = 0.05
7.6037 	EXP 	text: height = 0.05
7.6037 	EXP 	text: text = -2.715594000001147
7.6079 	EXP 	text: height = 0.05
7.6079 	EXP 	text: height = 0.05
7.6079 	EXP 	text: height = 0.05
7.6079 	EXP 	text: text = -2.7197663000006287
7.6121 	EXP 	text: height = 0.05
7.6121 	EXP 	text: height = 0.05
7.6121 	EXP 	text: height = 0.05
7.6121 	EXP 	text: text = -2.723935900001379
7.6163 	EXP 	text: height = 0.05
7.6163 	EXP 	text: height = 0.05
7.6163 	EXP 	text: height = 0.05
7.6163 	EXP 	text: text = -2.7281158000005234
7.6205 	EXP 	text: height = 0.05
7.6205 	EXP 	text: height = 0.05
7.6205 	EXP 	text: height = 0.05
7.6205 	EXP 	text: text = -2.7322875000027125
7.6246 	EXP 	text: height = 0.05
7.6246 	EXP 	text: height = 0.05
7.6246 	EXP 	text: height = 0.05
7.6246 	EXP 	text: text = -2.7365553000017826
7.6288 	EXP 	text: height = 0.05
7.6288 	EXP 	text: height = 0.05
7.6288 	EXP 	text: height = 0.05
7.6288 	EXP 	text: text = -2.740624400001252
7.6330 	EXP 	text: height = 0.05
7.6330 	EXP 	text: height = 0.05
7.6330 	EXP 	text: height = 0.05
7.6330 	EXP 	text: text = -2.7447940000020026
7.6371 	EXP 	text: height = 0.05
7.6371 	EXP 	text: height = 0.05
7.6371 	EXP 	text: height = 0.05
7.6371 	EXP 	text: text = -2.7490084000019124
7.6413 	EXP 	text: height = 0.05
7.6413 	EXP 	text: height = 0.05
7.6413 	EXP 	text: height = 0.05
7.6413 	EXP 	text: text = -2.753136600000289
7.6455 	EXP 	text: height = 0.05
7.6455 	EXP 	text: height = 0.05
7.6455 	EXP 	text: height = 0.05
7.6455 	EXP 	text: text = -2.7573075000000244
7.6503 	EXP 	text: height = 0.05
7.6503 	EXP 	text: height = 0.05
7.6503 	EXP 	text: height = 0.05
7.6503 	EXP 	text: text = -2.761475300001621
7.6538 	EXP 	text: height = 0.05
7.6538 	EXP 	text: height = 0.05
7.6538 	EXP 	text: height = 0.05
7.6538 	EXP 	text: text = -2.76632840000093
7.6580 	EXP 	text: height = 0.05
7.6580 	EXP 	text: height = 0.05
7.6580 	EXP 	text: height = 0.05
7.6580 	EXP 	text: text = -2.7698272000016004
7.6621 	EXP 	text: height = 0.05
7.6621 	EXP 	text: height = 0.05
7.6621 	EXP 	text: height = 0.05
7.6621 	EXP 	text: text = -2.773988000000827
7.6663 	EXP 	text: height = 0.05
7.6663 	EXP 	text: height = 0.05
7.6663 	EXP 	text: height = 0.05
7.6663 	EXP 	text: text = -2.778162800001155
7.6705 	EXP 	text: height = 0.05
7.6705 	EXP 	text: height = 0.05
7.6705 	EXP 	text: height = 0.05
7.6705 	EXP 	text: text = -2.7823322000003827
7.6747 	EXP 	text: height = 0.05
7.6747 	EXP 	text: height = 0.05
7.6747 	EXP 	text: height = 0.05
7.6747 	EXP 	text: text = -2.786508100001811
7.6789 	EXP 	text: height = 0.05
7.6789 	EXP 	text: height = 0.05
7.6789 	EXP 	text: height = 0.05
7.6789 	EXP 	text: text = -2.790699700002733
7.6831 	EXP 	text: height = 0.05
7.6831 	EXP 	text: height = 0.05
7.6831 	EXP 	text: height = 0.05
7.6831 	EXP 	text: text = -2.7948977000014565
7.6872 	EXP 	text: height = 0.05
7.6872 	EXP 	text: height = 0.05
7.6872 	EXP 	text: height = 0.05
7.6872 	EXP 	text: text = -2.799146600002132
7.6913 	EXP 	text: height = 0.05
7.6913 	EXP 	text: height = 0.05
7.6913 	EXP 	text: height = 0.05
7.6913 	EXP 	text: text = -2.8031858000031207
7.6955 	EXP 	text: height = 0.05
7.6955 	EXP 	text: height = 0.05
7.6955 	EXP 	text: height = 0.05
7.6955 	EXP 	text: text = -2.807356200002687
7.6997 	EXP 	text: height = 0.05
7.6997 	EXP 	text: height = 0.05
7.6997 	EXP 	text: height = 0.05
7.6997 	EXP 	text: text = -2.8115311000001384
7.7038 	EXP 	text: height = 0.05
7.7038 	EXP 	text: height = 0.05
7.7038 	EXP 	text: height = 0.05
7.7038 	EXP 	text: text = -2.815699200000381
7.7080 	EXP 	text: height = 0.05
7.7080 	EXP 	text: height = 0.05
7.7080 	EXP 	text: height = 0.05
7.7080 	EXP 	text: text = -2.8198670000019774
7.7133 	EXP 	text: height = 0.05
7.7133 	EXP 	text: height = 0.05
7.7133 	EXP 	text: height = 0.05
7.7133 	EXP 	text: text = -2.8240517000012915
7.7164 	EXP 	text: height = 0.05
7.7164 	EXP 	text: height = 0.05
7.7164 	EXP 	text: height = 0.05
7.7164 	EXP 	text: text = -2.8292761000011524
7.7205 	EXP 	text: height = 0.05
7.7205 	EXP 	text: height = 0.05
7.7205 	EXP 	text: height = 0.05
7.7205 	EXP 	text: text = -2.83240780000051
7.7247 	EXP 	text: height = 0.05
7.7247 	EXP 	text: height = 0.05
7.7247 	EXP 	text: height = 0.05
7.7247 	EXP 	text: text = -2.8365835000004154
7.7289 	EXP 	text: height = 0.05
7.7289 	EXP 	text: height = 0.05
7.7289 	EXP 	text: height = 0.05
7.7289 	EXP 	text: text = -2.8407266000031086
7.7330 	EXP 	text: height = 0.05
7.7330 	EXP 	text: height = 0.05
7.7330 	EXP 	text: height = 0.05
7.7330 	EXP 	text: text = -2.844895300000644
7.7372 	EXP 	text: height = 0.05
7.7372 	EXP 	text: height = 0.05
7.7372 	EXP 	text: height = 0.05
7.7372 	EXP 	text: text = -2.849066300001141
7.7414 	EXP 	text: height = 0.05
7.7414 	EXP 	text: height = 0.05
7.7414 	EXP 	text: height = 0.05
7.7414 	EXP 	text: text = -2.8532365999999456
7.7458 	EXP 	text: height = 0.05
7.7458 	EXP 	text: height = 0.05
7.7458 	EXP 	text: height = 0.05
7.7458 	EXP 	text: text = -2.857406600000104
7.7498 	EXP 	text: height = 0.05
7.7498 	EXP 	text: height = 0.05
7.7498 	EXP 	text: height = 0.05
7.7498 	EXP 	text: text = -2.8618195000017295
7.7540 	EXP 	text: height = 0.05
7.7540 	EXP 	text: height = 0.05
7.7540 	EXP 	text: height = 0.05
7.7540 	EXP 	text: text = -2.865892100002384
7.7582 	EXP 	text: height = 0.05
7.7582 	EXP 	text: height = 0.05
7.7582 	EXP 	text: height = 0.05
7.7582 	EXP 	text: text = -2.8700377000022854
7.7624 	EXP 	text: height = 0.05
7.7624 	EXP 	text: height = 0.05
7.7624 	EXP 	text: height = 0.05
7.7624 	EXP 	text: text = -2.874221199999738
7.7665 	EXP 	text: height = 0.05
7.7665 	EXP 	text: height = 0.05
7.7665 	EXP 	text: height = 0.05
7.7665 	EXP 	text: text = -2.8784030999995593
7.7707 	EXP 	text: height = 0.05
7.7707 	EXP 	text: height = 0.05
7.7707 	EXP 	text: height = 0.05
7.7707 	EXP 	text: text = -2.882548700003099
7.7750 	EXP 	text: height = 0.05
7.7750 	EXP 	text: height = 0.05
7.7750 	EXP 	text: height = 0.05
7.7750 	EXP 	text: text = -2.8867210000025807
7.7790 	EXP 	text: height = 0.05
7.7790 	EXP 	text: height = 0.05
7.7790 	EXP 	text: height = 0.05
7.7790 	EXP 	text: text = -2.8909911000009743
7.7832 	EXP 	text: height = 0.05
7.7832 	EXP 	text: height = 0.05
7.7832 	EXP 	text: height = 0.05
7.7832 	EXP 	text: text = -2.895064000000275
7.7874 	EXP 	text: height = 0.05
7.7874 	EXP 	text: height = 0.05
7.7874 	EXP 	text: height = 0.05
7.7874 	EXP 	text: text = -2.899235900000349
7.7916 	EXP 	text: height = 0.05
7.7916 	EXP 	text: height = 0.05
7.7916 	EXP 	text: height = 0.05
7.7916 	EXP 	text: text = -2.9034051000016916
7.7957 	EXP 	text: height = 0.05
7.7957 	EXP 	text: height = 0.05
7.7957 	EXP 	text: height = 0.05
7.7957 	EXP 	text: text = -2.907581700001174
7.7999 	EXP 	text: height = 0.05
7.7999 	EXP 	text: height = 0.05
7.7999 	EXP 	text: height = 0.05
7.7999 	EXP 	text: text = -2.9117562000028556
7.8050 	EXP 	text: height = 0.05
7.8050 	EXP 	text: height = 0.05
7.8050 	EXP 	text: height = 0.05
7.8050 	EXP 	text: text = -2.9159233999998833
7.8082 	EXP 	text: height = 0.05
7.8082 	EXP 	text: height = 0.05
7.8082 	EXP 	text: height = 0.05
7.8082 	EXP 	text: text = -2.9209987000031106
7.8124 	EXP 	text: height = 0.05
7.8124 	EXP 	text: height = 0.05
7.8124 	EXP 	text: height = 0.05
7.8124 	EXP 	text: text = -2.924262300002738
7.8166 	EXP 	text: height = 0.05
7.8166 	EXP 	text: height = 0.05
7.8166 	EXP 	text: height = 0.05
7.8166 	EXP 	text: text = -2.92841220000264
7.8208 	EXP 	text: height = 0.05
7.8208 	EXP 	text: height = 0.05
7.8208 	EXP 	text: height = 0.05
7.8208 	EXP 	text: text = -2.932601500000601
7.8249 	EXP 	text: height = 0.05
7.8249 	EXP 	text: height = 0.05
7.8249 	EXP 	text: height = 0.05
7.8249 	EXP 	text: text = -2.9367749000011827
7.8291 	EXP 	text: height = 0.05
7.8291 	EXP 	text: height = 0.05
7.8291 	EXP 	text: height = 0.05
7.8291 	EXP 	text: text = -2.940944199999649
7.8333 	EXP 	text: height = 0.05
7.8333 	EXP 	text: height = 0.05
7.8333 	EXP 	text: height = 0.05
7.8333 	EXP 	text: text = -2.9451122999998915
7.8377 	EXP 	text: height = 0.05
7.8377 	EXP 	text: height = 0.05
7.8377 	EXP 	text: height = 0.05
7.8377 	EXP 	text: text = -2.9492840000020806
7.8416 	EXP 	text: height = 0.05
7.8416 	EXP 	text: height = 0.05
7.8416 	EXP 	text: height = 0.05
7.8416 	EXP 	text: text = -2.9537574000023596
7.8458 	EXP 	text: height = 0.05
7.8458 	EXP 	text: height = 0.05
7.8458 	EXP 	text: height = 0.05
7.8458 	EXP 	text: text = -2.9576272000012978
7.8499 	EXP 	text: height = 0.05
7.8499 	EXP 	text: height = 0.05
7.8499 	EXP 	text: height = 0.05
7.8499 	EXP 	text: text = -2.961802900001203
7.8541 	EXP 	text: height = 0.05
7.8541 	EXP 	text: height = 0.05
7.8541 	EXP 	text: height = 0.05
7.8541 	EXP 	text: text = -2.9659707999999227
7.8583 	EXP 	text: height = 0.05
7.8583 	EXP 	text: height = 0.05
7.8583 	EXP 	text: height = 0.05
7.8583 	EXP 	text: text = -2.9701413000002503
7.8625 	EXP 	text: height = 0.05
7.8625 	EXP 	text: height = 0.05
7.8625 	EXP 	text: height = 0.05
7.8625 	EXP 	text: text = -2.974293999999645
7.8676 	EXP 	text: height = 0.05
7.8676 	EXP 	text: height = 0.05
7.8676 	EXP 	text: height = 0.05
7.8676 	EXP 	text: text = -2.978495200000907
7.8708 	EXP 	text: height = 0.05
7.8708 	EXP 	text: height = 0.05
7.8708 	EXP 	text: height = 0.05
7.8708 	EXP 	text: text = -2.983648000001267
7.8750 	EXP 	text: height = 0.05
7.8750 	EXP 	text: height = 0.05
7.8750 	EXP 	text: height = 0.05
7.8750 	EXP 	text: text = -2.9868883000017377
7.8791 	EXP 	text: height = 0.05
7.8791 	EXP 	text: height = 0.05
7.8791 	EXP 	text: height = 0.05
7.8791 	EXP 	text: text = -2.9910259999996924
7.8833 	EXP 	text: height = 0.05
7.8833 	EXP 	text: height = 0.05
7.8833 	EXP 	text: height = 0.05
7.8833 	EXP 	text: text = -2.9951787999998487
7.8875 	EXP 	text: height = 0.05
7.8875 	EXP 	text: height = 0.05
7.8875 	EXP 	text: height = 0.05
7.8875 	EXP 	text: text = -2.9993361000015284
7.8916 	EXP 	text: height = 0.05
7.8916 	EXP 	text: height = 0.05
7.8916 	EXP 	text: height = 0.05
7.8916 	EXP 	text: text = -3.003489400001854
7.8958 	EXP 	text: height = 0.05
7.8958 	EXP 	text: height = 0.05
7.8958 	EXP 	text: height = 0.05
7.8958 	EXP 	text: text = -3.0077414000006684
7.9000 	EXP 	text: height = 0.05
7.9000 	EXP 	text: height = 0.05
7.9000 	EXP 	text: height = 0.05
7.9000 	EXP 	text: text = -3.0118355000013253
7.9041 	EXP 	text: height = 0.05
7.9041 	EXP 	text: height = 0.05
7.9041 	EXP 	text: height = 0.05
7.9041 	EXP 	text: text = -3.0160088000011456
7.9083 	EXP 	text: height = 0.05
7.9083 	EXP 	text: height = 0.05
7.9083 	EXP 	text: height = 0.05
7.9083 	EXP 	text: text = -3.0201694000024872
7.9125 	EXP 	text: height = 0.05
7.9125 	EXP 	text: height = 0.05
7.9125 	EXP 	text: height = 0.05
7.9125 	EXP 	text: text = -3.0243805999998585
7.9168 	EXP 	text: height = 0.05
7.9168 	EXP 	text: height = 0.05
7.9168 	EXP 	text: height = 0.05
7.9168 	EXP 	text: text = -3.028534299999592
7.9208 	EXP 	text: height = 0.05
7.9208 	EXP 	text: height = 0.05
7.9208 	EXP 	text: height = 0.05
7.9208 	EXP 	text: text = -3.0328165000028093
7.9250 	EXP 	text: height = 0.05
7.9250 	EXP 	text: height = 0.05
7.9250 	EXP 	text: height = 0.05
7.9250 	EXP 	text: text = -3.036880400002701
7.9292 	EXP 	text: height = 0.05
7.9292 	EXP 	text: height = 0.05
7.9292 	EXP 	text: height = 0.05
7.9292 	EXP 	text: text = -3.0410407000017585
7.9333 	EXP 	text: height = 0.05
7.9333 	EXP 	text: height = 0.05
7.9333 	EXP 	text: height = 0.05
7.9333 	EXP 	text: text = -3.0452150000019174
7.9375 	EXP 	text: height = 0.05
7.9375 	EXP 	text: height = 0.05
7.9375 	EXP 	text: height = 0.05
7.9375 	EXP 	text: text = -3.0493759000019054
7.9417 	EXP 	text: height = 0.05
7.9417 	EXP 	text: height = 0.05
7.9417 	EXP 	text: height = 0.05
7.9417 	EXP 	text: text = -3.0535861999996996
7.9461 	EXP 	text: height = 0.05
7.9461 	EXP 	text: height = 0.05
7.9461 	EXP 	text: height = 0.05
7.9461 	EXP 	text: text = -3.0577260999998543
7.9501 	EXP 	text: height = 0.05
7.9501 	EXP 	text: height = 0.05
7.9501 	EXP 	text: height = 0.05
7.9501 	EXP 	text: text = -3.062104900000122
7.9542 	EXP 	text: height = 0.05
7.9542 	EXP 	text: height = 0.05
7.9542 	EXP 	text: height = 0.05
7.9542 	EXP 	text: text = -3.0660812000023725
7.9584 	EXP 	text: height = 0.05
7.9584 	EXP 	text: height = 0.05
7.9584 	EXP 	text: height = 0.05
7.9584 	EXP 	text: text = -3.0702386000011757
7.9635 	EXP 	text: height = 0.05
7.9635 	EXP 	text: height = 0.05
7.9635 	EXP 	text: height = 0.05
7.9635 	EXP 	text: text = -3.0744091000015032
7.9667 	EXP 	text: height = 0.05
7.9667 	EXP 	text: height = 0.05
7.9667 	EXP 	text: height = 0.05
7.9667 	EXP 	text: text = -3.079536500001268
7.9709 	EXP 	text: height = 0.05
7.9709 	EXP 	text: height = 0.05
7.9709 	EXP 	text: height = 0.05
7.9709 	EXP 	text: text = -3.082770700002584
7.9751 	EXP 	text: height = 0.05
7.9751 	EXP 	text: height = 0.05
7.9751 	EXP 	text: height = 0.05
7.9751 	EXP 	text: text = -3.0869306000022334
7.9792 	EXP 	text: height = 0.05
7.9792 	EXP 	text: height = 0.05
7.9792 	EXP 	text: height = 0.05
7.9792 	EXP 	text: text = -3.0910984000001918
7.9834 	EXP 	text: height = 0.05
7.9834 	EXP 	text: height = 0.05
7.9834 	EXP 	text: height = 0.05
7.9834 	EXP 	text: text = -3.0952724000017042
7.9876 	EXP 	text: height = 0.05
7.9876 	EXP 	text: height = 0.05
7.9876 	EXP 	text: height = 0.05
7.9876 	EXP 	text: text = -3.099437700002454
7.9918 	EXP 	text: height = 0.05
7.9918 	EXP 	text: height = 0.05
7.9918 	EXP 	text: height = 0.05
7.9918 	EXP 	text: text = -3.103607100001682
7.9959 	EXP 	text: height = 0.05
7.9959 	EXP 	text: height = 0.05
7.9959 	EXP 	text: height = 0.05
7.9959 	EXP 	text: text = -3.107782400002179
8.0003 	EXP 	text: height = 0.05
8.0003 	EXP 	text: height = 0.05
8.0003 	EXP 	text: height = 0.05
8.0003 	EXP 	text: text = -3.1119672000022547
8.0043 	EXP 	text: height = 0.05
8.0043 	EXP 	text: height = 0.05
8.0043 	EXP 	text: height = 0.05
8.0043 	EXP 	text: text = -3.1163125000020955
8.0093 	EXP 	text: height = 0.05
8.0093 	EXP 	text: height = 0.05
8.0093 	EXP 	text: height = 0.05
8.0093 	EXP 	text: text = -3.1203026000002865
8.0126 	EXP 	text: height = 0.05
8.0126 	EXP 	text: height = 0.05
8.0126 	EXP 	text: height = 0.05
8.0126 	EXP 	text: text = -3.1253432000012253
8.0168 	EXP 	text: height = 0.05
8.0168 	EXP 	text: height = 0.05
8.0168 	EXP 	text: height = 0.05
8.0168 	EXP 	text: text = -3.1286337000019557
8.0210 	EXP 	text: height = 0.05
8.0210 	EXP 	text: height = 0.05
8.0210 	EXP 	text: height = 0.05
8.0210 	EXP 	text: text = -3.132820700000593
8.0251 	EXP 	text: height = 0.05
8.0251 	EXP 	text: height = 0.05
8.0251 	EXP 	text: height = 0.05
8.0251 	EXP 	text: text = -3.1369790000026114
8.0293 	EXP 	text: height = 0.05
8.0293 	EXP 	text: height = 0.05
8.0293 	EXP 	text: height = 0.05
8.0293 	EXP 	text: text = -3.141146400001162
8.0335 	EXP 	text: height = 0.05
8.0335 	EXP 	text: height = 0.05
8.0335 	EXP 	text: height = 0.05
8.0335 	EXP 	text: text = -3.1453187000006437
8.0376 	EXP 	text: height = 0.05
8.0376 	EXP 	text: height = 0.05
8.0376 	EXP 	text: height = 0.05
8.0376 	EXP 	text: text = -3.1494904999999562
8.0540 	DATA 	Keypress: escape
8.0563 	EXP 	text: height = 0.05
8.0563 	EXP 	text: height = 0.05
8.0563 	EXP 	text: height = 0.05
8.0563 	EXP 	text: text = -3.153665000001638
8.0618 	EXP 	text: height = 0.05
8.0618 	EXP 	text: height = 0.05
8.0618 	EXP 	text: height = 0.05
8.0618 	EXP 	text: text = -3.172395500001585
8.0659 	EXP 	text: height = 0.05
8.0659 	EXP 	text: height = 0.05
8.0659 	EXP 	text: height = 0.05
8.0659 	EXP 	text: text = -3.177826000002824
8.0709 	EXP 	text: height = 0.05
8.0709 	EXP 	text: height = 0.05
8.0709 	EXP 	text: height = 0.05
8.0709 	EXP 	text: text = -3.1818772000005993
8.0751 	EXP 	text: height = 0.05
8.0751 	EXP 	text: height = 0.05
8.0751 	EXP 	text: height = 0.05
8.0751 	EXP 	text: text = -3.1869221000015386
8.0800 	EXP 	text: height = 0.05
8.0800 	EXP 	text: height = 0.05
8.0800 	EXP 	text: height = 0.05
8.0800 	EXP 	text: text = -3.1910768000016105
8.0842 	EXP 	text: height = 0.05
8.0842 	EXP 	text: height = 0.05
8.0842 	EXP 	text: height = 0.05
8.0842 	EXP 	text: text = -3.1960612000002584
8.0892 	EXP 	text: height = 0.05
8.0892 	EXP 	text: height = 0.05
8.0892 	EXP 	text: height = 0.05
8.0892 	EXP 	text: text = -3.20023829999991
8.0934 	EXP 	text: height = 0.05
8.0934 	EXP 	text: height = 0.05
8.0934 	EXP 	text: height = 0.05
8.0934 	EXP 	text: text = -3.2052385000024515
8.0983 	EXP 	text: height = 0.05
8.0983 	EXP 	text: height = 0.05
8.0983 	EXP 	text: height = 0.05
8.0983 	EXP 	text: text = -3.209399100000155
8.1027 	EXP 	text: height = 0.05
8.1027 	EXP 	text: height = 0.05
8.1027 	EXP 	text: height = 0.05
8.1027 	EXP 	text: text = -3.2143620000024384
8.1078 	EXP 	text: height = 0.05
8.1078 	EXP 	text: height = 0.05
8.1078 	EXP 	text: height = 0.05
8.1078 	EXP 	text: text = -3.218737900002452
8.1119 	EXP 	text: height = 0.05
8.1119 	EXP 	text: height = 0.05
8.1119 	EXP 	text: height = 0.05
8.1119 	EXP 	text: text = -3.223828300000605
8.1168 	EXP 	text: height = 0.05
8.1168 	EXP 	text: height = 0.05
8.1168 	EXP 	text: height = 0.05
8.1168 	EXP 	text: text = -3.227885200001765
8.1210 	EXP 	text: height = 0.05
8.1210 	EXP 	text: height = 0.05
8.1210 	EXP 	text: height = 0.05
8.1210 	EXP 	text: text = -3.2328277000015078
8.1260 	EXP 	text: height = 0.05
8.1260 	EXP 	text: height = 0.05
8.1260 	EXP 	text: height = 0.05
8.1260 	EXP 	text: text = -3.2369819000014104
8.1302 	EXP 	text: height = 0.05
8.1302 	EXP 	text: height = 0.05
8.1302 	EXP 	text: height = 0.05
8.1302 	EXP 	text: text = -3.242021800000657
8.3007 	EXP 	window1: mouseVisible = True
