1.5300 	WARNING 	We strongly recommend you activate the PTB sound engine in PsychoPy prefs as the preferred audio engine. Its timing is vastly superior. Your prefs are currently set to use ['sounddevice', 'PTB', 'pyo', 'pygame'] (in that order).
3.9001 	WARNING 	User requested fullscreen with size [1024  768], but screen is actually [1920, 1080]. Using actual size
4.2292 	EXP 	Created window1 = Window(allowGUI=True, allowStencil=False, autoLog=True, backendConf=UNKNOWN, bitsMode=UNKNOWN, blendMode='avg', bpc=(8, 8, 8), color=array([0, 0, 0]), colorSpace='rgb', depthBits=8, fullscr=<method-wrapper '__getattribute__' of attributeSetter object at 0x000001EA9A35E190>, gamma=None, gammaErrorPolicy='raise', lms=UNKNOWN, monitor=<psychopy.monitors.calibTools.Monitor object at 0x000001EA9A7A6730>, multiSample=False, name='window1', numSamples=2, pos=(0, 0), screen=0, size=array([1920, 1080]), stencilBits=0, stereo=False, units='height', useFBO=True, useRetina=False, viewOri=0.0, viewPos=None, viewScale=None, waitBlanking=True, winType='pyglet')
4.2294 	EXP 	window1: mouseVisible = True
4.2295 	EXP 	window1: mouseVisible = False
4.2295 	EXP 	window1: Attempting to measure frame rate of screen (0) ...
4.2295 	EXP 	window1: recordFrameIntervals = False
4.2709 	EXP 	window1: recordFrameIntervals = True
4.3169 	EXP 	Screen (0) actual frame rate measured at 238.64Hz
4.3170 	EXP 	window1: recordFrameIntervals = False
5.9163 	EXP 	window1: mouseVisible = True
5.9736 	EXP 	Created text = TextStim(__class__=<class 'psychopy.visual.text.TextStim'>, alignHoriz=method-wrapper(...), alignText='center', alignVert=method-wrapper(...), anchorHoriz='center', anchorVert='center', antialias=True, autoDraw=False, autoLog=True, bold=False, color=array([1, 1, 1]), colorSpace='rgb', contrast=1.0, depth=-1.0, flipHoriz=False, flipVert=False, font='Open Sans', fontFiles=[], height=0.05, italic=False, languageStyle='LTR', name='text', opacity=1.0, ori=0.0, pos=array([0., 0.]), rgb=UNKNOWN, text='Timer', units='height', win=Window(...), wrapWidth=1)
5.9756 	EXP 	text: autoDraw = True
6.6607 	DATA 	Mouse: Left button down, pos=(961,481)
6.6667 	EXP 	text: height = 0.05
6.6667 	EXP 	text: height = 0.05
6.6667 	EXP 	text: height = 0.05
6.6667 	EXP 	text: text = 161.68714799999725
6.6727 	EXP 	text: height = 0.05
6.6727 	EXP 	text: height = 0.05
6.6727 	EXP 	text: height = 0.05
6.6727 	EXP 	text: text = 162.69318120000025
6.6769 	EXP 	text: height = 0.05
6.6769 	EXP 	text: height = 0.05
6.6769 	EXP 	text: height = 0.05
6.6769 	EXP 	text: text = 163.6991199999975
6.6819 	EXP 	text: height = 0.05
6.6819 	EXP 	text: height = 0.05
6.6819 	EXP 	text: height = 0.05
6.6819 	EXP 	text: text = 164.70334979999825
6.6860 	EXP 	text: height = 0.05
6.6860 	EXP 	text: height = 0.05
6.6860 	EXP 	text: height = 0.05
6.6860 	EXP 	text: text = 165.70832750000045
6.6911 	EXP 	text: height = 0.05
6.6911 	EXP 	text: height = 0.05
6.6911 	EXP 	text: height = 0.05
6.6911 	EXP 	text: text = 166.71249069999976
6.6953 	EXP 	text: height = 0.05
6.6953 	EXP 	text: height = 0.05
6.6953 	EXP 	text: height = 0.05
6.6953 	EXP 	text: text = 167.717509099999
6.7005 	EXP 	text: height = 0.05
6.7005 	EXP 	text: height = 0.05
6.7005 	EXP 	text: height = 0.05
6.7005 	EXP 	text: text = 168.72175219999917
6.7046 	EXP 	text: height = 0.05
6.7046 	EXP 	text: height = 0.05
6.7046 	EXP 	text: height = 0.05
6.7046 	EXP 	text: text = 169.72699089999878
6.7096 	EXP 	text: height = 0.05
6.7096 	EXP 	text: height = 0.05
6.7096 	EXP 	text: height = 0.05
6.7096 	EXP 	text: text = 170.73105120000037
6.7138 	EXP 	text: height = 0.05
6.7138 	EXP 	text: height = 0.05
6.7138 	EXP 	text: height = 0.05
6.7138 	EXP 	text: text = 171.7360716999974
6.7188 	EXP 	text: height = 0.05
6.7188 	EXP 	text: height = 0.05
6.7188 	EXP 	text: height = 0.05
6.7188 	EXP 	text: text = 172.74022709999917
6.7230 	EXP 	text: height = 0.05
6.7230 	EXP 	text: height = 0.05
6.7230 	EXP 	text: height = 0.05
6.7230 	EXP 	text: text = 173.7452462000001
6.7293 	EXP 	text: height = 0.05
6.7293 	EXP 	text: height = 0.05
6.7293 	EXP 	text: height = 0.05
6.7293 	EXP 	text: text = 174.74940829999832
6.7333 	EXP 	text: height = 0.05
6.7333 	EXP 	text: height = 0.05
6.7333 	EXP 	text: height = 0.05
6.7333 	EXP 	text: text = 175.75571029999992
6.7384 	EXP 	text: height = 0.05
6.7384 	EXP 	text: height = 0.05
6.7384 	EXP 	text: height = 0.05
6.7384 	EXP 	text: text = 176.7597900999972
6.7426 	EXP 	text: height = 0.05
6.7426 	EXP 	text: height = 0.05
6.7426 	EXP 	text: height = 0.05
6.7426 	EXP 	text: text = 177.76490099999864
6.7477 	EXP 	text: height = 0.05
6.7477 	EXP 	text: height = 0.05
6.7477 	EXP 	text: height = 0.05
6.7477 	EXP 	text: text = 178.76904929999728
6.7519 	EXP 	text: height = 0.05
6.7519 	EXP 	text: height = 0.05
6.7519 	EXP 	text: height = 0.05
6.7519 	EXP 	text: text = 179.77417810000043
6.7570 	EXP 	text: height = 0.05
6.7570 	EXP 	text: height = 0.05
6.7570 	EXP 	text: height = 0.05
6.7570 	EXP 	text: text = 180.77833589999864
6.7587 	DATA 	Mouse:  Left button up, pos=(961,481)
6.7610 	EXP 	text: height = 0.05
6.7610 	EXP 	text: height = 0.05
6.7610 	EXP 	text: height = 0.05
6.7610 	EXP 	text: text = 181.78341849999924
7.2683 	DATA 	Mouse: Left button down, pos=(995,465)
7.2723 	EXP 	text: height = 0.05
7.2723 	EXP 	text: height = 0.05
7.2723 	EXP 	text: height = 0.05
7.2723 	EXP 	text: text = 304.2947702999991
7.2774 	EXP 	text: height = 0.05
7.2774 	EXP 	text: height = 0.05
7.2774 	EXP 	text: height = 0.05
7.2774 	EXP 	text: text = 305.29878299999837
7.2815 	EXP 	text: height = 0.05
7.2815 	EXP 	text: height = 0.05
7.2815 	EXP 	text: height = 0.05
7.2815 	EXP 	text: text = 306.3038282999987
7.2865 	EXP 	text: height = 0.05
7.2865 	EXP 	text: height = 0.05
7.2865 	EXP 	text: height = 0.05
7.2865 	EXP 	text: text = 307.30799959999786
7.2907 	EXP 	text: height = 0.05
7.2907 	EXP 	text: height = 0.05
7.2907 	EXP 	text: height = 0.05
7.2907 	EXP 	text: text = 308.3129807000005
7.2956 	EXP 	text: height = 0.05
7.2956 	EXP 	text: height = 0.05
7.2956 	EXP 	text: height = 0.05
7.2956 	EXP 	text: text = 309.3171395999998
7.2998 	EXP 	text: height = 0.05
7.2998 	EXP 	text: height = 0.05
7.2998 	EXP 	text: height = 0.05
7.2998 	EXP 	text: text = 310.32209389999844
7.3067 	EXP 	text: height = 0.05
7.3067 	EXP 	text: height = 0.05
7.3067 	EXP 	text: height = 0.05
7.3067 	EXP 	text: text = 311.3262614999985
7.3107 	EXP 	text: height = 0.05
7.3107 	EXP 	text: height = 0.05
7.3107 	EXP 	text: height = 0.05
7.3107 	EXP 	text: text = 312.33311989999856
7.3156 	EXP 	text: height = 0.05
7.3156 	EXP 	text: height = 0.05
7.3156 	EXP 	text: height = 0.05
7.3156 	EXP 	text: text = 313.33717279999837
7.3197 	EXP 	text: height = 0.05
7.3197 	EXP 	text: height = 0.05
7.3197 	EXP 	text: height = 0.05
7.3197 	EXP 	text: text = 314.3420057999974
7.3247 	EXP 	text: height = 0.05
7.3247 	EXP 	text: height = 0.05
7.3247 	EXP 	text: height = 0.05
7.3247 	EXP 	text: text = 315.3461714999976
7.3289 	EXP 	text: height = 0.05
7.3289 	EXP 	text: height = 0.05
7.3289 	EXP 	text: height = 0.05
7.3289 	EXP 	text: text = 316.35119399999894
7.3339 	EXP 	text: height = 0.05
7.3339 	EXP 	text: height = 0.05
7.3339 	EXP 	text: height = 0.05
7.3339 	EXP 	text: text = 317.3553566999981
7.3380 	EXP 	text: height = 0.05
7.3380 	EXP 	text: height = 0.05
7.3380 	EXP 	text: height = 0.05
7.3380 	EXP 	text: text = 318.3603116999984
7.3430 	EXP 	text: height = 0.05
7.3430 	EXP 	text: height = 0.05
7.3430 	EXP 	text: height = 0.05
7.3430 	EXP 	text: text = 319.3644698999997
7.3471 	EXP 	text: height = 0.05
7.3471 	EXP 	text: height = 0.05
7.3471 	EXP 	text: height = 0.05
7.3471 	EXP 	text: text = 320.3694383999973
7.3473 	DATA 	Mouse:  Left button up, pos=(995,465)
7.6407 	DATA 	Mouse: Left button down, pos=(998,462)
7.6461 	EXP 	text: height = 0.05
7.6461 	EXP 	text: height = 0.05
7.6461 	EXP 	text: height = 0.05
7.6461 	EXP 	text: text = 391.66716189999715
7.6500 	EXP 	text: height = 0.05
7.6500 	EXP 	text: height = 0.05
7.6500 	EXP 	text: height = 0.05
7.6500 	EXP 	text: text = 392.67257619999873
7.6551 	EXP 	text: height = 0.05
7.6551 	EXP 	text: height = 0.05
7.6551 	EXP 	text: height = 0.05
7.6551 	EXP 	text: text = 393.6764997999999
7.6593 	EXP 	text: height = 0.05
7.6593 	EXP 	text: height = 0.05
7.6593 	EXP 	text: height = 0.05
7.6593 	EXP 	text: text = 394.68158779999794
7.6643 	EXP 	text: height = 0.05
7.6643 	EXP 	text: height = 0.05
7.6643 	EXP 	text: height = 0.05
7.6643 	EXP 	text: text = 395.6857491999981
7.6685 	EXP 	text: height = 0.05
7.6685 	EXP 	text: height = 0.05
7.6685 	EXP 	text: height = 0.05
7.6685 	EXP 	text: text = 396.6907539999993
7.6735 	EXP 	text: height = 0.05
7.6735 	EXP 	text: height = 0.05
7.6735 	EXP 	text: height = 0.05
7.6735 	EXP 	text: text = 397.69491559999733
7.6777 	EXP 	text: height = 0.05
7.6777 	EXP 	text: height = 0.05
7.6777 	EXP 	text: height = 0.05
7.6777 	EXP 	text: text = 398.6999068999976
7.6828 	EXP 	text: height = 0.05
7.6828 	EXP 	text: height = 0.05
7.6828 	EXP 	text: height = 0.05
7.6828 	EXP 	text: text = 399.7041833999974
7.6869 	EXP 	text: height = 0.05
7.6869 	EXP 	text: height = 0.05
7.6869 	EXP 	text: height = 0.05
7.6869 	EXP 	text: text = 400.70926399999735
7.6918 	EXP 	text: height = 0.05
7.6918 	EXP 	text: height = 0.05
7.6918 	EXP 	text: height = 0.05
7.6918 	EXP 	text: text = 401.7133278000001
7.6960 	EXP 	text: height = 0.05
7.6960 	EXP 	text: height = 0.05
7.6960 	EXP 	text: height = 0.05
7.6960 	EXP 	text: text = 402.7182896999984
7.7010 	EXP 	text: height = 0.05
7.7010 	EXP 	text: height = 0.05
7.7010 	EXP 	text: height = 0.05
7.7010 	EXP 	text: text = 403.72244969999883
7.7051 	EXP 	text: height = 0.05
7.7051 	EXP 	text: height = 0.05
7.7051 	EXP 	text: height = 0.05
7.7051 	EXP 	text: text = 404.72743759999867
7.7115 	EXP 	text: height = 0.05
7.7115 	EXP 	text: height = 0.05
7.7115 	EXP 	text: height = 0.05
7.7115 	EXP 	text: text = 405.73159659999874
7.7117 	DATA 	Mouse:  Left button up, pos=(998,462)
7.9801 	DATA 	Mouse: Left button down, pos=(998,462)
7.9841 	EXP 	text: height = 0.05
7.9841 	EXP 	text: height = 0.05
7.9841 	EXP 	text: height = 0.05
7.9841 	EXP 	text: text = 471.0065967999981
7.9890 	EXP 	text: height = 0.05
7.9890 	EXP 	text: height = 0.05
7.9890 	EXP 	text: height = 0.05
7.9890 	EXP 	text: text = 472.0105143999972
7.9931 	EXP 	text: height = 0.05
7.9931 	EXP 	text: height = 0.05
7.9931 	EXP 	text: height = 0.05
7.9931 	EXP 	text: text = 473.0154464999978
7.9982 	EXP 	text: height = 0.05
7.9982 	EXP 	text: height = 0.05
7.9982 	EXP 	text: height = 0.05
7.9982 	EXP 	text: text = 474.0196047999998
8.0022 	EXP 	text: height = 0.05
8.0022 	EXP 	text: height = 0.05
8.0022 	EXP 	text: height = 0.05
8.0022 	EXP 	text: text = 475.02464859999964
8.0072 	EXP 	text: height = 0.05
8.0072 	EXP 	text: height = 0.05
8.0072 	EXP 	text: height = 0.05
8.0072 	EXP 	text: text = 476.0286825000003
8.0113 	EXP 	text: height = 0.05
8.0113 	EXP 	text: height = 0.05
8.0113 	EXP 	text: height = 0.05
8.0113 	EXP 	text: text = 477.03364409999995
8.0163 	EXP 	text: height = 0.05
8.0163 	EXP 	text: height = 0.05
8.0163 	EXP 	text: height = 0.05
8.0163 	EXP 	text: text = 478.03779639999993
8.0205 	EXP 	text: height = 0.05
8.0205 	EXP 	text: height = 0.05
8.0205 	EXP 	text: height = 0.05
8.0205 	EXP 	text: text = 479.0427813999995
8.0267 	EXP 	text: height = 0.05
8.0267 	EXP 	text: height = 0.05
8.0267 	EXP 	text: height = 0.05
8.0267 	EXP 	text: text = 480.0469376999972
8.0307 	EXP 	text: height = 0.05
8.0307 	EXP 	text: height = 0.05
8.0307 	EXP 	text: height = 0.05
8.0307 	EXP 	text: text = 481.05317939999804
8.0358 	EXP 	text: height = 0.05
8.0358 	EXP 	text: height = 0.05
8.0358 	EXP 	text: height = 0.05
8.0358 	EXP 	text: text = 482.05720479999945
8.0400 	EXP 	text: height = 0.05
8.0400 	EXP 	text: height = 0.05
8.0400 	EXP 	text: height = 0.05
8.0400 	EXP 	text: text = 483.0622633999992
8.0450 	EXP 	text: height = 0.05
8.0450 	EXP 	text: height = 0.05
8.0450 	EXP 	text: height = 0.05
8.0450 	EXP 	text: text = 484.0664240999977
8.0491 	EXP 	text: height = 0.05
8.0491 	EXP 	text: height = 0.05
8.0491 	EXP 	text: height = 0.05
8.0491 	EXP 	text: text = 485.07144029999836
8.0541 	EXP 	text: height = 0.05
8.0541 	EXP 	text: height = 0.05
8.0541 	EXP 	text: height = 0.05
8.0541 	EXP 	text: text = 486.0756027999996
8.0583 	EXP 	text: height = 0.05
8.0583 	EXP 	text: height = 0.05
8.0583 	EXP 	text: height = 0.05
8.0583 	EXP 	text: text = 487.0805694999981
8.0633 	EXP 	text: height = 0.05
8.0633 	EXP 	text: height = 0.05
8.0633 	EXP 	text: height = 0.05
8.0633 	EXP 	text: text = 488.0847346999981
8.0674 	EXP 	text: height = 0.05
8.0674 	EXP 	text: height = 0.05
8.0674 	EXP 	text: height = 0.05
8.0674 	EXP 	text: text = 489.089724999998
8.0736 	EXP 	text: height = 0.05
8.0736 	EXP 	text: height = 0.05
8.0736 	EXP 	text: height = 0.05
8.0736 	EXP 	text: text = 490.0938903999995
8.0776 	EXP 	text: height = 0.05
8.0776 	EXP 	text: height = 0.05
8.0776 	EXP 	text: height = 0.05
8.0776 	EXP 	text: text = 491.10005589999855
8.0778 	DATA 	Mouse:  Left button up, pos=(998,462)
8.3329 	DATA 	Mouse: Left button down, pos=(998,462)
8.3370 	EXP 	text: height = 0.05
8.3370 	EXP 	text: height = 0.05
8.3370 	EXP 	text: height = 0.05
8.3370 	EXP 	text: text = 553.3593803000003
8.3420 	EXP 	text: height = 0.05
8.3420 	EXP 	text: height = 0.05
8.3420 	EXP 	text: height = 0.05
8.3420 	EXP 	text: text = 554.3634077999995
8.3461 	EXP 	text: height = 0.05
8.3461 	EXP 	text: height = 0.05
8.3461 	EXP 	text: height = 0.05
8.3461 	EXP 	text: text = 555.3684093999982
8.3512 	EXP 	text: height = 0.05
8.3512 	EXP 	text: height = 0.05
8.3512 	EXP 	text: height = 0.05
8.3512 	EXP 	text: text = 556.3725734
8.3557 	EXP 	text: height = 0.05
8.3557 	EXP 	text: height = 0.05
8.3557 	EXP 	text: height = 0.05
8.3557 	EXP 	text: text = 557.377648499998
8.3609 	EXP 	text: height = 0.05
8.3609 	EXP 	text: height = 0.05
8.3609 	EXP 	text: height = 0.05
8.3609 	EXP 	text: text = 558.3821749999988
8.3649 	EXP 	text: height = 0.05
8.3649 	EXP 	text: height = 0.05
8.3649 	EXP 	text: height = 0.05
8.3649 	EXP 	text: text = 559.3873531999998
8.3699 	EXP 	text: height = 0.05
8.3699 	EXP 	text: height = 0.05
8.3699 	EXP 	text: height = 0.05
8.3699 	EXP 	text: text = 560.3913969999994
8.3743 	EXP 	text: height = 0.05
8.3743 	EXP 	text: height = 0.05
8.3743 	EXP 	text: height = 0.05
8.3743 	EXP 	text: text = 561.3963640000002
8.3793 	EXP 	text: height = 0.05
8.3793 	EXP 	text: height = 0.05
8.3793 	EXP 	text: height = 0.05
8.3793 	EXP 	text: text = 562.400780699998
8.3834 	EXP 	text: height = 0.05
8.3834 	EXP 	text: height = 0.05
8.3834 	EXP 	text: height = 0.05
8.3834 	EXP 	text: text = 563.4057341999978
8.3885 	EXP 	text: height = 0.05
8.3885 	EXP 	text: height = 0.05
8.3885 	EXP 	text: height = 0.05
8.3885 	EXP 	text: text = 564.4098868000001
8.3926 	EXP 	text: height = 0.05
8.3926 	EXP 	text: height = 0.05
8.3926 	EXP 	text: height = 0.05
8.3926 	EXP 	text: text = 565.4149147999997
8.3977 	EXP 	text: height = 0.05
8.3977 	EXP 	text: height = 0.05
8.3977 	EXP 	text: height = 0.05
8.3977 	EXP 	text: text = 566.4190734000003
8.4029 	EXP 	text: height = 0.05
8.4029 	EXP 	text: height = 0.05
8.4029 	EXP 	text: height = 0.05
8.4029 	EXP 	text: text = 567.4241297999979
8.4081 	EXP 	text: height = 0.05
8.4081 	EXP 	text: height = 0.05
8.4081 	EXP 	text: height = 0.05
8.4081 	EXP 	text: text = 568.4293056999995
8.4121 	EXP 	text: height = 0.05
8.4121 	EXP 	text: height = 0.05
8.4121 	EXP 	text: height = 0.05
8.4121 	EXP 	text: text = 569.434508899998
8.4171 	EXP 	text: height = 0.05
8.4171 	EXP 	text: height = 0.05
8.4171 	EXP 	text: height = 0.05
8.4171 	EXP 	text: text = 570.438564
8.4212 	EXP 	text: height = 0.05
8.4212 	EXP 	text: height = 0.05
8.4212 	EXP 	text: height = 0.05
8.4212 	EXP 	text: text = 571.4435049999993
8.4228 	DATA 	Mouse:  Left button up, pos=(998,462)
8.4262 	EXP 	text: height = 0.05
8.4262 	EXP 	text: height = 0.05
8.4262 	EXP 	text: height = 0.05
8.4262 	EXP 	text: text = 572.4476651999976
9.0259 	DATA 	Mouse: Left button down, pos=(998,462)
9.0310 	EXP 	text: height = 0.05
9.0310 	EXP 	text: height = 0.05
9.0310 	EXP 	text: height = 0.05
9.0310 	EXP 	text: text = 717.0523625999995
9.0353 	EXP 	text: height = 0.05
9.0353 	EXP 	text: height = 0.05
9.0353 	EXP 	text: height = 0.05
9.0353 	EXP 	text: text = 718.057503
9.0404 	EXP 	text: height = 0.05
9.0404 	EXP 	text: height = 0.05
9.0404 	EXP 	text: height = 0.05
9.0404 	EXP 	text: text = 719.0617633000002
9.0446 	EXP 	text: height = 0.05
9.0446 	EXP 	text: height = 0.05
9.0446 	EXP 	text: height = 0.05
9.0446 	EXP 	text: text = 720.0668549999973
9.0494 	EXP 	text: height = 0.05
9.0494 	EXP 	text: height = 0.05
9.0494 	EXP 	text: height = 0.05
9.0494 	EXP 	text: text = 721.0710153
9.0536 	EXP 	text: height = 0.05
9.0536 	EXP 	text: height = 0.05
9.0536 	EXP 	text: height = 0.05
9.0536 	EXP 	text: text = 722.0758934000005
9.0586 	EXP 	text: height = 0.05
9.0586 	EXP 	text: height = 0.05
9.0586 	EXP 	text: height = 0.05
9.0586 	EXP 	text: text = 723.0800562999975
9.0627 	EXP 	text: height = 0.05
9.0627 	EXP 	text: height = 0.05
9.0627 	EXP 	text: height = 0.05
9.0627 	EXP 	text: text = 724.0850260000007
9.0677 	EXP 	text: height = 0.05
9.0677 	EXP 	text: height = 0.05
9.0677 	EXP 	text: height = 0.05
9.0677 	EXP 	text: text = 725.0891867999999
9.0719 	EXP 	text: height = 0.05
9.0719 	EXP 	text: height = 0.05
9.0719 	EXP 	text: height = 0.05
9.0719 	EXP 	text: text = 726.0942018999995
9.0769 	EXP 	text: height = 0.05
9.0769 	EXP 	text: height = 0.05
9.0769 	EXP 	text: height = 0.05
9.0769 	EXP 	text: text = 727.0983605999972
9.0814 	EXP 	text: height = 0.05
9.0814 	EXP 	text: height = 0.05
9.0814 	EXP 	text: height = 0.05
9.0814 	EXP 	text: text = 728.1033207999972
9.0866 	EXP 	text: height = 0.05
9.0866 	EXP 	text: height = 0.05
9.0866 	EXP 	text: height = 0.05
9.0866 	EXP 	text: text = 729.1078742999998
9.0907 	EXP 	text: height = 0.05
9.0907 	EXP 	text: height = 0.05
9.0907 	EXP 	text: height = 0.05
9.0907 	EXP 	text: text = 730.1130687999976
9.0950 	EXP 	text: height = 0.05
9.0950 	EXP 	text: height = 0.05
9.0950 	EXP 	text: height = 0.05
9.0950 	EXP 	text: text = 731.1171303999981
9.0992 	EXP 	text: height = 0.05
9.0992 	EXP 	text: height = 0.05
9.0992 	EXP 	text: height = 0.05
9.0992 	EXP 	text: text = 732.1214593999975
9.1034 	EXP 	text: height = 0.05
9.1034 	EXP 	text: height = 0.05
9.1034 	EXP 	text: height = 0.05
9.1034 	EXP 	text: text = 733.1256194999987
9.1076 	EXP 	text: height = 0.05
9.1076 	EXP 	text: height = 0.05
9.1076 	EXP 	text: height = 0.05
9.1076 	EXP 	text: text = 734.1298695000005
9.1118 	EXP 	text: height = 0.05
9.1118 	EXP 	text: height = 0.05
9.1118 	EXP 	text: height = 0.05
9.1118 	EXP 	text: text = 735.1340342000003
9.1159 	EXP 	text: height = 0.05
9.1159 	EXP 	text: height = 0.05
9.1159 	EXP 	text: height = 0.05
9.1159 	EXP 	text: text = 736.1382142000002
9.1201 	EXP 	text: height = 0.05
9.1201 	EXP 	text: height = 0.05
9.1201 	EXP 	text: height = 0.05
9.1201 	EXP 	text: text = 737.1423735999997
9.1243 	EXP 	text: height = 0.05
9.1243 	EXP 	text: height = 0.05
9.1243 	EXP 	text: height = 0.05
9.1243 	EXP 	text: text = 738.1465470000003
9.1293 	EXP 	text: height = 0.05
9.1293 	EXP 	text: height = 0.05
9.1293 	EXP 	text: height = 0.05
9.1293 	EXP 	text: text = 739.1507218999977
9.1326 	EXP 	text: height = 0.05
9.1326 	EXP 	text: height = 0.05
9.1326 	EXP 	text: height = 0.05
9.1326 	EXP 	text: text = 740.1557427999978
9.1369 	EXP 	text: height = 0.05
9.1369 	EXP 	text: height = 0.05
9.1369 	EXP 	text: height = 0.05
9.1369 	EXP 	text: text = 741.1590636000001
9.1411 	EXP 	text: height = 0.05
9.1411 	EXP 	text: height = 0.05
9.1411 	EXP 	text: height = 0.05
9.1411 	EXP 	text: text = 742.1633866999982
9.1452 	EXP 	text: height = 0.05
9.1452 	EXP 	text: height = 0.05
9.1452 	EXP 	text: height = 0.05
9.1452 	EXP 	text: text = 743.1675503999977
9.1494 	EXP 	text: height = 0.05
9.1494 	EXP 	text: height = 0.05
9.1494 	EXP 	text: height = 0.05
9.1494 	EXP 	text: text = 744.1716530999984
9.1536 	EXP 	text: height = 0.05
9.1536 	EXP 	text: height = 0.05
9.1536 	EXP 	text: height = 0.05
9.1536 	EXP 	text: text = 745.1758931000004
9.1578 	EXP 	text: height = 0.05
9.1578 	EXP 	text: height = 0.05
9.1578 	EXP 	text: height = 0.05
9.1578 	EXP 	text: text = 746.1800722999978
9.1620 	EXP 	text: height = 0.05
9.1620 	EXP 	text: height = 0.05
9.1620 	EXP 	text: height = 0.05
9.1620 	EXP 	text: text = 747.1842326000005
9.1661 	EXP 	text: height = 0.05
9.1661 	EXP 	text: height = 0.05
9.1661 	EXP 	text: height = 0.05
9.1661 	EXP 	text: text = 748.1884112999978
9.1703 	EXP 	text: height = 0.05
9.1703 	EXP 	text: height = 0.05
9.1703 	EXP 	text: height = 0.05
9.1703 	EXP 	text: text = 749.1925821000004
9.1745 	EXP 	text: height = 0.05
9.1745 	EXP 	text: height = 0.05
9.1745 	EXP 	text: height = 0.05
9.1745 	EXP 	text: text = 750.1967475999991
9.1796 	EXP 	text: height = 0.05
9.1796 	EXP 	text: height = 0.05
9.1796 	EXP 	text: height = 0.05
9.1796 	EXP 	text: text = 751.2009174999985
9.1837 	EXP 	text: height = 0.05
9.1837 	EXP 	text: height = 0.05
9.1837 	EXP 	text: height = 0.05
9.1837 	EXP 	text: text = 752.2060874999988
9.1879 	EXP 	text: height = 0.05
9.1879 	EXP 	text: height = 0.05
9.1879 	EXP 	text: height = 0.05
9.1879 	EXP 	text: text = 753.2101397999977
9.1920 	EXP 	text: height = 0.05
9.1920 	EXP 	text: height = 0.05
9.1920 	EXP 	text: height = 0.05
9.1920 	EXP 	text: text = 754.2143092000006
9.1962 	EXP 	text: height = 0.05
9.1962 	EXP 	text: height = 0.05
9.1962 	EXP 	text: height = 0.05
9.1962 	EXP 	text: text = 755.2184792000007
9.2004 	EXP 	text: height = 0.05
9.2004 	EXP 	text: height = 0.05
9.2004 	EXP 	text: height = 0.05
9.2004 	EXP 	text: text = 756.2226510999972
9.2045 	EXP 	text: height = 0.05
9.2045 	EXP 	text: height = 0.05
9.2045 	EXP 	text: height = 0.05
9.2045 	EXP 	text: text = 757.2268236999989
9.2087 	EXP 	text: height = 0.05
9.2087 	EXP 	text: height = 0.05
9.2087 	EXP 	text: height = 0.05
9.2087 	EXP 	text: text = 758.2309722999998
9.2129 	EXP 	text: height = 0.05
9.2129 	EXP 	text: height = 0.05
9.2129 	EXP 	text: height = 0.05
9.2129 	EXP 	text: text = 759.2351655999992
9.2171 	EXP 	text: height = 0.05
9.2171 	EXP 	text: height = 0.05
9.2171 	EXP 	text: height = 0.05
9.2171 	EXP 	text: text = 760.2393327999998
9.2212 	EXP 	text: height = 0.05
9.2212 	EXP 	text: height = 0.05
9.2212 	EXP 	text: height = 0.05
9.2212 	EXP 	text: text = 761.243508399999
9.2255 	EXP 	text: height = 0.05
9.2255 	EXP 	text: height = 0.05
9.2255 	EXP 	text: height = 0.05
9.2255 	EXP 	text: text = 762.2476750999995
9.2296 	EXP 	text: height = 0.05
9.2296 	EXP 	text: height = 0.05
9.2296 	EXP 	text: height = 0.05
9.2296 	EXP 	text: text = 763.2519532000006
9.2337 	EXP 	text: height = 0.05
9.2337 	EXP 	text: height = 0.05
9.2337 	EXP 	text: height = 0.05
9.2337 	EXP 	text: text = 764.256016299998
9.2379 	EXP 	text: height = 0.05
9.2379 	EXP 	text: height = 0.05
9.2379 	EXP 	text: height = 0.05
9.2379 	EXP 	text: text = 765.2601909000005
9.2421 	EXP 	text: height = 0.05
9.2421 	EXP 	text: height = 0.05
9.2421 	EXP 	text: height = 0.05
9.2421 	EXP 	text: text = 766.2643599000003
9.2462 	EXP 	text: height = 0.05
9.2462 	EXP 	text: height = 0.05
9.2462 	EXP 	text: height = 0.05
9.2462 	EXP 	text: text = 767.2685335999995
9.2504 	EXP 	text: height = 0.05
9.2504 	EXP 	text: height = 0.05
9.2504 	EXP 	text: height = 0.05
9.2504 	EXP 	text: text = 768.2727469999991
9.2546 	EXP 	text: height = 0.05
9.2546 	EXP 	text: height = 0.05
9.2546 	EXP 	text: height = 0.05
9.2546 	EXP 	text: text = 769.2768924999982
9.2588 	EXP 	text: height = 0.05
9.2588 	EXP 	text: height = 0.05
9.2588 	EXP 	text: height = 0.05
9.2588 	EXP 	text: text = 770.2810437999979
9.2629 	EXP 	text: height = 0.05
9.2629 	EXP 	text: height = 0.05
9.2629 	EXP 	text: height = 0.05
9.2629 	EXP 	text: text = 771.2852208000004
9.2671 	EXP 	text: height = 0.05
9.2671 	EXP 	text: height = 0.05
9.2671 	EXP 	text: height = 0.05
9.2671 	EXP 	text: text = 772.2893867999992
9.2722 	EXP 	text: height = 0.05
9.2722 	EXP 	text: height = 0.05
9.2722 	EXP 	text: height = 0.05
9.2722 	EXP 	text: text = 773.2935584999977
9.2762 	EXP 	text: height = 0.05
9.2762 	EXP 	text: height = 0.05
9.2762 	EXP 	text: height = 0.05
9.2762 	EXP 	text: text = 774.2986509000002
9.2804 	EXP 	text: height = 0.05
9.2804 	EXP 	text: height = 0.05
9.2804 	EXP 	text: height = 0.05
9.2804 	EXP 	text: text = 775.3027246999991
9.2846 	EXP 	text: height = 0.05
9.2846 	EXP 	text: height = 0.05
9.2846 	EXP 	text: height = 0.05
9.2846 	EXP 	text: text = 776.3068563999987
9.2888 	EXP 	text: height = 0.05
9.2888 	EXP 	text: height = 0.05
9.2888 	EXP 	text: height = 0.05
9.2888 	EXP 	text: text = 777.3111819000005
9.2929 	EXP 	text: height = 0.05
9.2929 	EXP 	text: height = 0.05
9.2929 	EXP 	text: height = 0.05
9.2929 	EXP 	text: text = 778.3152119999977
9.2971 	EXP 	text: height = 0.05
9.2971 	EXP 	text: height = 0.05
9.2971 	EXP 	text: height = 0.05
9.2971 	EXP 	text: text = 779.3193702999997
9.3013 	EXP 	text: height = 0.05
9.3013 	EXP 	text: height = 0.05
9.3013 	EXP 	text: height = 0.05
9.3013 	EXP 	text: text = 780.3235389999973
9.3054 	EXP 	text: height = 0.05
9.3054 	EXP 	text: height = 0.05
9.3054 	EXP 	text: height = 0.05
9.3054 	EXP 	text: text = 781.3277541999996
9.3096 	EXP 	text: height = 0.05
9.3096 	EXP 	text: height = 0.05
9.3096 	EXP 	text: height = 0.05
9.3096 	EXP 	text: text = 782.3318897999998
9.3138 	EXP 	text: height = 0.05
9.3138 	EXP 	text: height = 0.05
9.3138 	EXP 	text: height = 0.05
9.3138 	EXP 	text: text = 783.3360585999981
9.3180 	EXP 	text: height = 0.05
9.3180 	EXP 	text: height = 0.05
9.3180 	EXP 	text: height = 0.05
9.3180 	EXP 	text: text = 784.3402225999998
9.3221 	EXP 	text: height = 0.05
9.3221 	EXP 	text: height = 0.05
9.3221 	EXP 	text: height = 0.05
9.3221 	EXP 	text: text = 785.3445138999996
9.3263 	EXP 	text: height = 0.05
9.3263 	EXP 	text: height = 0.05
9.3263 	EXP 	text: height = 0.05
9.3263 	EXP 	text: text = 786.348606399999
9.3305 	EXP 	text: height = 0.05
9.3305 	EXP 	text: height = 0.05
9.3305 	EXP 	text: height = 0.05
9.3305 	EXP 	text: text = 787.3527493999973
9.3346 	EXP 	text: height = 0.05
9.3346 	EXP 	text: height = 0.05
9.3346 	EXP 	text: height = 0.05
9.3346 	EXP 	text: text = 788.3569062999995
9.3388 	EXP 	text: height = 0.05
9.3388 	EXP 	text: height = 0.05
9.3388 	EXP 	text: height = 0.05
9.3388 	EXP 	text: text = 789.3611356999972
9.3430 	EXP 	text: height = 0.05
9.3430 	EXP 	text: height = 0.05
9.3430 	EXP 	text: height = 0.05
9.3430 	EXP 	text: text = 790.3652508999985
9.3471 	EXP 	text: height = 0.05
9.3471 	EXP 	text: height = 0.05
9.3471 	EXP 	text: height = 0.05
9.3471 	EXP 	text: text = 791.3694353999999
9.3513 	EXP 	text: height = 0.05
9.3513 	EXP 	text: height = 0.05
9.3513 	EXP 	text: height = 0.05
9.3513 	EXP 	text: text = 792.373579799998
9.3555 	EXP 	text: height = 0.05
9.3555 	EXP 	text: height = 0.05
9.3555 	EXP 	text: height = 0.05
9.3555 	EXP 	text: text = 793.3777616000007
9.3597 	EXP 	text: height = 0.05
9.3597 	EXP 	text: height = 0.05
9.3597 	EXP 	text: height = 0.05
9.3597 	EXP 	text: text = 794.3819363999974
9.3645 	EXP 	text: height = 0.05
9.3645 	EXP 	text: height = 0.05
9.3645 	EXP 	text: height = 0.05
9.3645 	EXP 	text: text = 795.3861049999978
9.3680 	EXP 	text: height = 0.05
9.3680 	EXP 	text: height = 0.05
9.3680 	EXP 	text: height = 0.05
9.3680 	EXP 	text: text = 796.3909910999973
9.3722 	EXP 	text: height = 0.05
9.3722 	EXP 	text: height = 0.05
9.3722 	EXP 	text: height = 0.05
9.3722 	EXP 	text: text = 797.3944464999986
9.3763 	EXP 	text: height = 0.05
9.3763 	EXP 	text: height = 0.05
9.3763 	EXP 	text: height = 0.05
9.3763 	EXP 	text: text = 798.3986201999978
9.3805 	EXP 	text: height = 0.05
9.3805 	EXP 	text: height = 0.05
9.3805 	EXP 	text: height = 0.05
9.3805 	EXP 	text: text = 799.4027910000004
9.3847 	EXP 	text: height = 0.05
9.3847 	EXP 	text: height = 0.05
9.3847 	EXP 	text: height = 0.05
9.3847 	EXP 	text: text = 800.4069562999975
9.3888 	EXP 	text: height = 0.05
9.3888 	EXP 	text: height = 0.05
9.3888 	EXP 	text: height = 0.05
9.3888 	EXP 	text: text = 801.4111363999982
9.3930 	EXP 	text: height = 0.05
9.3930 	EXP 	text: height = 0.05
9.3930 	EXP 	text: height = 0.05
9.3930 	EXP 	text: text = 802.4153006999986
9.3972 	EXP 	text: height = 0.05
9.3972 	EXP 	text: height = 0.05
9.3972 	EXP 	text: height = 0.05
9.3972 	EXP 	text: text = 803.4194543999984
9.4014 	EXP 	text: height = 0.05
9.4014 	EXP 	text: height = 0.05
9.4014 	EXP 	text: height = 0.05
9.4014 	EXP 	text: text = 804.4236472999983
9.4055 	EXP 	text: height = 0.05
9.4055 	EXP 	text: height = 0.05
9.4055 	EXP 	text: height = 0.05
9.4055 	EXP 	text: text = 805.4278133000007
9.4106 	EXP 	text: height = 0.05
9.4106 	EXP 	text: height = 0.05
9.4106 	EXP 	text: height = 0.05
9.4106 	EXP 	text: text = 806.4319838999982
9.4140 	EXP 	text: height = 0.05
9.4140 	EXP 	text: height = 0.05
9.4140 	EXP 	text: height = 0.05
9.4140 	EXP 	text: text = 807.437022099999
9.4181 	EXP 	text: height = 0.05
9.4181 	EXP 	text: height = 0.05
9.4181 	EXP 	text: height = 0.05
9.4181 	EXP 	text: text = 808.4404428999987
9.4223 	EXP 	text: height = 0.05
9.4223 	EXP 	text: height = 0.05
9.4223 	EXP 	text: height = 0.05
9.4223 	EXP 	text: text = 809.4445955999981
9.4265 	EXP 	text: height = 0.05
9.4265 	EXP 	text: height = 0.05
9.4265 	EXP 	text: height = 0.05
9.4265 	EXP 	text: text = 810.4487703999985
9.4307 	EXP 	text: height = 0.05
9.4307 	EXP 	text: height = 0.05
9.4307 	EXP 	text: height = 0.05
9.4307 	EXP 	text: text = 811.452937099999
9.4348 	EXP 	text: height = 0.05
9.4348 	EXP 	text: height = 0.05
9.4348 	EXP 	text: height = 0.05
9.4348 	EXP 	text: text = 812.4571060999988
9.4390 	EXP 	text: height = 0.05
9.4390 	EXP 	text: height = 0.05
9.4390 	EXP 	text: height = 0.05
9.4390 	EXP 	text: text = 813.4612864999981
9.4432 	EXP 	text: height = 0.05
9.4432 	EXP 	text: height = 0.05
9.4432 	EXP 	text: height = 0.05
9.4432 	EXP 	text: text = 814.4654601999973
9.4473 	EXP 	text: height = 0.05
9.4473 	EXP 	text: height = 0.05
9.4473 	EXP 	text: height = 0.05
9.4473 	EXP 	text: text = 815.4696218999998
9.4515 	EXP 	text: height = 0.05
9.4515 	EXP 	text: height = 0.05
9.4515 	EXP 	text: height = 0.05
9.4515 	EXP 	text: text = 816.4737915000005
9.4557 	EXP 	text: height = 0.05
9.4557 	EXP 	text: height = 0.05
9.4557 	EXP 	text: height = 0.05
9.4557 	EXP 	text: text = 817.4779627999997
9.4600 	EXP 	text: height = 0.05
9.4600 	EXP 	text: height = 0.05
9.4600 	EXP 	text: height = 0.05
9.4600 	EXP 	text: text = 818.4821588999985
9.4640 	EXP 	text: height = 0.05
9.4640 	EXP 	text: height = 0.05
9.4640 	EXP 	text: height = 0.05
9.4640 	EXP 	text: text = 819.4864600000001
9.4682 	EXP 	text: height = 0.05
9.4682 	EXP 	text: height = 0.05
9.4682 	EXP 	text: height = 0.05
9.4682 	EXP 	text: text = 820.4905206999974
9.4724 	EXP 	text: height = 0.05
9.4724 	EXP 	text: height = 0.05
9.4724 	EXP 	text: height = 0.05
9.4724 	EXP 	text: text = 821.4946538999975
9.4765 	EXP 	text: height = 0.05
9.4765 	EXP 	text: height = 0.05
9.4765 	EXP 	text: height = 0.05
9.4765 	EXP 	text: text = 822.4988193999998
9.4807 	EXP 	text: height = 0.05
9.4807 	EXP 	text: height = 0.05
9.4807 	EXP 	text: height = 0.05
9.4807 	EXP 	text: text = 823.5029895000007
9.4849 	EXP 	text: height = 0.05
9.4849 	EXP 	text: height = 0.05
9.4849 	EXP 	text: height = 0.05
9.4849 	EXP 	text: text = 824.5071615999987
9.4891 	EXP 	text: height = 0.05
9.4891 	EXP 	text: height = 0.05
9.4891 	EXP 	text: height = 0.05
9.4891 	EXP 	text: text = 825.5113361000003
9.4932 	EXP 	text: height = 0.05
9.4932 	EXP 	text: height = 0.05
9.4932 	EXP 	text: height = 0.05
9.4932 	EXP 	text: text = 826.5155075000002
9.4974 	EXP 	text: height = 0.05
9.4974 	EXP 	text: height = 0.05
9.4974 	EXP 	text: height = 0.05
9.4974 	EXP 	text: text = 827.5196737999977
9.5016 	EXP 	text: height = 0.05
9.5016 	EXP 	text: height = 0.05
9.5016 	EXP 	text: height = 0.05
9.5016 	EXP 	text: text = 828.5238422999973
9.5064 	EXP 	text: height = 0.05
9.5064 	EXP 	text: height = 0.05
9.5064 	EXP 	text: height = 0.05
9.5064 	EXP 	text: text = 829.528046899999
9.5099 	EXP 	text: height = 0.05
9.5099 	EXP 	text: height = 0.05
9.5099 	EXP 	text: height = 0.05
9.5099 	EXP 	text: text = 830.5328584999988
9.5141 	EXP 	text: height = 0.05
9.5141 	EXP 	text: height = 0.05
9.5141 	EXP 	text: height = 0.05
9.5141 	EXP 	text: text = 831.5363818999977
9.5182 	EXP 	text: height = 0.05
9.5182 	EXP 	text: height = 0.05
9.5182 	EXP 	text: height = 0.05
9.5182 	EXP 	text: text = 832.5405275999983
9.5224 	EXP 	text: height = 0.05
9.5224 	EXP 	text: height = 0.05
9.5224 	EXP 	text: height = 0.05
9.5224 	EXP 	text: text = 833.5446964000002
9.5266 	EXP 	text: height = 0.05
9.5266 	EXP 	text: height = 0.05
9.5266 	EXP 	text: height = 0.05
9.5266 	EXP 	text: text = 834.5488764000002
9.5308 	EXP 	text: height = 0.05
9.5308 	EXP 	text: height = 0.05
9.5308 	EXP 	text: height = 0.05
9.5308 	EXP 	text: text = 835.5530403999983
9.5349 	EXP 	text: height = 0.05
9.5349 	EXP 	text: height = 0.05
9.5349 	EXP 	text: height = 0.05
9.5349 	EXP 	text: text = 836.5572236000007
9.5392 	EXP 	text: height = 0.05
9.5392 	EXP 	text: height = 0.05
9.5392 	EXP 	text: height = 0.05
9.5392 	EXP 	text: text = 837.5613812999982
9.5433 	EXP 	text: height = 0.05
9.5433 	EXP 	text: height = 0.05
9.5433 	EXP 	text: height = 0.05
9.5433 	EXP 	text: text = 838.5656971999997
9.5474 	EXP 	text: height = 0.05
9.5474 	EXP 	text: height = 0.05
9.5474 	EXP 	text: height = 0.05
9.5474 	EXP 	text: text = 839.569727099999
9.5517 	EXP 	text: height = 0.05
9.5517 	EXP 	text: height = 0.05
9.5517 	EXP 	text: height = 0.05
9.5517 	EXP 	text: text = 840.5739197000003
9.5558 	EXP 	text: height = 0.05
9.5558 	EXP 	text: height = 0.05
9.5558 	EXP 	text: height = 0.05
9.5558 	EXP 	text: text = 841.5781545999998
9.5600 	EXP 	text: height = 0.05
9.5600 	EXP 	text: height = 0.05
9.5600 	EXP 	text: height = 0.05
9.5600 	EXP 	text: text = 842.5822369999987
9.5641 	EXP 	text: height = 0.05
9.5641 	EXP 	text: height = 0.05
9.5641 	EXP 	text: height = 0.05
9.5641 	EXP 	text: text = 843.5864067000002
9.5683 	EXP 	text: height = 0.05
9.5683 	EXP 	text: height = 0.05
9.5683 	EXP 	text: height = 0.05
9.5683 	EXP 	text: text = 844.5905778999986
9.5725 	EXP 	text: height = 0.05
9.5725 	EXP 	text: height = 0.05
9.5725 	EXP 	text: height = 0.05
9.5725 	EXP 	text: text = 845.5947521999988
9.5766 	EXP 	text: height = 0.05
9.5766 	EXP 	text: height = 0.05
9.5766 	EXP 	text: height = 0.05
9.5766 	EXP 	text: text = 846.5989243000004
9.5808 	EXP 	text: height = 0.05
9.5808 	EXP 	text: height = 0.05
9.5808 	EXP 	text: height = 0.05
9.5808 	EXP 	text: text = 847.6030902999992
9.5851 	EXP 	text: height = 0.05
9.5851 	EXP 	text: height = 0.05
9.5851 	EXP 	text: height = 0.05
9.5851 	EXP 	text: text = 848.6072663999985
9.5891 	EXP 	text: height = 0.05
9.5891 	EXP 	text: height = 0.05
9.5891 	EXP 	text: height = 0.05
9.5891 	EXP 	text: text = 849.6115816999991
9.5933 	EXP 	text: height = 0.05
9.5933 	EXP 	text: height = 0.05
9.5933 	EXP 	text: height = 0.05
9.5933 	EXP 	text: text = 850.6156302999989
9.5975 	EXP 	text: height = 0.05
9.5975 	EXP 	text: height = 0.05
9.5975 	EXP 	text: height = 0.05
9.5975 	EXP 	text: text = 851.6198000000004
9.6017 	EXP 	text: height = 0.05
9.6017 	EXP 	text: height = 0.05
9.6017 	EXP 	text: height = 0.05
9.6017 	EXP 	text: text = 852.6239593999999
9.6058 	EXP 	text: height = 0.05
9.6058 	EXP 	text: height = 0.05
9.6058 	EXP 	text: height = 0.05
9.6058 	EXP 	text: text = 853.6281156000005
9.6100 	EXP 	text: height = 0.05
9.6100 	EXP 	text: height = 0.05
9.6100 	EXP 	text: height = 0.05
9.6100 	EXP 	text: text = 854.6322868999996
9.6142 	EXP 	text: height = 0.05
9.6142 	EXP 	text: height = 0.05
9.6142 	EXP 	text: height = 0.05
9.6142 	EXP 	text: text = 855.6364595999985
9.6185 	EXP 	text: height = 0.05
9.6185 	EXP 	text: height = 0.05
9.6185 	EXP 	text: height = 0.05
9.6185 	EXP 	text: text = 856.6406327000004
9.6225 	EXP 	text: height = 0.05
9.6225 	EXP 	text: height = 0.05
9.6225 	EXP 	text: height = 0.05
9.6225 	EXP 	text: text = 857.6449529999991
9.6267 	EXP 	text: height = 0.05
9.6267 	EXP 	text: height = 0.05
9.6267 	EXP 	text: height = 0.05
9.6267 	EXP 	text: text = 858.6489723999985
9.6309 	EXP 	text: height = 0.05
9.6309 	EXP 	text: height = 0.05
9.6309 	EXP 	text: height = 0.05
9.6309 	EXP 	text: text = 859.6531455999975
9.6350 	EXP 	text: height = 0.05
9.6350 	EXP 	text: height = 0.05
9.6350 	EXP 	text: height = 0.05
9.6350 	EXP 	text: text = 860.6573143999994
9.6392 	EXP 	text: height = 0.05
9.6392 	EXP 	text: height = 0.05
9.6392 	EXP 	text: height = 0.05
9.6392 	EXP 	text: text = 861.6614884999981
9.6434 	EXP 	text: height = 0.05
9.6434 	EXP 	text: height = 0.05
9.6434 	EXP 	text: height = 0.05
9.6434 	EXP 	text: text = 862.6656796999996
9.6480 	EXP 	text: height = 0.05
9.6480 	EXP 	text: height = 0.05
9.6480 	EXP 	text: height = 0.05
9.6480 	EXP 	text: text = 863.6698388000004
9.6517 	EXP 	text: height = 0.05
9.6517 	EXP 	text: height = 0.05
9.6517 	EXP 	text: height = 0.05
9.6517 	EXP 	text: text = 864.6744392
9.6559 	EXP 	text: height = 0.05
9.6559 	EXP 	text: height = 0.05
9.6559 	EXP 	text: height = 0.05
9.6559 	EXP 	text: text = 865.6782182999996
9.6601 	EXP 	text: height = 0.05
9.6601 	EXP 	text: height = 0.05
9.6601 	EXP 	text: height = 0.05
9.6601 	EXP 	text: text = 866.6823493999982
9.6642 	EXP 	text: height = 0.05
9.6642 	EXP 	text: height = 0.05
9.6642 	EXP 	text: height = 0.05
9.6642 	EXP 	text: text = 867.686509799998
9.6684 	EXP 	text: height = 0.05
9.6684 	EXP 	text: height = 0.05
9.6684 	EXP 	text: height = 0.05
9.6684 	EXP 	text: text = 868.690730899998
9.6726 	EXP 	text: height = 0.05
9.6726 	EXP 	text: height = 0.05
9.6726 	EXP 	text: height = 0.05
9.6726 	EXP 	text: text = 869.6948515999975
9.6767 	EXP 	text: height = 0.05
9.6767 	EXP 	text: height = 0.05
9.6767 	EXP 	text: height = 0.05
9.6767 	EXP 	text: text = 870.6990243
9.6810 	EXP 	text: height = 0.05
9.6810 	EXP 	text: height = 0.05
9.6810 	EXP 	text: height = 0.05
9.6810 	EXP 	text: text = 871.7031956999999
9.6851 	EXP 	text: height = 0.05
9.6851 	EXP 	text: height = 0.05
9.6851 	EXP 	text: height = 0.05
9.6851 	EXP 	text: text = 872.7074982999984
9.6893 	EXP 	text: height = 0.05
9.6893 	EXP 	text: height = 0.05
9.6893 	EXP 	text: height = 0.05
9.6893 	EXP 	text: text = 873.7115572000002
9.6934 	EXP 	text: height = 0.05
9.6934 	EXP 	text: height = 0.05
9.6934 	EXP 	text: height = 0.05
9.6934 	EXP 	text: text = 874.7157174999993
9.6976 	EXP 	text: height = 0.05
9.6976 	EXP 	text: height = 0.05
9.6976 	EXP 	text: height = 0.05
9.6976 	EXP 	text: text = 875.7198833999973
9.7018 	EXP 	text: height = 0.05
9.7018 	EXP 	text: height = 0.05
9.7018 	EXP 	text: height = 0.05
9.7018 	EXP 	text: text = 876.7240478999993
9.7059 	EXP 	text: height = 0.05
9.7059 	EXP 	text: height = 0.05
9.7059 	EXP 	text: height = 0.05
9.7059 	EXP 	text: text = 877.7282186999983
9.7108 	EXP 	text: height = 0.05
9.7108 	EXP 	text: height = 0.05
9.7108 	EXP 	text: height = 0.05
9.7108 	EXP 	text: text = 878.7323909000006
9.7144 	EXP 	text: height = 0.05
9.7144 	EXP 	text: height = 0.05
9.7144 	EXP 	text: height = 0.05
9.7144 	EXP 	text: text = 879.7373275999998
9.7186 	EXP 	text: height = 0.05
9.7186 	EXP 	text: height = 0.05
9.7186 	EXP 	text: height = 0.05
9.7186 	EXP 	text: text = 880.7409111999987
9.7228 	EXP 	text: height = 0.05
9.7228 	EXP 	text: height = 0.05
9.7228 	EXP 	text: height = 0.05
9.7228 	EXP 	text: text = 881.7450481999986
9.7269 	EXP 	text: height = 0.05
9.7269 	EXP 	text: height = 0.05
9.7269 	EXP 	text: height = 0.05
9.7269 	EXP 	text: text = 882.7492198
9.7311 	EXP 	text: height = 0.05
9.7311 	EXP 	text: height = 0.05
9.7311 	EXP 	text: height = 0.05
9.7311 	EXP 	text: text = 883.7533882999996
9.7353 	EXP 	text: height = 0.05
9.7353 	EXP 	text: height = 0.05
9.7353 	EXP 	text: height = 0.05
9.7353 	EXP 	text: text = 884.7575509999988
9.7394 	EXP 	text: height = 0.05
9.7394 	EXP 	text: height = 0.05
9.7394 	EXP 	text: height = 0.05
9.7394 	EXP 	text: text = 885.7617303000006
9.7437 	EXP 	text: height = 0.05
9.7437 	EXP 	text: height = 0.05
9.7437 	EXP 	text: height = 0.05
9.7437 	EXP 	text: text = 886.7659013999983
9.7478 	EXP 	text: height = 0.05
9.7478 	EXP 	text: height = 0.05
9.7478 	EXP 	text: height = 0.05
9.7478 	EXP 	text: text = 887.7701826999983
9.7520 	EXP 	text: height = 0.05
9.7520 	EXP 	text: height = 0.05
9.7520 	EXP 	text: height = 0.05
9.7520 	EXP 	text: text = 888.7742999000002
9.7561 	EXP 	text: height = 0.05
9.7561 	EXP 	text: height = 0.05
9.7561 	EXP 	text: height = 0.05
9.7561 	EXP 	text: text = 889.7784568999996
9.7603 	EXP 	text: height = 0.05
9.7603 	EXP 	text: height = 0.05
9.7603 	EXP 	text: height = 0.05
9.7603 	EXP 	text: text = 890.7825975999986
9.7645 	EXP 	text: height = 0.05
9.7645 	EXP 	text: height = 0.05
9.7645 	EXP 	text: height = 0.05
9.7645 	EXP 	text: text = 891.7867587000001
9.7686 	EXP 	text: height = 0.05
9.7686 	EXP 	text: height = 0.05
9.7686 	EXP 	text: height = 0.05
9.7686 	EXP 	text: text = 892.7909261999994
9.7736 	EXP 	text: height = 0.05
9.7736 	EXP 	text: height = 0.05
9.7736 	EXP 	text: height = 0.05
9.7736 	EXP 	text: text = 893.795095999998
9.7770 	EXP 	text: height = 0.05
9.7770 	EXP 	text: height = 0.05
9.7770 	EXP 	text: height = 0.05
9.7770 	EXP 	text: text = 894.8000677999989
9.7812 	EXP 	text: height = 0.05
9.7812 	EXP 	text: height = 0.05
9.7812 	EXP 	text: height = 0.05
9.7812 	EXP 	text: text = 895.8034635999975
9.7853 	EXP 	text: height = 0.05
9.7853 	EXP 	text: height = 0.05
9.7853 	EXP 	text: height = 0.05
9.7853 	EXP 	text: text = 896.8076118999998
9.7895 	EXP 	text: height = 0.05
9.7895 	EXP 	text: height = 0.05
9.7895 	EXP 	text: height = 0.05
9.7895 	EXP 	text: text = 897.8117810999975
9.7937 	EXP 	text: height = 0.05
9.7937 	EXP 	text: height = 0.05
9.7937 	EXP 	text: height = 0.05
9.7937 	EXP 	text: text = 898.8159584999994
9.7978 	EXP 	text: height = 0.05
9.7978 	EXP 	text: height = 0.05
9.7978 	EXP 	text: height = 0.05
9.7978 	EXP 	text: text = 899.8201222999996
9.8020 	EXP 	text: height = 0.05
9.8020 	EXP 	text: height = 0.05
9.8020 	EXP 	text: height = 0.05
9.8020 	EXP 	text: text = 900.8243559999974
9.8065 	EXP 	text: height = 0.05
9.8065 	EXP 	text: height = 0.05
9.8065 	EXP 	text: height = 0.05
9.8065 	EXP 	text: text = 901.8284683999991
9.8104 	EXP 	text: height = 0.05
9.8104 	EXP 	text: height = 0.05
9.8104 	EXP 	text: height = 0.05
9.8104 	EXP 	text: text = 902.8329131999999
9.8145 	EXP 	text: height = 0.05
9.8145 	EXP 	text: height = 0.05
9.8145 	EXP 	text: height = 0.05
9.8145 	EXP 	text: text = 903.8368321999988
9.8187 	EXP 	text: height = 0.05
9.8187 	EXP 	text: height = 0.05
9.8187 	EXP 	text: height = 0.05
9.8187 	EXP 	text: text = 904.840980099998
9.8229 	EXP 	text: height = 0.05
9.8229 	EXP 	text: height = 0.05
9.8229 	EXP 	text: height = 0.05
9.8229 	EXP 	text: text = 905.8451896999977
9.8270 	EXP 	text: height = 0.05
9.8270 	EXP 	text: height = 0.05
9.8270 	EXP 	text: height = 0.05
9.8270 	EXP 	text: text = 906.8493992000003
9.8312 	EXP 	text: height = 0.05
9.8312 	EXP 	text: height = 0.05
9.8312 	EXP 	text: height = 0.05
9.8312 	EXP 	text: text = 907.8534890999981
9.8354 	EXP 	text: height = 0.05
9.8354 	EXP 	text: height = 0.05
9.8354 	EXP 	text: height = 0.05
9.8354 	EXP 	text: text = 908.8576611999997
9.8399 	EXP 	text: height = 0.05
9.8399 	EXP 	text: height = 0.05
9.8399 	EXP 	text: height = 0.05
9.8399 	EXP 	text: text = 909.8618400999985
9.8439 	EXP 	text: height = 0.05
9.8439 	EXP 	text: height = 0.05
9.8439 	EXP 	text: height = 0.05
9.8439 	EXP 	text: text = 910.8663648999973
9.8481 	EXP 	text: height = 0.05
9.8481 	EXP 	text: height = 0.05
9.8481 	EXP 	text: height = 0.05
9.8481 	EXP 	text: text = 911.870393199999
9.8523 	EXP 	text: height = 0.05
9.8523 	EXP 	text: height = 0.05
9.8523 	EXP 	text: height = 0.05
9.8523 	EXP 	text: text = 912.8745631999991
9.8565 	EXP 	text: height = 0.05
9.8565 	EXP 	text: height = 0.05
9.8565 	EXP 	text: height = 0.05
9.8565 	EXP 	text: text = 913.8787376
9.8606 	EXP 	text: height = 0.05
9.8606 	EXP 	text: height = 0.05
9.8606 	EXP 	text: height = 0.05
9.8606 	EXP 	text: text = 914.8829186999974
9.8648 	EXP 	text: height = 0.05
9.8648 	EXP 	text: height = 0.05
9.8648 	EXP 	text: height = 0.05
9.8648 	EXP 	text: text = 915.8870974999991
9.8693 	EXP 	text: height = 0.05
9.8693 	EXP 	text: height = 0.05
9.8693 	EXP 	text: height = 0.05
9.8693 	EXP 	text: text = 916.8912496999983
9.8731 	EXP 	text: height = 0.05
9.8731 	EXP 	text: height = 0.05
9.8731 	EXP 	text: height = 0.05
9.8731 	EXP 	text: text = 917.8957472000002
9.8773 	EXP 	text: height = 0.05
9.8773 	EXP 	text: height = 0.05
9.8773 	EXP 	text: height = 0.05
9.8773 	EXP 	text: text = 918.8996133999972
9.8815 	EXP 	text: height = 0.05
9.8815 	EXP 	text: height = 0.05
9.8815 	EXP 	text: height = 0.05
9.8815 	EXP 	text: text = 919.9037609999978
9.8857 	EXP 	text: height = 0.05
9.8857 	EXP 	text: height = 0.05
9.8857 	EXP 	text: height = 0.05
9.8857 	EXP 	text: text = 920.9079315999988
9.8898 	EXP 	text: height = 0.05
9.8898 	EXP 	text: height = 0.05
9.8898 	EXP 	text: height = 0.05
9.8898 	EXP 	text: text = 921.9121885999994
9.8940 	EXP 	text: height = 0.05
9.8940 	EXP 	text: height = 0.05
9.8940 	EXP 	text: height = 0.05
9.8940 	EXP 	text: text = 922.9162729999989
9.8982 	EXP 	text: height = 0.05
9.8982 	EXP 	text: height = 0.05
9.8982 	EXP 	text: height = 0.05
9.8982 	EXP 	text: text = 923.9204432000006
9.9024 	EXP 	text: height = 0.05
9.9024 	EXP 	text: height = 0.05
9.9024 	EXP 	text: height = 0.05
9.9024 	EXP 	text: text = 924.9246152999985
9.9065 	EXP 	text: height = 0.05
9.9065 	EXP 	text: height = 0.05
9.9065 	EXP 	text: height = 0.05
9.9065 	EXP 	text: text = 925.9289346000005
9.9107 	EXP 	text: height = 0.05
9.9107 	EXP 	text: height = 0.05
9.9107 	EXP 	text: height = 0.05
9.9107 	EXP 	text: text = 926.9329839999991
9.9148 	EXP 	text: height = 0.05
9.9148 	EXP 	text: height = 0.05
9.9148 	EXP 	text: height = 0.05
9.9148 	EXP 	text: text = 927.9371494999978
9.9190 	EXP 	text: height = 0.05
9.9190 	EXP 	text: height = 0.05
9.9190 	EXP 	text: height = 0.05
9.9190 	EXP 	text: text = 928.9413026000002
9.9232 	EXP 	text: height = 0.05
9.9232 	EXP 	text: height = 0.05
9.9232 	EXP 	text: height = 0.05
9.9232 	EXP 	text: text = 929.9454762999994
9.9274 	EXP 	text: height = 0.05
9.9274 	EXP 	text: height = 0.05
9.9274 	EXP 	text: height = 0.05
9.9274 	EXP 	text: text = 930.9496374999981
9.9315 	EXP 	text: height = 0.05
9.9315 	EXP 	text: height = 0.05
9.9315 	EXP 	text: height = 0.05
9.9315 	EXP 	text: text = 931.9538097999975
9.9357 	EXP 	text: height = 0.05
9.9357 	EXP 	text: height = 0.05
9.9357 	EXP 	text: height = 0.05
9.9357 	EXP 	text: text = 932.9579943999997
9.9399 	EXP 	text: height = 0.05
9.9399 	EXP 	text: height = 0.05
9.9399 	EXP 	text: height = 0.05
9.9399 	EXP 	text: text = 933.9621568000002
9.9440 	EXP 	text: height = 0.05
9.9440 	EXP 	text: height = 0.05
9.9440 	EXP 	text: height = 0.05
9.9440 	EXP 	text: text = 934.9663288999982
9.9485 	EXP 	text: height = 0.05
9.9485 	EXP 	text: height = 0.05
9.9485 	EXP 	text: height = 0.05
9.9485 	EXP 	text: text = 935.9704958999973
9.9524 	EXP 	text: height = 0.05
9.9524 	EXP 	text: height = 0.05
9.9524 	EXP 	text: height = 0.05
9.9524 	EXP 	text: text = 936.9749383999988
9.9566 	EXP 	text: height = 0.05
9.9566 	EXP 	text: height = 0.05
9.9566 	EXP 	text: height = 0.05
9.9566 	EXP 	text: text = 937.9788665999986
9.9568 	DATA 	Mouse:  Left button up, pos=(998,462)
10.2028 	DATA 	Mouse: Left button down, pos=(998,462)
10.2068 	EXP 	text: height = 0.05
10.2068 	EXP 	text: height = 0.05
10.2068 	EXP 	text: height = 0.05
10.2068 	EXP 	text: text = 998.2292520999981
10.2110 	EXP 	text: height = 0.05
10.2110 	EXP 	text: height = 0.05
10.2110 	EXP 	text: height = 0.05
10.2110 	EXP 	text: text = 999.2332663999987
10.2151 	EXP 	text: height = 0.05
10.2151 	EXP 	text: height = 0.05
10.2151 	EXP 	text: height = 0.05
10.2151 	EXP 	text: text = 1000.2374373999992
10.2193 	EXP 	text: height = 0.05
10.2193 	EXP 	text: height = 0.05
10.2193 	EXP 	text: height = 0.05
10.2193 	EXP 	text: text = 1001.2416510000003
10.2235 	EXP 	text: height = 0.05
10.2235 	EXP 	text: height = 0.05
10.2235 	EXP 	text: height = 0.05
10.2235 	EXP 	text: text = 1002.2457783999998
10.2277 	EXP 	text: height = 0.05
10.2277 	EXP 	text: height = 0.05
10.2277 	EXP 	text: height = 0.05
10.2277 	EXP 	text: text = 1003.2499504999978
10.2322 	EXP 	text: height = 0.05
10.2322 	EXP 	text: height = 0.05
10.2322 	EXP 	text: height = 0.05
10.2322 	EXP 	text: text = 1004.2541321999997
10.2360 	EXP 	text: height = 0.05
10.2360 	EXP 	text: height = 0.05
10.2360 	EXP 	text: height = 0.05
10.2360 	EXP 	text: text = 1005.2587022000007
10.2402 	EXP 	text: height = 0.05
10.2402 	EXP 	text: height = 0.05
10.2402 	EXP 	text: height = 0.05
10.2402 	EXP 	text: text = 1006.2624638999987
10.2444 	EXP 	text: height = 0.05
10.2444 	EXP 	text: height = 0.05
10.2444 	EXP 	text: height = 0.05
10.2444 	EXP 	text: text = 1007.2666333999987
10.2485 	EXP 	text: height = 0.05
10.2485 	EXP 	text: height = 0.05
10.2485 	EXP 	text: height = 0.05
10.2485 	EXP 	text: text = 1008.2708050000001
10.2527 	EXP 	text: height = 0.05
10.2527 	EXP 	text: height = 0.05
10.2527 	EXP 	text: height = 0.05
10.2527 	EXP 	text: text = 1009.2749741000007
10.2569 	EXP 	text: height = 0.05
10.2569 	EXP 	text: height = 0.05
10.2569 	EXP 	text: height = 0.05
10.2569 	EXP 	text: text = 1010.2791571999987
10.2610 	EXP 	text: height = 0.05
10.2610 	EXP 	text: height = 0.05
10.2610 	EXP 	text: height = 0.05
10.2610 	EXP 	text: text = 1011.2833155000008
10.2652 	EXP 	text: height = 0.05
10.2652 	EXP 	text: height = 0.05
10.2652 	EXP 	text: height = 0.05
10.2652 	EXP 	text: text = 1012.2874905999997
10.2694 	EXP 	text: height = 0.05
10.2694 	EXP 	text: height = 0.05
10.2694 	EXP 	text: height = 0.05
10.2694 	EXP 	text: text = 1013.2916583000006
10.2735 	EXP 	text: height = 0.05
10.2735 	EXP 	text: height = 0.05
10.2735 	EXP 	text: height = 0.05
10.2735 	EXP 	text: text = 1014.2958276999998
10.2777 	EXP 	text: height = 0.05
10.2777 	EXP 	text: height = 0.05
10.2777 	EXP 	text: height = 0.05
10.2777 	EXP 	text: text = 1015.3000283000001
10.2820 	EXP 	text: height = 0.05
10.2820 	EXP 	text: height = 0.05
10.2820 	EXP 	text: height = 0.05
10.2820 	EXP 	text: text = 1016.3042553999985
10.2861 	EXP 	text: height = 0.05
10.2861 	EXP 	text: height = 0.05
10.2861 	EXP 	text: height = 0.05
10.2861 	EXP 	text: text = 1017.3084796000003
10.2902 	EXP 	text: height = 0.05
10.2902 	EXP 	text: height = 0.05
10.2902 	EXP 	text: height = 0.05
10.2902 	EXP 	text: text = 1018.3125159999981
10.2944 	EXP 	text: height = 0.05
10.2944 	EXP 	text: height = 0.05
10.2944 	EXP 	text: height = 0.05
10.2944 	EXP 	text: text = 1019.3166908999992
10.2986 	EXP 	text: height = 0.05
10.2986 	EXP 	text: height = 0.05
10.2986 	EXP 	text: height = 0.05
10.2986 	EXP 	text: text = 1020.3208606000007
10.3027 	EXP 	text: height = 0.05
10.3027 	EXP 	text: height = 0.05
10.3027 	EXP 	text: height = 0.05
10.3027 	EXP 	text: text = 1021.3250318999999
10.3069 	EXP 	text: height = 0.05
10.3069 	EXP 	text: height = 0.05
10.3069 	EXP 	text: height = 0.05
10.3069 	EXP 	text: text = 1022.3291991000006
10.3111 	EXP 	text: height = 0.05
10.3111 	EXP 	text: height = 0.05
10.3111 	EXP 	text: height = 0.05
10.3111 	EXP 	text: text = 1023.3333681000004
10.3153 	EXP 	text: height = 0.05
10.3153 	EXP 	text: height = 0.05
10.3153 	EXP 	text: height = 0.05
10.3153 	EXP 	text: text = 1024.3375382999984
10.3194 	EXP 	text: height = 0.05
10.3194 	EXP 	text: height = 0.05
10.3194 	EXP 	text: height = 0.05
10.3194 	EXP 	text: text = 1025.3417095000004
10.3196 	DATA 	Mouse:  Left button up, pos=(998,462)
10.6867 	DATA 	Mouse: Left button down, pos=(998,462)
10.6908 	EXP 	text: height = 0.05
10.6908 	EXP 	text: height = 0.05
10.6908 	EXP 	text: height = 0.05
10.6908 	EXP 	text: text = 1114.7131822999982
10.6948 	EXP 	text: height = 0.05
10.6948 	EXP 	text: height = 0.05
10.6948 	EXP 	text: height = 0.05
10.6948 	EXP 	text: text = 1115.7172696999987
10.6990 	EXP 	text: height = 0.05
10.6990 	EXP 	text: height = 0.05
10.6990 	EXP 	text: height = 0.05
10.6990 	EXP 	text: text = 1116.7212852999983
10.7032 	EXP 	text: height = 0.05
10.7032 	EXP 	text: height = 0.05
10.7032 	EXP 	text: height = 0.05
10.7032 	EXP 	text: text = 1117.725435799999
10.7073 	EXP 	text: height = 0.05
10.7073 	EXP 	text: height = 0.05
10.7073 	EXP 	text: height = 0.05
10.7073 	EXP 	text: text = 1118.7296118999984
10.7115 	EXP 	text: height = 0.05
10.7115 	EXP 	text: height = 0.05
10.7115 	EXP 	text: height = 0.05
10.7115 	EXP 	text: text = 1119.7338034999993
10.7157 	EXP 	text: height = 0.05
10.7157 	EXP 	text: height = 0.05
10.7157 	EXP 	text: height = 0.05
10.7157 	EXP 	text: text = 1120.7379516999972
10.7201 	EXP 	text: height = 0.05
10.7201 	EXP 	text: height = 0.05
10.7201 	EXP 	text: height = 0.05
10.7201 	EXP 	text: text = 1121.7421192999973
10.7240 	EXP 	text: height = 0.05
10.7240 	EXP 	text: height = 0.05
10.7240 	EXP 	text: height = 0.05
10.7240 	EXP 	text: text = 1122.7466053999997
10.7282 	EXP 	text: height = 0.05
10.7282 	EXP 	text: height = 0.05
10.7282 	EXP 	text: height = 0.05
10.7282 	EXP 	text: text = 1123.7505122999974
10.7323 	EXP 	text: height = 0.05
10.7323 	EXP 	text: height = 0.05
10.7323 	EXP 	text: height = 0.05
10.7323 	EXP 	text: text = 1124.7546586999997
10.7365 	EXP 	text: height = 0.05
10.7365 	EXP 	text: height = 0.05
10.7365 	EXP 	text: height = 0.05
10.7365 	EXP 	text: text = 1125.7588041999988
10.7407 	EXP 	text: height = 0.05
10.7407 	EXP 	text: height = 0.05
10.7407 	EXP 	text: height = 0.05
10.7407 	EXP 	text: text = 1126.7629788999984
10.7449 	EXP 	text: height = 0.05
10.7449 	EXP 	text: height = 0.05
10.7449 	EXP 	text: height = 0.05
10.7449 	EXP 	text: text = 1127.7671445999986
10.7490 	EXP 	text: height = 0.05
10.7490 	EXP 	text: height = 0.05
10.7490 	EXP 	text: height = 0.05
10.7490 	EXP 	text: text = 1128.771317499999
10.7533 	EXP 	text: height = 0.05
10.7533 	EXP 	text: height = 0.05
10.7533 	EXP 	text: height = 0.05
10.7533 	EXP 	text: text = 1129.7754894999998
10.7574 	EXP 	text: height = 0.05
10.7574 	EXP 	text: height = 0.05
10.7574 	EXP 	text: height = 0.05
10.7574 	EXP 	text: text = 1130.779779299999
10.7575 	DATA 	Mouse:  Left button up, pos=(998,462)
10.9077 	DATA 	Mouse: Left button down, pos=(1000,462)
10.9118 	EXP 	text: height = 0.05
10.9118 	EXP 	text: height = 0.05
10.9118 	EXP 	text: height = 0.05
10.9118 	EXP 	text: text = 1167.9341499999973
10.9159 	EXP 	text: height = 0.05
10.9159 	EXP 	text: height = 0.05
10.9159 	EXP 	text: height = 0.05
10.9159 	EXP 	text: text = 1168.938261899999
10.9200 	EXP 	text: height = 0.05
10.9200 	EXP 	text: height = 0.05
10.9200 	EXP 	text: height = 0.05
10.9200 	EXP 	text: text = 1169.9423296999994
10.9242 	EXP 	text: height = 0.05
10.9242 	EXP 	text: height = 0.05
10.9242 	EXP 	text: height = 0.05
10.9242 	EXP 	text: text = 1170.9464993999973
10.9284 	EXP 	text: height = 0.05
10.9284 	EXP 	text: height = 0.05
10.9284 	EXP 	text: height = 0.05
10.9284 	EXP 	text: text = 1171.9506710999995
10.9326 	EXP 	text: height = 0.05
10.9326 	EXP 	text: height = 0.05
10.9326 	EXP 	text: height = 0.05
10.9326 	EXP 	text: text = 1172.954838499998
10.9367 	EXP 	text: height = 0.05
10.9367 	EXP 	text: height = 0.05
10.9367 	EXP 	text: height = 0.05
10.9367 	EXP 	text: text = 1173.9590097999971
10.9409 	EXP 	text: height = 0.05
10.9409 	EXP 	text: height = 0.05
10.9409 	EXP 	text: height = 0.05
10.9409 	EXP 	text: text = 1174.9631960999977
10.9425 	DATA 	Mouse:  Left button up, pos=(1000,462)
10.9451 	EXP 	text: height = 0.05
10.9451 	EXP 	text: height = 0.05
10.9451 	EXP 	text: height = 0.05
10.9451 	EXP 	text: text = 1175.9673672999998
11.0453 	DATA 	Mouse: Left button down, pos=(1000,462)
11.0493 	EXP 	text: height = 0.05
11.0493 	EXP 	text: height = 0.05
11.0493 	EXP 	text: height = 0.05
11.0493 	EXP 	text: text = 1201.071775299999
11.0536 	EXP 	text: height = 0.05
11.0536 	EXP 	text: height = 0.05
11.0536 	EXP 	text: height = 0.05
11.0536 	EXP 	text: text = 1202.0758002999974
11.0577 	EXP 	text: height = 0.05
11.0577 	EXP 	text: height = 0.05
11.0577 	EXP 	text: height = 0.05
11.0577 	EXP 	text: text = 1203.0800694999998
11.0619 	EXP 	text: height = 0.05
11.0619 	EXP 	text: height = 0.05
11.0619 	EXP 	text: height = 0.05
11.0619 	EXP 	text: text = 1204.0841392999973
11.0660 	EXP 	text: height = 0.05
11.0660 	EXP 	text: height = 0.05
11.0660 	EXP 	text: height = 0.05
11.0660 	EXP 	text: text = 1205.0883203999983
11.0702 	EXP 	text: height = 0.05
11.0702 	EXP 	text: height = 0.05
11.0702 	EXP 	text: height = 0.05
11.0702 	EXP 	text: text = 1206.0924887999972
11.0744 	EXP 	text: height = 0.05
11.0744 	EXP 	text: height = 0.05
11.0744 	EXP 	text: height = 0.05
11.0744 	EXP 	text: text = 1207.096655999998
11.0785 	EXP 	text: height = 0.05
11.0785 	EXP 	text: height = 0.05
11.0785 	EXP 	text: height = 0.05
11.0785 	EXP 	text: text = 1208.1008249000006
11.0827 	EXP 	text: height = 0.05
11.0827 	EXP 	text: height = 0.05
11.0827 	EXP 	text: height = 0.05
11.0827 	EXP 	text: text = 1209.1050025000004
11.0869 	EXP 	text: height = 0.05
11.0869 	EXP 	text: height = 0.05
11.0869 	EXP 	text: height = 0.05
11.0869 	EXP 	text: text = 1210.1091663999978
11.0911 	EXP 	text: height = 0.05
11.0911 	EXP 	text: height = 0.05
11.0911 	EXP 	text: height = 0.05
11.0911 	EXP 	text: text = 1211.1133367000002
11.0952 	EXP 	text: height = 0.05
11.0952 	EXP 	text: height = 0.05
11.0952 	EXP 	text: height = 0.05
11.0952 	EXP 	text: text = 1212.1175105000002
11.0996 	EXP 	text: height = 0.05
11.0996 	EXP 	text: height = 0.05
11.0996 	EXP 	text: height = 0.05
11.0996 	EXP 	text: text = 1213.1216621999993
11.1037 	EXP 	text: height = 0.05
11.1037 	EXP 	text: height = 0.05
11.1037 	EXP 	text: height = 0.05
11.1037 	EXP 	text: text = 1214.1260839999995
11.1078 	EXP 	text: height = 0.05
11.1078 	EXP 	text: height = 0.05
11.1078 	EXP 	text: height = 0.05
11.1078 	EXP 	text: text = 1215.1301182999996
11.1120 	EXP 	text: height = 0.05
11.1120 	EXP 	text: height = 0.05
11.1120 	EXP 	text: height = 0.05
11.1120 	EXP 	text: text = 1216.1342979999972
11.1162 	EXP 	text: height = 0.05
11.1162 	EXP 	text: height = 0.05
11.1162 	EXP 	text: height = 0.05
11.1162 	EXP 	text: text = 1217.1384571999988
11.1203 	EXP 	text: height = 0.05
11.1203 	EXP 	text: height = 0.05
11.1203 	EXP 	text: height = 0.05
11.1203 	EXP 	text: text = 1218.1426632000002
11.1245 	EXP 	text: height = 0.05
11.1245 	EXP 	text: height = 0.05
11.1245 	EXP 	text: height = 0.05
11.1245 	EXP 	text: text = 1219.1468026000002
11.1247 	DATA 	Mouse:  Left button up, pos=(1000,462)
11.2374 	DATA 	Mouse: Left button down, pos=(1000,462)
11.2414 	EXP 	text: height = 0.05
11.2414 	EXP 	text: height = 0.05
11.2414 	EXP 	text: height = 0.05
11.2414 	EXP 	text: text = 1247.2638754
11.2455 	EXP 	text: height = 0.05
11.2455 	EXP 	text: height = 0.05
11.2455 	EXP 	text: height = 0.05
11.2455 	EXP 	text: text = 1248.2678641999992
11.2496 	EXP 	text: height = 0.05
11.2496 	EXP 	text: height = 0.05
11.2496 	EXP 	text: height = 0.05
11.2496 	EXP 	text: text = 1249.271928099999
11.2538 	EXP 	text: height = 0.05
11.2538 	EXP 	text: height = 0.05
11.2538 	EXP 	text: height = 0.05
11.2538 	EXP 	text: text = 1250.2760999999991
11.2580 	EXP 	text: height = 0.05
11.2580 	EXP 	text: height = 0.05
11.2580 	EXP 	text: height = 0.05
11.2580 	EXP 	text: text = 1251.2802744999972
11.2622 	EXP 	text: height = 0.05
11.2622 	EXP 	text: height = 0.05
11.2622 	EXP 	text: height = 0.05
11.2622 	EXP 	text: text = 1252.2844516000005
11.2663 	EXP 	text: height = 0.05
11.2663 	EXP 	text: height = 0.05
11.2663 	EXP 	text: height = 0.05
11.2663 	EXP 	text: text = 1253.2886145999983
11.2705 	EXP 	text: height = 0.05
11.2705 	EXP 	text: height = 0.05
11.2705 	EXP 	text: height = 0.05
11.2705 	EXP 	text: text = 1254.2927796999975
11.2747 	EXP 	text: height = 0.05
11.2747 	EXP 	text: height = 0.05
11.2747 	EXP 	text: height = 0.05
11.2747 	EXP 	text: text = 1255.2969570999994
11.2788 	EXP 	text: height = 0.05
11.2788 	EXP 	text: height = 0.05
11.2788 	EXP 	text: height = 0.05
11.2788 	EXP 	text: text = 1256.301140399999
11.2830 	EXP 	text: height = 0.05
11.2830 	EXP 	text: height = 0.05
11.2830 	EXP 	text: height = 0.05
11.2830 	EXP 	text: text = 1257.305296999999
11.2875 	EXP 	text: height = 0.05
11.2875 	EXP 	text: height = 0.05
11.2875 	EXP 	text: height = 0.05
11.2875 	EXP 	text: text = 1258.3094633999972
11.2914 	EXP 	text: height = 0.05
11.2914 	EXP 	text: height = 0.05
11.2914 	EXP 	text: height = 0.05
11.2914 	EXP 	text: text = 1259.3139231999994
11.2955 	EXP 	text: height = 0.05
11.2955 	EXP 	text: height = 0.05
11.2955 	EXP 	text: height = 0.05
11.2955 	EXP 	text: text = 1260.3178143999976
11.2997 	EXP 	text: height = 0.05
11.2997 	EXP 	text: height = 0.05
11.2997 	EXP 	text: height = 0.05
11.2997 	EXP 	text: text = 1261.3219804999972
11.2999 	DATA 	Mouse:  Left button up, pos=(1000,462)
12.1549 	DATA 	Mouse: Left button down, pos=(1001,462)
12.1589 	EXP 	text: height = 0.05
12.1589 	EXP 	text: height = 0.05
12.1589 	EXP 	text: height = 0.05
12.1589 	EXP 	text: text = 1468.1813753999995
12.1631 	EXP 	text: height = 0.05
12.1631 	EXP 	text: height = 0.05
12.1631 	EXP 	text: height = 0.05
12.1631 	EXP 	text: text = 1469.1853680999993
12.1673 	EXP 	text: height = 0.05
12.1673 	EXP 	text: height = 0.05
12.1673 	EXP 	text: height = 0.05
12.1673 	EXP 	text: text = 1470.189543299999
12.1714 	EXP 	text: height = 0.05
12.1714 	EXP 	text: height = 0.05
12.1714 	EXP 	text: height = 0.05
12.1714 	EXP 	text: text = 1471.1937072
12.1757 	EXP 	text: height = 0.05
12.1757 	EXP 	text: height = 0.05
12.1757 	EXP 	text: height = 0.05
12.1757 	EXP 	text: text = 1472.1978880999995
12.1798 	EXP 	text: height = 0.05
12.1798 	EXP 	text: height = 0.05
12.1798 	EXP 	text: height = 0.05
12.1798 	EXP 	text: text = 1473.2021238999987
12.1839 	EXP 	text: height = 0.05
12.1839 	EXP 	text: height = 0.05
12.1839 	EXP 	text: height = 0.05
12.1839 	EXP 	text: text = 1474.2062200999972
12.1881 	EXP 	text: height = 0.05
12.1881 	EXP 	text: height = 0.05
12.1881 	EXP 	text: height = 0.05
12.1881 	EXP 	text: text = 1475.2103996999977
12.1933 	EXP 	text: height = 0.05
12.1933 	EXP 	text: height = 0.05
12.1933 	EXP 	text: height = 0.05
12.1933 	EXP 	text: text = 1476.2145616999987
12.1964 	EXP 	text: height = 0.05
12.1964 	EXP 	text: height = 0.05
12.1964 	EXP 	text: height = 0.05
12.1964 	EXP 	text: text = 1477.2197340999992
12.2006 	EXP 	text: height = 0.05
12.2006 	EXP 	text: height = 0.05
12.2006 	EXP 	text: height = 0.05
12.2006 	EXP 	text: text = 1478.2229033000003
12.2048 	EXP 	text: height = 0.05
12.2048 	EXP 	text: height = 0.05
12.2048 	EXP 	text: height = 0.05
12.2048 	EXP 	text: text = 1479.2270877999981
12.2090 	EXP 	text: height = 0.05
12.2090 	EXP 	text: height = 0.05
12.2090 	EXP 	text: height = 0.05
12.2090 	EXP 	text: text = 1480.2312447000004
12.2131 	EXP 	text: height = 0.05
12.2131 	EXP 	text: height = 0.05
12.2131 	EXP 	text: height = 0.05
12.2131 	EXP 	text: text = 1481.2354182999989
12.2173 	EXP 	text: height = 0.05
12.2173 	EXP 	text: height = 0.05
12.2173 	EXP 	text: height = 0.05
12.2173 	EXP 	text: text = 1482.2395866999977
12.2189 	DATA 	Mouse:  Left button up, pos=(1001,462)
12.2215 	EXP 	text: height = 0.05
12.2215 	EXP 	text: height = 0.05
12.2215 	EXP 	text: height = 0.05
12.2215 	EXP 	text: text = 1483.2437281999992
12.4927 	DATA 	Mouse: Left button down, pos=(1001,462)
12.4968 	EXP 	text: height = 0.05
12.4968 	EXP 	text: height = 0.05
12.4968 	EXP 	text: height = 0.05
12.4968 	EXP 	text: text = 1549.5191911000002
12.5009 	EXP 	text: height = 0.05
12.5009 	EXP 	text: height = 0.05
12.5009 	EXP 	text: height = 0.05
12.5009 	EXP 	text: text = 1550.5232235000003
12.5051 	EXP 	text: height = 0.05
12.5051 	EXP 	text: height = 0.05
12.5051 	EXP 	text: height = 0.05
12.5051 	EXP 	text: text = 1551.5273952999996
12.5093 	EXP 	text: height = 0.05
12.5093 	EXP 	text: height = 0.05
12.5093 	EXP 	text: height = 0.05
12.5093 	EXP 	text: text = 1552.5315555999987
12.5134 	EXP 	text: height = 0.05
12.5134 	EXP 	text: height = 0.05
12.5134 	EXP 	text: height = 0.05
12.5134 	EXP 	text: text = 1553.5357259999982
12.5176 	EXP 	text: height = 0.05
12.5176 	EXP 	text: height = 0.05
12.5176 	EXP 	text: height = 0.05
12.5176 	EXP 	text: text = 1554.5398963000007
12.5219 	EXP 	text: height = 0.05
12.5219 	EXP 	text: height = 0.05
12.5219 	EXP 	text: height = 0.05
12.5219 	EXP 	text: text = 1555.5440739000005
12.5260 	EXP 	text: height = 0.05
12.5260 	EXP 	text: height = 0.05
12.5260 	EXP 	text: height = 0.05
12.5260 	EXP 	text: text = 1556.548343999999
12.5301 	EXP 	text: height = 0.05
12.5301 	EXP 	text: height = 0.05
12.5301 	EXP 	text: height = 0.05
12.5301 	EXP 	text: text = 1557.5524121999988
12.5343 	EXP 	text: height = 0.05
12.5343 	EXP 	text: height = 0.05
12.5343 	EXP 	text: height = 0.05
12.5343 	EXP 	text: text = 1558.5565805999977
12.5385 	EXP 	text: height = 0.05
12.5385 	EXP 	text: height = 0.05
12.5385 	EXP 	text: height = 0.05
12.5385 	EXP 	text: text = 1559.5607536999996
12.5426 	EXP 	text: height = 0.05
12.5426 	EXP 	text: height = 0.05
12.5426 	EXP 	text: height = 0.05
12.5426 	EXP 	text: text = 1560.5649384999997
12.5468 	EXP 	text: height = 0.05
12.5468 	EXP 	text: height = 0.05
12.5468 	EXP 	text: height = 0.05
12.5468 	EXP 	text: text = 1561.5690873999993
12.5510 	EXP 	text: height = 0.05
12.5510 	EXP 	text: height = 0.05
12.5510 	EXP 	text: height = 0.05
12.5510 	EXP 	text: text = 1562.5732623999975
12.5551 	EXP 	text: height = 0.05
12.5551 	EXP 	text: height = 0.05
12.5551 	EXP 	text: height = 0.05
12.5551 	EXP 	text: text = 1563.5774349999992
12.5593 	EXP 	text: height = 0.05
12.5593 	EXP 	text: height = 0.05
12.5593 	EXP 	text: height = 0.05
12.5593 	EXP 	text: text = 1564.5816042999977
12.5635 	EXP 	text: height = 0.05
12.5635 	EXP 	text: height = 0.05
12.5635 	EXP 	text: height = 0.05
12.5635 	EXP 	text: text = 1565.5857746000001
12.5637 	DATA 	Mouse:  Left button up, pos=(1001,462)
12.8144 	DATA 	Mouse: Left button down, pos=(1001,462)
12.8221 	EXP 	text: height = 0.05
12.8221 	EXP 	text: height = 0.05
12.8221 	EXP 	text: height = 0.05
12.8221 	EXP 	text: text = 1627.8444443999979
12.8263 	EXP 	text: height = 0.05
12.8263 	EXP 	text: height = 0.05
12.8263 	EXP 	text: height = 0.05
12.8263 	EXP 	text: text = 1628.8485478000002
12.8315 	EXP 	text: height = 0.05
12.8315 	EXP 	text: height = 0.05
12.8315 	EXP 	text: height = 0.05
12.8315 	EXP 	text: text = 1629.8527213999987
12.8346 	EXP 	text: height = 0.05
12.8346 	EXP 	text: height = 0.05
12.8346 	EXP 	text: height = 0.05
12.8346 	EXP 	text: text = 1630.8579303000006
12.8388 	EXP 	text: height = 0.05
12.8388 	EXP 	text: height = 0.05
12.8388 	EXP 	text: height = 0.05
12.8388 	EXP 	text: text = 1631.8610984999978
12.8429 	EXP 	text: height = 0.05
12.8429 	EXP 	text: height = 0.05
12.8429 	EXP 	text: height = 0.05
12.8429 	EXP 	text: text = 1632.8652785999984
12.8471 	EXP 	text: height = 0.05
12.8471 	EXP 	text: height = 0.05
12.8471 	EXP 	text: height = 0.05
12.8471 	EXP 	text: text = 1633.869398499999
12.8513 	EXP 	text: height = 0.05
12.8513 	EXP 	text: height = 0.05
12.8513 	EXP 	text: height = 0.05
12.8513 	EXP 	text: text = 1634.8735730999979
12.8555 	EXP 	text: height = 0.05
12.8555 	EXP 	text: height = 0.05
12.8555 	EXP 	text: height = 0.05
12.8555 	EXP 	text: text = 1635.877741799999
12.8596 	EXP 	text: height = 0.05
12.8596 	EXP 	text: height = 0.05
12.8596 	EXP 	text: height = 0.05
12.8596 	EXP 	text: text = 1636.8819150999989
12.8642 	EXP 	text: height = 0.05
12.8642 	EXP 	text: height = 0.05
12.8642 	EXP 	text: height = 0.05
12.8642 	EXP 	text: text = 1637.886085099999
12.8680 	EXP 	text: height = 0.05
12.8680 	EXP 	text: height = 0.05
12.8680 	EXP 	text: height = 0.05
12.8680 	EXP 	text: text = 1638.8907034000003
12.8721 	EXP 	text: height = 0.05
12.8721 	EXP 	text: height = 0.05
12.8721 	EXP 	text: height = 0.05
12.8721 	EXP 	text: text = 1639.8944300999974
12.8763 	EXP 	text: height = 0.05
12.8763 	EXP 	text: height = 0.05
12.8763 	EXP 	text: height = 0.05
12.8763 	EXP 	text: text = 1640.8986017999996
12.8805 	EXP 	text: height = 0.05
12.8805 	EXP 	text: height = 0.05
12.8805 	EXP 	text: height = 0.05
12.8805 	EXP 	text: text = 1641.9027750999994
12.8847 	EXP 	text: height = 0.05
12.8847 	EXP 	text: height = 0.05
12.8847 	EXP 	text: height = 0.05
12.8847 	EXP 	text: text = 1642.9069380999972
12.8888 	EXP 	text: height = 0.05
12.8888 	EXP 	text: height = 0.05
12.8888 	EXP 	text: height = 0.05
12.8888 	EXP 	text: text = 1643.9111128999975
12.8930 	EXP 	text: height = 0.05
12.8930 	EXP 	text: height = 0.05
12.8930 	EXP 	text: height = 0.05
12.8930 	EXP 	text: text = 1644.9152809000007
12.8973 	EXP 	text: height = 0.05
12.8973 	EXP 	text: height = 0.05
12.8973 	EXP 	text: height = 0.05
12.8973 	EXP 	text: text = 1645.9194501999991
12.9014 	EXP 	text: height = 0.05
12.9014 	EXP 	text: height = 0.05
12.9014 	EXP 	text: height = 0.05
12.9014 	EXP 	text: text = 1646.923754899999
12.9055 	EXP 	text: height = 0.05
12.9055 	EXP 	text: height = 0.05
12.9055 	EXP 	text: height = 0.05
12.9055 	EXP 	text: text = 1647.9278309000001
12.9076 	DATA 	Mouse:  Left button up, pos=(1001,462)
12.9101 	EXP 	text: height = 0.05
12.9101 	EXP 	text: height = 0.05
12.9101 	EXP 	text: height = 0.05
12.9101 	EXP 	text: text = 1648.9319666999982
13.0808 	DATA 	Mouse: Left button down, pos=(1001,462)
13.0849 	EXP 	text: height = 0.05
13.0849 	EXP 	text: height = 0.05
13.0849 	EXP 	text: height = 0.05
13.0849 	EXP 	text: text = 1691.1073020000003
13.0890 	EXP 	text: height = 0.05
13.0890 	EXP 	text: height = 0.05
13.0890 	EXP 	text: height = 0.05
13.0890 	EXP 	text: text = 1692.1113317999989
13.0932 	EXP 	text: height = 0.05
13.0932 	EXP 	text: height = 0.05
13.0932 	EXP 	text: height = 0.05
13.0932 	EXP 	text: text = 1693.1154874999993
13.0974 	EXP 	text: height = 0.05
13.0974 	EXP 	text: height = 0.05
13.0974 	EXP 	text: height = 0.05
13.0974 	EXP 	text: text = 1694.119658399999
13.1016 	EXP 	text: height = 0.05
13.1016 	EXP 	text: height = 0.05
13.1016 	EXP 	text: height = 0.05
13.1016 	EXP 	text: text = 1695.1238429000005
13.1057 	EXP 	text: height = 0.05
13.1057 	EXP 	text: height = 0.05
13.1057 	EXP 	text: height = 0.05
13.1057 	EXP 	text: text = 1696.128101899998
13.1099 	EXP 	text: height = 0.05
13.1099 	EXP 	text: height = 0.05
13.1099 	EXP 	text: height = 0.05
13.1099 	EXP 	text: text = 1697.1321752000003
13.1141 	EXP 	text: height = 0.05
13.1141 	EXP 	text: height = 0.05
13.1141 	EXP 	text: height = 0.05
13.1141 	EXP 	text: text = 1698.1363413
13.1182 	EXP 	text: height = 0.05
13.1182 	EXP 	text: height = 0.05
13.1182 	EXP 	text: height = 0.05
13.1182 	EXP 	text: text = 1699.1405699999996
13.1224 	EXP 	text: height = 0.05
13.1224 	EXP 	text: height = 0.05
13.1224 	EXP 	text: height = 0.05
13.1224 	EXP 	text: text = 1700.1446539999997
13.1265 	EXP 	text: height = 0.05
13.1265 	EXP 	text: height = 0.05
13.1265 	EXP 	text: height = 0.05
13.1265 	EXP 	text: text = 1701.1488250999973
13.1307 	EXP 	text: height = 0.05
13.1307 	EXP 	text: height = 0.05
13.1307 	EXP 	text: height = 0.05
13.1307 	EXP 	text: text = 1702.1529974999976
13.1349 	EXP 	text: height = 0.05
13.1349 	EXP 	text: height = 0.05
13.1349 	EXP 	text: height = 0.05
13.1349 	EXP 	text: text = 1703.1571994000005
13.1391 	EXP 	text: height = 0.05
13.1391 	EXP 	text: height = 0.05
13.1391 	EXP 	text: height = 0.05
13.1391 	EXP 	text: text = 1704.1613741
13.1433 	EXP 	text: height = 0.05
13.1433 	EXP 	text: height = 0.05
13.1433 	EXP 	text: height = 0.05
13.1433 	EXP 	text: text = 1705.165537599998
13.1476 	EXP 	text: height = 0.05
13.1476 	EXP 	text: height = 0.05
13.1476 	EXP 	text: height = 0.05
13.1476 	EXP 	text: text = 1706.169709599999
13.1516 	EXP 	text: height = 0.05
13.1516 	EXP 	text: height = 0.05
13.1516 	EXP 	text: height = 0.05
13.1516 	EXP 	text: text = 1707.1740853999981
13.1558 	EXP 	text: height = 0.05
13.1558 	EXP 	text: height = 0.05
13.1558 	EXP 	text: height = 0.05
13.1558 	EXP 	text: text = 1708.1780502000001
13.1600 	EXP 	text: height = 0.05
13.1600 	EXP 	text: height = 0.05
13.1600 	EXP 	text: height = 0.05
13.1600 	EXP 	text: text = 1709.1822302
13.1641 	EXP 	text: height = 0.05
13.1641 	EXP 	text: height = 0.05
13.1641 	EXP 	text: height = 0.05
13.1641 	EXP 	text: text = 1710.1864265000004
13.1683 	EXP 	text: height = 0.05
13.1683 	EXP 	text: height = 0.05
13.1683 	EXP 	text: height = 0.05
13.1683 	EXP 	text: text = 1711.1905707999977
13.1727 	EXP 	text: height = 0.05
13.1727 	EXP 	text: height = 0.05
13.1727 	EXP 	text: height = 0.05
13.1727 	EXP 	text: text = 1712.1947342999993
13.1766 	EXP 	text: height = 0.05
13.1766 	EXP 	text: height = 0.05
13.1766 	EXP 	text: height = 0.05
13.1766 	EXP 	text: text = 1713.1991081999986
13.1808 	EXP 	text: height = 0.05
13.1808 	EXP 	text: height = 0.05
13.1808 	EXP 	text: height = 0.05
13.1808 	EXP 	text: text = 1714.2030769999983
13.1850 	EXP 	text: height = 0.05
13.1850 	EXP 	text: height = 0.05
13.1850 	EXP 	text: height = 0.05
13.1850 	EXP 	text: text = 1715.2072513999992
13.1866 	DATA 	Mouse:  Left button up, pos=(1001,462)
13.1891 	EXP 	text: height = 0.05
13.1891 	EXP 	text: height = 0.05
13.1891 	EXP 	text: height = 0.05
13.1891 	EXP 	text: text = 1716.2114204999998
13.3272 	DATA 	Keypress: escape
13.9041 	EXP 	window1: mouseVisible = True
