1.5426 	WARNING 	We strongly recommend you activate the PTB sound engine in PsychoPy prefs as the preferred audio engine. Its timing is vastly superior. Your prefs are currently set to use ['sounddevice', 'PTB', 'pyo', 'pygame'] (in that order).
4.0147 	WARNING 	User requested fullscreen with size [1024  768], but screen is actually [1920, 1080]. Using actual size
4.3453 	EXP 	Created window1 = Window(allowGUI=True, allowStencil=False, autoLog=True, backendConf=UNKNOWN, bitsMode=UNKNOWN, blendMode='avg', bpc=(8, 8, 8), color=array([0, 0, 0]), colorSpace='rgb', depthBits=8, fullscr=<method-wrapper '__getattribute__' of attributeSetter object at 0x000001718D23E1C0>, gamma=None, gammaErrorPolicy='raise', lms=UNKNOWN, monitor=<psychopy.monitors.calibTools.Monitor object at 0x000001718D5816D0>, multiSample=False, name='window1', numSamples=2, pos=(0, 0), screen=0, size=array([1920, 1080]), stencilBits=0, stereo=False, units='height', useFBO=True, useRetina=False, viewOri=0.0, viewPos=None, viewScale=None, waitBlanking=True, winType='pyglet')
4.3454 	EXP 	window1: mouseVisible = True
4.3454 	EXP 	window1: mouseVisible = False
4.3454 	EXP 	window1: Attempting to measure frame rate of screen (0) ...
4.3454 	EXP 	window1: recordFrameIntervals = False
4.3868 	EXP 	window1: recordFrameIntervals = True
4.4328 	EXP 	Screen (0) actual frame rate measured at 239.55Hz
4.4329 	EXP 	window1: recordFrameIntervals = False
6.0341 	EXP 	window1: mouseVisible = True
6.0896 	EXP 	Created text = TextStim(__class__=<class 'psychopy.visual.text.TextStim'>, alignHoriz=method-wrapper(...), alignText='center', alignVert=method-wrapper(...), anchorHoriz='center', anchorVert='center', antialias=True, autoDraw=False, autoLog=True, bold=False, color=array([1, 1, 1]), colorSpace='rgb', contrast=1.0, depth=-1.0, flipHoriz=False, flipVert=False, font='Open Sans', fontFiles=[], height=0.05, italic=False, languageStyle='LTR', name='text', opacity=1.0, ori=0.0, pos=array([0., 0.]), rgb=UNKNOWN, text='Timer', units='height', win=Window(...), wrapWidth=1)
6.0964 	EXP 	text: autoDraw = True
6.0964 	EXP 	text: height = 0.05
6.0964 	EXP 	text: height = 0.05
6.0964 	EXP 	text: height = 0.05
6.0964 	EXP 	text: text = 1.9996393000001262
6.1036 	EXP 	text: height = 0.05
6.1036 	EXP 	text: height = 0.05
6.1036 	EXP 	text: height = 0.05
6.1036 	EXP 	text: text = 1.9983124999998836
6.1080 	EXP 	text: height = 0.05
6.1080 	EXP 	text: height = 0.05
6.1080 	EXP 	text: height = 0.05
6.1080 	EXP 	text: text = 1.9956301000020176
6.1137 	EXP 	text: height = 0.05
6.1137 	EXP 	text: height = 0.05
6.1137 	EXP 	text: height = 0.05
6.1137 	EXP 	text: text = 1.9986198999977205
6.1179 	EXP 	text: height = 0.05
6.1179 	EXP 	text: height = 0.05
6.1179 	EXP 	text: height = 0.05
6.1179 	EXP 	text: text = 1.9957864999996673
6.1238 	EXP 	text: height = 0.05
6.1238 	EXP 	text: height = 0.05
6.1238 	EXP 	text: height = 0.05
6.1238 	EXP 	text: text = 1.9974947000009706
6.1279 	EXP 	text: height = 0.05
6.1279 	EXP 	text: height = 0.05
6.1279 	EXP 	text: height = 0.05
6.1279 	EXP 	text: text = 1.9957713000003423
6.1344 	EXP 	text: height = 0.05
6.1344 	EXP 	text: height = 0.05
6.1344 	EXP 	text: height = 0.05
6.1344 	EXP 	text: text = 1.9974610999997822
6.1379 	EXP 	text: height = 0.05
6.1379 	EXP 	text: height = 0.05
6.1379 	EXP 	text: height = 0.05
6.1379 	EXP 	text: text = 1.9950406000025396
6.1440 	EXP 	text: height = 0.05
6.1440 	EXP 	text: height = 0.05
6.1440 	EXP 	text: height = 0.05
6.1440 	EXP 	text: text = 1.9983995000002324
6.1481 	EXP 	text: height = 0.05
6.1481 	EXP 	text: height = 0.05
6.1481 	EXP 	text: height = 0.05
6.1481 	EXP 	text: text = 1.9956192999998166
6.1542 	EXP 	text: height = 0.05
6.1542 	EXP 	text: height = 0.05
6.1542 	EXP 	text: height = 0.05
6.1542 	EXP 	text: text = 1.99758490000022
6.1583 	EXP 	text: height = 0.05
6.1583 	EXP 	text: height = 0.05
6.1583 	EXP 	text: height = 0.05
6.1583 	EXP 	text: text = 1.9956674999993993
6.1640 	EXP 	text: height = 0.05
6.1640 	EXP 	text: height = 0.05
6.1640 	EXP 	text: height = 0.05
6.1640 	EXP 	text: text = 1.9974460000012186
6.1682 	EXP 	text: height = 0.05
6.1682 	EXP 	text: height = 0.05
6.1682 	EXP 	text: height = 0.05
6.1682 	EXP 	text: text = 1.9958263000007719
6.1739 	EXP 	text: height = 0.05
6.1739 	EXP 	text: height = 0.05
6.1739 	EXP 	text: height = 0.05
6.1739 	EXP 	text: text = 1.9973790000003646
6.1781 	EXP 	text: height = 0.05
6.1781 	EXP 	text: height = 0.05
6.1781 	EXP 	text: height = 0.05
6.1781 	EXP 	text: text = 1.995872399998916
6.1838 	EXP 	text: height = 0.05
6.1838 	EXP 	text: height = 0.05
6.1838 	EXP 	text: height = 0.05
6.1838 	EXP 	text: text = 1.9975744999974268
6.1878 	EXP 	text: height = 0.05
6.1878 	EXP 	text: height = 0.05
6.1878 	EXP 	text: height = 0.05
6.1878 	EXP 	text: text = 1.995859800001199
6.1934 	EXP 	text: height = 0.05
6.1934 	EXP 	text: height = 0.05
6.1934 	EXP 	text: height = 0.05
6.1934 	EXP 	text: text = 1.998850299998594
6.1975 	EXP 	text: height = 0.05
6.1975 	EXP 	text: height = 0.05
6.1975 	EXP 	text: height = 0.05
6.1975 	EXP 	text: text = 1.9959439000012935
6.2030 	EXP 	text: height = 0.05
6.2030 	EXP 	text: height = 0.05
6.2030 	EXP 	text: height = 0.05
6.2030 	EXP 	text: text = 1.997359900000447
6.2071 	EXP 	text: height = 0.05
6.2071 	EXP 	text: height = 0.05
6.2071 	EXP 	text: height = 0.05
6.2071 	EXP 	text: text = 1.996076000003086
6.2126 	EXP 	text: height = 0.05
6.2126 	EXP 	text: height = 0.05
6.2126 	EXP 	text: height = 0.05
6.2126 	EXP 	text: text = 1.9973487999995996
6.2168 	EXP 	text: height = 0.05
6.2168 	EXP 	text: height = 0.05
6.2168 	EXP 	text: height = 0.05
6.2168 	EXP 	text: text = 1.9960596000018995
6.2224 	EXP 	text: height = 0.05
6.2224 	EXP 	text: height = 0.05
6.2224 	EXP 	text: height = 0.05
6.2224 	EXP 	text: text = 1.9974176999967312
6.2265 	EXP 	text: height = 0.05
6.2265 	EXP 	text: height = 0.05
6.2265 	EXP 	text: height = 0.05
6.2265 	EXP 	text: text = 1.995943800000532
6.2333 	EXP 	text: height = 0.05
6.2333 	EXP 	text: height = 0.05
6.2333 	EXP 	text: height = 0.05
6.2333 	EXP 	text: text = 1.9973828000001959
6.2374 	EXP 	text: height = 0.05
6.2374 	EXP 	text: height = 0.05
6.2374 	EXP 	text: height = 0.05
6.2374 	EXP 	text: text = 1.995008499998221
6.2429 	EXP 	text: height = 0.05
6.2429 	EXP 	text: height = 0.05
6.2429 	EXP 	text: height = 0.05
6.2429 	EXP 	text: text = 1.9977404000019305
6.2470 	EXP 	text: height = 0.05
6.2470 	EXP 	text: height = 0.05
6.2470 	EXP 	text: height = 0.05
6.2470 	EXP 	text: text = 1.9960362999991048
6.2526 	EXP 	text: height = 0.05
6.2526 	EXP 	text: height = 0.05
6.2526 	EXP 	text: height = 0.05
6.2526 	EXP 	text: text = 1.9974365000016405
6.2568 	EXP 	text: height = 0.05
6.2568 	EXP 	text: height = 0.05
6.2568 	EXP 	text: height = 0.05
6.2568 	EXP 	text: text = 1.9960145000004559
6.2623 	EXP 	text: height = 0.05
6.2623 	EXP 	text: height = 0.05
6.2623 	EXP 	text: height = 0.05
6.2623 	EXP 	text: text = 1.9974306000003708
6.2664 	EXP 	text: height = 0.05
6.2664 	EXP 	text: height = 0.05
6.2664 	EXP 	text: height = 0.05
6.2664 	EXP 	text: text = 1.9960337999982585
6.2715 	EXP 	text: height = 0.05
6.2715 	EXP 	text: height = 0.05
6.2715 	EXP 	text: height = 0.05
6.2715 	EXP 	text: text = 1.9973862999977428
6.2769 	EXP 	text: height = 0.05
6.2769 	EXP 	text: height = 0.05
6.2769 	EXP 	text: height = 0.05
6.2769 	EXP 	text: text = 1.9962298999998893
6.2825 	EXP 	text: height = 0.05
6.2825 	EXP 	text: height = 0.05
6.2825 	EXP 	text: height = 0.05
6.2825 	EXP 	text: text = 1.995997999998508
6.2866 	EXP 	text: height = 0.05
6.2866 	EXP 	text: height = 0.05
6.2866 	EXP 	text: height = 0.05
6.2866 	EXP 	text: text = 1.9958671999993385
6.2918 	EXP 	text: height = 0.05
6.2918 	EXP 	text: height = 0.05
6.2918 	EXP 	text: height = 0.05
6.2918 	EXP 	text: text = 1.997604300002422
6.2959 	EXP 	text: height = 0.05
6.2959 	EXP 	text: height = 0.05
6.2959 	EXP 	text: height = 0.05
6.2959 	EXP 	text: text = 1.996009899998171
6.3012 	EXP 	text: height = 0.05
6.3012 	EXP 	text: height = 0.05
6.3012 	EXP 	text: height = 0.05
6.3012 	EXP 	text: text = 1.9973840999991808
6.3053 	EXP 	text: height = 0.05
6.3053 	EXP 	text: height = 0.05
6.3053 	EXP 	text: height = 0.05
6.3053 	EXP 	text: text = 1.9961260999989463
6.3107 	EXP 	text: height = 0.05
6.3107 	EXP 	text: height = 0.05
6.3107 	EXP 	text: height = 0.05
6.3107 	EXP 	text: text = 1.9970813999971142
6.3149 	EXP 	text: height = 0.05
6.3149 	EXP 	text: height = 0.05
6.3149 	EXP 	text: height = 0.05
6.3149 	EXP 	text: text = 1.995987199999945
6.3204 	EXP 	text: height = 0.05
6.3204 	EXP 	text: height = 0.05
6.3204 	EXP 	text: height = 0.05
6.3204 	EXP 	text: text = 1.997257899998658
6.3251 	EXP 	text: height = 0.05
6.3251 	EXP 	text: height = 0.05
6.3251 	EXP 	text: height = 0.05
6.3251 	EXP 	text: text = 1.9958163000010245
6.3309 	EXP 	text: height = 0.05
6.3309 	EXP 	text: height = 0.05
6.3309 	EXP 	text: height = 0.05
6.3309 	EXP 	text: text = 1.9967020000003686
6.3350 	EXP 	text: height = 0.05
6.3350 	EXP 	text: height = 0.05
6.3350 	EXP 	text: height = 0.05
6.3350 	EXP 	text: text = 1.9957728000008501
6.3402 	EXP 	text: height = 0.05
6.3402 	EXP 	text: height = 0.05
6.3402 	EXP 	text: height = 0.05
6.3402 	EXP 	text: text = 1.997623500003101
6.3444 	EXP 	text: height = 0.05
6.3444 	EXP 	text: height = 0.05
6.3444 	EXP 	text: height = 0.05
6.3444 	EXP 	text: text = 1.996011899998848
6.3498 	EXP 	text: height = 0.05
6.3498 	EXP 	text: height = 0.05
6.3498 	EXP 	text: height = 0.05
6.3498 	EXP 	text: text = 1.9972619000000122
6.3540 	EXP 	text: height = 0.05
6.3540 	EXP 	text: height = 0.05
6.3540 	EXP 	text: height = 0.05
6.3540 	EXP 	text: text = 1.9960075999988476
6.3600 	EXP 	text: height = 0.05
6.3600 	EXP 	text: height = 0.05
6.3600 	EXP 	text: height = 0.05
6.3600 	EXP 	text: text = 1.9967914000008022
6.3642 	EXP 	text: height = 0.05
6.3642 	EXP 	text: height = 0.05
6.3642 	EXP 	text: height = 0.05
6.3642 	EXP 	text: text = 1.9950481000014406
6.3695 	EXP 	text: height = 0.05
6.3695 	EXP 	text: height = 0.05
6.3695 	EXP 	text: height = 0.05
6.3695 	EXP 	text: text = 1.9981994999980088
6.3738 	EXP 	text: height = 0.05
6.3738 	EXP 	text: height = 0.05
6.3738 	EXP 	text: height = 0.05
6.3738 	EXP 	text: text = 1.9959627999996883
6.3793 	EXP 	text: height = 0.05
6.3793 	EXP 	text: height = 0.05
6.3793 	EXP 	text: height = 0.05
6.3793 	EXP 	text: text = 1.996782099999109
6.3835 	EXP 	text: height = 0.05
6.3835 	EXP 	text: height = 0.05
6.3835 	EXP 	text: height = 0.05
6.3835 	EXP 	text: text = 1.9962777000000642
6.3878 	EXP 	text: height = 0.05
6.3878 	EXP 	text: height = 0.05
6.3878 	EXP 	text: height = 0.05
6.3878 	EXP 	text: text = 1.9974919999986014
6.3920 	EXP 	text: height = 0.05
6.3920 	EXP 	text: height = 0.05
6.3920 	EXP 	text: height = 0.05
6.3920 	EXP 	text: text = 1.9968106999986048
6.3962 	EXP 	text: height = 0.05
6.3962 	EXP 	text: height = 0.05
6.3962 	EXP 	text: height = 0.05
6.3962 	EXP 	text: text = 1.9974955999969097
6.4003 	EXP 	text: height = 0.05
6.4003 	EXP 	text: height = 0.05
6.4003 	EXP 	text: height = 0.05
6.4003 	EXP 	text: text = 1.9972300000008545
6.4045 	EXP 	text: height = 0.05
6.4045 	EXP 	text: height = 0.05
6.4045 	EXP 	text: height = 0.05
6.4045 	EXP 	text: text = 1.9971396000000823
6.4087 	EXP 	text: height = 0.05
6.4087 	EXP 	text: height = 0.05
6.4087 	EXP 	text: height = 0.05
6.4087 	EXP 	text: text = 1.9972720999976445
6.4128 	EXP 	text: height = 0.05
6.4128 	EXP 	text: height = 0.05
6.4128 	EXP 	text: height = 0.05
6.4128 	EXP 	text: text = 1.9971707000004244
6.4170 	EXP 	text: height = 0.05
6.4170 	EXP 	text: height = 0.05
6.4170 	EXP 	text: height = 0.05
6.4170 	EXP 	text: text = 1.9972066000009363
6.4219 	EXP 	text: height = 0.05
6.4219 	EXP 	text: height = 0.05
6.4219 	EXP 	text: height = 0.05
6.4219 	EXP 	text: text = 1.9971599000018614
6.4257 	EXP 	text: height = 0.05
6.4257 	EXP 	text: height = 0.05
6.4257 	EXP 	text: height = 0.05
6.4257 	EXP 	text: text = 1.9966338999984146
6.4299 	EXP 	text: height = 0.05
6.4299 	EXP 	text: height = 0.05
6.4299 	EXP 	text: height = 0.05
6.4299 	EXP 	text: text = 1.997771999998804
6.4341 	EXP 	text: height = 0.05
6.4341 	EXP 	text: height = 0.05
6.4341 	EXP 	text: height = 0.05
6.4341 	EXP 	text: text = 1.9971955999972124
6.4382 	EXP 	text: height = 0.05
6.4382 	EXP 	text: height = 0.05
6.4382 	EXP 	text: height = 0.05
6.4382 	EXP 	text: text = 1.9971858999997494
6.4424 	EXP 	text: height = 0.05
6.4424 	EXP 	text: height = 0.05
6.4424 	EXP 	text: height = 0.05
6.4424 	EXP 	text: text = 1.9971872999994957
6.4466 	EXP 	text: height = 0.05
6.4466 	EXP 	text: height = 0.05
6.4466 	EXP 	text: height = 0.05
6.4466 	EXP 	text: text = 1.9971785999987333
6.4508 	EXP 	text: height = 0.05
6.4508 	EXP 	text: height = 0.05
6.4508 	EXP 	text: height = 0.05
6.4508 	EXP 	text: text = 1.9971718999986479
6.4549 	EXP 	text: height = 0.05
6.4549 	EXP 	text: height = 0.05
6.4549 	EXP 	text: height = 0.05
6.4549 	EXP 	text: text = 1.99722020000263
6.4591 	EXP 	text: height = 0.05
6.4591 	EXP 	text: height = 0.05
6.4591 	EXP 	text: height = 0.05
6.4591 	EXP 	text: text = 1.9972196999988228
6.4633 	EXP 	text: height = 0.05
6.4633 	EXP 	text: height = 0.05
6.4633 	EXP 	text: height = 0.05
6.4633 	EXP 	text: text = 1.9972024999988207
6.4675 	EXP 	text: height = 0.05
6.4675 	EXP 	text: height = 0.05
6.4675 	EXP 	text: height = 0.05
6.4675 	EXP 	text: text = 1.9971858999997494
6.4716 	EXP 	text: height = 0.05
6.4716 	EXP 	text: height = 0.05
6.4716 	EXP 	text: height = 0.05
6.4716 	EXP 	text: text = 1.9972672000003513
6.4758 	EXP 	text: height = 0.05
6.4758 	EXP 	text: height = 0.05
6.4758 	EXP 	text: height = 0.05
6.4758 	EXP 	text: text = 1.9973309000015433
6.4799 	EXP 	text: height = 0.05
6.4799 	EXP 	text: height = 0.05
6.4799 	EXP 	text: height = 0.05
6.4799 	EXP 	text: text = 1.9971814999989874
6.4841 	EXP 	text: height = 0.05
6.4841 	EXP 	text: height = 0.05
6.4841 	EXP 	text: height = 0.05
6.4841 	EXP 	text: text = 1.9971717999978864
6.4883 	EXP 	text: height = 0.05
6.4883 	EXP 	text: height = 0.05
6.4883 	EXP 	text: height = 0.05
6.4883 	EXP 	text: text = 1.997177899997041
6.4925 	EXP 	text: height = 0.05
6.4925 	EXP 	text: height = 0.05
6.4925 	EXP 	text: height = 0.05
6.4925 	EXP 	text: text = 1.997197699998651
6.4966 	EXP 	text: height = 0.05
6.4966 	EXP 	text: height = 0.05
6.4966 	EXP 	text: height = 0.05
6.4966 	EXP 	text: text = 1.9971774999976333
6.5008 	EXP 	text: height = 0.05
6.5008 	EXP 	text: height = 0.05
6.5008 	EXP 	text: height = 0.05
6.5008 	EXP 	text: text = 1.9971877000025415
6.5050 	EXP 	text: height = 0.05
6.5050 	EXP 	text: height = 0.05
6.5050 	EXP 	text: height = 0.05
6.5050 	EXP 	text: text = 1.9971906999999192
6.5091 	EXP 	text: height = 0.05
6.5091 	EXP 	text: height = 0.05
6.5091 	EXP 	text: height = 0.05
6.5091 	EXP 	text: text = 1.9971612999979698
6.5142 	EXP 	text: height = 0.05
6.5142 	EXP 	text: height = 0.05
6.5142 	EXP 	text: height = 0.05
6.5142 	EXP 	text: text = 1.9973652999979095
6.5175 	EXP 	text: height = 0.05
6.5175 	EXP 	text: height = 0.05
6.5175 	EXP 	text: height = 0.05
6.5175 	EXP 	text: text = 1.9963205999993079
6.5217 	EXP 	text: height = 0.05
6.5217 	EXP 	text: height = 0.05
6.5217 	EXP 	text: height = 0.05
6.5217 	EXP 	text: text = 1.9980466999986675
6.5258 	EXP 	text: height = 0.05
6.5258 	EXP 	text: height = 0.05
6.5258 	EXP 	text: height = 0.05
6.5258 	EXP 	text: text = 1.9972166000006837
6.5300 	EXP 	text: height = 0.05
6.5300 	EXP 	text: height = 0.05
6.5300 	EXP 	text: height = 0.05
6.5300 	EXP 	text: text = 1.997211599998991
6.5342 	EXP 	text: height = 0.05
6.5342 	EXP 	text: height = 0.05
6.5342 	EXP 	text: height = 0.05
6.5342 	EXP 	text: text = 1.9971860000005108
6.5383 	EXP 	text: height = 0.05
6.5383 	EXP 	text: height = 0.05
6.5383 	EXP 	text: height = 0.05
6.5383 	EXP 	text: text = 1.9971944999997504
6.5425 	EXP 	text: height = 0.05
6.5425 	EXP 	text: height = 0.05
6.5425 	EXP 	text: height = 0.05
6.5425 	EXP 	text: text = 1.9971884000005957
6.5467 	EXP 	text: height = 0.05
6.5467 	EXP 	text: height = 0.05
6.5467 	EXP 	text: height = 0.05
6.5467 	EXP 	text: text = 1.9971618999989005
6.5509 	EXP 	text: height = 0.05
6.5509 	EXP 	text: height = 0.05
6.5509 	EXP 	text: height = 0.05
6.5509 	EXP 	text: text = 1.9972023000009358
6.5550 	EXP 	text: height = 0.05
6.5550 	EXP 	text: height = 0.05
6.5550 	EXP 	text: height = 0.05
6.5550 	EXP 	text: text = 1.9973489999974845
6.5592 	EXP 	text: height = 0.05
6.5592 	EXP 	text: height = 0.05
6.5592 	EXP 	text: height = 0.05
6.5592 	EXP 	text: text = 1.9972108000001754
6.5642 	EXP 	text: height = 0.05
6.5642 	EXP 	text: height = 0.05
6.5642 	EXP 	text: height = 0.05
6.5642 	EXP 	text: text = 1.997186699998565
6.5680 	EXP 	text: height = 0.05
6.5680 	EXP 	text: height = 0.05
6.5680 	EXP 	text: height = 0.05
6.5680 	EXP 	text: text = 1.9963996999977098
6.5722 	EXP 	text: height = 0.05
6.5722 	EXP 	text: height = 0.05
6.5722 	EXP 	text: height = 0.05
6.5722 	EXP 	text: text = 1.9975271000002977
6.5764 	EXP 	text: height = 0.05
6.5764 	EXP 	text: height = 0.05
6.5764 	EXP 	text: height = 0.05
6.5764 	EXP 	text: text = 1.9972000000016124
6.5805 	EXP 	text: height = 0.05
6.5805 	EXP 	text: height = 0.05
6.5805 	EXP 	text: height = 0.05
6.5805 	EXP 	text: text = 1.9971127999997407
6.5847 	EXP 	text: height = 0.05
6.5847 	EXP 	text: height = 0.05
6.5847 	EXP 	text: height = 0.05
6.5847 	EXP 	text: text = 1.9969547000000603
6.5889 	EXP 	text: height = 0.05
6.5889 	EXP 	text: height = 0.05
6.5889 	EXP 	text: height = 0.05
6.5889 	EXP 	text: text = 1.997480899997754
6.5930 	EXP 	text: height = 0.05
6.5930 	EXP 	text: height = 0.05
6.5930 	EXP 	text: height = 0.05
6.5930 	EXP 	text: text = 1.9973179000007804
6.5972 	EXP 	text: height = 0.05
6.5972 	EXP 	text: height = 0.05
6.5972 	EXP 	text: height = 0.05
6.5972 	EXP 	text: text = 1.9974598000007973
6.6014 	EXP 	text: height = 0.05
6.6014 	EXP 	text: height = 0.05
6.6014 	EXP 	text: height = 0.05
6.6014 	EXP 	text: text = 1.997218199998315
6.6055 	EXP 	text: height = 0.05
6.6055 	EXP 	text: height = 0.05
6.6055 	EXP 	text: height = 0.05
6.6055 	EXP 	text: text = 1.997162899999239
6.6239 	EXP 	text: height = 0.05
6.6239 	EXP 	text: height = 0.05
6.6239 	EXP 	text: height = 0.05
6.6239 	EXP 	text: text = 1.997104699999909
6.6295 	EXP 	text: height = 0.05
6.6295 	EXP 	text: height = 0.05
6.6295 	EXP 	text: height = 0.05
6.6295 	EXP 	text: text = 1.983019699997385
6.6337 	EXP 	text: height = 0.05
6.6337 	EXP 	text: height = 0.05
6.6337 	EXP 	text: height = 0.05
6.6337 	EXP 	text: text = 1.9960093999980018
6.6400 	EXP 	text: height = 0.05
6.6400 	EXP 	text: height = 0.05
6.6400 	EXP 	text: height = 0.05
6.6400 	EXP 	text: text = 1.9971651999985625
6.6430 	EXP 	text: height = 0.05
6.6430 	EXP 	text: height = 0.05
6.6430 	EXP 	text: height = 0.05
6.6430 	EXP 	text: text = 1.9950535000025411
6.6484 	EXP 	text: height = 0.05
6.6484 	EXP 	text: height = 0.05
6.6484 	EXP 	text: height = 0.05
6.6484 	EXP 	text: text = 1.9982631999992009
6.6526 	EXP 	text: height = 0.05
6.6526 	EXP 	text: height = 0.05
6.6526 	EXP 	text: height = 0.05
6.6526 	EXP 	text: text = 1.995985199999268
6.6578 	EXP 	text: height = 0.05
6.6578 	EXP 	text: height = 0.05
6.6578 	EXP 	text: height = 0.05
6.6578 	EXP 	text: text = 1.9974032999998599
6.6620 	EXP 	text: height = 0.05
6.6620 	EXP 	text: height = 0.05
6.6620 	EXP 	text: height = 0.05
6.6620 	EXP 	text: text = 1.9960567000016454
6.6673 	EXP 	text: height = 0.05
6.6673 	EXP 	text: height = 0.05
6.6673 	EXP 	text: height = 0.05
6.6673 	EXP 	text: text = 1.9971575000017765
6.6714 	EXP 	text: height = 0.05
6.6714 	EXP 	text: height = 0.05
6.6714 	EXP 	text: height = 0.05
6.6714 	EXP 	text: text = 1.9957921999994142
6.6767 	EXP 	text: height = 0.05
6.6767 	EXP 	text: height = 0.05
6.6767 	EXP 	text: height = 0.05
6.6767 	EXP 	text: text = 1.9974663000029977
6.6809 	EXP 	text: height = 0.05
6.6809 	EXP 	text: height = 0.05
6.6809 	EXP 	text: height = 0.05
6.6809 	EXP 	text: text = 1.9960520999993605
6.6870 	EXP 	text: height = 0.05
6.6870 	EXP 	text: height = 0.05
6.6870 	EXP 	text: height = 0.05
6.6870 	EXP 	text: text = 1.9972782000004372
6.6901 	EXP 	text: height = 0.05
6.6901 	EXP 	text: height = 0.05
6.6901 	EXP 	text: height = 0.05
6.6901 	EXP 	text: text = 1.9951762999990024
6.6955 	EXP 	text: height = 0.05
6.6955 	EXP 	text: height = 0.05
6.6955 	EXP 	text: height = 0.05
6.6955 	EXP 	text: text = 1.9983380000012403
6.6996 	EXP 	text: height = 0.05
6.6996 	EXP 	text: height = 0.05
6.6996 	EXP 	text: height = 0.05
6.6996 	EXP 	text: text = 1.9960104999991017
6.7049 	EXP 	text: height = 0.05
6.7049 	EXP 	text: height = 0.05
6.7049 	EXP 	text: height = 0.05
6.7049 	EXP 	text: text = 1.9973582999991777
6.7091 	EXP 	text: height = 0.05
6.7091 	EXP 	text: height = 0.05
6.7091 	EXP 	text: height = 0.05
6.7091 	EXP 	text: text = 1.996103100002074
6.7142 	EXP 	text: height = 0.05
6.7142 	EXP 	text: height = 0.05
6.7142 	EXP 	text: height = 0.05
6.7142 	EXP 	text: text = 1.9971524000029603
6.7188 	EXP 	text: height = 0.05
6.7188 	EXP 	text: height = 0.05
6.7188 	EXP 	text: height = 0.05
6.7188 	EXP 	text: text = 1.9961355999985244
6.7241 	EXP 	text: height = 0.05
6.7241 	EXP 	text: height = 0.05
6.7241 	EXP 	text: height = 0.05
6.7241 	EXP 	text: text = 1.9967935000022408
6.7281 	EXP 	text: height = 0.05
6.7281 	EXP 	text: height = 0.05
6.7281 	EXP 	text: height = 0.05
6.7281 	EXP 	text: text = 1.9958874000003561
6.7325 	EXP 	text: height = 0.05
6.7325 	EXP 	text: height = 0.05
6.7325 	EXP 	text: height = 0.05
6.7325 	EXP 	text: text = 1.9974273000007088
6.7367 	EXP 	text: height = 0.05
6.7367 	EXP 	text: height = 0.05
6.7367 	EXP 	text: height = 0.05
6.7367 	EXP 	text: text = 1.9969483999993827
6.7409 	EXP 	text: height = 0.05
6.7409 	EXP 	text: height = 0.05
6.7409 	EXP 	text: height = 0.05
6.7409 	EXP 	text: text = 1.9971843999992416
6.7451 	EXP 	text: height = 0.05
6.7451 	EXP 	text: height = 0.05
6.7451 	EXP 	text: height = 0.05
6.7451 	EXP 	text: text = 1.9970759999996517
6.7493 	EXP 	text: height = 0.05
6.7493 	EXP 	text: height = 0.05
6.7493 	EXP 	text: height = 0.05
6.7493 	EXP 	text: text = 1.997353299997485
6.7536 	EXP 	text: height = 0.05
6.7536 	EXP 	text: height = 0.05
6.7536 	EXP 	text: height = 0.05
6.7536 	EXP 	text: text = 1.997088399999484
6.7579 	EXP 	text: height = 0.05
6.7579 	EXP 	text: height = 0.05
6.7579 	EXP 	text: height = 0.05
6.7579 	EXP 	text: text = 1.9970807999998215
6.7621 	EXP 	text: height = 0.05
6.7621 	EXP 	text: height = 0.05
6.7621 	EXP 	text: height = 0.05
6.7621 	EXP 	text: text = 1.996992099997442
6.7662 	EXP 	text: height = 0.05
6.7662 	EXP 	text: height = 0.05
6.7662 	EXP 	text: height = 0.05
6.7662 	EXP 	text: text = 1.9971568000000843
6.7704 	EXP 	text: height = 0.05
6.7704 	EXP 	text: height = 0.05
6.7704 	EXP 	text: height = 0.05
6.7704 	EXP 	text: text = 1.9971498000013526
6.7746 	EXP 	text: height = 0.05
6.7746 	EXP 	text: height = 0.05
6.7746 	EXP 	text: height = 0.05
6.7746 	EXP 	text: text = 1.9971613999987312
6.7788 	EXP 	text: height = 0.05
6.7788 	EXP 	text: height = 0.05
6.7788 	EXP 	text: height = 0.05
6.7788 	EXP 	text: text = 1.9971478000006755
6.7839 	EXP 	text: height = 0.05
6.7839 	EXP 	text: height = 0.05
6.7839 	EXP 	text: height = 0.05
6.7839 	EXP 	text: text = 1.9971388999983901
6.7880 	EXP 	text: height = 0.05
6.7880 	EXP 	text: height = 0.05
6.7880 	EXP 	text: height = 0.05
6.7880 	EXP 	text: text = 1.9962059999998019
6.7921 	EXP 	text: height = 0.05
6.7921 	EXP 	text: height = 0.05
6.7921 	EXP 	text: height = 0.05
6.7921 	EXP 	text: text = 1.997439900002064
6.7963 	EXP 	text: height = 0.05
6.7963 	EXP 	text: height = 0.05
6.7963 	EXP 	text: height = 0.05
6.7963 	EXP 	text: text = 1.997107800001686
6.8005 	EXP 	text: height = 0.05
6.8005 	EXP 	text: height = 0.05
6.8005 	EXP 	text: height = 0.05
6.8005 	EXP 	text: text = 1.997112000000925
6.8046 	EXP 	text: height = 0.05
6.8046 	EXP 	text: height = 0.05
6.8046 	EXP 	text: height = 0.05
6.8046 	EXP 	text: text = 1.9971201999978803
6.8088 	EXP 	text: height = 0.05
6.8088 	EXP 	text: height = 0.05
6.8088 	EXP 	text: height = 0.05
6.8088 	EXP 	text: text = 1.9971288999986427
6.8136 	EXP 	text: height = 0.05
6.8136 	EXP 	text: height = 0.05
6.8136 	EXP 	text: height = 0.05
6.8136 	EXP 	text: text = 1.9971328999999969
6.8173 	EXP 	text: height = 0.05
6.8173 	EXP 	text: height = 0.05
6.8173 	EXP 	text: height = 0.05
6.8173 	EXP 	text: text = 1.9965449000010267
6.8214 	EXP 	text: height = 0.05
6.8214 	EXP 	text: height = 0.05
6.8214 	EXP 	text: height = 0.05
6.8214 	EXP 	text: text = 1.9975941999982751
6.8256 	EXP 	text: height = 0.05
6.8256 	EXP 	text: height = 0.05
6.8256 	EXP 	text: height = 0.05
6.8256 	EXP 	text: text = 1.9972251999970467
6.8298 	EXP 	text: height = 0.05
6.8298 	EXP 	text: height = 0.05
6.8298 	EXP 	text: height = 0.05
6.8298 	EXP 	text: text = 1.9971179000021948
6.8340 	EXP 	text: height = 0.05
6.8340 	EXP 	text: height = 0.05
6.8340 	EXP 	text: height = 0.05
6.8340 	EXP 	text: text = 1.997328199999174
6.8381 	EXP 	text: height = 0.05
6.8381 	EXP 	text: height = 0.05
6.8381 	EXP 	text: height = 0.05
6.8381 	EXP 	text: text = 1.9971349999977974
6.8423 	EXP 	text: height = 0.05
6.8423 	EXP 	text: height = 0.05
6.8423 	EXP 	text: height = 0.05
6.8423 	EXP 	text: text = 1.9971288000015193
6.8468 	EXP 	text: height = 0.05
6.8468 	EXP 	text: height = 0.05
6.8468 	EXP 	text: height = 0.05
6.8468 	EXP 	text: text = 1.9971331000015198
6.8507 	EXP 	text: height = 0.05
6.8507 	EXP 	text: height = 0.05
6.8507 	EXP 	text: height = 0.05
6.8507 	EXP 	text: text = 1.9968437000025006
6.8548 	EXP 	text: height = 0.05
6.8548 	EXP 	text: height = 0.05
6.8548 	EXP 	text: height = 0.05
6.8548 	EXP 	text: text = 1.9974333999998635
6.8590 	EXP 	text: height = 0.05
6.8590 	EXP 	text: height = 0.05
6.8590 	EXP 	text: height = 0.05
6.8590 	EXP 	text: text = 1.997554300000047
6.8631 	EXP 	text: height = 0.05
6.8631 	EXP 	text: height = 0.05
6.8631 	EXP 	text: height = 0.05
6.8631 	EXP 	text: text = 1.9971623999990697
6.8673 	EXP 	text: height = 0.05
6.8673 	EXP 	text: height = 0.05
6.8673 	EXP 	text: height = 0.05
6.8673 	EXP 	text: text = 1.9971450000011828
6.8715 	EXP 	text: height = 0.05
6.8715 	EXP 	text: height = 0.05
6.8715 	EXP 	text: height = 0.05
6.8715 	EXP 	text: text = 1.9971359000010125
6.8764 	EXP 	text: height = 0.05
6.8764 	EXP 	text: height = 0.05
6.8764 	EXP 	text: height = 0.05
6.8764 	EXP 	text: text = 1.9972882000001846
6.8798 	EXP 	text: height = 0.05
6.8798 	EXP 	text: height = 0.05
6.8798 	EXP 	text: height = 0.05
6.8798 	EXP 	text: text = 1.9962696000002325
6.8840 	EXP 	text: height = 0.05
6.8840 	EXP 	text: height = 0.05
6.8840 	EXP 	text: height = 0.05
6.8840 	EXP 	text: text = 1.997927600001276
6.8882 	EXP 	text: height = 0.05
6.8882 	EXP 	text: height = 0.05
6.8882 	EXP 	text: height = 0.05
6.8882 	EXP 	text: text = 1.9972306999989087
6.8923 	EXP 	text: height = 0.05
6.8923 	EXP 	text: height = 0.05
6.8923 	EXP 	text: height = 0.05
6.8923 	EXP 	text: text = 1.997164000000339
6.8965 	EXP 	text: height = 0.05
6.8965 	EXP 	text: height = 0.05
6.8965 	EXP 	text: height = 0.05
6.8965 	EXP 	text: text = 1.9970744999991439
6.9007 	EXP 	text: height = 0.05
6.9007 	EXP 	text: height = 0.05
6.9007 	EXP 	text: height = 0.05
6.9007 	EXP 	text: text = 1.9971298000018578
6.9048 	EXP 	text: height = 0.05
6.9048 	EXP 	text: height = 0.05
6.9048 	EXP 	text: height = 0.05
6.9048 	EXP 	text: text = 1.9971501999971224
6.9096 	EXP 	text: height = 0.05
6.9096 	EXP 	text: height = 0.05
6.9096 	EXP 	text: height = 0.05
6.9096 	EXP 	text: text = 1.9971713999984786
6.9137 	EXP 	text: height = 0.05
6.9137 	EXP 	text: height = 0.05
6.9137 	EXP 	text: height = 0.05
6.9137 	EXP 	text: text = 1.9968554000006407
6.9178 	EXP 	text: height = 0.05
6.9178 	EXP 	text: height = 0.05
6.9178 	EXP 	text: height = 0.05
6.9178 	EXP 	text: text = 1.9976257999987865
6.9221 	EXP 	text: height = 0.05
6.9221 	EXP 	text: height = 0.05
6.9221 	EXP 	text: height = 0.05
6.9221 	EXP 	text: text = 1.9970594000005804
6.9262 	EXP 	text: height = 0.05
6.9262 	EXP 	text: height = 0.05
6.9262 	EXP 	text: height = 0.05
6.9262 	EXP 	text: text = 1.9973850999995193
6.9304 	EXP 	text: height = 0.05
6.9304 	EXP 	text: height = 0.05
6.9304 	EXP 	text: height = 0.05
6.9304 	EXP 	text: text = 1.9971124000003329
6.9345 	EXP 	text: height = 0.05
6.9345 	EXP 	text: height = 0.05
6.9345 	EXP 	text: height = 0.05
6.9345 	EXP 	text: text = 1.9972078999999212
6.9398 	EXP 	text: height = 0.05
6.9398 	EXP 	text: height = 0.05
6.9398 	EXP 	text: height = 0.05
6.9398 	EXP 	text: text = 1.9974542999989353
6.9438 	EXP 	text: height = 0.05
6.9438 	EXP 	text: height = 0.05
6.9438 	EXP 	text: height = 0.05
6.9438 	EXP 	text: text = 1.9960312000002887
6.9478 	EXP 	text: height = 0.05
6.9478 	EXP 	text: height = 0.05
6.9478 	EXP 	text: height = 0.05
6.9478 	EXP 	text: text = 1.9975715000000491
6.9520 	EXP 	text: height = 0.05
6.9520 	EXP 	text: height = 0.05
6.9520 	EXP 	text: height = 0.05
6.9520 	EXP 	text: text = 1.9974513000015577
6.9562 	EXP 	text: height = 0.05
6.9562 	EXP 	text: height = 0.05
6.9562 	EXP 	text: height = 0.05
6.9562 	EXP 	text: text = 1.9972321999994165
6.9604 	EXP 	text: height = 0.05
6.9604 	EXP 	text: height = 0.05
6.9604 	EXP 	text: height = 0.05
6.9604 	EXP 	text: text = 1.997489699999278
6.9645 	EXP 	text: height = 0.05
6.9645 	EXP 	text: height = 0.05
6.9645 	EXP 	text: height = 0.05
6.9645 	EXP 	text: text = 1.9971749000033014
6.9687 	EXP 	text: height = 0.05
6.9687 	EXP 	text: height = 0.05
6.9687 	EXP 	text: height = 0.05
6.9687 	EXP 	text: text = 1.9972512000022107
6.9731 	EXP 	text: height = 0.05
6.9731 	EXP 	text: height = 0.05
6.9731 	EXP 	text: height = 0.05
6.9731 	EXP 	text: text = 1.9971841000005952
6.9770 	EXP 	text: height = 0.05
6.9770 	EXP 	text: height = 0.05
6.9770 	EXP 	text: height = 0.05
6.9770 	EXP 	text: text = 1.9970259000001533
6.9812 	EXP 	text: height = 0.05
6.9812 	EXP 	text: height = 0.05
6.9812 	EXP 	text: height = 0.05
6.9812 	EXP 	text: text = 1.997552300003008
6.9854 	EXP 	text: height = 0.05
6.9854 	EXP 	text: height = 0.05
6.9854 	EXP 	text: height = 0.05
6.9854 	EXP 	text: text = 1.9971052999972017
6.9896 	EXP 	text: height = 0.05
6.9896 	EXP 	text: height = 0.05
6.9896 	EXP 	text: height = 0.05
6.9896 	EXP 	text: text = 1.9972864000010304
6.9937 	EXP 	text: height = 0.05
6.9937 	EXP 	text: height = 0.05
6.9937 	EXP 	text: height = 0.05
6.9937 	EXP 	text: text = 1.9971569000008458
6.9979 	EXP 	text: height = 0.05
6.9979 	EXP 	text: height = 0.05
6.9979 	EXP 	text: height = 0.05
6.9979 	EXP 	text: text = 1.9971707000004244
7.0021 	EXP 	text: height = 0.05
7.0021 	EXP 	text: height = 0.05
7.0021 	EXP 	text: height = 0.05
7.0021 	EXP 	text: text = 1.9973850000023958
7.0063 	EXP 	text: height = 0.05
7.0063 	EXP 	text: height = 0.05
7.0063 	EXP 	text: height = 0.05
7.0063 	EXP 	text: text = 1.9970222000010835
7.0104 	EXP 	text: height = 0.05
7.0104 	EXP 	text: height = 0.05
7.0104 	EXP 	text: height = 0.05
7.0104 	EXP 	text: text = 1.997273099997983
7.0146 	EXP 	text: height = 0.05
7.0146 	EXP 	text: height = 0.05
7.0146 	EXP 	text: height = 0.05
7.0146 	EXP 	text: text = 1.9971690999991552
7.0187 	EXP 	text: height = 0.05
7.0187 	EXP 	text: height = 0.05
7.0187 	EXP 	text: height = 0.05
7.0187 	EXP 	text: text = 1.997187599998142
7.0229 	EXP 	text: height = 0.05
7.0229 	EXP 	text: height = 0.05
7.0229 	EXP 	text: height = 0.05
7.0229 	EXP 	text: text = 1.9972372000011092
7.0271 	EXP 	text: height = 0.05
7.0271 	EXP 	text: height = 0.05
7.0271 	EXP 	text: height = 0.05
7.0271 	EXP 	text: text = 1.997184300002118
7.0313 	EXP 	text: height = 0.05
7.0313 	EXP 	text: height = 0.05
7.0313 	EXP 	text: height = 0.05
7.0313 	EXP 	text: text = 1.9971541999984765
7.0355 	EXP 	text: height = 0.05
7.0355 	EXP 	text: height = 0.05
7.0355 	EXP 	text: height = 0.05
7.0355 	EXP 	text: text = 1.9971327999992354
7.0396 	EXP 	text: height = 0.05
7.0396 	EXP 	text: height = 0.05
7.0396 	EXP 	text: height = 0.05
7.0396 	EXP 	text: text = 1.9971388000012666
7.0438 	EXP 	text: height = 0.05
7.0438 	EXP 	text: height = 0.05
7.0438 	EXP 	text: height = 0.05
7.0438 	EXP 	text: text = 1.9973605000013777
7.0479 	EXP 	text: height = 0.05
7.0479 	EXP 	text: height = 0.05
7.0479 	EXP 	text: height = 0.05
7.0479 	EXP 	text: text = 1.9971912000000884
7.0522 	EXP 	text: height = 0.05
7.0522 	EXP 	text: height = 0.05
7.0522 	EXP 	text: height = 0.05
7.0522 	EXP 	text: text = 1.9971355999987281
7.0563 	EXP 	text: height = 0.05
7.0563 	EXP 	text: height = 0.05
7.0563 	EXP 	text: height = 0.05
7.0563 	EXP 	text: text = 1.9970715000017663
7.0605 	EXP 	text: height = 0.05
7.0605 	EXP 	text: height = 0.05
7.0605 	EXP 	text: height = 0.05
7.0605 	EXP 	text: text = 1.9973118000016257
7.0646 	EXP 	text: height = 0.05
7.0646 	EXP 	text: height = 0.05
7.0646 	EXP 	text: height = 0.05
7.0646 	EXP 	text: text = 1.9971656999987317
7.0688 	EXP 	text: height = 0.05
7.0688 	EXP 	text: height = 0.05
7.0688 	EXP 	text: height = 0.05
7.0688 	EXP 	text: text = 1.99717149999924
7.0730 	EXP 	text: height = 0.05
7.0730 	EXP 	text: height = 0.05
7.0730 	EXP 	text: height = 0.05
7.0730 	EXP 	text: text = 1.9971440999979677
7.0772 	EXP 	text: height = 0.05
7.0772 	EXP 	text: height = 0.05
7.0772 	EXP 	text: height = 0.05
7.0772 	EXP 	text: text = 1.9971645000005083
7.0813 	EXP 	text: height = 0.05
7.0813 	EXP 	text: height = 0.05
7.0813 	EXP 	text: height = 0.05
7.0813 	EXP 	text: text = 1.997169499998563
7.0855 	EXP 	text: height = 0.05
7.0855 	EXP 	text: height = 0.05
7.0855 	EXP 	text: height = 0.05
7.0855 	EXP 	text: text = 1.9973297999968054
7.0897 	EXP 	text: height = 0.05
7.0897 	EXP 	text: height = 0.05
7.0897 	EXP 	text: height = 0.05
7.0897 	EXP 	text: text = 1.9971623000019463
7.0938 	EXP 	text: height = 0.05
7.0938 	EXP 	text: height = 0.05
7.0938 	EXP 	text: height = 0.05
7.0938 	EXP 	text: text = 1.9971575000017765
7.0981 	EXP 	text: height = 0.05
7.0981 	EXP 	text: height = 0.05
7.0981 	EXP 	text: height = 0.05
7.0981 	EXP 	text: text = 1.9971855000003416
7.1022 	EXP 	text: height = 0.05
7.1022 	EXP 	text: height = 0.05
7.1022 	EXP 	text: height = 0.05
7.1022 	EXP 	text: text = 1.9970259000001533
7.1064 	EXP 	text: height = 0.05
7.1064 	EXP 	text: height = 0.05
7.1064 	EXP 	text: height = 0.05
7.1064 	EXP 	text: text = 1.9972827000019606
7.1105 	EXP 	text: height = 0.05
7.1105 	EXP 	text: height = 0.05
7.1105 	EXP 	text: height = 0.05
7.1105 	EXP 	text: text = 1.9971788999973796
7.1147 	EXP 	text: height = 0.05
7.1147 	EXP 	text: height = 0.05
7.1147 	EXP 	text: height = 0.05
7.1147 	EXP 	text: text = 1.997183399998903
7.1188 	EXP 	text: height = 0.05
7.1188 	EXP 	text: height = 0.05
7.1188 	EXP 	text: height = 0.05
7.1188 	EXP 	text: text = 1.9971495999998297
7.1230 	EXP 	text: height = 0.05
7.1230 	EXP 	text: height = 0.05
7.1230 	EXP 	text: height = 0.05
7.1230 	EXP 	text: text = 1.9971826999972109
7.1272 	EXP 	text: height = 0.05
7.1272 	EXP 	text: height = 0.05
7.1272 	EXP 	text: height = 0.05
7.1272 	EXP 	text: text = 1.9973847000001115
7.1314 	EXP 	text: height = 0.05
7.1314 	EXP 	text: height = 0.05
7.1314 	EXP 	text: height = 0.05
7.1314 	EXP 	text: text = 1.9972070000003441
7.1356 	EXP 	text: height = 0.05
7.1356 	EXP 	text: height = 0.05
7.1356 	EXP 	text: height = 0.05
7.1356 	EXP 	text: text = 1.9971589999986463
7.1397 	EXP 	text: height = 0.05
7.1397 	EXP 	text: height = 0.05
7.1397 	EXP 	text: height = 0.05
7.1397 	EXP 	text: text = 1.9971335000009276
7.1450 	EXP 	text: height = 0.05
7.1450 	EXP 	text: height = 0.05
7.1450 	EXP 	text: height = 0.05
7.1450 	EXP 	text: text = 1.9971743999994942
7.1481 	EXP 	text: height = 0.05
7.1481 	EXP 	text: height = 0.05
7.1481 	EXP 	text: height = 0.05
7.1481 	EXP 	text: text = 1.9959916999978304
7.1522 	EXP 	text: height = 0.05
7.1522 	EXP 	text: height = 0.05
7.1522 	EXP 	text: height = 0.05
7.1522 	EXP 	text: text = 1.998320300001069
7.1564 	EXP 	text: height = 0.05
7.1564 	EXP 	text: height = 0.05
7.1564 	EXP 	text: height = 0.05
7.1564 	EXP 	text: text = 1.9972032000005129
7.1606 	EXP 	text: height = 0.05
7.1606 	EXP 	text: height = 0.05
7.1606 	EXP 	text: height = 0.05
7.1606 	EXP 	text: text = 1.9971356000023661
7.1647 	EXP 	text: height = 0.05
7.1647 	EXP 	text: height = 0.05
7.1647 	EXP 	text: height = 0.05
7.1647 	EXP 	text: text = 1.9971622999983083
7.1689 	EXP 	text: height = 0.05
7.1689 	EXP 	text: height = 0.05
7.1689 	EXP 	text: height = 0.05
7.1689 	EXP 	text: text = 1.9974165999992692
7.1731 	EXP 	text: height = 0.05
7.1731 	EXP 	text: height = 0.05
7.1731 	EXP 	text: height = 0.05
7.1731 	EXP 	text: text = 1.997157600002538
7.1772 	EXP 	text: height = 0.05
7.1772 	EXP 	text: height = 0.05
7.1772 	EXP 	text: height = 0.05
7.1772 	EXP 	text: text = 1.9971065999998245
7.1814 	EXP 	text: height = 0.05
7.1814 	EXP 	text: height = 0.05
7.1814 	EXP 	text: height = 0.05
7.1814 	EXP 	text: text = 1.9971828000016103
7.1856 	EXP 	text: height = 0.05
7.1856 	EXP 	text: height = 0.05
7.1856 	EXP 	text: height = 0.05
7.1856 	EXP 	text: text = 1.997151200001099
7.1898 	EXP 	text: height = 0.05
7.1898 	EXP 	text: height = 0.05
7.1898 	EXP 	text: height = 0.05
7.1898 	EXP 	text: text = 1.9971124000003329
7.1943 	EXP 	text: height = 0.05
7.1943 	EXP 	text: height = 0.05
7.1943 	EXP 	text: height = 0.05
7.1943 	EXP 	text: text = 1.9971527000016067
7.1981 	EXP 	text: height = 0.05
7.1981 	EXP 	text: height = 0.05
7.1981 	EXP 	text: height = 0.05
7.1981 	EXP 	text: text = 1.9967849999993632
7.2023 	EXP 	text: height = 0.05
7.2023 	EXP 	text: height = 0.05
7.2023 	EXP 	text: height = 0.05
7.2023 	EXP 	text: text = 1.9974887999997009
7.2064 	EXP 	text: height = 0.05
7.2064 	EXP 	text: height = 0.05
7.2064 	EXP 	text: height = 0.05
7.2064 	EXP 	text: text = 1.997132500000589
7.2106 	EXP 	text: height = 0.05
7.2106 	EXP 	text: height = 0.05
7.2106 	EXP 	text: height = 0.05
7.2106 	EXP 	text: text = 1.997327299999597
7.2148 	EXP 	text: height = 0.05
7.2148 	EXP 	text: height = 0.05
7.2148 	EXP 	text: height = 0.05
7.2148 	EXP 	text: text = 1.997154299999238
7.2190 	EXP 	text: height = 0.05
7.2190 	EXP 	text: height = 0.05
7.2190 	EXP 	text: height = 0.05
7.2190 	EXP 	text: text = 1.9971081000003323
7.2232 	EXP 	text: height = 0.05
7.2232 	EXP 	text: height = 0.05
7.2232 	EXP 	text: height = 0.05
7.2232 	EXP 	text: text = 1.9971856999982265
7.2273 	EXP 	text: height = 0.05
7.2273 	EXP 	text: height = 0.05
7.2273 	EXP 	text: height = 0.05
7.2273 	EXP 	text: text = 1.9970775000001595
7.2315 	EXP 	text: height = 0.05
7.2315 	EXP 	text: height = 0.05
7.2315 	EXP 	text: height = 0.05
7.2315 	EXP 	text: text = 1.9974593999977515
7.2356 	EXP 	text: height = 0.05
7.2356 	EXP 	text: height = 0.05
7.2356 	EXP 	text: height = 0.05
7.2356 	EXP 	text: text = 1.9971441000016057
7.2407 	EXP 	text: height = 0.05
7.2407 	EXP 	text: height = 0.05
7.2407 	EXP 	text: height = 0.05
7.2407 	EXP 	text: text = 1.9971710000027088
7.2440 	EXP 	text: height = 0.05
7.2440 	EXP 	text: height = 0.05
7.2440 	EXP 	text: height = 0.05
7.2440 	EXP 	text: text = 1.9962072999987868
7.2481 	EXP 	text: height = 0.05
7.2481 	EXP 	text: height = 0.05
7.2481 	EXP 	text: height = 0.05
7.2481 	EXP 	text: text = 1.9981045000022277
7.2523 	EXP 	text: height = 0.05
7.2523 	EXP 	text: height = 0.05
7.2523 	EXP 	text: height = 0.05
7.2523 	EXP 	text: text = 1.997366299998248
7.2565 	EXP 	text: height = 0.05
7.2565 	EXP 	text: height = 0.05
7.2565 	EXP 	text: height = 0.05
7.2565 	EXP 	text: text = 1.9971216000012646
7.2607 	EXP 	text: height = 0.05
7.2607 	EXP 	text: height = 0.05
7.2607 	EXP 	text: height = 0.05
7.2607 	EXP 	text: text = 1.997139300001436
7.2648 	EXP 	text: height = 0.05
7.2648 	EXP 	text: height = 0.05
7.2648 	EXP 	text: height = 0.05
7.2648 	EXP 	text: text = 1.9971103999996558
7.2690 	EXP 	text: height = 0.05
7.2690 	EXP 	text: height = 0.05
7.2690 	EXP 	text: height = 0.05
7.2690 	EXP 	text: text = 1.997124100002111
7.2732 	EXP 	text: height = 0.05
7.2732 	EXP 	text: height = 0.05
7.2732 	EXP 	text: height = 0.05
7.2732 	EXP 	text: text = 1.9971070999999938
7.2774 	EXP 	text: height = 0.05
7.2774 	EXP 	text: height = 0.05
7.2774 	EXP 	text: height = 0.05
7.2774 	EXP 	text: text = 1.9971622999983083
7.2815 	EXP 	text: height = 0.05
7.2815 	EXP 	text: height = 0.05
7.2815 	EXP 	text: height = 0.05
7.2815 	EXP 	text: text = 1.9971231999988959
7.2857 	EXP 	text: height = 0.05
7.2857 	EXP 	text: height = 0.05
7.2857 	EXP 	text: height = 0.05
7.2857 	EXP 	text: text = 1.9971702000002551
7.2900 	EXP 	text: height = 0.05
7.2900 	EXP 	text: height = 0.05
7.2900 	EXP 	text: height = 0.05
7.2900 	EXP 	text: text = 1.9971356000023661
7.2941 	EXP 	text: height = 0.05
7.2941 	EXP 	text: height = 0.05
7.2941 	EXP 	text: height = 0.05
7.2941 	EXP 	text: text = 1.9973060999982408
7.2982 	EXP 	text: height = 0.05
7.2982 	EXP 	text: height = 0.05
7.2982 	EXP 	text: height = 0.05
7.2982 	EXP 	text: text = 1.9972393999996711
7.3024 	EXP 	text: height = 0.05
7.3024 	EXP 	text: height = 0.05
7.3024 	EXP 	text: height = 0.05
7.3024 	EXP 	text: text = 1.997219299999415
7.3065 	EXP 	text: height = 0.05
7.3065 	EXP 	text: height = 0.05
7.3065 	EXP 	text: height = 0.05
7.3065 	EXP 	text: text = 1.9971140999987256
7.3107 	EXP 	text: height = 0.05
7.3107 	EXP 	text: height = 0.05
7.3107 	EXP 	text: height = 0.05
7.3107 	EXP 	text: text = 1.9971700999994937
7.3149 	EXP 	text: height = 0.05
7.3149 	EXP 	text: height = 0.05
7.3149 	EXP 	text: height = 0.05
7.3149 	EXP 	text: text = 1.9970738999982132
7.3190 	EXP 	text: height = 0.05
7.3190 	EXP 	text: height = 0.05
7.3190 	EXP 	text: height = 0.05
7.3190 	EXP 	text: text = 1.9972054999998363
7.3232 	EXP 	text: height = 0.05
7.3232 	EXP 	text: height = 0.05
7.3232 	EXP 	text: height = 0.05
7.3232 	EXP 	text: text = 1.9971394999993208
7.3274 	EXP 	text: height = 0.05
7.3274 	EXP 	text: height = 0.05
7.3274 	EXP 	text: height = 0.05
7.3274 	EXP 	text: text = 1.9971840999969572
7.3316 	EXP 	text: height = 0.05
7.3316 	EXP 	text: height = 0.05
7.3316 	EXP 	text: height = 0.05
7.3316 	EXP 	text: text = 1.9971473000005062
7.3360 	EXP 	text: height = 0.05
7.3360 	EXP 	text: height = 0.05
7.3360 	EXP 	text: height = 0.05
7.3360 	EXP 	text: text = 1.9973233999990043
7.3399 	EXP 	text: height = 0.05
7.3399 	EXP 	text: height = 0.05
7.3399 	EXP 	text: height = 0.05
7.3399 	EXP 	text: text = 1.9969111999998859
7.3441 	EXP 	text: height = 0.05
7.3441 	EXP 	text: height = 0.05
7.3441 	EXP 	text: height = 0.05
7.3441 	EXP 	text: text = 1.9974361000022327
7.3482 	EXP 	text: height = 0.05
7.3482 	EXP 	text: height = 0.05
7.3482 	EXP 	text: height = 0.05
7.3482 	EXP 	text: text = 1.9972019999986514
7.3524 	EXP 	text: height = 0.05
7.3524 	EXP 	text: height = 0.05
7.3524 	EXP 	text: height = 0.05
7.3524 	EXP 	text: text = 1.9971526000008453
7.3566 	EXP 	text: height = 0.05
7.3566 	EXP 	text: height = 0.05
7.3566 	EXP 	text: height = 0.05
7.3566 	EXP 	text: text = 1.9972026000032201
7.3608 	EXP 	text: height = 0.05
7.3608 	EXP 	text: height = 0.05
7.3608 	EXP 	text: height = 0.05
7.3608 	EXP 	text: text = 1.9971087999983865
7.3649 	EXP 	text: height = 0.05
7.3649 	EXP 	text: height = 0.05
7.3649 	EXP 	text: height = 0.05
7.3649 	EXP 	text: text = 1.9971618999989005
7.3691 	EXP 	text: height = 0.05
7.3691 	EXP 	text: height = 0.05
7.3691 	EXP 	text: height = 0.05
7.3691 	EXP 	text: text = 1.9971968999998353
7.3733 	EXP 	text: height = 0.05
7.3733 	EXP 	text: height = 0.05
7.3733 	EXP 	text: height = 0.05
7.3733 	EXP 	text: text = 1.9975474999992002
7.3774 	EXP 	text: height = 0.05
7.3774 	EXP 	text: height = 0.05
7.3774 	EXP 	text: height = 0.05
7.3774 	EXP 	text: text = 1.9973491999990074
7.3825 	EXP 	text: height = 0.05
7.3825 	EXP 	text: height = 0.05
7.3825 	EXP 	text: height = 0.05
7.3825 	EXP 	text: text = 1.9971342999997432
7.3858 	EXP 	text: height = 0.05
7.3858 	EXP 	text: height = 0.05
7.3858 	EXP 	text: height = 0.05
7.3858 	EXP 	text: text = 1.9962898999983736
7.3900 	EXP 	text: height = 0.05
7.3900 	EXP 	text: height = 0.05
7.3900 	EXP 	text: height = 0.05
7.3900 	EXP 	text: text = 1.9979675999966275
7.3941 	EXP 	text: height = 0.05
7.3941 	EXP 	text: height = 0.05
7.3941 	EXP 	text: height = 0.05
7.3941 	EXP 	text: text = 1.997135999998136
7.3983 	EXP 	text: height = 0.05
7.3983 	EXP 	text: height = 0.05
7.3983 	EXP 	text: height = 0.05
7.3983 	EXP 	text: text = 1.9971342999997432
7.4025 	EXP 	text: height = 0.05
7.4025 	EXP 	text: height = 0.05
7.4025 	EXP 	text: height = 0.05
7.4025 	EXP 	text: text = 1.9971287999978813
7.4066 	EXP 	text: height = 0.05
7.4066 	EXP 	text: height = 0.05
7.4066 	EXP 	text: height = 0.05
7.4066 	EXP 	text: text = 1.9971482000000833
7.4108 	EXP 	text: height = 0.05
7.4108 	EXP 	text: height = 0.05
7.4108 	EXP 	text: height = 0.05
7.4108 	EXP 	text: text = 1.9971701999966172
7.4150 	EXP 	text: height = 0.05
7.4150 	EXP 	text: height = 0.05
7.4150 	EXP 	text: height = 0.05
7.4150 	EXP 	text: text = 1.9971547999994073
7.4192 	EXP 	text: height = 0.05
7.4192 	EXP 	text: height = 0.05
7.4192 	EXP 	text: height = 0.05
7.4192 	EXP 	text: text = 1.9973032999987481
7.4234 	EXP 	text: height = 0.05
7.4234 	EXP 	text: height = 0.05
7.4234 	EXP 	text: height = 0.05
7.4234 	EXP 	text: text = 1.9971828999987338
7.4275 	EXP 	text: height = 0.05
7.4275 	EXP 	text: height = 0.05
7.4275 	EXP 	text: height = 0.05
7.4275 	EXP 	text: text = 1.997123900000588
7.4318 	EXP 	text: height = 0.05
7.4318 	EXP 	text: height = 0.05
7.4318 	EXP 	text: height = 0.05
7.4318 	EXP 	text: text = 1.9971498000013526
7.4359 	EXP 	text: height = 0.05
7.4359 	EXP 	text: height = 0.05
7.4359 	EXP 	text: height = 0.05
7.4359 	EXP 	text: text = 1.9970911000018532
7.4400 	EXP 	text: height = 0.05
7.4400 	EXP 	text: height = 0.05
7.4400 	EXP 	text: height = 0.05
7.4400 	EXP 	text: text = 1.9973393000000215
7.4442 	EXP 	text: height = 0.05
7.4442 	EXP 	text: height = 0.05
7.4442 	EXP 	text: height = 0.05
7.4442 	EXP 	text: text = 1.9971319000032963
7.4484 	EXP 	text: height = 0.05
7.4484 	EXP 	text: height = 0.05
7.4484 	EXP 	text: height = 0.05
7.4484 	EXP 	text: text = 1.9971780000014405
7.4525 	EXP 	text: height = 0.05
7.4525 	EXP 	text: height = 0.05
7.4525 	EXP 	text: height = 0.05
7.4525 	EXP 	text: text = 1.9971638999995776
7.4567 	EXP 	text: height = 0.05
7.4567 	EXP 	text: height = 0.05
7.4567 	EXP 	text: height = 0.05
7.4567 	EXP 	text: text = 1.9971409999998286
7.4609 	EXP 	text: height = 0.05
7.4609 	EXP 	text: height = 0.05
7.4609 	EXP 	text: height = 0.05
7.4609 	EXP 	text: text = 1.9973290999987512
7.4650 	EXP 	text: height = 0.05
7.4650 	EXP 	text: height = 0.05
7.4650 	EXP 	text: height = 0.05
7.4650 	EXP 	text: text = 1.9971264000014344
7.4692 	EXP 	text: height = 0.05
7.4692 	EXP 	text: height = 0.05
7.4692 	EXP 	text: height = 0.05
7.4692 	EXP 	text: text = 1.997125000001688
7.4734 	EXP 	text: height = 0.05
7.4734 	EXP 	text: height = 0.05
7.4734 	EXP 	text: height = 0.05
7.4734 	EXP 	text: text = 1.9971138000000792
7.4776 	EXP 	text: height = 0.05
7.4776 	EXP 	text: height = 0.05
7.4776 	EXP 	text: height = 0.05
7.4776 	EXP 	text: text = 1.9971229000002495
7.4817 	EXP 	text: height = 0.05
7.4817 	EXP 	text: height = 0.05
7.4817 	EXP 	text: height = 0.05
7.4817 	EXP 	text: text = 1.9970840999994834
7.4859 	EXP 	text: height = 0.05
7.4859 	EXP 	text: height = 0.05
7.4859 	EXP 	text: height = 0.05
7.4859 	EXP 	text: text = 1.9972464999991644
7.4900 	EXP 	text: height = 0.05
7.4900 	EXP 	text: height = 0.05
7.4900 	EXP 	text: height = 0.05
7.4900 	EXP 	text: text = 1.9971245999986422
7.4942 	EXP 	text: height = 0.05
7.4942 	EXP 	text: height = 0.05
7.4942 	EXP 	text: height = 0.05
7.4942 	EXP 	text: text = 1.9971291000001656
7.4984 	EXP 	text: height = 0.05
7.4984 	EXP 	text: height = 0.05
7.4984 	EXP 	text: height = 0.05
7.4984 	EXP 	text: text = 1.9971449999975448
7.5026 	EXP 	text: height = 0.05
7.5026 	EXP 	text: height = 0.05
7.5026 	EXP 	text: height = 0.05
7.5026 	EXP 	text: text = 1.9973253999996814
7.5067 	EXP 	text: height = 0.05
7.5067 	EXP 	text: height = 0.05
7.5067 	EXP 	text: height = 0.05
7.5067 	EXP 	text: text = 1.9971476000027906
7.5109 	EXP 	text: height = 0.05
7.5109 	EXP 	text: height = 0.05
7.5109 	EXP 	text: height = 0.05
7.5109 	EXP 	text: text = 1.9971647999991546
7.5151 	EXP 	text: height = 0.05
7.5151 	EXP 	text: height = 0.05
7.5151 	EXP 	text: height = 0.05
7.5151 	EXP 	text: text = 1.9971437999993213
7.5193 	EXP 	text: height = 0.05
7.5193 	EXP 	text: height = 0.05
7.5193 	EXP 	text: height = 0.05
7.5193 	EXP 	text: text = 1.9971274999988964
7.5239 	EXP 	text: height = 0.05
7.5239 	EXP 	text: height = 0.05
7.5239 	EXP 	text: height = 0.05
7.5239 	EXP 	text: text = 1.9971531000010145
7.5276 	EXP 	text: height = 0.05
7.5276 	EXP 	text: height = 0.05
7.5276 	EXP 	text: height = 0.05
7.5276 	EXP 	text: text = 1.9967403000009654
7.5318 	EXP 	text: height = 0.05
7.5318 	EXP 	text: height = 0.05
7.5318 	EXP 	text: height = 0.05
7.5318 	EXP 	text: text = 1.9977221000008285
7.5359 	EXP 	text: height = 0.05
7.5359 	EXP 	text: height = 0.05
7.5359 	EXP 	text: height = 0.05
7.5359 	EXP 	text: text = 1.9971804999986489
7.5401 	EXP 	text: height = 0.05
7.5401 	EXP 	text: height = 0.05
7.5401 	EXP 	text: height = 0.05
7.5401 	EXP 	text: text = 1.9971550999980536
7.5443 	EXP 	text: height = 0.05
7.5443 	EXP 	text: height = 0.05
7.5443 	EXP 	text: height = 0.05
7.5443 	EXP 	text: text = 1.9974600000023202
7.5484 	EXP 	text: height = 0.05
7.5484 	EXP 	text: height = 0.05
7.5484 	EXP 	text: height = 0.05
7.5484 	EXP 	text: text = 1.9971851000009337
7.5526 	EXP 	text: height = 0.05
7.5526 	EXP 	text: height = 0.05
7.5526 	EXP 	text: height = 0.05
7.5526 	EXP 	text: text = 1.997142199998052
7.5568 	EXP 	text: height = 0.05
7.5568 	EXP 	text: height = 0.05
7.5568 	EXP 	text: height = 0.05
7.5568 	EXP 	text: text = 1.9971461000022828
7.5610 	EXP 	text: height = 0.05
7.5610 	EXP 	text: height = 0.05
7.5610 	EXP 	text: height = 0.05
7.5610 	EXP 	text: text = 1.9971323999998276
7.5651 	EXP 	text: height = 0.05
7.5651 	EXP 	text: height = 0.05
7.5651 	EXP 	text: height = 0.05
7.5651 	EXP 	text: text = 1.997134900000674
7.5699 	EXP 	text: height = 0.05
7.5699 	EXP 	text: height = 0.05
7.5699 	EXP 	text: height = 0.05
7.5699 	EXP 	text: text = 1.997107999999571
7.5735 	EXP 	text: height = 0.05
7.5735 	EXP 	text: height = 0.05
7.5735 	EXP 	text: height = 0.05
7.5735 	EXP 	text: text = 1.996481499998481
7.5777 	EXP 	text: height = 0.05
7.5777 	EXP 	text: height = 0.05
7.5777 	EXP 	text: height = 0.05
7.5777 	EXP 	text: text = 1.9978511999979673
7.5818 	EXP 	text: height = 0.05
7.5818 	EXP 	text: height = 0.05
7.5818 	EXP 	text: height = 0.05
7.5818 	EXP 	text: text = 1.997200800000428
7.5860 	EXP 	text: height = 0.05
7.5860 	EXP 	text: height = 0.05
7.5860 	EXP 	text: height = 0.05
7.5860 	EXP 	text: text = 1.99733809999816
7.5902 	EXP 	text: height = 0.05
7.5902 	EXP 	text: height = 0.05
7.5902 	EXP 	text: height = 0.05
7.5902 	EXP 	text: text = 1.9971469999982219
7.5943 	EXP 	text: height = 0.05
7.5943 	EXP 	text: height = 0.05
7.5943 	EXP 	text: height = 0.05
7.5943 	EXP 	text: text = 1.9973157000022184
7.5985 	EXP 	text: height = 0.05
7.5985 	EXP 	text: height = 0.05
7.5985 	EXP 	text: height = 0.05
7.5985 	EXP 	text: text = 1.9971263999977964
7.6027 	EXP 	text: height = 0.05
7.6027 	EXP 	text: height = 0.05
7.6027 	EXP 	text: height = 0.05
7.6027 	EXP 	text: text = 1.9971254000010958
7.6069 	EXP 	text: height = 0.05
7.6069 	EXP 	text: height = 0.05
7.6069 	EXP 	text: height = 0.05
7.6069 	EXP 	text: text = 1.997098100000585
7.6110 	EXP 	text: height = 0.05
7.6110 	EXP 	text: height = 0.05
7.6110 	EXP 	text: height = 0.05
7.6110 	EXP 	text: text = 1.9972147999978915
7.6152 	EXP 	text: height = 0.05
7.6152 	EXP 	text: height = 0.05
7.6152 	EXP 	text: height = 0.05
7.6152 	EXP 	text: text = 1.9971535000004224
7.6194 	EXP 	text: height = 0.05
7.6194 	EXP 	text: height = 0.05
7.6194 	EXP 	text: height = 0.05
7.6194 	EXP 	text: text = 1.9971566999993229
7.6235 	EXP 	text: height = 0.05
7.6235 	EXP 	text: height = 0.05
7.6235 	EXP 	text: height = 0.05
7.6235 	EXP 	text: text = 1.9974436000011337
7.6277 	EXP 	text: height = 0.05
7.6277 	EXP 	text: height = 0.05
7.6277 	EXP 	text: height = 0.05
7.6277 	EXP 	text: text = 1.9975439999980154
7.6319 	EXP 	text: height = 0.05
7.6319 	EXP 	text: height = 0.05
7.6319 	EXP 	text: height = 0.05
7.6319 	EXP 	text: text = 1.997339000001375
7.6360 	EXP 	text: height = 0.05
7.6360 	EXP 	text: height = 0.05
7.6360 	EXP 	text: height = 0.05
7.6360 	EXP 	text: text = 1.9971339000003354
7.6402 	EXP 	text: height = 0.05
7.6402 	EXP 	text: height = 0.05
7.6402 	EXP 	text: height = 0.05
7.6402 	EXP 	text: text = 1.9971780000014405
7.6444 	EXP 	text: height = 0.05
7.6444 	EXP 	text: height = 0.05
7.6444 	EXP 	text: height = 0.05
7.6444 	EXP 	text: text = 1.9971579000011843
7.6485 	EXP 	text: height = 0.05
7.6485 	EXP 	text: height = 0.05
7.6485 	EXP 	text: height = 0.05
7.6485 	EXP 	text: text = 1.997142199998052
7.6527 	EXP 	text: height = 0.05
7.6527 	EXP 	text: height = 0.05
7.6527 	EXP 	text: height = 0.05
7.6527 	EXP 	text: text = 1.9970782999989751
7.6569 	EXP 	text: height = 0.05
7.6569 	EXP 	text: height = 0.05
7.6569 	EXP 	text: height = 0.05
7.6569 	EXP 	text: text = 1.9971914000016113
7.6611 	EXP 	text: height = 0.05
7.6611 	EXP 	text: height = 0.05
7.6611 	EXP 	text: height = 0.05
7.6611 	EXP 	text: text = 1.9971942999982275
7.6652 	EXP 	text: height = 0.05
7.6652 	EXP 	text: height = 0.05
7.6652 	EXP 	text: height = 0.05
7.6652 	EXP 	text: text = 1.9971311999979662
7.6694 	EXP 	text: height = 0.05
7.6694 	EXP 	text: height = 0.05
7.6694 	EXP 	text: height = 0.05
7.6694 	EXP 	text: text = 1.997316299999511
7.6736 	EXP 	text: height = 0.05
7.6736 	EXP 	text: height = 0.05
7.6736 	EXP 	text: height = 0.05
7.6736 	EXP 	text: text = 1.997910400001274
7.6777 	EXP 	text: height = 0.05
7.6777 	EXP 	text: height = 0.05
7.6777 	EXP 	text: height = 0.05
7.6777 	EXP 	text: text = 1.9971050000021933
7.6825 	EXP 	text: height = 0.05
7.6825 	EXP 	text: height = 0.05
7.6825 	EXP 	text: height = 0.05
7.6825 	EXP 	text: text = 1.9971323999998276
7.6861 	EXP 	text: height = 0.05
7.6861 	EXP 	text: height = 0.05
7.6861 	EXP 	text: height = 0.05
7.6861 	EXP 	text: text = 1.9965741999985767
7.6903 	EXP 	text: height = 0.05
7.6903 	EXP 	text: height = 0.05
7.6903 	EXP 	text: height = 0.05
7.6903 	EXP 	text: text = 1.9977155000015046
7.6944 	EXP 	text: height = 0.05
7.6944 	EXP 	text: height = 0.05
7.6944 	EXP 	text: height = 0.05
7.6944 	EXP 	text: text = 1.9972019999986514
7.6986 	EXP 	text: height = 0.05
7.6986 	EXP 	text: height = 0.05
7.6986 	EXP 	text: height = 0.05
7.6986 	EXP 	text: text = 1.9971299000026193
7.7028 	EXP 	text: height = 0.05
7.7028 	EXP 	text: height = 0.05
7.7028 	EXP 	text: height = 0.05
7.7028 	EXP 	text: text = 1.9972086999987368
7.7069 	EXP 	text: height = 0.05
7.7069 	EXP 	text: height = 0.05
7.7069 	EXP 	text: height = 0.05
7.7069 	EXP 	text: text = 1.9971741000008478
7.7111 	EXP 	text: height = 0.05
7.7111 	EXP 	text: height = 0.05
7.7111 	EXP 	text: height = 0.05
7.7111 	EXP 	text: text = 1.9975054999995336
7.7153 	EXP 	text: height = 0.05
7.7153 	EXP 	text: height = 0.05
7.7153 	EXP 	text: height = 0.05
7.7153 	EXP 	text: text = 1.9971517000012682
7.7195 	EXP 	text: height = 0.05
7.7195 	EXP 	text: height = 0.05
7.7195 	EXP 	text: height = 0.05
7.7195 	EXP 	text: text = 1.997127400001773
7.7236 	EXP 	text: height = 0.05
7.7236 	EXP 	text: height = 0.05
7.7236 	EXP 	text: height = 0.05
7.7236 	EXP 	text: text = 1.997118600000249
7.7284 	EXP 	text: height = 0.05
7.7284 	EXP 	text: height = 0.05
7.7284 	EXP 	text: height = 0.05
7.7284 	EXP 	text: text = 1.997085099999822
7.7319 	EXP 	text: height = 0.05
7.7319 	EXP 	text: height = 0.05
7.7319 	EXP 	text: height = 0.05
7.7319 	EXP 	text: text = 1.996557300000859
7.7361 	EXP 	text: height = 0.05
7.7361 	EXP 	text: height = 0.05
7.7361 	EXP 	text: height = 0.05
7.7361 	EXP 	text: text = 1.997705699999642
7.7403 	EXP 	text: height = 0.05
7.7403 	EXP 	text: height = 0.05
7.7403 	EXP 	text: height = 0.05
7.7403 	EXP 	text: text = 1.9972264999996696
7.7445 	EXP 	text: height = 0.05
7.7445 	EXP 	text: height = 0.05
7.7445 	EXP 	text: height = 0.05
7.7445 	EXP 	text: text = 1.9971977999994124
7.7487 	EXP 	text: height = 0.05
7.7487 	EXP 	text: height = 0.05
7.7487 	EXP 	text: height = 0.05
7.7487 	EXP 	text: text = 1.9971621000004234
7.7528 	EXP 	text: height = 0.05
7.7528 	EXP 	text: height = 0.05
7.7528 	EXP 	text: height = 0.05
7.7528 	EXP 	text: text = 1.997342700000445
7.7570 	EXP 	text: height = 0.05
7.7570 	EXP 	text: height = 0.05
7.7570 	EXP 	text: height = 0.05
7.7570 	EXP 	text: text = 1.997151899999153
7.7613 	EXP 	text: height = 0.05
7.7613 	EXP 	text: height = 0.05
7.7613 	EXP 	text: height = 0.05
7.7613 	EXP 	text: text = 1.9970984999999928
7.7653 	EXP 	text: height = 0.05
7.7653 	EXP 	text: height = 0.05
7.7653 	EXP 	text: height = 0.05
7.7653 	EXP 	text: text = 1.9970701999991434
7.7695 	EXP 	text: height = 0.05
7.7695 	EXP 	text: height = 0.05
7.7695 	EXP 	text: height = 0.05
7.7695 	EXP 	text: text = 1.9972453999980644
7.7737 	EXP 	text: height = 0.05
7.7737 	EXP 	text: height = 0.05
7.7737 	EXP 	text: height = 0.05
7.7737 	EXP 	text: text = 1.997120800002449
7.7779 	EXP 	text: height = 0.05
7.7779 	EXP 	text: height = 0.05
7.7779 	EXP 	text: height = 0.05
7.7779 	EXP 	text: text = 1.9970616999999038
7.7820 	EXP 	text: height = 0.05
7.7820 	EXP 	text: height = 0.05
7.7820 	EXP 	text: height = 0.05
7.7820 	EXP 	text: text = 1.9971817999976338
7.7862 	EXP 	text: height = 0.05
7.7862 	EXP 	text: height = 0.05
7.7862 	EXP 	text: height = 0.05
7.7862 	EXP 	text: text = 1.997109799998725
7.7913 	EXP 	text: height = 0.05
7.7913 	EXP 	text: height = 0.05
7.7913 	EXP 	text: height = 0.05
7.7913 	EXP 	text: text = 1.9971050999993167
7.7945 	EXP 	text: height = 0.05
7.7945 	EXP 	text: height = 0.05
7.7945 	EXP 	text: height = 0.05
7.7945 	EXP 	text: text = 1.9963373999999021
7.7987 	EXP 	text: height = 0.05
7.7987 	EXP 	text: height = 0.05
7.7987 	EXP 	text: height = 0.05
7.7987 	EXP 	text: text = 1.99810190000062
7.8029 	EXP 	text: height = 0.05
7.8029 	EXP 	text: height = 0.05
7.8029 	EXP 	text: height = 0.05
7.8029 	EXP 	text: text = 1.9971463000001677
7.8071 	EXP 	text: height = 0.05
7.8071 	EXP 	text: height = 0.05
7.8071 	EXP 	text: height = 0.05
7.8071 	EXP 	text: text = 1.9971552999995765
7.8112 	EXP 	text: height = 0.05
7.8112 	EXP 	text: height = 0.05
7.8112 	EXP 	text: height = 0.05
7.8112 	EXP 	text: text = 1.997110000000248
7.8154 	EXP 	text: height = 0.05
7.8154 	EXP 	text: height = 0.05
7.8154 	EXP 	text: height = 0.05
7.8154 	EXP 	text: text = 1.9971471999997448
7.8196 	EXP 	text: height = 0.05
7.8196 	EXP 	text: height = 0.05
7.8196 	EXP 	text: height = 0.05
7.8196 	EXP 	text: text = 1.9971540000005916
7.8238 	EXP 	text: height = 0.05
7.8238 	EXP 	text: height = 0.05
7.8238 	EXP 	text: height = 0.05
7.8238 	EXP 	text: text = 1.997153000000253
7.8279 	EXP 	text: height = 0.05
7.8279 	EXP 	text: height = 0.05
7.8279 	EXP 	text: height = 0.05
7.8279 	EXP 	text: text = 1.9970648999988043
7.8321 	EXP 	text: height = 0.05
7.8321 	EXP 	text: height = 0.05
7.8321 	EXP 	text: height = 0.05
7.8321 	EXP 	text: text = 1.9973353000023053
7.8362 	EXP 	text: height = 0.05
7.8362 	EXP 	text: height = 0.05
7.8362 	EXP 	text: height = 0.05
7.8362 	EXP 	text: text = 1.9973401999995986
7.8404 	EXP 	text: height = 0.05
7.8404 	EXP 	text: height = 0.05
7.8404 	EXP 	text: height = 0.05
7.8404 	EXP 	text: text = 1.9971249000009266
7.8446 	EXP 	text: height = 0.05
7.8446 	EXP 	text: height = 0.05
7.8446 	EXP 	text: height = 0.05
7.8446 	EXP 	text: text = 1.9971860999976343
7.8488 	EXP 	text: height = 0.05
7.8488 	EXP 	text: height = 0.05
7.8488 	EXP 	text: height = 0.05
7.8488 	EXP 	text: text = 1.9972010999990744
7.8532 	EXP 	text: height = 0.05
7.8532 	EXP 	text: height = 0.05
7.8532 	EXP 	text: height = 0.05
7.8532 	EXP 	text: text = 1.997117499999149
7.8571 	EXP 	text: height = 0.05
7.8571 	EXP 	text: height = 0.05
7.8571 	EXP 	text: height = 0.05
7.8571 	EXP 	text: text = 1.9968195000001288
7.8613 	EXP 	text: height = 0.05
7.8613 	EXP 	text: height = 0.05
7.8613 	EXP 	text: height = 0.05
7.8613 	EXP 	text: text = 1.997436400000879
7.8654 	EXP 	text: height = 0.05
7.8654 	EXP 	text: height = 0.05
7.8654 	EXP 	text: height = 0.05
7.8654 	EXP 	text: text = 1.9971279000019422
7.8696 	EXP 	text: height = 0.05
7.8696 	EXP 	text: height = 0.05
7.8696 	EXP 	text: height = 0.05
7.8696 	EXP 	text: text = 1.9971374999986438
7.8738 	EXP 	text: height = 0.05
7.8738 	EXP 	text: height = 0.05
7.8738 	EXP 	text: height = 0.05
7.8738 	EXP 	text: text = 1.9970986000007542
7.8780 	EXP 	text: height = 0.05
7.8780 	EXP 	text: height = 0.05
7.8780 	EXP 	text: height = 0.05
7.8780 	EXP 	text: text = 1.9973755999999412
7.8821 	EXP 	text: height = 0.05
7.8821 	EXP 	text: height = 0.05
7.8821 	EXP 	text: height = 0.05
7.8821 	EXP 	text: text = 1.9971373000007588
7.8866 	EXP 	text: height = 0.05
7.8866 	EXP 	text: height = 0.05
7.8866 	EXP 	text: height = 0.05
7.8866 	EXP 	text: text = 1.9971240000013495
7.8905 	EXP 	text: height = 0.05
7.8905 	EXP 	text: height = 0.05
7.8905 	EXP 	text: height = 0.05
7.8905 	EXP 	text: text = 1.9969072000021697
7.8946 	EXP 	text: height = 0.05
7.8946 	EXP 	text: height = 0.05
7.8946 	EXP 	text: height = 0.05
7.8946 	EXP 	text: text = 1.997765199997957
7.8988 	EXP 	text: height = 0.05
7.8988 	EXP 	text: height = 0.05
7.8988 	EXP 	text: height = 0.05
7.8988 	EXP 	text: text = 1.997458399997413
7.9030 	EXP 	text: height = 0.05
7.9030 	EXP 	text: height = 0.05
7.9030 	EXP 	text: height = 0.05
7.9030 	EXP 	text: text = 1.997232300000178
7.9071 	EXP 	text: height = 0.05
7.9071 	EXP 	text: height = 0.05
7.9071 	EXP 	text: height = 0.05
7.9071 	EXP 	text: text = 1.9966859000014665
7.9113 	EXP 	text: height = 0.05
7.9113 	EXP 	text: height = 0.05
7.9113 	EXP 	text: height = 0.05
7.9113 	EXP 	text: text = 1.9975854000003892
7.9155 	EXP 	text: height = 0.05
7.9155 	EXP 	text: height = 0.05
7.9155 	EXP 	text: height = 0.05
7.9155 	EXP 	text: text = 1.9972176999981457
7.9197 	EXP 	text: height = 0.05
7.9197 	EXP 	text: height = 0.05
7.9197 	EXP 	text: height = 0.05
7.9197 	EXP 	text: text = 1.9976282999996329
7.9238 	EXP 	text: height = 0.05
7.9238 	EXP 	text: height = 0.05
7.9238 	EXP 	text: height = 0.05
7.9238 	EXP 	text: text = 1.996896000000561
7.9280 	EXP 	text: height = 0.05
7.9280 	EXP 	text: height = 0.05
7.9280 	EXP 	text: height = 0.05
7.9280 	EXP 	text: text = 1.9976167999993777
7.9322 	EXP 	text: height = 0.05
7.9322 	EXP 	text: height = 0.05
7.9322 	EXP 	text: height = 0.05
7.9322 	EXP 	text: text = 1.9971866000014415
7.9363 	EXP 	text: height = 0.05
7.9363 	EXP 	text: height = 0.05
7.9363 	EXP 	text: height = 0.05
7.9363 	EXP 	text: text = 1.9970743999983824
7.9405 	EXP 	text: height = 0.05
7.9405 	EXP 	text: height = 0.05
7.9405 	EXP 	text: height = 0.05
7.9405 	EXP 	text: text = 1.9971091000006709
7.9447 	EXP 	text: height = 0.05
7.9447 	EXP 	text: height = 0.05
7.9447 	EXP 	text: height = 0.05
7.9447 	EXP 	text: text = 1.9974069000018062
7.9497 	EXP 	text: height = 0.05
7.9497 	EXP 	text: height = 0.05
7.9497 	EXP 	text: height = 0.05
7.9497 	EXP 	text: text = 1.9973704000003636
7.9532 	EXP 	text: height = 0.05
7.9532 	EXP 	text: height = 0.05
7.9532 	EXP 	text: height = 0.05
7.9532 	EXP 	text: text = 1.9962064999999711
7.9573 	EXP 	text: height = 0.05
7.9573 	EXP 	text: height = 0.05
7.9573 	EXP 	text: height = 0.05
7.9573 	EXP 	text: text = 1.9981633000024885
7.9615 	EXP 	text: height = 0.05
7.9615 	EXP 	text: height = 0.05
7.9615 	EXP 	text: height = 0.05
7.9615 	EXP 	text: text = 1.9973391000021365
7.9657 	EXP 	text: height = 0.05
7.9657 	EXP 	text: height = 0.05
7.9657 	EXP 	text: height = 0.05
7.9657 	EXP 	text: text = 1.9972773999979836
7.9699 	EXP 	text: height = 0.05
7.9699 	EXP 	text: height = 0.05
7.9699 	EXP 	text: height = 0.05
7.9699 	EXP 	text: text = 1.9971264999985578
7.9741 	EXP 	text: height = 0.05
7.9741 	EXP 	text: height = 0.05
7.9741 	EXP 	text: height = 0.05
7.9741 	EXP 	text: text = 1.9972662000000128
7.9782 	EXP 	text: height = 0.05
7.9782 	EXP 	text: height = 0.05
7.9782 	EXP 	text: height = 0.05
7.9782 	EXP 	text: text = 1.9972497999988263
7.9825 	EXP 	text: height = 0.05
7.9825 	EXP 	text: height = 0.05
7.9825 	EXP 	text: height = 0.05
7.9825 	EXP 	text: text = 1.9971186999973725
7.9866 	EXP 	text: height = 0.05
7.9866 	EXP 	text: height = 0.05
7.9866 	EXP 	text: height = 0.05
7.9866 	EXP 	text: text = 1.9971093999993172
7.9907 	EXP 	text: height = 0.05
7.9907 	EXP 	text: height = 0.05
7.9907 	EXP 	text: height = 0.05
7.9907 	EXP 	text: text = 1.997318699999596
7.9949 	EXP 	text: height = 0.05
7.9949 	EXP 	text: height = 0.05
7.9949 	EXP 	text: height = 0.05
7.9949 	EXP 	text: text = 1.9971929999992426
7.9991 	EXP 	text: height = 0.05
7.9991 	EXP 	text: height = 0.05
7.9991 	EXP 	text: height = 0.05
7.9991 	EXP 	text: text = 1.997155400000338
8.0033 	EXP 	text: height = 0.05
8.0033 	EXP 	text: height = 0.05
8.0033 	EXP 	text: height = 0.05
8.0033 	EXP 	text: text = 1.9973428999983298
8.0074 	EXP 	text: height = 0.05
8.0074 	EXP 	text: height = 0.05
8.0074 	EXP 	text: height = 0.05
8.0074 	EXP 	text: text = 1.997197500000766
8.0118 	EXP 	text: height = 0.05
8.0118 	EXP 	text: height = 0.05
8.0118 	EXP 	text: height = 0.05
8.0118 	EXP 	text: text = 1.9971731999976328
8.0157 	EXP 	text: height = 0.05
8.0157 	EXP 	text: height = 0.05
8.0157 	EXP 	text: height = 0.05
8.0157 	EXP 	text: text = 1.9969201000021712
8.0199 	EXP 	text: height = 0.05
8.0199 	EXP 	text: height = 0.05
8.0199 	EXP 	text: height = 0.05
8.0199 	EXP 	text: text = 1.99749299999894
8.0241 	EXP 	text: height = 0.05
8.0241 	EXP 	text: height = 0.05
8.0241 	EXP 	text: height = 0.05
8.0241 	EXP 	text: text = 1.9972110999988217
8.0283 	EXP 	text: height = 0.05
8.0283 	EXP 	text: height = 0.05
8.0283 	EXP 	text: height = 0.05
8.0283 	EXP 	text: text = 1.9971575000017765
8.0324 	EXP 	text: height = 0.05
8.0324 	EXP 	text: height = 0.05
8.0324 	EXP 	text: height = 0.05
8.0324 	EXP 	text: text = 1.997175700002117
8.0366 	EXP 	text: height = 0.05
8.0366 	EXP 	text: height = 0.05
8.0366 	EXP 	text: height = 0.05
8.0366 	EXP 	text: text = 1.9970852000005834
8.0408 	EXP 	text: height = 0.05
8.0408 	EXP 	text: height = 0.05
8.0408 	EXP 	text: height = 0.05
8.0408 	EXP 	text: text = 1.997356600000785
8.0449 	EXP 	text: height = 0.05
8.0449 	EXP 	text: height = 0.05
8.0449 	EXP 	text: height = 0.05
8.0449 	EXP 	text: text = 1.9974125000007916
8.0451 	DATA 	Mouse: Left button down, pos=(949,303)
8.0491 	EXP 	text: height = 0.05
8.0491 	EXP 	text: height = 0.05
8.0491 	EXP 	text: height = 0.05
8.0491 	EXP 	text: text = 1.9970391999995627
8.0533 	EXP 	text: height = 0.05
8.0533 	EXP 	text: height = 0.05
8.0533 	EXP 	text: height = 0.05
8.0533 	EXP 	text: text = 1.9973360000003595
8.0574 	EXP 	text: height = 0.05
8.0574 	EXP 	text: height = 0.05
8.0574 	EXP 	text: height = 0.05
8.0574 	EXP 	text: text = 1.9972434999981488
8.0617 	EXP 	text: height = 0.05
8.0617 	EXP 	text: height = 0.05
8.0617 	EXP 	text: height = 0.05
8.0617 	EXP 	text: text = 1.9971753999998327
8.0658 	EXP 	text: height = 0.05
8.0658 	EXP 	text: height = 0.05
8.0658 	EXP 	text: height = 0.05
8.0658 	EXP 	text: text = 1.997115300000587
8.0700 	EXP 	text: height = 0.05
8.0700 	EXP 	text: height = 0.05
8.0700 	EXP 	text: height = 0.05
8.0700 	EXP 	text: text = 1.9972288999997545
8.0741 	EXP 	text: height = 0.05
8.0741 	EXP 	text: height = 0.05
8.0741 	EXP 	text: height = 0.05
8.0741 	EXP 	text: text = 1.9972421999991639
8.0783 	EXP 	text: height = 0.05
8.0783 	EXP 	text: height = 0.05
8.0783 	EXP 	text: height = 0.05
8.0783 	EXP 	text: text = 1.9971685999989859
8.0825 	EXP 	text: height = 0.05
8.0825 	EXP 	text: height = 0.05
8.0825 	EXP 	text: height = 0.05
8.0825 	EXP 	text: text = 1.9971585999992385
8.0867 	EXP 	text: height = 0.05
8.0867 	EXP 	text: height = 0.05
8.0867 	EXP 	text: height = 0.05
8.0867 	EXP 	text: text = 1.9973559000027308
8.0908 	EXP 	text: height = 0.05
8.0908 	EXP 	text: height = 0.05
8.0908 	EXP 	text: height = 0.05
8.0908 	EXP 	text: text = 1.997133599998051
8.0950 	EXP 	text: height = 0.05
8.0950 	EXP 	text: height = 0.05
8.0950 	EXP 	text: height = 0.05
8.0950 	EXP 	text: text = 1.997146599998814
8.0992 	EXP 	text: height = 0.05
8.0992 	EXP 	text: height = 0.05
8.0992 	EXP 	text: height = 0.05
8.0992 	EXP 	text: text = 1.997159599999577
8.1033 	EXP 	text: height = 0.05
8.1033 	EXP 	text: height = 0.05
8.1033 	EXP 	text: height = 0.05
8.1033 	EXP 	text: text = 1.99711109999771
8.1077 	EXP 	text: height = 0.05
8.1077 	EXP 	text: height = 0.05
8.1077 	EXP 	text: height = 0.05
8.1077 	EXP 	text: text = 1.9971718000015244
8.1117 	EXP 	text: height = 0.05
8.1117 	EXP 	text: height = 0.05
8.1117 	EXP 	text: height = 0.05
8.1117 	EXP 	text: text = 1.9969544999985374
8.1159 	EXP 	text: height = 0.05
8.1159 	EXP 	text: height = 0.05
8.1159 	EXP 	text: height = 0.05
8.1159 	EXP 	text: text = 1.9973716999993485
8.1200 	EXP 	text: height = 0.05
8.1200 	EXP 	text: height = 0.05
8.1200 	EXP 	text: height = 0.05
8.1200 	EXP 	text: text = 1.9971646000012697
8.1242 	EXP 	text: height = 0.05
8.1242 	EXP 	text: height = 0.05
8.1242 	EXP 	text: height = 0.05
8.1242 	EXP 	text: text = 1.997140399998898
8.1284 	EXP 	text: height = 0.05
8.1284 	EXP 	text: height = 0.05
8.1284 	EXP 	text: height = 0.05
8.1284 	EXP 	text: text = 1.9973939999981667
8.1325 	EXP 	text: height = 0.05
8.1325 	EXP 	text: height = 0.05
8.1325 	EXP 	text: height = 0.05
8.1325 	EXP 	text: text = 1.9971403000017744
8.1367 	EXP 	text: height = 0.05
8.1367 	EXP 	text: height = 0.05
8.1367 	EXP 	text: height = 0.05
8.1367 	EXP 	text: text = 1.9971350000014354
8.1409 	EXP 	text: height = 0.05
8.1409 	EXP 	text: height = 0.05
8.1409 	EXP 	text: height = 0.05
8.1409 	EXP 	text: text = 1.9971377000001667
8.1428 	DATA 	Mouse:  Left button up, pos=(943,295)
8.1451 	EXP 	text: height = 0.05
8.1451 	EXP 	text: height = 0.05
8.1451 	EXP 	text: height = 0.05
8.1451 	EXP 	text: text = 1.9971676999994088
8.1492 	EXP 	text: height = 0.05
8.1492 	EXP 	text: height = 0.05
8.1492 	EXP 	text: height = 0.05
8.1492 	EXP 	text: text = 1.9971258000005037
8.1539 	EXP 	text: height = 0.05
8.1539 	EXP 	text: height = 0.05
8.1539 	EXP 	text: height = 0.05
8.1539 	EXP 	text: text = 1.9971554999974614
8.1575 	EXP 	text: height = 0.05
8.1575 	EXP 	text: height = 0.05
8.1575 	EXP 	text: height = 0.05
8.1575 	EXP 	text: text = 1.9966874000019743
8.1617 	EXP 	text: height = 0.05
8.1617 	EXP 	text: height = 0.05
8.1617 	EXP 	text: height = 0.05
8.1617 	EXP 	text: text = 1.9976378999999724
8.1659 	EXP 	text: height = 0.05
8.1659 	EXP 	text: height = 0.05
8.1659 	EXP 	text: height = 0.05
8.1659 	EXP 	text: text = 1.9971743000023707
8.1701 	EXP 	text: height = 0.05
8.1701 	EXP 	text: height = 0.05
8.1701 	EXP 	text: height = 0.05
8.1701 	EXP 	text: text = 1.9974081000000297
8.1743 	EXP 	text: height = 0.05
8.1743 	EXP 	text: height = 0.05
8.1743 	EXP 	text: height = 0.05
8.1743 	EXP 	text: text = 1.9971459000007599
8.1784 	EXP 	text: height = 0.05
8.1784 	EXP 	text: height = 0.05
8.1784 	EXP 	text: height = 0.05
8.1784 	EXP 	text: text = 1.9971620999967854
8.1826 	EXP 	text: height = 0.05
8.1826 	EXP 	text: height = 0.05
8.1826 	EXP 	text: height = 0.05
8.1826 	EXP 	text: text = 1.9971473000005062
8.1868 	EXP 	text: height = 0.05
8.1868 	EXP 	text: height = 0.05
8.1868 	EXP 	text: height = 0.05
8.1868 	EXP 	text: text = 1.9971516999976302
8.1909 	EXP 	text: height = 0.05
8.1909 	EXP 	text: height = 0.05
8.1909 	EXP 	text: height = 0.05
8.1909 	EXP 	text: text = 1.9976038000022527
8.1951 	EXP 	text: height = 0.05
8.1951 	EXP 	text: height = 0.05
8.1951 	EXP 	text: height = 0.05
8.1951 	EXP 	text: text = 1.9971380999995745
8.1993 	EXP 	text: height = 0.05
8.1993 	EXP 	text: height = 0.05
8.1993 	EXP 	text: height = 0.05
8.1993 	EXP 	text: text = 1.9971432000020286
8.2036 	EXP 	text: height = 0.05
8.2036 	EXP 	text: height = 0.05
8.2036 	EXP 	text: height = 0.05
8.2036 	EXP 	text: text = 1.9971514999997453
8.2076 	EXP 	text: height = 0.05
8.2076 	EXP 	text: height = 0.05
8.2076 	EXP 	text: height = 0.05
8.2076 	EXP 	text: text = 1.9971194000027026
8.2118 	EXP 	text: height = 0.05
8.2118 	EXP 	text: height = 0.05
8.2118 	EXP 	text: height = 0.05
8.2118 	EXP 	text: text = 1.9974992999996175
8.2160 	EXP 	text: height = 0.05
8.2160 	EXP 	text: height = 0.05
8.2160 	EXP 	text: height = 0.05
8.2160 	EXP 	text: text = 1.997178099998564
8.2201 	EXP 	text: height = 0.05
8.2201 	EXP 	text: height = 0.05
8.2201 	EXP 	text: height = 0.05
8.2201 	EXP 	text: text = 1.9971172000005026
8.2243 	EXP 	text: height = 0.05
8.2243 	EXP 	text: height = 0.05
8.2243 	EXP 	text: height = 0.05
8.2243 	EXP 	text: text = 1.9971974000000046
8.2285 	EXP 	text: height = 0.05
8.2285 	EXP 	text: height = 0.05
8.2285 	EXP 	text: height = 0.05
8.2285 	EXP 	text: text = 1.9971578000004229
8.2326 	EXP 	text: height = 0.05
8.2326 	EXP 	text: height = 0.05
8.2326 	EXP 	text: height = 0.05
8.2326 	EXP 	text: text = 1.9971375999994052
8.2368 	EXP 	text: height = 0.05
8.2368 	EXP 	text: height = 0.05
8.2368 	EXP 	text: height = 0.05
8.2368 	EXP 	text: text = 1.997142199998052
8.2410 	EXP 	text: height = 0.05
8.2410 	EXP 	text: height = 0.05
8.2410 	EXP 	text: height = 0.05
8.2410 	EXP 	text: text = 1.9970944000015152
8.2452 	EXP 	text: height = 0.05
8.2452 	EXP 	text: height = 0.05
8.2452 	EXP 	text: height = 0.05
8.2452 	EXP 	text: text = 1.9971224000000802
8.2501 	EXP 	text: height = 0.05
8.2501 	EXP 	text: height = 0.05
8.2501 	EXP 	text: height = 0.05
8.2501 	EXP 	text: text = 1.9971127000026172
8.2535 	EXP 	text: height = 0.05
8.2535 	EXP 	text: height = 0.05
8.2535 	EXP 	text: height = 0.05
8.2535 	EXP 	text: text = 1.9965598000017053
8.2576 	EXP 	text: height = 0.05
8.2576 	EXP 	text: height = 0.05
8.2576 	EXP 	text: height = 0.05
8.2576 	EXP 	text: text = 1.9978764000006777
8.2618 	EXP 	text: height = 0.05
8.2618 	EXP 	text: height = 0.05
8.2618 	EXP 	text: height = 0.05
8.2618 	EXP 	text: text = 1.9972094999975525
8.2660 	EXP 	text: height = 0.05
8.2660 	EXP 	text: height = 0.05
8.2660 	EXP 	text: height = 0.05
8.2660 	EXP 	text: text = 1.9970927000031224
8.2702 	EXP 	text: height = 0.05
8.2702 	EXP 	text: height = 0.05
8.2702 	EXP 	text: height = 0.05
8.2702 	EXP 	text: text = 1.9971503999986453
8.2744 	EXP 	text: height = 0.05
8.2744 	EXP 	text: height = 0.05
8.2744 	EXP 	text: height = 0.05
8.2744 	EXP 	text: text = 1.9970890000004147
8.2785 	EXP 	text: height = 0.05
8.2785 	EXP 	text: height = 0.05
8.2785 	EXP 	text: height = 0.05
8.2785 	EXP 	text: text = 1.997108899999148
8.2827 	EXP 	text: height = 0.05
8.2827 	EXP 	text: height = 0.05
8.2827 	EXP 	text: height = 0.05
8.2827 	EXP 	text: text = 1.997106499999063
8.2869 	EXP 	text: height = 0.05
8.2869 	EXP 	text: height = 0.05
8.2869 	EXP 	text: height = 0.05
8.2869 	EXP 	text: text = 1.9972454000017024
8.2910 	EXP 	text: height = 0.05
8.2910 	EXP 	text: height = 0.05
8.2910 	EXP 	text: height = 0.05
8.2910 	EXP 	text: text = 1.9971328999999969
8.2956 	EXP 	text: height = 0.05
8.2956 	EXP 	text: height = 0.05
8.2956 	EXP 	text: height = 0.05
8.2956 	EXP 	text: text = 1.9973024999999325
8.2994 	EXP 	text: height = 0.05
8.2994 	EXP 	text: height = 0.05
8.2994 	EXP 	text: height = 0.05
8.2994 	EXP 	text: text = 1.9967140999979165
8.3035 	EXP 	text: height = 0.05
8.3035 	EXP 	text: height = 0.05
8.3035 	EXP 	text: height = 0.05
8.3035 	EXP 	text: text = 1.9976362999987032
8.3077 	EXP 	text: height = 0.05
8.3077 	EXP 	text: height = 0.05
8.3077 	EXP 	text: height = 0.05
8.3077 	EXP 	text: text = 1.9972434000010253
8.3119 	EXP 	text: height = 0.05
8.3119 	EXP 	text: height = 0.05
8.3119 	EXP 	text: height = 0.05
8.3119 	EXP 	text: text = 1.9971702000002551
8.3160 	EXP 	text: height = 0.05
8.3160 	EXP 	text: height = 0.05
8.3160 	EXP 	text: height = 0.05
8.3160 	EXP 	text: text = 1.9970974999996542
8.3202 	EXP 	text: height = 0.05
8.3202 	EXP 	text: height = 0.05
8.3202 	EXP 	text: height = 0.05
8.3202 	EXP 	text: text = 1.9971560000012687
8.3244 	EXP 	text: height = 0.05
8.3244 	EXP 	text: height = 0.05
8.3244 	EXP 	text: height = 0.05
8.3244 	EXP 	text: text = 1.9971106000011787
8.3286 	EXP 	text: height = 0.05
8.3286 	EXP 	text: height = 0.05
8.3286 	EXP 	text: height = 0.05
8.3286 	EXP 	text: text = 1.9971913999979733
8.3328 	EXP 	text: height = 0.05
8.3328 	EXP 	text: height = 0.05
8.3328 	EXP 	text: height = 0.05
8.3328 	EXP 	text: text = 1.9971842000013567
8.3369 	EXP 	text: height = 0.05
8.3369 	EXP 	text: height = 0.05
8.3369 	EXP 	text: height = 0.05
8.3369 	EXP 	text: text = 1.9973833000003651
8.3411 	EXP 	text: height = 0.05
8.3411 	EXP 	text: height = 0.05
8.3411 	EXP 	text: height = 0.05
8.3411 	EXP 	text: text = 1.9971389999991516
8.3454 	EXP 	text: height = 0.05
8.3454 	EXP 	text: height = 0.05
8.3454 	EXP 	text: height = 0.05
8.3454 	EXP 	text: text = 1.9971108000027016
8.3495 	EXP 	text: height = 0.05
8.3495 	EXP 	text: height = 0.05
8.3495 	EXP 	text: height = 0.05
8.3495 	EXP 	text: text = 1.997009500002605
8.3536 	EXP 	text: height = 0.05
8.3536 	EXP 	text: height = 0.05
8.3536 	EXP 	text: height = 0.05
8.3536 	EXP 	text: text = 1.997258100000181
8.3578 	EXP 	text: height = 0.05
8.3578 	EXP 	text: height = 0.05
8.3578 	EXP 	text: height = 0.05
8.3578 	EXP 	text: text = 1.997155199998815
8.3619 	EXP 	text: height = 0.05
8.3619 	EXP 	text: height = 0.05
8.3619 	EXP 	text: height = 0.05
8.3619 	EXP 	text: text = 1.9970909000003303
8.3661 	EXP 	text: height = 0.05
8.3661 	EXP 	text: height = 0.05
8.3661 	EXP 	text: height = 0.05
8.3661 	EXP 	text: text = 1.9972358000013628
8.3703 	EXP 	text: height = 0.05
8.3703 	EXP 	text: height = 0.05
8.3703 	EXP 	text: height = 0.05
8.3703 	EXP 	text: text = 1.9972185000005993
8.3745 	EXP 	text: height = 0.05
8.3745 	EXP 	text: height = 0.05
8.3745 	EXP 	text: height = 0.05
8.3745 	EXP 	text: text = 1.9971267999972042
8.3786 	EXP 	text: height = 0.05
8.3786 	EXP 	text: height = 0.05
8.3786 	EXP 	text: height = 0.05
8.3786 	EXP 	text: text = 1.9973114000022179
8.3828 	EXP 	text: height = 0.05
8.3828 	EXP 	text: height = 0.05
8.3828 	EXP 	text: height = 0.05
8.3828 	EXP 	text: text = 1.9971831999973801
8.3850 	DATA 	Keypress: escape
8.3870 	EXP 	text: height = 0.05
8.3870 	EXP 	text: height = 0.05
8.3870 	EXP 	text: height = 0.05
8.3870 	EXP 	text: text = 1.9971203999994032
8.3912 	EXP 	text: height = 0.05
8.3912 	EXP 	text: height = 0.05
8.3912 	EXP 	text: height = 0.05
8.3912 	EXP 	text: text = 1.9966542000001937
8.3953 	EXP 	text: height = 0.05
8.3953 	EXP 	text: height = 0.05
8.3953 	EXP 	text: height = 0.05
8.3953 	EXP 	text: text = 1.9977314999996452
8.3995 	EXP 	text: height = 0.05
8.3995 	EXP 	text: height = 0.05
8.3995 	EXP 	text: height = 0.05
8.3995 	EXP 	text: text = 1.9972133999981452
8.4037 	EXP 	text: height = 0.05
8.4037 	EXP 	text: height = 0.05
8.4037 	EXP 	text: height = 0.05
8.4037 	EXP 	text: text = 1.9971815999997489
8.4078 	EXP 	text: height = 0.05
8.4078 	EXP 	text: height = 0.05
8.4078 	EXP 	text: height = 0.05
8.4078 	EXP 	text: text = 1.997122799999488
8.4120 	EXP 	text: height = 0.05
8.4120 	EXP 	text: height = 0.05
8.4120 	EXP 	text: height = 0.05
8.4120 	EXP 	text: text = 1.9970947000001615
8.4162 	EXP 	text: height = 0.05
8.4162 	EXP 	text: height = 0.05
8.4162 	EXP 	text: height = 0.05
8.4162 	EXP 	text: text = 1.9971139000008407
8.4203 	EXP 	text: height = 0.05
8.4203 	EXP 	text: height = 0.05
8.4203 	EXP 	text: height = 0.05
8.4203 	EXP 	text: text = 1.9972963999971398
8.4245 	EXP 	text: height = 0.05
8.4245 	EXP 	text: height = 0.05
8.4245 	EXP 	text: height = 0.05
8.4245 	EXP 	text: text = 1.9971041999997396
8.4287 	EXP 	text: height = 0.05
8.4287 	EXP 	text: height = 0.05
8.4287 	EXP 	text: height = 0.05
8.4287 	EXP 	text: text = 1.9970907999995688
8.4329 	EXP 	text: height = 0.05
8.4329 	EXP 	text: height = 0.05
8.4329 	EXP 	text: height = 0.05
8.4329 	EXP 	text: text = 1.997120799998811
8.4370 	EXP 	text: height = 0.05
8.4370 	EXP 	text: height = 0.05
8.4370 	EXP 	text: height = 0.05
8.4370 	EXP 	text: text = 1.997094600003038
8.4416 	EXP 	text: height = 0.05
8.4416 	EXP 	text: height = 0.05
8.4416 	EXP 	text: height = 0.05
8.4416 	EXP 	text: text = 1.9970959999991464
8.4454 	EXP 	text: height = 0.05
8.4454 	EXP 	text: height = 0.05
8.4454 	EXP 	text: height = 0.05
8.4454 	EXP 	text: text = 1.9967780000006314
8.4495 	EXP 	text: height = 0.05
8.4495 	EXP 	text: height = 0.05
8.4495 	EXP 	text: height = 0.05
8.4495 	EXP 	text: text = 1.9976043999995454
8.4537 	EXP 	text: height = 0.05
8.4537 	EXP 	text: height = 0.05
8.4537 	EXP 	text: height = 0.05
8.4537 	EXP 	text: text = 1.9971616000002541
8.4579 	EXP 	text: height = 0.05
8.4579 	EXP 	text: height = 0.05
8.4579 	EXP 	text: height = 0.05
8.4579 	EXP 	text: text = 1.9971339000003354
8.4620 	EXP 	text: height = 0.05
8.4620 	EXP 	text: height = 0.05
8.4620 	EXP 	text: height = 0.05
8.4620 	EXP 	text: text = 1.9976817000024312
9.0052 	EXP 	window1: mouseVisible = True
