1.5233 	WARNING 	We strongly recommend you activate the PTB sound engine in PsychoPy prefs as the preferred audio engine. Its timing is vastly superior. Your prefs are currently set to use ['sounddevice', 'PTB', 'pyo', 'pygame'] (in that order).
4.1529 	WARNING 	User requested fullscreen with size [1024  768], but screen is actually [1920, 1080]. Using actual size
4.4729 	EXP 	Created window1 = Window(allowGUI=True, allowStencil=False, autoLog=True, backendConf=UNKNOWN, bitsMode=UNKNOWN, blendMode='avg', bpc=(8, 8, 8), color=array([0, 0, 0]), colorSpace='rgb', depthBits=8, fullscr=<method-wrapper '__getattribute__' of attributeSetter object at 0x0000029CEC48C1C0>, gamma=None, gammaErrorPolicy='raise', lms=UNKNOWN, monitor=<psychopy.monitors.calibTools.Monitor object at 0x0000029CEC8D6730>, multiSample=False, name='window1', numSamples=2, pos=(0, 0), screen=0, size=array([1920, 1080]), stencilBits=0, stereo=False, units='height', useFBO=True, useRetina=False, viewOri=0.0, viewPos=None, viewScale=None, waitBlanking=True, winType='pyglet')
4.4730 	EXP 	window1: mouseVisible = True
4.4731 	EXP 	window1: mouseVisible = False
4.4731 	EXP 	window1: Attempting to measure frame rate of screen (0) ...
4.4731 	EXP 	window1: recordFrameIntervals = False
4.5144 	EXP 	window1: recordFrameIntervals = True
4.5609 	EXP 	Screen (0) actual frame rate measured at 236.85Hz
4.5609 	EXP 	window1: recordFrameIntervals = False
6.1597 	EXP 	window1: mouseVisible = True
6.2126 	EXP 	Created text = TextStim(__class__=<class 'psychopy.visual.text.TextStim'>, alignHoriz=method-wrapper(...), alignText='center', alignVert=method-wrapper(...), anchorHoriz='center', anchorVert='center', antialias=True, autoDraw=False, autoLog=True, bold=False, color=array([1, 1, 1]), colorSpace='rgb', contrast=1.0, depth=-1.0, flipHoriz=False, flipVert=False, font='Open Sans', fontFiles=[], height=0.05, italic=False, languageStyle='LTR', name='text', opacity=1.0, ori=0.0, pos=array([0., 0.]), rgb=UNKNOWN, text='Timer', units='height', win=Window(...), wrapWidth=1)
6.2207 	EXP 	text: autoDraw = True
6.2207 	EXP 	text: height = 0.05
6.2207 	EXP 	text: height = 0.05
6.2207 	EXP 	text: height = 0.05
6.2207 	EXP 	text: text = 1.9996811999990314
6.2273 	EXP 	text: height = 0.05
6.2273 	EXP 	text: height = 0.05
6.2273 	EXP 	text: height = 0.05
6.2273 	EXP 	text: text = 1.9918885000006412
6.2315 	EXP 	text: height = 0.05
6.2315 	EXP 	text: height = 0.05
6.2315 	EXP 	text: height = 0.05
6.2315 	EXP 	text: text = 1.9852389000006951
6.2376 	EXP 	text: height = 0.05
6.2376 	EXP 	text: height = 0.05
6.2376 	EXP 	text: height = 0.05
6.2376 	EXP 	text: text = 1.9810983999996097
6.2416 	EXP 	text: height = 0.05
6.2416 	EXP 	text: height = 0.05
6.2416 	EXP 	text: height = 0.05
6.2416 	EXP 	text: text = 1.9749687000003178
6.2485 	EXP 	text: height = 0.05
6.2485 	EXP 	text: height = 0.05
6.2485 	EXP 	text: height = 0.05
6.2485 	EXP 	text: text = 1.9709584000011091
6.2526 	EXP 	text: height = 0.05
6.2526 	EXP 	text: height = 0.05
6.2526 	EXP 	text: height = 0.05
6.2526 	EXP 	text: text = 1.9640890000009676
6.2579 	EXP 	text: height = 0.05
6.2579 	EXP 	text: height = 0.05
6.2579 	EXP 	text: height = 0.05
6.2579 	EXP 	text: text = 1.9599708999994618
6.2620 	EXP 	text: height = 0.05
6.2620 	EXP 	text: height = 0.05
6.2620 	EXP 	text: height = 0.05
6.2620 	EXP 	text: text = 1.9546917000006943
6.2676 	EXP 	text: height = 0.05
6.2676 	EXP 	text: height = 0.05
6.2676 	EXP 	text: height = 0.05
6.2676 	EXP 	text: text = 1.9505503000000317
6.2718 	EXP 	text: height = 0.05
6.2718 	EXP 	text: height = 0.05
6.2718 	EXP 	text: height = 0.05
6.2718 	EXP 	text: text = 1.9449597999991965
6.2770 	EXP 	text: height = 0.05
6.2770 	EXP 	text: height = 0.05
6.2770 	EXP 	text: height = 0.05
6.2770 	EXP 	text: text = 1.9407820999986143
6.2811 	EXP 	text: height = 0.05
6.2811 	EXP 	text: height = 0.05
6.2811 	EXP 	text: height = 0.05
6.2811 	EXP 	text: text = 1.9356087999985903
6.2863 	EXP 	text: height = 0.05
6.2863 	EXP 	text: height = 0.05
6.2863 	EXP 	text: height = 0.05
6.2863 	EXP 	text: text = 1.93144829999801
6.2904 	EXP 	text: height = 0.05
6.2904 	EXP 	text: height = 0.05
6.2904 	EXP 	text: height = 0.05
6.2904 	EXP 	text: text = 1.9262396999984048
6.2946 	EXP 	text: height = 0.05
6.2946 	EXP 	text: height = 0.05
6.2946 	EXP 	text: height = 0.05
6.2946 	EXP 	text: text = 1.9221871000008832
6.2987 	EXP 	text: height = 0.05
6.2987 	EXP 	text: height = 0.05
6.2987 	EXP 	text: height = 0.05
6.2987 	EXP 	text: text = 1.9180190000006405
6.3029 	EXP 	text: height = 0.05
6.3029 	EXP 	text: height = 0.05
6.3029 	EXP 	text: height = 0.05
6.3029 	EXP 	text: text = 1.913864599999215
6.3071 	EXP 	text: height = 0.05
6.3071 	EXP 	text: height = 0.05
6.3071 	EXP 	text: height = 0.05
6.3071 	EXP 	text: text = 1.9096699000001536
6.3113 	EXP 	text: height = 0.05
6.3113 	EXP 	text: height = 0.05
6.3113 	EXP 	text: height = 0.05
6.3113 	EXP 	text: text = 1.9054986000010103
6.3154 	EXP 	text: height = 0.05
6.3154 	EXP 	text: height = 0.05
6.3154 	EXP 	text: height = 0.05
6.3154 	EXP 	text: text = 1.9013116999994963
6.3196 	EXP 	text: height = 0.05
6.3196 	EXP 	text: height = 0.05
6.3196 	EXP 	text: height = 0.05
6.3196 	EXP 	text: text = 1.8971643000004406
6.3238 	EXP 	text: height = 0.05
6.3238 	EXP 	text: height = 0.05
6.3238 	EXP 	text: height = 0.05
6.3238 	EXP 	text: text = 1.8930180999996082
6.3289 	EXP 	text: height = 0.05
6.3289 	EXP 	text: height = 0.05
6.3289 	EXP 	text: height = 0.05
6.3289 	EXP 	text: text = 1.8888234000005468
6.3321 	EXP 	text: height = 0.05
6.3321 	EXP 	text: height = 0.05
6.3321 	EXP 	text: height = 0.05
6.3321 	EXP 	text: text = 1.883722399998078
6.3366 	EXP 	text: height = 0.05
6.3366 	EXP 	text: height = 0.05
6.3366 	EXP 	text: height = 0.05
6.3366 	EXP 	text: text = 1.8804501999984495
6.3407 	EXP 	text: height = 0.05
6.3407 	EXP 	text: height = 0.05
6.3407 	EXP 	text: height = 0.05
6.3407 	EXP 	text: text = 1.8760108999995282
6.3449 	EXP 	text: height = 0.05
6.3449 	EXP 	text: height = 0.05
6.3449 	EXP 	text: height = 0.05
6.3449 	EXP 	text: text = 1.8718736999981047
6.3490 	EXP 	text: height = 0.05
6.3490 	EXP 	text: height = 0.05
6.3490 	EXP 	text: height = 0.05
6.3490 	EXP 	text: text = 1.8677213000009942
6.3532 	EXP 	text: height = 0.05
6.3532 	EXP 	text: height = 0.05
6.3532 	EXP 	text: height = 0.05
6.3532 	EXP 	text: text = 1.863563899998553
6.3574 	EXP 	text: height = 0.05
6.3574 	EXP 	text: height = 0.05
6.3574 	EXP 	text: height = 0.05
6.3574 	EXP 	text: text = 1.8593966999978875
6.3616 	EXP 	text: height = 0.05
6.3616 	EXP 	text: height = 0.05
6.3616 	EXP 	text: height = 0.05
6.3616 	EXP 	text: text = 1.8552223000006052
6.3657 	EXP 	text: height = 0.05
6.3657 	EXP 	text: height = 0.05
6.3657 	EXP 	text: height = 0.05
6.3657 	EXP 	text: text = 1.851019699999597
6.3699 	EXP 	text: height = 0.05
6.3699 	EXP 	text: height = 0.05
6.3699 	EXP 	text: height = 0.05
6.3699 	EXP 	text: text = 1.8468485999983386
6.3740 	EXP 	text: height = 0.05
6.3740 	EXP 	text: height = 0.05
6.3740 	EXP 	text: height = 0.05
6.3740 	EXP 	text: text = 1.8426886999986891
6.3787 	EXP 	text: height = 0.05
6.3787 	EXP 	text: height = 0.05
6.3787 	EXP 	text: height = 0.05
6.3787 	EXP 	text: text = 1.8385448999979417
6.3827 	EXP 	text: height = 0.05
6.3827 	EXP 	text: height = 0.05
6.3827 	EXP 	text: height = 0.05
6.3827 	EXP 	text: text = 1.8339194000000134
6.3869 	EXP 	text: height = 0.05
6.3869 	EXP 	text: height = 0.05
6.3869 	EXP 	text: height = 0.05
6.3869 	EXP 	text: text = 1.8298792999994475
6.3911 	EXP 	text: height = 0.05
6.3911 	EXP 	text: height = 0.05
6.3911 	EXP 	text: height = 0.05
6.3911 	EXP 	text: text = 1.8257163999987824
6.3953 	EXP 	text: height = 0.05
6.3953 	EXP 	text: height = 0.05
6.3953 	EXP 	text: height = 0.05
6.3953 	EXP 	text: text = 1.8215166999980283
6.3994 	EXP 	text: height = 0.05
6.3994 	EXP 	text: height = 0.05
6.3994 	EXP 	text: height = 0.05
6.3994 	EXP 	text: text = 1.8173452000010002
6.4036 	EXP 	text: height = 0.05
6.4036 	EXP 	text: height = 0.05
6.4036 	EXP 	text: height = 0.05
6.4036 	EXP 	text: text = 1.8131691999988107
6.4077 	EXP 	text: height = 0.05
6.4077 	EXP 	text: height = 0.05
6.4077 	EXP 	text: height = 0.05
6.4077 	EXP 	text: text = 1.8090040999995836
6.4119 	EXP 	text: height = 0.05
6.4119 	EXP 	text: height = 0.05
6.4119 	EXP 	text: height = 0.05
6.4119 	EXP 	text: text = 1.804835599999933
6.4161 	EXP 	text: height = 0.05
6.4161 	EXP 	text: height = 0.05
6.4161 	EXP 	text: height = 0.05
6.4161 	EXP 	text: text = 1.8006791999978304
6.4202 	EXP 	text: height = 0.05
6.4202 	EXP 	text: height = 0.05
6.4202 	EXP 	text: height = 0.05
6.4202 	EXP 	text: text = 1.7965151999997033
6.4245 	EXP 	text: height = 0.05
6.4245 	EXP 	text: height = 0.05
6.4245 	EXP 	text: height = 0.05
6.4245 	EXP 	text: text = 1.7923497999981919
6.4286 	EXP 	text: height = 0.05
6.4286 	EXP 	text: height = 0.05
6.4286 	EXP 	text: height = 0.05
6.4286 	EXP 	text: text = 1.788048800000979
6.4328 	EXP 	text: height = 0.05
6.4328 	EXP 	text: height = 0.05
6.4328 	EXP 	text: height = 0.05
6.4328 	EXP 	text: text = 1.7839748000005784
6.4370 	EXP 	text: height = 0.05
6.4370 	EXP 	text: height = 0.05
6.4370 	EXP 	text: height = 0.05
6.4370 	EXP 	text: text = 1.7798035999985586
6.4411 	EXP 	text: height = 0.05
6.4411 	EXP 	text: height = 0.05
6.4411 	EXP 	text: height = 0.05
6.4411 	EXP 	text: text = 1.7756248000005144
6.4453 	EXP 	text: height = 0.05
6.4453 	EXP 	text: height = 0.05
6.4453 	EXP 	text: height = 0.05
6.4453 	EXP 	text: text = 1.771462299999257
6.4494 	EXP 	text: height = 0.05
6.4494 	EXP 	text: height = 0.05
6.4494 	EXP 	text: height = 0.05
6.4494 	EXP 	text: text = 1.767312399999355
6.4537 	EXP 	text: height = 0.05
6.4537 	EXP 	text: height = 0.05
6.4537 	EXP 	text: height = 0.05
6.4537 	EXP 	text: text = 1.7631462999997893
6.4578 	EXP 	text: height = 0.05
6.4578 	EXP 	text: height = 0.05
6.4578 	EXP 	text: height = 0.05
6.4578 	EXP 	text: text = 1.7589110999979312
6.4620 	EXP 	text: height = 0.05
6.4620 	EXP 	text: height = 0.05
6.4620 	EXP 	text: height = 0.05
6.4620 	EXP 	text: text = 1.754810800000996
6.4662 	EXP 	text: height = 0.05
6.4662 	EXP 	text: height = 0.05
6.4662 	EXP 	text: height = 0.05
6.4662 	EXP 	text: text = 1.7506376999990607
6.4705 	EXP 	text: height = 0.05
6.4705 	EXP 	text: height = 0.05
6.4705 	EXP 	text: height = 0.05
6.4705 	EXP 	text: text = 1.7464386999999988
6.4745 	EXP 	text: height = 0.05
6.4745 	EXP 	text: height = 0.05
6.4745 	EXP 	text: height = 0.05
6.4745 	EXP 	text: text = 1.7420634000009159
6.4786 	EXP 	text: height = 0.05
6.4786 	EXP 	text: height = 0.05
6.4786 	EXP 	text: height = 0.05
6.4786 	EXP 	text: text = 1.738126000000193
6.4828 	EXP 	text: height = 0.05
6.4828 	EXP 	text: height = 0.05
6.4828 	EXP 	text: height = 0.05
6.4828 	EXP 	text: text = 1.733941099999356
6.4870 	EXP 	text: height = 0.05
6.4870 	EXP 	text: height = 0.05
6.4870 	EXP 	text: height = 0.05
6.4870 	EXP 	text: text = 1.7297761000008904
6.4912 	EXP 	text: height = 0.05
6.4912 	EXP 	text: height = 0.05
6.4912 	EXP 	text: height = 0.05
6.4912 	EXP 	text: text = 1.7256047000009858
6.4953 	EXP 	text: height = 0.05
6.4953 	EXP 	text: height = 0.05
6.4953 	EXP 	text: height = 0.05
6.4953 	EXP 	text: text = 1.7214435999994748
6.4995 	EXP 	text: height = 0.05
6.4995 	EXP 	text: height = 0.05
6.4995 	EXP 	text: height = 0.05
6.4995 	EXP 	text: text = 1.7172731999999087
6.5037 	EXP 	text: height = 0.05
6.5037 	EXP 	text: height = 0.05
6.5037 	EXP 	text: height = 0.05
6.5037 	EXP 	text: text = 1.7130977999986499
6.5078 	EXP 	text: height = 0.05
6.5078 	EXP 	text: height = 0.05
6.5078 	EXP 	text: height = 0.05
6.5078 	EXP 	text: text = 1.7088986999988265
6.5120 	EXP 	text: height = 0.05
6.5120 	EXP 	text: height = 0.05
6.5120 	EXP 	text: height = 0.05
6.5120 	EXP 	text: text = 1.7047596999982488
6.5162 	EXP 	text: height = 0.05
6.5162 	EXP 	text: height = 0.05
6.5162 	EXP 	text: height = 0.05
6.5162 	EXP 	text: text = 1.7005816999990202
6.5205 	EXP 	text: height = 0.05
6.5205 	EXP 	text: height = 0.05
6.5205 	EXP 	text: height = 0.05
6.5205 	EXP 	text: text = 1.6964155999994546
6.5245 	EXP 	text: height = 0.05
6.5245 	EXP 	text: height = 0.05
6.5245 	EXP 	text: height = 0.05
6.5245 	EXP 	text: text = 1.6921188999986043
6.5287 	EXP 	text: height = 0.05
6.5287 	EXP 	text: height = 0.05
6.5287 	EXP 	text: height = 0.05
6.5287 	EXP 	text: text = 1.6880736999992223
6.5329 	EXP 	text: height = 0.05
6.5329 	EXP 	text: height = 0.05
6.5329 	EXP 	text: height = 0.05
6.5329 	EXP 	text: text = 1.683904599998641
6.5371 	EXP 	text: height = 0.05
6.5371 	EXP 	text: height = 0.05
6.5371 	EXP 	text: height = 0.05
6.5371 	EXP 	text: text = 1.67970029999924
6.5412 	EXP 	text: height = 0.05
6.5412 	EXP 	text: height = 0.05
6.5412 	EXP 	text: height = 0.05
6.5412 	EXP 	text: text = 1.6755305000006047
6.5454 	EXP 	text: height = 0.05
6.5454 	EXP 	text: height = 0.05
6.5454 	EXP 	text: height = 0.05
6.5454 	EXP 	text: text = 1.6713917999986734
6.5496 	EXP 	text: height = 0.05
6.5496 	EXP 	text: height = 0.05
6.5496 	EXP 	text: height = 0.05
6.5496 	EXP 	text: text = 1.6672149999976682
6.5537 	EXP 	text: height = 0.05
6.5537 	EXP 	text: height = 0.05
6.5537 	EXP 	text: height = 0.05
6.5537 	EXP 	text: text = 1.6630418999993708
6.5579 	EXP 	text: height = 0.05
6.5579 	EXP 	text: height = 0.05
6.5579 	EXP 	text: height = 0.05
6.5579 	EXP 	text: text = 1.6588788999979442
6.5621 	EXP 	text: height = 0.05
6.5621 	EXP 	text: height = 0.05
6.5621 	EXP 	text: height = 0.05
6.5621 	EXP 	text: text = 1.6547112999978708
6.5664 	EXP 	text: height = 0.05
6.5664 	EXP 	text: height = 0.05
6.5664 	EXP 	text: height = 0.05
6.5664 	EXP 	text: text = 1.6505092000006698
6.5704 	EXP 	text: height = 0.05
6.5704 	EXP 	text: height = 0.05
6.5704 	EXP 	text: height = 0.05
6.5704 	EXP 	text: text = 1.6461760999991384
6.5746 	EXP 	text: height = 0.05
6.5746 	EXP 	text: height = 0.05
6.5746 	EXP 	text: height = 0.05
6.5746 	EXP 	text: text = 1.642155300000013
6.5787 	EXP 	text: height = 0.05
6.5787 	EXP 	text: height = 0.05
6.5787 	EXP 	text: height = 0.05
6.5787 	EXP 	text: text = 1.6379984999985027
6.5829 	EXP 	text: height = 0.05
6.5829 	EXP 	text: height = 0.05
6.5829 	EXP 	text: height = 0.05
6.5829 	EXP 	text: text = 1.6338255000009667
6.5871 	EXP 	text: height = 0.05
6.5871 	EXP 	text: height = 0.05
6.5871 	EXP 	text: height = 0.05
6.5871 	EXP 	text: text = 1.6296680999985256
6.5912 	EXP 	text: height = 0.05
6.5912 	EXP 	text: height = 0.05
6.5912 	EXP 	text: height = 0.05
6.5912 	EXP 	text: text = 1.625494500000059
6.5955 	EXP 	text: height = 0.05
6.5955 	EXP 	text: height = 0.05
6.5955 	EXP 	text: height = 0.05
6.5955 	EXP 	text: text = 1.6213239999997313
6.5996 	EXP 	text: height = 0.05
6.5996 	EXP 	text: height = 0.05
6.5996 	EXP 	text: height = 0.05
6.5996 	EXP 	text: text = 1.6171194999988074
6.6038 	EXP 	text: height = 0.05
6.6038 	EXP 	text: height = 0.05
6.6038 	EXP 	text: height = 0.05
6.6038 	EXP 	text: text = 1.6129753999994136
6.6079 	EXP 	text: height = 0.05
6.6079 	EXP 	text: height = 0.05
6.6079 	EXP 	text: height = 0.05
6.6079 	EXP 	text: text = 1.6087717000009434
6.6122 	EXP 	text: height = 0.05
6.6122 	EXP 	text: height = 0.05
6.6122 	EXP 	text: height = 0.05
6.6122 	EXP 	text: text = 1.6046371000011277
6.6163 	EXP 	text: height = 0.05
6.6163 	EXP 	text: height = 0.05
6.6163 	EXP 	text: height = 0.05
6.6163 	EXP 	text: text = 1.6003213000003598
6.6204 	EXP 	text: height = 0.05
6.6204 	EXP 	text: height = 0.05
6.6204 	EXP 	text: height = 0.05
6.6204 	EXP 	text: text = 1.5962937000003876
6.6246 	EXP 	text: height = 0.05
6.6246 	EXP 	text: height = 0.05
6.6246 	EXP 	text: height = 0.05
6.6246 	EXP 	text: text = 1.592128500000399
6.6288 	EXP 	text: height = 0.05
6.6288 	EXP 	text: height = 0.05
6.6288 	EXP 	text: height = 0.05
6.6288 	EXP 	text: text = 1.5879648999980418
6.6330 	EXP 	text: height = 0.05
6.6330 	EXP 	text: height = 0.05
6.6330 	EXP 	text: height = 0.05
6.6330 	EXP 	text: text = 1.5838084999995772
6.6372 	EXP 	text: height = 0.05
6.6372 	EXP 	text: height = 0.05
6.6372 	EXP 	text: height = 0.05
6.6372 	EXP 	text: text = 1.579638299997896
6.6413 	EXP 	text: height = 0.05
6.6413 	EXP 	text: height = 0.05
6.6413 	EXP 	text: height = 0.05
6.6413 	EXP 	text: text = 1.5754314000005252
6.6455 	EXP 	text: height = 0.05
6.6455 	EXP 	text: height = 0.05
6.6455 	EXP 	text: height = 0.05
6.6455 	EXP 	text: text = 1.5712457000008726
6.6496 	EXP 	text: height = 0.05
6.6496 	EXP 	text: height = 0.05
6.6496 	EXP 	text: height = 0.05
6.6496 	EXP 	text: text = 1.5671056999999564
6.6538 	EXP 	text: height = 0.05
6.6538 	EXP 	text: height = 0.05
6.6538 	EXP 	text: height = 0.05
6.6538 	EXP 	text: text = 1.562953299999208
6.6589 	EXP 	text: height = 0.05
6.6589 	EXP 	text: height = 0.05
6.6589 	EXP 	text: height = 0.05
6.6589 	EXP 	text: text = 1.5587861999993038
6.6629 	EXP 	text: height = 0.05
6.6629 	EXP 	text: height = 0.05
6.6629 	EXP 	text: height = 0.05
6.6629 	EXP 	text: text = 1.5537170999996306
6.6668 	EXP 	text: height = 0.05
6.6668 	EXP 	text: height = 0.05
6.6668 	EXP 	text: height = 0.05
6.6668 	EXP 	text: text = 1.5496669999993173
6.6709 	EXP 	text: height = 0.05
6.6709 	EXP 	text: height = 0.05
6.6709 	EXP 	text: height = 0.05
6.6709 	EXP 	text: text = 1.5458417000008922
6.6751 	EXP 	text: height = 0.05
6.6751 	EXP 	text: height = 0.05
6.6751 	EXP 	text: height = 0.05
6.6751 	EXP 	text: text = 1.5416441999987
6.6792 	EXP 	text: height = 0.05
6.6792 	EXP 	text: height = 0.05
6.6792 	EXP 	text: height = 0.05
6.6792 	EXP 	text: text = 1.5375017000005755
6.6834 	EXP 	text: height = 0.05
6.6834 	EXP 	text: height = 0.05
6.6834 	EXP 	text: height = 0.05
6.6834 	EXP 	text: text = 1.5333355000002484
6.6876 	EXP 	text: height = 0.05
6.6876 	EXP 	text: height = 0.05
6.6876 	EXP 	text: height = 0.05
6.6876 	EXP 	text: text = 1.5291580999983125
6.6918 	EXP 	text: height = 0.05
6.6918 	EXP 	text: height = 0.05
6.6918 	EXP 	text: height = 0.05
6.6918 	EXP 	text: text = 1.5249861000011151
6.6960 	EXP 	text: height = 0.05
6.6960 	EXP 	text: height = 0.05
6.6960 	EXP 	text: height = 0.05
6.6960 	EXP 	text: text = 1.5208130999999412
6.7001 	EXP 	text: height = 0.05
6.7001 	EXP 	text: height = 0.05
6.7001 	EXP 	text: height = 0.05
6.7001 	EXP 	text: text = 1.5166409999983443
6.7048 	EXP 	text: height = 0.05
6.7048 	EXP 	text: height = 0.05
6.7048 	EXP 	text: height = 0.05
6.7048 	EXP 	text: text = 1.512484200000472
6.7084 	EXP 	text: height = 0.05
6.7084 	EXP 	text: height = 0.05
6.7084 	EXP 	text: height = 0.05
6.7084 	EXP 	text: text = 1.507765800000925
6.7126 	EXP 	text: height = 0.05
6.7126 	EXP 	text: height = 0.05
6.7126 	EXP 	text: height = 0.05
6.7126 	EXP 	text: text = 1.5041390000005777
6.7168 	EXP 	text: height = 0.05
6.7168 	EXP 	text: height = 0.05
6.7168 	EXP 	text: height = 0.05
6.7168 	EXP 	text: text = 1.4999883999989834
6.7209 	EXP 	text: height = 0.05
6.7209 	EXP 	text: height = 0.05
6.7209 	EXP 	text: height = 0.05
6.7209 	EXP 	text: text = 1.4958211999983178
6.7251 	EXP 	text: height = 0.05
6.7251 	EXP 	text: height = 0.05
6.7251 	EXP 	text: height = 0.05
6.7251 	EXP 	text: text = 1.491648899998836
6.7293 	EXP 	text: height = 0.05
6.7293 	EXP 	text: height = 0.05
6.7293 	EXP 	text: height = 0.05
6.7293 	EXP 	text: text = 1.487474999998085
6.7335 	EXP 	text: height = 0.05
6.7335 	EXP 	text: height = 0.05
6.7335 	EXP 	text: height = 0.05
6.7335 	EXP 	text: text = 1.4832322000002023
6.7376 	EXP 	text: height = 0.05
6.7376 	EXP 	text: height = 0.05
6.7376 	EXP 	text: height = 0.05
6.7376 	EXP 	text: text = 1.47913029999836
6.7418 	EXP 	text: height = 0.05
6.7418 	EXP 	text: height = 0.05
6.7418 	EXP 	text: height = 0.05
6.7418 	EXP 	text: text = 1.4749544999976933
6.7460 	EXP 	text: height = 0.05
6.7460 	EXP 	text: height = 0.05
6.7460 	EXP 	text: height = 0.05
6.7460 	EXP 	text: text = 1.4708026999978756
6.7502 	EXP 	text: height = 0.05
6.7502 	EXP 	text: height = 0.05
6.7502 	EXP 	text: height = 0.05
6.7502 	EXP 	text: text = 1.46663659999831
6.7544 	EXP 	text: height = 0.05
6.7544 	EXP 	text: height = 0.05
6.7544 	EXP 	text: height = 0.05
6.7544 	EXP 	text: text = 1.4624425000001793
6.7585 	EXP 	text: height = 0.05
6.7585 	EXP 	text: height = 0.05
6.7585 	EXP 	text: height = 0.05
6.7585 	EXP 	text: text = 1.4581724999989092
6.7626 	EXP 	text: height = 0.05
6.7626 	EXP 	text: height = 0.05
6.7626 	EXP 	text: height = 0.05
6.7626 	EXP 	text: text = 1.4541233999989345
6.7668 	EXP 	text: height = 0.05
6.7668 	EXP 	text: height = 0.05
6.7668 	EXP 	text: height = 0.05
6.7668 	EXP 	text: text = 1.449953600000299
6.7710 	EXP 	text: height = 0.05
6.7710 	EXP 	text: height = 0.05
6.7710 	EXP 	text: height = 0.05
6.7710 	EXP 	text: text = 1.4457727000008163
6.7752 	EXP 	text: height = 0.05
6.7752 	EXP 	text: height = 0.05
6.7752 	EXP 	text: height = 0.05
6.7752 	EXP 	text: text = 1.4416100999987975
6.7794 	EXP 	text: height = 0.05
6.7794 	EXP 	text: height = 0.05
6.7794 	EXP 	text: height = 0.05
6.7794 	EXP 	text: text = 1.4374428000010084
6.7836 	EXP 	text: height = 0.05
6.7836 	EXP 	text: height = 0.05
6.7836 	EXP 	text: height = 0.05
6.7836 	EXP 	text: text = 1.4332404999986466
6.7877 	EXP 	text: height = 0.05
6.7877 	EXP 	text: height = 0.05
6.7877 	EXP 	text: height = 0.05
6.7877 	EXP 	text: text = 1.4290312000011909
6.7919 	EXP 	text: height = 0.05
6.7919 	EXP 	text: height = 0.05
6.7919 	EXP 	text: height = 0.05
6.7919 	EXP 	text: text = 1.4248606000001018
6.7961 	EXP 	text: height = 0.05
6.7961 	EXP 	text: height = 0.05
6.7961 	EXP 	text: height = 0.05
6.7961 	EXP 	text: text = 1.4206942999990133
6.8004 	EXP 	text: height = 0.05
6.8004 	EXP 	text: height = 0.05
6.8004 	EXP 	text: height = 0.05
6.8004 	EXP 	text: text = 1.4165074000011373
6.8044 	EXP 	text: height = 0.05
6.8044 	EXP 	text: height = 0.05
6.8044 	EXP 	text: height = 0.05
6.8044 	EXP 	text: text = 1.412246600000799
6.8086 	EXP 	text: height = 0.05
6.8086 	EXP 	text: height = 0.05
6.8086 	EXP 	text: height = 0.05
6.8086 	EXP 	text: text = 1.408176500000991
6.8128 	EXP 	text: height = 0.05
6.8128 	EXP 	text: height = 0.05
6.8128 	EXP 	text: height = 0.05
6.8128 	EXP 	text: text = 1.4040086999993946
6.8169 	EXP 	text: height = 0.05
6.8169 	EXP 	text: height = 0.05
6.8169 	EXP 	text: height = 0.05
6.8169 	EXP 	text: text = 1.3998400999989826
6.8211 	EXP 	text: height = 0.05
6.8211 	EXP 	text: height = 0.05
6.8211 	EXP 	text: height = 0.05
6.8211 	EXP 	text: text = 1.3956675000008545
6.8253 	EXP 	text: height = 0.05
6.8253 	EXP 	text: height = 0.05
6.8253 	EXP 	text: height = 0.05
6.8253 	EXP 	text: text = 1.3914851999979874
6.8304 	EXP 	text: height = 0.05
6.8304 	EXP 	text: height = 0.05
6.8304 	EXP 	text: height = 0.05
6.8304 	EXP 	text: text = 1.387314299998252
6.8336 	EXP 	text: height = 0.05
6.8336 	EXP 	text: height = 0.05
6.8336 	EXP 	text: height = 0.05
6.8336 	EXP 	text: text = 1.3822208999990835
6.8378 	EXP 	text: height = 0.05
6.8378 	EXP 	text: height = 0.05
6.8378 	EXP 	text: height = 0.05
6.8378 	EXP 	text: text = 1.3789814000010665
6.8420 	EXP 	text: height = 0.05
6.8420 	EXP 	text: height = 0.05
6.8420 	EXP 	text: height = 0.05
6.8420 	EXP 	text: text = 1.3748081000012462
6.8461 	EXP 	text: height = 0.05
6.8461 	EXP 	text: height = 0.05
6.8461 	EXP 	text: height = 0.05
6.8461 	EXP 	text: text = 1.3706311999994796
6.8503 	EXP 	text: height = 0.05
6.8503 	EXP 	text: height = 0.05
6.8503 	EXP 	text: height = 0.05
6.8503 	EXP 	text: text = 1.3664686999982223
6.8545 	EXP 	text: height = 0.05
6.8545 	EXP 	text: height = 0.05
6.8545 	EXP 	text: height = 0.05
6.8545 	EXP 	text: text = 1.3622896999986551
6.8586 	EXP 	text: height = 0.05
6.8586 	EXP 	text: height = 0.05
6.8586 	EXP 	text: height = 0.05
6.8586 	EXP 	text: text = 1.358128100000613
6.8632 	EXP 	text: height = 0.05
6.8632 	EXP 	text: height = 0.05
6.8632 	EXP 	text: height = 0.05
6.8632 	EXP 	text: text = 1.3539557000003697
6.8673 	EXP 	text: height = 0.05
6.8673 	EXP 	text: height = 0.05
6.8673 	EXP 	text: height = 0.05
6.8673 	EXP 	text: text = 1.3494064999977127
6.8714 	EXP 	text: height = 0.05
6.8714 	EXP 	text: height = 0.05
6.8714 	EXP 	text: height = 0.05
6.8714 	EXP 	text: text = 1.3453480999996827
6.8756 	EXP 	text: height = 0.05
6.8756 	EXP 	text: height = 0.05
6.8756 	EXP 	text: height = 0.05
6.8756 	EXP 	text: text = 1.3411751999992703
6.8798 	EXP 	text: height = 0.05
6.8798 	EXP 	text: height = 0.05
6.8798 	EXP 	text: height = 0.05
6.8798 	EXP 	text: text = 1.3370036999986041
6.8839 	EXP 	text: height = 0.05
6.8839 	EXP 	text: height = 0.05
6.8839 	EXP 	text: height = 0.05
6.8839 	EXP 	text: text = 1.3328342999993765
6.8881 	EXP 	text: height = 0.05
6.8881 	EXP 	text: height = 0.05
6.8881 	EXP 	text: height = 0.05
6.8881 	EXP 	text: text = 1.328663600001164
6.8932 	EXP 	text: height = 0.05
6.8932 	EXP 	text: height = 0.05
6.8932 	EXP 	text: height = 0.05
6.8932 	EXP 	text: text = 1.3244892000002437
6.8965 	EXP 	text: height = 0.05
6.8965 	EXP 	text: height = 0.05
6.8965 	EXP 	text: height = 0.05
6.8965 	EXP 	text: text = 1.3193691999986186
6.9007 	EXP 	text: height = 0.05
6.9007 	EXP 	text: height = 0.05
6.9007 	EXP 	text: height = 0.05
6.9007 	EXP 	text: text = 1.3160590000006778
6.9049 	EXP 	text: height = 0.05
6.9049 	EXP 	text: height = 0.05
6.9049 	EXP 	text: height = 0.05
6.9049 	EXP 	text: text = 1.3119087999984913
6.9090 	EXP 	text: height = 0.05
6.9090 	EXP 	text: height = 0.05
6.9090 	EXP 	text: height = 0.05
6.9090 	EXP 	text: text = 1.307739899999433
6.9132 	EXP 	text: height = 0.05
6.9132 	EXP 	text: height = 0.05
6.9132 	EXP 	text: height = 0.05
6.9132 	EXP 	text: text = 1.3035589999999502
6.9174 	EXP 	text: height = 0.05
6.9174 	EXP 	text: height = 0.05
6.9174 	EXP 	text: height = 0.05
6.9174 	EXP 	text: text = 1.2994008999994549
6.9215 	EXP 	text: height = 0.05
6.9215 	EXP 	text: height = 0.05
6.9215 	EXP 	text: height = 0.05
6.9215 	EXP 	text: text = 1.2952249999980268
6.9258 	EXP 	text: height = 0.05
6.9258 	EXP 	text: height = 0.05
6.9258 	EXP 	text: height = 0.05
6.9258 	EXP 	text: text = 1.2910556999995606
6.9299 	EXP 	text: height = 0.05
6.9299 	EXP 	text: height = 0.05
6.9299 	EXP 	text: height = 0.05
6.9299 	EXP 	text: text = 1.2867656999987958
6.9341 	EXP 	text: height = 0.05
6.9341 	EXP 	text: height = 0.05
6.9341 	EXP 	text: height = 0.05
6.9341 	EXP 	text: text = 1.2827120000001742
6.9382 	EXP 	text: height = 0.05
6.9382 	EXP 	text: height = 0.05
6.9382 	EXP 	text: height = 0.05
6.9382 	EXP 	text: text = 1.2785451999989164
6.9424 	EXP 	text: height = 0.05
6.9424 	EXP 	text: height = 0.05
6.9424 	EXP 	text: height = 0.05
6.9424 	EXP 	text: text = 1.2743717000012111
6.9466 	EXP 	text: height = 0.05
6.9466 	EXP 	text: height = 0.05
6.9466 	EXP 	text: height = 0.05
6.9466 	EXP 	text: text = 1.2701998000011372
6.9507 	EXP 	text: height = 0.05
6.9507 	EXP 	text: height = 0.05
6.9507 	EXP 	text: height = 0.05
6.9507 	EXP 	text: text = 1.2660300999996252
6.9550 	EXP 	text: height = 0.05
6.9550 	EXP 	text: height = 0.05
6.9550 	EXP 	text: height = 0.05
6.9550 	EXP 	text: text = 1.2618578000001435
6.9591 	EXP 	text: height = 0.05
6.9591 	EXP 	text: height = 0.05
6.9591 	EXP 	text: height = 0.05
6.9591 	EXP 	text: text = 1.2575266999992891
6.9633 	EXP 	text: height = 0.05
6.9633 	EXP 	text: height = 0.05
6.9633 	EXP 	text: height = 0.05
6.9633 	EXP 	text: text = 1.253485900000669
6.9674 	EXP 	text: height = 0.05
6.9674 	EXP 	text: height = 0.05
6.9674 	EXP 	text: height = 0.05
6.9674 	EXP 	text: text = 1.2493448999994143
6.9716 	EXP 	text: height = 0.05
6.9716 	EXP 	text: height = 0.05
6.9716 	EXP 	text: height = 0.05
6.9716 	EXP 	text: text = 1.2451742000012018
6.9758 	EXP 	text: height = 0.05
6.9758 	EXP 	text: height = 0.05
6.9758 	EXP 	text: height = 0.05
6.9758 	EXP 	text: text = 1.241011800000706
6.9799 	EXP 	text: height = 0.05
6.9799 	EXP 	text: height = 0.05
6.9799 	EXP 	text: height = 0.05
6.9799 	EXP 	text: text = 1.2368220999996993
6.9841 	EXP 	text: height = 0.05
6.9841 	EXP 	text: height = 0.05
6.9841 	EXP 	text: height = 0.05
6.9841 	EXP 	text: text = 1.2326517000001331
6.9883 	EXP 	text: height = 0.05
6.9883 	EXP 	text: height = 0.05
6.9883 	EXP 	text: height = 0.05
6.9883 	EXP 	text: text = 1.2284376999996311
6.9925 	EXP 	text: height = 0.05
6.9925 	EXP 	text: height = 0.05
6.9925 	EXP 	text: height = 0.05
6.9925 	EXP 	text: text = 1.2243176000010862
6.9966 	EXP 	text: height = 0.05
6.9966 	EXP 	text: height = 0.05
6.9966 	EXP 	text: height = 0.05
6.9966 	EXP 	text: text = 1.2201308000003337
7.0010 	EXP 	text: height = 0.05
7.0010 	EXP 	text: height = 0.05
7.0010 	EXP 	text: height = 0.05
7.0010 	EXP 	text: text = 1.2159769999998389
7.0049 	EXP 	text: height = 0.05
7.0049 	EXP 	text: height = 0.05
7.0049 	EXP 	text: height = 0.05
7.0049 	EXP 	text: text = 1.2116113000010955
7.0091 	EXP 	text: height = 0.05
7.0091 	EXP 	text: height = 0.05
7.0091 	EXP 	text: height = 0.05
7.0091 	EXP 	text: text = 1.2076607999988482
7.0133 	EXP 	text: height = 0.05
7.0133 	EXP 	text: height = 0.05
7.0133 	EXP 	text: height = 0.05
7.0133 	EXP 	text: text = 1.2034911000009743
7.0174 	EXP 	text: height = 0.05
7.0174 	EXP 	text: height = 0.05
7.0174 	EXP 	text: height = 0.05
7.0174 	EXP 	text: text = 1.1993225000005623
7.0216 	EXP 	text: height = 0.05
7.0216 	EXP 	text: height = 0.05
7.0216 	EXP 	text: height = 0.05
7.0216 	EXP 	text: text = 1.195151199997781
7.0258 	EXP 	text: height = 0.05
7.0258 	EXP 	text: height = 0.05
7.0258 	EXP 	text: height = 0.05
7.0258 	EXP 	text: text = 1.1909779999987222
7.0300 	EXP 	text: height = 0.05
7.0300 	EXP 	text: height = 0.05
7.0300 	EXP 	text: height = 0.05
7.0300 	EXP 	text: text = 1.186805599998479
7.0343 	EXP 	text: height = 0.05
7.0343 	EXP 	text: height = 0.05
7.0343 	EXP 	text: height = 0.05
7.0343 	EXP 	text: text = 1.1826094999996712
7.0383 	EXP 	text: height = 0.05
7.0383 	EXP 	text: height = 0.05
7.0383 	EXP 	text: height = 0.05
7.0383 	EXP 	text: text = 1.178334199998062
7.0425 	EXP 	text: height = 0.05
7.0425 	EXP 	text: height = 0.05
7.0425 	EXP 	text: height = 0.05
7.0425 	EXP 	text: text = 1.1742640000011306
7.0467 	EXP 	text: height = 0.05
7.0467 	EXP 	text: height = 0.05
7.0467 	EXP 	text: height = 0.05
7.0467 	EXP 	text: text = 1.170096800000465
7.0508 	EXP 	text: height = 0.05
7.0508 	EXP 	text: height = 0.05
7.0508 	EXP 	text: height = 0.05
7.0508 	EXP 	text: text = 1.1659227999989525
7.0550 	EXP 	text: height = 0.05
7.0550 	EXP 	text: height = 0.05
7.0550 	EXP 	text: height = 0.05
7.0550 	EXP 	text: text = 1.1617536000012478
7.0592 	EXP 	text: height = 0.05
7.0592 	EXP 	text: height = 0.05
7.0592 	EXP 	text: height = 0.05
7.0592 	EXP 	text: text = 1.1575849000000744
7.0638 	EXP 	text: height = 0.05
7.0638 	EXP 	text: height = 0.05
7.0638 	EXP 	text: height = 0.05
7.0638 	EXP 	text: text = 1.153413799998816
7.0675 	EXP 	text: height = 0.05
7.0675 	EXP 	text: height = 0.05
7.0675 	EXP 	text: height = 0.05
7.0675 	EXP 	text: text = 1.148762099997839
7.0717 	EXP 	text: height = 0.05
7.0717 	EXP 	text: height = 0.05
7.0717 	EXP 	text: height = 0.05
7.0717 	EXP 	text: text = 1.1450704999988375
7.0759 	EXP 	text: height = 0.05
7.0759 	EXP 	text: height = 0.05
7.0759 	EXP 	text: height = 0.05
7.0759 	EXP 	text: text = 1.1408981999993557
7.0800 	EXP 	text: height = 0.05
7.0800 	EXP 	text: height = 0.05
7.0800 	EXP 	text: height = 0.05
7.0800 	EXP 	text: text = 1.1367262999992818
7.0842 	EXP 	text: height = 0.05
7.0842 	EXP 	text: height = 0.05
7.0842 	EXP 	text: height = 0.05
7.0842 	EXP 	text: text = 1.132557299999462
7.0884 	EXP 	text: height = 0.05
7.0884 	EXP 	text: height = 0.05
7.0884 	EXP 	text: height = 0.05
7.0884 	EXP 	text: text = 1.1283849999999802
7.0926 	EXP 	text: height = 0.05
7.0926 	EXP 	text: height = 0.05
7.0926 	EXP 	text: height = 0.05
7.0926 	EXP 	text: text = 1.1242153999992297
7.0968 	EXP 	text: height = 0.05
7.0968 	EXP 	text: height = 0.05
7.0968 	EXP 	text: height = 0.05
7.0968 	EXP 	text: text = 1.1200470000003406
7.1009 	EXP 	text: height = 0.05
7.1009 	EXP 	text: height = 0.05
7.1009 	EXP 	text: height = 0.05
7.1009 	EXP 	text: text = 1.1157701999982237
7.1051 	EXP 	text: height = 0.05
7.1051 	EXP 	text: height = 0.05
7.1051 	EXP 	text: height = 0.05
7.1051 	EXP 	text: text = 1.111703499998839
7.1092 	EXP 	text: height = 0.05
7.1092 	EXP 	text: height = 0.05
7.1092 	EXP 	text: height = 0.05
7.1092 	EXP 	text: text = 1.1075354999993579
7.1134 	EXP 	text: height = 0.05
7.1134 	EXP 	text: height = 0.05
7.1134 	EXP 	text: height = 0.05
7.1134 	EXP 	text: text = 1.1033683999994537
7.1176 	EXP 	text: height = 0.05
7.1176 	EXP 	text: height = 0.05
7.1176 	EXP 	text: height = 0.05
7.1176 	EXP 	text: text = 1.0991896999985329
7.1218 	EXP 	text: height = 0.05
7.1218 	EXP 	text: height = 0.05
7.1218 	EXP 	text: height = 0.05
7.1218 	EXP 	text: text = 1.0950219000005745
7.1267 	EXP 	text: height = 0.05
7.1267 	EXP 	text: height = 0.05
7.1267 	EXP 	text: height = 0.05
7.1267 	EXP 	text: text = 1.090850100001262
7.1301 	EXP 	text: height = 0.05
7.1301 	EXP 	text: height = 0.05
7.1301 	EXP 	text: height = 0.05
7.1301 	EXP 	text: text = 1.085868099999061
7.1343 	EXP 	text: height = 0.05
7.1343 	EXP 	text: height = 0.05
7.1343 	EXP 	text: height = 0.05
7.1343 	EXP 	text: text = 1.0824857000006887
7.1384 	EXP 	text: height = 0.05
7.1384 	EXP 	text: height = 0.05
7.1384 	EXP 	text: height = 0.05
7.1384 	EXP 	text: text = 1.0783365999996022
7.1427 	EXP 	text: height = 0.05
7.1427 	EXP 	text: height = 0.05
7.1427 	EXP 	text: height = 0.05
7.1427 	EXP 	text: text = 1.0741646999995282
7.1468 	EXP 	text: height = 0.05
7.1468 	EXP 	text: height = 0.05
7.1468 	EXP 	text: height = 0.05
7.1468 	EXP 	text: text = 1.069916500000545
7.1510 	EXP 	text: height = 0.05
7.1510 	EXP 	text: height = 0.05
7.1510 	EXP 	text: height = 0.05
7.1510 	EXP 	text: text = 1.0658035999986168
7.1551 	EXP 	text: height = 0.05
7.1551 	EXP 	text: height = 0.05
7.1551 	EXP 	text: height = 0.05
7.1551 	EXP 	text: text = 1.0616364999987127
7.1593 	EXP 	text: height = 0.05
7.1593 	EXP 	text: height = 0.05
7.1593 	EXP 	text: height = 0.05
7.1593 	EXP 	text: text = 1.057467099999485
7.1635 	EXP 	text: height = 0.05
7.1635 	EXP 	text: height = 0.05
7.1635 	EXP 	text: height = 0.05
7.1635 	EXP 	text: text = 1.0533027999990736
7.1676 	EXP 	text: height = 0.05
7.1676 	EXP 	text: height = 0.05
7.1676 	EXP 	text: height = 0.05
7.1676 	EXP 	text: text = 1.04914110000027
7.1718 	EXP 	text: height = 0.05
7.1718 	EXP 	text: height = 0.05
7.1718 	EXP 	text: height = 0.05
7.1718 	EXP 	text: text = 1.0449690999994345
7.1760 	EXP 	text: height = 0.05
7.1760 	EXP 	text: height = 0.05
7.1760 	EXP 	text: height = 0.05
7.1760 	EXP 	text: text = 1.0407923999991908
7.1801 	EXP 	text: height = 0.05
7.1801 	EXP 	text: height = 0.05
7.1801 	EXP 	text: height = 0.05
7.1801 	EXP 	text: text = 1.0366293000006408
7.1843 	EXP 	text: height = 0.05
7.1843 	EXP 	text: height = 0.05
7.1843 	EXP 	text: height = 0.05
7.1843 	EXP 	text: text = 1.0324551999983669
7.1895 	EXP 	text: height = 0.05
7.1895 	EXP 	text: height = 0.05
7.1895 	EXP 	text: height = 0.05
7.1895 	EXP 	text: text = 1.02828750000117
7.1927 	EXP 	text: height = 0.05
7.1927 	EXP 	text: height = 0.05
7.1927 	EXP 	text: height = 0.05
7.1927 	EXP 	text: text = 1.0231191999992006
7.1968 	EXP 	text: height = 0.05
7.1968 	EXP 	text: height = 0.05
7.1968 	EXP 	text: height = 0.05
7.1968 	EXP 	text: text = 1.019942599999922
7.2010 	EXP 	text: height = 0.05
7.2010 	EXP 	text: height = 0.05
7.2010 	EXP 	text: height = 0.05
7.2010 	EXP 	text: text = 1.0157724999990023
7.2052 	EXP 	text: height = 0.05
7.2052 	EXP 	text: height = 0.05
7.2052 	EXP 	text: height = 0.05
7.2052 	EXP 	text: text = 1.0115956000008737
7.2093 	EXP 	text: height = 0.05
7.2093 	EXP 	text: height = 0.05
7.2093 	EXP 	text: height = 0.05
7.2093 	EXP 	text: text = 1.0074300999986008
7.2135 	EXP 	text: height = 0.05
7.2135 	EXP 	text: height = 0.05
7.2135 	EXP 	text: height = 0.05
7.2135 	EXP 	text: text = 1.0032595000011497
7.2177 	EXP 	text: height = 0.05
7.2177 	EXP 	text: height = 0.05
7.2177 	EXP 	text: height = 0.05
7.2177 	EXP 	text: text = 0.9990899000003992
7.2219 	EXP 	text: height = 0.05
7.2219 	EXP 	text: height = 0.05
7.2219 	EXP 	text: height = 0.05
7.2219 	EXP 	text: text = 0.9949181000010867
7.2260 	EXP 	text: height = 0.05
7.2260 	EXP 	text: height = 0.05
7.2260 	EXP 	text: height = 0.05
7.2260 	EXP 	text: text = 0.9907332000002498
7.2302 	EXP 	text: height = 0.05
7.2302 	EXP 	text: height = 0.05
7.2302 	EXP 	text: height = 0.05
7.2302 	EXP 	text: text = 0.9865767999981472
7.2355 	EXP 	text: height = 0.05
7.2355 	EXP 	text: height = 0.05
7.2355 	EXP 	text: height = 0.05
7.2355 	EXP 	text: text = 0.9824064999993425
7.2387 	EXP 	text: height = 0.05
7.2387 	EXP 	text: height = 0.05
7.2387 	EXP 	text: height = 0.05
7.2387 	EXP 	text: text = 0.9770893999993859
7.2429 	EXP 	text: height = 0.05
7.2429 	EXP 	text: height = 0.05
7.2429 	EXP 	text: height = 0.05
7.2429 	EXP 	text: text = 0.9738786999987497
7.2470 	EXP 	text: height = 0.05
7.2470 	EXP 	text: height = 0.05
7.2470 	EXP 	text: height = 0.05
7.2470 	EXP 	text: text = 0.9697463999982574
7.2512 	EXP 	text: height = 0.05
7.2512 	EXP 	text: height = 0.05
7.2512 	EXP 	text: height = 0.05
7.2512 	EXP 	text: text = 0.9655801999979303
7.2554 	EXP 	text: height = 0.05
7.2554 	EXP 	text: height = 0.05
7.2554 	EXP 	text: height = 0.05
7.2554 	EXP 	text: text = 0.9613901999982772
7.2595 	EXP 	text: height = 0.05
7.2595 	EXP 	text: height = 0.05
7.2595 	EXP 	text: height = 0.05
7.2595 	EXP 	text: text = 0.9572380999998131
7.2637 	EXP 	text: height = 0.05
7.2637 	EXP 	text: height = 0.05
7.2637 	EXP 	text: height = 0.05
7.2637 	EXP 	text: text = 0.9530660999989777
7.2679 	EXP 	text: height = 0.05
7.2679 	EXP 	text: height = 0.05
7.2679 	EXP 	text: height = 0.05
7.2679 	EXP 	text: text = 0.9488715999978012
7.2720 	EXP 	text: height = 0.05
7.2720 	EXP 	text: height = 0.05
7.2720 	EXP 	text: height = 0.05
7.2720 	EXP 	text: text = 0.9447221000009449
7.2762 	EXP 	text: height = 0.05
7.2762 	EXP 	text: height = 0.05
7.2762 	EXP 	text: height = 0.05
7.2762 	EXP 	text: text = 0.9405549000002793
7.2804 	EXP 	text: height = 0.05
7.2804 	EXP 	text: height = 0.05
7.2804 	EXP 	text: height = 0.05
7.2804 	EXP 	text: text = 0.9363825000000361
7.2847 	EXP 	text: height = 0.05
7.2847 	EXP 	text: height = 0.05
7.2847 	EXP 	text: height = 0.05
7.2847 	EXP 	text: text = 0.9322092000002158
7.2887 	EXP 	text: height = 0.05
7.2887 	EXP 	text: height = 0.05
7.2887 	EXP 	text: height = 0.05
7.2887 	EXP 	text: text = 0.9279055999977572
7.2929 	EXP 	text: height = 0.05
7.2929 	EXP 	text: height = 0.05
7.2929 	EXP 	text: height = 0.05
7.2929 	EXP 	text: text = 0.9238729999997304
7.2971 	EXP 	text: height = 0.05
7.2971 	EXP 	text: height = 0.05
7.2971 	EXP 	text: height = 0.05
7.2971 	EXP 	text: text = 0.9196979000007559
7.3013 	EXP 	text: height = 0.05
7.3013 	EXP 	text: height = 0.05
7.3013 	EXP 	text: height = 0.05
7.3013 	EXP 	text: text = 0.915526000000682
7.3054 	EXP 	text: height = 0.05
7.3054 	EXP 	text: height = 0.05
7.3054 	EXP 	text: height = 0.05
7.3054 	EXP 	text: text = 0.9113467999995919
7.3096 	EXP 	text: height = 0.05
7.3096 	EXP 	text: height = 0.05
7.3096 	EXP 	text: height = 0.05
7.3096 	EXP 	text: text = 0.9071799999983341
7.3138 	EXP 	text: height = 0.05
7.3138 	EXP 	text: height = 0.05
7.3138 	EXP 	text: height = 0.05
7.3138 	EXP 	text: text = 0.9029736000011326
7.3179 	EXP 	text: height = 0.05
7.3179 	EXP 	text: height = 0.05
7.3179 	EXP 	text: height = 0.05
7.3179 	EXP 	text: text = 0.8988411999998789
7.3221 	EXP 	text: height = 0.05
7.3221 	EXP 	text: height = 0.05
7.3221 	EXP 	text: height = 0.05
7.3221 	EXP 	text: text = 0.8946589999977732
7.3263 	EXP 	text: height = 0.05
7.3263 	EXP 	text: height = 0.05
7.3263 	EXP 	text: height = 0.05
7.3263 	EXP 	text: text = 0.8905009999980393
7.3307 	EXP 	text: height = 0.05
7.3307 	EXP 	text: height = 0.05
7.3307 	EXP 	text: height = 0.05
7.3307 	EXP 	text: text = 0.8863339999988966
7.3348 	EXP 	text: height = 0.05
7.3348 	EXP 	text: height = 0.05
7.3348 	EXP 	text: height = 0.05
7.3348 	EXP 	text: text = 0.8818136000008963
7.3389 	EXP 	text: height = 0.05
7.3389 	EXP 	text: height = 0.05
7.3389 	EXP 	text: height = 0.05
7.3389 	EXP 	text: text = 0.8777871999991476
7.3431 	EXP 	text: height = 0.05
7.3431 	EXP 	text: height = 0.05
7.3431 	EXP 	text: height = 0.05
7.3431 	EXP 	text: text = 0.8736767000009422
7.3473 	EXP 	text: height = 0.05
7.3473 	EXP 	text: height = 0.05
7.3473 	EXP 	text: height = 0.05
7.3473 	EXP 	text: text = 0.8695086000006995
7.3514 	EXP 	text: height = 0.05
7.3514 	EXP 	text: height = 0.05
7.3514 	EXP 	text: height = 0.05
7.3514 	EXP 	text: text = 0.8653379999996105
7.3556 	EXP 	text: height = 0.05
7.3556 	EXP 	text: height = 0.05
7.3556 	EXP 	text: height = 0.05
7.3556 	EXP 	text: text = 0.8611094000007142
7.3598 	EXP 	text: height = 0.05
7.3598 	EXP 	text: height = 0.05
7.3598 	EXP 	text: height = 0.05
7.3598 	EXP 	text: text = 0.8569993999990402
7.3640 	EXP 	text: height = 0.05
7.3640 	EXP 	text: height = 0.05
7.3640 	EXP 	text: height = 0.05
7.3640 	EXP 	text: text = 0.8528287000008277
7.3681 	EXP 	text: height = 0.05
7.3681 	EXP 	text: height = 0.05
7.3681 	EXP 	text: height = 0.05
7.3681 	EXP 	text: text = 0.8486469999988913
7.3723 	EXP 	text: height = 0.05
7.3723 	EXP 	text: height = 0.05
7.3723 	EXP 	text: height = 0.05
7.3723 	EXP 	text: text = 0.844484500001272
7.3772 	EXP 	text: height = 0.05
7.3772 	EXP 	text: height = 0.05
7.3772 	EXP 	text: height = 0.05
7.3772 	EXP 	text: text = 0.8403141999988293
7.3807 	EXP 	text: height = 0.05
7.3807 	EXP 	text: height = 0.05
7.3807 	EXP 	text: height = 0.05
7.3807 	EXP 	text: text = 0.8354111000007833
7.3848 	EXP 	text: height = 0.05
7.3848 	EXP 	text: height = 0.05
7.3848 	EXP 	text: height = 0.05
7.3848 	EXP 	text: text = 0.8319134999983362
7.3890 	EXP 	text: height = 0.05
7.3890 	EXP 	text: height = 0.05
7.3890 	EXP 	text: height = 0.05
7.3890 	EXP 	text: text = 0.8277970999988611
7.3931 	EXP 	text: height = 0.05
7.3931 	EXP 	text: height = 0.05
7.3931 	EXP 	text: height = 0.05
7.3931 	EXP 	text: text = 0.8236289999986184
7.3973 	EXP 	text: height = 0.05
7.3973 	EXP 	text: height = 0.05
7.3973 	EXP 	text: height = 0.05
7.3973 	EXP 	text: text = 0.8194546999984595
7.4015 	EXP 	text: height = 0.05
7.4015 	EXP 	text: height = 0.05
7.4015 	EXP 	text: height = 0.05
7.4015 	EXP 	text: text = 0.8152659999977914
7.4057 	EXP 	text: height = 0.05
7.4057 	EXP 	text: height = 0.05
7.4057 	EXP 	text: height = 0.05
7.4057 	EXP 	text: text = 0.8110856999992393
7.4098 	EXP 	text: height = 0.05
7.4098 	EXP 	text: height = 0.05
7.4098 	EXP 	text: height = 0.05
7.4098 	EXP 	text: text = 0.8069455000004382
7.4140 	EXP 	text: height = 0.05
7.4140 	EXP 	text: height = 0.05
7.4140 	EXP 	text: height = 0.05
7.4140 	EXP 	text: text = 0.8027750000001106
7.4182 	EXP 	text: height = 0.05
7.4182 	EXP 	text: height = 0.05
7.4182 	EXP 	text: height = 0.05
7.4182 	EXP 	text: text = 0.7986047999984294
7.4223 	EXP 	text: height = 0.05
7.4223 	EXP 	text: height = 0.05
7.4223 	EXP 	text: height = 0.05
7.4223 	EXP 	text: text = 0.7944306999997934
7.4266 	EXP 	text: height = 0.05
7.4266 	EXP 	text: height = 0.05
7.4266 	EXP 	text: height = 0.05
7.4266 	EXP 	text: text = 0.7902536000001419
7.4307 	EXP 	text: height = 0.05
7.4307 	EXP 	text: height = 0.05
7.4307 	EXP 	text: height = 0.05
7.4307 	EXP 	text: text = 0.7859857000003103
7.4349 	EXP 	text: height = 0.05
7.4349 	EXP 	text: height = 0.05
7.4349 	EXP 	text: height = 0.05
7.4349 	EXP 	text: text = 0.7819165000000794
7.4390 	EXP 	text: height = 0.05
7.4390 	EXP 	text: height = 0.05
7.4390 	EXP 	text: height = 0.05
7.4390 	EXP 	text: text = 0.7777356999977201
7.4432 	EXP 	text: height = 0.05
7.4432 	EXP 	text: height = 0.05
7.4432 	EXP 	text: height = 0.05
7.4432 	EXP 	text: text = 0.7735775000001013
7.4474 	EXP 	text: height = 0.05
7.4474 	EXP 	text: height = 0.05
7.4474 	EXP 	text: height = 0.05
7.4474 	EXP 	text: text = 0.769397600000957
7.4515 	EXP 	text: height = 0.05
7.4515 	EXP 	text: height = 0.05
7.4515 	EXP 	text: height = 0.05
7.4515 	EXP 	text: text = 0.7652352000004612
7.4557 	EXP 	text: height = 0.05
7.4557 	EXP 	text: height = 0.05
7.4557 	EXP 	text: height = 0.05
7.4557 	EXP 	text: text = 0.7610630999988643
7.4599 	EXP 	text: height = 0.05
7.4599 	EXP 	text: height = 0.05
7.4599 	EXP 	text: height = 0.05
7.4599 	EXP 	text: text = 0.756893099998706
7.4640 	EXP 	text: height = 0.05
7.4640 	EXP 	text: height = 0.05
7.4640 	EXP 	text: height = 0.05
7.4640 	EXP 	text: text = 0.7527201999982935
7.4682 	EXP 	text: height = 0.05
7.4682 	EXP 	text: height = 0.05
7.4682 	EXP 	text: height = 0.05
7.4682 	EXP 	text: text = 0.7485731999986456
7.4727 	EXP 	text: height = 0.05
7.4727 	EXP 	text: height = 0.05
7.4727 	EXP 	text: height = 0.05
7.4727 	EXP 	text: text = 0.7444064999981492
7.4765 	EXP 	text: height = 0.05
7.4765 	EXP 	text: height = 0.05
7.4765 	EXP 	text: height = 0.05
7.4765 	EXP 	text: text = 0.7399163000009139
7.4807 	EXP 	text: height = 0.05
7.4807 	EXP 	text: height = 0.05
7.4807 	EXP 	text: height = 0.05
7.4807 	EXP 	text: text = 0.736061299998255
7.4849 	EXP 	text: height = 0.05
7.4849 	EXP 	text: height = 0.05
7.4849 	EXP 	text: height = 0.05
7.4849 	EXP 	text: text = 0.7318866999994498
7.4891 	EXP 	text: height = 0.05
7.4891 	EXP 	text: height = 0.05
7.4891 	EXP 	text: height = 0.05
7.4891 	EXP 	text: text = 0.7277219999996305
7.4932 	EXP 	text: height = 0.05
7.4932 	EXP 	text: height = 0.05
7.4932 	EXP 	text: height = 0.05
7.4932 	EXP 	text: text = 0.7235237999993842
7.4974 	EXP 	text: height = 0.05
7.4974 	EXP 	text: height = 0.05
7.4974 	EXP 	text: height = 0.05
7.4974 	EXP 	text: text = 0.7193626999978733
7.5016 	EXP 	text: height = 0.05
7.5016 	EXP 	text: height = 0.05
7.5016 	EXP 	text: height = 0.05
7.5016 	EXP 	text: text = 0.7151899999989837
7.5057 	EXP 	text: height = 0.05
7.5057 	EXP 	text: height = 0.05
7.5057 	EXP 	text: height = 0.05
7.5057 	EXP 	text: text = 0.7109826999985671
7.5099 	EXP 	text: height = 0.05
7.5099 	EXP 	text: height = 0.05
7.5099 	EXP 	text: height = 0.05
7.5099 	EXP 	text: text = 0.7068454000000202
7.5141 	EXP 	text: height = 0.05
7.5141 	EXP 	text: height = 0.05
7.5141 	EXP 	text: height = 0.05
7.5141 	EXP 	text: text = 0.7026774000005389
7.5188 	EXP 	text: height = 0.05
7.5188 	EXP 	text: height = 0.05
7.5188 	EXP 	text: height = 0.05
7.5188 	EXP 	text: text = 0.6985079999976733
7.5224 	EXP 	text: height = 0.05
7.5224 	EXP 	text: height = 0.05
7.5224 	EXP 	text: height = 0.05
7.5224 	EXP 	text: text = 0.6937770000004093
7.5266 	EXP 	text: height = 0.05
7.5266 	EXP 	text: height = 0.05
7.5266 	EXP 	text: height = 0.05
7.5266 	EXP 	text: text = 0.6901242999992974
7.5308 	EXP 	text: height = 0.05
7.5308 	EXP 	text: height = 0.05
7.5308 	EXP 	text: height = 0.05
7.5308 	EXP 	text: text = 0.6859886999991431
7.5349 	EXP 	text: height = 0.05
7.5349 	EXP 	text: height = 0.05
7.5349 	EXP 	text: height = 0.05
7.5349 	EXP 	text: text = 0.6817883000003349
7.5391 	EXP 	text: height = 0.05
7.5391 	EXP 	text: height = 0.05
7.5391 	EXP 	text: height = 0.05
7.5391 	EXP 	text: text = 0.6776404999982333
7.5433 	EXP 	text: height = 0.05
7.5433 	EXP 	text: height = 0.05
7.5433 	EXP 	text: height = 0.05
7.5433 	EXP 	text: text = 0.6734455000005255
7.5475 	EXP 	text: height = 0.05
7.5475 	EXP 	text: height = 0.05
7.5475 	EXP 	text: height = 0.05
7.5475 	EXP 	text: text = 0.6692723999985901
7.5516 	EXP 	text: height = 0.05
7.5516 	EXP 	text: height = 0.05
7.5516 	EXP 	text: height = 0.05
7.5516 	EXP 	text: text = 0.6651141000002099
7.5558 	EXP 	text: height = 0.05
7.5558 	EXP 	text: height = 0.05
7.5558 	EXP 	text: height = 0.05
7.5558 	EXP 	text: text = 0.6609390999983589
7.5600 	EXP 	text: height = 0.05
7.5600 	EXP 	text: height = 0.05
7.5600 	EXP 	text: height = 0.05
7.5600 	EXP 	text: text = 0.656787699997949
7.5642 	EXP 	text: height = 0.05
7.5642 	EXP 	text: height = 0.05
7.5642 	EXP 	text: height = 0.05
7.5642 	EXP 	text: text = 0.6526095000008354
7.5684 	EXP 	text: height = 0.05
7.5684 	EXP 	text: height = 0.05
7.5684 	EXP 	text: height = 0.05
7.5684 	EXP 	text: text = 0.6484462999978859
7.5725 	EXP 	text: height = 0.05
7.5725 	EXP 	text: height = 0.05
7.5725 	EXP 	text: height = 0.05
7.5725 	EXP 	text: text = 0.6441426999990654
7.5767 	EXP 	text: height = 0.05
7.5767 	EXP 	text: height = 0.05
7.5767 	EXP 	text: height = 0.05
7.5767 	EXP 	text: text = 0.6401017999996839
7.5808 	EXP 	text: height = 0.05
7.5808 	EXP 	text: height = 0.05
7.5808 	EXP 	text: height = 0.05
7.5808 	EXP 	text: text = 0.6359324000004563
7.5850 	EXP 	text: height = 0.05
7.5850 	EXP 	text: height = 0.05
7.5850 	EXP 	text: height = 0.05
7.5850 	EXP 	text: text = 0.6317168999994465
7.5892 	EXP 	text: height = 0.05
7.5892 	EXP 	text: height = 0.05
7.5892 	EXP 	text: height = 0.05
7.5892 	EXP 	text: text = 0.627590500000224
7.5934 	EXP 	text: height = 0.05
7.5934 	EXP 	text: height = 0.05
7.5934 	EXP 	text: height = 0.05
7.5934 	EXP 	text: text = 0.6234168000009959
7.5975 	EXP 	text: height = 0.05
7.5975 	EXP 	text: height = 0.05
7.5975 	EXP 	text: height = 0.05
7.5975 	EXP 	text: text = 0.6192454000010912
7.6017 	EXP 	text: height = 0.05
7.6017 	EXP 	text: height = 0.05
7.6017 	EXP 	text: height = 0.05
7.6017 	EXP 	text: text = 0.6150721000012709
7.6059 	EXP 	text: height = 0.05
7.6059 	EXP 	text: height = 0.05
7.6059 	EXP 	text: height = 0.05
7.6059 	EXP 	text: text = 0.6109063000003516
7.6100 	EXP 	text: height = 0.05
7.6100 	EXP 	text: height = 0.05
7.6100 	EXP 	text: height = 0.05
7.6100 	EXP 	text: text = 0.6067349000004469
7.6143 	EXP 	text: height = 0.05
7.6143 	EXP 	text: height = 0.05
7.6143 	EXP 	text: height = 0.05
7.6143 	EXP 	text: text = 0.6025657999998657
7.6184 	EXP 	text: height = 0.05
7.6184 	EXP 	text: height = 0.05
7.6184 	EXP 	text: height = 0.05
7.6184 	EXP 	text: text = 0.5982521999976598
7.6225 	EXP 	text: height = 0.05
7.6225 	EXP 	text: height = 0.05
7.6225 	EXP 	text: height = 0.05
7.6225 	EXP 	text: text = 0.5942149000002246
7.6267 	EXP 	text: height = 0.05
7.6267 	EXP 	text: height = 0.05
7.6267 	EXP 	text: height = 0.05
7.6267 	EXP 	text: text = 0.5900517000009131
7.6309 	EXP 	text: height = 0.05
7.6309 	EXP 	text: height = 0.05
7.6309 	EXP 	text: height = 0.05
7.6309 	EXP 	text: text = 0.5858803999981319
7.6351 	EXP 	text: height = 0.05
7.6351 	EXP 	text: height = 0.05
7.6351 	EXP 	text: height = 0.05
7.6351 	EXP 	text: text = 0.5817060999979731
7.6392 	EXP 	text: height = 0.05
7.6392 	EXP 	text: height = 0.05
7.6392 	EXP 	text: height = 0.05
7.6392 	EXP 	text: text = 0.5775404999985767
7.6434 	EXP 	text: height = 0.05
7.6434 	EXP 	text: height = 0.05
7.6434 	EXP 	text: height = 0.05
7.6434 	EXP 	text: text = 0.573371300000872
7.6476 	EXP 	text: height = 0.05
7.6476 	EXP 	text: height = 0.05
7.6476 	EXP 	text: height = 0.05
7.6476 	EXP 	text: text = 0.569199599998683
7.6517 	EXP 	text: height = 0.05
7.6517 	EXP 	text: height = 0.05
7.6517 	EXP 	text: height = 0.05
7.6517 	EXP 	text: text = 0.5650217000002158
7.6559 	EXP 	text: height = 0.05
7.6559 	EXP 	text: height = 0.05
7.6559 	EXP 	text: height = 0.05
7.6559 	EXP 	text: text = 0.5608604999979434
7.6613 	EXP 	text: height = 0.05
7.6613 	EXP 	text: height = 0.05
7.6613 	EXP 	text: height = 0.05
7.6613 	EXP 	text: text = 0.5566838999984611
7.6644 	EXP 	text: height = 0.05
7.6644 	EXP 	text: height = 0.05
7.6644 	EXP 	text: height = 0.05
7.6644 	EXP 	text: text = 0.5513098000010359
7.6686 	EXP 	text: height = 0.05
7.6686 	EXP 	text: height = 0.05
7.6686 	EXP 	text: height = 0.05
7.6686 	EXP 	text: text = 0.5481747999983781
7.6728 	EXP 	text: height = 0.05
7.6728 	EXP 	text: height = 0.05
7.6728 	EXP 	text: height = 0.05
7.6728 	EXP 	text: text = 0.5440035999999964
7.6769 	EXP 	text: height = 0.05
7.6769 	EXP 	text: height = 0.05
7.6769 	EXP 	text: height = 0.05
7.6769 	EXP 	text: text = 0.5398328000010224
7.6811 	EXP 	text: height = 0.05
7.6811 	EXP 	text: height = 0.05
7.6811 	EXP 	text: height = 0.05
7.6811 	EXP 	text: text = 0.535668299999088
7.6853 	EXP 	text: height = 0.05
7.6853 	EXP 	text: height = 0.05
7.6853 	EXP 	text: height = 0.05
7.6853 	EXP 	text: text = 0.5315005999982532
7.6894 	EXP 	text: height = 0.05
7.6894 	EXP 	text: height = 0.05
7.6894 	EXP 	text: height = 0.05
7.6894 	EXP 	text: text = 0.5273278999993636
7.6936 	EXP 	text: height = 0.05
7.6936 	EXP 	text: height = 0.05
7.6936 	EXP 	text: height = 0.05
7.6936 	EXP 	text: text = 0.5231566000002204
7.6978 	EXP 	text: height = 0.05
7.6978 	EXP 	text: height = 0.05
7.6978 	EXP 	text: height = 0.05
7.6978 	EXP 	text: text = 0.5189804000001459
7.7020 	EXP 	text: height = 0.05
7.7020 	EXP 	text: height = 0.05
7.7020 	EXP 	text: height = 0.05
7.7020 	EXP 	text: text = 0.5148158999982115
7.7061 	EXP 	text: height = 0.05
7.7061 	EXP 	text: height = 0.05
7.7061 	EXP 	text: height = 0.05
7.7061 	EXP 	text: text = 0.5106458000009297
7.7104 	EXP 	text: height = 0.05
7.7104 	EXP 	text: height = 0.05
7.7104 	EXP 	text: height = 0.05
7.7104 	EXP 	text: text = 0.5064726999989944
7.7145 	EXP 	text: height = 0.05
7.7145 	EXP 	text: height = 0.05
7.7145 	EXP 	text: height = 0.05
7.7145 	EXP 	text: text = 0.5021788999983983
7.7186 	EXP 	text: height = 0.05
7.7186 	EXP 	text: height = 0.05
7.7186 	EXP 	text: height = 0.05
7.7186 	EXP 	text: text = 0.49812440000096103
7.7228 	EXP 	text: height = 0.05
7.7228 	EXP 	text: height = 0.05
7.7228 	EXP 	text: height = 0.05
7.7228 	EXP 	text: text = 0.4939708999991126
7.7270 	EXP 	text: height = 0.05
7.7270 	EXP 	text: height = 0.05
7.7270 	EXP 	text: height = 0.05
7.7270 	EXP 	text: text = 0.489787399998022
7.7312 	EXP 	text: height = 0.05
7.7312 	EXP 	text: height = 0.05
7.7312 	EXP 	text: height = 0.05
7.7312 	EXP 	text: text = 0.48562049999964074
7.7353 	EXP 	text: height = 0.05
7.7353 	EXP 	text: height = 0.05
7.7353 	EXP 	text: height = 0.05
7.7353 	EXP 	text: text = 0.4814435999978741
7.7395 	EXP 	text: height = 0.05
7.7395 	EXP 	text: height = 0.05
7.7395 	EXP 	text: height = 0.05
7.7395 	EXP 	text: text = 0.477255800000421
7.7437 	EXP 	text: height = 0.05
7.7437 	EXP 	text: height = 0.05
7.7437 	EXP 	text: height = 0.05
7.7437 	EXP 	text: text = 0.47305839999899035
7.7478 	EXP 	text: height = 0.05
7.7478 	EXP 	text: height = 0.05
7.7478 	EXP 	text: height = 0.05
7.7478 	EXP 	text: text = 0.46892169999773614
7.7520 	EXP 	text: height = 0.05
7.7520 	EXP 	text: height = 0.05
7.7520 	EXP 	text: height = 0.05
7.7520 	EXP 	text: text = 0.46476260000054026
7.7573 	EXP 	text: height = 0.05
7.7573 	EXP 	text: height = 0.05
7.7573 	EXP 	text: height = 0.05
7.7573 	EXP 	text: text = 0.4605912000006356
7.7604 	EXP 	text: height = 0.05
7.7604 	EXP 	text: height = 0.05
7.7604 	EXP 	text: height = 0.05
7.7604 	EXP 	text: text = 0.45527990000118734
7.7645 	EXP 	text: height = 0.05
7.7645 	EXP 	text: height = 0.05
7.7645 	EXP 	text: height = 0.05
7.7645 	EXP 	text: text = 0.45222350000040024
7.7687 	EXP 	text: height = 0.05
7.7687 	EXP 	text: height = 0.05
7.7687 	EXP 	text: height = 0.05
7.7687 	EXP 	text: text = 0.44807899999796064
7.7729 	EXP 	text: height = 0.05
7.7729 	EXP 	text: height = 0.05
7.7729 	EXP 	text: height = 0.05
7.7729 	EXP 	text: text = 0.4438975000011851
7.7770 	EXP 	text: height = 0.05
7.7770 	EXP 	text: height = 0.05
7.7770 	EXP 	text: height = 0.05
7.7770 	EXP 	text: text = 0.4397374000000127
7.7812 	EXP 	text: height = 0.05
7.7812 	EXP 	text: height = 0.05
7.7812 	EXP 	text: height = 0.05
7.7812 	EXP 	text: text = 0.4355623999981617
7.7854 	EXP 	text: height = 0.05
7.7854 	EXP 	text: height = 0.05
7.7854 	EXP 	text: height = 0.05
7.7854 	EXP 	text: text = 0.4313980000006268
7.7897 	EXP 	text: height = 0.05
7.7897 	EXP 	text: height = 0.05
7.7897 	EXP 	text: height = 0.05
7.7897 	EXP 	text: text = 0.4272071999985201
7.7937 	EXP 	text: height = 0.05
7.7937 	EXP 	text: height = 0.05
7.7937 	EXP 	text: height = 0.05
7.7937 	EXP 	text: text = 0.4229190000005474
7.7979 	EXP 	text: height = 0.05
7.7979 	EXP 	text: height = 0.05
7.7979 	EXP 	text: height = 0.05
7.7979 	EXP 	text: text = 0.4188814999979513
7.8021 	EXP 	text: height = 0.05
7.8021 	EXP 	text: height = 0.05
7.8021 	EXP 	text: height = 0.05
7.8021 	EXP 	text: text = 0.41471240000100806
7.8062 	EXP 	text: height = 0.05
7.8062 	EXP 	text: height = 0.05
7.8062 	EXP 	text: height = 0.05
7.8062 	EXP 	text: text = 0.4105431999996654
7.8104 	EXP 	text: height = 0.05
7.8104 	EXP 	text: height = 0.05
7.8104 	EXP 	text: height = 0.05
7.8104 	EXP 	text: text = 0.40632929999992484
7.8146 	EXP 	text: height = 0.05
7.8146 	EXP 	text: height = 0.05
7.8146 	EXP 	text: height = 0.05
7.8146 	EXP 	text: text = 0.402198200001294
7.8199 	EXP 	text: height = 0.05
7.8199 	EXP 	text: height = 0.05
7.8199 	EXP 	text: height = 0.05
7.8199 	EXP 	text: text = 0.3980273999986821
7.8229 	EXP 	text: height = 0.05
7.8229 	EXP 	text: height = 0.05
7.8229 	EXP 	text: height = 0.05
7.8229 	EXP 	text: text = 0.3926772999984678
7.8271 	EXP 	text: height = 0.05
7.8271 	EXP 	text: height = 0.05
7.8271 	EXP 	text: height = 0.05
7.8271 	EXP 	text: text = 0.389661299999716
7.8313 	EXP 	text: height = 0.05
7.8313 	EXP 	text: height = 0.05
7.8313 	EXP 	text: height = 0.05
7.8313 	EXP 	text: text = 0.38550319999922067
7.8354 	EXP 	text: height = 0.05
7.8354 	EXP 	text: height = 0.05
7.8354 	EXP 	text: height = 0.05
7.8354 	EXP 	text: text = 0.3813321999987238
7.8396 	EXP 	text: height = 0.05
7.8396 	EXP 	text: height = 0.05
7.8396 	EXP 	text: height = 0.05
7.8396 	EXP 	text: text = 0.3771541999994952
7.8438 	EXP 	text: height = 0.05
7.8438 	EXP 	text: height = 0.05
7.8438 	EXP 	text: height = 0.05
7.8438 	EXP 	text: text = 0.3730050000012852
7.8479 	EXP 	text: height = 0.05
7.8479 	EXP 	text: height = 0.05
7.8479 	EXP 	text: height = 0.05
7.8479 	EXP 	text: text = 0.3688341999986733
7.8521 	EXP 	text: height = 0.05
7.8521 	EXP 	text: height = 0.05
7.8521 	EXP 	text: height = 0.05
7.8521 	EXP 	text: text = 0.3646515000000363
7.8563 	EXP 	text: height = 0.05
7.8563 	EXP 	text: height = 0.05
7.8563 	EXP 	text: height = 0.05
7.8563 	EXP 	text: text = 0.36046319999877596
7.8605 	EXP 	text: height = 0.05
7.8605 	EXP 	text: height = 0.05
7.8605 	EXP 	text: height = 0.05
7.8605 	EXP 	text: text = 0.35631959999955143
7.8658 	EXP 	text: height = 0.05
7.8658 	EXP 	text: height = 0.05
7.8658 	EXP 	text: height = 0.05
7.8658 	EXP 	text: text = 0.35214840000116965
7.8688 	EXP 	text: height = 0.05
7.8688 	EXP 	text: height = 0.05
7.8688 	EXP 	text: height = 0.05
7.8688 	EXP 	text: text = 0.34680110000044806
7.8730 	EXP 	text: height = 0.05
7.8730 	EXP 	text: height = 0.05
7.8730 	EXP 	text: height = 0.05
7.8730 	EXP 	text: text = 0.34376720000000205
7.8771 	EXP 	text: height = 0.05
7.8771 	EXP 	text: height = 0.05
7.8771 	EXP 	text: height = 0.05
7.8771 	EXP 	text: text = 0.33957920000102604
7.8813 	EXP 	text: height = 0.05
7.8813 	EXP 	text: height = 0.05
7.8813 	EXP 	text: height = 0.05
7.8813 	EXP 	text: text = 0.33545629999935045
7.8855 	EXP 	text: height = 0.05
7.8855 	EXP 	text: height = 0.05
7.8855 	EXP 	text: height = 0.05
7.8855 	EXP 	text: text = 0.33130919999894104
7.8896 	EXP 	text: height = 0.05
7.8896 	EXP 	text: height = 0.05
7.8896 	EXP 	text: height = 0.05
7.8896 	EXP 	text: text = 0.3271041999978479
7.8938 	EXP 	text: height = 0.05
7.8938 	EXP 	text: height = 0.05
7.8938 	EXP 	text: height = 0.05
7.8938 	EXP 	text: text = 0.32296539999879315
7.8982 	EXP 	text: height = 0.05
7.8982 	EXP 	text: height = 0.05
7.8982 	EXP 	text: height = 0.05
7.8982 	EXP 	text: text = 0.31878189999770257
7.9023 	EXP 	text: height = 0.05
7.9023 	EXP 	text: height = 0.05
7.9023 	EXP 	text: height = 0.05
7.9023 	EXP 	text: text = 0.3143374999999651
7.9064 	EXP 	text: height = 0.05
7.9064 	EXP 	text: height = 0.05
7.9064 	EXP 	text: height = 0.05
7.9064 	EXP 	text: text = 0.310304399998131
7.9106 	EXP 	text: height = 0.05
7.9106 	EXP 	text: height = 0.05
7.9106 	EXP 	text: height = 0.05
7.9106 	EXP 	text: text = 0.30615319999924395
7.9148 	EXP 	text: height = 0.05
7.9148 	EXP 	text: height = 0.05
7.9148 	EXP 	text: height = 0.05
7.9148 	EXP 	text: text = 0.30198680000103195
7.9190 	EXP 	text: height = 0.05
7.9190 	EXP 	text: height = 0.05
7.9190 	EXP 	text: height = 0.05
7.9190 	EXP 	text: text = 0.2978048000004492
7.9231 	EXP 	text: height = 0.05
7.9231 	EXP 	text: height = 0.05
7.9231 	EXP 	text: height = 0.05
7.9231 	EXP 	text: text = 0.2936444999977539
7.9273 	EXP 	text: height = 0.05
7.9273 	EXP 	text: height = 0.05
7.9273 	EXP 	text: height = 0.05
7.9273 	EXP 	text: text = 0.28947359999801847
7.9316 	EXP 	text: height = 0.05
7.9316 	EXP 	text: height = 0.05
7.9316 	EXP 	text: height = 0.05
7.9316 	EXP 	text: text = 0.2853250999978627
7.9356 	EXP 	text: height = 0.05
7.9356 	EXP 	text: height = 0.05
7.9356 	EXP 	text: height = 0.05
7.9356 	EXP 	text: text = 0.2810313000009046
7.9398 	EXP 	text: height = 0.05
7.9398 	EXP 	text: height = 0.05
7.9398 	EXP 	text: height = 0.05
7.9398 	EXP 	text: text = 0.27696210000067367
7.9440 	EXP 	text: height = 0.05
7.9440 	EXP 	text: height = 0.05
7.9440 	EXP 	text: height = 0.05
7.9440 	EXP 	text: text = 0.272791799998231
7.9481 	EXP 	text: height = 0.05
7.9481 	EXP 	text: height = 0.05
7.9481 	EXP 	text: height = 0.05
7.9481 	EXP 	text: text = 0.2686294999984966
7.9523 	EXP 	text: height = 0.05
7.9523 	EXP 	text: height = 0.05
7.9523 	EXP 	text: height = 0.05
7.9523 	EXP 	text: text = 0.2644770000006247
7.9565 	EXP 	text: height = 0.05
7.9565 	EXP 	text: height = 0.05
7.9565 	EXP 	text: height = 0.05
7.9565 	EXP 	text: text = 0.2602717000008852
7.9614 	EXP 	text: height = 0.05
7.9614 	EXP 	text: height = 0.05
7.9614 	EXP 	text: height = 0.05
7.9614 	EXP 	text: text = 0.25609369999801856
7.9648 	EXP 	text: height = 0.05
7.9648 	EXP 	text: height = 0.05
7.9648 	EXP 	text: height = 0.05
7.9648 	EXP 	text: text = 0.25121389999912935
7.9690 	EXP 	text: height = 0.05
7.9690 	EXP 	text: height = 0.05
7.9690 	EXP 	text: height = 0.05
7.9690 	EXP 	text: text = 0.2477644999999029
7.9732 	EXP 	text: height = 0.05
7.9732 	EXP 	text: height = 0.05
7.9732 	EXP 	text: height = 0.05
7.9732 	EXP 	text: text = 0.24359030000050552
7.9774 	EXP 	text: height = 0.05
7.9774 	EXP 	text: height = 0.05
7.9774 	EXP 	text: height = 0.05
7.9774 	EXP 	text: text = 0.23942170000009355
7.9815 	EXP 	text: height = 0.05
7.9815 	EXP 	text: height = 0.05
7.9815 	EXP 	text: height = 0.05
7.9815 	EXP 	text: text = 0.235244600000442
7.9857 	EXP 	text: height = 0.05
7.9857 	EXP 	text: height = 0.05
7.9857 	EXP 	text: height = 0.05
7.9857 	EXP 	text: text = 0.23108119999960763
7.9899 	EXP 	text: height = 0.05
7.9899 	EXP 	text: height = 0.05
7.9899 	EXP 	text: height = 0.05
7.9899 	EXP 	text: text = 0.22690629999851808
7.9941 	EXP 	text: height = 0.05
7.9941 	EXP 	text: height = 0.05
7.9941 	EXP 	text: height = 0.05
7.9941 	EXP 	text: text = 0.222749799999292
7.9982 	EXP 	text: height = 0.05
7.9982 	EXP 	text: height = 0.05
7.9982 	EXP 	text: height = 0.05
7.9982 	EXP 	text: text = 0.2184610000003886
8.0024 	EXP 	text: height = 0.05
8.0024 	EXP 	text: height = 0.05
8.0024 	EXP 	text: height = 0.05
8.0024 	EXP 	text: text = 0.2143910999984655
8.0065 	EXP 	text: height = 0.05
8.0065 	EXP 	text: height = 0.05
8.0065 	EXP 	text: height = 0.05
8.0065 	EXP 	text: text = 0.21022349999839207
8.0107 	EXP 	text: height = 0.05
8.0107 	EXP 	text: height = 0.05
8.0107 	EXP 	text: height = 0.05
8.0107 	EXP 	text: text = 0.2060538000005181
8.0149 	EXP 	text: height = 0.05
8.0149 	EXP 	text: height = 0.05
8.0149 	EXP 	text: height = 0.05
8.0149 	EXP 	text: text = 0.20188299999790615
8.0191 	EXP 	text: height = 0.05
8.0191 	EXP 	text: height = 0.05
8.0191 	EXP 	text: height = 0.05
8.0191 	EXP 	text: text = 0.19771340000079363
8.0244 	EXP 	text: height = 0.05
8.0244 	EXP 	text: height = 0.05
8.0244 	EXP 	text: height = 0.05
8.0244 	EXP 	text: text = 0.1935401999980968
8.0274 	EXP 	text: height = 0.05
8.0274 	EXP 	text: height = 0.05
8.0274 	EXP 	text: height = 0.05
8.0274 	EXP 	text: text = 0.18823079999856418
8.0316 	EXP 	text: height = 0.05
8.0316 	EXP 	text: height = 0.05
8.0316 	EXP 	text: height = 0.05
8.0316 	EXP 	text: text = 0.18519779999769526
8.0357 	EXP 	text: height = 0.05
8.0357 	EXP 	text: height = 0.05
8.0357 	EXP 	text: height = 0.05
8.0357 	EXP 	text: text = 0.1810259000012593
8.0399 	EXP 	text: height = 0.05
8.0399 	EXP 	text: height = 0.05
8.0399 	EXP 	text: height = 0.05
8.0399 	EXP 	text: text = 0.17686939999839524
8.0441 	EXP 	text: height = 0.05
8.0441 	EXP 	text: height = 0.05
8.0441 	EXP 	text: height = 0.05
8.0441 	EXP 	text: text = 0.1726810000000114
8.0483 	EXP 	text: height = 0.05
8.0483 	EXP 	text: height = 0.05
8.0483 	EXP 	text: height = 0.05
8.0483 	EXP 	text: text = 0.16851479999968433
8.0524 	EXP 	text: height = 0.05
8.0524 	EXP 	text: height = 0.05
8.0524 	EXP 	text: height = 0.05
8.0524 	EXP 	text: text = 0.16434379999918747
8.0568 	EXP 	text: height = 0.05
8.0568 	EXP 	text: height = 0.05
8.0568 	EXP 	text: height = 0.05
8.0568 	EXP 	text: text = 0.16017029999784427
8.0608 	EXP 	text: height = 0.05
8.0608 	EXP 	text: height = 0.05
8.0608 	EXP 	text: height = 0.05
8.0608 	EXP 	text: text = 0.15579449999859207
8.0649 	EXP 	text: height = 0.05
8.0649 	EXP 	text: height = 0.05
8.0649 	EXP 	text: height = 0.05
8.0649 	EXP 	text: text = 0.15182959999947343
8.0691 	EXP 	text: height = 0.05
8.0691 	EXP 	text: height = 0.05
8.0691 	EXP 	text: height = 0.05
8.0691 	EXP 	text: text = 0.14765780000016093
8.0733 	EXP 	text: height = 0.05
8.0733 	EXP 	text: height = 0.05
8.0733 	EXP 	text: height = 0.05
8.0733 	EXP 	text: text = 0.14348700000118697
8.0775 	EXP 	text: height = 0.05
8.0775 	EXP 	text: height = 0.05
8.0775 	EXP 	text: height = 0.05
8.0775 	EXP 	text: text = 0.13931700000102865
8.0816 	EXP 	text: height = 0.05
8.0816 	EXP 	text: height = 0.05
8.0816 	EXP 	text: height = 0.05
8.0816 	EXP 	text: text = 0.1351475000010396
8.0858 	EXP 	text: height = 0.05
8.0858 	EXP 	text: height = 0.05
8.0858 	EXP 	text: height = 0.05
8.0858 	EXP 	text: text = 0.13099309999961406
8.0901 	EXP 	text: height = 0.05
8.0901 	EXP 	text: height = 0.05
8.0901 	EXP 	text: height = 0.05
8.0901 	EXP 	text: text = 0.1268181999985245
8.0941 	EXP 	text: height = 0.05
8.0941 	EXP 	text: height = 0.05
8.0941 	EXP 	text: height = 0.05
8.0941 	EXP 	text: text = 0.12251769999784301
8.0983 	EXP 	text: height = 0.05
8.0983 	EXP 	text: height = 0.05
8.0983 	EXP 	text: height = 0.05
8.0983 	EXP 	text: text = 0.11845399999947404
8.1025 	EXP 	text: height = 0.05
8.1025 	EXP 	text: height = 0.05
8.1025 	EXP 	text: height = 0.05
8.1025 	EXP 	text: text = 0.11429109999880893
8.1067 	EXP 	text: height = 0.05
8.1067 	EXP 	text: height = 0.05
8.1067 	EXP 	text: height = 0.05
8.1067 	EXP 	text: text = 0.11011800000051153
8.1108 	EXP 	text: height = 0.05
8.1108 	EXP 	text: height = 0.05
8.1108 	EXP 	text: height = 0.05
8.1108 	EXP 	text: text = 0.10594729999866104
8.1150 	EXP 	text: height = 0.05
8.1150 	EXP 	text: height = 0.05
8.1150 	EXP 	text: height = 0.05
8.1150 	EXP 	text: text = 0.10177810000095633
8.1200 	EXP 	text: height = 0.05
8.1200 	EXP 	text: height = 0.05
8.1200 	EXP 	text: height = 0.05
8.1200 	EXP 	text: text = 0.09760760000062874
8.1233 	EXP 	text: height = 0.05
8.1233 	EXP 	text: height = 0.05
8.1233 	EXP 	text: height = 0.05
8.1233 	EXP 	text: text = 0.09261559999868041
8.1275 	EXP 	text: height = 0.05
8.1275 	EXP 	text: height = 0.05
8.1275 	EXP 	text: height = 0.05
8.1275 	EXP 	text: text = 0.08923549999963143
8.1317 	EXP 	text: height = 0.05
8.1317 	EXP 	text: height = 0.05
8.1317 	EXP 	text: height = 0.05
8.1317 	EXP 	text: text = 0.08510419999947771
8.1359 	EXP 	text: height = 0.05
8.1359 	EXP 	text: height = 0.05
8.1359 	EXP 	text: height = 0.05
8.1359 	EXP 	text: text = 0.08092179999948712
8.1400 	EXP 	text: height = 0.05
8.1400 	EXP 	text: height = 0.05
8.1400 	EXP 	text: height = 0.05
8.1400 	EXP 	text: text = 0.07673639999848092
8.1442 	EXP 	text: height = 0.05
8.1442 	EXP 	text: height = 0.05
8.1442 	EXP 	text: height = 0.05
8.1442 	EXP 	text: text = 0.07258390000060899
8.1484 	EXP 	text: height = 0.05
8.1484 	EXP 	text: height = 0.05
8.1484 	EXP 	text: height = 0.05
8.1484 	EXP 	text: text = 0.06841039999926579
8.1527 	EXP 	text: height = 0.05
8.1527 	EXP 	text: height = 0.05
8.1527 	EXP 	text: height = 0.05
8.1527 	EXP 	text: text = 0.06414229999791132
8.1567 	EXP 	text: height = 0.05
8.1567 	EXP 	text: height = 0.05
8.1567 	EXP 	text: height = 0.05
8.1567 	EXP 	text: text = 0.05990860000019893
8.1609 	EXP 	text: height = 0.05
8.1609 	EXP 	text: height = 0.05
8.1609 	EXP 	text: height = 0.05
8.1609 	EXP 	text: text = 0.05588599999828148
8.1651 	EXP 	text: height = 0.05
8.1651 	EXP 	text: height = 0.05
8.1651 	EXP 	text: height = 0.05
8.1651 	EXP 	text: text = 0.051727400001254864
8.1692 	EXP 	text: height = 0.05
8.1692 	EXP 	text: height = 0.05
8.1692 	EXP 	text: height = 0.05
8.1692 	EXP 	text: text = 0.047541500000079395
8.1734 	EXP 	text: height = 0.05
8.1734 	EXP 	text: height = 0.05
8.1734 	EXP 	text: height = 0.05
8.1734 	EXP 	text: text = 0.04335720000017318
8.1776 	EXP 	text: height = 0.05
8.1776 	EXP 	text: height = 0.05
8.1776 	EXP 	text: height = 0.05
8.1776 	EXP 	text: text = 0.039213899999595014
8.1817 	EXP 	text: height = 0.05
8.1817 	EXP 	text: height = 0.05
8.1817 	EXP 	text: height = 0.05
8.1817 	EXP 	text: text = 0.03504419999808306
8.1859 	EXP 	text: height = 0.05
8.1859 	EXP 	text: height = 0.05
8.1859 	EXP 	text: height = 0.05
8.1859 	EXP 	text: text = 0.030871299997670576
8.1901 	EXP 	text: height = 0.05
8.1901 	EXP 	text: height = 0.05
8.1901 	EXP 	text: height = 0.05
8.1901 	EXP 	text: text = 0.02670130000115023
8.1942 	EXP 	text: height = 0.05
8.1942 	EXP 	text: height = 0.05
8.1942 	EXP 	text: height = 0.05
8.1942 	EXP 	text: text = 0.022526799999468494
8.1988 	EXP 	text: height = 0.05
8.1988 	EXP 	text: height = 0.05
8.1988 	EXP 	text: height = 0.05
8.1988 	EXP 	text: text = 0.018360899997787783
8.2026 	EXP 	text: height = 0.05
8.2026 	EXP 	text: height = 0.05
8.2026 	EXP 	text: height = 0.05
8.2026 	EXP 	text: text = 0.013843500000803033
8.2068 	EXP 	text: height = 0.05
8.2068 	EXP 	text: height = 0.05
8.2068 	EXP 	text: height = 0.05
8.2068 	EXP 	text: text = 0.009961600000679027
8.2109 	EXP 	text: height = 0.05
8.2109 	EXP 	text: height = 0.05
8.2109 	EXP 	text: height = 0.05
8.2109 	EXP 	text: text = 0.005846199997904478
8.2151 	EXP 	text: height = 0.05
8.2151 	EXP 	text: height = 0.05
8.2151 	EXP 	text: height = 0.05
8.2151 	EXP 	text: text = 0.0016771999980846886
8.2193 	EXP 	text: height = 0.05
8.2193 	EXP 	text: height = 0.05
8.2193 	EXP 	text: height = 0.05
8.2193 	EXP 	text: text = -0.0024947000019892585
8.2234 	EXP 	text: height = 0.05
8.2234 	EXP 	text: height = 0.05
8.2234 	EXP 	text: height = 0.05
8.2234 	EXP 	text: text = -0.006665299999440322
8.2276 	EXP 	text: height = 0.05
8.2276 	EXP 	text: height = 0.05
8.2276 	EXP 	text: height = 0.05
8.2276 	EXP 	text: text = -0.010838199999852804
8.2318 	EXP 	text: height = 0.05
8.2318 	EXP 	text: height = 0.05
8.2318 	EXP 	text: height = 0.05
8.2318 	EXP 	text: text = -0.01500579999992624
8.2360 	EXP 	text: height = 0.05
8.2360 	EXP 	text: height = 0.05
8.2360 	EXP 	text: height = 0.05
8.2360 	EXP 	text: text = -0.019185500001185574
8.2401 	EXP 	text: height = 0.05
8.2401 	EXP 	text: height = 0.05
8.2401 	EXP 	text: height = 0.05
8.2401 	EXP 	text: text = -0.023361999999906402
8.2448 	EXP 	text: height = 0.05
8.2448 	EXP 	text: height = 0.05
8.2448 	EXP 	text: height = 0.05
8.2448 	EXP 	text: text = -0.02751870000065537
8.2485 	EXP 	text: height = 0.05
8.2485 	EXP 	text: height = 0.05
8.2485 	EXP 	text: height = 0.05
8.2485 	EXP 	text: text = -0.03223739999884856
8.2526 	EXP 	text: height = 0.05
8.2526 	EXP 	text: height = 0.05
8.2526 	EXP 	text: height = 0.05
8.2526 	EXP 	text: text = -0.0358927000015683
8.2568 	EXP 	text: height = 0.05
8.2568 	EXP 	text: height = 0.05
8.2568 	EXP 	text: height = 0.05
8.2568 	EXP 	text: text = -0.04003459999876213
8.2610 	EXP 	text: height = 0.05
8.2610 	EXP 	text: height = 0.05
8.2610 	EXP 	text: height = 0.05
8.2610 	EXP 	text: text = -0.0442036000022199
8.2651 	EXP 	text: height = 0.05
8.2651 	EXP 	text: height = 0.05
8.2651 	EXP 	text: height = 0.05
8.2651 	EXP 	text: text = -0.04840220000187401
8.2693 	EXP 	text: height = 0.05
8.2693 	EXP 	text: height = 0.05
8.2693 	EXP 	text: height = 0.05
8.2693 	EXP 	text: text = -0.052545499998814194
8.2735 	EXP 	text: height = 0.05
8.2735 	EXP 	text: height = 0.05
8.2735 	EXP 	text: height = 0.05
8.2735 	EXP 	text: text = -0.05671760000041104
8.2777 	EXP 	text: height = 0.05
8.2777 	EXP 	text: height = 0.05
8.2777 	EXP 	text: height = 0.05
8.2777 	EXP 	text: text = -0.060889899999892805
8.2818 	EXP 	text: height = 0.05
8.2818 	EXP 	text: height = 0.05
8.2818 	EXP 	text: height = 0.05
8.2818 	EXP 	text: text = -0.06506110000191256
8.2860 	EXP 	text: height = 0.05
8.2860 	EXP 	text: height = 0.05
8.2860 	EXP 	text: height = 0.05
8.2860 	EXP 	text: text = -0.06922879999910947
8.2904 	EXP 	text: height = 0.05
8.2904 	EXP 	text: height = 0.05
8.2904 	EXP 	text: height = 0.05
8.2904 	EXP 	text: text = -0.07340010000189068
8.2944 	EXP 	text: height = 0.05
8.2944 	EXP 	text: height = 0.05
8.2944 	EXP 	text: height = 0.05
8.2944 	EXP 	text: text = -0.07780389999970794
8.2985 	EXP 	text: height = 0.05
8.2985 	EXP 	text: height = 0.05
8.2985 	EXP 	text: height = 0.05
8.2985 	EXP 	text: text = -0.08187470000120811
8.3027 	EXP 	text: height = 0.05
8.3027 	EXP 	text: height = 0.05
8.3027 	EXP 	text: height = 0.05
8.3027 	EXP 	text: text = -0.08591580000211252
8.3069 	EXP 	text: height = 0.05
8.3069 	EXP 	text: height = 0.05
8.3069 	EXP 	text: height = 0.05
8.3069 	EXP 	text: text = -0.09008960000210209
8.3110 	EXP 	text: height = 0.05
8.3110 	EXP 	text: height = 0.05
8.3110 	EXP 	text: height = 0.05
8.3110 	EXP 	text: text = -0.09427979999964009
8.3152 	EXP 	text: height = 0.05
8.3152 	EXP 	text: height = 0.05
8.3152 	EXP 	text: height = 0.05
8.3152 	EXP 	text: text = -0.09843929999988177
8.3194 	EXP 	text: height = 0.05
8.3194 	EXP 	text: height = 0.05
8.3194 	EXP 	text: height = 0.05
8.3194 	EXP 	text: text = -0.10259850000147708
8.3235 	EXP 	text: height = 0.05
8.3235 	EXP 	text: height = 0.05
8.3235 	EXP 	text: height = 0.05
8.3235 	EXP 	text: text = -0.10676890000104322
8.3277 	EXP 	text: height = 0.05
8.3277 	EXP 	text: height = 0.05
8.3277 	EXP 	text: height = 0.05
8.3277 	EXP 	text: text = -0.11094070000035572
8.3319 	EXP 	text: height = 0.05
8.3319 	EXP 	text: height = 0.05
8.3319 	EXP 	text: height = 0.05
8.3319 	EXP 	text: text = -0.11511099999916041
8.3361 	EXP 	text: height = 0.05
8.3361 	EXP 	text: height = 0.05
8.3361 	EXP 	text: height = 0.05
8.3361 	EXP 	text: text = -0.11929690000033588
8.3405 	EXP 	text: height = 0.05
8.3405 	EXP 	text: height = 0.05
8.3405 	EXP 	text: height = 0.05
8.3405 	EXP 	text: text = -0.12345550000100047
8.3444 	EXP 	text: height = 0.05
8.3444 	EXP 	text: height = 0.05
8.3444 	EXP 	text: height = 0.05
8.3444 	EXP 	text: text = -0.1278996000000916
8.3486 	EXP 	text: height = 0.05
8.3486 	EXP 	text: height = 0.05
8.3486 	EXP 	text: height = 0.05
8.3486 	EXP 	text: text = -0.13182640000013635
8.3527 	EXP 	text: height = 0.05
8.3527 	EXP 	text: height = 0.05
8.3527 	EXP 	text: height = 0.05
8.3527 	EXP 	text: text = -0.13596479999978328
8.3569 	EXP 	text: height = 0.05
8.3569 	EXP 	text: height = 0.05
8.3569 	EXP 	text: height = 0.05
8.3569 	EXP 	text: text = -0.14015680000011344
8.3611 	EXP 	text: height = 0.05
8.3611 	EXP 	text: height = 0.05
8.3611 	EXP 	text: height = 0.05
8.3611 	EXP 	text: text = -0.1443213000020478
8.3652 	EXP 	text: height = 0.05
8.3652 	EXP 	text: height = 0.05
8.3652 	EXP 	text: height = 0.05
8.3652 	EXP 	text: text = -0.1484770999995817
8.3694 	EXP 	text: height = 0.05
8.3694 	EXP 	text: height = 0.05
8.3694 	EXP 	text: height = 0.05
8.3694 	EXP 	text: text = -0.15264810000007856
8.3736 	EXP 	text: height = 0.05
8.3736 	EXP 	text: height = 0.05
8.3736 	EXP 	text: height = 0.05
8.3736 	EXP 	text: text = -0.1568215000006603
8.3778 	EXP 	text: height = 0.05
8.3778 	EXP 	text: height = 0.05
8.3778 	EXP 	text: height = 0.05
8.3778 	EXP 	text: text = -0.16101720000006026
8.3819 	EXP 	text: height = 0.05
8.3819 	EXP 	text: height = 0.05
8.3819 	EXP 	text: height = 0.05
8.3819 	EXP 	text: text = -0.165192799999204
8.3861 	EXP 	text: height = 0.05
8.3861 	EXP 	text: height = 0.05
8.3861 	EXP 	text: height = 0.05
8.3861 	EXP 	text: text = -0.169333199999528
8.3904 	EXP 	text: height = 0.05
8.3904 	EXP 	text: height = 0.05
8.3904 	EXP 	text: height = 0.05
8.3904 	EXP 	text: text = -0.1735387000007904
8.3944 	EXP 	text: height = 0.05
8.3944 	EXP 	text: height = 0.05
8.3944 	EXP 	text: height = 0.05
8.3944 	EXP 	text: text = -0.17783979999876465
8.3986 	EXP 	text: height = 0.05
8.3986 	EXP 	text: height = 0.05
8.3986 	EXP 	text: height = 0.05
8.3986 	EXP 	text: text = -0.18184589999873424
8.4028 	EXP 	text: height = 0.05
8.4028 	EXP 	text: height = 0.05
8.4028 	EXP 	text: height = 0.05
8.4028 	EXP 	text: text = -0.18603559999974095
8.4070 	EXP 	text: height = 0.05
8.4070 	EXP 	text: height = 0.05
8.4070 	EXP 	text: height = 0.05
8.4070 	EXP 	text: text = -0.1901983999996446
8.4111 	EXP 	text: height = 0.05
8.4111 	EXP 	text: height = 0.05
8.4111 	EXP 	text: height = 0.05
8.4111 	EXP 	text: text = -0.19435900000098627
8.4153 	EXP 	text: height = 0.05
8.4153 	EXP 	text: height = 0.05
8.4153 	EXP 	text: height = 0.05
8.4153 	EXP 	text: text = -0.1985342000007222
8.4195 	EXP 	text: height = 0.05
8.4195 	EXP 	text: height = 0.05
8.4195 	EXP 	text: height = 0.05
8.4195 	EXP 	text: text = -0.20270009999876493
8.4237 	EXP 	text: height = 0.05
8.4237 	EXP 	text: height = 0.05
8.4237 	EXP 	text: height = 0.05
8.4237 	EXP 	text: text = -0.20687290000205394
8.4278 	EXP 	text: height = 0.05
8.4278 	EXP 	text: height = 0.05
8.4278 	EXP 	text: height = 0.05
8.4278 	EXP 	text: text = -0.21110070000213454
8.4320 	EXP 	text: height = 0.05
8.4320 	EXP 	text: height = 0.05
8.4320 	EXP 	text: height = 0.05
8.4320 	EXP 	text: text = -0.2152112000003399
8.4363 	EXP 	text: height = 0.05
8.4363 	EXP 	text: height = 0.05
8.4363 	EXP 	text: height = 0.05
8.4363 	EXP 	text: text = -0.21938550000049872
8.4403 	EXP 	text: height = 0.05
8.4403 	EXP 	text: height = 0.05
8.4403 	EXP 	text: height = 0.05
8.4403 	EXP 	text: text = -0.2236881999997422
8.4445 	EXP 	text: height = 0.05
8.4445 	EXP 	text: height = 0.05
8.4445 	EXP 	text: height = 0.05
8.4445 	EXP 	text: text = -0.22772669999903883
8.4487 	EXP 	text: height = 0.05
8.4487 	EXP 	text: height = 0.05
8.4487 	EXP 	text: height = 0.05
8.4487 	EXP 	text: text = -0.23192009999911534
8.4528 	EXP 	text: height = 0.05
8.4528 	EXP 	text: height = 0.05
8.4528 	EXP 	text: height = 0.05
8.4528 	EXP 	text: text = -0.23608819999935804
8.4570 	EXP 	text: height = 0.05
8.4570 	EXP 	text: height = 0.05
8.4570 	EXP 	text: height = 0.05
8.4570 	EXP 	text: text = -0.24023890000171377
8.4612 	EXP 	text: height = 0.05
8.4612 	EXP 	text: height = 0.05
8.4612 	EXP 	text: height = 0.05
8.4612 	EXP 	text: text = -0.24441010000009555
8.4654 	EXP 	text: height = 0.05
8.4654 	EXP 	text: height = 0.05
8.4654 	EXP 	text: height = 0.05
8.4654 	EXP 	text: text = -0.24858170000152313
8.4695 	EXP 	text: height = 0.05
8.4695 	EXP 	text: height = 0.05
8.4695 	EXP 	text: height = 0.05
8.4695 	EXP 	text: text = -0.25275080000210437
8.4737 	EXP 	text: height = 0.05
8.4737 	EXP 	text: height = 0.05
8.4737 	EXP 	text: height = 0.05
8.4737 	EXP 	text: text = -0.2569251000022632
8.4779 	EXP 	text: height = 0.05
8.4779 	EXP 	text: height = 0.05
8.4779 	EXP 	text: height = 0.05
8.4779 	EXP 	text: text = -0.261115699999209
8.4830 	EXP 	text: height = 0.05
8.4830 	EXP 	text: height = 0.05
8.4830 	EXP 	text: height = 0.05
8.4830 	EXP 	text: text = -0.2652631000019028
8.4862 	EXP 	text: height = 0.05
8.4862 	EXP 	text: height = 0.05
8.4862 	EXP 	text: height = 0.05
8.4862 	EXP 	text: text = -0.27036950000183424
8.4904 	EXP 	text: height = 0.05
8.4904 	EXP 	text: height = 0.05
8.4904 	EXP 	text: height = 0.05
8.4904 	EXP 	text: text = -0.2736628999991808
8.4946 	EXP 	text: height = 0.05
8.4946 	EXP 	text: height = 0.05
8.4946 	EXP 	text: height = 0.05
8.4946 	EXP 	text: text = -0.27779799999916577
8.4987 	EXP 	text: height = 0.05
8.4987 	EXP 	text: height = 0.05
8.4987 	EXP 	text: height = 0.05
8.4987 	EXP 	text: text = -0.2819524000005913
8.5029 	EXP 	text: height = 0.05
8.5029 	EXP 	text: height = 0.05
8.5029 	EXP 	text: height = 0.05
8.5029 	EXP 	text: text = -0.2861202999993111
8.5071 	EXP 	text: height = 0.05
8.5071 	EXP 	text: height = 0.05
8.5071 	EXP 	text: height = 0.05
8.5071 	EXP 	text: text = -0.29030210000200896
8.5112 	EXP 	text: height = 0.05
8.5112 	EXP 	text: height = 0.05
8.5112 	EXP 	text: height = 0.05
8.5112 	EXP 	text: text = -0.2944640000023355
8.5154 	EXP 	text: height = 0.05
8.5154 	EXP 	text: height = 0.05
8.5154 	EXP 	text: height = 0.05
8.5154 	EXP 	text: text = -0.29863380000097095
8.5196 	EXP 	text: height = 0.05
8.5196 	EXP 	text: height = 0.05
8.5196 	EXP 	text: height = 0.05
8.5196 	EXP 	text: text = -0.30284600000231876
8.5237 	EXP 	text: height = 0.05
8.5237 	EXP 	text: height = 0.05
8.5237 	EXP 	text: height = 0.05
8.5237 	EXP 	text: text = -0.3069763999992574
8.5291 	EXP 	text: height = 0.05
8.5291 	EXP 	text: height = 0.05
8.5291 	EXP 	text: height = 0.05
8.5291 	EXP 	text: text = -0.3111452000011923
8.5321 	EXP 	text: height = 0.05
8.5321 	EXP 	text: height = 0.05
8.5321 	EXP 	text: height = 0.05
8.5321 	EXP 	text: text = -0.3164969999997993
8.5363 	EXP 	text: height = 0.05
8.5363 	EXP 	text: height = 0.05
8.5363 	EXP 	text: height = 0.05
8.5363 	EXP 	text: text = -0.31953970000176923
8.5404 	EXP 	text: height = 0.05
8.5404 	EXP 	text: height = 0.05
8.5404 	EXP 	text: height = 0.05
8.5404 	EXP 	text: text = -0.32368270000006305
8.5446 	EXP 	text: height = 0.05
8.5446 	EXP 	text: height = 0.05
8.5446 	EXP 	text: height = 0.05
8.5446 	EXP 	text: text = -0.327831900001911
8.5488 	EXP 	text: height = 0.05
8.5488 	EXP 	text: height = 0.05
8.5488 	EXP 	text: height = 0.05
8.5488 	EXP 	text: text = -0.3320013000011386
8.5529 	EXP 	text: height = 0.05
8.5529 	EXP 	text: height = 0.05
8.5529 	EXP 	text: height = 0.05
8.5529 	EXP 	text: text = -0.33618399999977555
8.5571 	EXP 	text: height = 0.05
8.5571 	EXP 	text: height = 0.05
8.5571 	EXP 	text: height = 0.05
8.5571 	EXP 	text: text = -0.3403407000005245
8.5613 	EXP 	text: height = 0.05
8.5613 	EXP 	text: height = 0.05
8.5613 	EXP 	text: height = 0.05
8.5613 	EXP 	text: text = -0.3445145000005141
8.5655 	EXP 	text: height = 0.05
8.5655 	EXP 	text: height = 0.05
8.5655 	EXP 	text: height = 0.05
8.5655 	EXP 	text: text = -0.34870909999881405
8.5696 	EXP 	text: height = 0.05
8.5696 	EXP 	text: height = 0.05
8.5696 	EXP 	text: height = 0.05
8.5696 	EXP 	text: text = -0.3528608000015083
8.5738 	EXP 	text: height = 0.05
8.5738 	EXP 	text: height = 0.05
8.5738 	EXP 	text: height = 0.05
8.5738 	EXP 	text: text = -0.35702579999997397
8.5781 	EXP 	text: height = 0.05
8.5781 	EXP 	text: height = 0.05
8.5781 	EXP 	text: height = 0.05
8.5781 	EXP 	text: text = -0.3611973000006401
8.5821 	EXP 	text: height = 0.05
8.5821 	EXP 	text: height = 0.05
8.5821 	EXP 	text: height = 0.05
8.5821 	EXP 	text: text = -0.3655246000016632
8.5863 	EXP 	text: height = 0.05
8.5863 	EXP 	text: height = 0.05
8.5863 	EXP 	text: height = 0.05
8.5863 	EXP 	text: text = -0.36956199999985984
8.5905 	EXP 	text: height = 0.05
8.5905 	EXP 	text: height = 0.05
8.5905 	EXP 	text: height = 0.05
8.5905 	EXP 	text: text = -0.3737092000010307
8.5947 	EXP 	text: height = 0.05
8.5947 	EXP 	text: height = 0.05
8.5947 	EXP 	text: height = 0.05
8.5947 	EXP 	text: text = -0.37788480000017444
8.5988 	EXP 	text: height = 0.05
8.5988 	EXP 	text: height = 0.05
8.5988 	EXP 	text: height = 0.05
8.5988 	EXP 	text: text = -0.3820546999995713
8.6030 	EXP 	text: height = 0.05
8.6030 	EXP 	text: height = 0.05
8.6030 	EXP 	text: height = 0.05
8.6030 	EXP 	text: text = -0.38622100000065984
8.6072 	EXP 	text: height = 0.05
8.6072 	EXP 	text: height = 0.05
8.6072 	EXP 	text: height = 0.05
8.6072 	EXP 	text: text = -0.39040440000098897
8.6113 	EXP 	text: height = 0.05
8.6113 	EXP 	text: height = 0.05
8.6113 	EXP 	text: height = 0.05
8.6113 	EXP 	text: text = -0.3945669999993697
8.6155 	EXP 	text: height = 0.05
8.6155 	EXP 	text: height = 0.05
8.6155 	EXP 	text: height = 0.05
8.6155 	EXP 	text: text = -0.39873140000054264
8.6197 	EXP 	text: height = 0.05
8.6197 	EXP 	text: height = 0.05
8.6197 	EXP 	text: height = 0.05
8.6197 	EXP 	text: text = -0.4029076000006171
8.6246 	EXP 	text: height = 0.05
8.6246 	EXP 	text: height = 0.05
8.6246 	EXP 	text: height = 0.05
8.6246 	EXP 	text: text = -0.40707670000119833
8.6280 	EXP 	text: height = 0.05
8.6280 	EXP 	text: height = 0.05
8.6280 	EXP 	text: height = 0.05
8.6280 	EXP 	text: text = -0.41203630000018165
8.6322 	EXP 	text: height = 0.05
8.6322 	EXP 	text: height = 0.05
8.6322 	EXP 	text: height = 0.05
8.6322 	EXP 	text: text = -0.4154679000021133
8.6364 	EXP 	text: height = 0.05
8.6364 	EXP 	text: height = 0.05
8.6364 	EXP 	text: height = 0.05
8.6364 	EXP 	text: text = -0.4195929999987129
8.6405 	EXP 	text: height = 0.05
8.6405 	EXP 	text: height = 0.05
8.6405 	EXP 	text: height = 0.05
8.6405 	EXP 	text: text = -0.42376030000014
8.6447 	EXP 	text: height = 0.05
8.6447 	EXP 	text: height = 0.05
8.6447 	EXP 	text: height = 0.05
8.6447 	EXP 	text: text = -0.42793019999953685
8.6489 	EXP 	text: height = 0.05
8.6489 	EXP 	text: height = 0.05
8.6489 	EXP 	text: height = 0.05
8.6489 	EXP 	text: text = -0.4321159999999509
8.6531 	EXP 	text: height = 0.05
8.6531 	EXP 	text: height = 0.05
8.6531 	EXP 	text: height = 0.05
8.6531 	EXP 	text: text = -0.43627159999959986
8.6572 	EXP 	text: height = 0.05
8.6572 	EXP 	text: height = 0.05
8.6572 	EXP 	text: height = 0.05
8.6572 	EXP 	text: text = -0.44045960000221385
8.6614 	EXP 	text: height = 0.05
8.6614 	EXP 	text: height = 0.05
8.6614 	EXP 	text: height = 0.05
8.6614 	EXP 	text: text = -0.44466670000110753
8.6656 	EXP 	text: height = 0.05
8.6656 	EXP 	text: height = 0.05
8.6656 	EXP 	text: height = 0.05
8.6656 	EXP 	text: text = -0.4487876999992295
8.6697 	EXP 	text: height = 0.05
8.6697 	EXP 	text: height = 0.05
8.6697 	EXP 	text: height = 0.05
8.6697 	EXP 	text: text = -0.4529828000013367
8.6740 	EXP 	text: height = 0.05
8.6740 	EXP 	text: height = 0.05
8.6740 	EXP 	text: height = 0.05
8.6740 	EXP 	text: text = -0.4571278000003076
8.6781 	EXP 	text: height = 0.05
8.6781 	EXP 	text: height = 0.05
8.6781 	EXP 	text: height = 0.05
8.6781 	EXP 	text: text = -0.46142580000014277
8.6822 	EXP 	text: height = 0.05
8.6822 	EXP 	text: height = 0.05
8.6822 	EXP 	text: height = 0.05
8.6822 	EXP 	text: text = -0.46547199999986333
8.6864 	EXP 	text: height = 0.05
8.6864 	EXP 	text: height = 0.05
8.6864 	EXP 	text: height = 0.05
8.6864 	EXP 	text: text = -0.4696421000007831
8.6906 	EXP 	text: height = 0.05
8.6906 	EXP 	text: height = 0.05
8.6906 	EXP 	text: height = 0.05
8.6906 	EXP 	text: text = -0.47381310000127996
8.6948 	EXP 	text: height = 0.05
8.6948 	EXP 	text: height = 0.05
8.6948 	EXP 	text: height = 0.05
8.6948 	EXP 	text: text = -0.4779840000010154
8.6990 	EXP 	text: height = 0.05
8.6990 	EXP 	text: height = 0.05
8.6990 	EXP 	text: height = 0.05
8.6990 	EXP 	text: text = -0.4821521000012581
8.7031 	EXP 	text: height = 0.05
8.7031 	EXP 	text: height = 0.05
8.7031 	EXP 	text: height = 0.05
8.7031 	EXP 	text: text = -0.4863565000014205
8.7073 	EXP 	text: height = 0.05
8.7073 	EXP 	text: height = 0.05
8.7073 	EXP 	text: height = 0.05
8.7073 	EXP 	text: text = -0.4904984000022523
8.7114 	EXP 	text: height = 0.05
8.7114 	EXP 	text: height = 0.05
8.7114 	EXP 	text: height = 0.05
8.7114 	EXP 	text: text = -0.4948444000001473
8.7156 	EXP 	text: height = 0.05
8.7156 	EXP 	text: height = 0.05
8.7156 	EXP 	text: height = 0.05
8.7156 	EXP 	text: text = -0.498836200000369
8.7201 	EXP 	text: height = 0.05
8.7201 	EXP 	text: height = 0.05
8.7201 	EXP 	text: height = 0.05
8.7201 	EXP 	text: text = -0.5030692000000272
8.7240 	EXP 	text: height = 0.05
8.7240 	EXP 	text: height = 0.05
8.7240 	EXP 	text: height = 0.05
8.7240 	EXP 	text: text = -0.5074591000011424
8.7282 	EXP 	text: height = 0.05
8.7282 	EXP 	text: height = 0.05
8.7282 	EXP 	text: height = 0.05
8.7282 	EXP 	text: text = -0.5114223000018683
8.7323 	EXP 	text: height = 0.05
8.7323 	EXP 	text: height = 0.05
8.7323 	EXP 	text: height = 0.05
8.7323 	EXP 	text: text = -0.5155536999991455
8.7365 	EXP 	text: height = 0.05
8.7365 	EXP 	text: height = 0.05
8.7365 	EXP 	text: height = 0.05
8.7365 	EXP 	text: text = -0.5196919000009075
8.7406 	EXP 	text: height = 0.05
8.7406 	EXP 	text: height = 0.05
8.7406 	EXP 	text: height = 0.05
8.7406 	EXP 	text: text = -0.5238686000011512
8.7448 	EXP 	text: height = 0.05
8.7448 	EXP 	text: height = 0.05
8.7448 	EXP 	text: height = 0.05
8.7448 	EXP 	text: text = -0.5280330000023241
8.7490 	EXP 	text: height = 0.05
8.7490 	EXP 	text: height = 0.05
8.7490 	EXP 	text: height = 0.05
8.7490 	EXP 	text: text = -0.5323395000013988
8.7531 	EXP 	text: height = 0.05
8.7531 	EXP 	text: height = 0.05
8.7531 	EXP 	text: height = 0.05
8.7531 	EXP 	text: text = -0.5363937000001897
8.7573 	EXP 	text: height = 0.05
8.7573 	EXP 	text: height = 0.05
8.7573 	EXP 	text: height = 0.05
8.7573 	EXP 	text: text = -0.5405473999999231
8.7615 	EXP 	text: height = 0.05
8.7615 	EXP 	text: height = 0.05
8.7615 	EXP 	text: height = 0.05
8.7615 	EXP 	text: text = -0.5447182999996585
8.7664 	EXP 	text: height = 0.05
8.7664 	EXP 	text: height = 0.05
8.7664 	EXP 	text: height = 0.05
8.7664 	EXP 	text: text = -0.5490223000015249
8.7698 	EXP 	text: height = 0.05
8.7698 	EXP 	text: height = 0.05
8.7698 	EXP 	text: height = 0.05
8.7698 	EXP 	text: text = -0.5538218000001507
8.7740 	EXP 	text: height = 0.05
8.7740 	EXP 	text: height = 0.05
8.7740 	EXP 	text: height = 0.05
8.7740 	EXP 	text: text = -0.5572580000007292
8.7782 	EXP 	text: height = 0.05
8.7782 	EXP 	text: height = 0.05
8.7782 	EXP 	text: height = 0.05
8.7782 	EXP 	text: text = -0.5614023000016459
8.7823 	EXP 	text: height = 0.05
8.7823 	EXP 	text: height = 0.05
8.7823 	EXP 	text: height = 0.05
8.7823 	EXP 	text: text = -0.5655719999995199
8.7865 	EXP 	text: height = 0.05
8.7865 	EXP 	text: height = 0.05
8.7865 	EXP 	text: height = 0.05
8.7865 	EXP 	text: text = -0.5697451000014553
8.7907 	EXP 	text: height = 0.05
8.7907 	EXP 	text: height = 0.05
8.7907 	EXP 	text: height = 0.05
8.7907 	EXP 	text: text = -0.5739180999989912
8.7949 	EXP 	text: height = 0.05
8.7949 	EXP 	text: height = 0.05
8.7949 	EXP 	text: height = 0.05
8.7949 	EXP 	text: text = -0.5781706999987364
8.7991 	EXP 	text: height = 0.05
8.7991 	EXP 	text: height = 0.05
8.7991 	EXP 	text: height = 0.05
8.7991 	EXP 	text: text = -0.5823239999990619
8.8032 	EXP 	text: height = 0.05
8.8032 	EXP 	text: height = 0.05
8.8032 	EXP 	text: height = 0.05
8.8032 	EXP 	text: text = -0.5864507000005688
8.8074 	EXP 	text: height = 0.05
8.8074 	EXP 	text: height = 0.05
8.8074 	EXP 	text: height = 0.05
8.8074 	EXP 	text: text = -0.5905998000016552
8.8115 	EXP 	text: height = 0.05
8.8115 	EXP 	text: height = 0.05
8.8115 	EXP 	text: height = 0.05
8.8115 	EXP 	text: text = -0.5947685999999521
8.8158 	EXP 	text: height = 0.05
8.8158 	EXP 	text: height = 0.05
8.8158 	EXP 	text: height = 0.05
8.8158 	EXP 	text: text = -0.598987199999101
8.8199 	EXP 	text: height = 0.05
8.8199 	EXP 	text: height = 0.05
8.8199 	EXP 	text: height = 0.05
8.8199 	EXP 	text: text = -0.6032197999993514
8.8241 	EXP 	text: height = 0.05
8.8241 	EXP 	text: height = 0.05
8.8241 	EXP 	text: height = 0.05
8.8241 	EXP 	text: text = -0.6072845999988203
8.8282 	EXP 	text: height = 0.05
8.8282 	EXP 	text: height = 0.05
8.8282 	EXP 	text: height = 0.05
8.8282 	EXP 	text: text = -0.6114516999987245
8.8324 	EXP 	text: height = 0.05
8.8324 	EXP 	text: height = 0.05
8.8324 	EXP 	text: height = 0.05
8.8324 	EXP 	text: text = -0.6156274999993911
8.8366 	EXP 	text: height = 0.05
8.8366 	EXP 	text: height = 0.05
8.8366 	EXP 	text: height = 0.05
8.8366 	EXP 	text: text = -0.6197953000009875
8.8407 	EXP 	text: height = 0.05
8.8407 	EXP 	text: height = 0.05
8.8407 	EXP 	text: height = 0.05
8.8407 	EXP 	text: text = -0.6239648000009765
8.8452 	EXP 	text: height = 0.05
8.8452 	EXP 	text: height = 0.05
8.8452 	EXP 	text: height = 0.05
8.8452 	EXP 	text: text = -0.6281363999987661
8.8491 	EXP 	text: height = 0.05
8.8491 	EXP 	text: height = 0.05
8.8491 	EXP 	text: height = 0.05
8.8491 	EXP 	text: text = -0.63260050000099
8.8533 	EXP 	text: height = 0.05
8.8533 	EXP 	text: height = 0.05
8.8533 	EXP 	text: height = 0.05
8.8533 	EXP 	text: text = -0.6364799000002677
8.8556 	DATA 	Keypress: escape
8.8574 	EXP 	text: height = 0.05
8.8574 	EXP 	text: height = 0.05
8.8574 	EXP 	text: height = 0.05
8.8574 	EXP 	text: text = -0.6406526999999187
8.8616 	EXP 	text: height = 0.05
8.8616 	EXP 	text: height = 0.05
8.8616 	EXP 	text: height = 0.05
8.8616 	EXP 	text: text = -0.644886599999154
8.8658 	EXP 	text: height = 0.05
8.8658 	EXP 	text: height = 0.05
8.8658 	EXP 	text: height = 0.05
8.8658 	EXP 	text: text = -0.6490019000011671
8.8699 	EXP 	text: height = 0.05
8.8699 	EXP 	text: height = 0.05
8.8699 	EXP 	text: height = 0.05
8.8699 	EXP 	text: text = -0.6531672000019171
8.8741 	EXP 	text: height = 0.05
8.8741 	EXP 	text: height = 0.05
8.8741 	EXP 	text: height = 0.05
8.8741 	EXP 	text: text = -0.6573322000003827
8.8784 	EXP 	text: height = 0.05
8.8784 	EXP 	text: height = 0.05
8.8784 	EXP 	text: height = 0.05
8.8784 	EXP 	text: text = -0.661503300001641
8.8825 	EXP 	text: height = 0.05
8.8825 	EXP 	text: height = 0.05
8.8825 	EXP 	text: height = 0.05
8.8825 	EXP 	text: text = -0.6660936000007496
8.8866 	EXP 	text: height = 0.05
8.8866 	EXP 	text: height = 0.05
8.8866 	EXP 	text: height = 0.05
8.8866 	EXP 	text: text = -0.6698567000021285
8.8908 	EXP 	text: height = 0.05
8.8908 	EXP 	text: height = 0.05
8.8908 	EXP 	text: height = 0.05
8.8908 	EXP 	text: text = -0.6740183000001707
8.8950 	EXP 	text: height = 0.05
8.8950 	EXP 	text: height = 0.05
8.8950 	EXP 	text: height = 0.05
8.8950 	EXP 	text: text = -0.6782547000002523
8.8991 	EXP 	text: height = 0.05
8.8991 	EXP 	text: height = 0.05
8.8991 	EXP 	text: height = 0.05
8.8991 	EXP 	text: text = -0.6823603000011644
8.9033 	EXP 	text: height = 0.05
8.9033 	EXP 	text: height = 0.05
8.9033 	EXP 	text: height = 0.05
8.9033 	EXP 	text: text = -0.6865393000007316
8.9083 	EXP 	text: height = 0.05
8.9083 	EXP 	text: height = 0.05
8.9083 	EXP 	text: height = 0.05
8.9083 	EXP 	text: text = -0.6907009999995353
8.9116 	EXP 	text: height = 0.05
8.9116 	EXP 	text: height = 0.05
8.9116 	EXP 	text: height = 0.05
8.9116 	EXP 	text: text = -0.6957029000004695
8.9158 	EXP 	text: height = 0.05
8.9158 	EXP 	text: height = 0.05
8.9158 	EXP 	text: height = 0.05
8.9158 	EXP 	text: text = -0.6990426000011212
8.9200 	EXP 	text: height = 0.05
8.9200 	EXP 	text: height = 0.05
8.9200 	EXP 	text: height = 0.05
8.9200 	EXP 	text: text = -0.7032151999992493
8.9242 	EXP 	text: height = 0.05
8.9242 	EXP 	text: height = 0.05
8.9242 	EXP 	text: height = 0.05
8.9242 	EXP 	text: text = -0.7073884000019461
8.9283 	EXP 	text: height = 0.05
8.9283 	EXP 	text: height = 0.05
8.9283 	EXP 	text: height = 0.05
8.9283 	EXP 	text: text = -0.7115567000000738
8.9325 	EXP 	text: height = 0.05
8.9325 	EXP 	text: height = 0.05
8.9325 	EXP 	text: height = 0.05
8.9325 	EXP 	text: text = -0.7157277000005706
8.9367 	EXP 	text: height = 0.05
8.9367 	EXP 	text: height = 0.05
8.9367 	EXP 	text: height = 0.05
8.9367 	EXP 	text: text = -0.7199111000008998
8.9409 	EXP 	text: height = 0.05
8.9409 	EXP 	text: height = 0.05
8.9409 	EXP 	text: height = 0.05
8.9409 	EXP 	text: text = -0.7241044000002148
8.9450 	EXP 	text: height = 0.05
8.9450 	EXP 	text: height = 0.05
8.9450 	EXP 	text: height = 0.05
8.9450 	EXP 	text: text = -0.7283444999993662
8.9492 	EXP 	text: height = 0.05
8.9492 	EXP 	text: height = 0.05
8.9492 	EXP 	text: height = 0.05
8.9492 	EXP 	text: text = -0.7324117999996815
9.1329 	EXP 	window1: mouseVisible = True
