3.5239 	WARNING 	User requested fullscreen with size [1024  768], but screen is actually [1920, 1080]. Using actual size
3.8408 	EXP 	Created window1 = Window(allowGUI=True, allowStencil=False, autoLog=True, backendConf=UNKNOWN, backgroundFit=<method-wrapper '__getattribute__' of attributeSetter object at 0x000001B2AFFC4040>, backgroundImage=<method-wrapper '__getattribute__' of attributeSetter object at 0x000001B2AFFB2E80>, bitsMode=UNKNOWN, blendMode='avg', bpc=(8, 8, 8), color=array([0, 0, 0]), colorSpace='rgb', depthBits=8, fullscr=<method-wrapper '__getattribute__' of attributeSetter object at 0x000001B2AFFB2D00>, gamma=None, gammaErrorPolicy='raise', lms=UNKNOWN, monitor=<psychopy.monitors.calibTools.Monitor object at 0x000001B2B1ED8370>, multiSample=False, name='window1', numSamples=2, pos=(0, 0), screen=0, size=array([1920, 1080]), stencilBits=0, stereo=False, units='height', useFBO=True, useRetina=False, viewOri=0.0, viewPos=None, viewScale=None, waitBlanking=True, winType='pyglet')
3.8408 	EXP 	window1: mouseVisible = True
3.8408 	EXP 	window1: backgroundImage = ''
3.8408 	EXP 	window1: backgroundFit = 'none'
3.8409 	EXP 	window1: mouseVisible = False
3.8409 	EXP 	window1: Attempting to measure frame rate of screen (0) ...
3.8409 	EXP 	window1: recordFrameIntervals = False
3.8823 	EXP 	window1: recordFrameIntervals = True
3.9283 	EXP 	Screen (0) actual frame rate measured at 239.23Hz
3.9283 	EXP 	window1: recordFrameIntervals = False
5.1532 	EXP 	window1: mouseVisible = True
5.2728 	EXP 	Created slider = Slider(__class__=<class 'psychopy.visual.slider.Slider'>, autoDraw=False, autoLog=True, borderColor=None, color=None, colorSpace='rgb', depth=0, fillColor=None, flip=False, font='Open Sans', granularity=0.0, labelColor=None, labelHeight=0.05, labelWrapWidth=None, labels=('a1', 'a2', 'a3', 'a4', 'a5'), lineColor=None, markerColor=None, name='slider', opacity=None, ori=0.0, pos=array([0., 0.]), readOnly=False, self=UNKNOWN, size=array([1. , 0.1]), startValue=None, style='rating', styleTweaks=[], ticks=array([1, 2, 3, 4, 5]), units='height', win=Window(...))
5.2812 	EXP 	window1: mouseVisible = True
5.4199 	WARNING 	Font b'Helvetica Bold' was requested. No similar font found.
5.5583 	WARNING 	Font b'Helvetica Bold' was requested. No similar font found.
5.7118 	WARNING 	Font b'Helvetica Bold' was requested. No similar font found.
5.8483 	WARNING 	Font b'Helvetica Bold' was requested. No similar font found.
5.8778 	EXP 	Created None = Slider(__class__=<class 'psychopy.visual.slider.Slider'>, autoDraw=False, autoLog=True, borderColor=None, color=None, colorSpace='rgb', depth=0, fillColor=None, flip=False, font='Helvetica Bold', granularity=0, labelColor=None, labelHeight=0.05, labelWrapWidth=None, labels=('b1', 'b2'), lineColor=None, markerColor=None, name=None, opacity=None, ori=0, pos=array([0., 0.]), readOnly=False, self=UNKNOWN, size=array([1. , 0.1]), startValue=None, style='rating', styleTweaks=[], ticks=array([1, 2, 3, 4, 5]), units='height', win=Window(...))
5.8889 	EXP 	slider: autoLog = True
5.8889 	EXP 	slider: markerPos = None
5.8889 	EXP 	slider: styleTweaks = []
5.8889 	EXP 	slider: styleTweaks = []
5.8889 	EXP 	slider: styleTweaks = []
5.8889 	EXP 	slider: styleTweaks = []
5.8889 	EXP 	slider: contrast = 1.0
5.8889 	EXP 	slider: autoLog = True
5.8889 	EXP 	slider: markerPos = None
5.8889 	EXP 	slider: markerPos = None
5.8889 	EXP 	None: autoLog = True
5.8889 	EXP 	None: markerPos = None
5.8889 	EXP 	None: styleTweaks = []
5.8889 	EXP 	None: styleTweaks = []
5.8889 	EXP 	None: styleTweaks = []
5.8889 	EXP 	None: styleTweaks = []
5.8889 	EXP 	None: contrast = 1.0
5.8889 	EXP 	None: autoLog = True
5.8889 	EXP 	None: autoDraw = True
6.6140 	DATA 	Mouse: Left button down, pos=(569,555)
6.6202 	EXP 	None: markerPos = 1.5518518518518518
6.6259 	EXP 	None: markerPos = 1.5592592592592593
6.6308 	EXP 	None: markerPos = 1.5592592592592593
6.6360 	EXP 	None: markerPos = 1.5592592592592593
6.6430 	EXP 	None: markerPos = 1.5629629629629629
6.6489 	EXP 	None: markerPos = 1.5703703703703704
6.6546 	EXP 	None: markerPos = 1.5703703703703704
6.6600 	EXP 	None: markerPos = 1.5740740740740742
6.6652 	EXP 	None: markerPos = 1.5814814814814815
6.6703 	EXP 	None: markerPos = 1.5851851851851853
6.6757 	EXP 	None: markerPos = 1.5962962962962963
6.6809 	EXP 	None: markerPos = 1.6074074074074074
6.6861 	EXP 	None: markerPos = 1.6185185185185185
6.6914 	EXP 	None: markerPos = 1.6296296296296295
6.6968 	EXP 	None: markerPos = 1.6481481481481481
6.7020 	EXP 	None: markerPos = 1.662962962962963
6.7074 	EXP 	None: markerPos = 1.674074074074074
6.7125 	EXP 	None: markerPos = 1.6962962962962962
6.7178 	EXP 	None: markerPos = 1.7148148148148148
6.7232 	EXP 	None: markerPos = 1.7296296296296296
6.7285 	EXP 	None: markerPos = 1.7481481481481482
6.7337 	EXP 	None: markerPos = 1.762962962962963
6.7391 	EXP 	None: markerPos = 1.7740740740740741
6.7445 	EXP 	None: markerPos = 1.7925925925925925
6.7497 	EXP 	None: markerPos = 1.8074074074074074
6.7550 	EXP 	None: markerPos = 1.8185185185185184
6.7602 	EXP 	None: markerPos = 1.837037037037037
6.7653 	EXP 	None: markerPos = 1.8407407407407408
6.7707 	EXP 	None: markerPos = 1.8518518518518519
6.7761 	EXP 	None: markerPos = 1.862962962962963
6.7812 	EXP 	None: markerPos = 1.8703703703703705
6.7869 	EXP 	None: markerPos = 1.874074074074074
6.7921 	EXP 	None: markerPos = 1.8814814814814815
6.7972 	EXP 	None: markerPos = 1.885185185185185
6.8025 	EXP 	None: markerPos = 1.8925925925925926
6.8076 	EXP 	None: markerPos = 1.8925925925925926
6.8127 	EXP 	None: markerPos = 1.8925925925925926
6.8179 	EXP 	None: markerPos = 1.8925925925925926
6.8230 	EXP 	None: markerPos = 1.8925925925925926
6.8280 	EXP 	None: markerPos = 1.8925925925925926
6.8334 	EXP 	None: markerPos = 1.8925925925925926
6.8387 	EXP 	None: markerPos = 1.8925925925925926
6.8438 	EXP 	None: markerPos = 1.8925925925925926
6.8489 	EXP 	None: markerPos = 1.8925925925925926
6.8540 	EXP 	None: markerPos = 1.8925925925925926
6.8591 	EXP 	None: markerPos = 1.8925925925925926
6.8643 	EXP 	None: markerPos = 1.8925925925925926
6.8695 	EXP 	None: markerPos = 1.8925925925925926
6.8748 	EXP 	None: markerPos = 1.8925925925925926
6.8804 	EXP 	None: markerPos = 1.8962962962962964
6.8860 	EXP 	None: markerPos = 1.9037037037037037
6.8915 	EXP 	None: markerPos = 1.9074074074074074
6.8969 	EXP 	None: markerPos = 1.9148148148148147
6.9023 	EXP 	None: markerPos = 1.9296296296296296
6.9078 	EXP 	None: markerPos = 1.9481481481481482
6.9132 	EXP 	None: markerPos = 1.962962962962963
6.9187 	EXP 	None: markerPos = 1.9962962962962962
6.9242 	EXP 	None: markerPos = 2.0185185185185186
6.9300 	EXP 	None: markerPos = 2.0592592592592593
6.9355 	EXP 	None: markerPos = 2.0962962962962965
6.9408 	EXP 	None: markerPos = 2.148148148148148
6.9461 	EXP 	None: markerPos = 2.1814814814814816
6.9515 	EXP 	None: markerPos = 2.2407407407407405
6.9568 	EXP 	None: markerPos = 2.303703703703704
6.9620 	EXP 	None: markerPos = 2.351851851851852
6.9671 	EXP 	None: markerPos = 2.4185185185185185
6.9736 	EXP 	None: markerPos = 2.4962962962962965
6.9790 	EXP 	None: markerPos = 2.574074074074074
6.9842 	EXP 	None: markerPos = 2.651851851851852
6.9894 	EXP 	None: markerPos = 2.7074074074074073
6.9951 	EXP 	None: markerPos = 2.7814814814814817
7.0003 	EXP 	None: markerPos = 2.859259259259259
7.0058 	EXP 	None: markerPos = 2.9037037037037035
7.0110 	EXP 	None: markerPos = 2.9703703703703703
7.0163 	EXP 	None: markerPos = 3.0296296296296297
7.0215 	EXP 	None: markerPos = 3.0703703703703704
7.0269 	EXP 	None: markerPos = 3.1259259259259258
7.0327 	EXP 	None: markerPos = 3.1703703703703705
7.0379 	EXP 	None: markerPos = 3.2074074074074073
7.0431 	EXP 	None: markerPos = 3.2296296296296294
7.0486 	EXP 	None: markerPos = 3.259259259259259
7.0539 	EXP 	None: markerPos = 3.2814814814814817
7.0594 	EXP 	None: markerPos = 3.2925925925925927
7.0646 	EXP 	None: markerPos = 3.303703703703704
7.0700 	EXP 	None: markerPos = 3.3074074074074074
7.0752 	EXP 	None: markerPos = 3.314814814814815
7.0804 	EXP 	None: markerPos = 3.314814814814815
7.0854 	EXP 	None: markerPos = 3.314814814814815
7.0905 	EXP 	None: markerPos = 3.314814814814815
7.0955 	EXP 	None: markerPos = 3.314814814814815
7.1007 	EXP 	None: markerPos = 3.314814814814815
7.1058 	EXP 	None: markerPos = 3.314814814814815
7.1108 	EXP 	None: markerPos = 3.314814814814815
7.1167 	EXP 	None: markerPos = 3.314814814814815
7.1222 	EXP 	None: markerPos = 3.314814814814815
7.1275 	EXP 	None: markerPos = 3.314814814814815
7.1328 	EXP 	None: markerPos = 3.314814814814815
7.1382 	EXP 	None: markerPos = 3.314814814814815
7.1433 	EXP 	None: markerPos = 3.314814814814815
7.1485 	EXP 	None: markerPos = 3.314814814814815
7.1535 	EXP 	None: markerPos = 3.314814814814815
7.1586 	EXP 	None: markerPos = 3.314814814814815
7.1645 	EXP 	None: markerPos = 3.314814814814815
7.1701 	EXP 	None: markerPos = 3.314814814814815
7.1753 	EXP 	None: markerPos = 3.314814814814815
7.1805 	EXP 	None: markerPos = 3.314814814814815
7.1856 	EXP 	None: markerPos = 3.314814814814815
7.1907 	EXP 	None: markerPos = 3.314814814814815
7.1959 	EXP 	None: markerPos = 3.314814814814815
7.2010 	EXP 	None: markerPos = 3.314814814814815
7.2061 	EXP 	None: markerPos = 3.314814814814815
7.2115 	EXP 	None: markerPos = 3.314814814814815
7.2168 	EXP 	None: markerPos = 3.314814814814815
7.2219 	EXP 	None: markerPos = 3.314814814814815
7.2274 	EXP 	None: markerPos = 3.314814814814815
7.2326 	EXP 	None: markerPos = 3.314814814814815
7.2382 	EXP 	None: markerPos = 3.314814814814815
7.2437 	EXP 	None: markerPos = 3.3185185185185184
7.2488 	EXP 	None: markerPos = 3.3185185185185184
7.2541 	EXP 	None: markerPos = 3.3185185185185184
7.2595 	EXP 	None: markerPos = 3.325925925925926
7.2651 	EXP 	None: markerPos = 3.3296296296296295
7.2702 	EXP 	None: markerPos = 3.3407407407407406
7.2754 	EXP 	None: markerPos = 3.348148148148148
7.2807 	EXP 	None: markerPos = 3.362962962962963
7.2858 	EXP 	None: markerPos = 3.3703703703703702
7.2912 	EXP 	None: markerPos = 3.3851851851851853
7.2970 	EXP 	None: markerPos = 3.403703703703704
7.3027 	EXP 	None: markerPos = 3.414814814814815
7.3080 	EXP 	None: markerPos = 3.4296296296296296
7.3132 	EXP 	None: markerPos = 3.448148148148148
7.3185 	EXP 	None: markerPos = 3.4592592592592593
7.3242 	EXP 	None: markerPos = 3.4703703703703703
7.3297 	EXP 	None: markerPos = 3.4814814814814814
7.3348 	EXP 	None: markerPos = 3.4925925925925925
7.3399 	EXP 	None: markerPos = 3.4962962962962965
7.3451 	EXP 	None: markerPos = 3.5074074074074075
7.3502 	EXP 	None: markerPos = 3.514814814814815
7.3556 	EXP 	None: markerPos = 3.514814814814815
7.3609 	EXP 	None: markerPos = 3.5185185185185186
7.3659 	EXP 	None: markerPos = 3.5185185185185186
7.3711 	EXP 	None: markerPos = 3.5185185185185186
7.3761 	EXP 	None: markerPos = 3.5185185185185186
7.3811 	EXP 	None: markerPos = 3.5185185185185186
7.3862 	EXP 	None: markerPos = 3.5185185185185186
7.3912 	EXP 	None: markerPos = 3.5185185185185186
7.3962 	EXP 	None: markerPos = 3.5185185185185186
7.4015 	EXP 	None: markerPos = 3.5185185185185186
7.4065 	EXP 	None: markerPos = 3.5185185185185186
7.4116 	EXP 	None: markerPos = 3.5185185185185186
7.4167 	EXP 	None: markerPos = 3.5185185185185186
7.4217 	EXP 	None: markerPos = 3.5185185185185186
7.4268 	EXP 	None: markerPos = 3.5185185185185186
7.4323 	EXP 	None: markerPos = 3.5185185185185186
7.4371 	DATA 	Mouse:  Left button up, pos=(1100,512)
7.4376 	EXP 	None: markerPos = 3.5185185185185186
7.4427 	EXP 	None: markerPos = 3.5185185185185186
7.6724 	DATA 	Mouse: Left button down, pos=(1405,524)
7.6787 	EXP 	None: markerPos = 4.648148148148148
7.6842 	EXP 	None: markerPos = 4.648148148148148
7.6895 	EXP 	None: markerPos = 4.648148148148148
7.6948 	EXP 	None: markerPos = 4.648148148148148
7.7004 	EXP 	None: markerPos = 4.648148148148148
7.7058 	EXP 	None: markerPos = 4.648148148148148
7.7112 	EXP 	None: markerPos = 4.648148148148148
7.7171 	EXP 	None: markerPos = 4.648148148148148
7.7225 	EXP 	None: markerPos = 4.648148148148148
7.7277 	EXP 	None: markerPos = 4.648148148148148
7.7332 	EXP 	None: markerPos = 4.648148148148148
7.7388 	EXP 	None: markerPos = 4.648148148148148
7.7449 	EXP 	None: markerPos = 4.648148148148148
7.7509 	EXP 	None: markerPos = 4.648148148148148
7.7565 	EXP 	None: markerPos = 4.644444444444444
7.7619 	EXP 	None: markerPos = 4.637037037037037
7.7675 	EXP 	None: markerPos = 4.625925925925926
7.7733 	EXP 	None: markerPos = 4.614814814814815
7.7787 	EXP 	None: markerPos = 4.592592592592593
7.7843 	EXP 	None: markerPos = 4.57037037037037
7.7917 	EXP 	None: markerPos = 4.555555555555555
7.7980 	EXP 	None: markerPos = 4.514814814814815
7.8037 	EXP 	None: markerPos = 4.477777777777778
7.8091 	EXP 	None: markerPos = 4.433333333333334
7.8147 	EXP 	None: markerPos = 4.388888888888889
7.8205 	EXP 	None: markerPos = 4.333333333333333
7.8259 	EXP 	None: markerPos = 4.277777777777778
7.8313 	EXP 	None: markerPos = 4.237037037037037
7.8366 	EXP 	None: markerPos = 4.181481481481482
7.8425 	EXP 	None: markerPos = 4.122222222222222
7.8482 	EXP 	None: markerPos = 4.066666666666666
7.8537 	EXP 	None: markerPos = 4.025925925925926
7.8592 	EXP 	None: markerPos = 3.9703703703703703
7.8644 	EXP 	None: markerPos = 3.911111111111111
7.8698 	EXP 	None: markerPos = 3.8703703703703702
7.8752 	EXP 	None: markerPos = 3.814814814814815
7.8805 	EXP 	None: markerPos = 3.7555555555555555
7.8864 	EXP 	None: markerPos = 3.688888888888889
7.8921 	EXP 	None: markerPos = 3.6259259259259258
7.8974 	EXP 	None: markerPos = 3.5814814814814815
7.9027 	EXP 	None: markerPos = 3.514814814814815
7.9081 	EXP 	None: markerPos = 3.448148148148148
7.9133 	EXP 	None: markerPos = 3.4
7.9186 	EXP 	None: markerPos = 3.3333333333333335
7.9240 	EXP 	None: markerPos = 3.2666666666666666
7.9292 	EXP 	None: markerPos = 3.214814814814815
7.9345 	EXP 	None: markerPos = 3.1444444444444444
7.9401 	EXP 	None: markerPos = 3.066666666666667
7.9454 	EXP 	None: markerPos = 3.022222222222222
7.9507 	EXP 	None: markerPos = 2.9444444444444446
7.9561 	EXP 	None: markerPos = 2.8666666666666667
7.9613 	EXP 	None: markerPos = 2.814814814814815
7.9670 	EXP 	None: markerPos = 2.737037037037037
7.9725 	EXP 	None: markerPos = 2.659259259259259
7.9789 	EXP 	None: markerPos = 2.588888888888889
7.9845 	EXP 	None: markerPos = 2.522222222222222
7.9908 	EXP 	None: markerPos = 2.4555555555555557
7.9960 	EXP 	None: markerPos = 2.4
8.0016 	EXP 	None: markerPos = 2.3666666666666667
8.0069 	EXP 	None: markerPos = 2.322222222222222
8.0123 	EXP 	None: markerPos = 2.2925925925925927
8.0176 	EXP 	None: markerPos = 2.2555555555555555
8.0231 	EXP 	None: markerPos = 2.225925925925926
8.0285 	EXP 	None: markerPos = 2.2037037037037037
8.0339 	EXP 	None: markerPos = 2.188888888888889
8.0392 	EXP 	None: markerPos = 2.1703703703703705
8.0444 	EXP 	None: markerPos = 2.1555555555555554
8.0505 	EXP 	None: markerPos = 2.148148148148148
8.0560 	EXP 	None: markerPos = 2.1333333333333333
8.0613 	EXP 	None: markerPos = 2.1222222222222222
8.0667 	EXP 	None: markerPos = 2.111111111111111
8.0738 	EXP 	None: markerPos = 2.1037037037037036
8.0796 	EXP 	None: markerPos = 2.088888888888889
8.0850 	EXP 	None: markerPos = 2.0777777777777775
8.0902 	EXP 	None: markerPos = 2.0592592592592593
8.0958 	EXP 	None: markerPos = 2.0481481481481483
8.1011 	EXP 	None: markerPos = 2.033333333333333
8.1066 	EXP 	None: markerPos = 2.011111111111111
8.1118 	EXP 	None: markerPos = 2.0
8.1172 	EXP 	None: markerPos = 1.9703703703703703
8.1226 	EXP 	None: markerPos = 1.9444444444444444
8.1279 	EXP 	None: markerPos = 1.9222222222222223
8.1334 	EXP 	None: markerPos = 1.8888888888888888
8.1388 	EXP 	None: markerPos = 1.848148148148148
8.1441 	EXP 	None: markerPos = 1.8111111111111111
8.1502 	EXP 	None: markerPos = 1.7814814814814814
8.1554 	EXP 	None: markerPos = 1.737037037037037
8.1606 	EXP 	None: markerPos = 1.7
8.1672 	EXP 	None: markerPos = 1.6703703703703703
8.1729 	EXP 	None: markerPos = 1.6222222222222222
8.1782 	EXP 	None: markerPos = 1.5888888888888888
8.1838 	EXP 	None: markerPos = 1.5703703703703704
8.1895 	EXP 	None: markerPos = 1.5444444444444445
8.1947 	EXP 	None: markerPos = 1.525925925925926
8.2002 	EXP 	None: markerPos = 1.5148148148148148
8.2057 	EXP 	None: markerPos = 1.511111111111111
8.2108 	EXP 	None: markerPos = 1.5037037037037038
8.2166 	EXP 	None: markerPos = 1.5037037037037038
8.2220 	EXP 	None: markerPos = 1.5037037037037038
8.2273 	EXP 	None: markerPos = 1.5037037037037038
8.2325 	EXP 	None: markerPos = 1.5037037037037038
8.2380 	EXP 	None: markerPos = 1.5037037037037038
8.2432 	EXP 	None: markerPos = 1.5037037037037038
8.2485 	EXP 	None: markerPos = 1.5037037037037038
8.2537 	EXP 	None: markerPos = 1.5037037037037038
8.2602 	EXP 	None: markerPos = 1.5037037037037038
8.2655 	EXP 	None: markerPos = 1.5037037037037038
8.2708 	EXP 	None: markerPos = 1.5037037037037038
8.2761 	EXP 	None: markerPos = 1.5037037037037038
8.2819 	EXP 	None: markerPos = 1.5037037037037038
8.2872 	EXP 	None: markerPos = 1.5037037037037038
8.2926 	EXP 	None: markerPos = 1.5037037037037038
8.2980 	EXP 	None: markerPos = 1.5037037037037038
8.3039 	EXP 	None: markerPos = 1.5037037037037038
8.3092 	EXP 	None: markerPos = 1.5037037037037038
8.3156 	EXP 	None: markerPos = 1.5037037037037038
8.3213 	EXP 	None: markerPos = 1.5037037037037038
8.3222 	DATA 	Mouse:  Left button up, pos=(556,554)
8.3272 	EXP 	None: markerPos = 1.5037037037037038
8.5436 	DATA 	Mouse: Left button down, pos=(833,524)
8.5507 	EXP 	None: markerPos = 2.5296296296296297
8.5560 	EXP 	None: markerPos = 2.5296296296296297
8.5613 	EXP 	None: markerPos = 2.5296296296296297
8.5667 	EXP 	None: markerPos = 2.5296296296296297
8.5719 	EXP 	None: markerPos = 2.5296296296296297
8.5772 	EXP 	None: markerPos = 2.5296296296296297
8.5825 	EXP 	None: markerPos = 2.5296296296296297
8.5895 	EXP 	None: markerPos = 2.5296296296296297
8.5956 	EXP 	None: markerPos = 2.537037037037037
8.6008 	EXP 	None: markerPos = 2.537037037037037
8.6060 	EXP 	None: markerPos = 2.5407407407407407
8.6117 	EXP 	None: markerPos = 2.5407407407407407
8.6169 	EXP 	None: markerPos = 2.551851851851852
8.6225 	EXP 	None: markerPos = 2.562962962962963
8.6279 	EXP 	None: markerPos = 2.5814814814814815
8.6335 	EXP 	None: markerPos = 2.5925925925925926
8.6388 	EXP 	None: markerPos = 2.6148148148148147
8.6441 	EXP 	None: markerPos = 2.640740740740741
8.6495 	EXP 	None: markerPos = 2.659259259259259
8.6550 	EXP 	None: markerPos = 2.696296296296296
8.6604 	EXP 	None: markerPos = 2.737037037037037
8.6657 	EXP 	None: markerPos = 2.7814814814814817
8.6711 	EXP 	None: markerPos = 2.814814814814815
8.6763 	EXP 	None: markerPos = 2.862962962962963
8.6816 	EXP 	None: markerPos = 2.9185185185185185
8.6870 	EXP 	None: markerPos = 2.9592592592592593
8.6923 	EXP 	None: markerPos = 3.0148148148148146
8.6976 	EXP 	None: markerPos = 3.0703703703703704
8.7031 	EXP 	None: markerPos = 3.1037037037037036
8.7083 	EXP 	None: markerPos = 3.151851851851852
8.7136 	EXP 	None: markerPos = 3.2037037037037037
8.7188 	EXP 	None: markerPos = 3.237037037037037
8.7239 	EXP 	None: markerPos = 3.274074074074074
8.7292 	EXP 	None: markerPos = 3.303703703703704
8.7343 	EXP 	None: markerPos = 3.337037037037037
8.7395 	EXP 	None: markerPos = 3.3703703703703702
8.7447 	EXP 	None: markerPos = 3.3851851851851853
8.7499 	EXP 	None: markerPos = 3.414814814814815
8.7554 	EXP 	None: markerPos = 3.4296296296296296
8.7606 	EXP 	None: markerPos = 3.4518518518518517
8.7659 	EXP 	None: markerPos = 3.4703703703703703
8.7711 	EXP 	None: markerPos = 3.485185185185185
8.7763 	EXP 	None: markerPos = 3.5037037037037035
8.7812 	DATA 	Mouse:  Left button up, pos=(1103,527)
8.7817 	EXP 	None: markerPos = 3.514814814814815
8.7868 	EXP 	None: markerPos = 3.514814814814815
8.9330 	DATA 	Mouse: Left button down, pos=(1310,523)
8.9383 	EXP 	None: markerPos = 4.303703703703704
8.9441 	EXP 	None: markerPos = 4.307407407407407
8.9493 	EXP 	None: markerPos = 4.314814814814815
8.9547 	EXP 	None: markerPos = 4.325925925925926
8.9600 	EXP 	None: markerPos = 4.32962962962963
8.9653 	EXP 	None: markerPos = 4.337037037037037
8.9704 	EXP 	None: markerPos = 4.340740740740741
8.9757 	EXP 	None: markerPos = 4.348148148148148
8.9809 	EXP 	None: markerPos = 4.351851851851852
8.9862 	EXP 	None: markerPos = 4.362962962962963
8.9914 	EXP 	None: markerPos = 4.374074074074074
8.9967 	EXP 	None: markerPos = 4.385185185185185
9.0022 	EXP 	None: markerPos = 4.4037037037037035
9.0074 	EXP 	None: markerPos = 4.4148148148148145
9.0126 	EXP 	None: markerPos = 4.42962962962963
9.0179 	EXP 	None: markerPos = 4.451851851851852
9.0230 	EXP 	None: markerPos = 4.47037037037037
9.0283 	EXP 	None: markerPos = 4.496296296296296
9.0336 	EXP 	None: markerPos = 4.514814814814815
9.0389 	EXP 	None: markerPos = 4.540740740740741
9.0438 	DATA 	Mouse:  Left button up, pos=(1387,523)
9.0443 	EXP 	None: markerPos = 4.57037037037037
9.0494 	EXP 	None: markerPos = 4.57037037037037
9.2054 	DATA 	Mouse: Left button down, pos=(1448,530)
9.2106 	EXP 	None: markerPos = 4.807407407407407
9.2170 	EXP 	None: markerPos = 4.807407407407407
9.2224 	EXP 	None: markerPos = 4.807407407407407
9.2285 	EXP 	None: markerPos = 4.807407407407407
9.2337 	EXP 	None: markerPos = 4.807407407407407
9.2395 	EXP 	None: markerPos = 4.807407407407407
9.2450 	EXP 	None: markerPos = 4.807407407407407
9.2502 	EXP 	None: markerPos = 4.807407407407407
9.2554 	EXP 	None: markerPos = 4.807407407407407
9.2607 	EXP 	None: markerPos = 4.807407407407407
9.2658 	EXP 	None: markerPos = 4.807407407407407
9.2712 	EXP 	None: markerPos = 4.807407407407407
9.2764 	EXP 	None: markerPos = 4.807407407407407
9.2816 	EXP 	None: markerPos = 4.807407407407407
9.2870 	EXP 	None: markerPos = 4.8
9.2930 	EXP 	None: markerPos = 4.792592592592593
9.3000 	EXP 	None: markerPos = 4.781481481481482
9.3057 	EXP 	None: markerPos = 4.766666666666667
9.3110 	EXP 	None: markerPos = 4.7444444444444445
9.3163 	EXP 	None: markerPos = 4.722222222222222
9.3222 	EXP 	None: markerPos = 4.7
9.3276 	EXP 	None: markerPos = 4.67037037037037
9.3332 	EXP 	None: markerPos = 4.633333333333333
9.3387 	EXP 	None: markerPos = 4.592592592592593
9.3444 	EXP 	None: markerPos = 4.544444444444444
9.3499 	EXP 	None: markerPos = 4.511111111111111
9.3552 	EXP 	None: markerPos = 4.448148148148148
9.3605 	EXP 	None: markerPos = 4.388888888888889
9.3659 	EXP 	None: markerPos = 4.322222222222222
9.3712 	EXP 	None: markerPos = 4.277777777777778
9.3785 	EXP 	None: markerPos = 4.203703703703704
9.3845 	EXP 	None: markerPos = 4.092592592592593
9.3900 	EXP 	None: markerPos = 4.014814814814815
9.3954 	EXP 	None: markerPos = 3.9592592592592593
9.4010 	EXP 	None: markerPos = 3.8777777777777778
9.4063 	EXP 	None: markerPos = 3.7925925925925927
9.4125 	EXP 	None: markerPos = 3.7444444444444445
9.4181 	EXP 	None: markerPos = 3.648148148148148
9.4233 	EXP 	None: markerPos = 3.611111111111111
9.4286 	EXP 	None: markerPos = 3.5481481481481483
9.4338 	EXP 	None: markerPos = 3.4925925925925925
9.4391 	EXP 	None: markerPos = 3.4592592592592593
9.4444 	EXP 	None: markerPos = 3.411111111111111
9.4497 	EXP 	None: markerPos = 3.3703703703703702
9.4549 	EXP 	None: markerPos = 3.348148148148148
9.4601 	EXP 	None: markerPos = 3.314814814814815
9.4652 	EXP 	None: markerPos = 3.3
9.4704 	EXP 	None: markerPos = 3.2777777777777777
9.4759 	EXP 	None: markerPos = 3.259259259259259
9.4816 	EXP 	None: markerPos = 3.248148148148148
9.4869 	EXP 	None: markerPos = 3.2333333333333334
9.4921 	EXP 	None: markerPos = 3.2222222222222223
9.4974 	EXP 	None: markerPos = 3.2037037037037037
9.5034 	EXP 	None: markerPos = 3.1925925925925926
9.5088 	EXP 	None: markerPos = 3.1703703703703705
9.5140 	EXP 	None: markerPos = 3.1555555555555554
9.5194 	EXP 	None: markerPos = 3.1333333333333333
9.5247 	EXP 	None: markerPos = 3.1
9.5299 	EXP 	None: markerPos = 3.077777777777778
9.5351 	EXP 	None: markerPos = 3.037037037037037
9.5406 	EXP 	None: markerPos = 2.992592592592593
9.5461 	EXP 	None: markerPos = 2.966666666666667
9.5516 	EXP 	None: markerPos = 2.9148148148148145
9.5569 	EXP 	None: markerPos = 2.8666666666666667
9.5622 	EXP 	None: markerPos = 2.811111111111111
9.5688 	EXP 	None: markerPos = 2.7777777777777777
9.5742 	EXP 	None: markerPos = 2.6925925925925926
9.5799 	EXP 	None: markerPos = 2.6555555555555554
9.5851 	EXP 	None: markerPos = 2.5925925925925926
9.5905 	EXP 	None: markerPos = 2.533333333333333
9.5956 	EXP 	None: markerPos = 2.4925925925925925
9.6010 	EXP 	None: markerPos = 2.4333333333333336
9.6063 	EXP 	None: markerPos = 2.3814814814814813
9.6114 	EXP 	None: markerPos = 2.3444444444444446
9.6167 	EXP 	None: markerPos = 2.303703703703704
9.6219 	EXP 	None: markerPos = 2.2777777777777777
9.6271 	EXP 	None: markerPos = 2.2444444444444445
9.6326 	EXP 	None: markerPos = 2.214814814814815
9.6378 	EXP 	None: markerPos = 2.2037037037037037
9.6431 	EXP 	None: markerPos = 2.188888888888889
9.6483 	EXP 	None: markerPos = 2.1814814814814816
9.6534 	EXP 	None: markerPos = 2.1814814814814816
9.6586 	EXP 	None: markerPos = 2.177777777777778
9.6640 	EXP 	None: markerPos = 2.177777777777778
9.6694 	EXP 	None: markerPos = 2.177777777777778
9.6746 	EXP 	None: markerPos = 2.177777777777778
9.6799 	EXP 	None: markerPos = 2.177777777777778
9.6851 	EXP 	None: markerPos = 2.177777777777778
9.6902 	EXP 	None: markerPos = 2.177777777777778
9.6953 	EXP 	None: markerPos = 2.177777777777778
9.7006 	EXP 	None: markerPos = 2.177777777777778
9.7058 	EXP 	None: markerPos = 2.177777777777778
9.7117 	EXP 	None: markerPos = 2.177777777777778
9.7172 	EXP 	None: markerPos = 2.177777777777778
9.7224 	EXP 	None: markerPos = 2.177777777777778
9.7276 	EXP 	None: markerPos = 2.177777777777778
9.7328 	EXP 	None: markerPos = 2.177777777777778
9.7379 	EXP 	None: markerPos = 2.177777777777778
9.7434 	EXP 	None: markerPos = 2.177777777777778
9.7487 	EXP 	None: markerPos = 2.177777777777778
9.7539 	EXP 	None: markerPos = 2.177777777777778
9.7593 	EXP 	None: markerPos = 2.177777777777778
9.7647 	EXP 	None: markerPos = 2.177777777777778
9.7701 	EXP 	None: markerPos = 2.177777777777778
9.7749 	DATA 	Mouse:  Left button up, pos=(738,543)
9.7755 	EXP 	None: markerPos = 2.177777777777778
9.7807 	EXP 	None: markerPos = 2.177777777777778
9.9379 	DATA 	Mouse: Left button down, pos=(576,542)
9.9450 	EXP 	None: markerPos = 1.5703703703703704
9.9507 	EXP 	None: markerPos = 1.5666666666666667
9.9558 	EXP 	None: markerPos = 1.5555555555555556
9.9611 	EXP 	None: markerPos = 1.5444444444444445
9.9663 	EXP 	None: markerPos = 1.5333333333333334
9.9720 	EXP 	None: markerPos = 1.525925925925926
9.9772 	EXP 	None: markerPos = 1.5148148148148148
9.9830 	EXP 	None: markerPos = 1.5037037037037038
9.9883 	EXP 	None: markerPos = 1.5
9.9948 	EXP 	None: markerPos = 1.4814814814814814
10.0006 	EXP 	None: markerPos = 1.4666666666666666
10.0062 	EXP 	None: markerPos = 1.4555555555555555
10.0115 	EXP 	None: markerPos = 1.4370370370370371
10.0170 	EXP 	None: markerPos = 1.4148148148148147
10.0221 	EXP 	None: markerPos = 1.4037037037037037
10.0276 	EXP 	None: markerPos = 1.3814814814814815
10.0328 	EXP 	None: markerPos = 1.3666666666666667
10.0380 	EXP 	None: markerPos = 1.337037037037037
10.0437 	EXP 	None: markerPos = 1.3222222222222222
10.0492 	EXP 	None: markerPos = 1.2925925925925925
10.0545 	EXP 	None: markerPos = 1.2703703703703704
10.0597 	EXP 	None: markerPos = 1.2555555555555555
10.0649 	EXP 	None: markerPos = 1.2333333333333334
10.0700 	EXP 	None: markerPos = 1.2148148148148148
10.0753 	EXP 	None: markerPos = 1.2
10.0805 	EXP 	None: markerPos = 1.1888888888888889
10.0856 	EXP 	None: markerPos = 1.1777777777777778
10.0909 	EXP 	None: markerPos = 1.1703703703703703
10.0961 	EXP 	None: markerPos = 1.1666666666666667
10.1012 	EXP 	None: markerPos = 1.1592592592592592
10.1065 	EXP 	None: markerPos = 1.1592592592592592
10.1117 	EXP 	None: markerPos = 1.1592592592592592
10.1168 	EXP 	None: markerPos = 1.1592592592592592
10.1219 	EXP 	None: markerPos = 1.1592592592592592
10.1271 	EXP 	None: markerPos = 1.1592592592592592
10.1323 	EXP 	None: markerPos = 1.1592592592592592
10.1379 	EXP 	None: markerPos = 1.1592592592592592
10.1428 	DATA 	Mouse:  Left button up, pos=(463,539)
10.1436 	EXP 	None: markerPos = 1.1592592592592592
10.1488 	EXP 	None: markerPos = 1.1592592592592592
10.2616 	DATA 	Mouse: Left button down, pos=(463,539)
10.2668 	EXP 	None: markerPos = 1.1592592592592592
10.2724 	EXP 	None: markerPos = 1.1592592592592592
10.2781 	EXP 	None: markerPos = 1.1592592592592592
10.2841 	EXP 	None: markerPos = 1.1592592592592592
10.2893 	EXP 	None: markerPos = 1.1592592592592592
10.2947 	EXP 	None: markerPos = 1.1592592592592592
10.3000 	EXP 	None: markerPos = 1.1592592592592592
10.3053 	EXP 	None: markerPos = 1.1703703703703703
10.3110 	EXP 	None: markerPos = 1.1814814814814816
10.3164 	EXP 	None: markerPos = 1.1962962962962962
10.3247 	EXP 	None: markerPos = 1.2074074074074075
10.3317 	EXP 	None: markerPos = 1.2407407407407407
10.3373 	EXP 	None: markerPos = 1.2814814814814814
10.3429 	EXP 	None: markerPos = 1.3185185185185184
10.3484 	EXP 	None: markerPos = 1.348148148148148
10.3559 	EXP 	None: markerPos = 1.3925925925925926
10.3618 	EXP 	None: markerPos = 1.4592592592592593
10.3673 	EXP 	None: markerPos = 1.4925925925925927
10.3727 	EXP 	None: markerPos = 1.5407407407407407
10.3783 	EXP 	None: markerPos = 1.614814814814815
10.3835 	EXP 	None: markerPos = 1.651851851851852
10.3890 	EXP 	None: markerPos = 1.7074074074074075
10.3947 	EXP 	None: markerPos = 1.762962962962963
10.4000 	EXP 	None: markerPos = 1.7962962962962963
10.4053 	EXP 	None: markerPos = 1.848148148148148
10.4107 	EXP 	None: markerPos = 1.8962962962962964
10.4160 	EXP 	None: markerPos = 1.9296296296296296
10.4216 	EXP 	None: markerPos = 1.974074074074074
10.4270 	EXP 	None: markerPos = 2.0185185185185186
10.4323 	EXP 	None: markerPos = 2.062962962962963
10.4377 	EXP 	None: markerPos = 2.0925925925925926
10.4429 	EXP 	None: markerPos = 2.1296296296296298
10.4493 	EXP 	None: markerPos = 2.1703703703703705
10.4546 	EXP 	None: markerPos = 2.1925925925925926
10.4600 	EXP 	None: markerPos = 2.2407407407407405
10.4653 	EXP 	None: markerPos = 2.2592592592592595
10.4710 	EXP 	None: markerPos = 2.2925925925925927
10.4762 	EXP 	None: markerPos = 2.325925925925926
10.4818 	EXP 	None: markerPos = 2.340740740740741
10.4873 	EXP 	None: markerPos = 2.3703703703703702
10.4927 	EXP 	None: markerPos = 2.3962962962962964
10.4978 	EXP 	None: markerPos = 2.425925925925926
10.5032 	EXP 	None: markerPos = 2.448148148148148
10.5084 	EXP 	None: markerPos = 2.474074074074074
10.5138 	EXP 	None: markerPos = 2.4925925925925925
10.5191 	EXP 	None: markerPos = 2.525925925925926
10.5247 	EXP 	None: markerPos = 2.551851851851852
10.5301 	EXP 	None: markerPos = 2.5851851851851855
10.5354 	EXP 	None: markerPos = 2.6037037037037036
10.5406 	EXP 	None: markerPos = 2.637037037037037
10.5461 	EXP 	None: markerPos = 2.6703703703703705
10.5662 	EXP 	None: markerPos = 2.6925925925925926
10.5715 	EXP 	None: markerPos = 2.803703703703704
10.5769 	EXP 	None: markerPos = 2.840740740740741
10.5853 	EXP 	None: markerPos = 2.862962962962963
10.5906 	EXP 	None: markerPos = 2.9185185185185185
10.5989 	EXP 	None: markerPos = 2.948148148148148
10.6044 	EXP 	None: markerPos = 3.0037037037037035
10.6128 	EXP 	None: markerPos = 3.037037037037037
10.6182 	EXP 	None: markerPos = 3.0703703703703704
10.6262 	EXP 	None: markerPos = 3.1148148148148147
10.6314 	EXP 	None: markerPos = 3.1592592592592594
10.6387 	EXP 	None: markerPos = 3.1814814814814816
10.6441 	EXP 	None: markerPos = 3.2185185185185183
10.6499 	EXP 	None: markerPos = 3.251851851851852
10.6553 	EXP 	None: markerPos = 3.274074074074074
10.6609 	EXP 	None: markerPos = 3.303703703703704
10.6672 	EXP 	None: markerPos = 3.325925925925926
10.6728 	EXP 	None: markerPos = 3.362962962962963
10.6780 	EXP 	None: markerPos = 3.3851851851851853
10.6836 	EXP 	None: markerPos = 3.414814814814815
10.6887 	EXP 	None: markerPos = 3.448148148148148
10.6942 	EXP 	None: markerPos = 3.4703703703703703
10.6994 	EXP 	None: markerPos = 3.4962962962962965
10.7047 	EXP 	None: markerPos = 3.537037037037037
10.7099 	EXP 	None: markerPos = 3.5592592592592593
10.7153 	EXP 	None: markerPos = 3.5925925925925926
10.7206 	EXP 	None: markerPos = 3.6259259259259258
10.7257 	EXP 	None: markerPos = 3.651851851851852
10.7309 	EXP 	None: markerPos = 3.6925925925925926
10.7361 	EXP 	None: markerPos = 3.725925925925926
10.7412 	EXP 	None: markerPos = 3.751851851851852
10.7462 	DATA 	Mouse:  Left button up, pos=(1180,520)
10.7466 	EXP 	None: markerPos = 3.785185185185185
10.7525 	EXP 	None: markerPos = 3.785185185185185
10.9564 	DATA 	Mouse: Left button down, pos=(1354,517)
10.9631 	EXP 	None: markerPos = 4.459259259259259
10.9684 	EXP 	None: markerPos = 4.462962962962963
10.9735 	EXP 	None: markerPos = 4.47037037037037
10.9790 	EXP 	None: markerPos = 4.47037037037037
10.9842 	EXP 	None: markerPos = 4.47037037037037
10.9895 	EXP 	None: markerPos = 4.474074074074074
10.9962 	EXP 	None: markerPos = 4.474074074074074
11.0017 	EXP 	None: markerPos = 4.481481481481481
11.0069 	EXP 	None: markerPos = 4.485185185185185
11.0127 	EXP 	None: markerPos = 4.492592592592593
11.0180 	EXP 	None: markerPos = 4.496296296296296
11.0235 	EXP 	None: markerPos = 4.503703703703704
11.0287 	EXP 	None: markerPos = 4.507407407407407
11.0343 	EXP 	None: markerPos = 4.518518518518519
11.0394 	EXP 	None: markerPos = 4.52962962962963
11.0450 	EXP 	None: markerPos = 4.537037037037037
11.0504 	EXP 	None: markerPos = 4.551851851851852
11.0559 	EXP 	None: markerPos = 4.57037037037037
11.0563 	DATA 	Mouse:  Left button up, pos=(1388,517)
11.0615 	EXP 	None: markerPos = 4.57037037037037
11.1837 	DATA 	Mouse: Left button down, pos=(1424,524)
11.1888 	EXP 	None: markerPos = 4.718518518518518
11.1942 	EXP 	None: markerPos = 4.718518518518518
11.1994 	EXP 	None: markerPos = 4.718518518518518
11.2048 	EXP 	None: markerPos = 4.718518518518518
11.2100 	EXP 	None: markerPos = 4.718518518518518
11.2152 	EXP 	None: markerPos = 4.718518518518518
11.2204 	EXP 	None: markerPos = 4.718518518518518
11.2256 	EXP 	None: markerPos = 4.718518518518518
11.2309 	EXP 	None: markerPos = 4.718518518518518
11.2361 	EXP 	None: markerPos = 4.718518518518518
11.2414 	EXP 	None: markerPos = 4.718518518518518
11.2466 	EXP 	None: markerPos = 4.718518518518518
11.2517 	EXP 	None: markerPos = 4.718518518518518
11.2569 	EXP 	None: markerPos = 4.718518518518518
11.2621 	EXP 	None: markerPos = 4.718518518518518
11.2672 	EXP 	None: markerPos = 4.718518518518518
11.2724 	EXP 	None: markerPos = 4.718518518518518
11.2778 	EXP 	None: markerPos = 4.718518518518518
11.2834 	EXP 	None: markerPos = 4.711111111111111
11.2838 	DATA 	Mouse:  Left button up, pos=(1419,524)
11.2888 	EXP 	None: markerPos = 4.711111111111111
11.4353 	DATA 	Mouse: Left button down, pos=(1191,527)
11.4412 	EXP 	None: markerPos = 3.8555555555555556
11.4463 	EXP 	None: markerPos = 3.8555555555555556
11.4515 	EXP 	None: markerPos = 3.8555555555555556
11.4567 	EXP 	None: markerPos = 3.8555555555555556
11.4631 	EXP 	None: markerPos = 3.8555555555555556
11.4690 	EXP 	None: markerPos = 3.8555555555555556
11.4742 	EXP 	None: markerPos = 3.8555555555555556
11.4794 	EXP 	None: markerPos = 3.8555555555555556
11.4846 	EXP 	None: markerPos = 3.848148148148148
11.4899 	EXP 	None: markerPos = 3.848148148148148
11.4958 	EXP 	None: markerPos = 3.8444444444444446
11.5015 	EXP 	None: markerPos = 3.8444444444444446
11.5069 	EXP 	None: markerPos = 3.837037037037037
11.5123 	EXP 	None: markerPos = 3.8333333333333335
11.5176 	EXP 	None: markerPos = 3.8333333333333335
11.5229 	EXP 	None: markerPos = 3.825925925925926
11.5284 	EXP 	None: markerPos = 3.825925925925926
11.5338 	EXP 	None: markerPos = 3.825925925925926
11.5390 	EXP 	None: markerPos = 3.825925925925926
11.5442 	EXP 	None: markerPos = 3.822222222222222
11.5496 	EXP 	None: markerPos = 3.814814814814815
11.5549 	EXP 	None: markerPos = 3.811111111111111
11.5599 	DATA 	Mouse:  Left button up, pos=(1174,527)
11.5605 	EXP 	None: markerPos = 3.8
11.5659 	EXP 	None: markerPos = 3.8
11.6925 	DATA 	Mouse: Left button down, pos=(1000,542)
11.6978 	EXP 	None: markerPos = 3.1444444444444444
11.7039 	EXP 	None: markerPos = 3.137037037037037
11.7091 	EXP 	None: markerPos = 3.1259259259259258
11.7150 	EXP 	None: markerPos = 3.1148148148148147
11.7203 	EXP 	None: markerPos = 3.111111111111111
11.7256 	EXP 	None: markerPos = 3.111111111111111
11.7307 	EXP 	None: markerPos = 3.1037037037037036
11.7359 	EXP 	None: markerPos = 3.1037037037037036
11.7410 	EXP 	None: markerPos = 3.1037037037037036
11.7461 	EXP 	None: markerPos = 3.1037037037037036
11.7514 	EXP 	None: markerPos = 3.1037037037037036
11.7579 	EXP 	None: markerPos = 3.1037037037037036
11.7634 	EXP 	None: markerPos = 3.1037037037037036
11.7696 	EXP 	None: markerPos = 3.1037037037037036
11.7749 	EXP 	None: markerPos = 3.1037037037037036
11.7807 	EXP 	None: markerPos = 3.1037037037037036
11.7865 	EXP 	None: markerPos = 3.1
11.7922 	EXP 	None: markerPos = 3.0925925925925926
11.7975 	EXP 	None: markerPos = 3.0814814814814815
11.8030 	EXP 	None: markerPos = 3.0592592592592593
11.8086 	EXP 	None: markerPos = 3.037037037037037
11.8141 	EXP 	None: markerPos = 3.022222222222222
11.8198 	EXP 	None: markerPos = 2.988888888888889
11.8249 	DATA 	Mouse:  Left button up, pos=(949,546)
11.8258 	EXP 	None: markerPos = 2.9592592592592593
11.8314 	EXP 	None: markerPos = 2.9592592592592593
11.9392 	DATA 	Mouse: Left button down, pos=(867,548)
11.9453 	EXP 	None: markerPos = 2.6555555555555554
11.9507 	EXP 	None: markerPos = 2.6555555555555554
11.9562 	EXP 	None: markerPos = 2.6555555555555554
11.9614 	EXP 	None: markerPos = 2.6555555555555554
11.9668 	EXP 	None: markerPos = 2.6555555555555554
11.9720 	EXP 	None: markerPos = 2.6555555555555554
11.9772 	EXP 	None: markerPos = 2.6555555555555554
11.9826 	EXP 	None: markerPos = 2.6555555555555554
11.9878 	EXP 	None: markerPos = 2.6555555555555554
11.9931 	EXP 	None: markerPos = 2.6555555555555554
11.9985 	EXP 	None: markerPos = 2.6555555555555554
12.0039 	EXP 	None: markerPos = 2.6555555555555554
12.0093 	EXP 	None: markerPos = 2.6555555555555554
12.0146 	EXP 	None: markerPos = 2.6555555555555554
12.0198 	EXP 	None: markerPos = 2.6555555555555554
12.0250 	EXP 	None: markerPos = 2.6555555555555554
12.0303 	EXP 	None: markerPos = 2.6555555555555554
12.0355 	EXP 	None: markerPos = 2.6555555555555554
12.0407 	EXP 	None: markerPos = 2.6555555555555554
12.0461 	EXP 	None: markerPos = 2.6555555555555554
12.0516 	EXP 	None: markerPos = 2.6555555555555554
12.0569 	EXP 	None: markerPos = 2.6555555555555554
12.0623 	EXP 	None: markerPos = 2.6555555555555554
12.0672 	DATA 	Mouse:  Left button up, pos=(867,548)
12.0677 	EXP 	None: markerPos = 2.6555555555555554
12.0731 	EXP 	None: markerPos = 2.6555555555555554
12.5293 	DATA 	Keypress: escape
13.1307 	EXP 	window1: mouseVisible = True
