3.4662 	WARNING 	User requested fullscreen with size [1024  768], but screen is actually [1920, 1080]. Using actual size
3.7793 	EXP 	Created window1 = Window(allowGUI=True, allowStencil=False, autoLog=True, backendConf=UNKNOWN, backgroundFit=<method-wrapper '__getattribute__' of attributeSetter object at 0x0000022E0CD4B2B0>, backgroundImage=<method-wrapper '__getattribute__' of attributeSetter object at 0x0000022E0CD4B250>, bitsMode=UNKNOWN, blendMode='avg', bpc=(8, 8, 8), color=array([0, 0, 0]), colorSpace='rgb', depthBits=8, fullscr=<method-wrapper '__getattribute__' of attributeSetter object at 0x0000022E0CD40FD0>, gamma=None, gammaErrorPolicy='raise', lms=UNKNOWN, monitor=<psychopy.monitors.calibTools.Monitor object at 0x0000022E0EC685E0>, multiSample=False, name='window1', numSamples=2, pos=(0, 0), screen=0, size=array([1920, 1080]), stencilBits=0, stereo=False, units='height', useFBO=True, useRetina=False, viewOri=0.0, viewPos=None, viewScale=None, waitBlanking=True, winType='pyglet')
3.7795 	EXP 	window1: mouseVisible = True
3.7795 	EXP 	window1: backgroundImage = ''
3.7795 	EXP 	window1: backgroundFit = 'none'
3.7796 	EXP 	window1: mouseVisible = False
3.7796 	EXP 	window1: Attempting to measure frame rate of screen (0) ...
3.7796 	EXP 	window1: recordFrameIntervals = False
3.8208 	EXP 	window1: recordFrameIntervals = True
3.8551 	WARNING 	t of last frame was 5.09ms (=1/196)
3.8667 	EXP 	Screen (0) actual frame rate measured at 240.40Hz
3.8668 	EXP 	window1: recordFrameIntervals = False
5.0907 	EXP 	window1: mouseVisible = True
5.2907 	EXP 	Created slider = Slider(__class__=<class 'psychopy.visual.slider.Slider'>, autoDraw=False, autoLog=True, borderColor=None, color=None, colorSpace='rgb', depth=0, fillColor=None, flip=False, font='Open Sans', granularity=0.0, labelColor=None, labelHeight=0.05, labelWrapWidth=None, labels=('a1', 'a2', 'a3', 'a4', 'a5'), lineColor=None, markerColor=None, name='slider', opacity=None, ori=0.0, pos=array([ 0. , -0.4]), readOnly=False, self=UNKNOWN, size=array([1. , 0.1]), startValue=None, style='rating', styleTweaks=[], ticks=array([1, 2, 3, 4, 5]), units='height', win=Window(...))
5.3071 	EXP 	slider: autoLog = True
5.3071 	EXP 	slider: markerPos = None
5.3071 	EXP 	slider: styleTweaks = []
5.3071 	EXP 	slider: styleTweaks = []
5.3071 	EXP 	slider: styleTweaks = []
5.3071 	EXP 	slider: styleTweaks = []
5.3071 	EXP 	slider: contrast = 1.0
5.3071 	EXP 	slider: autoLog = True
5.3071 	EXP 	slider: markerPos = None
5.3071 	EXP 	slider: markerPos = None
5.3071 	EXP 	slider: autoDraw = True
6.0429 	DATA 	Mouse: Left button down, pos=(818,101)
6.0515 	EXP 	slider: markerPos = 2.474074074074074
6.0593 	EXP 	slider: markerPos = 2.474074074074074
6.0669 	EXP 	slider: markerPos = 2.474074074074074
6.0746 	EXP 	slider: markerPos = 2.474074074074074
6.0826 	EXP 	slider: markerPos = 2.474074074074074
6.0902 	EXP 	slider: markerPos = 2.474074074074074
6.0978 	EXP 	slider: markerPos = 2.474074074074074
6.1056 	EXP 	slider: markerPos = 2.474074074074074
6.1132 	EXP 	slider: markerPos = 2.474074074074074
6.1211 	EXP 	slider: markerPos = 2.474074074074074
6.1289 	EXP 	slider: markerPos = 2.474074074074074
6.1368 	EXP 	slider: markerPos = 2.477777777777778
6.1447 	EXP 	slider: markerPos = 2.488888888888889
6.1525 	EXP 	slider: markerPos = 2.5
6.1603 	EXP 	slider: markerPos = 2.5185185185185186
6.1682 	EXP 	slider: markerPos = 2.5407407407407407
6.1761 	EXP 	slider: markerPos = 2.5666666666666664
6.1843 	EXP 	slider: markerPos = 2.5962962962962965
6.1922 	EXP 	slider: markerPos = 2.6333333333333333
6.2006 	EXP 	slider: markerPos = 2.666666666666667
6.2089 	EXP 	slider: markerPos = 2.7185185185185183
6.2169 	EXP 	slider: markerPos = 2.7518518518518515
6.2253 	EXP 	slider: markerPos = 2.785185185185185
6.2334 	EXP 	slider: markerPos = 2.8185185185185184
6.2415 	EXP 	slider: markerPos = 2.840740740740741
6.2493 	EXP 	slider: markerPos = 2.8555555555555556
6.2569 	EXP 	slider: markerPos = 2.8666666666666667
6.2647 	EXP 	slider: markerPos = 2.8666666666666667
6.2726 	EXP 	slider: markerPos = 2.8666666666666667
6.2803 	EXP 	slider: markerPos = 2.8666666666666667
6.2880 	EXP 	slider: markerPos = 2.8666666666666667
6.2956 	EXP 	slider: markerPos = 2.8666666666666667
6.3031 	EXP 	slider: markerPos = 2.8666666666666667
6.3109 	EXP 	slider: markerPos = 2.8666666666666667
6.3187 	EXP 	slider: markerPos = 2.8666666666666667
6.3263 	EXP 	slider: markerPos = 2.8666666666666667
6.3340 	EXP 	slider: markerPos = 2.8666666666666667
6.3415 	EXP 	slider: markerPos = 2.8666666666666667
6.3490 	EXP 	slider: markerPos = 2.8666666666666667
6.3568 	EXP 	slider: markerPos = 2.8666666666666667
6.3646 	EXP 	slider: markerPos = 2.8666666666666667
6.3722 	EXP 	slider: markerPos = 2.8666666666666667
6.3800 	EXP 	slider: markerPos = 2.8666666666666667
6.3877 	EXP 	slider: markerPos = 2.8666666666666667
6.3952 	EXP 	slider: markerPos = 2.8666666666666667
6.4033 	EXP 	slider: markerPos = 2.8740740740740742
6.4112 	EXP 	slider: markerPos = 2.8740740740740742
6.4190 	EXP 	slider: markerPos = 2.8777777777777778
6.4268 	EXP 	slider: markerPos = 2.8962962962962964
6.4349 	EXP 	slider: markerPos = 2.9111111111111114
6.4428 	EXP 	slider: markerPos = 2.962962962962963
6.4516 	EXP 	slider: markerPos = 3.0185185185185186
6.4600 	EXP 	slider: markerPos = 3.088888888888889
6.4683 	EXP 	slider: markerPos = 3.196296296296296
6.4767 	EXP 	slider: markerPos = 3.2962962962962963
6.4844 	EXP 	slider: markerPos = 3.3666666666666667
6.4922 	EXP 	slider: markerPos = 3.474074074074074
6.5001 	EXP 	slider: markerPos = 3.5666666666666664
6.5080 	EXP 	slider: markerPos = 3.6555555555555554
6.5158 	EXP 	slider: markerPos = 3.7407407407407405
6.5236 	EXP 	slider: markerPos = 3.8074074074074074
6.5320 	EXP 	slider: markerPos = 3.862962962962963
6.5402 	EXP 	slider: markerPos = 3.9074074074074074
6.5480 	EXP 	slider: markerPos = 3.9333333333333336
6.5561 	EXP 	slider: markerPos = 3.9518518518518517
6.5638 	EXP 	slider: markerPos = 3.9555555555555557
6.5715 	EXP 	slider: markerPos = 3.9555555555555557
6.5794 	EXP 	slider: markerPos = 3.9555555555555557
6.5871 	EXP 	slider: markerPos = 3.9555555555555557
6.5950 	EXP 	slider: markerPos = 3.9555555555555557
6.6029 	EXP 	slider: markerPos = 3.9555555555555557
6.6104 	EXP 	slider: markerPos = 3.9555555555555557
6.6181 	EXP 	slider: markerPos = 3.9555555555555557
6.6257 	EXP 	slider: markerPos = 3.9555555555555557
6.6333 	EXP 	slider: markerPos = 3.9555555555555557
6.6411 	EXP 	slider: markerPos = 3.9555555555555557
6.6489 	EXP 	slider: markerPos = 3.9555555555555557
6.6565 	EXP 	slider: markerPos = 3.9555555555555557
6.6642 	EXP 	slider: markerPos = 3.9555555555555557
6.6718 	EXP 	slider: markerPos = 3.9555555555555557
6.6794 	EXP 	slider: markerPos = 3.9555555555555557
6.6871 	EXP 	slider: markerPos = 3.9555555555555557
6.6949 	EXP 	slider: markerPos = 3.9555555555555557
6.7024 	EXP 	slider: markerPos = 3.9555555555555557
6.7100 	EXP 	slider: markerPos = 3.9555555555555557
6.7187 	EXP 	slider: markerPos = 3.9555555555555557
6.7273 	EXP 	slider: markerPos = 3.9518518518518517
6.7351 	EXP 	slider: markerPos = 3.9407407407407407
6.7435 	EXP 	slider: markerPos = 3.9296296296296296
6.7515 	EXP 	slider: markerPos = 3.914814814814815
6.7593 	EXP 	slider: markerPos = 3.8851851851851853
6.7670 	EXP 	slider: markerPos = 3.859259259259259
6.7747 	EXP 	slider: markerPos = 3.8185185185185184
6.7828 	EXP 	slider: markerPos = 3.774074074074074
6.7909 	EXP 	slider: markerPos = 3.737037037037037
6.7988 	EXP 	slider: markerPos = 3.696296296296296
6.8095 	EXP 	slider: markerPos = 3.659259259259259
6.8173 	EXP 	slider: markerPos = 3.6185185185185187
6.8250 	EXP 	slider: markerPos = 3.5962962962962965
6.8329 	EXP 	slider: markerPos = 3.5814814814814815
6.8407 	EXP 	slider: markerPos = 3.5703703703703704
6.8485 	EXP 	slider: markerPos = 3.5703703703703704
6.8561 	EXP 	slider: markerPos = 3.5703703703703704
6.8637 	EXP 	slider: markerPos = 3.5703703703703704
6.8722 	EXP 	slider: markerPos = 3.5703703703703704
6.8799 	EXP 	slider: markerPos = 3.5703703703703704
6.8874 	EXP 	slider: markerPos = 3.5703703703703704
6.8951 	EXP 	slider: markerPos = 3.5703703703703704
6.9028 	EXP 	slider: markerPos = 3.5703703703703704
6.9110 	EXP 	slider: markerPos = 3.5703703703703704
6.9188 	EXP 	slider: markerPos = 3.5703703703703704
6.9268 	EXP 	slider: markerPos = 3.5703703703703704
6.9350 	EXP 	slider: markerPos = 3.5703703703703704
6.9440 	EXP 	slider: markerPos = 3.5703703703703704
6.9523 	EXP 	slider: markerPos = 3.5703703703703704
6.9602 	EXP 	slider: markerPos = 3.5703703703703704
6.9683 	EXP 	slider: markerPos = 3.5703703703703704
6.9761 	EXP 	slider: markerPos = 3.5703703703703704
6.9843 	EXP 	slider: markerPos = 3.5703703703703704
6.9918 	EXP 	slider: markerPos = 3.5703703703703704
6.9993 	EXP 	slider: markerPos = 3.5703703703703704
7.0073 	EXP 	slider: markerPos = 3.5703703703703704
7.0147 	DATA 	Mouse:  Left button up, pos=(1114,87)
7.0151 	EXP 	slider: markerPos = 3.5703703703703704
7.0226 	EXP 	slider: markerPos = 3.5703703703703704
7.2656 	DATA 	Keypress: escape
7.5389 	EXP 	window1: mouseVisible = True
