4.3949 	WARNING 	User requested fullscreen with size [1024  768], but screen is actually [1920, 1080]. Using actual size
4.7007 	EXP 	Created window1 = Window(allowGUI=True, allowStencil=False, autoLog=True, backendConf=UNKNOWN, backgroundFit=<method-wrapper '__getattribute__' of attributeSetter object at 0x000001F27D9BA310>, backgroundImage=<method-wrapper '__getattribute__' of attributeSetter object at 0x000001F27D9BA2B0>, bitsMode=UNKNOWN, blendMode='avg', bpc=(8, 8, 8), color=array([0, 0, 0]), colorSpace='rgb', depthBits=8, fullscr=<method-wrapper '__getattribute__' of attributeSetter object at 0x000001F27D9BA040>, gamma=None, gammaErrorPolicy='raise', lms=UNKNOWN, monitor=<psychopy.monitors.calibTools.Monitor object at 0x000001F2002C8610>, multiSample=False, name='window1', numSamples=2, pos=(0, 0), screen=0, size=array([1920, 1080]), stencilBits=0, stereo=False, units='height', useFBO=True, useRetina=False, viewOri=0.0, viewPos=None, viewScale=None, waitBlanking=True, winType='pyglet')
4.7008 	EXP 	window1: mouseVisible = True
4.7008 	EXP 	window1: backgroundImage = ''
4.7008 	EXP 	window1: backgroundFit = 'none'
4.7009 	EXP 	window1: mouseVisible = False
4.7009 	EXP 	window1: Attempting to measure frame rate of screen (0) ...
4.7009 	EXP 	window1: recordFrameIntervals = False
4.7421 	EXP 	window1: recordFrameIntervals = True
4.7883 	EXP 	Screen (0) actual frame rate measured at 239.19Hz
4.7883 	EXP 	window1: recordFrameIntervals = False
6.0147 	EXP 	window1: mouseVisible = True
6.1376 	EXP 	Created slider = Slider(__class__=<class 'psychopy.visual.slider.Slider'>, autoDraw=False, autoLog=True, borderColor=None, color=None, colorSpace='rgb', depth=0, fillColor=None, flip=False, font='Open Sans', granularity=0.0, labelColor=None, labelHeight=0.05, labelWrapWidth=None, labels=('a1', 'a2', 'a3', 'a4', 'a5'), lineColor=None, markerColor=None, name='slider', opacity=None, ori=0.0, pos=array([0., 0.]), readOnly=False, self=UNKNOWN, size=array([1. , 0.1]), startValue=None, style='rating', styleTweaks=[], ticks=array([1, 2, 3, 4, 5]), units='height', win=Window(...))
6.1542 	EXP 	slider: autoLog = True
6.1542 	EXP 	slider: markerPos = None
6.1542 	EXP 	slider: styleTweaks = []
6.1542 	EXP 	slider: styleTweaks = []
6.1542 	EXP 	slider: styleTweaks = []
6.1542 	EXP 	slider: styleTweaks = []
6.1542 	EXP 	slider: contrast = 1.0
6.1542 	EXP 	slider: autoLog = True
6.1542 	EXP 	slider: markerPos = None
6.1542 	EXP 	slider: markerPos = None
6.1542 	EXP 	slider: autoDraw = True
7.2927 	DATA 	Mouse: Left button down, pos=(430,421)
7.4241 	DATA 	Mouse:  Left button up, pos=(430,421)
7.6251 	DATA 	Mouse: Left button down, pos=(431,555)
7.6338 	EXP 	slider: markerPos = 1.0407407407407407
7.6429 	EXP 	slider: markerPos = 1.0407407407407407
7.6522 	EXP 	slider: markerPos = 1.0407407407407407
7.6616 	EXP 	slider: markerPos = 1.0407407407407407
7.6705 	EXP 	slider: markerPos = 1.0407407407407407
7.6795 	EXP 	slider: markerPos = 1.0407407407407407
7.6884 	EXP 	slider: markerPos = 1.0407407407407407
7.6987 	EXP 	slider: markerPos = 1.0407407407407407
7.7083 	EXP 	slider: markerPos = 1.0555555555555556
7.7178 	EXP 	slider: markerPos = 1.0851851851851853
7.7270 	EXP 	slider: markerPos = 1.1222222222222222
7.7362 	EXP 	slider: markerPos = 1.162962962962963
7.7456 	EXP 	slider: markerPos = 1.2222222222222223
7.7549 	EXP 	slider: markerPos = 1.288888888888889
7.7637 	EXP 	slider: markerPos = 1.3518518518518519
7.7728 	EXP 	slider: markerPos = 1.4333333333333333
7.7816 	EXP 	slider: markerPos = 1.511111111111111
7.7909 	EXP 	slider: markerPos = 1.6111111111111112
7.8000 	EXP 	slider: markerPos = 1.7
7.8089 	EXP 	slider: markerPos = 1.8
7.8179 	EXP 	slider: markerPos = 1.9222222222222223
7.8269 	EXP 	slider: markerPos = 2.051851851851852
7.8358 	EXP 	slider: markerPos = 2.1555555555555554
7.8448 	EXP 	slider: markerPos = 2.285185185185185
7.8537 	EXP 	slider: markerPos = 2.3851851851851853
7.8627 	EXP 	slider: markerPos = 2.5
7.8719 	EXP 	slider: markerPos = 2.588888888888889
7.8809 	EXP 	slider: markerPos = 2.685185185185185
7.8904 	EXP 	slider: markerPos = 2.762962962962963
7.8994 	EXP 	slider: markerPos = 2.851851851851852
7.9084 	EXP 	slider: markerPos = 2.9296296296296296
7.9178 	EXP 	slider: markerPos = 2.985185185185185
7.9270 	EXP 	slider: markerPos = 3.0444444444444443
7.9367 	EXP 	slider: markerPos = 3.088888888888889
7.9457 	EXP 	slider: markerPos = 3.1074074074074076
7.9548 	EXP 	slider: markerPos = 3.111111111111111
7.9635 	EXP 	slider: markerPos = 3.111111111111111
7.9725 	EXP 	slider: markerPos = 3.111111111111111
7.9819 	EXP 	slider: markerPos = 3.111111111111111
7.9909 	EXP 	slider: markerPos = 3.111111111111111
7.9997 	EXP 	slider: markerPos = 3.111111111111111
8.0085 	EXP 	slider: markerPos = 3.111111111111111
8.0178 	EXP 	slider: markerPos = 3.111111111111111
8.0269 	EXP 	slider: markerPos = 3.111111111111111
8.0362 	EXP 	slider: markerPos = 3.111111111111111
8.0452 	EXP 	slider: markerPos = 3.111111111111111
8.0540 	EXP 	slider: markerPos = 3.111111111111111
8.0628 	EXP 	slider: markerPos = 3.111111111111111
8.0718 	EXP 	slider: markerPos = 3.111111111111111
8.0808 	EXP 	slider: markerPos = 3.111111111111111
8.0908 	EXP 	slider: markerPos = 3.111111111111111
8.0991 	DATA 	Mouse:  Left button up, pos=(990,545)
8.0997 	EXP 	slider: markerPos = 3.111111111111111
8.1084 	EXP 	slider: markerPos = 3.111111111111111
8.3678 	DATA 	Mouse: Left button down, pos=(1199,533)
8.3792 	EXP 	slider: markerPos = 3.888888888888889
8.3896 	EXP 	slider: markerPos = 3.9
8.3985 	EXP 	slider: markerPos = 3.911111111111111
8.4080 	EXP 	slider: markerPos = 3.9222222222222225
8.4174 	EXP 	slider: markerPos = 3.9407407407407407
8.4270 	EXP 	slider: markerPos = 3.9555555555555557
8.4361 	EXP 	slider: markerPos = 3.977777777777778
8.4451 	EXP 	slider: markerPos = 4.011111111111111
8.4540 	EXP 	slider: markerPos = 4.044444444444444
8.4636 	EXP 	slider: markerPos = 4.0777777777777775
8.4727 	EXP 	slider: markerPos = 4.111111111111111
8.4815 	EXP 	slider: markerPos = 4.140740740740741
8.4905 	EXP 	slider: markerPos = 4.155555555555555
8.4993 	EXP 	slider: markerPos = 4.174074074074074
8.5082 	EXP 	slider: markerPos = 4.185185185185185
8.5165 	DATA 	Mouse:  Left button up, pos=(1280,535)
8.5174 	EXP 	slider: markerPos = 4.185185185185185
8.5261 	EXP 	slider: markerPos = 4.185185185185185
8.9885 	DATA 	Keypress: escape
9.4902 	EXP 	window1: mouseVisible = True
