3.0855 	WARNING 	User requested fullscreen with size [1024  768], but screen is actually [1920, 1080]. Using actual size
3.3785 	EXP 	Created window1 = Window(allowGUI=True, allowStencil=False, autoLog=True, backendConf=UNKNOWN, backgroundFit=<method-wrapper '__getattribute__' of attributeSetter object at 0x0000018312982520>, backgroundImage=<method-wrapper '__getattribute__' of attributeSetter object at 0x0000018312982FD0>, bitsMode=UNKNOWN, blendMode='avg', bpc=(8, 8, 8), color=array([0, 0, 0]), colorSpace='rgb', depthBits=8, fullscr=<method-wrapper '__getattribute__' of attributeSetter object at 0x0000018312982CD0>, gamma=None, gammaErrorPolicy='raise', lms=UNKNOWN, monitor=<psychopy.monitors.calibTools.Monitor object at 0x00000183148A7310>, multiSample=False, name='window1', numSamples=2, pos=(0, 0), screen=0, size=array([1920, 1080]), stencilBits=0, stereo=False, units='height', useFBO=True, useRetina=False, viewOri=0.0, viewPos=None, viewScale=None, waitBlanking=True, winType='pyglet')
3.3786 	EXP 	window1: mouseVisible = True
3.3786 	EXP 	window1: backgroundImage = ''
3.3786 	EXP 	window1: backgroundFit = 'none'
3.3786 	EXP 	window1: mouseVisible = False
3.3786 	EXP 	window1: Attempting to measure frame rate of screen (0) ...
3.3786 	EXP 	window1: recordFrameIntervals = False
3.4199 	EXP 	window1: recordFrameIntervals = True
3.4463 	WARNING 	t of last frame was 5.53ms (=1/180)
3.4672 	EXP 	Screen (0) actual frame rate measured at 232.34Hz
3.4672 	EXP 	window1: recordFrameIntervals = False
4.6916 	EXP 	window1: mouseVisible = True
4.8109 	EXP 	Created slider = Slider(__class__=<class 'psychopy.visual.slider.Slider'>, autoDraw=False, autoLog=True, borderColor=None, color=None, colorSpace='rgb', depth=0, fillColor=None, flip=False, font='Open Sans', granularity=0.0, labelColor=None, labelHeight=0.05, labelWrapWidth=None, labels=('a1', 'a2', 'a3', 'a4', 'a5'), lineColor=None, markerColor=None, name='slider', opacity=None, ori=0.0, pos=array([0., 0.]), readOnly=False, self=UNKNOWN, size=array([1. , 0.1]), startValue=None, style='rating', styleTweaks=[], ticks=array([1, 2, 3, 4, 5]), units='height', win=Window(...))
4.8365 	EXP 	Created image = ImageStim(__class__=<class 'psychopy.visual.image.ImageStim'>, anchor=('center', 'center'), autoLog=True, color=array([1., 1., 1.]), colorSpace='rgb', contrast=1.0, depth=-2.0, flipHoriz=False, flipVert=False, image='Mario.png', interpolate=True, mask=None, maskParams=None, name='image', opacity=1.0, ori=0.0, pos=array([0., 0.]), size=array([0.2, 0.2]), texRes=128.0, units='height', win=Window(...))
4.8445 	EXP 	window1: mouseVisible = True
4.9783 	WARNING 	Font b'Helvetica Bold' was requested. No similar font found.
5.2707 	WARNING 	Font b'Helvetica Bold' was requested. No similar font found.
5.4121 	WARNING 	Font b'Helvetica Bold' was requested. No similar font found.
5.5786 	WARNING 	Font b'Helvetica Bold' was requested. No similar font found.
5.7966 	EXP 	Created None = Slider(__class__=<class 'psychopy.visual.slider.Slider'>, autoDraw=False, autoLog=True, borderColor=None, color=None, colorSpace='rgb', depth=0, fillColor=None, flip=False, font='Helvetica Bold', granularity=0, labelColor=None, labelHeight=0.05, labelWrapWidth=None, labels=tuple(...), lineColor=None, markerColor=None, name=None, opacity=None, ori=0, pos=array([0., 0.]), readOnly=False, self=UNKNOWN, size=array([1. , 0.1]), startValue=None, style='rating', styleTweaks=[], ticks=array([1, 2, 3, 4, 5]), units='height', win=Window(...))
5.8112 	EXP 	slider: autoLog = True
5.8112 	EXP 	slider: markerPos = None
5.8112 	EXP 	slider: styleTweaks = []
5.8112 	EXP 	slider: styleTweaks = []
5.8112 	EXP 	slider: styleTweaks = []
5.8112 	EXP 	slider: styleTweaks = []
5.8112 	EXP 	slider: contrast = 1.0
5.8112 	EXP 	slider: autoLog = True
5.8112 	EXP 	slider: markerPos = None
5.8112 	EXP 	slider: markerPos = None
5.8112 	EXP 	None: autoLog = True
5.8112 	EXP 	None: markerPos = None
5.8112 	EXP 	None: styleTweaks = []
5.8112 	EXP 	None: styleTweaks = []
5.8112 	EXP 	None: styleTweaks = []
5.8112 	EXP 	None: styleTweaks = []
5.8112 	EXP 	None: contrast = 1.0
5.8112 	EXP 	None: autoLog = True
5.8112 	EXP 	None: autoDraw = True
5.8112 	EXP 	image: autoDraw = True
5.9795 	DATA 	Mouse: Left button down, pos=(913,408)
6.0162 	DATA 	Mouse:  Left button up, pos=(913,408)
8.9020 	DATA 	Mouse: Left button down, pos=(363,281)
9.2571 	DATA 	Mouse:  Left button up, pos=(574,195)
11.3075 	DATA 	Keypress: escape
11.6519 	EXP 	window1: mouseVisible = True
